
          -------------------------------------------------------
          Amber 18 PMEMD                              2018
          -------------------------------------------------------

| PMEMD implementation of SANDER, Release 18

| Run on 07/20/2020 at 15:02:54

|   Executable path: /opt/software/Amber/18-foss-2018b-AmberTools-19/bin/pmemd.cuda
| Working directory: /mnt/gs18/scratch/users/songlin3/run/ti_en/tip3p_gas/step1/0.11505
|          Hostname: lac-139

  [-O]verwriting output

File Assignments:
|   MDIN: heat.in                                                               
|  MDOUT: heat.out                                                              
| INPCRD: min.rst                                                               
|   PARM: en_step1_final.prmtop                                                 
| RESTRT: heat.rst                                                              
|   REFC: min.rst                                                               
|  MDVEL: mdvel                                                                 
|   MDEN: mden                                                                  
|  MDCRD: heat.netcdf                                                           
| MDINFO: heat.mdinfo                                                           
|  MDFRC: mdfrc                                                                 


 Here is the input file:

nvt for free MD                                                                
 &cntrl                                                                        
  imin=0,                                                                      
  irest=0,                                                                     
  ntx=1,                                                                       
  ig=-1,                                                                       
  nstlim=100000,                                                               
  dt=0.002,                                                                    
  cut=10.0,                                                                    
  ntc=2,                                                                       
  ntf=2,                                                                       
  ntb=1,                                                                       
  ntt=3,                                                                       
  gamma_ln=2.0,                                                                
  tempi=0.0,                                                                   
  temp0=300.0,                                                                 
  ntpr=5000,                                                                   
  ntwr=5000,                                                                   
  ntwx=10000,                                                                  
  ntwv=0,                                                                      
  ioutfm=1,                                                                    
  iwrap=0,                                                                     
  nmropt=1,                                                                    
  ifsc = 0, icfe=1,                                                            
  clambda=0.11505,                                                             
  timask1=':1',                                                                
  timask2=':2', crgmask = ':2',                                                
/                                                                              
&wt TYPE='TEMP0', istep1=0, istep2=90000, value1=0.0, value2=300.0 /           
&wt TYPE='TEMP0', istep1=90001, istep2=100000, value1=300.0, value2=300.0 /    
&wt TYPE='DUMPFREQ', istep1=10000, /                                           
&wt TYPE='END', /                                                              


Note: ig = -1. Setting random seed to   506150 based on wallclock time in 
      microseconds.
| irandom = 1, using AMBER's internal random number generator (default).
 
|--------------------- INFORMATION ----------------------
| GPU (CUDA) Version of PMEMD in use: NVIDIA GPU IN USE.
|                    Version 18.0.0
| 
|                      03/25/2018
| 
| Implementation by:
|                    Ross C. Walker     (SDSC)
|                    Scott Le Grand     (nVIDIA)
| 
| Version 18 performance extensions by:
|                    David Cerutti     (Rutgers)
| 
| Precision model in use:
|      [SPFP] - Single Precision Forces, 64-bit Fixed Point
|               Accumulation. (Default)
| 
|--------------------------------------------------------
 
|----------------- CITATION INFORMATION -----------------
|
|    When publishing work that utilized the CUDA version
|    of AMBER, please cite the following in addition to
|    the regular AMBER citations:
|
|  - Romelia Salomon-Ferrer; Andreas W. Goetz; Duncan
|    Poole; Scott Le Grand; Ross C. Walker "Routine
|    microsecond molecular dynamics simulations with
|    AMBER - Part II: Particle Mesh Ewald", J. Chem.
|    Theory Comput., 2013, 9 (9), pp3878-3888,
|    DOI: 10.1021/ct400314y.
|
|  - Andreas W. Goetz; Mark J. Williamson; Dong Xu;
|    Duncan Poole; Scott Le Grand; Ross C. Walker
|    "Routine microsecond molecular dynamics simulations
|    with AMBER - Part I: Generalized Born", J. Chem.
|    Theory Comput., 2012, 8 (5), pp1542-1555.
|
|  - Scott Le Grand; Andreas W. Goetz; Ross C. Walker
|    "SPFP: Speed without compromise - a mixed precision
|    model for GPU accelerated molecular dynamics
|    simulations.", Comp. Phys. Comm., 2013, 184
|    pp374-380, DOI: 10.1016/j.cpc.2012.09.022
|
|    When publishing work that utilized the CUDA version
|    of TI, BAR, MBAR or FEP please cite the following 
|    three publications in addition to the regular AMBER 
|    GPU citations:
|
|  - Daniel J. Mermelstein; Charles Lin; Gard Nelson; 
|    Rachael Kretsch; J. Andrew McCammon; Ross C. Walker
|    "Fast and Flexible GPU Accelerated Binding 
|    Free Energy Calculations within the AMBER Molecular
|    Dynamics Package" J. Comp. Chem., 2018,
|    DOI: 10.1002/jcc.25187
|
|  - Tai-Sung Lee; Yuan Hu; Brad Sherborne; Zhuyan Guo;
|    Darrin M. York
|    "Toward Fast and Accurate Binding Affinity Prediction with
|    pmemdGTI: An Efficient Implementation of GPU-Accelerated
|    Thermodynamic Integration"
|    J. Chem. Theory Comput., 2017, 13 (7), 3077
|
|
|--------------------------------------------------------
 
|------------------- GPU DEVICE INFO --------------------
|
|            CUDA_VISIBLE_DEVICES: 0
|   CUDA Capable Devices Detected:      1
|           CUDA Device ID in use:      0
|                CUDA Device Name: Tesla K80
|     CUDA Device Global Mem Size:  11441 MB
| CUDA Device Num Multiprocessors:     13
|           CUDA Device Core Freq:   0.82 GHz
|
|--------------------------------------------------------
 
 
| Conditional Compilation Defines Used:
| PUBFFT
| BINTRAJ
| CUDA
| EMIL

| Largest sphere to fit in unit cell has radius =    27.375

| New format PARM file being parsed.
| Version =    1.000 Date = 07/20/20 Time = 14:54:09

| Note: 1-4 EEL scale factors are being read from the topology file.

| Note: 1-4 VDW scale factors are being read from the topology file.
| Duplicated    0 dihedrals

| Duplicated    0 dihedrals

--------------------------------------------------------------------------------
   1.  RESOURCE   USE: 
--------------------------------------------------------------------------------

 getting box info from netcdf restart file
 NATOM  =      24 NTYPES =       6 NBONH =      16 MBONA  =       6
 NTHETH =      32 MTHETA =       4 NPHIH =      40 MPHIA  =       2
 NHPARM =       0 NPARM  =       0 NNB   =     102 NRES   =       2
 NBONA  =       6 NTHETA =       4 NPHIA =       2 NUMBND =       4
 NUMANG =       6 NPTRA  =       2 NATYP =       6 NPHB   =       1
 IFBOX  =       2 NMXRS  =      12 IFCAP =       0 NEXTRA =       0
 NCOPY  =       0

| Coordinate Index Table dimensions:    10   10   10
| Direct force subcell size =     6.7054    6.7054    6.7054

     BOX TYPE: TRUNCATED OCTAHEDRON

--------------------------------------------------------------------------------
   2.  CONTROL  DATA  FOR  THE  RUN
--------------------------------------------------------------------------------

default_name                                                                    

General flags:
     imin    =       0, nmropt  =       1

Nature and format of input:
     ntx     =       1, irest   =       0, ntrx    =       1

Nature and format of output:
     ntxo    =       2, ntpr    =    5000, ntrx    =       1, ntwr    =    5000
     iwrap   =       0, ntwx    =   10000, ntwv    =       0, ntwe    =       0
     ioutfm  =       1, ntwprt  =       0, idecomp =       0, rbornstat=      0

Potential function:
     ntf     =       2, ntb     =       1, igb     =       0, nsnb    =      25
     ipol    =       0, gbsa    =       0, iesp    =       0
     dielc   =   1.00000, cut     =  10.00000, intdiel =   1.00000

Frozen or restrained atoms:
     ibelly  =       0, ntr     =       0

Molecular dynamics:
     nstlim  =    100000, nscm    =      1000, nrespa  =         1
     t       =   0.00000, dt      =   0.00200, vlimit  =  -1.00000

Langevin dynamics temperature regulation:
     ig      =  506150
     temp0   = 300.00000, tempi   =   0.00000, gamma_ln=   2.00000

SHAKE:
     ntc     =       2, jfastw  =       0
     tol     =   0.00001

NMR refinement options:
     iscale  =       0, noeskp  =       1, ipnlty  =       1, mxsub   =       1
     scalm   = 100.00000, pencut  =   0.10000, tausw   =   0.10000

Free energy options:
     icfe    =       1, ifsc    =       0, klambda =       1
     clambda =  0.1150, scalpha =  0.5000, scbeta  = 12.0000
     sceeorder =       2
     dynlmb =  0.0000 logdvdl =       0

| Intermolecular bonds treatment:
|     no_intermolecular_bonds =       1

| Energy averages sample interval:
|     ene_avg_sampling =    5000

Ewald parameters:
     verbose =       0, ew_type =       0, nbflag  =       1, use_pme =       1
     vdwmeth =       1, eedmeth =       1, netfrc  =       1
     Box X =   67.054   Box Y =   67.054   Box Z =   67.054
     Alpha =  109.471   Beta  =  109.471   Gamma =  109.471
     NFFT1 =   64       NFFT2 =   64       NFFT3 =   64
     Cutoff=   10.000   Tol   =0.100E-04
     Ewald Coefficient =  0.27511
     Interpolation order =    4
     TI Mask 1 :1; matches     12 atoms
     TI Mask 2 :2; matches     12 atoms
     TI region 1:      12 atoms
     TI region 2:      12 atoms
Removing charge of      -0.6664 from atom      13
Removing charge of      -0.6664 from atom      14
Removing charge of      -0.0664 from atom      15
Removing charge of      -0.0664 from atom      16
Removing charge of       0.2792 from atom      17
Removing charge of       0.2802 from atom      18
Removing charge of       0.2802 from atom      19
Removing charge of       0.2792 from atom      20
Removing charge of       0.0898 from atom      21
Removing charge of       0.0837 from atom      22
Removing charge of       0.0898 from atom      23
Removing charge of       0.0837 from atom      24
Total charge of  -0.00000000 removed from      12 atoms
     Checking for mismatched coordinates.

--------------------------------------------------------------------------------
   3.  ATOMIC COORDINATES AND VELOCITIES
--------------------------------------------------------------------------------

default_name                                                                    
 begin time read from input coords =     0.000 ps



           Begin reading energy term weight changes/NMR restraints
 WEIGHT CHANGES:
 TEMP0         0  90000    0.000000  300.000000      0      0
 TEMP0     90001 100000  300.000000  300.000000      0      0
 DUMPFREQ  10000      0    0.000000    0.000000      0      0

 RESTRAINTS:
                          ** No restraint defined **

                  Done reading weight changes/NMR restraints


 
 Number of triangulated 3-point waters found:        0

     Sum of charges for TI region  1 =  -0.00000000
     Forcing neutrality...


     Sum of charges for TI region  2 =   0.00000000
     Forcing neutrality...

| Dynamic Memory, Types Used:
| Reals              144505
| Integers             2423

| Nonbonded Pairs Initial Allocation:        7259

| GPU memory information (estimate):
| KB of GPU memory in use:         0
| KB of CPU memory in use:         0

--------------------------------------------------------------------------------
   4.  RESULTS
--------------------------------------------------------------------------------


| TI region  1


 NSTEP =        0   TIME(PS) =       0.000  TEMP(K) =     0.00  PRESS =     0.0
 Etot   =        12.3236  EKtot   =         0.0000  EPtot      =        12.3236
 BOND   =         0.0193  ANGLE   =         0.1122  DIHED      =         0.3411
 1-4 NB =         0.3800  1-4 EEL =        35.7907  VDWAALS    =        -0.0873
 EELEC  =       -24.2324  EHBOND  =         0.0000  RESTRAINT  =         0.0000
 DV/DL  =       -13.0609
 ------------------------------------------------------------------------------


| TI region  2


 NSTEP =        0   TIME(PS) =       0.000  TEMP(K) =     0.00  PRESS =     0.0
 Etot   =        12.3236  EKtot   =         0.0000  EPtot      =        12.3236
 BOND   =         0.0193  ANGLE   =         0.1122  DIHED      =         0.3411
 1-4 NB =         0.3800  1-4 EEL =        35.7907  VDWAALS    =        -0.0873
 EELEC  =       -24.2324  EHBOND  =         0.0000  RESTRAINT  =         0.0000
 DV/DL  =       -13.0609
 ------------------------------------------------------------------------------

 NMR restraints: Bond =    0.000   Angle =     0.000   Torsion =     0.000
===============================================================================

| TI region  1


 NSTEP =     5000   TIME(PS) =      10.000  TEMP(K) =     9.11  PRESS =     0.0
 Etot   =        12.9745  EKtot   =         0.2536  EPtot      =        12.7210
 BOND   =         0.0299  ANGLE   =         0.5137  DIHED      =         0.4173
 1-4 NB =         0.3004  1-4 EEL =        35.3331  VDWAALS    =        -0.0822
 EELEC  =       -23.7912  EHBOND  =         0.0000  RESTRAINT  =         0.0000
 DV/DL  =       -13.0424
 ------------------------------------------------------------------------------


| TI region  2


 NSTEP =     5000   TIME(PS) =      10.000  TEMP(K) =     9.11  PRESS =     0.0
 Etot   =        12.9745  EKtot   =         0.2536  EPtot      =        12.7210
 BOND   =         0.0299  ANGLE   =         0.5137  DIHED      =         0.4173
 1-4 NB =         0.3004  1-4 EEL =        35.3331  VDWAALS    =        -0.0822
 EELEC  =       -23.7912  EHBOND  =         0.0000  RESTRAINT  =         0.0000
 DV/DL  =       -13.0424
 ------------------------------------------------------------------------------

 NMR restraints: Bond =    0.000   Angle =     0.000   Torsion =     0.000
===============================================================================

| TI region  1


 NSTEP =    10000   TIME(PS) =      20.000  TEMP(K) =    46.86  PRESS =     0.0
 Etot   =        14.0084  EKtot   =         1.3036  EPtot      =        12.7048
 BOND   =         0.0243  ANGLE   =         0.3699  DIHED      =         0.3360
 1-4 NB =         0.5029  1-4 EEL =        36.0800  VDWAALS    =        -0.0896
 EELEC  =       -24.5187  EHBOND  =         0.0000  RESTRAINT  =         0.0000
 DV/DL  =       -13.0643
 ------------------------------------------------------------------------------


| TI region  2


 NSTEP =    10000   TIME(PS) =      20.000  TEMP(K) =    46.86  PRESS =     0.0
 Etot   =        14.0084  EKtot   =         1.3036  EPtot      =        12.7048
 BOND   =         0.0243  ANGLE   =         0.3699  DIHED      =         0.3360
 1-4 NB =         0.5029  1-4 EEL =        36.0800  VDWAALS    =        -0.0896
 EELEC  =       -24.5187  EHBOND  =         0.0000  RESTRAINT  =         0.0000
 DV/DL  =       -13.0643
 ------------------------------------------------------------------------------

 NMR restraints: Bond =    0.000   Angle =     0.000   Torsion =     0.000
===============================================================================

| TI region  1


 NSTEP =    15000   TIME(PS) =      30.000  TEMP(K) =    25.56  PRESS =     0.0
 Etot   =        13.9550  EKtot   =         0.7112  EPtot      =        13.2438
 BOND   =         0.1112  ANGLE   =         0.6386  DIHED      =         0.3035
 1-4 NB =         0.3983  1-4 EEL =        35.7201  VDWAALS    =        -0.0836
 EELEC  =       -23.8444  EHBOND  =         0.0000  RESTRAINT  =         0.0000
 DV/DL  =       -13.4197
 ------------------------------------------------------------------------------


| TI region  2


 NSTEP =    15000   TIME(PS) =      30.000  TEMP(K) =    25.56  PRESS =     0.0
 Etot   =        13.9550  EKtot   =         0.7112  EPtot      =        13.2438
 BOND   =         0.1112  ANGLE   =         0.6386  DIHED      =         0.3035
 1-4 NB =         0.3983  1-4 EEL =        35.7201  VDWAALS    =        -0.0836
 EELEC  =       -23.8444  EHBOND  =         0.0000  RESTRAINT  =         0.0000
 DV/DL  =       -13.4197
 ------------------------------------------------------------------------------

 NMR restraints: Bond =    0.000   Angle =     0.000   Torsion =     0.000
===============================================================================

| TI region  1


 NSTEP =    20000   TIME(PS) =      40.000  TEMP(K) =    86.14  PRESS =     0.0
 Etot   =        16.9867  EKtot   =         2.3964  EPtot      =        14.5903
 BOND   =         0.2561  ANGLE   =         2.2034  DIHED      =         0.3763
 1-4 NB =         0.2721  1-4 EEL =        34.7889  VDWAALS    =        -0.0835
 EELEC  =       -23.2230  EHBOND  =         0.0000  RESTRAINT  =         0.0000
 DV/DL  =       -13.0696
 ------------------------------------------------------------------------------


| TI region  2


 NSTEP =    20000   TIME(PS) =      40.000  TEMP(K) =    86.14  PRESS =     0.0
 Etot   =        16.9867  EKtot   =         2.3964  EPtot      =        14.5903
 BOND   =         0.2561  ANGLE   =         2.2034  DIHED      =         0.3763
 1-4 NB =         0.2721  1-4 EEL =        34.7889  VDWAALS    =        -0.0835
 EELEC  =       -23.2230  EHBOND  =         0.0000  RESTRAINT  =         0.0000
 DV/DL  =       -13.0696
 ------------------------------------------------------------------------------

 NMR restraints: Bond =    0.000   Angle =     0.000   Torsion =     0.000
===============================================================================

| TI region  1


 NSTEP =    25000   TIME(PS) =      50.000  TEMP(K) =    72.63  PRESS =     0.0
 Etot   =        15.0267  EKtot   =         2.0207  EPtot      =        13.0059
 BOND   =         0.0610  ANGLE   =         0.4347  DIHED      =         0.4920
 1-4 NB =         0.4173  1-4 EEL =        36.4019  VDWAALS    =        -0.0920
 EELEC  =       -24.7090  EHBOND  =         0.0000  RESTRAINT  =         0.0000
 DV/DL  =       -13.2131
 ------------------------------------------------------------------------------


| TI region  2


 NSTEP =    25000   TIME(PS) =      50.000  TEMP(K) =    72.63  PRESS =     0.0
 Etot   =        15.0267  EKtot   =         2.0207  EPtot      =        13.0059
 BOND   =         0.0610  ANGLE   =         0.4347  DIHED      =         0.4920
 1-4 NB =         0.4173  1-4 EEL =        36.4019  VDWAALS    =        -0.0920
 EELEC  =       -24.7090  EHBOND  =         0.0000  RESTRAINT  =         0.0000
 DV/DL  =       -13.2131
 ------------------------------------------------------------------------------

 NMR restraints: Bond =    0.000   Angle =     0.000   Torsion =     0.000
===============================================================================

| TI region  1


 NSTEP =    30000   TIME(PS) =      60.000  TEMP(K) =    81.60  PRESS =     0.0
 Etot   =        17.5492  EKtot   =         2.2703  EPtot      =        15.2790
 BOND   =         0.2637  ANGLE   =         3.1063  DIHED      =         0.2055
 1-4 NB =         0.3400  1-4 EEL =        36.0955  VDWAALS    =        -0.0927
 EELEC  =       -24.6393  EHBOND  =         0.0000  RESTRAINT  =         0.0000
 DV/DL  =       -12.9455
 ------------------------------------------------------------------------------


| TI region  2


 NSTEP =    30000   TIME(PS) =      60.000  TEMP(K) =    81.60  PRESS =     0.0
 Etot   =        17.5492  EKtot   =         2.2703  EPtot      =        15.2790
 BOND   =         0.2637  ANGLE   =         3.1063  DIHED      =         0.2055
 1-4 NB =         0.3400  1-4 EEL =        36.0955  VDWAALS    =        -0.0927
 EELEC  =       -24.6393  EHBOND  =         0.0000  RESTRAINT  =         0.0000
 DV/DL  =       -12.9455
 ------------------------------------------------------------------------------

 NMR restraints: Bond =    0.000   Angle =     0.000   Torsion =     0.000
===============================================================================

| TI region  1


 NSTEP =    35000   TIME(PS) =      70.000  TEMP(K) =   108.14  PRESS =     0.0
 Etot   =        17.4906  EKtot   =         3.0084  EPtot      =        14.4822
 BOND   =         0.3505  ANGLE   =         2.5153  DIHED      =         0.3530
 1-4 NB =         0.4617  1-4 EEL =        34.9080  VDWAALS    =        -0.0901
 EELEC  =       -24.0163  EHBOND  =         0.0000  RESTRAINT  =         0.0000
 DV/DL  =       -12.3077
 ------------------------------------------------------------------------------


| TI region  2


 NSTEP =    35000   TIME(PS) =      70.000  TEMP(K) =   108.14  PRESS =     0.0
 Etot   =        17.4906  EKtot   =         3.0084  EPtot      =        14.4822
 BOND   =         0.3505  ANGLE   =         2.5153  DIHED      =         0.3530
 1-4 NB =         0.4617  1-4 EEL =        34.9080  VDWAALS    =        -0.0901
 EELEC  =       -24.0163  EHBOND  =         0.0000  RESTRAINT  =         0.0000
 DV/DL  =       -12.3077
 ------------------------------------------------------------------------------

 NMR restraints: Bond =    0.000   Angle =     0.000   Torsion =     0.000
===============================================================================

| TI region  1


 NSTEP =    40000   TIME(PS) =      80.000  TEMP(K) =   132.58  PRESS =     0.0
 Etot   =        17.7400  EKtot   =         3.6886  EPtot      =        14.0515
 BOND   =         0.4222  ANGLE   =         1.3954  DIHED      =         0.7501
 1-4 NB =         0.2002  1-4 EEL =        34.3823  VDWAALS    =        -0.0794
 EELEC  =       -23.0193  EHBOND  =         0.0000  RESTRAINT  =         0.0000
 DV/DL  =       -12.8403
 ------------------------------------------------------------------------------


| TI region  2


 NSTEP =    40000   TIME(PS) =      80.000  TEMP(K) =   132.58  PRESS =     0.0
 Etot   =        17.7400  EKtot   =         3.6886  EPtot      =        14.0515
 BOND   =         0.4222  ANGLE   =         1.3954  DIHED      =         0.7501
 1-4 NB =         0.2002  1-4 EEL =        34.3823  VDWAALS    =        -0.0794
 EELEC  =       -23.0193  EHBOND  =         0.0000  RESTRAINT  =         0.0000
 DV/DL  =       -12.8403
 ------------------------------------------------------------------------------

 NMR restraints: Bond =    0.000   Angle =     0.000   Torsion =     0.000
===============================================================================

| TI region  1


 NSTEP =    45000   TIME(PS) =      90.000  TEMP(K) =   140.97  PRESS =     0.0
 Etot   =        19.1853  EKtot   =         3.9220  EPtot      =        15.2633
 BOND   =         0.3197  ANGLE   =         1.8110  DIHED      =         0.7334
 1-4 NB =         0.5948  1-4 EEL =        35.5591  VDWAALS    =        -0.0895
 EELEC  =       -23.6651  EHBOND  =         0.0000  RESTRAINT  =         0.0000
 DV/DL  =       -13.4403
 ------------------------------------------------------------------------------


| TI region  2


 NSTEP =    45000   TIME(PS) =      90.000  TEMP(K) =   140.97  PRESS =     0.0
 Etot   =        19.1853  EKtot   =         3.9220  EPtot      =        15.2633
 BOND   =         0.3197  ANGLE   =         1.8110  DIHED      =         0.7334
 1-4 NB =         0.5948  1-4 EEL =        35.5591  VDWAALS    =        -0.0895
 EELEC  =       -23.6651  EHBOND  =         0.0000  RESTRAINT  =         0.0000
 DV/DL  =       -13.4403
 ------------------------------------------------------------------------------

 NMR restraints: Bond =    0.000   Angle =     0.000   Torsion =     0.000
===============================================================================

| TI region  1


 NSTEP =    50000   TIME(PS) =     100.000  TEMP(K) =   153.98  PRESS =     0.0
 Etot   =        21.1372  EKtot   =         4.2839  EPtot      =        16.8533
 BOND   =         0.3951  ANGLE   =         3.9348  DIHED      =         0.8428
 1-4 NB =         0.8450  1-4 EEL =        35.8365  VDWAALS    =        -0.1059
 EELEC  =       -24.8950  EHBOND  =         0.0000  RESTRAINT  =         0.0000
 DV/DL  =       -12.3639
 ------------------------------------------------------------------------------


| TI region  2


 NSTEP =    50000   TIME(PS) =     100.000  TEMP(K) =   153.98  PRESS =     0.0
 Etot   =        21.1372  EKtot   =         4.2839  EPtot      =        16.8533
 BOND   =         0.3951  ANGLE   =         3.9348  DIHED      =         0.8428
 1-4 NB =         0.8450  1-4 EEL =        35.8365  VDWAALS    =        -0.1059
 EELEC  =       -24.8950  EHBOND  =         0.0000  RESTRAINT  =         0.0000
 DV/DL  =       -12.3639
 ------------------------------------------------------------------------------

 NMR restraints: Bond =    0.000   Angle =     0.000   Torsion =     0.000
===============================================================================

| TI region  1


 NSTEP =    55000   TIME(PS) =     110.000  TEMP(K) =   103.09  PRESS =     0.0
 Etot   =        19.0018  EKtot   =         2.8681  EPtot      =        16.1336
 BOND   =         0.8827  ANGLE   =         2.5162  DIHED      =         0.9907
 1-4 NB =         0.2625  1-4 EEL =        33.2554  VDWAALS    =        -0.0624
 EELEC  =       -21.7115  EHBOND  =         0.0000  RESTRAINT  =         0.0000
 DV/DL  =       -13.0447
 ------------------------------------------------------------------------------


| TI region  2


 NSTEP =    55000   TIME(PS) =     110.000  TEMP(K) =   103.09  PRESS =     0.0
 Etot   =        19.0018  EKtot   =         2.8681  EPtot      =        16.1336
 BOND   =         0.8827  ANGLE   =         2.5162  DIHED      =         0.9907
 1-4 NB =         0.2625  1-4 EEL =        33.2554  VDWAALS    =        -0.0624
 EELEC  =       -21.7115  EHBOND  =         0.0000  RESTRAINT  =         0.0000
 DV/DL  =       -13.0447
 ------------------------------------------------------------------------------

 NMR restraints: Bond =    0.000   Angle =     0.000   Torsion =     0.000
===============================================================================

| TI region  1


 NSTEP =    60000   TIME(PS) =     120.000  TEMP(K) =   127.83  PRESS =     0.0
 Etot   =        20.5890  EKtot   =         3.5562  EPtot      =        17.0328
 BOND   =         0.5274  ANGLE   =         3.4972  DIHED      =         1.2157
 1-4 NB =         0.9081  1-4 EEL =        36.8742  VDWAALS    =        -0.0899
 EELEC  =       -25.8999  EHBOND  =         0.0000  RESTRAINT  =         0.0000
 DV/DL  =       -12.4010
 ------------------------------------------------------------------------------


| TI region  2


 NSTEP =    60000   TIME(PS) =     120.000  TEMP(K) =   127.83  PRESS =     0.0
 Etot   =        20.5890  EKtot   =         3.5562  EPtot      =        17.0328
 BOND   =         0.5274  ANGLE   =         3.4972  DIHED      =         1.2157
 1-4 NB =         0.9081  1-4 EEL =        36.8742  VDWAALS    =        -0.0899
 EELEC  =       -25.8999  EHBOND  =         0.0000  RESTRAINT  =         0.0000
 DV/DL  =       -12.4010
 ------------------------------------------------------------------------------

 NMR restraints: Bond =    0.000   Angle =     0.000   Torsion =     0.000
===============================================================================

| TI region  1


 NSTEP =    65000   TIME(PS) =     130.000  TEMP(K) =   213.44  PRESS =     0.0
 Etot   =        21.1522  EKtot   =         5.9381  EPtot      =        15.2141
 BOND   =         0.5208  ANGLE   =         2.5767  DIHED      =         0.5906
 1-4 NB =         0.4732  1-4 EEL =        35.9976  VDWAALS    =        -0.0998
 EELEC  =       -24.8450  EHBOND  =         0.0000  RESTRAINT  =         0.0000
 DV/DL  =       -12.6025
 ------------------------------------------------------------------------------


| TI region  2


 NSTEP =    65000   TIME(PS) =     130.000  TEMP(K) =   213.44  PRESS =     0.0
 Etot   =        21.1522  EKtot   =         5.9381  EPtot      =        15.2141
 BOND   =         0.5208  ANGLE   =         2.5767  DIHED      =         0.5906
 1-4 NB =         0.4732  1-4 EEL =        35.9976  VDWAALS    =        -0.0998
 EELEC  =       -24.8450  EHBOND  =         0.0000  RESTRAINT  =         0.0000
 DV/DL  =       -12.6025
 ------------------------------------------------------------------------------

 NMR restraints: Bond =    0.000   Angle =     0.000   Torsion =     0.000
===============================================================================

| TI region  1


 NSTEP =    70000   TIME(PS) =     140.000  TEMP(K) =   262.96  PRESS =     0.0
 Etot   =        27.6109  EKtot   =         7.3157  EPtot      =        20.2952
 BOND   =         0.9234  ANGLE   =         4.9899  DIHED      =         2.6687
 1-4 NB =         0.6298  1-4 EEL =        33.2872  VDWAALS    =        -0.0792
 EELEC  =       -22.1245  EHBOND  =         0.0000  RESTRAINT  =         0.0000
 DV/DL  =       -12.6139
 ------------------------------------------------------------------------------


| TI region  2


 NSTEP =    70000   TIME(PS) =     140.000  TEMP(K) =   262.96  PRESS =     0.0
 Etot   =        27.6109  EKtot   =         7.3157  EPtot      =        20.2952
 BOND   =         0.9234  ANGLE   =         4.9899  DIHED      =         2.6687
 1-4 NB =         0.6298  1-4 EEL =        33.2872  VDWAALS    =        -0.0792
 EELEC  =       -22.1245  EHBOND  =         0.0000  RESTRAINT  =         0.0000
 DV/DL  =       -12.6139
 ------------------------------------------------------------------------------

 NMR restraints: Bond =    0.000   Angle =     0.000   Torsion =     0.000
===============================================================================

| TI region  1


 NSTEP =    75000   TIME(PS) =     150.000  TEMP(K) =   164.54  PRESS =     0.0
 Etot   =        24.0754  EKtot   =         4.5777  EPtot      =        19.4977
 BOND   =         1.6870  ANGLE   =         5.6850  DIHED      =         0.9637
 1-4 NB =         0.2681  1-4 EEL =        33.3848  VDWAALS    =        -0.1107
 EELEC  =       -22.3802  EHBOND  =         0.0000  RESTRAINT  =         0.0000
 DV/DL  =       -12.4352
 ------------------------------------------------------------------------------


| TI region  2


 NSTEP =    75000   TIME(PS) =     150.000  TEMP(K) =   164.54  PRESS =     0.0
 Etot   =        24.0754  EKtot   =         4.5777  EPtot      =        19.4977
 BOND   =         1.6870  ANGLE   =         5.6850  DIHED      =         0.9637
 1-4 NB =         0.2681  1-4 EEL =        33.3848  VDWAALS    =        -0.1107
 EELEC  =       -22.3802  EHBOND  =         0.0000  RESTRAINT  =         0.0000
 DV/DL  =       -12.4352
 ------------------------------------------------------------------------------

 NMR restraints: Bond =    0.000   Angle =     0.000   Torsion =     0.000
===============================================================================

| TI region  1


 NSTEP =    80000   TIME(PS) =     160.000  TEMP(K) =   273.59  PRESS =     0.0
 Etot   =        24.3285  EKtot   =         7.6114  EPtot      =        16.7170
 BOND   =         0.3029  ANGLE   =         4.0362  DIHED      =         1.1150
 1-4 NB =         0.3217  1-4 EEL =        34.0979  VDWAALS    =        -0.0887
 EELEC  =       -23.0679  EHBOND  =         0.0000  RESTRAINT  =         0.0000
 DV/DL  =       -12.4640
 ------------------------------------------------------------------------------


| TI region  2


 NSTEP =    80000   TIME(PS) =     160.000  TEMP(K) =   273.59  PRESS =     0.0
 Etot   =        24.3285  EKtot   =         7.6114  EPtot      =        16.7170
 BOND   =         0.3029  ANGLE   =         4.0362  DIHED      =         1.1150
 1-4 NB =         0.3217  1-4 EEL =        34.0979  VDWAALS    =        -0.0887
 EELEC  =       -23.0679  EHBOND  =         0.0000  RESTRAINT  =         0.0000
 DV/DL  =       -12.4640
 ------------------------------------------------------------------------------

 NMR restraints: Bond =    0.000   Angle =     0.000   Torsion =     0.000
===============================================================================

| TI region  1


 NSTEP =    85000   TIME(PS) =     170.000  TEMP(K) =   296.94  PRESS =     0.0
 Etot   =        28.7008  EKtot   =         8.2611  EPtot      =        20.4396
 BOND   =         0.8821  ANGLE   =         4.9595  DIHED      =         1.8566
 1-4 NB =         0.4641  1-4 EEL =        26.3528  VDWAALS    =        -0.0372
 EELEC  =       -14.0382  EHBOND  =         0.0000  RESTRAINT  =         0.0000
 DV/DL  =       -13.9156
 ------------------------------------------------------------------------------


| TI region  2


 NSTEP =    85000   TIME(PS) =     170.000  TEMP(K) =   296.94  PRESS =     0.0
 Etot   =        28.7008  EKtot   =         8.2611  EPtot      =        20.4396
 BOND   =         0.8821  ANGLE   =         4.9595  DIHED      =         1.8566
 1-4 NB =         0.4641  1-4 EEL =        26.3528  VDWAALS    =        -0.0372
 EELEC  =       -14.0382  EHBOND  =         0.0000  RESTRAINT  =         0.0000
 DV/DL  =       -13.9156
 ------------------------------------------------------------------------------

 NMR restraints: Bond =    0.000   Angle =     0.000   Torsion =     0.000
===============================================================================

| TI region  1


 NSTEP =    90000   TIME(PS) =     180.000  TEMP(K) =   337.07  PRESS =     0.0
 Etot   =        30.7825  EKtot   =         9.3775  EPtot      =        21.4050
 BOND   =         4.8131  ANGLE   =         4.3551  DIHED      =         1.1165
 1-4 NB =         0.1541  1-4 EEL =        31.5184  VDWAALS    =        -0.0701
 EELEC  =       -20.4821  EHBOND  =         0.0000  RESTRAINT  =         0.0000
 DV/DL  =       -12.4711
 ------------------------------------------------------------------------------


| TI region  2


 NSTEP =    90000   TIME(PS) =     180.000  TEMP(K) =   337.07  PRESS =     0.0
 Etot   =        30.7825  EKtot   =         9.3775  EPtot      =        21.4050
 BOND   =         4.8131  ANGLE   =         4.3551  DIHED      =         1.1165
 1-4 NB =         0.1541  1-4 EEL =        31.5184  VDWAALS    =        -0.0701
 EELEC  =       -20.4821  EHBOND  =         0.0000  RESTRAINT  =         0.0000
 DV/DL  =       -12.4711
 ------------------------------------------------------------------------------

 NMR restraints: Bond =    0.000   Angle =     0.000   Torsion =     0.000
===============================================================================

| TI region  1


 NSTEP =    95000   TIME(PS) =     190.000  TEMP(K) =   383.99  PRESS =     0.0
 Etot   =        30.1571  EKtot   =        10.6829  EPtot      =        19.4742
 BOND   =         0.4221  ANGLE   =         6.3037  DIHED      =         1.0811
 1-4 NB =         1.0981  1-4 EEL =        37.3264  VDWAALS    =        -0.1138
 EELEC  =       -26.6434  EHBOND  =         0.0000  RESTRAINT  =         0.0000
 DV/DL  =       -12.0719
 ------------------------------------------------------------------------------


| TI region  2


 NSTEP =    95000   TIME(PS) =     190.000  TEMP(K) =   383.99  PRESS =     0.0
 Etot   =        30.1571  EKtot   =        10.6829  EPtot      =        19.4742
 BOND   =         0.4221  ANGLE   =         6.3037  DIHED      =         1.0811
 1-4 NB =         1.0981  1-4 EEL =        37.3264  VDWAALS    =        -0.1138
 EELEC  =       -26.6434  EHBOND  =         0.0000  RESTRAINT  =         0.0000
 DV/DL  =       -12.0719
 ------------------------------------------------------------------------------

 NMR restraints: Bond =    0.000   Angle =     0.000   Torsion =     0.000
===============================================================================

| TI region  1


 NSTEP =   100000   TIME(PS) =     200.000  TEMP(K) =   259.96  PRESS =     0.0
 Etot   =        27.6513  EKtot   =         7.2322  EPtot      =        20.4191
 BOND   =         0.9914  ANGLE   =         5.9756  DIHED      =         2.3400
 1-4 NB =         0.4120  1-4 EEL =        32.8415  VDWAALS    =        -0.0794
 EELEC  =       -22.0620  EHBOND  =         0.0000  RESTRAINT  =         0.0000
 DV/DL  =       -12.1808
 ------------------------------------------------------------------------------


| TI region  2


 NSTEP =   100000   TIME(PS) =     200.000  TEMP(K) =   259.96  PRESS =     0.0
 Etot   =        27.6513  EKtot   =         7.2322  EPtot      =        20.4191
 BOND   =         0.9914  ANGLE   =         5.9756  DIHED      =         2.3400
 1-4 NB =         0.4120  1-4 EEL =        32.8415  VDWAALS    =        -0.0794
 EELEC  =       -22.0620  EHBOND  =         0.0000  RESTRAINT  =         0.0000
 DV/DL  =       -12.1808
 ------------------------------------------------------------------------------

 NMR restraints: Bond =    0.000   Angle =     0.000   Torsion =     0.000
===============================================================================

| TI region  1


      A V E R A G E S   O V E R      20 S T E P S


 NSTEP =   100000   TIME(PS) =     200.000  TEMP(K) =   164.05  PRESS =     0.0
 Etot   =        21.0052  EKtot   =         4.5640  EPtot      =        16.4412
 BOND   =         0.7093  ANGLE   =         3.0909  DIHED      =         0.9374
 1-4 NB =         0.4662  1-4 EEL =        34.5021  VDWAALS    =        -0.0860
 EELEC  =       -23.1788  EHBOND  =         0.0000  RESTRAINT  =         0.0000
 DV/DL  =       -12.7954
 ------------------------------------------------------------------------------

 NMR restraints: Bond =    0.000   Angle =     0.000   Torsion =     0.000
===============================================================================

      R M S  F L U C T U A T I O N S


 NSTEP =   100000   TIME(PS) =     200.000  TEMP(K) =   104.24  PRESS =     0.0
 Etot   =         5.4972  EKtot   =         2.9000  EPtot      =         2.8069
 BOND   =         1.0216  ANGLE   =         1.8599  DIHED      =         0.6559
 1-4 NB =         0.2391  1-4 EEL =         2.3699  VDWAALS    =         0.0165
 EELEC  =         2.5413  EHBOND  =         0.0000  RESTRAINT  =         0.0000
 DV/DL  =         0.4704
 ------------------------------------------------------------------------------


| TI region  2


      A V E R A G E S   O V E R      20 S T E P S


 NSTEP =   100000   TIME(PS) =     200.000  TEMP(K) =   164.05  PRESS =     0.0
 Etot   =        21.0052  EKtot   =         4.5640  EPtot      =        16.4412
 BOND   =         0.7093  ANGLE   =         3.0909  DIHED      =         0.9374
 1-4 NB =         0.4662  1-4 EEL =        34.5021  VDWAALS    =        -0.0860
 EELEC  =       -23.1788  EHBOND  =         0.0000  RESTRAINT  =         0.0000
 DV/DL  =       -12.7954
 ------------------------------------------------------------------------------

 NMR restraints: Bond =    0.000   Angle =     0.000   Torsion =     0.000
===============================================================================

      R M S  F L U C T U A T I O N S


 NSTEP =   100000   TIME(PS) =     200.000  TEMP(K) =   104.24  PRESS =     0.0
 Etot   =         5.4972  EKtot   =         2.9000  EPtot      =         2.8069
 BOND   =         1.0216  ANGLE   =         1.8599  DIHED      =         0.6559
 1-4 NB =         0.2391  1-4 EEL =         2.3699  VDWAALS    =         0.0165
 EELEC  =         2.5413  EHBOND  =         0.0000  RESTRAINT  =         0.0000
 DV/DL  =         0.4704
 ------------------------------------------------------------------------------


      DV/DL, AVERAGES OVER      20 STEPS


 NSTEP =   100000   TIME(PS) =     200.000  TEMP(K) =   104.24  PRESS =     0.0
 Etot   =         0.0000  EKtot   =         0.0000  EPtot      =       -12.7954
 BOND   =         0.0000  ANGLE   =         0.0000  DIHED      =         0.0000
 1-4 NB =         0.0000  1-4 EEL =       -38.9876  VDWAALS    =         0.0000
 EELEC  =        26.1922  EHBOND  =         0.0000  RESTRAINT  =         0.0000
 DV/DL  =       -12.7954
 ------------------------------------------------------------------------------


 NMR restraints on final step:

--------------------------------------------------------------------------------
   5.  TIMINGS
--------------------------------------------------------------------------------

|  NonSetup CPU Time in Major Routines:
|
|     Routine           Sec        %
|     ------------------------------
|     Nonbond          25.02   35.80
|     Bond              0.00    0.00
|     Angle             0.00    0.00
|     Dihedral          0.00    0.00
|     Shake             0.72    1.03
|     RunMD            43.90   62.81
|     Other             0.26    0.37
|     ------------------------------
|     Total            69.90

|  PME Nonbond Pairlist CPU Time:
|
|     Routine              Sec        %
|     ---------------------------------
|     Set Up Cit           0.00    0.00
|     Build List           0.00    0.00
|     ---------------------------------
|     Total                0.00    0.00

|  PME Direct Force CPU Time:
|
|     Routine              Sec        %
|     ---------------------------------
|     NonBonded Calc       0.00    0.00
|     Exclude Masked       0.00    0.00
|     Other                0.18    0.26
|     ---------------------------------
|     Total                0.18    0.26

|  PME Reciprocal Force CPU Time:
|
|     Routine              Sec        %
|     ---------------------------------
|     1D bspline           0.00    0.00
|     Grid Charges         0.00    0.00
|     Scalar Sum           0.00    0.00
|     Gradient Sum         0.00    0.00
|     FFT                  0.00    0.00
|     ---------------------------------
|     Total                0.00    0.00

|  Final Performance Info:
|     -----------------------------------------------------
|     Average timings for last   15000 steps:
|     Elapsed(s) =      10.50 Per Step(ms) =       0.70
|         ns/day =     246.78   seconds/ns =     350.11
|
|     Average timings for all steps:
|     Elapsed(s) =      70.64 Per Step(ms) =       0.71
|         ns/day =     244.64   seconds/ns =     353.18
|     -----------------------------------------------------

|  Setup CPU time:            0.42 seconds
|  NonSetup CPU time:        69.90 seconds
|  Total CPU time:           70.32 seconds     0.02 hours

|  Setup wall time:           0    seconds
|  NonSetup wall time:       71    seconds
|  Total wall time:          71    seconds     0.02 hours
