
          -------------------------------------------------------
          Amber 18 PMEMD                              2018
          -------------------------------------------------------

| PMEMD implementation of SANDER, Release 18

| Run on 09/18/2020 at 18:02:02

|   Executable path: /opt/software/Amber/18-foss-2018b-AmberTools-19/bin/pmemd.cuda
| Working directory: /mnt/gs18/scratch/users/songlin3/run/ti_en/one_step_tip3p_ethylenediame/ethylenediame_to_nothing/0.20634
|          Hostname: lac-140

  [-O]verwriting output

File Assignments:
|   MDIN: heat.in                                                               
|  MDOUT: heat.out                                                              
| INPCRD: min.rst                                                               
|   PARM: en_step2_final.prmtop                                                 
| RESTRT: heat.rst                                                              
|   REFC: min.rst                                                               
|  MDVEL: mdvel                                                                 
|   MDEN: mden                                                                  
|  MDCRD: heat.netcdf                                                           
| MDINFO: heat.mdinfo                                                           
|  MDFRC: mdfrc                                                                 


 Here is the input file:

nvt for free MD                                                                
 &cntrl                                                                        
  imin=0,                                                                      
  irest=0,                                                                     
  ntx=1,                                                                       
  ig=-1,                                                                       
  nstlim=200000,                                                               
  dt=0.001,                                                                    
  cut=10.0,                                                                    
  ntc=1,                                                                       
  ntf=1,                                                                       
  ntb=1,                                                                       
  ntt=3,                                                                       
  gamma_ln=2.0,                                                                
  tempi=0.0,                                                                   
  temp0=300.0,                                                                 
  ntpr=5000,                                                                   
  ntwr=5000,                                                                   
  ntwx=10000,                                                                  
  ntwv=0,                                                                      
  ioutfm=1,                                                                    
  iwrap=0,                                                                     
  nmropt=1,                                                                    
  ifsc = 1, icfe=1,                                                            
  clambda=0.20634,                                                             
  timask1=':1', scmask1=':1', scmask2='',                                      
  timask2='',                                                                  
/                                                                              
&wt TYPE='TEMP0', istep1=0, istep2=190000, value1=0.0, value2=300.0 /          
&wt TYPE='TEMP0', istep1=190001, istep2=200000, value1=300.0, value2=300.0 /   
&wt TYPE='DUMPFREQ', istep1=10000, /                                           
&wt TYPE='END', /                                                              


Note: ig = -1. Setting random seed to    23747 based on wallclock time in 
      microseconds.
| irandom = 1, using AMBER's internal random number generator (default).
 
|--------------------- INFORMATION ----------------------
| GPU (CUDA) Version of PMEMD in use: NVIDIA GPU IN USE.
|                    Version 18.0.0
| 
|                      03/25/2018
| 
| Implementation by:
|                    Ross C. Walker     (SDSC)
|                    Scott Le Grand     (nVIDIA)
| 
| Version 18 performance extensions by:
|                    David Cerutti     (Rutgers)
| 
| Precision model in use:
|      [SPFP] - Single Precision Forces, 64-bit Fixed Point
|               Accumulation. (Default)
| 
|--------------------------------------------------------
 
|----------------- CITATION INFORMATION -----------------
|
|    When publishing work that utilized the CUDA version
|    of AMBER, please cite the following in addition to
|    the regular AMBER citations:
|
|  - Romelia Salomon-Ferrer; Andreas W. Goetz; Duncan
|    Poole; Scott Le Grand; Ross C. Walker "Routine
|    microsecond molecular dynamics simulations with
|    AMBER - Part II: Particle Mesh Ewald", J. Chem.
|    Theory Comput., 2013, 9 (9), pp3878-3888,
|    DOI: 10.1021/ct400314y.
|
|  - Andreas W. Goetz; Mark J. Williamson; Dong Xu;
|    Duncan Poole; Scott Le Grand; Ross C. Walker
|    "Routine microsecond molecular dynamics simulations
|    with AMBER - Part I: Generalized Born", J. Chem.
|    Theory Comput., 2012, 8 (5), pp1542-1555.
|
|  - Scott Le Grand; Andreas W. Goetz; Ross C. Walker
|    "SPFP: Speed without compromise - a mixed precision
|    model for GPU accelerated molecular dynamics
|    simulations.", Comp. Phys. Comm., 2013, 184
|    pp374-380, DOI: 10.1016/j.cpc.2012.09.022
|
|    When publishing work that utilized the CUDA version
|    of TI, BAR, MBAR or FEP please cite the following 
|    three publications in addition to the regular AMBER 
|    GPU citations:
|
|  - Daniel J. Mermelstein; Charles Lin; Gard Nelson; 
|    Rachael Kretsch; J. Andrew McCammon; Ross C. Walker
|    "Fast and Flexible GPU Accelerated Binding 
|    Free Energy Calculations within the AMBER Molecular
|    Dynamics Package" J. Comp. Chem., 2018,
|    DOI: 10.1002/jcc.25187
|
|  - Tai-Sung Lee; Yuan Hu; Brad Sherborne; Zhuyan Guo;
|    Darrin M. York
|    "Toward Fast and Accurate Binding Affinity Prediction with
|    pmemdGTI: An Efficient Implementation of GPU-Accelerated
|    Thermodynamic Integration"
|    J. Chem. Theory Comput., 2017, 13 (7), 3077
|
|
|--------------------------------------------------------
 
|------------------- GPU DEVICE INFO --------------------
|
|            CUDA_VISIBLE_DEVICES: 0
|   CUDA Capable Devices Detected:      1
|           CUDA Device ID in use:      0
|                CUDA Device Name: Tesla K80
|     CUDA Device Global Mem Size:  11441 MB
| CUDA Device Num Multiprocessors:     13
|           CUDA Device Core Freq:   0.82 GHz
|
|--------------------------------------------------------
 
 
| Conditional Compilation Defines Used:
| PUBFFT
| BINTRAJ
| CUDA
| EMIL

| Largest sphere to fit in unit cell has radius =    27.375

| New format PARM file being parsed.
| Version =    1.000 Date = 09/18/20 Time = 17:37:14

| Note: 1-4 EEL scale factors are being read from the topology file.

| Note: 1-4 VDW scale factors are being read from the topology file.
| Duplicated    0 dihedrals

| Duplicated    0 dihedrals

--------------------------------------------------------------------------------
   1.  RESOURCE   USE: 
--------------------------------------------------------------------------------

 getting box info from netcdf restart file
 NATOM  =   20955 NTYPES =       6 NBONH =   20951 MBONA  =       3
 NTHETH =      16 MTHETA =       2 NPHIH =      20 MPHIA  =       1
 NHPARM =       0 NPARM  =       0 NNB   =   27975 NRES   =    6982
 NBONA  =       3 NTHETA =       2 NPHIA =       1 NUMBND =       6
 NUMANG =       6 NPTRA  =       2 NATYP =       6 NPHB   =       1
 IFBOX  =       2 NMXRS  =      12 IFCAP =       0 NEXTRA =       0
 NCOPY  =       0

| Coordinate Index Table dimensions:    10   10   10
| Direct force subcell size =     6.7054    6.7054    6.7054

     BOX TYPE: TRUNCATED OCTAHEDRON

--------------------------------------------------------------------------------
   2.  CONTROL  DATA  FOR  THE  RUN
--------------------------------------------------------------------------------

default_name                                                                    

General flags:
     imin    =       0, nmropt  =       1

Nature and format of input:
     ntx     =       1, irest   =       0, ntrx    =       1

Nature and format of output:
     ntxo    =       2, ntpr    =    5000, ntrx    =       1, ntwr    =    5000
     iwrap   =       0, ntwx    =   10000, ntwv    =       0, ntwe    =       0
     ioutfm  =       1, ntwprt  =       0, idecomp =       0, rbornstat=      0

Potential function:
     ntf     =       1, ntb     =       1, igb     =       0, nsnb    =      25
     ipol    =       0, gbsa    =       0, iesp    =       0
     dielc   =   1.00000, cut     =  10.00000, intdiel =   1.00000

Frozen or restrained atoms:
     ibelly  =       0, ntr     =       0

Molecular dynamics:
     nstlim  =    200000, nscm    =      1000, nrespa  =         1
     t       =   0.00000, dt      =   0.00100, vlimit  =  -1.00000

Langevin dynamics temperature regulation:
     ig      =   23747
     temp0   = 300.00000, tempi   =   0.00000, gamma_ln=   2.00000

NMR refinement options:
     iscale  =       0, noeskp  =       1, ipnlty  =       1, mxsub   =       1
     scalm   = 100.00000, pencut  =   0.10000, tausw   =   0.10000

Free energy options:
     icfe    =       1, ifsc    =       1, klambda =       1
     clambda =  0.2063, scalpha =  0.5000, scbeta  = 12.0000
     sceeorder =       2
     dynlmb =  0.0000 logdvdl =       0

| Intermolecular bonds treatment:
|     no_intermolecular_bonds =       1

| Energy averages sample interval:
|     ene_avg_sampling =    5000

Ewald parameters:
     verbose =       0, ew_type =       0, nbflag  =       1, use_pme =       1
     vdwmeth =       1, eedmeth =       1, netfrc  =       1
     Box X =   67.054   Box Y =   67.054   Box Z =   67.054
     Alpha =  109.471   Beta  =  109.471   Gamma =  109.471
     NFFT1 =   64       NFFT2 =   64       NFFT3 =   64
     Cutoff=   10.000   Tol   =0.100E-04
     Ewald Coefficient =  0.27511
     Interpolation order =    4
     TI Mask 1 :1; matches     12 atoms
     TI Mask 2  matches      0 atoms
     TI region 1:   20955 atoms
     TI region 2:   20943 atoms
     SC Mask 1 :1; matches     12 atoms

--------------------------------------------------------------------------------
   3.  ATOMIC COORDINATES AND VELOCITIES
--------------------------------------------------------------------------------

default_name                                                                    
 begin time read from input coords =     0.000 ps



           Begin reading energy term weight changes/NMR restraints
 WEIGHT CHANGES:
 TEMP0         0 190000    0.000000  300.000000      0      0
 TEMP0    190001 200000  300.000000  300.000000      0      0
 DUMPFREQ  10000      0    0.000000    0.000000      0      0

 RESTRAINTS:
                          ** No restraint defined **

                  Done reading weight changes/NMR restraints


 
 Number of triangulated 3-point waters found:     6981
 Number of shake restraints removed in TI region  1 :        0
 Number of shake restraints removed in TI region  2 :        0

     Sum of charges for TI region  1 =  -0.00000000
     Forcing neutrality...


     Sum of charges for TI region  2 =   0.00000000
     Forcing neutrality...

| Dynamic Memory, Types Used:
| Reals              918940
| Integers           797059

| Nonbonded Pairs Initial Allocation:     6338363

| GPU memory information (estimate):
| KB of GPU memory in use:         0
| KB of CPU memory in use:         0

--------------------------------------------------------------------------------
   4.  RESULTS
--------------------------------------------------------------------------------

   DOF for the SC part  1 of the system:   36

| TI region  1


 NSTEP =        0   TIME(PS) =       0.000  TEMP(K) =     0.00  PRESS =     0.0
 Etot   =    -63498.7505  EKtot   =         0.0000  EPtot      =    -63498.7505
 BOND   =      3639.4676  ANGLE   =        -0.0000  DIHED      =        -0.0000
 1-4 NB =         0.0000  1-4 EEL =         0.0000  VDWAALS    =      3824.6346
 EELEC  =    -70962.8527  EHBOND  =         0.0000  RESTRAINT  =         0.0000
 DV/DL  =        12.9391
 ------------------------------------------------------------------------------

  Softcore part of the system:      12 atoms,       TEMP(K)    =           0.00
 SC_Etot=        13.8905  SC_EKtot=         0.0000  SC_EPtot   =        13.8905
 SC_BOND=         0.0510  SC_ANGLE=         0.1130  SC_DIHED   =         0.2930
 SC_14NB=         0.3314  SC_14EEL=        39.9745  SC_VDW     =        -0.0820
 SC_EEL =       -26.7902
 SC_RES_DIST=     0.0000  SC_RES_ANG=       0.0000  SC_RES_TORS=         0.0000
 SC_EEL_DER=      2.6381  SC_VDW_DER=      -0.8830  SC_DERIV   =         1.7551
 ------------------------------------------------------------------------------


| TI region  2


 NSTEP =        0   TIME(PS) =       0.000  TEMP(K) =     0.00  PRESS =     0.0
 Etot   =    -63498.7505  EKtot   =         0.0000  EPtot      =    -63498.7505
 BOND   =      3639.4676  ANGLE   =        -0.0000  DIHED      =        -0.0000
 1-4 NB =         0.0000  1-4 EEL =         0.0000  VDWAALS    =      3824.6346
 EELEC  =    -70962.8527  EHBOND  =         0.0000  RESTRAINT  =         0.0000
 DV/DL  =        12.9391
 ------------------------------------------------------------------------------

 NMR restraints: Bond =    0.000   Angle =     0.000   Torsion =     0.000
===============================================================================

| TI region  1


 NSTEP =     5000   TIME(PS) =       5.000  TEMP(K) =     7.37  PRESS =     0.0
 Etot   =    -63293.4573  EKtot   =       460.3359  EPtot      =    -63753.7932
 BOND   =      3912.5175  ANGLE   =         0.0000  DIHED      =        -0.0000
 1-4 NB =         0.0000  1-4 EEL =         0.0000  VDWAALS    =      4096.9807
 EELEC  =    -71763.2915  EHBOND  =         0.0000  RESTRAINT  =         0.0000
 DV/DL  =        21.0498
 ------------------------------------------------------------------------------

  Softcore part of the system:      12 atoms,       TEMP(K)    =           9.20
 SC_Etot=        14.5798  SC_EKtot=         0.3289  SC_EPtot   =        14.2509
 SC_BOND=         0.2083  SC_ANGLE=         0.3217  SC_DIHED   =         0.3861
 SC_14NB=         0.4165  SC_14EEL=        40.1942  SC_VDW     =        -0.0909
 SC_EEL =       -27.1849
 SC_RES_DIST=     0.0000  SC_RES_ANG=       0.0000  SC_RES_TORS=         0.0000
 SC_EEL_DER=      7.2136  SC_VDW_DER=      -2.0428  SC_DERIV   =         5.1708
 ------------------------------------------------------------------------------


| TI region  2


 NSTEP =     5000   TIME(PS) =       5.000  TEMP(K) =     7.37  PRESS =     0.0
 Etot   =    -63293.7863  EKtot   =       460.0070  EPtot      =    -63753.7932
 BOND   =      3912.5175  ANGLE   =         0.0000  DIHED      =        -0.0000
 1-4 NB =         0.0000  1-4 EEL =         0.0000  VDWAALS    =      4096.9807
 EELEC  =    -71763.2915  EHBOND  =         0.0000  RESTRAINT  =         0.0000
 DV/DL  =        21.0498
 ------------------------------------------------------------------------------

 NMR restraints: Bond =    0.000   Angle =     0.000   Torsion =     0.000
===============================================================================

| TI region  1


 NSTEP =    10000   TIME(PS) =      10.000  TEMP(K) =    15.18  PRESS =     0.0
 Etot   =    -62402.3711  EKtot   =       948.2252  EPtot      =    -63350.5963
 BOND   =      4075.2445  ANGLE   =        -0.0000  DIHED      =        -0.0000
 1-4 NB =         0.0000  1-4 EEL =        -0.0000  VDWAALS    =      4126.2962
 EELEC  =    -71552.1370  EHBOND  =         0.0000  RESTRAINT  =         0.0000
 DV/DL  =        15.7323
 ------------------------------------------------------------------------------

  Softcore part of the system:      12 atoms,       TEMP(K)    =          13.37
 SC_Etot=        14.8529  SC_EKtot=         0.4783  SC_EPtot   =        14.3746
 SC_BOND=         0.1612  SC_ANGLE=         0.3002  SC_DIHED   =         0.1410
 SC_14NB=         0.4416  SC_14EEL=        41.0917  SC_VDW     =        -0.0899
 SC_EEL =       -27.6713
 SC_RES_DIST=     0.0000  SC_RES_ANG=       0.0000  SC_RES_TORS=         0.0000
 SC_EEL_DER=      3.0993  SC_VDW_DER=      -1.7128  SC_DERIV   =         1.3866
 ------------------------------------------------------------------------------


| TI region  2


 NSTEP =    10000   TIME(PS) =      10.000  TEMP(K) =    15.18  PRESS =     0.0
 Etot   =    -62402.8494  EKtot   =       947.7468  EPtot      =    -63350.5963
 BOND   =      4075.2445  ANGLE   =        -0.0000  DIHED      =        -0.0000
 1-4 NB =         0.0000  1-4 EEL =        -0.0000  VDWAALS    =      4126.2962
 EELEC  =    -71552.1370  EHBOND  =         0.0000  RESTRAINT  =         0.0000
 DV/DL  =        15.7323
 ------------------------------------------------------------------------------

 NMR restraints: Bond =    0.000   Angle =     0.000   Torsion =     0.000
===============================================================================

| TI region  1


 NSTEP =    15000   TIME(PS) =      15.000  TEMP(K) =    22.98  PRESS =     0.0
 Etot   =    -61519.9447  EKtot   =      1435.6465  EPtot      =    -62955.5911
 BOND   =      4287.8599  ANGLE   =        -0.0000  DIHED      =        -0.0000
 1-4 NB =         0.0000  1-4 EEL =         0.0000  VDWAALS    =      4114.1688
 EELEC  =    -71357.6198  EHBOND  =         0.0000  RESTRAINT  =         0.0000
 DV/DL  =        14.9342
 ------------------------------------------------------------------------------

  Softcore part of the system:      12 atoms,       TEMP(K)    =          28.33
 SC_Etot=        15.5760  SC_EKtot=         1.0135  SC_EPtot   =        14.5625
 SC_BOND=         0.2553  SC_ANGLE=         0.3885  SC_DIHED   =         0.6007
 SC_14NB=         0.4253  SC_14EEL=        40.9511  SC_VDW     =        -0.0907
 SC_EEL =       -27.9677
 SC_RES_DIST=     0.0000  SC_RES_ANG=       0.0000  SC_RES_TORS=         0.0000
 SC_EEL_DER=      2.2523  SC_VDW_DER=      -1.3693  SC_DERIV   =         0.8829
 ------------------------------------------------------------------------------


| TI region  2


 NSTEP =    15000   TIME(PS) =      15.000  TEMP(K) =    22.98  PRESS =     0.0
 Etot   =    -61520.9581  EKtot   =      1434.6330  EPtot      =    -62955.5911
 BOND   =      4287.8599  ANGLE   =        -0.0000  DIHED      =        -0.0000
 1-4 NB =         0.0000  1-4 EEL =         0.0000  VDWAALS    =      4114.1688
 EELEC  =    -71357.6198  EHBOND  =         0.0000  RESTRAINT  =         0.0000
 DV/DL  =        14.9342
 ------------------------------------------------------------------------------

 NMR restraints: Bond =    0.000   Angle =     0.000   Torsion =     0.000
===============================================================================

| TI region  1


 NSTEP =    20000   TIME(PS) =      20.000  TEMP(K) =    31.08  PRESS =     0.0
 Etot   =    -60664.2962  EKtot   =      1941.5190  EPtot      =    -62605.8152
 BOND   =      4468.4863  ANGLE   =        -0.0000  DIHED      =        -0.0000
 1-4 NB =         0.0000  1-4 EEL =        -0.0000  VDWAALS    =      4086.8858
 EELEC  =    -71161.1873  EHBOND  =         0.0000  RESTRAINT  =         0.0000
 DV/DL  =        14.4130
 ------------------------------------------------------------------------------

  Softcore part of the system:      12 atoms,       TEMP(K)    =          30.59
 SC_Etot=        15.5749  SC_EKtot=         1.0940  SC_EPtot   =        14.4809
 SC_BOND=         0.4006  SC_ANGLE=         0.4913  SC_DIHED   =         0.3432
 SC_14NB=         0.4494  SC_14EEL=        40.6170  SC_VDW     =        -0.0911
 SC_EEL =       -27.7294
 SC_RES_DIST=     0.0000  SC_RES_ANG=       0.0000  SC_RES_TORS=         0.0000
 SC_EEL_DER=      2.5095  SC_VDW_DER=      -1.2598  SC_DERIV   =         1.2497
 ------------------------------------------------------------------------------


| TI region  2


 NSTEP =    20000   TIME(PS) =      20.000  TEMP(K) =    31.08  PRESS =     0.0
 Etot   =    -60665.3902  EKtot   =      1940.4250  EPtot      =    -62605.8152
 BOND   =      4468.4863  ANGLE   =        -0.0000  DIHED      =        -0.0000
 1-4 NB =         0.0000  1-4 EEL =        -0.0000  VDWAALS    =      4086.8858
 EELEC  =    -71161.1873  EHBOND  =         0.0000  RESTRAINT  =         0.0000
 DV/DL  =        14.4130
 ------------------------------------------------------------------------------

 NMR restraints: Bond =    0.000   Angle =     0.000   Torsion =     0.000
===============================================================================

| TI region  1


 NSTEP =    25000   TIME(PS) =      25.000  TEMP(K) =    38.94  PRESS =     0.0
 Etot   =    -59745.2373  EKtot   =      2432.0542  EPtot      =    -62177.2915
 BOND   =      4699.5378  ANGLE   =         0.0000  DIHED      =         0.0000
 1-4 NB =         0.0000  1-4 EEL =         0.0000  VDWAALS    =      4209.7016
 EELEC  =    -71086.5310  EHBOND  =         0.0000  RESTRAINT  =         0.0000
 DV/DL  =        14.1611
 ------------------------------------------------------------------------------

  Softcore part of the system:      12 atoms,       TEMP(K)    =          40.05
 SC_Etot=        16.4208  SC_EKtot=         1.4327  SC_EPtot   =        14.9882
 SC_BOND=         0.4279  SC_ANGLE=         0.5199  SC_DIHED   =         0.5850
 SC_14NB=         0.1687  SC_14EEL=        38.5553  SC_VDW     =        -0.0751
 SC_EEL =       -25.1935
 SC_RES_DIST=     0.0000  SC_RES_ANG=       0.0000  SC_RES_TORS=         0.0000
 SC_EEL_DER=      1.5879  SC_VDW_DER=      -1.1599  SC_DERIV   =         0.4280
 ------------------------------------------------------------------------------


| TI region  2


 NSTEP =    25000   TIME(PS) =      25.000  TEMP(K) =    38.94  PRESS =     0.0
 Etot   =    -59746.6700  EKtot   =      2430.6215  EPtot      =    -62177.2915
 BOND   =      4699.5378  ANGLE   =         0.0000  DIHED      =         0.0000
 1-4 NB =         0.0000  1-4 EEL =         0.0000  VDWAALS    =      4209.7016
 EELEC  =    -71086.5310  EHBOND  =         0.0000  RESTRAINT  =         0.0000
 DV/DL  =        14.1611
 ------------------------------------------------------------------------------

 NMR restraints: Bond =    0.000   Angle =     0.000   Torsion =     0.000
===============================================================================

| TI region  1


 NSTEP =    30000   TIME(PS) =      30.000  TEMP(K) =    46.89  PRESS =     0.0
 Etot   =    -58795.8451  EKtot   =      2928.8264  EPtot      =    -61724.6715
 BOND   =      4863.8864  ANGLE   =         0.0000  DIHED      =        -0.0000
 1-4 NB =         0.0000  1-4 EEL =        -0.0000  VDWAALS    =      4092.1710
 EELEC  =    -70680.7289  EHBOND  =         0.0000  RESTRAINT  =         0.0000
 DV/DL  =        15.2922
 ------------------------------------------------------------------------------

  Softcore part of the system:      12 atoms,       TEMP(K)    =          50.28
 SC_Etot=        18.1953  SC_EKtot=         1.7984  SC_EPtot   =        16.3968
 SC_BOND=         0.9526  SC_ANGLE=         1.2741  SC_DIHED   =         0.8522
 SC_14NB=         0.1651  SC_14EEL=        38.7465  SC_VDW     =        -0.0706
 SC_EEL =       -25.5230
 SC_RES_DIST=     0.0000  SC_RES_ANG=       0.0000  SC_RES_TORS=         0.0000
 SC_EEL_DER=      2.7109  SC_VDW_DER=      -1.7472  SC_DERIV   =         0.9636
 ------------------------------------------------------------------------------


| TI region  2


 NSTEP =    30000   TIME(PS) =      30.000  TEMP(K) =    46.89  PRESS =     0.0
 Etot   =    -58797.6435  EKtot   =      2927.0280  EPtot      =    -61724.6715
 BOND   =      4863.8864  ANGLE   =         0.0000  DIHED      =        -0.0000
 1-4 NB =         0.0000  1-4 EEL =        -0.0000  VDWAALS    =      4092.1710
 EELEC  =    -70680.7289  EHBOND  =         0.0000  RESTRAINT  =         0.0000
 DV/DL  =        15.2922
 ------------------------------------------------------------------------------

 NMR restraints: Bond =    0.000   Angle =     0.000   Torsion =     0.000
===============================================================================

| TI region  1


 NSTEP =    35000   TIME(PS) =      35.000  TEMP(K) =    55.02  PRESS =     0.0
 Etot   =    -57884.6598  EKtot   =      3436.6331  EPtot      =    -61321.2928
 BOND   =      5093.7214  ANGLE   =         0.0000  DIHED      =         0.0000
 1-4 NB =         0.0000  1-4 EEL =         0.0000  VDWAALS    =      4037.4717
 EELEC  =    -70452.4859  EHBOND  =         0.0000  RESTRAINT  =         0.0000
 DV/DL  =        15.3812
 ------------------------------------------------------------------------------

  Softcore part of the system:      12 atoms,       TEMP(K)    =          55.45
 SC_Etot=        17.8002  SC_EKtot=         1.9833  SC_EPtot   =        15.8169
 SC_BOND=         1.3608  SC_ANGLE=         0.8117  SC_DIHED   =         0.5278
 SC_14NB=         0.3654  SC_14EEL=        38.8733  SC_VDW     =        -0.0818
 SC_EEL =       -26.0403
 SC_RES_DIST=     0.0000  SC_RES_ANG=       0.0000  SC_RES_TORS=         0.0000
 SC_EEL_DER=      3.0546  SC_VDW_DER=      -1.4479  SC_DERIV   =         1.6067
 ------------------------------------------------------------------------------


| TI region  2


 NSTEP =    35000   TIME(PS) =      35.000  TEMP(K) =    55.02  PRESS =     0.0
 Etot   =    -57886.6431  EKtot   =      3434.6498  EPtot      =    -61321.2928
 BOND   =      5093.7214  ANGLE   =         0.0000  DIHED      =         0.0000
 1-4 NB =         0.0000  1-4 EEL =         0.0000  VDWAALS    =      4037.4717
 EELEC  =    -70452.4859  EHBOND  =         0.0000  RESTRAINT  =         0.0000
 DV/DL  =        15.3812
 ------------------------------------------------------------------------------

 NMR restraints: Bond =    0.000   Angle =     0.000   Torsion =     0.000
===============================================================================

| TI region  1


 NSTEP =    40000   TIME(PS) =      40.000  TEMP(K) =    62.30  PRESS =     0.0
 Etot   =    -56936.1929  EKtot   =      3891.6094  EPtot      =    -60827.8023
 BOND   =      5233.7722  ANGLE   =         0.0000  DIHED      =        -0.0000
 1-4 NB =         0.0000  1-4 EEL =        -0.0000  VDWAALS    =      3970.0508
 EELEC  =    -70031.6254  EHBOND  =         0.0000  RESTRAINT  =         0.0000
 DV/DL  =        15.4616
 ------------------------------------------------------------------------------

  Softcore part of the system:      12 atoms,       TEMP(K)    =          58.61
 SC_Etot=        17.6093  SC_EKtot=         2.0965  SC_EPtot   =        15.5128
 SC_BOND=         0.6203  SC_ANGLE=         1.1866  SC_DIHED   =         0.2419
 SC_14NB=         0.2251  SC_14EEL=        39.5007  SC_VDW     =        -0.0778
 SC_EEL =       -26.1841
 SC_RES_DIST=     0.0000  SC_RES_ANG=       0.0000  SC_RES_TORS=         0.0000
 SC_EEL_DER=      4.9509  SC_VDW_DER=      -4.4896  SC_DERIV   =         0.4614
 ------------------------------------------------------------------------------


| TI region  2


 NSTEP =    40000   TIME(PS) =      40.000  TEMP(K) =    62.31  PRESS =     0.0
 Etot   =    -56938.2895  EKtot   =      3889.5129  EPtot      =    -60827.8023
 BOND   =      5233.7722  ANGLE   =         0.0000  DIHED      =        -0.0000
 1-4 NB =         0.0000  1-4 EEL =        -0.0000  VDWAALS    =      3970.0508
 EELEC  =    -70031.6254  EHBOND  =         0.0000  RESTRAINT  =         0.0000
 DV/DL  =        15.4616
 ------------------------------------------------------------------------------

 NMR restraints: Bond =    0.000   Angle =     0.000   Torsion =     0.000
===============================================================================

| TI region  1


 NSTEP =    45000   TIME(PS) =      45.000  TEMP(K) =    70.30  PRESS =     0.0
 Etot   =    -56004.3369  EKtot   =      4391.1470  EPtot      =    -60395.4838
 BOND   =      5343.8564  ANGLE   =        -0.0000  DIHED      =         0.0000
 1-4 NB =         0.0000  1-4 EEL =         0.0000  VDWAALS    =      3887.1314
 EELEC  =    -69626.4716  EHBOND  =         0.0000  RESTRAINT  =         0.0000
 DV/DL  =        13.9928
 ------------------------------------------------------------------------------

  Softcore part of the system:      12 atoms,       TEMP(K)    =          51.11
 SC_Etot=        18.0853  SC_EKtot=         1.8282  SC_EPtot   =        16.2571
 SC_BOND=         0.7478  SC_ANGLE=         1.2988  SC_DIHED   =         0.6220
 SC_14NB=         0.2981  SC_14EEL=        40.5622  SC_VDW     =        -0.0847
 SC_EEL =       -27.1871
 SC_RES_DIST=     0.0000  SC_RES_ANG=       0.0000  SC_RES_TORS=         0.0000
 SC_EEL_DER=      3.4872  SC_VDW_DER=      -3.0478  SC_DERIV   =         0.4395
 ------------------------------------------------------------------------------


| TI region  2


 NSTEP =    45000   TIME(PS) =      45.000  TEMP(K) =    70.31  PRESS =     0.0
 Etot   =    -56006.1650  EKtot   =      4389.3188  EPtot      =    -60395.4838
 BOND   =      5343.8564  ANGLE   =        -0.0000  DIHED      =         0.0000
 1-4 NB =         0.0000  1-4 EEL =         0.0000  VDWAALS    =      3887.1314
 EELEC  =    -69626.4716  EHBOND  =         0.0000  RESTRAINT  =         0.0000
 DV/DL  =        13.9928
 ------------------------------------------------------------------------------

 NMR restraints: Bond =    0.000   Angle =     0.000   Torsion =     0.000
===============================================================================

| TI region  1


 NSTEP =    50000   TIME(PS) =      50.000  TEMP(K) =    78.03  PRESS =     0.0
 Etot   =    -55035.0435  EKtot   =      4874.0083  EPtot      =    -59909.0518
 BOND   =      5531.5015  ANGLE   =        -0.0000  DIHED      =        -0.0000
 1-4 NB =         0.0000  1-4 EEL =         0.0000  VDWAALS    =      3838.4013
 EELEC  =    -69278.9546  EHBOND  =         0.0000  RESTRAINT  =         0.0000
 DV/DL  =        19.9438
 ------------------------------------------------------------------------------

  Softcore part of the system:      12 atoms,       TEMP(K)    =          80.35
 SC_Etot=        18.3790  SC_EKtot=         2.8741  SC_EPtot   =        15.5049
 SC_BOND=         1.1168  SC_ANGLE=         0.8132  SC_DIHED   =         0.1833
 SC_14NB=         0.5737  SC_14EEL=        41.1054  SC_VDW     =        -0.0870
 SC_EEL =       -28.2005
 SC_RES_DIST=     0.0000  SC_RES_ANG=       0.0000  SC_RES_TORS=         0.0000
 SC_EEL_DER=      5.6366  SC_VDW_DER=      -1.8682  SC_DERIV   =         3.7683
 ------------------------------------------------------------------------------


| TI region  2


 NSTEP =    50000   TIME(PS) =      50.000  TEMP(K) =    78.03  PRESS =     0.0
 Etot   =    -55037.9177  EKtot   =      4871.1342  EPtot      =    -59909.0518
 BOND   =      5531.5015  ANGLE   =        -0.0000  DIHED      =        -0.0000
 1-4 NB =         0.0000  1-4 EEL =         0.0000  VDWAALS    =      3838.4013
 EELEC  =    -69278.9546  EHBOND  =         0.0000  RESTRAINT  =         0.0000
 DV/DL  =        19.9438
 ------------------------------------------------------------------------------

 NMR restraints: Bond =    0.000   Angle =     0.000   Torsion =     0.000
===============================================================================

| TI region  1


 NSTEP =    55000   TIME(PS) =      55.000  TEMP(K) =    85.50  PRESS =     0.0
 Etot   =    -53997.9814  EKtot   =      5340.4756  EPtot      =    -59338.4570
 BOND   =      5736.3233  ANGLE   =        -0.0000  DIHED      =         0.0000
 1-4 NB =         0.0000  1-4 EEL =        -0.0000  VDWAALS    =      3655.6008
 EELEC  =    -68730.3811  EHBOND  =         0.0000  RESTRAINT  =         0.0000
 DV/DL  =        19.4265
 ------------------------------------------------------------------------------

  Softcore part of the system:      12 atoms,       TEMP(K)    =         104.66
 SC_Etot=        20.7519  SC_EKtot=         3.7435  SC_EPtot   =        17.0083
 SC_BOND=         0.9461  SC_ANGLE=         1.0317  SC_DIHED   =         1.1765
 SC_14NB=         0.6019  SC_14EEL=        42.8215  SC_VDW     =        -0.0987
 SC_EEL =       -29.4707
 SC_RES_DIST=     0.0000  SC_RES_ANG=       0.0000  SC_RES_TORS=         0.0000
 SC_EEL_DER=      3.3991  SC_VDW_DER=      -0.6977  SC_DERIV   =         2.7014
 ------------------------------------------------------------------------------


| TI region  2


 NSTEP =    55000   TIME(PS) =      55.000  TEMP(K) =    85.49  PRESS =     0.0
 Etot   =    -54001.7249  EKtot   =      5336.7321  EPtot      =    -59338.4570
 BOND   =      5736.3233  ANGLE   =        -0.0000  DIHED      =         0.0000
 1-4 NB =         0.0000  1-4 EEL =        -0.0000  VDWAALS    =      3655.6008
 EELEC  =    -68730.3811  EHBOND  =         0.0000  RESTRAINT  =         0.0000
 DV/DL  =        19.4265
 ------------------------------------------------------------------------------

 NMR restraints: Bond =    0.000   Angle =     0.000   Torsion =     0.000
===============================================================================

| TI region  1


 NSTEP =    60000   TIME(PS) =      60.000  TEMP(K) =    93.94  PRESS =     0.0
 Etot   =    -52975.5451  EKtot   =      5867.9624  EPtot      =    -58843.5075
 BOND   =      5911.2446  ANGLE   =         0.0000  DIHED      =        -0.0000
 1-4 NB =         0.0000  1-4 EEL =        -0.0000  VDWAALS    =      3521.2398
 EELEC  =    -68275.9919  EHBOND  =         0.0000  RESTRAINT  =         0.0000
 DV/DL  =        13.0533
 ------------------------------------------------------------------------------

  Softcore part of the system:      12 atoms,       TEMP(K)    =          59.99
 SC_Etot=        18.9976  SC_EKtot=         2.1458  SC_EPtot   =        16.8518
 SC_BOND=         0.8754  SC_ANGLE=         1.6839  SC_DIHED   =         0.8975
 SC_14NB=         0.3765  SC_14EEL=        38.1682  SC_VDW     =        -0.0719
 SC_EEL =       -25.0777
 SC_RES_DIST=     0.0000  SC_RES_ANG=       0.0000  SC_RES_TORS=         0.0000
 SC_EEL_DER=      5.3176  SC_VDW_DER=      -6.7104  SC_DERIV   =        -1.3928
 ------------------------------------------------------------------------------


| TI region  2


 NSTEP =    60000   TIME(PS) =      60.000  TEMP(K) =    93.96  PRESS =     0.0
 Etot   =    -52977.6909  EKtot   =      5865.8166  EPtot      =    -58843.5075
 BOND   =      5911.2446  ANGLE   =         0.0000  DIHED      =        -0.0000
 1-4 NB =         0.0000  1-4 EEL =        -0.0000  VDWAALS    =      3521.2398
 EELEC  =    -68275.9919  EHBOND  =         0.0000  RESTRAINT  =         0.0000
 DV/DL  =        13.0533
 ------------------------------------------------------------------------------

 NMR restraints: Bond =    0.000   Angle =     0.000   Torsion =     0.000
===============================================================================

| TI region  1


 NSTEP =    65000   TIME(PS) =      65.000  TEMP(K) =   100.72  PRESS =     0.0
 Etot   =    -52040.9212  EKtot   =      6291.5073  EPtot      =    -58332.4285
 BOND   =      6059.2440  ANGLE   =        -0.0000  DIHED      =        -0.0000
 1-4 NB =         0.0000  1-4 EEL =         0.0000  VDWAALS    =      3359.9693
 EELEC  =    -67751.6418  EHBOND  =         0.0000  RESTRAINT  =         0.0000
 DV/DL  =        20.0330
 ------------------------------------------------------------------------------

  Softcore part of the system:      12 atoms,       TEMP(K)    =         137.67
 SC_Etot=        22.2809  SC_EKtot=         4.9243  SC_EPtot   =        17.3566
 SC_BOND=         1.5891  SC_ANGLE=         1.6196  SC_DIHED   =         0.1766
 SC_14NB=         0.5241  SC_14EEL=        41.7582  SC_VDW     =        -0.0958
 SC_EEL =       -28.2152
 SC_RES_DIST=     0.0000  SC_RES_ANG=       0.0000  SC_RES_TORS=         0.0000
 SC_EEL_DER=      8.2930  SC_VDW_DER=      -5.3818  SC_DERIV   =         2.9111
 ------------------------------------------------------------------------------


| TI region  2


 NSTEP =    65000   TIME(PS) =      65.000  TEMP(K) =   100.70  PRESS =     0.0
 Etot   =    -52045.8455  EKtot   =      6286.5830  EPtot      =    -58332.4285
 BOND   =      6059.2440  ANGLE   =        -0.0000  DIHED      =        -0.0000
 1-4 NB =         0.0000  1-4 EEL =         0.0000  VDWAALS    =      3359.9693
 EELEC  =    -67751.6418  EHBOND  =         0.0000  RESTRAINT  =         0.0000
 DV/DL  =        20.0330
 ------------------------------------------------------------------------------

 NMR restraints: Bond =    0.000   Angle =     0.000   Torsion =     0.000
===============================================================================

| TI region  1


 NSTEP =    70000   TIME(PS) =      70.000  TEMP(K) =   109.64  PRESS =     0.0
 Etot   =    -50813.9080  EKtot   =      6848.5342  EPtot      =    -57662.4422
 BOND   =      6299.6106  ANGLE   =        -0.0000  DIHED      =        -0.0000
 1-4 NB =         0.0000  1-4 EEL =        -0.0000  VDWAALS    =      3063.8632
 EELEC  =    -67025.9160  EHBOND  =         0.0000  RESTRAINT  =         0.0000
 DV/DL  =        15.6737
 ------------------------------------------------------------------------------

  Softcore part of the system:      12 atoms,       TEMP(K)    =          86.82
 SC_Etot=        20.7076  SC_EKtot=         3.1056  SC_EPtot   =        17.6020
 SC_BOND=         1.2397  SC_ANGLE=         2.0717  SC_DIHED   =         0.6213
 SC_14NB=        -0.0018  SC_14EEL=        38.1877  SC_VDW     =        -0.0604
 SC_EEL =       -24.4561
 SC_RES_DIST=     0.0000  SC_RES_ANG=       0.0000  SC_RES_TORS=         0.0000
 SC_EEL_DER=      4.2550  SC_VDW_DER=      -2.8573  SC_DERIV   =         1.3978
 ------------------------------------------------------------------------------


| TI region  2


 NSTEP =    70000   TIME(PS) =      70.000  TEMP(K) =   109.66  PRESS =     0.0
 Etot   =    -50817.0136  EKtot   =      6845.4286  EPtot      =    -57662.4422
 BOND   =      6299.6106  ANGLE   =        -0.0000  DIHED      =        -0.0000
 1-4 NB =         0.0000  1-4 EEL =        -0.0000  VDWAALS    =      3063.8632
 EELEC  =    -67025.9160  EHBOND  =         0.0000  RESTRAINT  =         0.0000
 DV/DL  =        15.6737
 ------------------------------------------------------------------------------

 NMR restraints: Bond =    0.000   Angle =     0.000   Torsion =     0.000
===============================================================================

| TI region  1


 NSTEP =    75000   TIME(PS) =      75.000  TEMP(K) =   118.00  PRESS =     0.0
 Etot   =    -49698.8260  EKtot   =      7370.3682  EPtot      =    -57069.1942
 BOND   =      6347.4703  ANGLE   =        -0.0000  DIHED      =        -0.0000
 1-4 NB =         0.0000  1-4 EEL =        -0.0000  VDWAALS    =      3132.4044
 EELEC  =    -66549.0689  EHBOND  =         0.0000  RESTRAINT  =         0.0000
 DV/DL  =        14.7782
 ------------------------------------------------------------------------------

  Softcore part of the system:      12 atoms,       TEMP(K)    =         119.58
 SC_Etot=        21.0077  SC_EKtot=         4.2772  SC_EPtot   =        16.7305
 SC_BOND=         1.5421  SC_ANGLE=         0.9115  SC_DIHED   =         0.7435
 SC_14NB=         0.5206  SC_14EEL=        41.6283  SC_VDW     =        -0.0967
 SC_EEL =       -28.5186
 SC_RES_DIST=     0.0000  SC_RES_ANG=       0.0000  SC_RES_TORS=         0.0000
 SC_EEL_DER=      6.3776  SC_VDW_DER=      -5.7491  SC_DERIV   =         0.6284
 ------------------------------------------------------------------------------


| TI region  2


 NSTEP =    75000   TIME(PS) =      75.000  TEMP(K) =   118.00  PRESS =     0.0
 Etot   =    -49703.1032  EKtot   =      7366.0910  EPtot      =    -57069.1942
 BOND   =      6347.4703  ANGLE   =        -0.0000  DIHED      =        -0.0000
 1-4 NB =         0.0000  1-4 EEL =        -0.0000  VDWAALS    =      3132.4044
 EELEC  =    -66549.0689  EHBOND  =         0.0000  RESTRAINT  =         0.0000
 DV/DL  =        14.7782
 ------------------------------------------------------------------------------

 NMR restraints: Bond =    0.000   Angle =     0.000   Torsion =     0.000
===============================================================================

| TI region  1


 NSTEP =    80000   TIME(PS) =      80.000  TEMP(K) =   124.90  PRESS =     0.0
 Etot   =    -48536.6593  EKtot   =      7801.5972  EPtot      =    -56338.2564
 BOND   =      6560.2683  ANGLE   =        -0.0000  DIHED      =        -0.0000
 1-4 NB =         0.0000  1-4 EEL =        -0.0000  VDWAALS    =      2826.8845
 EELEC  =    -65725.4093  EHBOND  =         0.0000  RESTRAINT  =         0.0000
 DV/DL  =        13.7336
 ------------------------------------------------------------------------------

  Softcore part of the system:      12 atoms,       TEMP(K)    =          96.23
 SC_Etot=        19.7875  SC_EKtot=         3.4420  SC_EPtot   =        16.3455
 SC_BOND=         0.8610  SC_ANGLE=         1.9538  SC_DIHED   =         0.7798
 SC_14NB=         0.4515  SC_14EEL=        39.3794  SC_VDW     =        -0.0912
 SC_EEL =       -26.9888
 SC_RES_DIST=     0.0000  SC_RES_ANG=       0.0000  SC_RES_TORS=         0.0000
 SC_EEL_DER=      3.0098  SC_VDW_DER=      -2.0812  SC_DERIV   =         0.9286
 ------------------------------------------------------------------------------


| TI region  2


 NSTEP =    80000   TIME(PS) =      80.000  TEMP(K) =   124.92  PRESS =     0.0
 Etot   =    -48540.1013  EKtot   =      7798.1551  EPtot      =    -56338.2564
 BOND   =      6560.2683  ANGLE   =        -0.0000  DIHED      =        -0.0000
 1-4 NB =         0.0000  1-4 EEL =        -0.0000  VDWAALS    =      2826.8845
 EELEC  =    -65725.4093  EHBOND  =         0.0000  RESTRAINT  =         0.0000
 DV/DL  =        13.7336
 ------------------------------------------------------------------------------

 NMR restraints: Bond =    0.000   Angle =     0.000   Torsion =     0.000
===============================================================================

| TI region  1


 NSTEP =    85000   TIME(PS) =      85.000  TEMP(K) =   133.61  PRESS =     0.0
 Etot   =    -47225.7099  EKtot   =      8345.4131  EPtot      =    -55571.1230
 BOND   =      6746.7556  ANGLE   =        -0.0000  DIHED      =         0.0000
 1-4 NB =         0.0000  1-4 EEL =         0.0000  VDWAALS    =      2597.1511
 EELEC  =    -64915.0297  EHBOND  =         0.0000  RESTRAINT  =         0.0000
 DV/DL  =        18.0034
 ------------------------------------------------------------------------------

  Softcore part of the system:      12 atoms,       TEMP(K)    =         171.15
 SC_Etot=        24.7208  SC_EKtot=         6.1220  SC_EPtot   =        18.5987
 SC_BOND=         1.6600  SC_ANGLE=         2.1602  SC_DIHED   =         0.8604
 SC_14NB=         0.9909  SC_14EEL=        43.3343  SC_VDW     =        -0.1005
 SC_EEL =       -30.3066
 SC_RES_DIST=     0.0000  SC_RES_ANG=       0.0000  SC_RES_TORS=         0.0000
 SC_EEL_DER=      3.5951  SC_VDW_DER=      -1.6028  SC_DERIV   =         1.9923
 ------------------------------------------------------------------------------


| TI region  2


 NSTEP =    85000   TIME(PS) =      85.000  TEMP(K) =   133.59  PRESS =     0.0
 Etot   =    -47231.8319  EKtot   =      8339.2911  EPtot      =    -55571.1230
 BOND   =      6746.7556  ANGLE   =        -0.0000  DIHED      =         0.0000
 1-4 NB =         0.0000  1-4 EEL =         0.0000  VDWAALS    =      2597.1511
 EELEC  =    -64915.0297  EHBOND  =         0.0000  RESTRAINT  =         0.0000
 DV/DL  =        18.0034
 ------------------------------------------------------------------------------

 NMR restraints: Bond =    0.000   Angle =     0.000   Torsion =     0.000
===============================================================================

| TI region  1


 NSTEP =    90000   TIME(PS) =      90.000  TEMP(K) =   140.72  PRESS =     0.0
 Etot   =    -45983.5816  EKtot   =      8789.4443  EPtot      =    -54773.0259
 BOND   =      6774.6261  ANGLE   =         0.0000  DIHED      =         0.0000
 1-4 NB =         0.0000  1-4 EEL =         0.0000  VDWAALS    =      2360.8288
 EELEC  =    -63908.4808  EHBOND  =         0.0000  RESTRAINT  =         0.0000
 DV/DL  =        21.0246
 ------------------------------------------------------------------------------

  Softcore part of the system:      12 atoms,       TEMP(K)    =         141.09
 SC_Etot=        24.3543  SC_EKtot=         5.0468  SC_EPtot   =        19.3075
 SC_BOND=         2.7244  SC_ANGLE=         1.8640  SC_DIHED   =         0.3238
 SC_14NB=         0.4520  SC_14EEL=        42.0533  SC_VDW     =        -0.0781
 SC_EEL =       -28.0319
 SC_RES_DIST=     0.0000  SC_RES_ANG=       0.0000  SC_RES_TORS=         0.0000
 SC_EEL_DER=      6.6776  SC_VDW_DER=      -1.5942  SC_DERIV   =         5.0834
 ------------------------------------------------------------------------------


| TI region  2


 NSTEP =    90000   TIME(PS) =      90.000  TEMP(K) =   140.72  PRESS =     0.0
 Etot   =    -45988.6284  EKtot   =      8784.3975  EPtot      =    -54773.0259
 BOND   =      6774.6261  ANGLE   =         0.0000  DIHED      =         0.0000
 1-4 NB =         0.0000  1-4 EEL =         0.0000  VDWAALS    =      2360.8288
 EELEC  =    -63908.4808  EHBOND  =         0.0000  RESTRAINT  =         0.0000
 DV/DL  =        21.0246
 ------------------------------------------------------------------------------

 NMR restraints: Bond =    0.000   Angle =     0.000   Torsion =     0.000
===============================================================================

| TI region  1


 NSTEP =    95000   TIME(PS) =      95.000  TEMP(K) =   149.56  PRESS =     0.0
 Etot   =    -44358.2111  EKtot   =      9341.8604  EPtot      =    -53700.0715
 BOND   =      6915.5707  ANGLE   =         0.0000  DIHED      =         0.0000
 1-4 NB =         0.0000  1-4 EEL =        -0.0000  VDWAALS    =      1907.0236
 EELEC  =    -62522.6658  EHBOND  =         0.0000  RESTRAINT  =         0.0000
 DV/DL  =        13.2836
 ------------------------------------------------------------------------------

  Softcore part of the system:      12 atoms,       TEMP(K)    =         202.18
 SC_Etot=        23.5013  SC_EKtot=         7.2319  SC_EPtot   =        16.2693
 SC_BOND=         0.9704  SC_ANGLE=         1.3222  SC_DIHED   =         0.6529
 SC_14NB=         0.4436  SC_14EEL=        41.3106  SC_VDW     =        -0.1007
 SC_EEL =       -28.3296
 SC_RES_DIST=     0.0000  SC_RES_ANG=       0.0000  SC_RES_TORS=         0.0000
 SC_EEL_DER=     -0.3285  SC_VDW_DER=      -0.0796  SC_DERIV   =        -0.4081
 ------------------------------------------------------------------------------


| TI region  2


 NSTEP =    95000   TIME(PS) =      95.000  TEMP(K) =   149.53  PRESS =     0.0
 Etot   =    -44365.4431  EKtot   =      9334.6284  EPtot      =    -53700.0715
 BOND   =      6915.5707  ANGLE   =         0.0000  DIHED      =         0.0000
 1-4 NB =         0.0000  1-4 EEL =        -0.0000  VDWAALS    =      1907.0236
 EELEC  =    -62522.6658  EHBOND  =         0.0000  RESTRAINT  =         0.0000
 DV/DL  =        13.2836
 ------------------------------------------------------------------------------

 NMR restraints: Bond =    0.000   Angle =     0.000   Torsion =     0.000
===============================================================================

| TI region  1


 NSTEP =   100000   TIME(PS) =     100.000  TEMP(K) =   156.11  PRESS =     0.0
 Etot   =    -43012.8763  EKtot   =      9751.0605  EPtot      =    -52763.9369
 BOND   =      7121.5994  ANGLE   =        -0.0000  DIHED      =         0.0000
 1-4 NB =         0.0000  1-4 EEL =         0.0000  VDWAALS    =      1769.6596
 EELEC  =    -61655.1959  EHBOND  =         0.0000  RESTRAINT  =         0.0000
 DV/DL  =        14.6923
 ------------------------------------------------------------------------------

  Softcore part of the system:      12 atoms,       TEMP(K)    =          97.58
 SC_Etot=        23.0061  SC_EKtot=         3.4904  SC_EPtot   =        19.5157
 SC_BOND=         1.5693  SC_ANGLE=         3.8773  SC_DIHED   =         0.2914
 SC_14NB=         0.3435  SC_14EEL=        40.7952  SC_VDW     =        -0.0848
 SC_EEL =       -27.2762
 SC_RES_DIST=     0.0000  SC_RES_ANG=       0.0000  SC_RES_TORS=         0.0000
 SC_EEL_DER=      0.6539  SC_VDW_DER=      -0.4536  SC_DERIV   =         0.2003
 ------------------------------------------------------------------------------


| TI region  2


 NSTEP =   100000   TIME(PS) =     100.000  TEMP(K) =   156.14  PRESS =     0.0
 Etot   =    -43016.3667  EKtot   =      9747.5702  EPtot      =    -52763.9369
 BOND   =      7121.5994  ANGLE   =        -0.0000  DIHED      =         0.0000
 1-4 NB =         0.0000  1-4 EEL =         0.0000  VDWAALS    =      1769.6596
 EELEC  =    -61655.1959  EHBOND  =         0.0000  RESTRAINT  =         0.0000
 DV/DL  =        14.6923
 ------------------------------------------------------------------------------

 NMR restraints: Bond =    0.000   Angle =     0.000   Torsion =     0.000
===============================================================================

| TI region  1


 NSTEP =   105000   TIME(PS) =     105.000  TEMP(K) =   165.45  PRESS =     0.0
 Etot   =    -41588.8203  EKtot   =     10334.1631  EPtot      =    -51922.9833
 BOND   =      7253.0426  ANGLE   =         0.0000  DIHED      =        -0.0000
 1-4 NB =         0.0000  1-4 EEL =         0.0000  VDWAALS    =      1349.4841
 EELEC  =    -60525.5100  EHBOND  =         0.0000  RESTRAINT  =         0.0000
 DV/DL  =        22.2186
 ------------------------------------------------------------------------------

  Softcore part of the system:      12 atoms,       TEMP(K)    =         210.98
 SC_Etot=        24.9682  SC_EKtot=         7.5465  SC_EPtot   =        17.4217
 SC_BOND=         1.2077  SC_ANGLE=         1.5973  SC_DIHED   =         1.1389
 SC_14NB=         0.5371  SC_14EEL=        42.7253  SC_VDW     =        -0.0938
 SC_EEL =       -29.6908
 SC_RES_DIST=     0.0000  SC_RES_ANG=       0.0000  SC_RES_TORS=         0.0000
 SC_EEL_DER=      5.3066  SC_VDW_DER=      -2.2337  SC_DERIV   =         3.0729
 ------------------------------------------------------------------------------


| TI region  2


 NSTEP =   105000   TIME(PS) =     105.000  TEMP(K) =   165.42  PRESS =     0.0
 Etot   =    -41596.3668  EKtot   =     10326.6165  EPtot      =    -51922.9833
 BOND   =      7253.0426  ANGLE   =         0.0000  DIHED      =        -0.0000
 1-4 NB =         0.0000  1-4 EEL =         0.0000  VDWAALS    =      1349.4841
 EELEC  =    -60525.5100  EHBOND  =         0.0000  RESTRAINT  =         0.0000
 DV/DL  =        22.2186
 ------------------------------------------------------------------------------

 NMR restraints: Bond =    0.000   Angle =     0.000   Torsion =     0.000
===============================================================================

| TI region  1


 NSTEP =   110000   TIME(PS) =     110.000  TEMP(K) =   173.56  PRESS =     0.0
 Etot   =    -40167.0336  EKtot   =     10840.9365  EPtot      =    -51007.9702
 BOND   =      7365.4186  ANGLE   =        -0.0000  DIHED      =        -0.0000
 1-4 NB =         0.0000  1-4 EEL =         0.0000  VDWAALS    =      1204.0748
 EELEC  =    -59577.4635  EHBOND  =         0.0000  RESTRAINT  =         0.0000
 DV/DL  =        15.7426
 ------------------------------------------------------------------------------

  Softcore part of the system:      12 atoms,       TEMP(K)    =         205.14
 SC_Etot=        27.7434  SC_EKtot=         7.3378  SC_EPtot   =        20.4056
 SC_BOND=         1.7632  SC_ANGLE=         3.4454  SC_DIHED   =         2.0759
 SC_14NB=         0.1457  SC_14EEL=        38.0340  SC_VDW     =        -0.0747
 SC_EEL =       -24.9838
 SC_RES_DIST=     0.0000  SC_RES_ANG=       0.0000  SC_RES_TORS=         0.0000
 SC_EEL_DER=      1.0104  SC_VDW_DER=      -0.9317  SC_DERIV   =         0.0787
 ------------------------------------------------------------------------------


| TI region  2


 NSTEP =   110000   TIME(PS) =     110.000  TEMP(K) =   173.54  PRESS =     0.0
 Etot   =    -40174.3714  EKtot   =     10833.5987  EPtot      =    -51007.9702
 BOND   =      7365.4186  ANGLE   =        -0.0000  DIHED      =        -0.0000
 1-4 NB =         0.0000  1-4 EEL =         0.0000  VDWAALS    =      1204.0748
 EELEC  =    -59577.4635  EHBOND  =         0.0000  RESTRAINT  =         0.0000
 DV/DL  =        15.7426
 ------------------------------------------------------------------------------

 NMR restraints: Bond =    0.000   Angle =     0.000   Torsion =     0.000
===============================================================================

| TI region  1


 NSTEP =   115000   TIME(PS) =     115.000  TEMP(K) =   180.89  PRESS =     0.0
 Etot   =    -38856.6869  EKtot   =     11298.7012  EPtot      =    -50155.3881
 BOND   =      7510.5672  ANGLE   =        -0.0000  DIHED      =         0.0000
 1-4 NB =         0.0000  1-4 EEL =         0.0000  VDWAALS    =      1069.9162
 EELEC  =    -58735.8714  EHBOND  =         0.0000  RESTRAINT  =         0.0000
 DV/DL  =        15.0396
 ------------------------------------------------------------------------------

  Softcore part of the system:      12 atoms,       TEMP(K)    =         193.58
 SC_Etot=        26.6517  SC_EKtot=         6.9241  SC_EPtot   =        19.7276
 SC_BOND=         1.4003  SC_ANGLE=         3.2734  SC_DIHED   =         0.2505
 SC_14NB=         0.7797  SC_14EEL=        43.5160  SC_VDW     =        -0.0991
 SC_EEL =       -29.3932
 SC_RES_DIST=     0.0000  SC_RES_ANG=       0.0000  SC_RES_TORS=         0.0000
 SC_EEL_DER=      3.1787  SC_VDW_DER=      -3.5058  SC_DERIV   =        -0.3272
 ------------------------------------------------------------------------------


| TI region  2


 NSTEP =   115000   TIME(PS) =     115.000  TEMP(K) =   180.88  PRESS =     0.0
 Etot   =    -38863.6110  EKtot   =     11291.7771  EPtot      =    -50155.3881
 BOND   =      7510.5672  ANGLE   =        -0.0000  DIHED      =         0.0000
 1-4 NB =         0.0000  1-4 EEL =         0.0000  VDWAALS    =      1069.9162
 EELEC  =    -58735.8714  EHBOND  =         0.0000  RESTRAINT  =         0.0000
 DV/DL  =        15.0396
 ------------------------------------------------------------------------------

 NMR restraints: Bond =    0.000   Angle =     0.000   Torsion =     0.000
===============================================================================

| TI region  1


 NSTEP =   120000   TIME(PS) =     120.000  TEMP(K) =   189.09  PRESS =     0.0
 Etot   =    -37469.3421  EKtot   =     11811.1357  EPtot      =    -49280.4778
 BOND   =      7556.0723  ANGLE   =         0.0000  DIHED      =        -0.0000
 1-4 NB =         0.0000  1-4 EEL =         0.0000  VDWAALS    =       971.4996
 EELEC  =    -57808.0497  EHBOND  =         0.0000  RESTRAINT  =         0.0000
 DV/DL  =        15.1669
 ------------------------------------------------------------------------------

  Softcore part of the system:      12 atoms,       TEMP(K)    =         177.96
 SC_Etot=        23.5456  SC_EKtot=         6.3656  SC_EPtot   =        17.1800
 SC_BOND=         1.2860  SC_ANGLE=         1.1184  SC_DIHED   =         1.2012
 SC_14NB=         0.2540  SC_14EEL=        40.2573  SC_VDW     =        -0.0725
 SC_EEL =       -26.8644
 SC_RES_DIST=     0.0000  SC_RES_ANG=       0.0000  SC_RES_TORS=         0.0000
 SC_EEL_DER=      8.4778  SC_VDW_DER=      -8.7069  SC_DERIV   =        -0.2291
 ------------------------------------------------------------------------------


| TI region  2


 NSTEP =   120000   TIME(PS) =     120.000  TEMP(K) =   189.10  PRESS =     0.0
 Etot   =    -37475.7076  EKtot   =     11804.7702  EPtot      =    -49280.4778
 BOND   =      7556.0723  ANGLE   =         0.0000  DIHED      =        -0.0000
 1-4 NB =         0.0000  1-4 EEL =         0.0000  VDWAALS    =       971.4996
 EELEC  =    -57808.0497  EHBOND  =         0.0000  RESTRAINT  =         0.0000
 DV/DL  =        15.1669
 ------------------------------------------------------------------------------

 NMR restraints: Bond =    0.000   Angle =     0.000   Torsion =     0.000
===============================================================================

| TI region  1


 NSTEP =   125000   TIME(PS) =     125.000  TEMP(K) =   197.56  PRESS =     0.0
 Etot   =    -36312.7127  EKtot   =     12340.3350  EPtot      =    -48653.0477
 BOND   =      7610.8830  ANGLE   =        -0.0000  DIHED      =        -0.0000
 1-4 NB =         0.0000  1-4 EEL =         0.0000  VDWAALS    =       695.6265
 EELEC  =    -56959.5572  EHBOND  =         0.0000  RESTRAINT  =         0.0000
 DV/DL  =        18.1647
 ------------------------------------------------------------------------------

  Softcore part of the system:      12 atoms,       TEMP(K)    =         151.84
 SC_Etot=        22.4927  SC_EKtot=         5.4312  SC_EPtot   =        17.0615
 SC_BOND=         1.2418  SC_ANGLE=         1.9508  SC_DIHED   =         1.0619
 SC_14NB=         0.7209  SC_14EEL=        40.4877  SC_VDW     =        -0.1011
 SC_EEL =       -28.3004
 SC_RES_DIST=     0.0000  SC_RES_ANG=       0.0000  SC_RES_TORS=         0.0000
 SC_EEL_DER=      5.1408  SC_VDW_DER=      -3.9135  SC_DERIV   =         1.2273
 ------------------------------------------------------------------------------


| TI region  2


 NSTEP =   125000   TIME(PS) =     125.000  TEMP(K) =   197.59  PRESS =     0.0
 Etot   =    -36318.1439  EKtot   =     12334.9038  EPtot      =    -48653.0477
 BOND   =      7610.8830  ANGLE   =        -0.0000  DIHED      =        -0.0000
 1-4 NB =         0.0000  1-4 EEL =         0.0000  VDWAALS    =       695.6265
 EELEC  =    -56959.5572  EHBOND  =         0.0000  RESTRAINT  =         0.0000
 DV/DL  =        18.1647
 ------------------------------------------------------------------------------

 NMR restraints: Bond =    0.000   Angle =     0.000   Torsion =     0.000
===============================================================================

| TI region  1


 NSTEP =   130000   TIME(PS) =     130.000  TEMP(K) =   204.07  PRESS =     0.0
 Etot   =    -35074.8738  EKtot   =     12746.6680  EPtot      =    -47821.5418
 BOND   =      7996.0447  ANGLE   =         0.0000  DIHED      =         0.0000
 1-4 NB =         0.0000  1-4 EEL =         0.0000  VDWAALS    =       579.0370
 EELEC  =    -56396.6235  EHBOND  =         0.0000  RESTRAINT  =         0.0000
 DV/DL  =        20.5104
 ------------------------------------------------------------------------------

  Softcore part of the system:      12 atoms,       TEMP(K)    =         180.72
 SC_Etot=        30.0134  SC_EKtot=         6.4642  SC_EPtot   =        23.5492
 SC_BOND=         3.8788  SC_ANGLE=         1.2550  SC_DIHED   =         2.0283
 SC_14NB=         1.0756  SC_14EEL=        44.1278  SC_VDW     =        -0.0758
 SC_EEL =       -28.7405
 SC_RES_DIST=     0.0000  SC_RES_ANG=       0.0000  SC_RES_TORS=         0.0000
 SC_EEL_DER=      5.5353  SC_VDW_DER=      -3.8159  SC_DERIV   =         1.7194
 ------------------------------------------------------------------------------


| TI region  2


 NSTEP =   130000   TIME(PS) =     130.000  TEMP(K) =   204.08  PRESS =     0.0
 Etot   =    -35081.3380  EKtot   =     12740.2038  EPtot      =    -47821.5418
 BOND   =      7996.0447  ANGLE   =         0.0000  DIHED      =         0.0000
 1-4 NB =         0.0000  1-4 EEL =         0.0000  VDWAALS    =       579.0370
 EELEC  =    -56396.6235  EHBOND  =         0.0000  RESTRAINT  =         0.0000
 DV/DL  =        20.5104
 ------------------------------------------------------------------------------

 NMR restraints: Bond =    0.000   Angle =     0.000   Torsion =     0.000
===============================================================================

| TI region  1


 NSTEP =   135000   TIME(PS) =     135.000  TEMP(K) =   212.87  PRESS =     0.0
 Etot   =    -33829.8950  EKtot   =     13296.2334  EPtot      =    -47126.1284
 BOND   =      8052.1969  ANGLE   =         0.0000  DIHED      =        -0.0000
 1-4 NB =         0.0000  1-4 EEL =        -0.0000  VDWAALS    =       498.2775
 EELEC  =    -55676.6028  EHBOND  =         0.0000  RESTRAINT  =         0.0000
 DV/DL  =        15.7304
 ------------------------------------------------------------------------------

  Softcore part of the system:      12 atoms,       TEMP(K)    =         206.79
 SC_Etot=        27.2405  SC_EKtot=         7.3966  SC_EPtot   =        19.8439
 SC_BOND=         1.5847  SC_ANGLE=         3.7063  SC_DIHED   =         0.4350
 SC_14NB=         1.0677  SC_14EEL=        43.8827  SC_VDW     =        -0.1000
 SC_EEL =       -30.7325
 SC_RES_DIST=     0.0000  SC_RES_ANG=       0.0000  SC_RES_TORS=         0.0000
 SC_EEL_DER=      2.7245  SC_VDW_DER=      -4.2281  SC_DERIV   =        -1.5036
 ------------------------------------------------------------------------------


| TI region  2


 NSTEP =   135000   TIME(PS) =     135.000  TEMP(K) =   212.87  PRESS =     0.0
 Etot   =    -33837.2916  EKtot   =     13288.8368  EPtot      =    -47126.1284
 BOND   =      8052.1969  ANGLE   =         0.0000  DIHED      =        -0.0000
 1-4 NB =         0.0000  1-4 EEL =        -0.0000  VDWAALS    =       498.2775
 EELEC  =    -55676.6028  EHBOND  =         0.0000  RESTRAINT  =         0.0000
 DV/DL  =        15.7304
 ------------------------------------------------------------------------------

 NMR restraints: Bond =    0.000   Angle =     0.000   Torsion =     0.000
===============================================================================

| TI region  1


 NSTEP =   140000   TIME(PS) =     140.000  TEMP(K) =   221.03  PRESS =     0.0
 Etot   =    -32649.5575  EKtot   =     13805.8760  EPtot      =    -46455.4335
 BOND   =      8171.3016  ANGLE   =        -0.0000  DIHED      =        -0.0000
 1-4 NB =         0.0000  1-4 EEL =         0.0000  VDWAALS    =       382.6884
 EELEC  =    -55009.4236  EHBOND  =         0.0000  RESTRAINT  =         0.0000
 DV/DL  =        14.1156
 ------------------------------------------------------------------------------

  Softcore part of the system:      12 atoms,       TEMP(K)    =         206.36
 SC_Etot=        27.9935  SC_EKtot=         7.3812  SC_EPtot   =        20.6123
 SC_BOND=         3.3592  SC_ANGLE=         3.0312  SC_DIHED   =         0.5426
 SC_14NB=         0.1054  SC_14EEL=        37.8395  SC_VDW     =        -0.0597
 SC_EEL =       -24.2060
 SC_RES_DIST=     0.0000  SC_RES_ANG=       0.0000  SC_RES_TORS=         0.0000
 SC_EEL_DER=      4.4989  SC_VDW_DER=      -4.8241  SC_DERIV   =        -0.3252
 ------------------------------------------------------------------------------


| TI region  2


 NSTEP =   140000   TIME(PS) =     140.000  TEMP(K) =   221.04  PRESS =     0.0
 Etot   =    -32656.9387  EKtot   =     13798.4948  EPtot      =    -46455.4335
 BOND   =      8171.3016  ANGLE   =        -0.0000  DIHED      =        -0.0000
 1-4 NB =         0.0000  1-4 EEL =         0.0000  VDWAALS    =       382.6884
 EELEC  =    -55009.4236  EHBOND  =         0.0000  RESTRAINT  =         0.0000
 DV/DL  =        14.1156
 ------------------------------------------------------------------------------

 NMR restraints: Bond =    0.000   Angle =     0.000   Torsion =     0.000
===============================================================================

| TI region  1


 NSTEP =   145000   TIME(PS) =     145.000  TEMP(K) =   228.17  PRESS =     0.0
 Etot   =    -31465.8414  EKtot   =     14252.2158  EPtot      =    -45718.0572
 BOND   =      8299.7129  ANGLE   =        -0.0000  DIHED      =        -0.0000
 1-4 NB =         0.0000  1-4 EEL =         0.0000  VDWAALS    =       352.8859
 EELEC  =    -54370.6560  EHBOND  =         0.0000  RESTRAINT  =         0.0000
 DV/DL  =         8.0134
 ------------------------------------------------------------------------------

  Softcore part of the system:      12 atoms,       TEMP(K)    =         140.75
 SC_Etot=        23.8853  SC_EKtot=         5.0344  SC_EPtot   =        18.8509
 SC_BOND=         2.4623  SC_ANGLE=         2.3813  SC_DIHED   =         0.4050
 SC_14NB=         0.0820  SC_14EEL=        38.7798  SC_VDW     =        -0.0673
 SC_EEL =       -25.1922
 SC_RES_DIST=     0.0000  SC_RES_ANG=       0.0000  SC_RES_TORS=         0.0000
 SC_EEL_DER=      1.5976  SC_VDW_DER=      -7.6972  SC_DERIV   =        -6.0995
 ------------------------------------------------------------------------------


| TI region  2


 NSTEP =   145000   TIME(PS) =     145.000  TEMP(K) =   228.22  PRESS =     0.0
 Etot   =    -31470.8758  EKtot   =     14247.1814  EPtot      =    -45718.0572
 BOND   =      8299.7129  ANGLE   =        -0.0000  DIHED      =        -0.0000
 1-4 NB =         0.0000  1-4 EEL =         0.0000  VDWAALS    =       352.8859
 EELEC  =    -54370.6560  EHBOND  =         0.0000  RESTRAINT  =         0.0000
 DV/DL  =         8.0134
 ------------------------------------------------------------------------------

 NMR restraints: Bond =    0.000   Angle =     0.000   Torsion =     0.000
===============================================================================

| TI region  1


 NSTEP =   150000   TIME(PS) =     150.000  TEMP(K) =   235.75  PRESS =     0.0
 Etot   =    -30262.6862  EKtot   =     14725.3086  EPtot      =    -44987.9948
 BOND   =      8475.9188  ANGLE   =        -0.0000  DIHED      =        -0.0000
 1-4 NB =         0.0000  1-4 EEL =         0.0000  VDWAALS    =       299.8932
 EELEC  =    -53763.8067  EHBOND  =         0.0000  RESTRAINT  =         0.0000
 DV/DL  =        11.8449
 ------------------------------------------------------------------------------

  Softcore part of the system:      12 atoms,       TEMP(K)    =         274.79
 SC_Etot=        30.3280  SC_EKtot=         9.8291  SC_EPtot   =        20.4988
 SC_BOND=         2.0860  SC_ANGLE=         2.6789  SC_DIHED   =         0.4528
 SC_14NB=         0.5919  SC_14EEL=        42.3316  SC_VDW     =        -0.0878
 SC_EEL =       -27.5545
 SC_RES_DIST=     0.0000  SC_RES_ANG=       0.0000  SC_RES_TORS=         0.0000
 SC_EEL_DER=      0.2527  SC_VDW_DER=      -2.3992  SC_DERIV   =        -2.1464
 ------------------------------------------------------------------------------


| TI region  2


 NSTEP =   150000   TIME(PS) =     150.000  TEMP(K) =   235.72  PRESS =     0.0
 Etot   =    -30272.5153  EKtot   =     14715.4794  EPtot      =    -44987.9948
 BOND   =      8475.9188  ANGLE   =        -0.0000  DIHED      =        -0.0000
 1-4 NB =         0.0000  1-4 EEL =         0.0000  VDWAALS    =       299.8932
 EELEC  =    -53763.8067  EHBOND  =         0.0000  RESTRAINT  =         0.0000
 DV/DL  =        11.8449
 ------------------------------------------------------------------------------

 NMR restraints: Bond =    0.000   Angle =     0.000   Torsion =     0.000
===============================================================================

| TI region  1


 NSTEP =   155000   TIME(PS) =     155.000  TEMP(K) =   244.41  PRESS =     0.0
 Etot   =    -28857.4850  EKtot   =     15266.4922  EPtot      =    -44123.9771
 BOND   =      8789.4261  ANGLE   =         0.0000  DIHED      =         0.0000
 1-4 NB =         0.0000  1-4 EEL =         0.0000  VDWAALS    =       245.4834
 EELEC  =    -53158.8867  EHBOND  =         0.0000  RESTRAINT  =         0.0000
 DV/DL  =        14.1895
 ------------------------------------------------------------------------------

  Softcore part of the system:      12 atoms,       TEMP(K)    =         312.37
 SC_Etot=        30.0706  SC_EKtot=        11.1734  SC_EPtot   =        18.8972
 SC_BOND=         1.4315  SC_ANGLE=         3.4256  SC_DIHED   =         0.6811
 SC_14NB=         0.1290  SC_14EEL=        39.3462  SC_VDW     =        -0.0784
 SC_EEL =       -26.0379
 SC_RES_DIST=     0.0000  SC_RES_ANG=       0.0000  SC_RES_TORS=         0.0000
 SC_EEL_DER=      2.3759  SC_VDW_DER=      -1.0199  SC_DERIV   =         1.3560
 ------------------------------------------------------------------------------


| TI region  2


 NSTEP =   155000   TIME(PS) =     155.000  TEMP(K) =   244.37  PRESS =     0.0
 Etot   =    -28868.6583  EKtot   =     15255.3188  EPtot      =    -44123.9771
 BOND   =      8789.4261  ANGLE   =         0.0000  DIHED      =         0.0000
 1-4 NB =         0.0000  1-4 EEL =         0.0000  VDWAALS    =       245.4834
 EELEC  =    -53158.8867  EHBOND  =         0.0000  RESTRAINT  =         0.0000
 DV/DL  =        14.1895
 ------------------------------------------------------------------------------

 NMR restraints: Bond =    0.000   Angle =     0.000   Torsion =     0.000
===============================================================================

| TI region  1


 NSTEP =   160000   TIME(PS) =     160.000  TEMP(K) =   249.64  PRESS =     0.0
 Etot   =    -27916.2767  EKtot   =     15593.1768  EPtot      =    -43509.4535
 BOND   =      8924.7180  ANGLE   =         0.0000  DIHED      =         0.0000
 1-4 NB =         0.0000  1-4 EEL =         0.0000  VDWAALS    =       279.1622
 EELEC  =    -52713.3337  EHBOND  =         0.0000  RESTRAINT  =         0.0000
 DV/DL  =         4.5990
 ------------------------------------------------------------------------------

  Softcore part of the system:      12 atoms,       TEMP(K)    =         239.80
 SC_Etot=        27.5360  SC_EKtot=         8.5774  SC_EPtot   =        18.9585
 SC_BOND=         2.4721  SC_ANGLE=         2.0674  SC_DIHED   =         1.4843
 SC_14NB=         0.0134  SC_14EEL=        34.8941  SC_VDW     =        -0.0690
 SC_EEL =       -21.9037
 SC_RES_DIST=     0.0000  SC_RES_ANG=       0.0000  SC_RES_TORS=         0.0000
 SC_EEL_DER=      3.7700  SC_VDW_DER=     -10.7619  SC_DERIV   =        -6.9920
 ------------------------------------------------------------------------------


| TI region  2


 NSTEP =   160000   TIME(PS) =     160.000  TEMP(K) =   249.65  PRESS =     0.0
 Etot   =    -27924.8542  EKtot   =     15584.5993  EPtot      =    -43509.4535
 BOND   =      8924.7180  ANGLE   =         0.0000  DIHED      =         0.0000
 1-4 NB =         0.0000  1-4 EEL =         0.0000  VDWAALS    =       279.1622
 EELEC  =    -52713.3337  EHBOND  =         0.0000  RESTRAINT  =         0.0000
 DV/DL  =         4.5990
 ------------------------------------------------------------------------------

 NMR restraints: Bond =    0.000   Angle =     0.000   Torsion =     0.000
===============================================================================

| TI region  1


 NSTEP =   165000   TIME(PS) =     165.000  TEMP(K) =   258.30  PRESS =     0.0
 Etot   =    -26726.7903  EKtot   =     16133.8936  EPtot      =    -42860.6839
 BOND   =      9074.2882  ANGLE   =        -0.0000  DIHED      =        -0.0000
 1-4 NB =         0.0000  1-4 EEL =        -0.0000  VDWAALS    =       213.4743
 EELEC  =    -52148.4464  EHBOND  =         0.0000  RESTRAINT  =         0.0000
 DV/DL  =        10.5637
 ------------------------------------------------------------------------------

  Softcore part of the system:      12 atoms,       TEMP(K)    =         316.18
 SC_Etot=        33.0027  SC_EKtot=        11.3095  SC_EPtot   =        21.6933
 SC_BOND=         4.6605  SC_ANGLE=         2.6129  SC_DIHED   =         0.9548
 SC_14NB=         0.7122  SC_14EEL=        41.2305  SC_VDW     =        -0.1027
 SC_EEL =       -28.3749
 SC_RES_DIST=     0.0000  SC_RES_ANG=       0.0000  SC_RES_TORS=         0.0000
 SC_EEL_DER=      0.6846  SC_VDW_DER=      -2.1324  SC_DERIV   =        -1.4478
 ------------------------------------------------------------------------------


| TI region  2


 NSTEP =   165000   TIME(PS) =     165.000  TEMP(K) =   258.26  PRESS =     0.0
 Etot   =    -26738.0998  EKtot   =     16122.5841  EPtot      =    -42860.6839
 BOND   =      9074.2882  ANGLE   =        -0.0000  DIHED      =        -0.0000
 1-4 NB =         0.0000  1-4 EEL =        -0.0000  VDWAALS    =       213.4743
 EELEC  =    -52148.4464  EHBOND  =         0.0000  RESTRAINT  =         0.0000
 DV/DL  =        10.5637
 ------------------------------------------------------------------------------

 NMR restraints: Bond =    0.000   Angle =     0.000   Torsion =     0.000
===============================================================================

| TI region  1


 NSTEP =   170000   TIME(PS) =     170.000  TEMP(K) =   266.93  PRESS =     0.0
 Etot   =    -25666.0453  EKtot   =     16672.8125  EPtot      =    -42338.8578
 BOND   =      9250.4715  ANGLE   =        -0.0000  DIHED      =         0.0000
 1-4 NB =         0.0000  1-4 EEL =        -0.0000  VDWAALS    =       129.9621
 EELEC  =    -51719.2913  EHBOND  =         0.0000  RESTRAINT  =         0.0000
 DV/DL  =         8.1193
 ------------------------------------------------------------------------------

  Softcore part of the system:      12 atoms,       TEMP(K)    =         323.44
 SC_Etot=        35.5884  SC_EKtot=        11.5691  SC_EPtot   =        24.0193
 SC_BOND=         6.4074  SC_ANGLE=         5.0625  SC_DIHED   =         0.6093
 SC_14NB=         0.5247  SC_14EEL=        39.9104  SC_VDW     =        -0.1094
 SC_EEL =       -28.3856
 SC_RES_DIST=     0.0000  SC_RES_ANG=       0.0000  SC_RES_TORS=         0.0000
 SC_EEL_DER=      1.8921  SC_VDW_DER=      -5.8048  SC_DERIV   =        -3.9127
 ------------------------------------------------------------------------------


| TI region  2


 NSTEP =   170000   TIME(PS) =     170.000  TEMP(K) =   266.89  PRESS =     0.0
 Etot   =    -25677.6144  EKtot   =     16661.2434  EPtot      =    -42338.8578
 BOND   =      9250.4715  ANGLE   =        -0.0000  DIHED      =         0.0000
 1-4 NB =         0.0000  1-4 EEL =        -0.0000  VDWAALS    =       129.9621
 EELEC  =    -51719.2913  EHBOND  =         0.0000  RESTRAINT  =         0.0000
 DV/DL  =         8.1193
 ------------------------------------------------------------------------------

 NMR restraints: Bond =    0.000   Angle =     0.000   Torsion =     0.000
===============================================================================

| TI region  1


 NSTEP =   175000   TIME(PS) =     175.000  TEMP(K) =   277.57  PRESS =     0.0
 Etot   =    -24571.0229  EKtot   =     17337.6348  EPtot      =    -41908.6577
 BOND   =      9198.5846  ANGLE   =        -0.0000  DIHED      =         0.0000
 1-4 NB =         0.0000  1-4 EEL =        -0.0000  VDWAALS    =       151.7598
 EELEC  =    -51259.0020  EHBOND  =         0.0000  RESTRAINT  =         0.0000
 DV/DL  =        12.2227
 ------------------------------------------------------------------------------

  Softcore part of the system:      12 atoms,       TEMP(K)    =         212.08
 SC_Etot=        33.8469  SC_EKtot=         7.5858  SC_EPtot   =        26.2611
 SC_BOND=         9.6973  SC_ANGLE=         3.7563  SC_DIHED   =         0.3650
 SC_14NB=         0.2539  SC_14EEL=        38.7509  SC_VDW     =        -0.0986
 SC_EEL =       -26.4636
 SC_RES_DIST=     0.0000  SC_RES_ANG=       0.0000  SC_RES_TORS=         0.0000
 SC_EEL_DER=      3.4886  SC_VDW_DER=      -4.3927  SC_DERIV   =        -0.9041
 ------------------------------------------------------------------------------


| TI region  2


 NSTEP =   175000   TIME(PS) =     175.000  TEMP(K) =   277.61  PRESS =     0.0
 Etot   =    -24578.6087  EKtot   =     17330.0489  EPtot      =    -41908.6577
 BOND   =      9198.5846  ANGLE   =        -0.0000  DIHED      =         0.0000
 1-4 NB =         0.0000  1-4 EEL =        -0.0000  VDWAALS    =       151.7598
 EELEC  =    -51259.0020  EHBOND  =         0.0000  RESTRAINT  =         0.0000
 DV/DL  =        12.2227
 ------------------------------------------------------------------------------

 NMR restraints: Bond =    0.000   Angle =     0.000   Torsion =     0.000
===============================================================================

| TI region  1


 NSTEP =   180000   TIME(PS) =     180.000  TEMP(K) =   284.27  PRESS =     0.0
 Etot   =    -23243.9497  EKtot   =     17756.2793  EPtot      =    -41000.2290
 BOND   =      9487.2653  ANGLE   =        -0.0000  DIHED      =         0.0000
 1-4 NB =         0.0000  1-4 EEL =         0.0000  VDWAALS    =       170.1606
 EELEC  =    -50657.6549  EHBOND  =         0.0000  RESTRAINT  =         0.0000
 DV/DL  =        12.1127
 ------------------------------------------------------------------------------

  Softcore part of the system:      12 atoms,       TEMP(K)    =         218.56
 SC_Etot=        31.9030  SC_EKtot=         7.8177  SC_EPtot   =        24.0853
 SC_BOND=         4.1950  SC_ANGLE=         6.4383  SC_DIHED   =         0.6327
 SC_14NB=         0.4211  SC_14EEL=        40.8239  SC_VDW     =        -0.1537
 SC_EEL =       -28.2720
 SC_RES_DIST=     0.0000  SC_RES_ANG=       0.0000  SC_RES_TORS=         0.0000
 SC_EEL_DER=      6.4241  SC_VDW_DER=      -7.5587  SC_DERIV   =        -1.1347
 ------------------------------------------------------------------------------


| TI region  2


 NSTEP =   180000   TIME(PS) =     180.000  TEMP(K) =   284.31  PRESS =     0.0
 Etot   =    -23251.7674  EKtot   =     17748.4616  EPtot      =    -41000.2290
 BOND   =      9487.2653  ANGLE   =        -0.0000  DIHED      =         0.0000
 1-4 NB =         0.0000  1-4 EEL =         0.0000  VDWAALS    =       170.1606
 EELEC  =    -50657.6549  EHBOND  =         0.0000  RESTRAINT  =         0.0000
 DV/DL  =        12.1127
 ------------------------------------------------------------------------------

 NMR restraints: Bond =    0.000   Angle =     0.000   Torsion =     0.000
===============================================================================

| TI region  1


 NSTEP =   185000   TIME(PS) =     185.000  TEMP(K) =   288.31  PRESS =     0.0
 Etot   =    -22429.5652  EKtot   =     18008.2617  EPtot      =    -40437.8270
 BOND   =      9896.1162  ANGLE   =        -0.0000  DIHED      =        -0.0000
 1-4 NB =         0.0000  1-4 EEL =        -0.0000  VDWAALS    =        43.6128
 EELEC  =    -50377.5559  EHBOND  =         0.0000  RESTRAINT  =         0.0000
 DV/DL  =        16.3908
 ------------------------------------------------------------------------------

  Softcore part of the system:      12 atoms,       TEMP(K)    =         247.25
 SC_Etot=        35.2995  SC_EKtot=         8.8441  SC_EPtot   =        26.4554
 SC_BOND=         8.3919  SC_ANGLE=         4.3213  SC_DIHED   =         0.5189
 SC_14NB=         0.4412  SC_14EEL=        38.9461  SC_VDW     =        -0.1398
 SC_EEL =       -26.0243
 SC_RES_DIST=     0.0000  SC_RES_ANG=       0.0000  SC_RES_TORS=         0.0000
 SC_EEL_DER=      3.7811  SC_VDW_DER=      -2.7019  SC_DERIV   =         1.0792
 ------------------------------------------------------------------------------


| TI region  2


 NSTEP =   185000   TIME(PS) =     185.000  TEMP(K) =   288.33  PRESS =     0.0
 Etot   =    -22438.4094  EKtot   =     17999.4176  EPtot      =    -40437.8270
 BOND   =      9896.1162  ANGLE   =        -0.0000  DIHED      =        -0.0000
 1-4 NB =         0.0000  1-4 EEL =        -0.0000  VDWAALS    =        43.6128
 EELEC  =    -50377.5559  EHBOND  =         0.0000  RESTRAINT  =         0.0000
 DV/DL  =        16.3908
 ------------------------------------------------------------------------------

 NMR restraints: Bond =    0.000   Angle =     0.000   Torsion =     0.000
===============================================================================

| TI region  1


 NSTEP =   190000   TIME(PS) =     190.000  TEMP(K) =   301.78  PRESS =     0.0
 Etot   =    -21086.4239  EKtot   =     18849.6250  EPtot      =    -39936.0489
 BOND   =      9897.2107  ANGLE   =        -0.0000  DIHED      =        -0.0000
 1-4 NB =         0.0000  1-4 EEL =         0.0000  VDWAALS    =       -36.7174
 EELEC  =    -49796.5421  EHBOND  =         0.0000  RESTRAINT  =         0.0000
 DV/DL  =        15.4925
 ------------------------------------------------------------------------------

  Softcore part of the system:      12 atoms,       TEMP(K)    =         485.74
 SC_Etot=        41.9836  SC_EKtot=        17.3745  SC_EPtot   =        24.6091
 SC_BOND=         6.2226  SC_ANGLE=         4.4299  SC_DIHED   =         0.7939
 SC_14NB=         0.2128  SC_14EEL=        37.5133  SC_VDW     =        -0.1397
 SC_EEL =       -24.4236
 SC_RES_DIST=     0.0000  SC_RES_ANG=       0.0000  SC_RES_TORS=         0.0000
 SC_EEL_DER=      4.6160  SC_VDW_DER=      -3.5725  SC_DERIV   =         1.0434
 ------------------------------------------------------------------------------


| TI region  2


 NSTEP =   190000   TIME(PS) =     190.000  TEMP(K) =   301.67  PRESS =     0.0
 Etot   =    -21103.7984  EKtot   =     18832.2505  EPtot      =    -39936.0489
 BOND   =      9897.2107  ANGLE   =        -0.0000  DIHED      =        -0.0000
 1-4 NB =         0.0000  1-4 EEL =         0.0000  VDWAALS    =       -36.7174
 EELEC  =    -49796.5421  EHBOND  =         0.0000  RESTRAINT  =         0.0000
 DV/DL  =        15.4925
 ------------------------------------------------------------------------------

 NMR restraints: Bond =    0.000   Angle =     0.000   Torsion =     0.000
===============================================================================

| TI region  1


 NSTEP =   195000   TIME(PS) =     195.000  TEMP(K) =   298.84  PRESS =     0.0
 Etot   =    -21297.6539  EKtot   =     18666.3457  EPtot      =    -39963.9996
 BOND   =      9898.8652  ANGLE   =        -0.0000  DIHED      =         0.0000
 1-4 NB =         0.0000  1-4 EEL =         0.0000  VDWAALS    =         9.7370
 EELEC  =    -49872.6018  EHBOND  =         0.0000  RESTRAINT  =         0.0000
 DV/DL  =        10.1373
 ------------------------------------------------------------------------------

  Softcore part of the system:      12 atoms,       TEMP(K)    =         309.91
 SC_Etot=        35.0205  SC_EKtot=        11.0853  SC_EPtot   =        23.9352
 SC_BOND=         5.5668  SC_ANGLE=         4.5742  SC_DIHED   =         0.4284
 SC_14NB=         1.2020  SC_14EEL=        42.5394  SC_VDW     =        -0.1151
 SC_EEL =       -30.2607
 SC_RES_DIST=     0.0000  SC_RES_ANG=       0.0000  SC_RES_TORS=         0.0000
 SC_EEL_DER=      2.2643  SC_VDW_DER=      -5.0120  SC_DERIV   =        -2.7477
 ------------------------------------------------------------------------------


| TI region  2


 NSTEP =   195000   TIME(PS) =     195.000  TEMP(K) =   298.83  PRESS =     0.0
 Etot   =    -21308.7392  EKtot   =     18655.2604  EPtot      =    -39963.9996
 BOND   =      9898.8652  ANGLE   =        -0.0000  DIHED      =         0.0000
 1-4 NB =         0.0000  1-4 EEL =         0.0000  VDWAALS    =         9.7370
 EELEC  =    -49872.6018  EHBOND  =         0.0000  RESTRAINT  =         0.0000
 DV/DL  =        10.1373
 ------------------------------------------------------------------------------

 NMR restraints: Bond =    0.000   Angle =     0.000   Torsion =     0.000
===============================================================================

| TI region  1


 NSTEP =   200000   TIME(PS) =     200.000  TEMP(K) =   300.72  PRESS =     0.0
 Etot   =    -21190.1075  EKtot   =     18783.6523  EPtot      =    -39973.7599
 BOND   =      9792.5878  ANGLE   =        -0.0000  DIHED      =         0.0000
 1-4 NB =         0.0000  1-4 EEL =         0.0000  VDWAALS    =       119.2123
 EELEC  =    -49885.5600  EHBOND  =         0.0000  RESTRAINT  =         0.0000
 DV/DL  =         1.2336
 ------------------------------------------------------------------------------

  Softcore part of the system:      12 atoms,       TEMP(K)    =         233.81
 SC_Etot=        29.8013  SC_EKtot=         8.3631  SC_EPtot   =        21.4383
 SC_BOND=         4.4931  SC_ANGLE=         3.2602  SC_DIHED   =         0.5007
 SC_14NB=         0.8434  SC_14EEL=        43.1454  SC_VDW     =        -0.1133
 SC_EEL =       -30.6911
 SC_RES_DIST=     0.0000  SC_RES_ANG=       0.0000  SC_RES_TORS=         0.0000
 SC_EEL_DER=     -2.9974  SC_VDW_DER=      -7.2001  SC_DERIV   =       -10.1976
 ------------------------------------------------------------------------------


| TI region  2


 NSTEP =   200000   TIME(PS) =     200.000  TEMP(K) =   300.76  PRESS =     0.0
 Etot   =    -21198.4706  EKtot   =     18775.2893  EPtot      =    -39973.7599
 BOND   =      9792.5878  ANGLE   =        -0.0000  DIHED      =         0.0000
 1-4 NB =         0.0000  1-4 EEL =         0.0000  VDWAALS    =       119.2123
 EELEC  =    -49885.5600  EHBOND  =         0.0000  RESTRAINT  =         0.0000
 DV/DL  =         1.2336
 ------------------------------------------------------------------------------

 NMR restraints: Bond =    0.000   Angle =     0.000   Torsion =     0.000
===============================================================================

| TI region  1


      A V E R A G E S   O V E R      40 S T E P S


 NSTEP =   200000   TIME(PS) =     200.000  TEMP(K) =   160.50  PRESS =     0.0
 Etot   =    -42039.7094  EKtot   =     10025.1994  EPtot      =    -52064.9087
 BOND   =      7112.0947  ANGLE   =        -0.0000  DIHED      =        -0.0000
 1-4 NB =         0.0000  1-4 EEL =         0.0000  VDWAALS    =      1934.5779
 EELEC  =    -61111.5813  EHBOND  =         0.0000  RESTRAINT  =         0.0000
 DV/DL  =        14.6418
 ------------------------------------------------------------------------------

 NMR restraints: Bond =    0.000   Angle =     0.000   Torsion =     0.000
===============================================================================
  Softcore part of the system:      12 atoms,       TEMP(K)    =         162.06
 SC_Etot=        24.6276  SC_EKtot=         5.7967  SC_EPtot   =        18.8309
 SC_BOND=         2.3509  SC_ANGLE=         2.2572  SC_DIHED   =         0.6892
 SC_14NB=         0.4586  SC_14EEL=        40.4679  SC_VDW     =        -0.0917
 SC_EEL =       -27.3012
 SC_RES_DIST=     0.0000  SC_RES_ANG=       0.0000  SC_RES_TORS=         0.0000
 SC_EEL_DER=      3.5444  SC_VDW_DER=      -3.4941  SC_DERIV   =         0.0502
 ------------------------------------------------------------------------------


      R M S  F L U C T U A T I O N S


 NSTEP =   200000   TIME(PS) =     200.000  TEMP(K) =    90.21  PRESS =     0.0
 Etot   =     13562.8061  EKtot   =      5634.6302  EPtot      =      7941.5417
 BOND   =      1778.5311  ANGLE   =         0.0000  DIHED      =         0.0000
 1-4 NB =         0.0000  1-4 EEL =         0.0000  VDWAALS    =      1616.3041
 EELEC  =      7775.9486  EHBOND  =         0.0000  RESTRAINT  =         0.0000
 DV/DL  =         4.2383
 ------------------------------------------------------------------------------

  Softcore part of the system:      12 atoms,       TEMP(K)    =         103.41
 SC_Etot=         6.6539  SC_EKtot=         3.6987  SC_EPtot   =         3.3465
 SC_BOND=         2.2285  SC_ANGLE=         1.4569  SC_DIHED   =         0.4365
 SC_14NB=         0.2896  SC_14EEL=         2.0028  SC_VDW     =         0.0202
 SC_EEL =         1.9511
 SC_RES_DIST=     0.0000  SC_RES_ANG=       0.0000  SC_RES_TORS=         0.0000
 SC_EEL_DER=      2.3356  SC_VDW_DER=       2.4775  SC_DERIV   =         2.9258
 ------------------------------------------------------------------------------


| TI region  2


      A V E R A G E S   O V E R      40 S T E P S


 NSTEP =   200000   TIME(PS) =     200.000  TEMP(K) =   160.50  PRESS =     0.0
 Etot   =    -42045.5061  EKtot   =     10019.4027  EPtot      =    -52064.9087
 BOND   =      7112.0947  ANGLE   =        -0.0000  DIHED      =        -0.0000
 1-4 NB =         0.0000  1-4 EEL =         0.0000  VDWAALS    =      1934.5779
 EELEC  =    -61111.5813  EHBOND  =         0.0000  RESTRAINT  =         0.0000
 DV/DL  =        14.6418
 ------------------------------------------------------------------------------

 NMR restraints: Bond =    0.000   Angle =     0.000   Torsion =     0.000
===============================================================================

      R M S  F L U C T U A T I O N S


 NSTEP =   200000   TIME(PS) =     200.000  TEMP(K) =    90.21  PRESS =     0.0
 Etot   =     13559.5138  EKtot   =      5631.3313  EPtot      =      7941.5417
 BOND   =      1778.5311  ANGLE   =         0.0000  DIHED      =         0.0000
 1-4 NB =         0.0000  1-4 EEL =         0.0000  VDWAALS    =      1616.3041
 EELEC  =      7775.9486  EHBOND  =         0.0000  RESTRAINT  =         0.0000
 DV/DL  =         4.2383
 ------------------------------------------------------------------------------


      DV/DL, AVERAGES OVER      40 STEPS


 NSTEP =   200000   TIME(PS) =     200.000  TEMP(K) =    90.21  PRESS =     0.0
 Etot   =         0.0000  EKtot   =         0.0000  EPtot      =        14.6418
 BOND   =         0.0000  ANGLE   =         0.0000  DIHED      =         0.0000
 1-4 NB =         0.0000  1-4 EEL =         0.0000  VDWAALS    =         8.9037
 EELEC  =         5.6879  EHBOND  =         0.0000  RESTRAINT  =         0.0000
 DV/DL  =        14.6418
 ------------------------------------------------------------------------------


 NMR restraints on final step:

--------------------------------------------------------------------------------
   5.  TIMINGS
--------------------------------------------------------------------------------

|  NonSetup CPU Time in Major Routines:
|
|     Routine           Sec        %
|     ------------------------------
|     Nonbond         154.90   31.29
|     Bond              0.00    0.00
|     Angle             0.00    0.00
|     Dihedral          0.00    0.00
|     Shake             0.00    0.00
|     RunMD           339.34   68.54
|     Other             0.87    0.18
|     ------------------------------
|     Total           495.11

|  PME Nonbond Pairlist CPU Time:
|
|     Routine              Sec        %
|     ---------------------------------
|     Set Up Cit           0.00    0.00
|     Build List           0.00    0.00
|     ---------------------------------
|     Total                0.00    0.00

|  PME Direct Force CPU Time:
|
|     Routine              Sec        %
|     ---------------------------------
|     NonBonded Calc       0.00    0.00
|     Exclude Masked       0.00    0.00
|     Other                0.60    0.12
|     ---------------------------------
|     Total                0.60    0.12

|  PME Reciprocal Force CPU Time:
|
|     Routine              Sec        %
|     ---------------------------------
|     1D bspline           0.00    0.00
|     Grid Charges         0.00    0.00
|     Scalar Sum           0.00    0.00
|     Gradient Sum         0.00    0.00
|     FFT                  0.00    0.00
|     ---------------------------------
|     Total                0.00    0.00

|  Final Performance Info:
|     -----------------------------------------------------
|     Average timings for last       1 steps:
|     Elapsed(s) =       0.00 Per Step(ms) =       2.93
|         ns/day =      29.48   seconds/ns =    2931.15
|
|     Average timings for all steps:
|     Elapsed(s) =     495.56 Per Step(ms) =       2.48
|         ns/day =      34.87   seconds/ns =    2477.81
|     -----------------------------------------------------

|  Setup CPU time:            0.46 seconds
|  NonSetup CPU time:       495.11 seconds
|  Total CPU time:          495.57 seconds     0.14 hours

|  Setup wall time:           0    seconds
|  NonSetup wall time:      496    seconds
|  Total wall time:         496    seconds     0.14 hours
