
          -------------------------------------------------------
          Amber 18 PMEMD                              2018
          -------------------------------------------------------

| PMEMD implementation of SANDER, Release 18

| Run on 07/20/2020 at 15:02:55

|   Executable path: /opt/software/Amber/18-foss-2018b-AmberTools-19/bin/pmemd.cuda
| Working directory: /mnt/gs18/scratch/users/songlin3/run/ti_en/tip3p_gas/step1/0.95206
|          Hostname: lac-140

  [-O]verwriting output

File Assignments:
|   MDIN: heat.in                                                               
|  MDOUT: heat.out                                                              
| INPCRD: min.rst                                                               
|   PARM: en_step1_final.prmtop                                                 
| RESTRT: heat.rst                                                              
|   REFC: min.rst                                                               
|  MDVEL: mdvel                                                                 
|   MDEN: mden                                                                  
|  MDCRD: heat.netcdf                                                           
| MDINFO: heat.mdinfo                                                           
|  MDFRC: mdfrc                                                                 


 Here is the input file:

nvt for free MD                                                                
 &cntrl                                                                        
  imin=0,                                                                      
  irest=0,                                                                     
  ntx=1,                                                                       
  ig=-1,                                                                       
  nstlim=100000,                                                               
  dt=0.002,                                                                    
  cut=10.0,                                                                    
  ntc=2,                                                                       
  ntf=2,                                                                       
  ntb=1,                                                                       
  ntt=3,                                                                       
  gamma_ln=2.0,                                                                
  tempi=0.0,                                                                   
  temp0=300.0,                                                                 
  ntpr=5000,                                                                   
  ntwr=5000,                                                                   
  ntwx=10000,                                                                  
  ntwv=0,                                                                      
  ioutfm=1,                                                                    
  iwrap=0,                                                                     
  nmropt=1,                                                                    
  ifsc = 0, icfe=1,                                                            
  clambda=0.95206,                                                             
  timask1=':1',                                                                
  timask2=':2', crgmask = ':2',                                                
/                                                                              
&wt TYPE='TEMP0', istep1=0, istep2=90000, value1=0.0, value2=300.0 /           
&wt TYPE='TEMP0', istep1=90001, istep2=100000, value1=300.0, value2=300.0 /    
&wt TYPE='DUMPFREQ', istep1=10000, /                                           
&wt TYPE='END', /                                                              


Note: ig = -1. Setting random seed to   732817 based on wallclock time in 
      microseconds.
| irandom = 1, using AMBER's internal random number generator (default).
 
|--------------------- INFORMATION ----------------------
| GPU (CUDA) Version of PMEMD in use: NVIDIA GPU IN USE.
|                    Version 18.0.0
| 
|                      03/25/2018
| 
| Implementation by:
|                    Ross C. Walker     (SDSC)
|                    Scott Le Grand     (nVIDIA)
| 
| Version 18 performance extensions by:
|                    David Cerutti     (Rutgers)
| 
| Precision model in use:
|      [SPFP] - Single Precision Forces, 64-bit Fixed Point
|               Accumulation. (Default)
| 
|--------------------------------------------------------
 
|----------------- CITATION INFORMATION -----------------
|
|    When publishing work that utilized the CUDA version
|    of AMBER, please cite the following in addition to
|    the regular AMBER citations:
|
|  - Romelia Salomon-Ferrer; Andreas W. Goetz; Duncan
|    Poole; Scott Le Grand; Ross C. Walker "Routine
|    microsecond molecular dynamics simulations with
|    AMBER - Part II: Particle Mesh Ewald", J. Chem.
|    Theory Comput., 2013, 9 (9), pp3878-3888,
|    DOI: 10.1021/ct400314y.
|
|  - Andreas W. Goetz; Mark J. Williamson; Dong Xu;
|    Duncan Poole; Scott Le Grand; Ross C. Walker
|    "Routine microsecond molecular dynamics simulations
|    with AMBER - Part I: Generalized Born", J. Chem.
|    Theory Comput., 2012, 8 (5), pp1542-1555.
|
|  - Scott Le Grand; Andreas W. Goetz; Ross C. Walker
|    "SPFP: Speed without compromise - a mixed precision
|    model for GPU accelerated molecular dynamics
|    simulations.", Comp. Phys. Comm., 2013, 184
|    pp374-380, DOI: 10.1016/j.cpc.2012.09.022
|
|    When publishing work that utilized the CUDA version
|    of TI, BAR, MBAR or FEP please cite the following 
|    three publications in addition to the regular AMBER 
|    GPU citations:
|
|  - Daniel J. Mermelstein; Charles Lin; Gard Nelson; 
|    Rachael Kretsch; J. Andrew McCammon; Ross C. Walker
|    "Fast and Flexible GPU Accelerated Binding 
|    Free Energy Calculations within the AMBER Molecular
|    Dynamics Package" J. Comp. Chem., 2018,
|    DOI: 10.1002/jcc.25187
|
|  - Tai-Sung Lee; Yuan Hu; Brad Sherborne; Zhuyan Guo;
|    Darrin M. York
|    "Toward Fast and Accurate Binding Affinity Prediction with
|    pmemdGTI: An Efficient Implementation of GPU-Accelerated
|    Thermodynamic Integration"
|    J. Chem. Theory Comput., 2017, 13 (7), 3077
|
|
|--------------------------------------------------------
 
|------------------- GPU DEVICE INFO --------------------
|
|            CUDA_VISIBLE_DEVICES: 0
|   CUDA Capable Devices Detected:      1
|           CUDA Device ID in use:      0
|                CUDA Device Name: Tesla K80
|     CUDA Device Global Mem Size:  11441 MB
| CUDA Device Num Multiprocessors:     13
|           CUDA Device Core Freq:   0.82 GHz
|
|--------------------------------------------------------
 
 
| Conditional Compilation Defines Used:
| PUBFFT
| BINTRAJ
| CUDA
| EMIL

| Largest sphere to fit in unit cell has radius =    27.375

| New format PARM file being parsed.
| Version =    1.000 Date = 07/20/20 Time = 14:54:09

| Note: 1-4 EEL scale factors are being read from the topology file.

| Note: 1-4 VDW scale factors are being read from the topology file.
| Duplicated    0 dihedrals

| Duplicated    0 dihedrals

--------------------------------------------------------------------------------
   1.  RESOURCE   USE: 
--------------------------------------------------------------------------------

 getting box info from netcdf restart file
 NATOM  =      24 NTYPES =       6 NBONH =      16 MBONA  =       6
 NTHETH =      32 MTHETA =       4 NPHIH =      40 MPHIA  =       2
 NHPARM =       0 NPARM  =       0 NNB   =     102 NRES   =       2
 NBONA  =       6 NTHETA =       4 NPHIA =       2 NUMBND =       4
 NUMANG =       6 NPTRA  =       2 NATYP =       6 NPHB   =       1
 IFBOX  =       2 NMXRS  =      12 IFCAP =       0 NEXTRA =       0
 NCOPY  =       0

| Coordinate Index Table dimensions:    10   10   10
| Direct force subcell size =     6.7054    6.7054    6.7054

     BOX TYPE: TRUNCATED OCTAHEDRON

--------------------------------------------------------------------------------
   2.  CONTROL  DATA  FOR  THE  RUN
--------------------------------------------------------------------------------

default_name                                                                    

General flags:
     imin    =       0, nmropt  =       1

Nature and format of input:
     ntx     =       1, irest   =       0, ntrx    =       1

Nature and format of output:
     ntxo    =       2, ntpr    =    5000, ntrx    =       1, ntwr    =    5000
     iwrap   =       0, ntwx    =   10000, ntwv    =       0, ntwe    =       0
     ioutfm  =       1, ntwprt  =       0, idecomp =       0, rbornstat=      0

Potential function:
     ntf     =       2, ntb     =       1, igb     =       0, nsnb    =      25
     ipol    =       0, gbsa    =       0, iesp    =       0
     dielc   =   1.00000, cut     =  10.00000, intdiel =   1.00000

Frozen or restrained atoms:
     ibelly  =       0, ntr     =       0

Molecular dynamics:
     nstlim  =    100000, nscm    =      1000, nrespa  =         1
     t       =   0.00000, dt      =   0.00200, vlimit  =  -1.00000

Langevin dynamics temperature regulation:
     ig      =  732817
     temp0   = 300.00000, tempi   =   0.00000, gamma_ln=   2.00000

SHAKE:
     ntc     =       2, jfastw  =       0
     tol     =   0.00001

NMR refinement options:
     iscale  =       0, noeskp  =       1, ipnlty  =       1, mxsub   =       1
     scalm   = 100.00000, pencut  =   0.10000, tausw   =   0.10000

Free energy options:
     icfe    =       1, ifsc    =       0, klambda =       1
     clambda =  0.9521, scalpha =  0.5000, scbeta  = 12.0000
     sceeorder =       2
     dynlmb =  0.0000 logdvdl =       0

| Intermolecular bonds treatment:
|     no_intermolecular_bonds =       1

| Energy averages sample interval:
|     ene_avg_sampling =    5000

Ewald parameters:
     verbose =       0, ew_type =       0, nbflag  =       1, use_pme =       1
     vdwmeth =       1, eedmeth =       1, netfrc  =       1
     Box X =   67.054   Box Y =   67.054   Box Z =   67.054
     Alpha =  109.471   Beta  =  109.471   Gamma =  109.471
     NFFT1 =   64       NFFT2 =   64       NFFT3 =   64
     Cutoff=   10.000   Tol   =0.100E-04
     Ewald Coefficient =  0.27511
     Interpolation order =    4
     TI Mask 1 :1; matches     12 atoms
     TI Mask 2 :2; matches     12 atoms
     TI region 1:      12 atoms
     TI region 2:      12 atoms
Removing charge of      -0.6664 from atom      13
Removing charge of      -0.6664 from atom      14
Removing charge of      -0.0664 from atom      15
Removing charge of      -0.0664 from atom      16
Removing charge of       0.2792 from atom      17
Removing charge of       0.2802 from atom      18
Removing charge of       0.2802 from atom      19
Removing charge of       0.2792 from atom      20
Removing charge of       0.0898 from atom      21
Removing charge of       0.0837 from atom      22
Removing charge of       0.0898 from atom      23
Removing charge of       0.0837 from atom      24
Total charge of  -0.00000000 removed from      12 atoms
     Checking for mismatched coordinates.

--------------------------------------------------------------------------------
   3.  ATOMIC COORDINATES AND VELOCITIES
--------------------------------------------------------------------------------

default_name                                                                    
 begin time read from input coords =     0.000 ps



           Begin reading energy term weight changes/NMR restraints
 WEIGHT CHANGES:
 TEMP0         0  90000    0.000000  300.000000      0      0
 TEMP0     90001 100000  300.000000  300.000000      0      0
 DUMPFREQ  10000      0    0.000000    0.000000      0      0

 RESTRAINTS:
                          ** No restraint defined **

                  Done reading weight changes/NMR restraints


 
 Number of triangulated 3-point waters found:        0

     Sum of charges for TI region  1 =  -0.00000000
     Forcing neutrality...


     Sum of charges for TI region  2 =   0.00000000
     Forcing neutrality...

| Dynamic Memory, Types Used:
| Reals              144505
| Integers             2423

| Nonbonded Pairs Initial Allocation:        7259

| GPU memory information (estimate):
| KB of GPU memory in use:         0
| KB of CPU memory in use:         0

--------------------------------------------------------------------------------
   4.  RESULTS
--------------------------------------------------------------------------------


| TI region  1


 NSTEP =        0   TIME(PS) =       0.000  TEMP(K) =     0.00  PRESS =     0.0
 Etot   =         1.0035  EKtot   =         0.0000  EPtot      =         1.0035
 BOND   =         0.0104  ANGLE   =         0.0661  DIHED      =         0.0557
 1-4 NB =         0.2820  1-4 EEL =         1.9573  VDWAALS    =        -0.0791
 EELEC  =        -1.2890  EHBOND  =         0.0000  RESTRAINT  =         0.0000
 DV/DL  =       -13.9413
 ------------------------------------------------------------------------------


| TI region  2


 NSTEP =        0   TIME(PS) =       0.000  TEMP(K) =     0.00  PRESS =     0.0
 Etot   =         1.0035  EKtot   =         0.0000  EPtot      =         1.0035
 BOND   =         0.0104  ANGLE   =         0.0661  DIHED      =         0.0557
 1-4 NB =         0.2820  1-4 EEL =         1.9573  VDWAALS    =        -0.0791
 EELEC  =        -1.2890  EHBOND  =         0.0000  RESTRAINT  =         0.0000
 DV/DL  =       -13.9413
 ------------------------------------------------------------------------------

 NMR restraints: Bond =    0.000   Angle =     0.000   Torsion =     0.000
===============================================================================

| TI region  1


 NSTEP =     5000   TIME(PS) =      10.000  TEMP(K) =    24.68  PRESS =     0.0
 Etot   =         2.1311  EKtot   =         0.6866  EPtot      =         1.4445
 BOND   =         0.1339  ANGLE   =         0.5455  DIHED      =         0.0515
 1-4 NB =         0.1091  1-4 EEL =         1.9223  VDWAALS    =        -0.0713
 EELEC  =        -1.2465  EHBOND  =         0.0000  RESTRAINT  =         0.0000
 DV/DL  =       -14.0973
 ------------------------------------------------------------------------------


| TI region  2


 NSTEP =     5000   TIME(PS) =      10.000  TEMP(K) =    24.68  PRESS =     0.0
 Etot   =         2.1311  EKtot   =         0.6866  EPtot      =         1.4445
 BOND   =         0.1339  ANGLE   =         0.5455  DIHED      =         0.0515
 1-4 NB =         0.1091  1-4 EEL =         1.9223  VDWAALS    =        -0.0713
 EELEC  =        -1.2465  EHBOND  =         0.0000  RESTRAINT  =         0.0000
 DV/DL  =       -14.0973
 ------------------------------------------------------------------------------

 NMR restraints: Bond =    0.000   Angle =     0.000   Torsion =     0.000
===============================================================================

| TI region  1


 NSTEP =    10000   TIME(PS) =      20.000  TEMP(K) =    41.10  PRESS =     0.0
 Etot   =         3.0522  EKtot   =         1.1434  EPtot      =         1.9088
 BOND   =         0.0496  ANGLE   =         0.7338  DIHED      =         0.0821
 1-4 NB =         0.4725  1-4 EEL =         1.9913  VDWAALS    =        -0.0896
 EELEC  =        -1.3308  EHBOND  =         0.0000  RESTRAINT  =         0.0000
 DV/DL  =       -13.7771
 ------------------------------------------------------------------------------


| TI region  2


 NSTEP =    10000   TIME(PS) =      20.000  TEMP(K) =    41.10  PRESS =     0.0
 Etot   =         3.0522  EKtot   =         1.1434  EPtot      =         1.9088
 BOND   =         0.0496  ANGLE   =         0.7338  DIHED      =         0.0821
 1-4 NB =         0.4725  1-4 EEL =         1.9913  VDWAALS    =        -0.0896
 EELEC  =        -1.3308  EHBOND  =         0.0000  RESTRAINT  =         0.0000
 DV/DL  =       -13.7771
 ------------------------------------------------------------------------------

 NMR restraints: Bond =    0.000   Angle =     0.000   Torsion =     0.000
===============================================================================

| TI region  1


 NSTEP =    15000   TIME(PS) =      30.000  TEMP(K) =    45.80  PRESS =     0.0
 Etot   =         3.7187  EKtot   =         1.2741  EPtot      =         2.4446
 BOND   =         0.2293  ANGLE   =         1.0893  DIHED      =         0.1798
 1-4 NB =         0.3534  1-4 EEL =         1.9476  VDWAALS    =        -0.0826
 EELEC  =        -1.2721  EHBOND  =         0.0000  RESTRAINT  =         0.0000
 DV/DL  =       -14.0886
 ------------------------------------------------------------------------------


| TI region  2


 NSTEP =    15000   TIME(PS) =      30.000  TEMP(K) =    45.80  PRESS =     0.0
 Etot   =         3.7187  EKtot   =         1.2741  EPtot      =         2.4446
 BOND   =         0.2293  ANGLE   =         1.0893  DIHED      =         0.1798
 1-4 NB =         0.3534  1-4 EEL =         1.9476  VDWAALS    =        -0.0826
 EELEC  =        -1.2721  EHBOND  =         0.0000  RESTRAINT  =         0.0000
 DV/DL  =       -14.0886
 ------------------------------------------------------------------------------

 NMR restraints: Bond =    0.000   Angle =     0.000   Torsion =     0.000
===============================================================================

| TI region  1


 NSTEP =    20000   TIME(PS) =      40.000  TEMP(K) =    71.53  PRESS =     0.0
 Etot   =         4.3122  EKtot   =         1.9900  EPtot      =         2.3223
 BOND   =         0.1533  ANGLE   =         0.7829  DIHED      =         0.4499
 1-4 NB =         0.3258  1-4 EEL =         1.9423  VDWAALS    =        -0.0685
 EELEC  =        -1.2635  EHBOND  =         0.0000  RESTRAINT  =         0.0000
 DV/DL  =       -14.1595
 ------------------------------------------------------------------------------


| TI region  2


 NSTEP =    20000   TIME(PS) =      40.000  TEMP(K) =    71.53  PRESS =     0.0
 Etot   =         4.3122  EKtot   =         1.9900  EPtot      =         2.3223
 BOND   =         0.1533  ANGLE   =         0.7829  DIHED      =         0.4499
 1-4 NB =         0.3258  1-4 EEL =         1.9423  VDWAALS    =        -0.0685
 EELEC  =        -1.2635  EHBOND  =         0.0000  RESTRAINT  =         0.0000
 DV/DL  =       -14.1595
 ------------------------------------------------------------------------------

 NMR restraints: Bond =    0.000   Angle =     0.000   Torsion =     0.000
===============================================================================

| TI region  1


 NSTEP =    25000   TIME(PS) =      50.000  TEMP(K) =    75.20  PRESS =     0.0
 Etot   =         4.4652  EKtot   =         2.0920  EPtot      =         2.3732
 BOND   =         0.0473  ANGLE   =         1.1238  DIHED      =         0.1516
 1-4 NB =         0.4696  1-4 EEL =         2.0191  VDWAALS    =        -0.0892
 EELEC  =        -1.3489  EHBOND  =         0.0000  RESTRAINT  =         0.0000
 DV/DL  =       -13.9790
 ------------------------------------------------------------------------------


| TI region  2


 NSTEP =    25000   TIME(PS) =      50.000  TEMP(K) =    75.20  PRESS =     0.0
 Etot   =         4.4652  EKtot   =         2.0920  EPtot      =         2.3732
 BOND   =         0.0473  ANGLE   =         1.1238  DIHED      =         0.1516
 1-4 NB =         0.4696  1-4 EEL =         2.0191  VDWAALS    =        -0.0892
 EELEC  =        -1.3489  EHBOND  =         0.0000  RESTRAINT  =         0.0000
 DV/DL  =       -13.9790
 ------------------------------------------------------------------------------

 NMR restraints: Bond =    0.000   Angle =     0.000   Torsion =     0.000
===============================================================================

| TI region  1


 NSTEP =    30000   TIME(PS) =      60.000  TEMP(K) =   103.24  PRESS =     0.0
 Etot   =         6.9829  EKtot   =         2.8722  EPtot      =         4.1107
 BOND   =         0.6786  ANGLE   =         2.3041  DIHED      =         0.5159
 1-4 NB =        -0.0038  1-4 EEL =         1.8314  VDWAALS    =        -0.0593
 EELEC  =        -1.1561  EHBOND  =         0.0000  RESTRAINT  =         0.0000
 DV/DL  =       -14.0856
 ------------------------------------------------------------------------------


| TI region  2


 NSTEP =    30000   TIME(PS) =      60.000  TEMP(K) =   103.24  PRESS =     0.0
 Etot   =         6.9829  EKtot   =         2.8722  EPtot      =         4.1107
 BOND   =         0.6786  ANGLE   =         2.3041  DIHED      =         0.5159
 1-4 NB =        -0.0038  1-4 EEL =         1.8314  VDWAALS    =        -0.0593
 EELEC  =        -1.1561  EHBOND  =         0.0000  RESTRAINT  =         0.0000
 DV/DL  =       -14.0856
 ------------------------------------------------------------------------------

 NMR restraints: Bond =    0.000   Angle =     0.000   Torsion =     0.000
===============================================================================

| TI region  1


 NSTEP =    35000   TIME(PS) =      70.000  TEMP(K) =    67.46  PRESS =     0.0
 Etot   =         5.7930  EKtot   =         1.8769  EPtot      =         3.9161
 BOND   =         0.3063  ANGLE   =         2.3598  DIHED      =         0.5975
 1-4 NB =         0.0615  1-4 EEL =         1.8598  VDWAALS    =        -0.0683
 EELEC  =        -1.2005  EHBOND  =         0.0000  RESTRAINT  =         0.0000
 DV/DL  =       -13.7515
 ------------------------------------------------------------------------------


| TI region  2


 NSTEP =    35000   TIME(PS) =      70.000  TEMP(K) =    67.46  PRESS =     0.0
 Etot   =         5.7930  EKtot   =         1.8769  EPtot      =         3.9161
 BOND   =         0.3063  ANGLE   =         2.3598  DIHED      =         0.5975
 1-4 NB =         0.0615  1-4 EEL =         1.8598  VDWAALS    =        -0.0683
 EELEC  =        -1.2005  EHBOND  =         0.0000  RESTRAINT  =         0.0000
 DV/DL  =       -13.7515
 ------------------------------------------------------------------------------

 NMR restraints: Bond =    0.000   Angle =     0.000   Torsion =     0.000
===============================================================================

| TI region  1


 NSTEP =    40000   TIME(PS) =      80.000  TEMP(K) =   132.20  PRESS =     0.0
 Etot   =         9.1763  EKtot   =         3.6778  EPtot      =         5.4985
 BOND   =         0.4162  ANGLE   =         3.6473  DIHED      =         0.3570
 1-4 NB =         0.5410  1-4 EEL =         1.9949  VDWAALS    =        -0.0972
 EELEC  =        -1.3606  EHBOND  =         0.0000  RESTRAINT  =         0.0000
 DV/DL  =       -13.2304
 ------------------------------------------------------------------------------


| TI region  2


 NSTEP =    40000   TIME(PS) =      80.000  TEMP(K) =   132.20  PRESS =     0.0
 Etot   =         9.1763  EKtot   =         3.6778  EPtot      =         5.4985
 BOND   =         0.4162  ANGLE   =         3.6473  DIHED      =         0.3570
 1-4 NB =         0.5410  1-4 EEL =         1.9949  VDWAALS    =        -0.0972
 EELEC  =        -1.3606  EHBOND  =         0.0000  RESTRAINT  =         0.0000
 DV/DL  =       -13.2304
 ------------------------------------------------------------------------------

 NMR restraints: Bond =    0.000   Angle =     0.000   Torsion =     0.000
===============================================================================

| TI region  1


 NSTEP =    45000   TIME(PS) =      90.000  TEMP(K) =   214.55  PRESS =     0.0
 Etot   =        10.8294  EKtot   =         5.9688  EPtot      =         4.8606
 BOND   =         0.2921  ANGLE   =         2.7395  DIHED      =         0.9979
 1-4 NB =         0.2751  1-4 EEL =         1.8899  VDWAALS    =        -0.0760
 EELEC  =        -1.2579  EHBOND  =         0.0000  RESTRAINT  =         0.0000
 DV/DL  =       -13.1848
 ------------------------------------------------------------------------------


| TI region  2


 NSTEP =    45000   TIME(PS) =      90.000  TEMP(K) =   214.55  PRESS =     0.0
 Etot   =        10.8294  EKtot   =         5.9688  EPtot      =         4.8606
 BOND   =         0.2921  ANGLE   =         2.7395  DIHED      =         0.9979
 1-4 NB =         0.2751  1-4 EEL =         1.8899  VDWAALS    =        -0.0760
 EELEC  =        -1.2579  EHBOND  =         0.0000  RESTRAINT  =         0.0000
 DV/DL  =       -13.1848
 ------------------------------------------------------------------------------

 NMR restraints: Bond =    0.000   Angle =     0.000   Torsion =     0.000
===============================================================================

| TI region  1


 NSTEP =    50000   TIME(PS) =     100.000  TEMP(K) =   177.83  PRESS =     0.0
 Etot   =        10.0698  EKtot   =         4.9473  EPtot      =         5.1224
 BOND   =         0.2622  ANGLE   =         3.6856  DIHED      =         0.2194
 1-4 NB =         0.3609  1-4 EEL =         1.9501  VDWAALS    =        -0.0827
 EELEC  =        -1.2730  EHBOND  =         0.0000  RESTRAINT  =         0.0000
 DV/DL  =       -14.1233
 ------------------------------------------------------------------------------


| TI region  2


 NSTEP =    50000   TIME(PS) =     100.000  TEMP(K) =   177.83  PRESS =     0.0
 Etot   =        10.0698  EKtot   =         4.9473  EPtot      =         5.1224
 BOND   =         0.2622  ANGLE   =         3.6856  DIHED      =         0.2194
 1-4 NB =         0.3609  1-4 EEL =         1.9501  VDWAALS    =        -0.0827
 EELEC  =        -1.2730  EHBOND  =         0.0000  RESTRAINT  =         0.0000
 DV/DL  =       -14.1233
 ------------------------------------------------------------------------------

 NMR restraints: Bond =    0.000   Angle =     0.000   Torsion =     0.000
===============================================================================

| TI region  1


 NSTEP =    55000   TIME(PS) =     110.000  TEMP(K) =   178.31  PRESS =     0.0
 Etot   =        12.6838  EKtot   =         4.9606  EPtot      =         7.7231
 BOND   =         0.3871  ANGLE   =         5.1423  DIHED      =         0.7344
 1-4 NB =         0.9107  1-4 EEL =         2.0508  VDWAALS    =        -0.1112
 EELEC  =        -1.3910  EHBOND  =         0.0000  RESTRAINT  =         0.0000
 DV/DL  =       -13.7630
 ------------------------------------------------------------------------------


| TI region  2


 NSTEP =    55000   TIME(PS) =     110.000  TEMP(K) =   178.31  PRESS =     0.0
 Etot   =        12.6838  EKtot   =         4.9606  EPtot      =         7.7231
 BOND   =         0.3871  ANGLE   =         5.1423  DIHED      =         0.7344
 1-4 NB =         0.9107  1-4 EEL =         2.0508  VDWAALS    =        -0.1112
 EELEC  =        -1.3910  EHBOND  =         0.0000  RESTRAINT  =         0.0000
 DV/DL  =       -13.7630
 ------------------------------------------------------------------------------

 NMR restraints: Bond =    0.000   Angle =     0.000   Torsion =     0.000
===============================================================================

| TI region  1


 NSTEP =    60000   TIME(PS) =     120.000  TEMP(K) =   141.83  PRESS =     0.0
 Etot   =        11.1745  EKtot   =         3.9459  EPtot      =         7.2286
 BOND   =         1.2543  ANGLE   =         4.6607  DIHED      =         0.3027
 1-4 NB =         0.5075  1-4 EEL =         1.9603  VDWAALS    =        -0.0972
 EELEC  =        -1.3596  EHBOND  =         0.0000  RESTRAINT  =         0.0000
 DV/DL  =       -12.5287
 ------------------------------------------------------------------------------


| TI region  2


 NSTEP =    60000   TIME(PS) =     120.000  TEMP(K) =   141.83  PRESS =     0.0
 Etot   =        11.1745  EKtot   =         3.9459  EPtot      =         7.2286
 BOND   =         1.2543  ANGLE   =         4.6607  DIHED      =         0.3027
 1-4 NB =         0.5075  1-4 EEL =         1.9603  VDWAALS    =        -0.0972
 EELEC  =        -1.3596  EHBOND  =         0.0000  RESTRAINT  =         0.0000
 DV/DL  =       -12.5287
 ------------------------------------------------------------------------------

 NMR restraints: Bond =    0.000   Angle =     0.000   Torsion =     0.000
===============================================================================

| TI region  1


 NSTEP =    65000   TIME(PS) =     130.000  TEMP(K) =   246.73  PRESS =     0.0
 Etot   =        15.4138  EKtot   =         6.8641  EPtot      =         8.5497
 BOND   =         1.7766  ANGLE   =         5.0215  DIHED      =         0.6723
 1-4 NB =         0.5465  1-4 EEL =         1.9972  VDWAALS    =        -0.0912
 EELEC  =        -1.3732  EHBOND  =         0.0000  RESTRAINT  =         0.0000
 DV/DL  =       -13.0166
 ------------------------------------------------------------------------------


| TI region  2


 NSTEP =    65000   TIME(PS) =     130.000  TEMP(K) =   246.73  PRESS =     0.0
 Etot   =        15.4138  EKtot   =         6.8641  EPtot      =         8.5497
 BOND   =         1.7766  ANGLE   =         5.0215  DIHED      =         0.6723
 1-4 NB =         0.5465  1-4 EEL =         1.9972  VDWAALS    =        -0.0912
 EELEC  =        -1.3732  EHBOND  =         0.0000  RESTRAINT  =         0.0000
 DV/DL  =       -13.0166
 ------------------------------------------------------------------------------

 NMR restraints: Bond =    0.000   Angle =     0.000   Torsion =     0.000
===============================================================================

| TI region  1


 NSTEP =    70000   TIME(PS) =     140.000  TEMP(K) =   379.47  PRESS =     0.0
 Etot   =        17.2639  EKtot   =        10.5572  EPtot      =         6.7067
 BOND   =         1.5642  ANGLE   =         3.9802  DIHED      =         0.3669
 1-4 NB =         0.1542  1-4 EEL =         1.9878  VDWAALS    =        -0.0747
 EELEC  =        -1.2720  EHBOND  =         0.0000  RESTRAINT  =         0.0000
 DV/DL  =       -14.9319
 ------------------------------------------------------------------------------


| TI region  2


 NSTEP =    70000   TIME(PS) =     140.000  TEMP(K) =   379.47  PRESS =     0.0
 Etot   =        17.2639  EKtot   =        10.5572  EPtot      =         6.7067
 BOND   =         1.5642  ANGLE   =         3.9802  DIHED      =         0.3669
 1-4 NB =         0.1542  1-4 EEL =         1.9878  VDWAALS    =        -0.0747
 EELEC  =        -1.2720  EHBOND  =         0.0000  RESTRAINT  =         0.0000
 DV/DL  =       -14.9319
 ------------------------------------------------------------------------------

 NMR restraints: Bond =    0.000   Angle =     0.000   Torsion =     0.000
===============================================================================

| TI region  1


 NSTEP =    75000   TIME(PS) =     150.000  TEMP(K) =   281.78  PRESS =     0.0
 Etot   =        12.7336  EKtot   =         7.8393  EPtot      =         4.8943
 BOND   =         0.4155  ANGLE   =         3.1354  DIHED      =         0.5219
 1-4 NB =         0.2186  1-4 EEL =         1.9200  VDWAALS    =        -0.0774
 EELEC  =        -1.2398  EHBOND  =         0.0000  RESTRAINT  =         0.0000
 DV/DL  =       -14.1898
 ------------------------------------------------------------------------------


| TI region  2


 NSTEP =    75000   TIME(PS) =     150.000  TEMP(K) =   281.78  PRESS =     0.0
 Etot   =        12.7336  EKtot   =         7.8393  EPtot      =         4.8943
 BOND   =         0.4155  ANGLE   =         3.1354  DIHED      =         0.5219
 1-4 NB =         0.2186  1-4 EEL =         1.9200  VDWAALS    =        -0.0774
 EELEC  =        -1.2398  EHBOND  =         0.0000  RESTRAINT  =         0.0000
 DV/DL  =       -14.1898
 ------------------------------------------------------------------------------

 NMR restraints: Bond =    0.000   Angle =     0.000   Torsion =     0.000
===============================================================================

| TI region  1


 NSTEP =    80000   TIME(PS) =     160.000  TEMP(K) =   265.13  PRESS =     0.0
 Etot   =        17.6393  EKtot   =         7.3760  EPtot      =        10.2633
 BOND   =         0.7437  ANGLE   =         7.9646  DIHED      =         0.6325
 1-4 NB =         0.3606  1-4 EEL =         1.9312  VDWAALS    =        -0.0810
 EELEC  =        -1.2884  EHBOND  =         0.0000  RESTRAINT  =         0.0000
 DV/DL  =       -13.4095
 ------------------------------------------------------------------------------


| TI region  2


 NSTEP =    80000   TIME(PS) =     160.000  TEMP(K) =   265.13  PRESS =     0.0
 Etot   =        17.6393  EKtot   =         7.3760  EPtot      =        10.2633
 BOND   =         0.7437  ANGLE   =         7.9646  DIHED      =         0.6325
 1-4 NB =         0.3606  1-4 EEL =         1.9312  VDWAALS    =        -0.0810
 EELEC  =        -1.2884  EHBOND  =         0.0000  RESTRAINT  =         0.0000
 DV/DL  =       -13.4095
 ------------------------------------------------------------------------------

 NMR restraints: Bond =    0.000   Angle =     0.000   Torsion =     0.000
===============================================================================

| TI region  1


 NSTEP =    85000   TIME(PS) =     170.000  TEMP(K) =   321.32  PRESS =     0.0
 Etot   =        15.7115  EKtot   =         8.9394  EPtot      =         6.7720
 BOND   =         0.3837  ANGLE   =         4.1478  DIHED      =         1.5794
 1-4 NB =         0.0125  1-4 EEL =         1.8089  VDWAALS    =        -0.0535
 EELEC  =        -1.1068  EHBOND  =         0.0000  RESTRAINT  =         0.0000
 DV/DL  =       -14.6467
 ------------------------------------------------------------------------------


| TI region  2


 NSTEP =    85000   TIME(PS) =     170.000  TEMP(K) =   321.32  PRESS =     0.0
 Etot   =        15.7115  EKtot   =         8.9394  EPtot      =         6.7720
 BOND   =         0.3837  ANGLE   =         4.1478  DIHED      =         1.5794
 1-4 NB =         0.0125  1-4 EEL =         1.8089  VDWAALS    =        -0.0535
 EELEC  =        -1.1068  EHBOND  =         0.0000  RESTRAINT  =         0.0000
 DV/DL  =       -14.6467
 ------------------------------------------------------------------------------

 NMR restraints: Bond =    0.000   Angle =     0.000   Torsion =     0.000
===============================================================================

| TI region  1


 NSTEP =    90000   TIME(PS) =     180.000  TEMP(K) =   200.86  PRESS =     0.0
 Etot   =        13.9865  EKtot   =         5.5879  EPtot      =         8.3985
 BOND   =         1.2745  ANGLE   =         5.0222  DIHED      =         0.8521
 1-4 NB =         0.7713  1-4 EEL =         2.0352  VDWAALS    =        -0.1406
 EELEC  =        -1.4161  EHBOND  =         0.0000  RESTRAINT  =         0.0000
 DV/DL  =       -12.9143
 ------------------------------------------------------------------------------


| TI region  2


 NSTEP =    90000   TIME(PS) =     180.000  TEMP(K) =   200.86  PRESS =     0.0
 Etot   =        13.9865  EKtot   =         5.5879  EPtot      =         8.3985
 BOND   =         1.2745  ANGLE   =         5.0222  DIHED      =         0.8521
 1-4 NB =         0.7713  1-4 EEL =         2.0352  VDWAALS    =        -0.1406
 EELEC  =        -1.4161  EHBOND  =         0.0000  RESTRAINT  =         0.0000
 DV/DL  =       -12.9143
 ------------------------------------------------------------------------------

 NMR restraints: Bond =    0.000   Angle =     0.000   Torsion =     0.000
===============================================================================

| TI region  1


 NSTEP =    95000   TIME(PS) =     190.000  TEMP(K) =   257.94  PRESS =     0.0
 Etot   =        15.6756  EKtot   =         7.1760  EPtot      =         8.4996
 BOND   =         0.1344  ANGLE   =         6.1843  DIHED      =         0.8303
 1-4 NB =         0.8430  1-4 EEL =         1.9784  VDWAALS    =        -0.1256
 EELEC  =        -1.3451  EHBOND  =         0.0000  RESTRAINT  =         0.0000
 DV/DL  =       -13.2093
 ------------------------------------------------------------------------------


| TI region  2


 NSTEP =    95000   TIME(PS) =     190.000  TEMP(K) =   257.94  PRESS =     0.0
 Etot   =        15.6756  EKtot   =         7.1760  EPtot      =         8.4996
 BOND   =         0.1344  ANGLE   =         6.1843  DIHED      =         0.8303
 1-4 NB =         0.8430  1-4 EEL =         1.9784  VDWAALS    =        -0.1256
 EELEC  =        -1.3451  EHBOND  =         0.0000  RESTRAINT  =         0.0000
 DV/DL  =       -13.2093
 ------------------------------------------------------------------------------

 NMR restraints: Bond =    0.000   Angle =     0.000   Torsion =     0.000
===============================================================================

| TI region  1


 NSTEP =   100000   TIME(PS) =     200.000  TEMP(K) =   389.81  PRESS =     0.0
 Etot   =        21.3131  EKtot   =        10.8449  EPtot      =        10.4682
 BOND   =         2.5285  ANGLE   =         5.9794  DIHED      =         1.2388
 1-4 NB =         0.1566  1-4 EEL =         1.9994  VDWAALS    =        -0.1193
 EELEC  =        -1.3150  EHBOND  =         0.0000  RESTRAINT  =         0.0000
 DV/DL  =       -14.2745
 ------------------------------------------------------------------------------


| TI region  2


 NSTEP =   100000   TIME(PS) =     200.000  TEMP(K) =   389.81  PRESS =     0.0
 Etot   =        21.3131  EKtot   =        10.8449  EPtot      =        10.4682
 BOND   =         2.5285  ANGLE   =         5.9794  DIHED      =         1.2388
 1-4 NB =         0.1566  1-4 EEL =         1.9994  VDWAALS    =        -0.1193
 EELEC  =        -1.3150  EHBOND  =         0.0000  RESTRAINT  =         0.0000
 DV/DL  =       -14.2745
 ------------------------------------------------------------------------------

 NMR restraints: Bond =    0.000   Angle =     0.000   Torsion =     0.000
===============================================================================

| TI region  1


      A V E R A G E S   O V E R      20 S T E P S


 NSTEP =   100000   TIME(PS) =     200.000  TEMP(K) =   180.84  PRESS =     0.0
 Etot   =        10.7063  EKtot   =         5.0310  EPtot      =         5.6753
 BOND   =         0.6516  ANGLE   =         3.5125  DIHED      =         0.5667
 1-4 NB =         0.3723  1-4 EEL =         1.9509  VDWAALS    =        -0.0878
 EELEC  =        -1.2908  EHBOND  =         0.0000  RESTRAINT  =         0.0000
 DV/DL  =       -13.7681
 ------------------------------------------------------------------------------

 NMR restraints: Bond =    0.000   Angle =     0.000   Torsion =     0.000
===============================================================================

      R M S  F L U C T U A T I O N S


 NSTEP =   100000   TIME(PS) =     200.000  TEMP(K) =   109.55  PRESS =     0.0
 Etot   =         5.4591  EKtot   =         3.0477  EPtot      =         2.7237
 BOND   =         0.6605  ANGLE   =         2.0165  DIHED      =         0.3856
 1-4 NB =         0.2583  1-4 EEL =         0.0635  VDWAALS    =         0.0218
 EELEC  =         0.0769  EHBOND  =         0.0000  RESTRAINT  =         0.0000
 DV/DL  =         0.5957
 ------------------------------------------------------------------------------


| TI region  2


      A V E R A G E S   O V E R      20 S T E P S


 NSTEP =   100000   TIME(PS) =     200.000  TEMP(K) =   180.84  PRESS =     0.0
 Etot   =        10.7063  EKtot   =         5.0310  EPtot      =         5.6753
 BOND   =         0.6516  ANGLE   =         3.5125  DIHED      =         0.5667
 1-4 NB =         0.3723  1-4 EEL =         1.9509  VDWAALS    =        -0.0878
 EELEC  =        -1.2908  EHBOND  =         0.0000  RESTRAINT  =         0.0000
 DV/DL  =       -13.7681
 ------------------------------------------------------------------------------

 NMR restraints: Bond =    0.000   Angle =     0.000   Torsion =     0.000
===============================================================================

      R M S  F L U C T U A T I O N S


 NSTEP =   100000   TIME(PS) =     200.000  TEMP(K) =   109.55  PRESS =     0.0
 Etot   =         5.4591  EKtot   =         3.0477  EPtot      =         2.7237
 BOND   =         0.6605  ANGLE   =         2.0165  DIHED      =         0.3856
 1-4 NB =         0.2583  1-4 EEL =         0.0635  VDWAALS    =         0.0218
 EELEC  =         0.0769  EHBOND  =         0.0000  RESTRAINT  =         0.0000
 DV/DL  =         0.5957
 ------------------------------------------------------------------------------


      DV/DL, AVERAGES OVER      20 STEPS


 NSTEP =   100000   TIME(PS) =     200.000  TEMP(K) =   109.55  PRESS =     0.0
 Etot   =         0.0000  EKtot   =         0.0000  EPtot      =       -13.7681
 BOND   =         0.0000  ANGLE   =         0.0000  DIHED      =         0.0000
 1-4 NB =         0.0000  1-4 EEL =       -40.6944  VDWAALS    =         0.0000
 EELEC  =        26.9263  EHBOND  =         0.0000  RESTRAINT  =         0.0000
 DV/DL  =       -13.7681
 ------------------------------------------------------------------------------


 NMR restraints on final step:

--------------------------------------------------------------------------------
   5.  TIMINGS
--------------------------------------------------------------------------------

|  NonSetup CPU Time in Major Routines:
|
|     Routine           Sec        %
|     ------------------------------
|     Nonbond          25.90   35.48
|     Bond              0.00    0.00
|     Angle             0.00    0.00
|     Dihedral          0.00    0.00
|     Shake             0.74    1.02
|     RunMD            46.10   63.15
|     Other             0.26    0.36
|     ------------------------------
|     Total            73.00

|  PME Nonbond Pairlist CPU Time:
|
|     Routine              Sec        %
|     ---------------------------------
|     Set Up Cit           0.00    0.00
|     Build List           0.00    0.00
|     ---------------------------------
|     Total                0.00    0.00

|  PME Direct Force CPU Time:
|
|     Routine              Sec        %
|     ---------------------------------
|     NonBonded Calc       0.00    0.00
|     Exclude Masked       0.00    0.00
|     Other                0.18    0.25
|     ---------------------------------
|     Total                0.18    0.25

|  PME Reciprocal Force CPU Time:
|
|     Routine              Sec        %
|     ---------------------------------
|     1D bspline           0.00    0.00
|     Grid Charges         0.00    0.00
|     Scalar Sum           0.00    0.00
|     Gradient Sum         0.00    0.00
|     FFT                  0.00    0.00
|     ---------------------------------
|     Total                0.00    0.00

|  Final Performance Info:
|     -----------------------------------------------------
|     Average timings for last   15000 steps:
|     Elapsed(s) =      10.97 Per Step(ms) =       0.73
|         ns/day =     236.38   seconds/ns =     365.51
|
|     Average timings for all steps:
|     Elapsed(s) =      73.01 Per Step(ms) =       0.73
|         ns/day =     236.68   seconds/ns =     365.05
|     -----------------------------------------------------

|  Setup CPU time:            0.45 seconds
|  NonSetup CPU time:        73.00 seconds
|  Total CPU time:           73.44 seconds     0.02 hours

|  Setup wall time:           0    seconds
|  NonSetup wall time:       73    seconds
|  Total wall time:          73    seconds     0.02 hours
