
          -------------------------------------------------------
          Amber 18 PMEMD                              2018
          -------------------------------------------------------

| PMEMD implementation of SANDER, Release 18

| Run on 05/26/2020 at 15:52:01

|   Executable path: /opt/software/Amber/18-foss-2018b-AmberTools-19/bin/pmemd.cuda
| Working directory: /mnt/gs18/scratch/users/songlin3/run/ti_en/tip3p/step1/0.95206
|          Hostname: lac-084

  [-O]verwriting output

File Assignments:
|   MDIN: heat.in                                                               
|  MDOUT: heat.out                                                              
| INPCRD: min.rst                                                               
|   PARM: en_step1_final.prmtop                                                 
| RESTRT: heat.rst                                                              
|   REFC: min.rst                                                               
|  MDVEL: mdvel                                                                 
|   MDEN: mden                                                                  
|  MDCRD: heat.netcdf                                                           
| MDINFO: heat.mdinfo                                                           
|  MDFRC: mdfrc                                                                 


 Here is the input file:

nvt for free MD                                                                
 &cntrl                                                                        
  imin=0,                                                                      
  irest=0,                                                                     
  ntx=1,                                                                       
  ig=-1,                                                                       
  nstlim=100000,                                                               
  dt=0.002,                                                                    
  cut=10.0,                                                                    
  ntc=2,                                                                       
  ntf=2,                                                                       
  ntb=1,                                                                       
  ntt=3,                                                                       
  gamma_ln=2.0,                                                                
  tempi=0.0,                                                                   
  temp0=300.0,                                                                 
  ntpr=5000,                                                                   
  ntwr=5000,                                                                   
  ntwx=10000,                                                                  
  ntwv=0,                                                                      
  ioutfm=1,                                                                    
  iwrap=0,                                                                     
  nmropt=1,                                                                    
  ifsc = 0, icfe=1,                                                            
  clambda=0.95206,                                                             
  timask1=':1',                                                                
  timask2=':2', crgmask = ':2',                                                
/                                                                              
&wt TYPE='TEMP0', istep1=0, istep2=90000, value1=0.0, value2=300.0 /           
&wt TYPE='TEMP0', istep1=90001, istep2=100000, value1=300.0, value2=300.0 /    
&wt TYPE='DUMPFREQ', istep1=10000, /                                           
&wt TYPE='END', /                                                              


Note: ig = -1. Setting random seed to   214879 based on wallclock time in 
      microseconds.
| irandom = 1, using AMBER's internal random number generator (default).
 
|--------------------- INFORMATION ----------------------
| GPU (CUDA) Version of PMEMD in use: NVIDIA GPU IN USE.
|                    Version 18.0.0
| 
|                      03/25/2018
| 
| Implementation by:
|                    Ross C. Walker     (SDSC)
|                    Scott Le Grand     (nVIDIA)
| 
| Version 18 performance extensions by:
|                    David Cerutti     (Rutgers)
| 
| Precision model in use:
|      [SPFP] - Single Precision Forces, 64-bit Fixed Point
|               Accumulation. (Default)
| 
|--------------------------------------------------------
 
|----------------- CITATION INFORMATION -----------------
|
|    When publishing work that utilized the CUDA version
|    of AMBER, please cite the following in addition to
|    the regular AMBER citations:
|
|  - Romelia Salomon-Ferrer; Andreas W. Goetz; Duncan
|    Poole; Scott Le Grand; Ross C. Walker "Routine
|    microsecond molecular dynamics simulations with
|    AMBER - Part II: Particle Mesh Ewald", J. Chem.
|    Theory Comput., 2013, 9 (9), pp3878-3888,
|    DOI: 10.1021/ct400314y.
|
|  - Andreas W. Goetz; Mark J. Williamson; Dong Xu;
|    Duncan Poole; Scott Le Grand; Ross C. Walker
|    "Routine microsecond molecular dynamics simulations
|    with AMBER - Part I: Generalized Born", J. Chem.
|    Theory Comput., 2012, 8 (5), pp1542-1555.
|
|  - Scott Le Grand; Andreas W. Goetz; Ross C. Walker
|    "SPFP: Speed without compromise - a mixed precision
|    model for GPU accelerated molecular dynamics
|    simulations.", Comp. Phys. Comm., 2013, 184
|    pp374-380, DOI: 10.1016/j.cpc.2012.09.022
|
|    When publishing work that utilized the CUDA version
|    of TI, BAR, MBAR or FEP please cite the following 
|    three publications in addition to the regular AMBER 
|    GPU citations:
|
|  - Daniel J. Mermelstein; Charles Lin; Gard Nelson; 
|    Rachael Kretsch; J. Andrew McCammon; Ross C. Walker
|    "Fast and Flexible GPU Accelerated Binding 
|    Free Energy Calculations within the AMBER Molecular
|    Dynamics Package" J. Comp. Chem., 2018,
|    DOI: 10.1002/jcc.25187
|
|  - Tai-Sung Lee; Yuan Hu; Brad Sherborne; Zhuyan Guo;
|    Darrin M. York
|    "Toward Fast and Accurate Binding Affinity Prediction with
|    pmemdGTI: An Efficient Implementation of GPU-Accelerated
|    Thermodynamic Integration"
|    J. Chem. Theory Comput., 2017, 13 (7), 3077
|
|
|--------------------------------------------------------
 
|------------------- GPU DEVICE INFO --------------------
|
|            CUDA_VISIBLE_DEVICES: 0
|   CUDA Capable Devices Detected:      1
|           CUDA Device ID in use:      0
|                CUDA Device Name: Tesla K80
|     CUDA Device Global Mem Size:  11441 MB
| CUDA Device Num Multiprocessors:     13
|           CUDA Device Core Freq:   0.82 GHz
|
|--------------------------------------------------------
 
 
| Conditional Compilation Defines Used:
| PUBFFT
| BINTRAJ
| CUDA
| EMIL

| Largest sphere to fit in unit cell has radius =    27.375

| New format PARM file being parsed.
| Version =    1.000 Date = 05/26/20 Time = 15:44:31

| Note: 1-4 EEL scale factors are being read from the topology file.

| Note: 1-4 VDW scale factors are being read from the topology file.
| Duplicated    0 dihedrals

| Duplicated    0 dihedrals

--------------------------------------------------------------------------------
   1.  RESOURCE   USE: 
--------------------------------------------------------------------------------

 getting box info from netcdf restart file
 NATOM  =   20967 NTYPES =       6 NBONH =   20959 MBONA  =       6
 NTHETH =      32 MTHETA =       4 NPHIH =      40 MPHIA  =       2
 NHPARM =       0 NPARM  =       0 NNB   =   28026 NRES   =    6983
 NBONA  =       6 NTHETA =       4 NPHIA =       2 NUMBND =       6
 NUMANG =       6 NPTRA  =       2 NATYP =       6 NPHB   =       1
 IFBOX  =       2 NMXRS  =      12 IFCAP =       0 NEXTRA =       0
 NCOPY  =       0

| Coordinate Index Table dimensions:    10   10   10
| Direct force subcell size =     6.7054    6.7054    6.7054

     BOX TYPE: TRUNCATED OCTAHEDRON

--------------------------------------------------------------------------------
   2.  CONTROL  DATA  FOR  THE  RUN
--------------------------------------------------------------------------------

default_name                                                                    

General flags:
     imin    =       0, nmropt  =       1

Nature and format of input:
     ntx     =       1, irest   =       0, ntrx    =       1

Nature and format of output:
     ntxo    =       2, ntpr    =    5000, ntrx    =       1, ntwr    =    5000
     iwrap   =       0, ntwx    =   10000, ntwv    =       0, ntwe    =       0
     ioutfm  =       1, ntwprt  =       0, idecomp =       0, rbornstat=      0

Potential function:
     ntf     =       2, ntb     =       1, igb     =       0, nsnb    =      25
     ipol    =       0, gbsa    =       0, iesp    =       0
     dielc   =   1.00000, cut     =  10.00000, intdiel =   1.00000

Frozen or restrained atoms:
     ibelly  =       0, ntr     =       0

Molecular dynamics:
     nstlim  =    100000, nscm    =      1000, nrespa  =         1
     t       =   0.00000, dt      =   0.00200, vlimit  =  -1.00000

Langevin dynamics temperature regulation:
     ig      =  214879
     temp0   = 300.00000, tempi   =   0.00000, gamma_ln=   2.00000

SHAKE:
     ntc     =       2, jfastw  =       0
     tol     =   0.00001

NMR refinement options:
     iscale  =       0, noeskp  =       1, ipnlty  =       1, mxsub   =       1
     scalm   = 100.00000, pencut  =   0.10000, tausw   =   0.10000

Free energy options:
     icfe    =       1, ifsc    =       0, klambda =       1
     clambda =  0.9521, scalpha =  0.5000, scbeta  = 12.0000
     sceeorder =       2
     dynlmb =  0.0000 logdvdl =       0

| Intermolecular bonds treatment:
|     no_intermolecular_bonds =       1

| Energy averages sample interval:
|     ene_avg_sampling =    5000

Ewald parameters:
     verbose =       0, ew_type =       0, nbflag  =       1, use_pme =       1
     vdwmeth =       1, eedmeth =       1, netfrc  =       1
     Box X =   67.054   Box Y =   67.054   Box Z =   67.054
     Alpha =  109.471   Beta  =  109.471   Gamma =  109.471
     NFFT1 =   64       NFFT2 =   64       NFFT3 =   64
     Cutoff=   10.000   Tol   =0.100E-04
     Ewald Coefficient =  0.27511
     Interpolation order =    4
     TI Mask 1 :1; matches     12 atoms
     TI Mask 2 :2; matches     12 atoms
     TI region 1:   20955 atoms
     TI region 2:   20955 atoms
Removing charge of      -0.6664 from atom      13
Removing charge of      -0.6664 from atom      14
Removing charge of      -0.0664 from atom      15
Removing charge of      -0.0664 from atom      16
Removing charge of       0.2792 from atom      17
Removing charge of       0.2802 from atom      18
Removing charge of       0.2802 from atom      19
Removing charge of       0.2792 from atom      20
Removing charge of       0.0898 from atom      21
Removing charge of       0.0837 from atom      22
Removing charge of       0.0898 from atom      23
Removing charge of       0.0837 from atom      24
Total charge of  -0.00000000 removed from      12 atoms
     Checking for mismatched coordinates.

--------------------------------------------------------------------------------
   3.  ATOMIC COORDINATES AND VELOCITIES
--------------------------------------------------------------------------------

default_name                                                                    
 begin time read from input coords =     0.000 ps



           Begin reading energy term weight changes/NMR restraints
 WEIGHT CHANGES:
 TEMP0         0  90000    0.000000  300.000000      0      0
 TEMP0     90001 100000  300.000000  300.000000      0      0
 DUMPFREQ  10000      0    0.000000    0.000000      0      0

 RESTRAINTS:
                          ** No restraint defined **

                  Done reading weight changes/NMR restraints


 
 Number of triangulated 3-point waters found:     6981

     Sum of charges for TI region  1 =  -0.00000000
     Forcing neutrality...


     Sum of charges for TI region  2 =   0.00000000
     Forcing neutrality...

| Dynamic Memory, Types Used:
| Reals              919400
| Integers           798257

| Nonbonded Pairs Initial Allocation:     6341993

| GPU memory information (estimate):
| KB of GPU memory in use:         0
| KB of CPU memory in use:         0

--------------------------------------------------------------------------------
   4.  RESULTS
--------------------------------------------------------------------------------


| TI region  1


 NSTEP =        0   TIME(PS) =       0.000  TEMP(K) =     0.00  PRESS =     0.0
 Etot   =    -65225.9585  EKtot   =         0.0000  EPtot      =    -65225.9585
 BOND   =         0.0413  ANGLE   =         0.2320  DIHED      =         0.8317
 1-4 NB =         0.5434  1-4 EEL =         2.0783  VDWAALS    =      5151.1456
 EELEC  =    -70380.8307  EHBOND  =         0.0000  RESTRAINT  =         0.0000
 DV/DL  =       -14.9705
 ------------------------------------------------------------------------------


| TI region  2


 NSTEP =        0   TIME(PS) =       0.000  TEMP(K) =     0.00  PRESS =     0.0
 Etot   =    -65225.9585  EKtot   =         0.0000  EPtot      =    -65225.9585
 BOND   =         0.0413  ANGLE   =         0.2320  DIHED      =         0.8317
 1-4 NB =         0.5434  1-4 EEL =         2.0783  VDWAALS    =      5151.1456
 EELEC  =    -70380.8307  EHBOND  =         0.0000  RESTRAINT  =         0.0000
 DV/DL  =       -14.9705
 ------------------------------------------------------------------------------

 NMR restraints: Bond =    0.000   Angle =     0.000   Torsion =     0.000
===============================================================================

| TI region  1


 NSTEP =     5000   TIME(PS) =      10.000  TEMP(K) =    15.95  PRESS =     0.0
 Etot   =    -82192.3907  EKtot   =       664.1737  EPtot      =    -82856.5644
 BOND   =         0.0530  ANGLE   =         0.2401  DIHED      =         0.1066
 1-4 NB =         0.3165  1-4 EEL =         1.9436  VDWAALS    =     15103.9038
 EELEC  =    -97963.1280  EHBOND  =         0.0000  RESTRAINT  =         0.0000
 DV/DL  =       -14.3434
 ------------------------------------------------------------------------------


| TI region  2


 NSTEP =     5000   TIME(PS) =      10.000  TEMP(K) =    15.95  PRESS =     0.0
 Etot   =    -82192.3907  EKtot   =       664.1737  EPtot      =    -82856.5644
 BOND   =         0.0530  ANGLE   =         0.2401  DIHED      =         0.1066
 1-4 NB =         0.3165  1-4 EEL =         1.9436  VDWAALS    =     15103.9038
 EELEC  =    -97963.1280  EHBOND  =         0.0000  RESTRAINT  =         0.0000
 DV/DL  =       -14.3434
 ------------------------------------------------------------------------------

 NMR restraints: Bond =    0.000   Angle =     0.000   Torsion =     0.000
===============================================================================

| TI region  1


 NSTEP =    10000   TIME(PS) =      20.000  TEMP(K) =    32.51  PRESS =     0.0
 Etot   =    -81016.0145  EKtot   =      1353.8958  EPtot      =    -82369.9104
 BOND   =         0.0167  ANGLE   =         0.8149  DIHED      =         0.0826
 1-4 NB =         0.1785  1-4 EEL =         1.9402  VDWAALS    =     15088.1007
 EELEC  =    -97461.0441  EHBOND  =         0.0000  RESTRAINT  =         0.0000
 DV/DL  =       -14.4852
 ------------------------------------------------------------------------------


| TI region  2


 NSTEP =    10000   TIME(PS) =      20.000  TEMP(K) =    32.51  PRESS =     0.0
 Etot   =    -81016.0145  EKtot   =      1353.8958  EPtot      =    -82369.9104
 BOND   =         0.0167  ANGLE   =         0.8149  DIHED      =         0.0826
 1-4 NB =         0.1785  1-4 EEL =         1.9402  VDWAALS    =     15088.1007
 EELEC  =    -97461.0441  EHBOND  =         0.0000  RESTRAINT  =         0.0000
 DV/DL  =       -14.4852
 ------------------------------------------------------------------------------

 NMR restraints: Bond =    0.000   Angle =     0.000   Torsion =     0.000
===============================================================================

| TI region  1


 NSTEP =    15000   TIME(PS) =      30.000  TEMP(K) =    49.36  PRESS =     0.0
 Etot   =    -79809.5294  EKtot   =      2055.6128  EPtot      =    -81865.1422
 BOND   =         0.0385  ANGLE   =         0.6374  DIHED      =         0.0763
 1-4 NB =         0.2659  1-4 EEL =         1.9899  VDWAALS    =     15048.4648
 EELEC  =    -96916.6150  EHBOND  =         0.0000  RESTRAINT  =         0.0000
 DV/DL  =       -16.0267
 ------------------------------------------------------------------------------


| TI region  2


 NSTEP =    15000   TIME(PS) =      30.000  TEMP(K) =    49.36  PRESS =     0.0
 Etot   =    -79809.5294  EKtot   =      2055.6128  EPtot      =    -81865.1422
 BOND   =         0.0385  ANGLE   =         0.6374  DIHED      =         0.0763
 1-4 NB =         0.2659  1-4 EEL =         1.9899  VDWAALS    =     15048.4648
 EELEC  =    -96916.6150  EHBOND  =         0.0000  RESTRAINT  =         0.0000
 DV/DL  =       -16.0267
 ------------------------------------------------------------------------------

 NMR restraints: Bond =    0.000   Angle =     0.000   Torsion =     0.000
===============================================================================

| TI region  1


 NSTEP =    20000   TIME(PS) =      40.000  TEMP(K) =    66.12  PRESS =     0.0
 Etot   =    -78616.1942  EKtot   =      2753.4676  EPtot      =    -81369.6618
 BOND   =         0.1186  ANGLE   =         0.9071  DIHED      =         0.1400
 1-4 NB =         0.3297  1-4 EEL =         1.9319  VDWAALS    =     15252.6887
 EELEC  =    -96625.7778  EHBOND  =         0.0000  RESTRAINT  =         0.0000
 DV/DL  =       -13.8034
 ------------------------------------------------------------------------------


| TI region  2


 NSTEP =    20000   TIME(PS) =      40.000  TEMP(K) =    66.12  PRESS =     0.0
 Etot   =    -78616.1942  EKtot   =      2753.4676  EPtot      =    -81369.6618
 BOND   =         0.1186  ANGLE   =         0.9071  DIHED      =         0.1400
 1-4 NB =         0.3297  1-4 EEL =         1.9319  VDWAALS    =     15252.6887
 EELEC  =    -96625.7778  EHBOND  =         0.0000  RESTRAINT  =         0.0000
 DV/DL  =       -13.8034
 ------------------------------------------------------------------------------

 NMR restraints: Bond =    0.000   Angle =     0.000   Torsion =     0.000
===============================================================================

| TI region  1


 NSTEP =    25000   TIME(PS) =      50.000  TEMP(K) =    82.11  PRESS =     0.0
 Etot   =    -77484.3728  EKtot   =      3419.6142  EPtot      =    -80903.9870
 BOND   =         0.3658  ANGLE   =         0.8459  DIHED      =         0.1706
 1-4 NB =         0.2573  1-4 EEL =         1.9548  VDWAALS    =     14965.0819
 EELEC  =    -95872.6634  EHBOND  =         0.0000  RESTRAINT  =         0.0000
 DV/DL  =       -15.6128
 ------------------------------------------------------------------------------


| TI region  2


 NSTEP =    25000   TIME(PS) =      50.000  TEMP(K) =    82.11  PRESS =     0.0
 Etot   =    -77484.3728  EKtot   =      3419.6142  EPtot      =    -80903.9870
 BOND   =         0.3658  ANGLE   =         0.8459  DIHED      =         0.1706
 1-4 NB =         0.2573  1-4 EEL =         1.9548  VDWAALS    =     14965.0819
 EELEC  =    -95872.6634  EHBOND  =         0.0000  RESTRAINT  =         0.0000
 DV/DL  =       -15.6128
 ------------------------------------------------------------------------------

 NMR restraints: Bond =    0.000   Angle =     0.000   Torsion =     0.000
===============================================================================

| TI region  1


 NSTEP =    30000   TIME(PS) =      60.000  TEMP(K) =    99.54  PRESS =     0.0
 Etot   =    -76221.7084  EKtot   =      4145.5974  EPtot      =    -80367.3057
 BOND   =         0.1991  ANGLE   =         2.1671  DIHED      =         0.7401
 1-4 NB =         0.2916  1-4 EEL =         1.8487  VDWAALS    =     14945.5719
 EELEC  =    -95318.1242  EHBOND  =         0.0000  RESTRAINT  =         0.0000
 DV/DL  =       -13.0899
 ------------------------------------------------------------------------------


| TI region  2


 NSTEP =    30000   TIME(PS) =      60.000  TEMP(K) =    99.54  PRESS =     0.0
 Etot   =    -76221.7084  EKtot   =      4145.5974  EPtot      =    -80367.3057
 BOND   =         0.1991  ANGLE   =         2.1671  DIHED      =         0.7401
 1-4 NB =         0.2916  1-4 EEL =         1.8487  VDWAALS    =     14945.5719
 EELEC  =    -95318.1242  EHBOND  =         0.0000  RESTRAINT  =         0.0000
 DV/DL  =       -13.0899
 ------------------------------------------------------------------------------

 NMR restraints: Bond =    0.000   Angle =     0.000   Torsion =     0.000
===============================================================================

| TI region  1


 NSTEP =    35000   TIME(PS) =      70.000  TEMP(K) =   115.63  PRESS =     0.0
 Etot   =    -75067.5308  EKtot   =      4815.6510  EPtot      =    -79883.1818
 BOND   =         0.3989  ANGLE   =         2.6412  DIHED      =         0.1783
 1-4 NB =         0.1696  1-4 EEL =         1.9398  VDWAALS    =     14654.2054
 EELEC  =    -94542.7150  EHBOND  =         0.0000  RESTRAINT  =         0.0000
 DV/DL  =       -13.7962
 ------------------------------------------------------------------------------


| TI region  2


 NSTEP =    35000   TIME(PS) =      70.000  TEMP(K) =   115.63  PRESS =     0.0
 Etot   =    -75067.5308  EKtot   =      4815.6510  EPtot      =    -79883.1818
 BOND   =         0.3989  ANGLE   =         2.6412  DIHED      =         0.1783
 1-4 NB =         0.1696  1-4 EEL =         1.9398  VDWAALS    =     14654.2054
 EELEC  =    -94542.7150  EHBOND  =         0.0000  RESTRAINT  =         0.0000
 DV/DL  =       -13.7962
 ------------------------------------------------------------------------------

 NMR restraints: Bond =    0.000   Angle =     0.000   Torsion =     0.000
===============================================================================

| TI region  1


 NSTEP =    40000   TIME(PS) =      80.000  TEMP(K) =   133.03  PRESS =     0.0
 Etot   =    -73642.7980  EKtot   =      5540.1972  EPtot      =    -79182.9952
 BOND   =         0.0748  ANGLE   =         1.2683  DIHED      =         0.6250
 1-4 NB =         0.1886  1-4 EEL =         1.8759  VDWAALS    =     14534.7039
 EELEC  =    -93721.7317  EHBOND  =         0.0000  RESTRAINT  =         0.0000
 DV/DL  =       -13.7587
 ------------------------------------------------------------------------------


| TI region  2


 NSTEP =    40000   TIME(PS) =      80.000  TEMP(K) =   133.03  PRESS =     0.0
 Etot   =    -73642.7980  EKtot   =      5540.1972  EPtot      =    -79182.9952
 BOND   =         0.0748  ANGLE   =         1.2683  DIHED      =         0.6250
 1-4 NB =         0.1886  1-4 EEL =         1.8759  VDWAALS    =     14534.7039
 EELEC  =    -93721.7317  EHBOND  =         0.0000  RESTRAINT  =         0.0000
 DV/DL  =       -13.7587
 ------------------------------------------------------------------------------

 NMR restraints: Bond =    0.000   Angle =     0.000   Torsion =     0.000
===============================================================================

| TI region  1


 NSTEP =    45000   TIME(PS) =      90.000  TEMP(K) =   147.89  PRESS =     0.0
 Etot   =    -72395.7224  EKtot   =      6158.9898  EPtot      =    -78554.7122
 BOND   =         1.9775  ANGLE   =         2.0571  DIHED      =         0.4563
 1-4 NB =         0.0867  1-4 EEL =         1.9092  VDWAALS    =     14505.2751
 EELEC  =    -93066.4741  EHBOND  =         0.0000  RESTRAINT  =         0.0000
 DV/DL  =       -11.6183
 ------------------------------------------------------------------------------


| TI region  2


 NSTEP =    45000   TIME(PS) =      90.000  TEMP(K) =   147.89  PRESS =     0.0
 Etot   =    -72395.7224  EKtot   =      6158.9898  EPtot      =    -78554.7122
 BOND   =         1.9775  ANGLE   =         2.0571  DIHED      =         0.4563
 1-4 NB =         0.0867  1-4 EEL =         1.9092  VDWAALS    =     14505.2751
 EELEC  =    -93066.4741  EHBOND  =         0.0000  RESTRAINT  =         0.0000
 DV/DL  =       -11.6183
 ------------------------------------------------------------------------------

 NMR restraints: Bond =    0.000   Angle =     0.000   Torsion =     0.000
===============================================================================

| TI region  1


 NSTEP =    50000   TIME(PS) =     100.000  TEMP(K) =   166.26  PRESS =     0.0
 Etot   =    -70852.2694  EKtot   =      6923.9523  EPtot      =    -77776.2217
 BOND   =         0.1467  ANGLE   =         1.7634  DIHED      =         0.1693
 1-4 NB =         0.6135  1-4 EEL =         2.0445  VDWAALS    =     14345.5813
 EELEC  =    -92126.5405  EHBOND  =         0.0000  RESTRAINT  =         0.0000
 DV/DL  =       -13.3798
 ------------------------------------------------------------------------------


| TI region  2


 NSTEP =    50000   TIME(PS) =     100.000  TEMP(K) =   166.26  PRESS =     0.0
 Etot   =    -70852.2694  EKtot   =      6923.9523  EPtot      =    -77776.2217
 BOND   =         0.1467  ANGLE   =         1.7634  DIHED      =         0.1693
 1-4 NB =         0.6135  1-4 EEL =         2.0445  VDWAALS    =     14345.5813
 EELEC  =    -92126.5405  EHBOND  =         0.0000  RESTRAINT  =         0.0000
 DV/DL  =       -13.3798
 ------------------------------------------------------------------------------

 NMR restraints: Bond =    0.000   Angle =     0.000   Torsion =     0.000
===============================================================================

| TI region  1


 NSTEP =    55000   TIME(PS) =     110.000  TEMP(K) =   182.70  PRESS =     0.0
 Etot   =    -69324.1832  EKtot   =      7608.8259  EPtot      =    -76933.0091
 BOND   =         0.0111  ANGLE   =         3.6708  DIHED      =         0.6422
 1-4 NB =         0.4403  1-4 EEL =         2.0065  VDWAALS    =     13907.8444
 EELEC  =    -90847.6245  EHBOND  =         0.0000  RESTRAINT  =         0.0000
 DV/DL  =       -15.5920
 ------------------------------------------------------------------------------


| TI region  2


 NSTEP =    55000   TIME(PS) =     110.000  TEMP(K) =   182.70  PRESS =     0.0
 Etot   =    -69324.1832  EKtot   =      7608.8259  EPtot      =    -76933.0091
 BOND   =         0.0111  ANGLE   =         3.6708  DIHED      =         0.6422
 1-4 NB =         0.4403  1-4 EEL =         2.0065  VDWAALS    =     13907.8444
 EELEC  =    -90847.6245  EHBOND  =         0.0000  RESTRAINT  =         0.0000
 DV/DL  =       -15.5920
 ------------------------------------------------------------------------------

 NMR restraints: Bond =    0.000   Angle =     0.000   Torsion =     0.000
===============================================================================

| TI region  1


 NSTEP =    60000   TIME(PS) =     120.000  TEMP(K) =   200.86  PRESS =     0.0
 Etot   =    -67435.7702  EKtot   =      8364.9386  EPtot      =    -75800.7088
 BOND   =         1.1364  ANGLE   =         3.7584  DIHED      =         0.2632
 1-4 NB =         0.2212  1-4 EEL =         1.9606  VDWAALS    =     13174.1359
 EELEC  =    -88982.1846  EHBOND  =         0.0000  RESTRAINT  =         0.0000
 DV/DL  =       -13.8373
 ------------------------------------------------------------------------------


| TI region  2


 NSTEP =    60000   TIME(PS) =     120.000  TEMP(K) =   200.86  PRESS =     0.0
 Etot   =    -67435.7702  EKtot   =      8364.9386  EPtot      =    -75800.7088
 BOND   =         1.1364  ANGLE   =         3.7584  DIHED      =         0.2632
 1-4 NB =         0.2212  1-4 EEL =         1.9606  VDWAALS    =     13174.1359
 EELEC  =    -88982.1846  EHBOND  =         0.0000  RESTRAINT  =         0.0000
 DV/DL  =       -13.8373
 ------------------------------------------------------------------------------

 NMR restraints: Bond =    0.000   Angle =     0.000   Torsion =     0.000
===============================================================================

| TI region  1


 NSTEP =    65000   TIME(PS) =     130.000  TEMP(K) =   217.38  PRESS =     0.0
 Etot   =    -65204.6069  EKtot   =      9053.1073  EPtot      =    -74257.7142
 BOND   =         0.2108  ANGLE   =         2.7305  DIHED      =         1.7549
 1-4 NB =         0.7924  1-4 EEL =         2.0843  VDWAALS    =     12564.2336
 EELEC  =    -86829.5207  EHBOND  =         0.0000  RESTRAINT  =         0.0000
 DV/DL  =       -11.1366
 ------------------------------------------------------------------------------


| TI region  2


 NSTEP =    65000   TIME(PS) =     130.000  TEMP(K) =   217.38  PRESS =     0.0
 Etot   =    -65204.6069  EKtot   =      9053.1073  EPtot      =    -74257.7142
 BOND   =         0.2108  ANGLE   =         2.7305  DIHED      =         1.7549
 1-4 NB =         0.7924  1-4 EEL =         2.0843  VDWAALS    =     12564.2336
 EELEC  =    -86829.5207  EHBOND  =         0.0000  RESTRAINT  =         0.0000
 DV/DL  =       -11.1366
 ------------------------------------------------------------------------------

 NMR restraints: Bond =    0.000   Angle =     0.000   Torsion =     0.000
===============================================================================

| TI region  1


 NSTEP =    70000   TIME(PS) =     140.000  TEMP(K) =   229.66  PRESS =     0.0
 Etot   =    -62766.9969  EKtot   =      9564.5310  EPtot      =    -72331.5280
 BOND   =         1.2766  ANGLE   =         3.7762  DIHED      =         1.8880
 1-4 NB =         0.4373  1-4 EEL =         2.0121  VDWAALS    =     11754.0621
 EELEC  =    -84094.9803  EHBOND  =         0.0000  RESTRAINT  =         0.0000
 DV/DL  =       -12.7118
 ------------------------------------------------------------------------------


| TI region  2


 NSTEP =    70000   TIME(PS) =     140.000  TEMP(K) =   229.66  PRESS =     0.0
 Etot   =    -62766.9969  EKtot   =      9564.5310  EPtot      =    -72331.5280
 BOND   =         1.2766  ANGLE   =         3.7762  DIHED      =         1.8880
 1-4 NB =         0.4373  1-4 EEL =         2.0121  VDWAALS    =     11754.0621
 EELEC  =    -84094.9803  EHBOND  =         0.0000  RESTRAINT  =         0.0000
 DV/DL  =       -12.7118
 ------------------------------------------------------------------------------

 NMR restraints: Bond =    0.000   Angle =     0.000   Torsion =     0.000
===============================================================================

| TI region  1


 NSTEP =    75000   TIME(PS) =     150.000  TEMP(K) =   249.65  PRESS =     0.0
 Etot   =    -59698.1504  EKtot   =     10396.9978  EPtot      =    -70095.1482
 BOND   =         0.6957  ANGLE   =         4.7209  DIHED      =         0.6113
 1-4 NB =         0.1451  1-4 EEL =         1.9492  VDWAALS    =     10979.6992
 EELEC  =    -81082.9696  EHBOND  =         0.0000  RESTRAINT  =         0.0000
 DV/DL  =       -18.9076
 ------------------------------------------------------------------------------


| TI region  2


 NSTEP =    75000   TIME(PS) =     150.000  TEMP(K) =   249.65  PRESS =     0.0
 Etot   =    -59698.1504  EKtot   =     10396.9978  EPtot      =    -70095.1482
 BOND   =         0.6957  ANGLE   =         4.7209  DIHED      =         0.6113
 1-4 NB =         0.1451  1-4 EEL =         1.9492  VDWAALS    =     10979.6992
 EELEC  =    -81082.9696  EHBOND  =         0.0000  RESTRAINT  =         0.0000
 DV/DL  =       -18.9076
 ------------------------------------------------------------------------------

 NMR restraints: Bond =    0.000   Angle =     0.000   Torsion =     0.000
===============================================================================

| TI region  1


 NSTEP =    80000   TIME(PS) =     160.000  TEMP(K) =   265.48  PRESS =     0.0
 Etot   =    -57655.8040  EKtot   =     11056.0771  EPtot      =    -68711.8811
 BOND   =         0.5892  ANGLE   =         4.0883  DIHED      =         1.1041
 1-4 NB =         0.7806  1-4 EEL =         1.8770  VDWAALS    =     10812.5550
 EELEC  =    -79532.8752  EHBOND  =         0.0000  RESTRAINT  =         0.0000
 DV/DL  =       -11.3509
 ------------------------------------------------------------------------------


| TI region  2


 NSTEP =    80000   TIME(PS) =     160.000  TEMP(K) =   265.48  PRESS =     0.0
 Etot   =    -57655.8040  EKtot   =     11056.0771  EPtot      =    -68711.8811
 BOND   =         0.5892  ANGLE   =         4.0883  DIHED      =         1.1041
 1-4 NB =         0.7806  1-4 EEL =         1.8770  VDWAALS    =     10812.5550
 EELEC  =    -79532.8752  EHBOND  =         0.0000  RESTRAINT  =         0.0000
 DV/DL  =       -11.3509
 ------------------------------------------------------------------------------

 NMR restraints: Bond =    0.000   Angle =     0.000   Torsion =     0.000
===============================================================================

| TI region  1


 NSTEP =    85000   TIME(PS) =     170.000  TEMP(K) =   281.58  PRESS =     0.0
 Etot   =    -55153.1174  EKtot   =     11726.5241  EPtot      =    -66879.6415
 BOND   =         0.4100  ANGLE   =         6.2937  DIHED      =         2.4580
 1-4 NB =         0.3470  1-4 EEL =         1.9570  VDWAALS    =     10003.7844
 EELEC  =    -76894.8916  EHBOND  =         0.0000  RESTRAINT  =         0.0000
 DV/DL  =       -10.1986
 ------------------------------------------------------------------------------


| TI region  2


 NSTEP =    85000   TIME(PS) =     170.000  TEMP(K) =   281.58  PRESS =     0.0
 Etot   =    -55153.1174  EKtot   =     11726.5241  EPtot      =    -66879.6415
 BOND   =         0.4100  ANGLE   =         6.2937  DIHED      =         2.4580
 1-4 NB =         0.3470  1-4 EEL =         1.9570  VDWAALS    =     10003.7844
 EELEC  =    -76894.8916  EHBOND  =         0.0000  RESTRAINT  =         0.0000
 DV/DL  =       -10.1986
 ------------------------------------------------------------------------------

 NMR restraints: Bond =    0.000   Angle =     0.000   Torsion =     0.000
===============================================================================

| TI region  1


 NSTEP =    90000   TIME(PS) =     180.000  TEMP(K) =   299.07  PRESS =     0.0
 Etot   =    -53103.5032  EKtot   =     12455.1321  EPtot      =    -65558.6353
 BOND   =         0.7110  ANGLE   =         5.4348  DIHED      =         0.3494
 1-4 NB =         0.0117  1-4 EEL =         1.8649  VDWAALS    =      9562.9693
 EELEC  =    -75129.9764  EHBOND  =         0.0000  RESTRAINT  =         0.0000
 DV/DL  =       -16.9950
 ------------------------------------------------------------------------------


| TI region  2


 NSTEP =    90000   TIME(PS) =     180.000  TEMP(K) =   299.07  PRESS =     0.0
 Etot   =    -53103.5032  EKtot   =     12455.1321  EPtot      =    -65558.6353
 BOND   =         0.7110  ANGLE   =         5.4348  DIHED      =         0.3494
 1-4 NB =         0.0117  1-4 EEL =         1.8649  VDWAALS    =      9562.9693
 EELEC  =    -75129.9764  EHBOND  =         0.0000  RESTRAINT  =         0.0000
 DV/DL  =       -16.9950
 ------------------------------------------------------------------------------

 NMR restraints: Bond =    0.000   Angle =     0.000   Torsion =     0.000
===============================================================================

| TI region  1


 NSTEP =    95000   TIME(PS) =     190.000  TEMP(K) =   302.89  PRESS =     0.0
 Etot   =    -52690.4807  EKtot   =     12614.0106  EPtot      =    -65304.4912
 BOND   =         0.5895  ANGLE   =         6.1830  DIHED      =         3.5132
 1-4 NB =         0.3908  1-4 EEL =         1.8560  VDWAALS    =      9605.1231
 EELEC  =    -74922.1469  EHBOND  =         0.0000  RESTRAINT  =         0.0000
 DV/DL  =       -14.3415
 ------------------------------------------------------------------------------


| TI region  2


 NSTEP =    95000   TIME(PS) =     190.000  TEMP(K) =   302.89  PRESS =     0.0
 Etot   =    -52690.4807  EKtot   =     12614.0106  EPtot      =    -65304.4912
 BOND   =         0.5895  ANGLE   =         6.1830  DIHED      =         3.5132
 1-4 NB =         0.3908  1-4 EEL =         1.8560  VDWAALS    =      9605.1231
 EELEC  =    -74922.1469  EHBOND  =         0.0000  RESTRAINT  =         0.0000
 DV/DL  =       -14.3415
 ------------------------------------------------------------------------------

 NMR restraints: Bond =    0.000   Angle =     0.000   Torsion =     0.000
===============================================================================

| TI region  1


 NSTEP =   100000   TIME(PS) =     200.000  TEMP(K) =   299.31  PRESS =     0.0
 Etot   =    -52762.0682  EKtot   =     12464.7344  EPtot      =    -65226.8026
 BOND   =         0.6921  ANGLE   =         2.3196  DIHED      =         0.6334
 1-4 NB =         0.4669  1-4 EEL =         1.9124  VDWAALS    =      9429.1154
 EELEC  =    -74661.9424  EHBOND  =         0.0000  RESTRAINT  =         0.0000
 DV/DL  =       -12.7367
 ------------------------------------------------------------------------------


| TI region  2


 NSTEP =   100000   TIME(PS) =     200.000  TEMP(K) =   299.31  PRESS =     0.0
 Etot   =    -52762.0682  EKtot   =     12464.7344  EPtot      =    -65226.8026
 BOND   =         0.6921  ANGLE   =         2.3196  DIHED      =         0.6334
 1-4 NB =         0.4669  1-4 EEL =         1.9124  VDWAALS    =      9429.1154
 EELEC  =    -74661.9424  EHBOND  =         0.0000  RESTRAINT  =         0.0000
 DV/DL  =       -12.7367
 ------------------------------------------------------------------------------

 NMR restraints: Bond =    0.000   Angle =     0.000   Torsion =     0.000
===============================================================================

| TI region  1


      A V E R A G E S   O V E R      20 S T E P S


 NSTEP =   100000   TIME(PS) =     200.000  TEMP(K) =   171.85  PRESS =     0.0
 Etot   =    -68154.6606  EKtot   =      7156.8015  EPtot      =    -75311.4621
 BOND   =         0.4856  ANGLE   =         2.8159  DIHED      =         0.7981
 1-4 NB =         0.3366  1-4 EEL =         1.9429  VDWAALS    =     13011.8550
 EELEC  =    -88329.6963  EHBOND  =         0.0000  RESTRAINT  =         0.0000
 DV/DL  =       -13.8861
 ------------------------------------------------------------------------------

 NMR restraints: Bond =    0.000   Angle =     0.000   Torsion =     0.000
===============================================================================

      R M S  F L U C T U A T I O N S


 NSTEP =   100000   TIME(PS) =     200.000  TEMP(K) =    92.55  PRESS =     0.0
 Etot   =      9889.5070  EKtot   =      3854.1393  EPtot      =      6113.1022
 BOND   =         0.4934  ANGLE   =         1.8135  DIHED      =         0.8990
 1-4 NB =         0.2036  1-4 EEL =         0.0615  VDWAALS    =      2137.7525
 EELEC  =      8238.3654  EHBOND  =         0.0000  RESTRAINT  =         0.0000
 DV/DL  =         2.0308
 ------------------------------------------------------------------------------


| TI region  2


      A V E R A G E S   O V E R      20 S T E P S


 NSTEP =   100000   TIME(PS) =     200.000  TEMP(K) =   171.85  PRESS =     0.0
 Etot   =    -68154.6606  EKtot   =      7156.8015  EPtot      =    -75311.4621
 BOND   =         0.4856  ANGLE   =         2.8159  DIHED      =         0.7981
 1-4 NB =         0.3366  1-4 EEL =         1.9429  VDWAALS    =     13011.8550
 EELEC  =    -88329.6963  EHBOND  =         0.0000  RESTRAINT  =         0.0000
 DV/DL  =       -13.8861
 ------------------------------------------------------------------------------

 NMR restraints: Bond =    0.000   Angle =     0.000   Torsion =     0.000
===============================================================================

      R M S  F L U C T U A T I O N S


 NSTEP =   100000   TIME(PS) =     200.000  TEMP(K) =    92.55  PRESS =     0.0
 Etot   =      9889.5070  EKtot   =      3854.1393  EPtot      =      6113.1022
 BOND   =         0.4934  ANGLE   =         1.8135  DIHED      =         0.8990
 1-4 NB =         0.2036  1-4 EEL =         0.0615  VDWAALS    =      2137.7525
 EELEC  =      8238.3654  EHBOND  =         0.0000  RESTRAINT  =         0.0000
 DV/DL  =         2.0308
 ------------------------------------------------------------------------------


      DV/DL, AVERAGES OVER      20 STEPS


 NSTEP =   100000   TIME(PS) =     200.000  TEMP(K) =    92.55  PRESS =     0.0
 Etot   =         0.0000  EKtot   =         0.0000  EPtot      =       -13.8861
 BOND   =         0.0000  ANGLE   =         0.0000  DIHED      =         0.0000
 1-4 NB =         0.0000  1-4 EEL =       -40.5283  VDWAALS    =         0.0000
 EELEC  =        26.6422  EHBOND  =         0.0000  RESTRAINT  =         0.0000
 DV/DL  =       -13.8861
 ------------------------------------------------------------------------------


 NMR restraints on final step:

--------------------------------------------------------------------------------
   5.  TIMINGS
--------------------------------------------------------------------------------

|  NonSetup CPU Time in Major Routines:
|
|     Routine           Sec        %
|     ------------------------------
|     Nonbond         117.23   42.78
|     Bond              0.00    0.00
|     Angle             0.00    0.00
|     Dihedral          0.00    0.00
|     Shake             1.39    0.51
|     RunMD           154.88   56.52
|     Other             0.53    0.19
|     ------------------------------
|     Total           274.03

|  PME Nonbond Pairlist CPU Time:
|
|     Routine              Sec        %
|     ---------------------------------
|     Set Up Cit           0.00    0.00
|     Build List           0.00    0.00
|     ---------------------------------
|     Total                0.00    0.00

|  PME Direct Force CPU Time:
|
|     Routine              Sec        %
|     ---------------------------------
|     NonBonded Calc       0.00    0.00
|     Exclude Masked       0.00    0.00
|     Other                0.35    0.13
|     ---------------------------------
|     Total                0.35    0.13

|  PME Reciprocal Force CPU Time:
|
|     Routine              Sec        %
|     ---------------------------------
|     1D bspline           0.00    0.00
|     Grid Charges         0.00    0.00
|     Scalar Sum           0.00    0.00
|     Gradient Sum         0.00    0.00
|     FFT                  0.00    0.00
|     ---------------------------------
|     Total                0.00    0.00

|  Final Performance Info:
|     -----------------------------------------------------
|     Average timings for last       1 steps:
|     Elapsed(s) =       0.00 Per Step(ms) =       1.40
|         ns/day =     123.52   seconds/ns =     699.46
|
|     Average timings for all steps:
|     Elapsed(s) =     276.37 Per Step(ms) =       2.76
|         ns/day =      62.53   seconds/ns =    1381.84
|     -----------------------------------------------------

|  Setup CPU time:            0.76 seconds
|  NonSetup CPU time:       274.03 seconds
|  Total CPU time:          274.79 seconds     0.08 hours

|  Setup wall time:           1    seconds
|  NonSetup wall time:      276    seconds
|  Total wall time:         277    seconds     0.08 hours
