
          -------------------------------------------------------
          Amber 18 PMEMD                              2018
          -------------------------------------------------------

| PMEMD implementation of SANDER, Release 18

| Run on 09/18/2020 at 18:02:26

|   Executable path: /opt/software/Amber/18-foss-2018b-AmberTools-19/bin/pmemd.cuda
| Working directory: /mnt/gs18/scratch/users/songlin3/run/ti_en/one_step_tip3p_ethylenediame/ethylenediame_to_nothing/0.88495
|          Hostname: lac-142

  [-O]verwriting output

File Assignments:
|   MDIN: heat.in                                                               
|  MDOUT: heat.out                                                              
| INPCRD: min.rst                                                               
|   PARM: en_step2_final.prmtop                                                 
| RESTRT: heat.rst                                                              
|   REFC: min.rst                                                               
|  MDVEL: mdvel                                                                 
|   MDEN: mden                                                                  
|  MDCRD: heat.netcdf                                                           
| MDINFO: heat.mdinfo                                                           
|  MDFRC: mdfrc                                                                 


 Here is the input file:

nvt for free MD                                                                
 &cntrl                                                                        
  imin=0,                                                                      
  irest=0,                                                                     
  ntx=1,                                                                       
  ig=-1,                                                                       
  nstlim=200000,                                                               
  dt=0.001,                                                                    
  cut=10.0,                                                                    
  ntc=1,                                                                       
  ntf=1,                                                                       
  ntb=1,                                                                       
  ntt=3,                                                                       
  gamma_ln=2.0,                                                                
  tempi=0.0,                                                                   
  temp0=300.0,                                                                 
  ntpr=5000,                                                                   
  ntwr=5000,                                                                   
  ntwx=10000,                                                                  
  ntwv=0,                                                                      
  ioutfm=1,                                                                    
  iwrap=0,                                                                     
  nmropt=1,                                                                    
  ifsc = 1, icfe=1,                                                            
  clambda=0.88495,                                                             
  timask1=':1', scmask1=':1', scmask2='',                                      
  timask2='',                                                                  
/                                                                              
&wt TYPE='TEMP0', istep1=0, istep2=190000, value1=0.0, value2=300.0 /          
&wt TYPE='TEMP0', istep1=190001, istep2=200000, value1=300.0, value2=300.0 /   
&wt TYPE='DUMPFREQ', istep1=10000, /                                           
&wt TYPE='END', /                                                              


Note: ig = -1. Setting random seed to   738336 based on wallclock time in 
      microseconds.
| irandom = 1, using AMBER's internal random number generator (default).
 
|--------------------- INFORMATION ----------------------
| GPU (CUDA) Version of PMEMD in use: NVIDIA GPU IN USE.
|                    Version 18.0.0
| 
|                      03/25/2018
| 
| Implementation by:
|                    Ross C. Walker     (SDSC)
|                    Scott Le Grand     (nVIDIA)
| 
| Version 18 performance extensions by:
|                    David Cerutti     (Rutgers)
| 
| Precision model in use:
|      [SPFP] - Single Precision Forces, 64-bit Fixed Point
|               Accumulation. (Default)
| 
|--------------------------------------------------------
 
|----------------- CITATION INFORMATION -----------------
|
|    When publishing work that utilized the CUDA version
|    of AMBER, please cite the following in addition to
|    the regular AMBER citations:
|
|  - Romelia Salomon-Ferrer; Andreas W. Goetz; Duncan
|    Poole; Scott Le Grand; Ross C. Walker "Routine
|    microsecond molecular dynamics simulations with
|    AMBER - Part II: Particle Mesh Ewald", J. Chem.
|    Theory Comput., 2013, 9 (9), pp3878-3888,
|    DOI: 10.1021/ct400314y.
|
|  - Andreas W. Goetz; Mark J. Williamson; Dong Xu;
|    Duncan Poole; Scott Le Grand; Ross C. Walker
|    "Routine microsecond molecular dynamics simulations
|    with AMBER - Part I: Generalized Born", J. Chem.
|    Theory Comput., 2012, 8 (5), pp1542-1555.
|
|  - Scott Le Grand; Andreas W. Goetz; Ross C. Walker
|    "SPFP: Speed without compromise - a mixed precision
|    model for GPU accelerated molecular dynamics
|    simulations.", Comp. Phys. Comm., 2013, 184
|    pp374-380, DOI: 10.1016/j.cpc.2012.09.022
|
|    When publishing work that utilized the CUDA version
|    of TI, BAR, MBAR or FEP please cite the following 
|    three publications in addition to the regular AMBER 
|    GPU citations:
|
|  - Daniel J. Mermelstein; Charles Lin; Gard Nelson; 
|    Rachael Kretsch; J. Andrew McCammon; Ross C. Walker
|    "Fast and Flexible GPU Accelerated Binding 
|    Free Energy Calculations within the AMBER Molecular
|    Dynamics Package" J. Comp. Chem., 2018,
|    DOI: 10.1002/jcc.25187
|
|  - Tai-Sung Lee; Yuan Hu; Brad Sherborne; Zhuyan Guo;
|    Darrin M. York
|    "Toward Fast and Accurate Binding Affinity Prediction with
|    pmemdGTI: An Efficient Implementation of GPU-Accelerated
|    Thermodynamic Integration"
|    J. Chem. Theory Comput., 2017, 13 (7), 3077
|
|
|--------------------------------------------------------
 
|------------------- GPU DEVICE INFO --------------------
|
|            CUDA_VISIBLE_DEVICES: 0
|   CUDA Capable Devices Detected:      1
|           CUDA Device ID in use:      0
|                CUDA Device Name: Tesla K80
|     CUDA Device Global Mem Size:  11441 MB
| CUDA Device Num Multiprocessors:     13
|           CUDA Device Core Freq:   0.82 GHz
|
|--------------------------------------------------------
 
 
| Conditional Compilation Defines Used:
| PUBFFT
| BINTRAJ
| CUDA
| EMIL

| Largest sphere to fit in unit cell has radius =    27.375

| New format PARM file being parsed.
| Version =    1.000 Date = 09/18/20 Time = 17:37:14

| Note: 1-4 EEL scale factors are being read from the topology file.

| Note: 1-4 VDW scale factors are being read from the topology file.
| Duplicated    0 dihedrals

| Duplicated    0 dihedrals

--------------------------------------------------------------------------------
   1.  RESOURCE   USE: 
--------------------------------------------------------------------------------

 getting box info from netcdf restart file
 NATOM  =   20955 NTYPES =       6 NBONH =   20951 MBONA  =       3
 NTHETH =      16 MTHETA =       2 NPHIH =      20 MPHIA  =       1
 NHPARM =       0 NPARM  =       0 NNB   =   27975 NRES   =    6982
 NBONA  =       3 NTHETA =       2 NPHIA =       1 NUMBND =       6
 NUMANG =       6 NPTRA  =       2 NATYP =       6 NPHB   =       1
 IFBOX  =       2 NMXRS  =      12 IFCAP =       0 NEXTRA =       0
 NCOPY  =       0

| Coordinate Index Table dimensions:    10   10   10
| Direct force subcell size =     6.7054    6.7054    6.7054

     BOX TYPE: TRUNCATED OCTAHEDRON

--------------------------------------------------------------------------------
   2.  CONTROL  DATA  FOR  THE  RUN
--------------------------------------------------------------------------------

default_name                                                                    

General flags:
     imin    =       0, nmropt  =       1

Nature and format of input:
     ntx     =       1, irest   =       0, ntrx    =       1

Nature and format of output:
     ntxo    =       2, ntpr    =    5000, ntrx    =       1, ntwr    =    5000
     iwrap   =       0, ntwx    =   10000, ntwv    =       0, ntwe    =       0
     ioutfm  =       1, ntwprt  =       0, idecomp =       0, rbornstat=      0

Potential function:
     ntf     =       1, ntb     =       1, igb     =       0, nsnb    =      25
     ipol    =       0, gbsa    =       0, iesp    =       0
     dielc   =   1.00000, cut     =  10.00000, intdiel =   1.00000

Frozen or restrained atoms:
     ibelly  =       0, ntr     =       0

Molecular dynamics:
     nstlim  =    200000, nscm    =      1000, nrespa  =         1
     t       =   0.00000, dt      =   0.00100, vlimit  =  -1.00000

Langevin dynamics temperature regulation:
     ig      =  738336
     temp0   = 300.00000, tempi   =   0.00000, gamma_ln=   2.00000

NMR refinement options:
     iscale  =       0, noeskp  =       1, ipnlty  =       1, mxsub   =       1
     scalm   = 100.00000, pencut  =   0.10000, tausw   =   0.10000

Free energy options:
     icfe    =       1, ifsc    =       1, klambda =       1
     clambda =  0.8850, scalpha =  0.5000, scbeta  = 12.0000
     sceeorder =       2
     dynlmb =  0.0000 logdvdl =       0

| Intermolecular bonds treatment:
|     no_intermolecular_bonds =       1

| Energy averages sample interval:
|     ene_avg_sampling =    5000

Ewald parameters:
     verbose =       0, ew_type =       0, nbflag  =       1, use_pme =       1
     vdwmeth =       1, eedmeth =       1, netfrc  =       1
     Box X =   67.054   Box Y =   67.054   Box Z =   67.054
     Alpha =  109.471   Beta  =  109.471   Gamma =  109.471
     NFFT1 =   64       NFFT2 =   64       NFFT3 =   64
     Cutoff=   10.000   Tol   =0.100E-04
     Ewald Coefficient =  0.27511
     Interpolation order =    4
     TI Mask 1 :1; matches     12 atoms
     TI Mask 2  matches      0 atoms
     TI region 1:   20955 atoms
     TI region 2:   20943 atoms
     SC Mask 1 :1; matches     12 atoms

--------------------------------------------------------------------------------
   3.  ATOMIC COORDINATES AND VELOCITIES
--------------------------------------------------------------------------------

default_name                                                                    
 begin time read from input coords =     0.000 ps



           Begin reading energy term weight changes/NMR restraints
 WEIGHT CHANGES:
 TEMP0         0 190000    0.000000  300.000000      0      0
 TEMP0    190001 200000  300.000000  300.000000      0      0
 DUMPFREQ  10000      0    0.000000    0.000000      0      0

 RESTRAINTS:
                          ** No restraint defined **

                  Done reading weight changes/NMR restraints


 
 Number of triangulated 3-point waters found:     6981
 Number of shake restraints removed in TI region  1 :        0
 Number of shake restraints removed in TI region  2 :        0

     Sum of charges for TI region  1 =  -0.00000000
     Forcing neutrality...


     Sum of charges for TI region  2 =   0.00000000
     Forcing neutrality...

| Dynamic Memory, Types Used:
| Reals              918940
| Integers           797059

| Nonbonded Pairs Initial Allocation:     6338363

| GPU memory information (estimate):
| KB of GPU memory in use:         0
| KB of CPU memory in use:         0

--------------------------------------------------------------------------------
   4.  RESULTS
--------------------------------------------------------------------------------

   DOF for the SC part  1 of the system:   36

| TI region  1


 NSTEP =        0   TIME(PS) =       0.000  TEMP(K) =     0.00  PRESS =     0.0
 Etot   =    -63489.4243  EKtot   =         0.0000  EPtot      =    -63489.4243
 BOND   =      3637.9850  ANGLE   =         0.0000  DIHED      =        -0.0000
 1-4 NB =         0.0000  1-4 EEL =        -0.0000  VDWAALS    =      3827.6962
 EELEC  =    -70955.1056  EHBOND  =         0.0000  RESTRAINT  =         0.0000
 DV/DL  =         6.9818
 ------------------------------------------------------------------------------

  Softcore part of the system:      12 atoms,       TEMP(K)    =           0.00
 SC_Etot=        13.8017  SC_EKtot=         0.0000  SC_EPtot   =        13.8017
 SC_BOND=         0.0449  SC_ANGLE=         0.1422  SC_DIHED   =         0.3266
 SC_14NB=         0.4087  SC_14EEL=        40.4500  SC_VDW     =        -0.0883
 SC_EEL =       -27.4823
 SC_RES_DIST=     0.0000  SC_RES_ANG=       0.0000  SC_RES_TORS=         0.0000
 SC_EEL_DER=      0.0133  SC_VDW_DER=       0.0168  SC_DERIV   =         0.0301
 ------------------------------------------------------------------------------


| TI region  2


 NSTEP =        0   TIME(PS) =       0.000  TEMP(K) =     0.00  PRESS =     0.0
 Etot   =    -63489.4243  EKtot   =         0.0000  EPtot      =    -63489.4243
 BOND   =      3637.9850  ANGLE   =         0.0000  DIHED      =        -0.0000
 1-4 NB =         0.0000  1-4 EEL =        -0.0000  VDWAALS    =      3827.6962
 EELEC  =    -70955.1056  EHBOND  =         0.0000  RESTRAINT  =         0.0000
 DV/DL  =         6.9818
 ------------------------------------------------------------------------------

 NMR restraints: Bond =    0.000   Angle =     0.000   Torsion =     0.000
===============================================================================

| TI region  1


 NSTEP =     5000   TIME(PS) =       5.000  TEMP(K) =     7.35  PRESS =     0.0
 Etot   =    -63309.7783  EKtot   =       459.1663  EPtot      =    -63768.9446
 BOND   =      3916.6669  ANGLE   =         0.0000  DIHED      =        -0.0000
 1-4 NB =         0.0000  1-4 EEL =         0.0000  VDWAALS    =      4213.4872
 EELEC  =    -71899.0987  EHBOND  =         0.0000  RESTRAINT  =         0.0000
 DV/DL  =         8.8924
 ------------------------------------------------------------------------------

  Softcore part of the system:      12 atoms,       TEMP(K)    =           6.39
 SC_Etot=        14.1928  SC_EKtot=         0.2285  SC_EPtot   =        13.9643
 SC_BOND=         0.0933  SC_ANGLE=         0.1259  SC_DIHED   =         0.3332
 SC_14NB=         0.3482  SC_14EEL=        40.4352  SC_VDW     =        -0.0857
 SC_EEL =       -27.2859
 SC_RES_DIST=     0.0000  SC_RES_ANG=       0.0000  SC_RES_TORS=         0.0000
 SC_EEL_DER=      0.0703  SC_VDW_DER=      -0.0890  SC_DERIV   =        -0.0187
 ------------------------------------------------------------------------------


| TI region  2


 NSTEP =     5000   TIME(PS) =       5.000  TEMP(K) =     7.35  PRESS =     0.0
 Etot   =    -63310.0068  EKtot   =       458.9378  EPtot      =    -63768.9446
 BOND   =      3916.6669  ANGLE   =         0.0000  DIHED      =        -0.0000
 1-4 NB =         0.0000  1-4 EEL =         0.0000  VDWAALS    =      4213.4872
 EELEC  =    -71899.0987  EHBOND  =         0.0000  RESTRAINT  =         0.0000
 DV/DL  =         8.8924
 ------------------------------------------------------------------------------

 NMR restraints: Bond =    0.000   Angle =     0.000   Torsion =     0.000
===============================================================================

| TI region  1


 NSTEP =    10000   TIME(PS) =      10.000  TEMP(K) =    15.14  PRESS =     0.0
 Etot   =    -62490.6868  EKtot   =       945.4048  EPtot      =    -63436.0916
 BOND   =      4124.5788  ANGLE   =         0.0000  DIHED      =        -0.0000
 1-4 NB =         0.0000  1-4 EEL =        -0.0000  VDWAALS    =      4185.2232
 EELEC  =    -71745.8935  EHBOND  =         0.0000  RESTRAINT  =         0.0000
 DV/DL  =         6.7431
 ------------------------------------------------------------------------------

  Softcore part of the system:      12 atoms,       TEMP(K)    =          13.79
 SC_Etot=        14.5941  SC_EKtot=         0.4934  SC_EPtot   =        14.1007
 SC_BOND=         0.1842  SC_ANGLE=         0.3379  SC_DIHED   =         0.2693
 SC_14NB=         0.3734  SC_14EEL=        40.3296  SC_VDW     =        -0.0886
 SC_EEL =       -27.3051
 SC_RES_DIST=     0.0000  SC_RES_ANG=       0.0000  SC_RES_TORS=         0.0000
 SC_EEL_DER=      0.0091  SC_VDW_DER=      -0.1496  SC_DERIV   =        -0.1405
 ------------------------------------------------------------------------------


| TI region  2


 NSTEP =    10000   TIME(PS) =      10.000  TEMP(K) =    15.14  PRESS =     0.0
 Etot   =    -62491.1802  EKtot   =       944.9114  EPtot      =    -63436.0916
 BOND   =      4124.5788  ANGLE   =         0.0000  DIHED      =        -0.0000
 1-4 NB =         0.0000  1-4 EEL =        -0.0000  VDWAALS    =      4185.2232
 EELEC  =    -71745.8935  EHBOND  =         0.0000  RESTRAINT  =         0.0000
 DV/DL  =         6.7431
 ------------------------------------------------------------------------------

 NMR restraints: Bond =    0.000   Angle =     0.000   Torsion =     0.000
===============================================================================

| TI region  1


 NSTEP =    15000   TIME(PS) =      15.000  TEMP(K) =    23.07  PRESS =     0.0
 Etot   =    -61625.9731  EKtot   =      1440.8593  EPtot      =    -63066.8324
 BOND   =      4338.5722  ANGLE   =         0.0000  DIHED      =        -0.0000
 1-4 NB =         0.0000  1-4 EEL =        -0.0000  VDWAALS    =      4209.5194
 EELEC  =    -71614.9239  EHBOND  =         0.0000  RESTRAINT  =         0.0000
 DV/DL  =         6.9829
 ------------------------------------------------------------------------------

  Softcore part of the system:      12 atoms,       TEMP(K)    =          22.02
 SC_Etot=        15.4128  SC_EKtot=         0.7876  SC_EPtot   =        14.6251
 SC_BOND=         0.4134  SC_ANGLE=         0.5956  SC_DIHED   =         0.5730
 SC_14NB=         0.4524  SC_14EEL=        40.9443  SC_VDW     =        -0.0938
 SC_EEL =       -28.2598
 SC_RES_DIST=     0.0000  SC_RES_ANG=       0.0000  SC_RES_TORS=         0.0000
 SC_EEL_DER=      0.0282  SC_VDW_DER=      -0.4570  SC_DERIV   =        -0.4288
 ------------------------------------------------------------------------------


| TI region  2


 NSTEP =    15000   TIME(PS) =      15.000  TEMP(K) =    23.07  PRESS =     0.0
 Etot   =    -61626.7608  EKtot   =      1440.0716  EPtot      =    -63066.8324
 BOND   =      4338.5722  ANGLE   =         0.0000  DIHED      =        -0.0000
 1-4 NB =         0.0000  1-4 EEL =        -0.0000  VDWAALS    =      4209.5194
 EELEC  =    -71614.9239  EHBOND  =         0.0000  RESTRAINT  =         0.0000
 DV/DL  =         6.9829
 ------------------------------------------------------------------------------

 NMR restraints: Bond =    0.000   Angle =     0.000   Torsion =     0.000
===============================================================================

| TI region  1


 NSTEP =    20000   TIME(PS) =      20.000  TEMP(K) =    30.95  PRESS =     0.0
 Etot   =    -60703.0915  EKtot   =      1932.9491  EPtot      =    -62636.0406
 BOND   =      4482.3115  ANGLE   =         0.0000  DIHED      =        -0.0000
 1-4 NB =         0.0000  1-4 EEL =        -0.0000  VDWAALS    =      4090.8296
 EELEC  =    -71209.1816  EHBOND  =         0.0000  RESTRAINT  =         0.0000
 DV/DL  =         8.2100
 ------------------------------------------------------------------------------

  Softcore part of the system:      12 atoms,       TEMP(K)    =          33.73
 SC_Etot=        16.0107  SC_EKtot=         1.2065  SC_EPtot   =        14.8042
 SC_BOND=         0.6041  SC_ANGLE=         0.5486  SC_DIHED   =         0.3204
 SC_14NB=         0.3797  SC_14EEL=        40.7742  SC_VDW     =        -0.0873
 SC_EEL =       -27.7355
 SC_RES_DIST=     0.0000  SC_RES_ANG=       0.0000  SC_RES_TORS=         0.0000
 SC_EEL_DER=      0.0327  SC_VDW_DER=      -0.2921  SC_DERIV   =        -0.2594
 ------------------------------------------------------------------------------


| TI region  2


 NSTEP =    20000   TIME(PS) =      20.000  TEMP(K) =    30.94  PRESS =     0.0
 Etot   =    -60704.2979  EKtot   =      1931.7426  EPtot      =    -62636.0406
 BOND   =      4482.3115  ANGLE   =         0.0000  DIHED      =        -0.0000
 1-4 NB =         0.0000  1-4 EEL =        -0.0000  VDWAALS    =      4090.8296
 EELEC  =    -71209.1816  EHBOND  =         0.0000  RESTRAINT  =         0.0000
 DV/DL  =         8.2100
 ------------------------------------------------------------------------------

 NMR restraints: Bond =    0.000   Angle =     0.000   Torsion =     0.000
===============================================================================

| TI region  1


 NSTEP =    25000   TIME(PS) =      25.000  TEMP(K) =    39.20  PRESS =     0.0
 Etot   =    -59770.0865  EKtot   =      2448.2197  EPtot      =    -62218.3062
 BOND   =      4654.3600  ANGLE   =        -0.0000  DIHED      =        -0.0000
 1-4 NB =         0.0000  1-4 EEL =        -0.0000  VDWAALS    =      4123.9166
 EELEC  =    -70996.5828  EHBOND  =         0.0000  RESTRAINT  =         0.0000
 DV/DL  =         9.0437
 ------------------------------------------------------------------------------

  Softcore part of the system:      12 atoms,       TEMP(K)    =          30.46
 SC_Etot=        15.7803  SC_EKtot=         1.0894  SC_EPtot   =        14.6909
 SC_BOND=         0.3283  SC_ANGLE=         0.6653  SC_DIHED   =         0.5701
 SC_14NB=         0.6051  SC_14EEL=        41.1367  SC_VDW     =        -0.0986
 SC_EEL =       -28.5160
 SC_RES_DIST=     0.0000  SC_RES_ANG=       0.0000  SC_RES_TORS=         0.0000
 SC_EEL_DER=      0.0307  SC_VDW_DER=      -0.0417  SC_DERIV   =        -0.0110
 ------------------------------------------------------------------------------


| TI region  2


 NSTEP =    25000   TIME(PS) =      25.000  TEMP(K) =    39.20  PRESS =     0.0
 Etot   =    -59771.1759  EKtot   =      2447.1303  EPtot      =    -62218.3062
 BOND   =      4654.3600  ANGLE   =        -0.0000  DIHED      =        -0.0000
 1-4 NB =         0.0000  1-4 EEL =        -0.0000  VDWAALS    =      4123.9166
 EELEC  =    -70996.5828  EHBOND  =         0.0000  RESTRAINT  =         0.0000
 DV/DL  =         9.0437
 ------------------------------------------------------------------------------

 NMR restraints: Bond =    0.000   Angle =     0.000   Torsion =     0.000
===============================================================================

| TI region  1


 NSTEP =    30000   TIME(PS) =      30.000  TEMP(K) =    46.84  PRESS =     0.0
 Etot   =    -58848.6518  EKtot   =      2926.0073  EPtot      =    -61774.6592
 BOND   =      4894.4386  ANGLE   =        -0.0000  DIHED      =        -0.0000
 1-4 NB =         0.0000  1-4 EEL =         0.0000  VDWAALS    =      4109.2836
 EELEC  =    -70778.3813  EHBOND  =         0.0000  RESTRAINT  =         0.0000
 DV/DL  =         8.2986
 ------------------------------------------------------------------------------

  Softcore part of the system:      12 atoms,       TEMP(K)    =          44.79
 SC_Etot=        17.0896  SC_EKtot=         1.6020  SC_EPtot   =        15.4875
 SC_BOND=         0.5534  SC_ANGLE=         1.0391  SC_DIHED   =         0.2502
 SC_14NB=         0.4436  SC_14EEL=        40.8323  SC_VDW     =        -0.0933
 SC_EEL =       -27.5377
 SC_RES_DIST=     0.0000  SC_RES_ANG=       0.0000  SC_RES_TORS=         0.0000
 SC_EEL_DER=      0.0010  SC_VDW_DER=      -0.2094  SC_DERIV   =        -0.2084
 ------------------------------------------------------------------------------


| TI region  2


 NSTEP =    30000   TIME(PS) =      30.000  TEMP(K) =    46.85  PRESS =     0.0
 Etot   =    -58850.2539  EKtot   =      2924.4053  EPtot      =    -61774.6592
 BOND   =      4894.4386  ANGLE   =        -0.0000  DIHED      =        -0.0000
 1-4 NB =         0.0000  1-4 EEL =         0.0000  VDWAALS    =      4109.2836
 EELEC  =    -70778.3813  EHBOND  =         0.0000  RESTRAINT  =         0.0000
 DV/DL  =         8.2986
 ------------------------------------------------------------------------------

 NMR restraints: Bond =    0.000   Angle =     0.000   Torsion =     0.000
===============================================================================

| TI region  1


 NSTEP =    35000   TIME(PS) =      35.000  TEMP(K) =    54.49  PRESS =     0.0
 Etot   =    -57933.1747  EKtot   =      3403.2756  EPtot      =    -61336.4503
 BOND   =      5027.0698  ANGLE   =         0.0000  DIHED      =         0.0000
 1-4 NB =         0.0000  1-4 EEL =         0.0000  VDWAALS    =      3988.7035
 EELEC  =    -70352.2235  EHBOND  =         0.0000  RESTRAINT  =         0.0000
 DV/DL  =         7.9104
 ------------------------------------------------------------------------------

  Softcore part of the system:      12 atoms,       TEMP(K)    =          74.62
 SC_Etot=        17.7608  SC_EKtot=         2.6691  SC_EPtot   =        15.0917
 SC_BOND=         0.4183  SC_ANGLE=         0.6855  SC_DIHED   =         0.2122
 SC_14NB=         0.5330  SC_14EEL=        41.0414  SC_VDW     =        -0.0894
 SC_EEL =       -27.7094
 SC_RES_DIST=     0.0000  SC_RES_ANG=       0.0000  SC_RES_TORS=         0.0000
 SC_EEL_DER=     -0.0198  SC_VDW_DER=      -0.1591  SC_DERIV   =        -0.1789
 ------------------------------------------------------------------------------


| TI region  2


 NSTEP =    35000   TIME(PS) =      35.000  TEMP(K) =    54.47  PRESS =     0.0
 Etot   =    -57935.8438  EKtot   =      3400.6065  EPtot      =    -61336.4503
 BOND   =      5027.0698  ANGLE   =         0.0000  DIHED      =         0.0000
 1-4 NB =         0.0000  1-4 EEL =         0.0000  VDWAALS    =      3988.7035
 EELEC  =    -70352.2235  EHBOND  =         0.0000  RESTRAINT  =         0.0000
 DV/DL  =         7.9104
 ------------------------------------------------------------------------------

 NMR restraints: Bond =    0.000   Angle =     0.000   Torsion =     0.000
===============================================================================

| TI region  1


 NSTEP =    40000   TIME(PS) =      40.000  TEMP(K) =    62.44  PRESS =     0.0
 Etot   =    -56936.1212  EKtot   =      3900.3323  EPtot      =    -60836.4535
 BOND   =      5225.7533  ANGLE   =        -0.0000  DIHED      =        -0.0000
 1-4 NB =         0.0000  1-4 EEL =        -0.0000  VDWAALS    =      3893.3038
 EELEC  =    -69955.5106  EHBOND  =         0.0000  RESTRAINT  =         0.0000
 DV/DL  =         6.2822
 ------------------------------------------------------------------------------

  Softcore part of the system:      12 atoms,       TEMP(K)    =          68.17
 SC_Etot=        18.1446  SC_EKtot=         2.4383  SC_EPtot   =        15.7064
 SC_BOND=         0.5911  SC_ANGLE=         1.1183  SC_DIHED   =         1.0377
 SC_14NB=         0.6580  SC_14EEL=        39.9863  SC_VDW     =        -0.0972
 SC_EEL =       -27.5879
 SC_RES_DIST=     0.0000  SC_RES_ANG=       0.0000  SC_RES_TORS=         0.0000
 SC_EEL_DER=      0.0435  SC_VDW_DER=      -0.8978  SC_DERIV   =        -0.8543
 ------------------------------------------------------------------------------


| TI region  2


 NSTEP =    40000   TIME(PS) =      40.000  TEMP(K) =    62.44  PRESS =     0.0
 Etot   =    -56938.5595  EKtot   =      3897.8940  EPtot      =    -60836.4535
 BOND   =      5225.7533  ANGLE   =        -0.0000  DIHED      =        -0.0000
 1-4 NB =         0.0000  1-4 EEL =        -0.0000  VDWAALS    =      3893.3038
 EELEC  =    -69955.5106  EHBOND  =         0.0000  RESTRAINT  =         0.0000
 DV/DL  =         6.2822
 ------------------------------------------------------------------------------

 NMR restraints: Bond =    0.000   Angle =     0.000   Torsion =     0.000
===============================================================================

| TI region  1


 NSTEP =    45000   TIME(PS) =      45.000  TEMP(K) =    70.12  PRESS =     0.0
 Etot   =    -56022.6594  EKtot   =      4379.7412  EPtot      =    -60402.4006
 BOND   =      5483.1300  ANGLE   =        -0.0000  DIHED      =        -0.0000
 1-4 NB =         0.0000  1-4 EEL =        -0.0000  VDWAALS    =      3936.7617
 EELEC  =    -69822.2923  EHBOND  =         0.0000  RESTRAINT  =         0.0000
 DV/DL  =         4.2495
 ------------------------------------------------------------------------------

  Softcore part of the system:      12 atoms,       TEMP(K)    =          75.84
 SC_Etot=        19.2560  SC_EKtot=         2.7127  SC_EPtot   =        16.5433
 SC_BOND=         0.8425  SC_ANGLE=         1.2875  SC_DIHED   =         1.0407
 SC_14NB=         0.4735  SC_14EEL=        40.0177  SC_VDW     =        -0.0928
 SC_EEL =       -27.0258
 SC_RES_DIST=     0.0000  SC_RES_ANG=       0.0000  SC_RES_TORS=         0.0000
 SC_EEL_DER=      0.0575  SC_VDW_DER=      -1.4621  SC_DERIV   =        -1.4046
 ------------------------------------------------------------------------------


| TI region  2


 NSTEP =    45000   TIME(PS) =      45.000  TEMP(K) =    70.11  PRESS =     0.0
 Etot   =    -56025.3721  EKtot   =      4377.0285  EPtot      =    -60402.4006
 BOND   =      5483.1300  ANGLE   =        -0.0000  DIHED      =        -0.0000
 1-4 NB =         0.0000  1-4 EEL =        -0.0000  VDWAALS    =      3936.7617
 EELEC  =    -69822.2923  EHBOND  =         0.0000  RESTRAINT  =         0.0000
 DV/DL  =         4.2495
 ------------------------------------------------------------------------------

 NMR restraints: Bond =    0.000   Angle =     0.000   Torsion =     0.000
===============================================================================

| TI region  1


 NSTEP =    50000   TIME(PS) =      50.000  TEMP(K) =    78.09  PRESS =     0.0
 Etot   =    -55025.8783  EKtot   =      4877.7051  EPtot      =    -59903.5834
 BOND   =      5549.5724  ANGLE   =         0.0000  DIHED      =         0.0000
 1-4 NB =         0.0000  1-4 EEL =        -0.0000  VDWAALS    =      3801.7390
 EELEC  =    -69254.8948  EHBOND  =         0.0000  RESTRAINT  =         0.0000
 DV/DL  =         9.3356
 ------------------------------------------------------------------------------

  Softcore part of the system:      12 atoms,       TEMP(K)    =          78.76
 SC_Etot=        18.3190  SC_EKtot=         2.8174  SC_EPtot   =        15.5016
 SC_BOND=         0.5131  SC_ANGLE=         1.3132  SC_DIHED   =         0.6688
 SC_14NB=         0.3848  SC_14EEL=        40.4022  SC_VDW     =        -0.0931
 SC_EEL =       -27.6873
 SC_RES_DIST=     0.0000  SC_RES_ANG=       0.0000  SC_RES_TORS=         0.0000
 SC_EEL_DER=     -0.0052  SC_VDW_DER=      -0.3175  SC_DERIV   =        -0.3228
 ------------------------------------------------------------------------------


| TI region  2


 NSTEP =    50000   TIME(PS) =      50.000  TEMP(K) =    78.09  PRESS =     0.0
 Etot   =    -55028.6957  EKtot   =      4874.8877  EPtot      =    -59903.5834
 BOND   =      5549.5724  ANGLE   =         0.0000  DIHED      =         0.0000
 1-4 NB =         0.0000  1-4 EEL =        -0.0000  VDWAALS    =      3801.7390
 EELEC  =    -69254.8948  EHBOND  =         0.0000  RESTRAINT  =         0.0000
 DV/DL  =         9.3356
 ------------------------------------------------------------------------------

 NMR restraints: Bond =    0.000   Angle =     0.000   Torsion =     0.000
===============================================================================

| TI region  1


 NSTEP =    55000   TIME(PS) =      55.000  TEMP(K) =    85.31  PRESS =     0.0
 Etot   =    -54115.5503  EKtot   =      5328.9565  EPtot      =    -59444.5069
 BOND   =      5720.7886  ANGLE   =         0.0000  DIHED      =        -0.0000
 1-4 NB =         0.0000  1-4 EEL =        -0.0000  VDWAALS    =      3713.3067
 EELEC  =    -68878.6021  EHBOND  =         0.0000  RESTRAINT  =         0.0000
 DV/DL  =         8.8085
 ------------------------------------------------------------------------------

  Softcore part of the system:      12 atoms,       TEMP(K)    =          85.43
 SC_Etot=        19.9618  SC_EKtot=         3.0558  SC_EPtot   =        16.9060
 SC_BOND=         1.9742  SC_ANGLE=         1.1192  SC_DIHED   =         0.4833
 SC_14NB=         0.3451  SC_14EEL=        39.3740  SC_VDW     =        -0.0801
 SC_EEL =       -26.3098
 SC_RES_DIST=     0.0000  SC_RES_ANG=       0.0000  SC_RES_TORS=         0.0000
 SC_EEL_DER=      0.0559  SC_VDW_DER=      -0.1374  SC_DERIV   =        -0.0815
 ------------------------------------------------------------------------------


| TI region  2


 NSTEP =    55000   TIME(PS) =      55.000  TEMP(K) =    85.31  PRESS =     0.0
 Etot   =    -54118.6062  EKtot   =      5325.9007  EPtot      =    -59444.5069
 BOND   =      5720.7886  ANGLE   =         0.0000  DIHED      =        -0.0000
 1-4 NB =         0.0000  1-4 EEL =        -0.0000  VDWAALS    =      3713.3067
 EELEC  =    -68878.6021  EHBOND  =         0.0000  RESTRAINT  =         0.0000
 DV/DL  =         8.8085
 ------------------------------------------------------------------------------

 NMR restraints: Bond =    0.000   Angle =     0.000   Torsion =     0.000
===============================================================================

| TI region  1


 NSTEP =    60000   TIME(PS) =      60.000  TEMP(K) =    93.54  PRESS =     0.0
 Etot   =    -53028.0145  EKtot   =      5842.8950  EPtot      =    -58870.9096
 BOND   =      5873.6008  ANGLE   =        -0.0000  DIHED      =         0.0000
 1-4 NB =         0.0000  1-4 EEL =        -0.0000  VDWAALS    =      3624.1440
 EELEC  =    -68368.6543  EHBOND  =         0.0000  RESTRAINT  =         0.0000
 DV/DL  =         6.6354
 ------------------------------------------------------------------------------

  Softcore part of the system:      12 atoms,       TEMP(K)    =          96.94
 SC_Etot=        20.3215  SC_EKtot=         3.4675  SC_EPtot   =        16.8539
 SC_BOND=         1.7933  SC_ANGLE=         1.3546  SC_DIHED   =         0.1198
 SC_14NB=         0.3422  SC_14EEL=        40.4908  SC_VDW     =        -0.0824
 SC_EEL =       -27.1644
 SC_RES_DIST=     0.0000  SC_RES_ANG=       0.0000  SC_RES_TORS=         0.0000
 SC_EEL_DER=      0.0976  SC_VDW_DER=      -0.9440  SC_DERIV   =        -0.8464
 ------------------------------------------------------------------------------


| TI region  2


 NSTEP =    60000   TIME(PS) =      60.000  TEMP(K) =    93.54  PRESS =     0.0
 Etot   =    -53031.4821  EKtot   =      5839.4275  EPtot      =    -58870.9096
 BOND   =      5873.6008  ANGLE   =        -0.0000  DIHED      =         0.0000
 1-4 NB =         0.0000  1-4 EEL =        -0.0000  VDWAALS    =      3624.1440
 EELEC  =    -68368.6543  EHBOND  =         0.0000  RESTRAINT  =         0.0000
 DV/DL  =         6.6354
 ------------------------------------------------------------------------------

 NMR restraints: Bond =    0.000   Angle =     0.000   Torsion =     0.000
===============================================================================

| TI region  1


 NSTEP =    65000   TIME(PS) =      65.000  TEMP(K) =   101.88  PRESS =     0.0
 Etot   =    -52064.6232  EKtot   =      6363.6689  EPtot      =    -58428.2921
 BOND   =      6066.4241  ANGLE   =         0.0000  DIHED      =         0.0000
 1-4 NB =         0.0000  1-4 EEL =        -0.0000  VDWAALS    =      3326.4628
 EELEC  =    -67821.1789  EHBOND  =         0.0000  RESTRAINT  =         0.0000
 DV/DL  =         6.9696
 ------------------------------------------------------------------------------

  Softcore part of the system:      12 atoms,       TEMP(K)    =          70.12
 SC_Etot=        20.1399  SC_EKtot=         2.5082  SC_EPtot   =        17.6318
 SC_BOND=         0.8858  SC_ANGLE=         2.3364  SC_DIHED   =         0.8944
 SC_14NB=         0.1924  SC_14EEL=        38.4296  SC_VDW     =        -0.0701
 SC_EEL =       -25.0367
 SC_RES_DIST=     0.0000  SC_RES_ANG=       0.0000  SC_RES_TORS=         0.0000
 SC_EEL_DER=     -0.0065  SC_VDW_DER=      -0.4538  SC_DERIV   =        -0.4603
 ------------------------------------------------------------------------------


| TI region  2


 NSTEP =    65000   TIME(PS) =      65.000  TEMP(K) =   101.90  PRESS =     0.0
 Etot   =    -52067.1313  EKtot   =      6361.1608  EPtot      =    -58428.2921
 BOND   =      6066.4241  ANGLE   =         0.0000  DIHED      =         0.0000
 1-4 NB =         0.0000  1-4 EEL =        -0.0000  VDWAALS    =      3326.4628
 EELEC  =    -67821.1789  EHBOND  =         0.0000  RESTRAINT  =         0.0000
 DV/DL  =         6.9696
 ------------------------------------------------------------------------------

 NMR restraints: Bond =    0.000   Angle =     0.000   Torsion =     0.000
===============================================================================

| TI region  1


 NSTEP =    70000   TIME(PS) =      70.000  TEMP(K) =   110.23  PRESS =     0.0
 Etot   =    -50794.0327  EKtot   =      6885.1992  EPtot      =    -57679.2320
 BOND   =      6200.1841  ANGLE   =        -0.0000  DIHED      =        -0.0000
 1-4 NB =         0.0000  1-4 EEL =         0.0000  VDWAALS    =      3267.9340
 EELEC  =    -67147.3501  EHBOND  =         0.0000  RESTRAINT  =         0.0000
 DV/DL  =         8.2738
 ------------------------------------------------------------------------------

  Softcore part of the system:      12 atoms,       TEMP(K)    =         132.77
 SC_Etot=        22.6840  SC_EKtot=         4.7491  SC_EPtot   =        17.9349
 SC_BOND=         0.6987  SC_ANGLE=         3.3885  SC_DIHED   =         0.6805
 SC_14NB=         0.5253  SC_14EEL=        39.1056  SC_VDW     =        -0.0783
 SC_EEL =       -26.3855
 SC_RES_DIST=     0.0000  SC_RES_ANG=       0.0000  SC_RES_TORS=         0.0000
 SC_EEL_DER=      0.0158  SC_VDW_DER=      -0.7159  SC_DERIV   =        -0.7001
 ------------------------------------------------------------------------------


| TI region  2


 NSTEP =    70000   TIME(PS) =      70.000  TEMP(K) =   110.22  PRESS =     0.0
 Etot   =    -50798.7818  EKtot   =      6880.4501  EPtot      =    -57679.2320
 BOND   =      6200.1841  ANGLE   =        -0.0000  DIHED      =        -0.0000
 1-4 NB =         0.0000  1-4 EEL =         0.0000  VDWAALS    =      3267.9340
 EELEC  =    -67147.3501  EHBOND  =         0.0000  RESTRAINT  =         0.0000
 DV/DL  =         8.2738
 ------------------------------------------------------------------------------

 NMR restraints: Bond =    0.000   Angle =     0.000   Torsion =     0.000
===============================================================================

| TI region  1


 NSTEP =    75000   TIME(PS) =      75.000  TEMP(K) =   117.69  PRESS =     0.0
 Etot   =    -49692.1137  EKtot   =      7351.2017  EPtot      =    -57043.3154
 BOND   =      6396.4175  ANGLE   =        -0.0000  DIHED      =         0.0000
 1-4 NB =         0.0000  1-4 EEL =        -0.0000  VDWAALS    =      3111.7906
 EELEC  =    -66551.5234  EHBOND  =         0.0000  RESTRAINT  =         0.0000
 DV/DL  =         6.0996
 ------------------------------------------------------------------------------

  Softcore part of the system:      12 atoms,       TEMP(K)    =          93.14
 SC_Etot=        21.5773  SC_EKtot=         3.3316  SC_EPtot   =        18.2457
 SC_BOND=         2.2788  SC_ANGLE=         2.3717  SC_DIHED   =         0.5933
 SC_14NB=         0.6441  SC_14EEL=        40.5941  SC_VDW     =        -0.0982
 SC_EEL =       -28.1382
 SC_RES_DIST=     0.0000  SC_RES_ANG=       0.0000  SC_RES_TORS=         0.0000
 SC_EEL_DER=     -0.0044  SC_VDW_DER=      -0.9078  SC_DERIV   =        -0.9122
 ------------------------------------------------------------------------------


| TI region  2


 NSTEP =    75000   TIME(PS) =      75.000  TEMP(K) =   117.70  PRESS =     0.0
 Etot   =    -49695.4453  EKtot   =      7347.8700  EPtot      =    -57043.3154
 BOND   =      6396.4175  ANGLE   =        -0.0000  DIHED      =         0.0000
 1-4 NB =         0.0000  1-4 EEL =        -0.0000  VDWAALS    =      3111.7906
 EELEC  =    -66551.5234  EHBOND  =         0.0000  RESTRAINT  =         0.0000
 DV/DL  =         6.0996
 ------------------------------------------------------------------------------

 NMR restraints: Bond =    0.000   Angle =     0.000   Torsion =     0.000
===============================================================================

| TI region  1


 NSTEP =    80000   TIME(PS) =      80.000  TEMP(K) =   125.57  PRESS =     0.0
 Etot   =    -48598.7711  EKtot   =      7843.1924  EPtot      =    -56441.9634
 BOND   =      6421.5494  ANGLE   =         0.0000  DIHED      =        -0.0000
 1-4 NB =         0.0000  1-4 EEL =         0.0000  VDWAALS    =      2848.1737
 EELEC  =    -65711.6865  EHBOND  =         0.0000  RESTRAINT  =         0.0000
 DV/DL  =         6.7478
 ------------------------------------------------------------------------------

  Softcore part of the system:      12 atoms,       TEMP(K)    =         114.71
 SC_Etot=        22.1117  SC_EKtot=         4.1030  SC_EPtot   =        18.0087
 SC_BOND=         1.3113  SC_ANGLE=         2.0662  SC_DIHED   =         1.4740
 SC_14NB=         0.2167  SC_14EEL=        37.2532  SC_VDW     =        -0.0696
 SC_EEL =       -24.2431
 SC_RES_DIST=     0.0000  SC_RES_ANG=       0.0000  SC_RES_TORS=         0.0000
 SC_EEL_DER=      0.0071  SC_VDW_DER=      -0.0614  SC_DERIV   =        -0.0543
 ------------------------------------------------------------------------------


| TI region  2


 NSTEP =    80000   TIME(PS) =      80.000  TEMP(K) =   125.57  PRESS =     0.0
 Etot   =    -48602.8740  EKtot   =      7839.0894  EPtot      =    -56441.9634
 BOND   =      6421.5494  ANGLE   =         0.0000  DIHED      =        -0.0000
 1-4 NB =         0.0000  1-4 EEL =         0.0000  VDWAALS    =      2848.1737
 EELEC  =    -65711.6865  EHBOND  =         0.0000  RESTRAINT  =         0.0000
 DV/DL  =         6.7478
 ------------------------------------------------------------------------------

 NMR restraints: Bond =    0.000   Angle =     0.000   Torsion =     0.000
===============================================================================

| TI region  1


 NSTEP =    85000   TIME(PS) =      85.000  TEMP(K) =   132.99  PRESS =     0.0
 Etot   =    -47446.0515  EKtot   =      8307.0117  EPtot      =    -55753.0633
 BOND   =      6723.3339  ANGLE   =        -0.0000  DIHED      =         0.0000
 1-4 NB =         0.0000  1-4 EEL =         0.0000  VDWAALS    =      2629.7491
 EELEC  =    -65106.1462  EHBOND  =         0.0000  RESTRAINT  =         0.0000
 DV/DL  =         2.6756
 ------------------------------------------------------------------------------

  Softcore part of the system:      12 atoms,       TEMP(K)    =         132.25
 SC_Etot=        21.8599  SC_EKtot=         4.7307  SC_EPtot   =        17.1292
 SC_BOND=         1.5795  SC_ANGLE=         1.9076  SC_DIHED   =         0.4636
 SC_14NB=         0.2644  SC_14EEL=        39.4915  SC_VDW     =        -0.0795
 SC_EEL =       -26.4979
 SC_RES_DIST=     0.0000  SC_RES_ANG=       0.0000  SC_RES_TORS=         0.0000
 SC_EEL_DER=      0.0649  SC_VDW_DER=      -1.8853  SC_DERIV   =        -1.8203
 ------------------------------------------------------------------------------


| TI region  2


 NSTEP =    85000   TIME(PS) =      85.000  TEMP(K) =   132.99  PRESS =     0.0
 Etot   =    -47450.7822  EKtot   =      8302.2811  EPtot      =    -55753.0633
 BOND   =      6723.3339  ANGLE   =        -0.0000  DIHED      =         0.0000
 1-4 NB =         0.0000  1-4 EEL =         0.0000  VDWAALS    =      2629.7491
 EELEC  =    -65106.1462  EHBOND  =         0.0000  RESTRAINT  =         0.0000
 DV/DL  =         2.6756
 ------------------------------------------------------------------------------

 NMR restraints: Bond =    0.000   Angle =     0.000   Torsion =     0.000
===============================================================================

| TI region  1


 NSTEP =    90000   TIME(PS) =      90.000  TEMP(K) =   142.12  PRESS =     0.0
 Etot   =    -45760.4045  EKtot   =      8876.9434  EPtot      =    -54637.3479
 BOND   =      6800.0521  ANGLE   =         0.0000  DIHED      =        -0.0000
 1-4 NB =         0.0000  1-4 EEL =        -0.0000  VDWAALS    =      2316.2531
 EELEC  =    -63753.6531  EHBOND  =         0.0000  RESTRAINT  =         0.0000
 DV/DL  =         9.6554
 ------------------------------------------------------------------------------

  Softcore part of the system:      12 atoms,       TEMP(K)    =         110.39
 SC_Etot=        22.7545  SC_EKtot=         3.9484  SC_EPtot   =        18.8060
 SC_BOND=         1.6754  SC_ANGLE=         2.2089  SC_DIHED   =         2.0363
 SC_14NB=         0.8195  SC_14EEL=        42.7407  SC_VDW     =        -0.0949
 SC_EEL =       -30.5799
 SC_RES_DIST=     0.0000  SC_RES_ANG=       0.0000  SC_RES_TORS=         0.0000
 SC_EEL_DER=      0.0429  SC_VDW_DER=      -0.0800  SC_DERIV   =        -0.0372
 ------------------------------------------------------------------------------


| TI region  2


 NSTEP =    90000   TIME(PS) =      90.000  TEMP(K) =   142.13  PRESS =     0.0
 Etot   =    -45764.3530  EKtot   =      8872.9949  EPtot      =    -54637.3479
 BOND   =      6800.0521  ANGLE   =         0.0000  DIHED      =        -0.0000
 1-4 NB =         0.0000  1-4 EEL =        -0.0000  VDWAALS    =      2316.2531
 EELEC  =    -63753.6531  EHBOND  =         0.0000  RESTRAINT  =         0.0000
 DV/DL  =         9.6554
 ------------------------------------------------------------------------------

 NMR restraints: Bond =    0.000   Angle =     0.000   Torsion =     0.000
===============================================================================

| TI region  1


 NSTEP =    95000   TIME(PS) =      95.000  TEMP(K) =   148.49  PRESS =     0.0
 Etot   =    -44402.8228  EKtot   =      9275.3047  EPtot      =    -53678.1275
 BOND   =      6894.3541  ANGLE   =        -0.0000  DIHED      =         0.0000
 1-4 NB =         0.0000  1-4 EEL =         0.0000  VDWAALS    =      1911.0397
 EELEC  =    -62483.5212  EHBOND  =         0.0000  RESTRAINT  =         0.0000
 DV/DL  =         7.4091
 ------------------------------------------------------------------------------

  Softcore part of the system:      12 atoms,       TEMP(K)    =         142.89
 SC_Etot=        23.6178  SC_EKtot=         5.1112  SC_EPtot   =        18.5066
 SC_BOND=         1.4592  SC_ANGLE=         2.4288  SC_DIHED   =         0.4951
 SC_14NB=         0.2897  SC_14EEL=        39.2275  SC_VDW     =        -0.0661
 SC_EEL =       -25.3276
 SC_RES_DIST=     0.0000  SC_RES_ANG=       0.0000  SC_RES_TORS=         0.0000
 SC_EEL_DER=      0.0367  SC_VDW_DER=      -0.6551  SC_DERIV   =        -0.6183
 ------------------------------------------------------------------------------


| TI region  2


 NSTEP =    95000   TIME(PS) =      95.000  TEMP(K) =   148.50  PRESS =     0.0
 Etot   =    -44407.9340  EKtot   =      9270.1935  EPtot      =    -53678.1275
 BOND   =      6894.3541  ANGLE   =        -0.0000  DIHED      =         0.0000
 1-4 NB =         0.0000  1-4 EEL =         0.0000  VDWAALS    =      1911.0397
 EELEC  =    -62483.5212  EHBOND  =         0.0000  RESTRAINT  =         0.0000
 DV/DL  =         7.4091
 ------------------------------------------------------------------------------

 NMR restraints: Bond =    0.000   Angle =     0.000   Torsion =     0.000
===============================================================================

| TI region  1


 NSTEP =   100000   TIME(PS) =     100.000  TEMP(K) =   156.50  PRESS =     0.0
 Etot   =    -43006.1495  EKtot   =      9775.4922  EPtot      =    -52781.6417
 BOND   =      6977.2836  ANGLE   =         0.0000  DIHED      =         0.0000
 1-4 NB =         0.0000  1-4 EEL =         0.0000  VDWAALS    =      1648.6358
 EELEC  =    -61407.5610  EHBOND  =         0.0000  RESTRAINT  =         0.0000
 DV/DL  =        11.3558
 ------------------------------------------------------------------------------

  Softcore part of the system:      12 atoms,       TEMP(K)    =         173.58
 SC_Etot=        23.6265  SC_EKtot=         6.2087  SC_EPtot   =        17.4178
 SC_BOND=         1.1281  SC_ANGLE=         1.5991  SC_DIHED   =         0.1047
 SC_14NB=         0.5470  SC_14EEL=        42.4348  SC_VDW     =        -0.0825
 SC_EEL =       -28.3133
 SC_RES_DIST=     0.0000  SC_RES_ANG=       0.0000  SC_RES_TORS=         0.0000
 SC_EEL_DER=      0.0296  SC_VDW_DER=      -0.0612  SC_DERIV   =        -0.0316
 ------------------------------------------------------------------------------


| TI region  2


 NSTEP =   100000   TIME(PS) =     100.000  TEMP(K) =   156.49  PRESS =     0.0
 Etot   =    -43012.3582  EKtot   =      9769.2835  EPtot      =    -52781.6417
 BOND   =      6977.2836  ANGLE   =         0.0000  DIHED      =         0.0000
 1-4 NB =         0.0000  1-4 EEL =         0.0000  VDWAALS    =      1648.6358
 EELEC  =    -61407.5610  EHBOND  =         0.0000  RESTRAINT  =         0.0000
 DV/DL  =        11.3558
 ------------------------------------------------------------------------------

 NMR restraints: Bond =    0.000   Angle =     0.000   Torsion =     0.000
===============================================================================

| TI region  1


 NSTEP =   105000   TIME(PS) =     105.000  TEMP(K) =   166.20  PRESS =     0.0
 Etot   =    -41643.7108  EKtot   =     10380.9609  EPtot      =    -52024.6717
 BOND   =      7038.0297  ANGLE   =         0.0000  DIHED      =        -0.0000
 1-4 NB =         0.0000  1-4 EEL =        -0.0000  VDWAALS    =      1539.7006
 EELEC  =    -60602.4020  EHBOND  =         0.0000  RESTRAINT  =         0.0000
 DV/DL  =        -7.6520
 ------------------------------------------------------------------------------

  Softcore part of the system:      12 atoms,       TEMP(K)    =         296.32
 SC_Etot=        28.4662  SC_EKtot=        10.5992  SC_EPtot   =        17.8670
 SC_BOND=         1.1182  SC_ANGLE=         1.7269  SC_DIHED   =         1.8687
 SC_14NB=         0.6912  SC_14EEL=        40.9282  SC_VDW     =        -0.0957
 SC_EEL =       -28.3704
 SC_RES_DIST=     0.0000  SC_RES_ANG=       0.0000  SC_RES_TORS=         0.0000
 SC_EEL_DER=      0.0253  SC_VDW_DER=      -4.9494  SC_DERIV   =        -4.9242
 ------------------------------------------------------------------------------


| TI region  2


 NSTEP =   105000   TIME(PS) =     105.000  TEMP(K) =   166.12  PRESS =     0.0
 Etot   =    -41654.3100  EKtot   =     10370.3617  EPtot      =    -52024.6717
 BOND   =      7038.0297  ANGLE   =         0.0000  DIHED      =        -0.0000
 1-4 NB =         0.0000  1-4 EEL =        -0.0000  VDWAALS    =      1539.7006
 EELEC  =    -60602.4020  EHBOND  =         0.0000  RESTRAINT  =         0.0000
 DV/DL  =        -7.6520
 ------------------------------------------------------------------------------

 NMR restraints: Bond =    0.000   Angle =     0.000   Torsion =     0.000
===============================================================================

| TI region  1


 NSTEP =   110000   TIME(PS) =     110.000  TEMP(K) =   170.34  PRESS =     0.0
 Etot   =    -40493.1880  EKtot   =     10639.5586  EPtot      =    -51132.7466
 BOND   =      7354.8761  ANGLE   =         0.0000  DIHED      =        -0.0000
 1-4 NB =         0.0000  1-4 EEL =         0.0000  VDWAALS    =      1409.8761
 EELEC  =    -59897.4987  EHBOND  =         0.0000  RESTRAINT  =         0.0000
 DV/DL  =        -5.4095
 ------------------------------------------------------------------------------

  Softcore part of the system:      12 atoms,       TEMP(K)    =         225.25
 SC_Etot=        26.9862  SC_EKtot=         8.0571  SC_EPtot   =        18.9291
 SC_BOND=         2.7140  SC_ANGLE=         2.1228  SC_DIHED   =         0.4314
 SC_14NB=        -0.0158  SC_14EEL=        39.5289  SC_VDW     =        -0.0635
 SC_EEL =       -25.7887
 SC_RES_DIST=     0.0000  SC_RES_ANG=       0.0000  SC_RES_TORS=         0.0000
 SC_EEL_DER=      0.1650  SC_VDW_DER=      -4.8869  SC_DERIV   =        -4.7219
 ------------------------------------------------------------------------------


| TI region  2


 NSTEP =   110000   TIME(PS) =     110.000  TEMP(K) =   170.30  PRESS =     0.0
 Etot   =    -40501.2451  EKtot   =     10631.5015  EPtot      =    -51132.7466
 BOND   =      7354.8761  ANGLE   =         0.0000  DIHED      =        -0.0000
 1-4 NB =         0.0000  1-4 EEL =         0.0000  VDWAALS    =      1409.8761
 EELEC  =    -59897.4987  EHBOND  =         0.0000  RESTRAINT  =         0.0000
 DV/DL  =        -5.4095
 ------------------------------------------------------------------------------

 NMR restraints: Bond =    0.000   Angle =     0.000   Torsion =     0.000
===============================================================================

| TI region  1


 NSTEP =   115000   TIME(PS) =     115.000  TEMP(K) =   182.27  PRESS =     0.0
 Etot   =    -38848.3721  EKtot   =     11385.3291  EPtot      =    -50233.7012
 BOND   =      7458.6227  ANGLE   =         0.0000  DIHED      =         0.0000
 1-4 NB =         0.0000  1-4 EEL =         0.0000  VDWAALS    =      1140.9823
 EELEC  =    -58833.3063  EHBOND  =         0.0000  RESTRAINT  =         0.0000
 DV/DL  =       -11.1367
 ------------------------------------------------------------------------------

  Softcore part of the system:      12 atoms,       TEMP(K)    =         228.06
 SC_Etot=        27.7852  SC_EKtot=         8.1576  SC_EPtot   =        19.6276
 SC_BOND=         2.5840  SC_ANGLE=         3.2093  SC_DIHED   =         0.8479
 SC_14NB=         0.7879  SC_14EEL=        39.0275  SC_VDW     =        -0.0904
 SC_EEL =       -26.7386
 SC_RES_DIST=     0.0000  SC_RES_ANG=       0.0000  SC_RES_TORS=         0.0000
 SC_EEL_DER=     -0.0602  SC_VDW_DER=      -5.9371  SC_DERIV   =        -5.9974
 ------------------------------------------------------------------------------


| TI region  2


 NSTEP =   115000   TIME(PS) =     115.000  TEMP(K) =   182.25  PRESS =     0.0
 Etot   =    -38856.5298  EKtot   =     11377.1715  EPtot      =    -50233.7012
 BOND   =      7458.6227  ANGLE   =         0.0000  DIHED      =         0.0000
 1-4 NB =         0.0000  1-4 EEL =         0.0000  VDWAALS    =      1140.9823
 EELEC  =    -58833.3063  EHBOND  =         0.0000  RESTRAINT  =         0.0000
 DV/DL  =       -11.1367
 ------------------------------------------------------------------------------

 NMR restraints: Bond =    0.000   Angle =     0.000   Torsion =     0.000
===============================================================================

| TI region  1


 NSTEP =   120000   TIME(PS) =     120.000  TEMP(K) =   190.06  PRESS =     0.0
 Etot   =    -37432.0002  EKtot   =     11871.3672  EPtot      =    -49303.3674
 BOND   =      7669.0840  ANGLE   =        -0.0000  DIHED      =         0.0000
 1-4 NB =         0.0000  1-4 EEL =        -0.0000  VDWAALS    =       820.8228
 EELEC  =    -57793.2742  EHBOND  =         0.0000  RESTRAINT  =         0.0000
 DV/DL  =        -1.1599
 ------------------------------------------------------------------------------

  Softcore part of the system:      12 atoms,       TEMP(K)    =         163.13
 SC_Etot=        26.3325  SC_EKtot=         5.8352  SC_EPtot   =        20.4973
 SC_BOND=         4.0106  SC_ANGLE=         1.6785  SC_DIHED   =         1.2235
 SC_14NB=         0.2887  SC_14EEL=        38.9558  SC_VDW     =        -0.0878
 SC_EEL =       -25.5719
 SC_RES_DIST=     0.0000  SC_RES_ANG=       0.0000  SC_RES_TORS=         0.0000
 SC_EEL_DER=      0.0440  SC_VDW_DER=      -3.4979  SC_DERIV   =        -3.4539
 ------------------------------------------------------------------------------


| TI region  2


 NSTEP =   120000   TIME(PS) =     120.000  TEMP(K) =   190.07  PRESS =     0.0
 Etot   =    -37437.8354  EKtot   =     11865.5320  EPtot      =    -49303.3674
 BOND   =      7669.0840  ANGLE   =        -0.0000  DIHED      =         0.0000
 1-4 NB =         0.0000  1-4 EEL =        -0.0000  VDWAALS    =       820.8228
 EELEC  =    -57793.2742  EHBOND  =         0.0000  RESTRAINT  =         0.0000
 DV/DL  =        -1.1599
 ------------------------------------------------------------------------------

 NMR restraints: Bond =    0.000   Angle =     0.000   Torsion =     0.000
===============================================================================

| TI region  1


 NSTEP =   125000   TIME(PS) =     125.000  TEMP(K) =   195.42  PRESS =     0.0
 Etot   =    -36412.4257  EKtot   =     12206.0977  EPtot      =    -48618.5233
 BOND   =      7788.2520  ANGLE   =         0.0000  DIHED      =        -0.0000
 1-4 NB =         0.0000  1-4 EEL =         0.0000  VDWAALS    =       752.9268
 EELEC  =    -57159.7021  EHBOND  =         0.0000  RESTRAINT  =         0.0000
 DV/DL  =        -6.3076
 ------------------------------------------------------------------------------

  Softcore part of the system:      12 atoms,       TEMP(K)    =         284.31
 SC_Etot=        28.2839  SC_EKtot=        10.1697  SC_EPtot   =        18.1141
 SC_BOND=         1.7953  SC_ANGLE=         1.4679  SC_DIHED   =         2.0331
 SC_14NB=         0.2685  SC_14EEL=        39.9848  SC_VDW     =        -0.0901
 SC_EEL =       -27.3454
 SC_RES_DIST=     0.0000  SC_RES_ANG=       0.0000  SC_RES_TORS=         0.0000
 SC_EEL_DER=      0.1057  SC_VDW_DER=      -5.3386  SC_DERIV   =        -5.2329
 ------------------------------------------------------------------------------


| TI region  2


 NSTEP =   125000   TIME(PS) =     125.000  TEMP(K) =   195.36  PRESS =     0.0
 Etot   =    -36422.5954  EKtot   =     12195.9279  EPtot      =    -48618.5233
 BOND   =      7788.2520  ANGLE   =         0.0000  DIHED      =        -0.0000
 1-4 NB =         0.0000  1-4 EEL =         0.0000  VDWAALS    =       752.9268
 EELEC  =    -57159.7021  EHBOND  =         0.0000  RESTRAINT  =         0.0000
 DV/DL  =        -6.3076
 ------------------------------------------------------------------------------

 NMR restraints: Bond =    0.000   Angle =     0.000   Torsion =     0.000
===============================================================================

| TI region  1


 NSTEP =   130000   TIME(PS) =     130.000  TEMP(K) =   203.60  PRESS =     0.0
 Etot   =    -35109.9858  EKtot   =     12717.0361  EPtot      =    -47827.0220
 BOND   =      7935.7537  ANGLE   =        -0.0000  DIHED      =         0.0000
 1-4 NB =         0.0000  1-4 EEL =        -0.0000  VDWAALS    =       620.5555
 EELEC  =    -56383.3311  EHBOND  =         0.0000  RESTRAINT  =         0.0000
 DV/DL  =         0.0123
 ------------------------------------------------------------------------------

  Softcore part of the system:      12 atoms,       TEMP(K)    =         203.90
 SC_Etot=        25.3485  SC_EKtot=         7.2933  SC_EPtot   =        18.0552
 SC_BOND=         2.3857  SC_ANGLE=         1.9846  SC_DIHED   =         0.6433
 SC_14NB=         0.4609  SC_14EEL=        39.0873  SC_VDW     =        -0.0957
 SC_EEL =       -26.4108
 SC_RES_DIST=     0.0000  SC_RES_ANG=       0.0000  SC_RES_TORS=         0.0000
 SC_EEL_DER=      0.2260  SC_VDW_DER=      -3.8196  SC_DERIV   =        -3.5936
 ------------------------------------------------------------------------------


| TI region  2


 NSTEP =   130000   TIME(PS) =     130.000  TEMP(K) =   203.59  PRESS =     0.0
 Etot   =    -35117.2791  EKtot   =     12709.7428  EPtot      =    -47827.0220
 BOND   =      7935.7537  ANGLE   =        -0.0000  DIHED      =         0.0000
 1-4 NB =         0.0000  1-4 EEL =        -0.0000  VDWAALS    =       620.5555
 EELEC  =    -56383.3311  EHBOND  =         0.0000  RESTRAINT  =         0.0000
 DV/DL  =         0.0123
 ------------------------------------------------------------------------------

 NMR restraints: Bond =    0.000   Angle =     0.000   Torsion =     0.000
===============================================================================

| TI region  1


 NSTEP =   135000   TIME(PS) =     135.000  TEMP(K) =   211.16  PRESS =     0.0
 Etot   =    -33965.2039  EKtot   =     13189.3730  EPtot      =    -47154.5769
 BOND   =      8144.7046  ANGLE   =         0.0000  DIHED      =         0.0000
 1-4 NB =         0.0000  1-4 EEL =         0.0000  VDWAALS    =       671.2080
 EELEC  =    -55970.4896  EHBOND  =         0.0000  RESTRAINT  =         0.0000
 DV/DL  =         2.7765
 ------------------------------------------------------------------------------

  Softcore part of the system:      12 atoms,       TEMP(K)    =         235.38
 SC_Etot=        27.7618  SC_EKtot=         8.4193  SC_EPtot   =        19.3425
 SC_BOND=         3.4181  SC_ANGLE=         1.4178  SC_DIHED   =         1.4473
 SC_14NB=         0.3330  SC_14EEL=        40.9135  SC_VDW     =        -0.0844
 SC_EEL =       -28.1028
 SC_RES_DIST=     0.0000  SC_RES_ANG=       0.0000  SC_RES_TORS=         0.0000
 SC_EEL_DER=      0.1395  SC_VDW_DER=      -2.3963  SC_DERIV   =        -2.2568
 ------------------------------------------------------------------------------


| TI region  2


 NSTEP =   135000   TIME(PS) =     135.000  TEMP(K) =   211.14  PRESS =     0.0
 Etot   =    -33973.6232  EKtot   =     13180.9538  EPtot      =    -47154.5769
 BOND   =      8144.7046  ANGLE   =         0.0000  DIHED      =         0.0000
 1-4 NB =         0.0000  1-4 EEL =         0.0000  VDWAALS    =       671.2080
 EELEC  =    -55970.4896  EHBOND  =         0.0000  RESTRAINT  =         0.0000
 DV/DL  =         2.7765
 ------------------------------------------------------------------------------

 NMR restraints: Bond =    0.000   Angle =     0.000   Torsion =     0.000
===============================================================================

| TI region  1


 NSTEP =   140000   TIME(PS) =     140.000  TEMP(K) =   218.22  PRESS =     0.0
 Etot   =    -32673.1482  EKtot   =     13630.8389  EPtot      =    -46303.9870
 BOND   =      8210.3158  ANGLE   =         0.0000  DIHED      =        -0.0000
 1-4 NB =         0.0000  1-4 EEL =        -0.0000  VDWAALS    =       447.0186
 EELEC  =    -54961.3215  EHBOND  =         0.0000  RESTRAINT  =         0.0000
 DV/DL  =        -7.7458
 ------------------------------------------------------------------------------

  Softcore part of the system:      12 atoms,       TEMP(K)    =         269.61
 SC_Etot=        31.6813  SC_EKtot=         9.6437  SC_EPtot   =        22.0376
 SC_BOND=         3.4556  SC_ANGLE=         5.0073  SC_DIHED   =         0.4699
 SC_14NB=         0.5160  SC_14EEL=        38.7043  SC_VDW     =        -0.1100
 SC_EEL =       -26.0055
 SC_RES_DIST=     0.0000  SC_RES_ANG=       0.0000  SC_RES_TORS=         0.0000
 SC_EEL_DER=      0.0724  SC_VDW_DER=      -5.2922  SC_DERIV   =        -5.2197
 ------------------------------------------------------------------------------


| TI region  2


 NSTEP =   140000   TIME(PS) =     140.000  TEMP(K) =   218.20  PRESS =     0.0
 Etot   =    -32682.7919  EKtot   =     13621.1952  EPtot      =    -46303.9870
 BOND   =      8210.3158  ANGLE   =         0.0000  DIHED      =        -0.0000
 1-4 NB =         0.0000  1-4 EEL =        -0.0000  VDWAALS    =       447.0186
 EELEC  =    -54961.3215  EHBOND  =         0.0000  RESTRAINT  =         0.0000
 DV/DL  =        -7.7458
 ------------------------------------------------------------------------------

 NMR restraints: Bond =    0.000   Angle =     0.000   Torsion =     0.000
===============================================================================

| TI region  1


 NSTEP =   145000   TIME(PS) =     145.000  TEMP(K) =   229.72  PRESS =     0.0
 Etot   =    -31361.6061  EKtot   =     14349.0537  EPtot      =    -45710.6598
 BOND   =      8276.8225  ANGLE   =        -0.0000  DIHED      =         0.0000
 1-4 NB =         0.0000  1-4 EEL =        -0.0000  VDWAALS    =       351.2910
 EELEC  =    -54338.7733  EHBOND  =         0.0000  RESTRAINT  =         0.0000
 DV/DL  =        -3.6691
 ------------------------------------------------------------------------------

  Softcore part of the system:      12 atoms,       TEMP(K)    =         251.78
 SC_Etot=        30.2049  SC_EKtot=         9.0059  SC_EPtot   =        21.1990
 SC_BOND=         2.5212  SC_ANGLE=         4.3820  SC_DIHED   =         1.2610
 SC_14NB=         0.0908  SC_14EEL=        34.8636  SC_VDW     =        -0.0793
 SC_EEL =       -21.8402
 SC_RES_DIST=     0.0000  SC_RES_ANG=       0.0000  SC_RES_TORS=         0.0000
 SC_EEL_DER=     -0.1301  SC_VDW_DER=      -3.5874  SC_DERIV   =        -3.7175
 ------------------------------------------------------------------------------


| TI region  2


 NSTEP =   145000   TIME(PS) =     145.000  TEMP(K) =   229.71  PRESS =     0.0
 Etot   =    -31370.6120  EKtot   =     14340.0478  EPtot      =    -45710.6598
 BOND   =      8276.8225  ANGLE   =        -0.0000  DIHED      =         0.0000
 1-4 NB =         0.0000  1-4 EEL =        -0.0000  VDWAALS    =       351.2910
 EELEC  =    -54338.7733  EHBOND  =         0.0000  RESTRAINT  =         0.0000
 DV/DL  =        -3.6691
 ------------------------------------------------------------------------------

 NMR restraints: Bond =    0.000   Angle =     0.000   Torsion =     0.000
===============================================================================

| TI region  1


 NSTEP =   150000   TIME(PS) =     150.000  TEMP(K) =   236.27  PRESS =     0.0
 Etot   =    -30053.2302  EKtot   =     14757.8467  EPtot      =    -44811.0769
 BOND   =      8671.1410  ANGLE   =        -0.0000  DIHED      =        -0.0000
 1-4 NB =         0.0000  1-4 EEL =         0.0000  VDWAALS    =       182.9744
 EELEC  =    -53665.1922  EHBOND  =         0.0000  RESTRAINT  =         0.0000
 DV/DL  =        -3.4466
 ------------------------------------------------------------------------------

  Softcore part of the system:      12 atoms,       TEMP(K)    =         324.93
 SC_Etot=        36.5844  SC_EKtot=        11.6226  SC_EPtot   =        24.9618
 SC_BOND=         3.9655  SC_ANGLE=         5.9001  SC_DIHED   =         0.6045
 SC_14NB=         0.2154  SC_14EEL=        40.5028  SC_VDW     =        -0.0709
 SC_EEL =       -26.1555
 SC_RES_DIST=     0.0000  SC_RES_ANG=       0.0000  SC_RES_TORS=         0.0000
 SC_EEL_DER=      0.3123  SC_VDW_DER=      -4.6620  SC_DERIV   =        -4.3496
 ------------------------------------------------------------------------------


| TI region  2


 NSTEP =   150000   TIME(PS) =     150.000  TEMP(K) =   236.22  PRESS =     0.0
 Etot   =    -30064.8528  EKtot   =     14746.2240  EPtot      =    -44811.0769
 BOND   =      8671.1410  ANGLE   =        -0.0000  DIHED      =        -0.0000
 1-4 NB =         0.0000  1-4 EEL =         0.0000  VDWAALS    =       182.9744
 EELEC  =    -53665.1922  EHBOND  =         0.0000  RESTRAINT  =         0.0000
 DV/DL  =        -3.4466
 ------------------------------------------------------------------------------

 NMR restraints: Bond =    0.000   Angle =     0.000   Torsion =     0.000
===============================================================================

| TI region  1


 NSTEP =   155000   TIME(PS) =     155.000  TEMP(K) =   244.04  PRESS =     0.0
 Etot   =    -28956.0133  EKtot   =     15243.3086  EPtot      =    -44199.3219
 BOND   =      8773.3579  ANGLE   =         0.0000  DIHED      =         0.0000
 1-4 NB =         0.0000  1-4 EEL =         0.0000  VDWAALS    =       158.9125
 EELEC  =    -53131.5923  EHBOND  =         0.0000  RESTRAINT  =         0.0000
 DV/DL  =        -3.2282
 ------------------------------------------------------------------------------

  Softcore part of the system:      12 atoms,       TEMP(K)    =         239.47
 SC_Etot=        31.8996  SC_EKtot=         8.5656  SC_EPtot   =        23.3340
 SC_BOND=         4.0360  SC_ANGLE=         5.5307  SC_DIHED   =         0.4319
 SC_14NB=         0.3315  SC_14EEL=        41.7927  SC_VDW     =        -0.1056
 SC_EEL =       -28.6832
 SC_RES_DIST=     0.0000  SC_RES_ANG=       0.0000  SC_RES_TORS=         0.0000
 SC_EEL_DER=      0.3070  SC_VDW_DER=      -4.7987  SC_DERIV   =        -4.4917
 ------------------------------------------------------------------------------


| TI region  2


 NSTEP =   155000   TIME(PS) =     155.000  TEMP(K) =   244.04  PRESS =     0.0
 Etot   =    -28964.5789  EKtot   =     15234.7430  EPtot      =    -44199.3219
 BOND   =      8773.3579  ANGLE   =         0.0000  DIHED      =         0.0000
 1-4 NB =         0.0000  1-4 EEL =         0.0000  VDWAALS    =       158.9125
 EELEC  =    -53131.5923  EHBOND  =         0.0000  RESTRAINT  =         0.0000
 DV/DL  =        -3.2282
 ------------------------------------------------------------------------------

 NMR restraints: Bond =    0.000   Angle =     0.000   Torsion =     0.000
===============================================================================

| TI region  1


 NSTEP =   160000   TIME(PS) =     160.000  TEMP(K) =   250.03  PRESS =     0.0
 Etot   =    -27871.8628  EKtot   =     15617.4219  EPtot      =    -43489.2847
 BOND   =      8870.5893  ANGLE   =        -0.0000  DIHED      =        -0.0000
 1-4 NB =         0.0000  1-4 EEL =         0.0000  VDWAALS    =       181.0072
 EELEC  =    -52540.8811  EHBOND  =         0.0000  RESTRAINT  =         0.0000
 DV/DL  =        -3.3037
 ------------------------------------------------------------------------------

  Softcore part of the system:      12 atoms,       TEMP(K)    =         209.66
 SC_Etot=        26.6316  SC_EKtot=         7.4994  SC_EPtot   =        19.1323
 SC_BOND=         2.8922  SC_ANGLE=         2.8405  SC_DIHED   =         0.4436
 SC_14NB=         0.2460  SC_14EEL=        40.7882  SC_VDW     =        -0.1125
 SC_EEL =       -27.9658
 SC_RES_DIST=     0.0000  SC_RES_ANG=       0.0000  SC_RES_TORS=         0.0000
 SC_EEL_DER=      0.2231  SC_VDW_DER=      -4.3715  SC_DERIV   =        -4.1484
 ------------------------------------------------------------------------------


| TI region  2


 NSTEP =   160000   TIME(PS) =     160.000  TEMP(K) =   250.05  PRESS =     0.0
 Etot   =    -27879.3622  EKtot   =     15609.9225  EPtot      =    -43489.2847
 BOND   =      8870.5893  ANGLE   =        -0.0000  DIHED      =        -0.0000
 1-4 NB =         0.0000  1-4 EEL =         0.0000  VDWAALS    =       181.0072
 EELEC  =    -52540.8811  EHBOND  =         0.0000  RESTRAINT  =         0.0000
 DV/DL  =        -3.3037
 ------------------------------------------------------------------------------

 NMR restraints: Bond =    0.000   Angle =     0.000   Torsion =     0.000
===============================================================================

| TI region  1


 NSTEP =   165000   TIME(PS) =     165.000  TEMP(K) =   258.59  PRESS =     0.0
 Etot   =    -26851.6492  EKtot   =     16151.8535  EPtot      =    -43003.5027
 BOND   =      8909.6589  ANGLE   =        -0.0000  DIHED      =        -0.0000
 1-4 NB =         0.0000  1-4 EEL =         0.0000  VDWAALS    =       119.6274
 EELEC  =    -52032.7890  EHBOND  =         0.0000  RESTRAINT  =         0.0000
 DV/DL  =        -9.3466
 ------------------------------------------------------------------------------

  Softcore part of the system:      12 atoms,       TEMP(K)    =         290.46
 SC_Etot=        30.9885  SC_EKtot=        10.3898  SC_EPtot   =        20.5987
 SC_BOND=         5.0300  SC_ANGLE=         2.2147  SC_DIHED   =         0.6284
 SC_14NB=         0.6966  SC_14EEL=        39.5398  SC_VDW     =        -0.1228
 SC_EEL =       -27.3879
 SC_RES_DIST=     0.0000  SC_RES_ANG=       0.0000  SC_RES_TORS=         0.0000
 SC_EEL_DER=      0.0978  SC_VDW_DER=      -5.5287  SC_DERIV   =        -5.4309
 ------------------------------------------------------------------------------


| TI region  2


 NSTEP =   165000   TIME(PS) =     165.000  TEMP(K) =   258.57  PRESS =     0.0
 Etot   =    -26862.0390  EKtot   =     16141.4638  EPtot      =    -43003.5027
 BOND   =      8909.6589  ANGLE   =        -0.0000  DIHED      =        -0.0000
 1-4 NB =         0.0000  1-4 EEL =         0.0000  VDWAALS    =       119.6274
 EELEC  =    -52032.7890  EHBOND  =         0.0000  RESTRAINT  =         0.0000
 DV/DL  =        -9.3466
 ------------------------------------------------------------------------------

 NMR restraints: Bond =    0.000   Angle =     0.000   Torsion =     0.000
===============================================================================

| TI region  1


 NSTEP =   170000   TIME(PS) =     170.000  TEMP(K) =   265.70  PRESS =     0.0
 Etot   =    -25676.4968  EKtot   =     16596.5547  EPtot      =    -42273.0515
 BOND   =      9262.7247  ANGLE   =         0.0000  DIHED      =         0.0000
 1-4 NB =         0.0000  1-4 EEL =         0.0000  VDWAALS    =        98.5862
 EELEC  =    -51634.3624  EHBOND  =         0.0000  RESTRAINT  =         0.0000
 DV/DL  =       -13.5499
 ------------------------------------------------------------------------------

  Softcore part of the system:      12 atoms,       TEMP(K)    =         206.24
 SC_Etot=        25.7312  SC_EKtot=         7.3772  SC_EPtot   =        18.3541
 SC_BOND=         2.5438  SC_ANGLE=         2.0777  SC_DIHED   =         0.8268
 SC_14NB=         0.2692  SC_14EEL=        38.9391  SC_VDW     =        -0.0780
 SC_EEL =       -26.2246
 SC_RES_DIST=     0.0000  SC_RES_ANG=       0.0000  SC_RES_TORS=         0.0000
 SC_EEL_DER=     -0.0149  SC_VDW_DER=      -5.6402  SC_DERIV   =        -5.6551
 ------------------------------------------------------------------------------


| TI region  2


 NSTEP =   170000   TIME(PS) =     170.000  TEMP(K) =   265.74  PRESS =     0.0
 Etot   =    -25683.8739  EKtot   =     16589.1775  EPtot      =    -42273.0515
 BOND   =      9262.7247  ANGLE   =         0.0000  DIHED      =         0.0000
 1-4 NB =         0.0000  1-4 EEL =         0.0000  VDWAALS    =        98.5862
 EELEC  =    -51634.3624  EHBOND  =         0.0000  RESTRAINT  =         0.0000
 DV/DL  =       -13.5499
 ------------------------------------------------------------------------------

 NMR restraints: Bond =    0.000   Angle =     0.000   Torsion =     0.000
===============================================================================

| TI region  1


 NSTEP =   175000   TIME(PS) =     175.000  TEMP(K) =   275.17  PRESS =     0.0
 Etot   =    -24446.1460  EKtot   =     17187.5625  EPtot      =    -41633.7085
 BOND   =      9410.8876  ANGLE   =        -0.0000  DIHED      =         0.0000
 1-4 NB =         0.0000  1-4 EEL =         0.0000  VDWAALS    =       -25.9371
 EELEC  =    -51018.6590  EHBOND  =         0.0000  RESTRAINT  =         0.0000
 DV/DL  =        -5.0716
 ------------------------------------------------------------------------------

  Softcore part of the system:      12 atoms,       TEMP(K)    =         307.69
 SC_Etot=        30.8636  SC_EKtot=        11.0059  SC_EPtot   =        19.8577
 SC_BOND=         2.3393  SC_ANGLE=         4.0095  SC_DIHED   =         0.5455
 SC_14NB=         0.1768  SC_14EEL=        39.6388  SC_VDW     =        -0.0966
 SC_EEL =       -26.7557
 SC_RES_DIST=     0.0000  SC_RES_ANG=       0.0000  SC_RES_TORS=         0.0000
 SC_EEL_DER=      0.0788  SC_VDW_DER=      -4.3636  SC_DERIV   =        -4.2848
 ------------------------------------------------------------------------------


| TI region  2


 NSTEP =   175000   TIME(PS) =     175.000  TEMP(K) =   275.15  PRESS =     0.0
 Etot   =    -24457.1519  EKtot   =     17176.5566  EPtot      =    -41633.7085
 BOND   =      9410.8876  ANGLE   =        -0.0000  DIHED      =         0.0000
 1-4 NB =         0.0000  1-4 EEL =         0.0000  VDWAALS    =       -25.9371
 EELEC  =    -51018.6590  EHBOND  =         0.0000  RESTRAINT  =         0.0000
 DV/DL  =        -5.0716
 ------------------------------------------------------------------------------

 NMR restraints: Bond =    0.000   Angle =     0.000   Torsion =     0.000
===============================================================================

| TI region  1


 NSTEP =   180000   TIME(PS) =     180.000  TEMP(K) =   286.10  PRESS =     0.0
 Etot   =    -23303.2282  EKtot   =     17870.2285  EPtot      =    -41173.4567
 BOND   =      9481.0726  ANGLE   =         0.0000  DIHED      =        -0.0000
 1-4 NB =         0.0000  1-4 EEL =         0.0000  VDWAALS    =       107.4213
 EELEC  =    -50761.9505  EHBOND  =         0.0000  RESTRAINT  =         0.0000
 DV/DL  =        -1.7642
 ------------------------------------------------------------------------------

  Softcore part of the system:      12 atoms,       TEMP(K)    =         419.66
 SC_Etot=        38.5755  SC_EKtot=        15.0109  SC_EPtot   =        23.5646
 SC_BOND=         4.7724  SC_ANGLE=         4.7581  SC_DIHED   =         0.8421
 SC_14NB=         0.6625  SC_14EEL=        43.0236  SC_VDW     =        -0.1187
 SC_EEL =       -30.3754
 SC_RES_DIST=     0.0000  SC_RES_ANG=       0.0000  SC_RES_TORS=         0.0000
 SC_EEL_DER=     -0.1512  SC_VDW_DER=      -3.3209  SC_DERIV   =        -3.4721
 ------------------------------------------------------------------------------


| TI region  2


 NSTEP =   180000   TIME(PS) =     180.000  TEMP(K) =   286.02  PRESS =     0.0
 Etot   =    -23318.2390  EKtot   =     17855.2177  EPtot      =    -41173.4567
 BOND   =      9481.0726  ANGLE   =         0.0000  DIHED      =        -0.0000
 1-4 NB =         0.0000  1-4 EEL =         0.0000  VDWAALS    =       107.4213
 EELEC  =    -50761.9505  EHBOND  =         0.0000  RESTRAINT  =         0.0000
 DV/DL  =        -1.7642
 ------------------------------------------------------------------------------

 NMR restraints: Bond =    0.000   Angle =     0.000   Torsion =     0.000
===============================================================================

| TI region  1


 NSTEP =   185000   TIME(PS) =     185.000  TEMP(K) =   289.94  PRESS =     0.0
 Etot   =    -22250.5463  EKtot   =     18110.4980  EPtot      =    -40361.0444
 BOND   =      9740.3284  ANGLE   =         0.0000  DIHED      =        -0.0000
 1-4 NB =         0.0000  1-4 EEL =         0.0000  VDWAALS    =       -85.4464
 EELEC  =    -50015.9263  EHBOND  =         0.0000  RESTRAINT  =         0.0000
 DV/DL  =        -9.8034
 ------------------------------------------------------------------------------

  Softcore part of the system:      12 atoms,       TEMP(K)    =         197.09
 SC_Etot=        36.8444  SC_EKtot=         7.0498  SC_EPtot   =        29.7946
 SC_BOND=         5.9146  SC_ANGLE=         6.2620  SC_DIHED   =         4.1105
 SC_14NB=         0.3822  SC_14EEL=        36.9437  SC_VDW     =        -0.1059
 SC_EEL =       -23.7126
 SC_RES_DIST=     0.0000  SC_RES_ANG=       0.0000  SC_RES_TORS=         0.0000
 SC_EEL_DER=     -0.1149  SC_VDW_DER=      -4.8999  SC_DERIV   =        -5.0149
 ------------------------------------------------------------------------------


| TI region  2


 NSTEP =   185000   TIME(PS) =     185.000  TEMP(K) =   290.00  PRESS =     0.0
 Etot   =    -22257.5961  EKtot   =     18103.4482  EPtot      =    -40361.0444
 BOND   =      9740.3284  ANGLE   =         0.0000  DIHED      =        -0.0000
 1-4 NB =         0.0000  1-4 EEL =         0.0000  VDWAALS    =       -85.4464
 EELEC  =    -50015.9263  EHBOND  =         0.0000  RESTRAINT  =         0.0000
 DV/DL  =        -9.8034
 ------------------------------------------------------------------------------

 NMR restraints: Bond =    0.000   Angle =     0.000   Torsion =     0.000
===============================================================================

| TI region  1


 NSTEP =   190000   TIME(PS) =     190.000  TEMP(K) =   297.54  PRESS =     0.0
 Etot   =    -21511.0444  EKtot   =     18585.2461  EPtot      =    -40096.2905
 BOND   =      9727.1598  ANGLE   =        -0.0000  DIHED      =        -0.0000
 1-4 NB =         0.0000  1-4 EEL =        -0.0000  VDWAALS    =       -18.3477
 EELEC  =    -49805.1026  EHBOND  =         0.0000  RESTRAINT  =         0.0000
 DV/DL  =        -2.1956
 ------------------------------------------------------------------------------

  Softcore part of the system:      12 atoms,       TEMP(K)    =         278.24
 SC_Etot=        30.9733  SC_EKtot=         9.9524  SC_EPtot   =        21.0209
 SC_BOND=         1.6622  SC_ANGLE=         4.8086  SC_DIHED   =         0.7869
 SC_14NB=         0.6442  SC_14EEL=        42.6557  SC_VDW     =        -0.1213
 SC_EEL =       -29.4155
 SC_RES_DIST=     0.0000  SC_RES_ANG=       0.0000  SC_RES_TORS=         0.0000
 SC_EEL_DER=      0.1234  SC_VDW_DER=      -4.1933  SC_DERIV   =        -4.0700
 ------------------------------------------------------------------------------


| TI region  2


 NSTEP =   190000   TIME(PS) =     190.000  TEMP(K) =   297.55  PRESS =     0.0
 Etot   =    -21520.9968  EKtot   =     18575.2937  EPtot      =    -40096.2905
 BOND   =      9727.1598  ANGLE   =        -0.0000  DIHED      =        -0.0000
 1-4 NB =         0.0000  1-4 EEL =        -0.0000  VDWAALS    =       -18.3477
 EELEC  =    -49805.1026  EHBOND  =         0.0000  RESTRAINT  =         0.0000
 DV/DL  =        -2.1956
 ------------------------------------------------------------------------------

 NMR restraints: Bond =    0.000   Angle =     0.000   Torsion =     0.000
===============================================================================

| TI region  1


 NSTEP =   195000   TIME(PS) =     195.000  TEMP(K) =   300.05  PRESS =     0.0
 Etot   =    -20920.2094  EKtot   =     18741.9336  EPtot      =    -39662.1430
 BOND   =     10139.6531  ANGLE   =        -0.0000  DIHED      =         0.0000
 1-4 NB =         0.0000  1-4 EEL =         0.0000  VDWAALS    =       -75.0235
 EELEC  =    -49726.7727  EHBOND  =         0.0000  RESTRAINT  =         0.0000
 DV/DL  =        -1.7081
 ------------------------------------------------------------------------------

  Softcore part of the system:      12 atoms,       TEMP(K)    =         372.35
 SC_Etot=        41.0683  SC_EKtot=        13.3187  SC_EPtot   =        27.7496
 SC_BOND=         4.7116  SC_ANGLE=         7.2705  SC_DIHED   =         3.1318
 SC_14NB=         0.1549  SC_14EEL=        38.3189  SC_VDW     =        -0.1131
 SC_EEL =       -25.7249
 SC_RES_DIST=     0.0000  SC_RES_ANG=       0.0000  SC_RES_TORS=         0.0000
 SC_EEL_DER=      0.1980  SC_VDW_DER=      -3.8069  SC_DERIV   =        -3.6089
 ------------------------------------------------------------------------------


| TI region  2


 NSTEP =   195000   TIME(PS) =     195.000  TEMP(K) =   300.01  PRESS =     0.0
 Etot   =    -20933.5281  EKtot   =     18728.6149  EPtot      =    -39662.1430
 BOND   =     10139.6531  ANGLE   =        -0.0000  DIHED      =         0.0000
 1-4 NB =         0.0000  1-4 EEL =         0.0000  VDWAALS    =       -75.0235
 EELEC  =    -49726.7727  EHBOND  =         0.0000  RESTRAINT  =         0.0000
 DV/DL  =        -1.7081
 ------------------------------------------------------------------------------

 NMR restraints: Bond =    0.000   Angle =     0.000   Torsion =     0.000
===============================================================================

| TI region  1


 NSTEP =   200000   TIME(PS) =     200.000  TEMP(K) =   299.64  PRESS =     0.0
 Etot   =    -21314.7403  EKtot   =     18716.2129  EPtot      =    -40030.9532
 BOND   =      9877.9436  ANGLE   =        -0.0000  DIHED      =        -0.0000
 1-4 NB =         0.0000  1-4 EEL =         0.0000  VDWAALS    =        -7.0714
 EELEC  =    -49901.8254  EHBOND  =         0.0000  RESTRAINT  =         0.0000
 DV/DL  =        -6.1013
 ------------------------------------------------------------------------------

  Softcore part of the system:      12 atoms,       TEMP(K)    =         335.80
 SC_Etot=        37.3177  SC_EKtot=        12.0115  SC_EPtot   =        25.3062
 SC_BOND=         2.9049  SC_ANGLE=         8.2014  SC_DIHED   =         0.4823
 SC_14NB=         0.9571  SC_14EEL=        42.0021  SC_VDW     =        -0.1000
 SC_EEL =       -29.1417
 SC_RES_DIST=     0.0000  SC_RES_ANG=       0.0000  SC_RES_TORS=         0.0000
 SC_EEL_DER=      0.4791  SC_VDW_DER=      -6.1470  SC_DERIV   =        -5.6679
 ------------------------------------------------------------------------------


| TI region  2


 NSTEP =   200000   TIME(PS) =     200.000  TEMP(K) =   299.62  PRESS =     0.0
 Etot   =    -21326.7518  EKtot   =     18704.2014  EPtot      =    -40030.9532
 BOND   =      9877.9436  ANGLE   =        -0.0000  DIHED      =        -0.0000
 1-4 NB =         0.0000  1-4 EEL =         0.0000  VDWAALS    =        -7.0714
 EELEC  =    -49901.8254  EHBOND  =         0.0000  RESTRAINT  =         0.0000
 DV/DL  =        -6.1013
 ------------------------------------------------------------------------------

 NMR restraints: Bond =    0.000   Angle =     0.000   Torsion =     0.000
===============================================================================

| TI region  1


      A V E R A G E S   O V E R      40 S T E P S


 NSTEP =   200000   TIME(PS) =     200.000  TEMP(K) =   160.30  PRESS =     0.0
 Etot   =    -42066.7361  EKtot   =     10012.7952  EPtot      =    -52079.5313
 BOND   =      7112.7855  ANGLE   =        -0.0000  DIHED      =        -0.0000
 1-4 NB =         0.0000  1-4 EEL =         0.0000  VDWAALS    =      1933.5335
 EELEC  =    -61125.8503  EHBOND  =         0.0000  RESTRAINT  =         0.0000
 DV/DL  =         1.2692
 ------------------------------------------------------------------------------

 NMR restraints: Bond =    0.000   Angle =     0.000   Torsion =     0.000
===============================================================================
  Softcore part of the system:      12 atoms,       TEMP(K)    =         173.50
 SC_Etot=        25.1386  SC_EKtot=         6.2061  SC_EPtot   =        18.9325
 SC_BOND=         2.1025  SC_ANGLE=         2.6342  SC_DIHED   =         0.8920
 SC_14NB=         0.4249  SC_14EEL=        40.0295  SC_VDW     =        -0.0916
 SC_EEL =       -27.0591
 SC_RES_DIST=     0.0000  SC_RES_ANG=       0.0000  SC_RES_TORS=         0.0000
 SC_EEL_DER=      0.0678  SC_VDW_DER=      -2.5354  SC_DERIV   =        -2.4675
 ------------------------------------------------------------------------------


      R M S  F L U C T U A T I O N S


 NSTEP =   200000   TIME(PS) =     200.000  TEMP(K) =    90.01  PRESS =     0.0
 Etot   =     13580.1612  EKtot   =      5622.2283  EPtot      =      7971.9204
 BOND   =      1783.6633  ANGLE   =         0.0000  DIHED      =         0.0000
 1-4 NB =         0.0000  1-4 EEL =         0.0000  VDWAALS    =      1646.2750
 EELEC  =      7833.9931  EHBOND  =         0.0000  RESTRAINT  =         0.0000
 DV/DL  =         6.9786
 ------------------------------------------------------------------------------

  Softcore part of the system:      12 atoms,       TEMP(K)    =         108.10
 SC_Etot=         7.0318  SC_EKtot=         3.8667  SC_EPtot   =         3.5940
 SC_BOND=         1.4893  SC_ANGLE=         1.9595  SC_DIHED   =         0.7940
 SC_14NB=         0.2106  SC_14EEL=         1.5957  SC_VDW     =         0.0145
 SC_EEL =         1.6702
 SC_RES_DIST=     0.0000  SC_RES_ANG=       0.0000  SC_RES_TORS=         0.0000
 SC_EEL_DER=      0.1189  SC_VDW_DER=       2.1710  SC_DERIV   =         2.1302
 ------------------------------------------------------------------------------


| TI region  2


      A V E R A G E S   O V E R      40 S T E P S


 NSTEP =   200000   TIME(PS) =     200.000  TEMP(K) =   160.29  PRESS =     0.0
 Etot   =    -42072.9422  EKtot   =     10006.5891  EPtot      =    -52079.5313
 BOND   =      7112.7855  ANGLE   =        -0.0000  DIHED      =        -0.0000
 1-4 NB =         0.0000  1-4 EEL =         0.0000  VDWAALS    =      1933.5335
 EELEC  =    -61125.8503  EHBOND  =         0.0000  RESTRAINT  =         0.0000
 DV/DL  =         1.2692
 ------------------------------------------------------------------------------

 NMR restraints: Bond =    0.000   Angle =     0.000   Torsion =     0.000
===============================================================================

      R M S  F L U C T U A T I O N S


 NSTEP =   200000   TIME(PS) =     200.000  TEMP(K) =    90.00  PRESS =     0.0
 Etot   =     13576.6291  EKtot   =      5618.6944  EPtot      =      7971.9204
 BOND   =      1783.6633  ANGLE   =         0.0000  DIHED      =         0.0000
 1-4 NB =         0.0000  1-4 EEL =         0.0000  VDWAALS    =      1646.2750
 EELEC  =      7833.9931  EHBOND  =         0.0000  RESTRAINT  =         0.0000
 DV/DL  =         6.9786
 ------------------------------------------------------------------------------


      DV/DL, AVERAGES OVER      40 STEPS


 NSTEP =   200000   TIME(PS) =     200.000  TEMP(K) =    90.00  PRESS =     0.0
 Etot   =         0.0000  EKtot   =         0.0000  EPtot      =         1.2692
 BOND   =         0.0000  ANGLE   =         0.0000  DIHED      =         0.0000
 1-4 NB =         0.0000  1-4 EEL =         0.0000  VDWAALS    =         2.8290
 EELEC  =         0.9078  EHBOND  =         0.0000  RESTRAINT  =         0.0000
 DV/DL  =         1.2692
 ------------------------------------------------------------------------------


 NMR restraints on final step:

--------------------------------------------------------------------------------
   5.  TIMINGS
--------------------------------------------------------------------------------

|  NonSetup CPU Time in Major Routines:
|
|     Routine           Sec        %
|     ------------------------------
|     Nonbond         147.72   29.61
|     Bond              0.00    0.00
|     Angle             0.00    0.00
|     Dihedral          0.00    0.00
|     Shake             0.00    0.00
|     RunMD           350.45   70.25
|     Other             0.70    0.14
|     ------------------------------
|     Total           498.86

|  PME Nonbond Pairlist CPU Time:
|
|     Routine              Sec        %
|     ---------------------------------
|     Set Up Cit           0.00    0.00
|     Build List           0.00    0.00
|     ---------------------------------
|     Total                0.00    0.00

|  PME Direct Force CPU Time:
|
|     Routine              Sec        %
|     ---------------------------------
|     NonBonded Calc       0.00    0.00
|     Exclude Masked       0.00    0.00
|     Other                0.47    0.09
|     ---------------------------------
|     Total                0.47    0.09

|  PME Reciprocal Force CPU Time:
|
|     Routine              Sec        %
|     ---------------------------------
|     1D bspline           0.00    0.00
|     Grid Charges         0.00    0.00
|     Scalar Sum           0.00    0.00
|     Gradient Sum         0.00    0.00
|     FFT                  0.00    0.00
|     ---------------------------------
|     Total                0.00    0.00

|  Final Performance Info:
|     -----------------------------------------------------
|     Average timings for last       1 steps:
|     Elapsed(s) =       0.00 Per Step(ms) =       2.19
|         ns/day =      39.44   seconds/ns =    2190.92
|
|     Average timings for all steps:
|     Elapsed(s) =     499.29 Per Step(ms) =       2.50
|         ns/day =      34.61   seconds/ns =    2496.45
|     -----------------------------------------------------

|  Setup CPU time:            0.52 seconds
|  NonSetup CPU time:       498.86 seconds
|  Total CPU time:          499.37 seconds     0.14 hours

|  Setup wall time:           0    seconds
|  NonSetup wall time:      500    seconds
|  Total wall time:         500    seconds     0.14 hours
