
          -------------------------------------------------------
          Amber 18 PMEMD                              2018
          -------------------------------------------------------

| PMEMD implementation of SANDER, Release 18

| Run on 09/18/2020 at 18:02:11

|   Executable path: /opt/software/Amber/18-foss-2018b-AmberTools-19/bin/pmemd.cuda
| Working directory: /mnt/gs18/scratch/users/songlin3/run/ti_en/one_step_tip3p_ethylenediame/ethylenediame_to_nothing/0.43738
|          Hostname: lac-141

  [-O]verwriting output

File Assignments:
|   MDIN: heat.in                                                               
|  MDOUT: heat.out                                                              
| INPCRD: min.rst                                                               
|   PARM: en_step2_final.prmtop                                                 
| RESTRT: heat.rst                                                              
|   REFC: min.rst                                                               
|  MDVEL: mdvel                                                                 
|   MDEN: mden                                                                  
|  MDCRD: heat.netcdf                                                           
| MDINFO: heat.mdinfo                                                           
|  MDFRC: mdfrc                                                                 


 Here is the input file:

nvt for free MD                                                                
 &cntrl                                                                        
  imin=0,                                                                      
  irest=0,                                                                     
  ntx=1,                                                                       
  ig=-1,                                                                       
  nstlim=200000,                                                               
  dt=0.001,                                                                    
  cut=10.0,                                                                    
  ntc=1,                                                                       
  ntf=1,                                                                       
  ntb=1,                                                                       
  ntt=3,                                                                       
  gamma_ln=2.0,                                                                
  tempi=0.0,                                                                   
  temp0=300.0,                                                                 
  ntpr=5000,                                                                   
  ntwr=5000,                                                                   
  ntwx=10000,                                                                  
  ntwv=0,                                                                      
  ioutfm=1,                                                                    
  iwrap=0,                                                                     
  nmropt=1,                                                                    
  ifsc = 1, icfe=1,                                                            
  clambda=0.43738,                                                             
  timask1=':1', scmask1=':1', scmask2='',                                      
  timask2='',                                                                  
/                                                                              
&wt TYPE='TEMP0', istep1=0, istep2=190000, value1=0.0, value2=300.0 /          
&wt TYPE='TEMP0', istep1=190001, istep2=200000, value1=300.0, value2=300.0 /   
&wt TYPE='DUMPFREQ', istep1=10000, /                                           
&wt TYPE='END', /                                                              


Note: ig = -1. Setting random seed to   571050 based on wallclock time in 
      microseconds.
| irandom = 1, using AMBER's internal random number generator (default).
 
|--------------------- INFORMATION ----------------------
| GPU (CUDA) Version of PMEMD in use: NVIDIA GPU IN USE.
|                    Version 18.0.0
| 
|                      03/25/2018
| 
| Implementation by:
|                    Ross C. Walker     (SDSC)
|                    Scott Le Grand     (nVIDIA)
| 
| Version 18 performance extensions by:
|                    David Cerutti     (Rutgers)
| 
| Precision model in use:
|      [SPFP] - Single Precision Forces, 64-bit Fixed Point
|               Accumulation. (Default)
| 
|--------------------------------------------------------
 
|----------------- CITATION INFORMATION -----------------
|
|    When publishing work that utilized the CUDA version
|    of AMBER, please cite the following in addition to
|    the regular AMBER citations:
|
|  - Romelia Salomon-Ferrer; Andreas W. Goetz; Duncan
|    Poole; Scott Le Grand; Ross C. Walker "Routine
|    microsecond molecular dynamics simulations with
|    AMBER - Part II: Particle Mesh Ewald", J. Chem.
|    Theory Comput., 2013, 9 (9), pp3878-3888,
|    DOI: 10.1021/ct400314y.
|
|  - Andreas W. Goetz; Mark J. Williamson; Dong Xu;
|    Duncan Poole; Scott Le Grand; Ross C. Walker
|    "Routine microsecond molecular dynamics simulations
|    with AMBER - Part I: Generalized Born", J. Chem.
|    Theory Comput., 2012, 8 (5), pp1542-1555.
|
|  - Scott Le Grand; Andreas W. Goetz; Ross C. Walker
|    "SPFP: Speed without compromise - a mixed precision
|    model for GPU accelerated molecular dynamics
|    simulations.", Comp. Phys. Comm., 2013, 184
|    pp374-380, DOI: 10.1016/j.cpc.2012.09.022
|
|    When publishing work that utilized the CUDA version
|    of TI, BAR, MBAR or FEP please cite the following 
|    three publications in addition to the regular AMBER 
|    GPU citations:
|
|  - Daniel J. Mermelstein; Charles Lin; Gard Nelson; 
|    Rachael Kretsch; J. Andrew McCammon; Ross C. Walker
|    "Fast and Flexible GPU Accelerated Binding 
|    Free Energy Calculations within the AMBER Molecular
|    Dynamics Package" J. Comp. Chem., 2018,
|    DOI: 10.1002/jcc.25187
|
|  - Tai-Sung Lee; Yuan Hu; Brad Sherborne; Zhuyan Guo;
|    Darrin M. York
|    "Toward Fast and Accurate Binding Affinity Prediction with
|    pmemdGTI: An Efficient Implementation of GPU-Accelerated
|    Thermodynamic Integration"
|    J. Chem. Theory Comput., 2017, 13 (7), 3077
|
|
|--------------------------------------------------------
 
|------------------- GPU DEVICE INFO --------------------
|
|            CUDA_VISIBLE_DEVICES: 0
|   CUDA Capable Devices Detected:      1
|           CUDA Device ID in use:      0
|                CUDA Device Name: Tesla K80
|     CUDA Device Global Mem Size:  11441 MB
| CUDA Device Num Multiprocessors:     13
|           CUDA Device Core Freq:   0.82 GHz
|
|--------------------------------------------------------
 
 
| Conditional Compilation Defines Used:
| PUBFFT
| BINTRAJ
| CUDA
| EMIL

| Largest sphere to fit in unit cell has radius =    27.375

| New format PARM file being parsed.
| Version =    1.000 Date = 09/18/20 Time = 17:37:14

| Note: 1-4 EEL scale factors are being read from the topology file.

| Note: 1-4 VDW scale factors are being read from the topology file.
| Duplicated    0 dihedrals

| Duplicated    0 dihedrals

--------------------------------------------------------------------------------
   1.  RESOURCE   USE: 
--------------------------------------------------------------------------------

 getting box info from netcdf restart file
 NATOM  =   20955 NTYPES =       6 NBONH =   20951 MBONA  =       3
 NTHETH =      16 MTHETA =       2 NPHIH =      20 MPHIA  =       1
 NHPARM =       0 NPARM  =       0 NNB   =   27975 NRES   =    6982
 NBONA  =       3 NTHETA =       2 NPHIA =       1 NUMBND =       6
 NUMANG =       6 NPTRA  =       2 NATYP =       6 NPHB   =       1
 IFBOX  =       2 NMXRS  =      12 IFCAP =       0 NEXTRA =       0
 NCOPY  =       0

| Coordinate Index Table dimensions:    10   10   10
| Direct force subcell size =     6.7054    6.7054    6.7054

     BOX TYPE: TRUNCATED OCTAHEDRON

--------------------------------------------------------------------------------
   2.  CONTROL  DATA  FOR  THE  RUN
--------------------------------------------------------------------------------

default_name                                                                    

General flags:
     imin    =       0, nmropt  =       1

Nature and format of input:
     ntx     =       1, irest   =       0, ntrx    =       1

Nature and format of output:
     ntxo    =       2, ntpr    =    5000, ntrx    =       1, ntwr    =    5000
     iwrap   =       0, ntwx    =   10000, ntwv    =       0, ntwe    =       0
     ioutfm  =       1, ntwprt  =       0, idecomp =       0, rbornstat=      0

Potential function:
     ntf     =       1, ntb     =       1, igb     =       0, nsnb    =      25
     ipol    =       0, gbsa    =       0, iesp    =       0
     dielc   =   1.00000, cut     =  10.00000, intdiel =   1.00000

Frozen or restrained atoms:
     ibelly  =       0, ntr     =       0

Molecular dynamics:
     nstlim  =    200000, nscm    =      1000, nrespa  =         1
     t       =   0.00000, dt      =   0.00100, vlimit  =  -1.00000

Langevin dynamics temperature regulation:
     ig      =  571050
     temp0   = 300.00000, tempi   =   0.00000, gamma_ln=   2.00000

NMR refinement options:
     iscale  =       0, noeskp  =       1, ipnlty  =       1, mxsub   =       1
     scalm   = 100.00000, pencut  =   0.10000, tausw   =   0.10000

Free energy options:
     icfe    =       1, ifsc    =       1, klambda =       1
     clambda =  0.4374, scalpha =  0.5000, scbeta  = 12.0000
     sceeorder =       2
     dynlmb =  0.0000 logdvdl =       0

| Intermolecular bonds treatment:
|     no_intermolecular_bonds =       1

| Energy averages sample interval:
|     ene_avg_sampling =    5000

Ewald parameters:
     verbose =       0, ew_type =       0, nbflag  =       1, use_pme =       1
     vdwmeth =       1, eedmeth =       1, netfrc  =       1
     Box X =   67.054   Box Y =   67.054   Box Z =   67.054
     Alpha =  109.471   Beta  =  109.471   Gamma =  109.471
     NFFT1 =   64       NFFT2 =   64       NFFT3 =   64
     Cutoff=   10.000   Tol   =0.100E-04
     Ewald Coefficient =  0.27511
     Interpolation order =    4
     TI Mask 1 :1; matches     12 atoms
     TI Mask 2  matches      0 atoms
     TI region 1:   20955 atoms
     TI region 2:   20943 atoms
     SC Mask 1 :1; matches     12 atoms

--------------------------------------------------------------------------------
   3.  ATOMIC COORDINATES AND VELOCITIES
--------------------------------------------------------------------------------

default_name                                                                    
 begin time read from input coords =     0.000 ps



           Begin reading energy term weight changes/NMR restraints
 WEIGHT CHANGES:
 TEMP0         0 190000    0.000000  300.000000      0      0
 TEMP0    190001 200000  300.000000  300.000000      0      0
 DUMPFREQ  10000      0    0.000000    0.000000      0      0

 RESTRAINTS:
                          ** No restraint defined **

                  Done reading weight changes/NMR restraints


 
 Number of triangulated 3-point waters found:     6981
 Number of shake restraints removed in TI region  1 :        0
 Number of shake restraints removed in TI region  2 :        0

     Sum of charges for TI region  1 =  -0.00000000
     Forcing neutrality...


     Sum of charges for TI region  2 =   0.00000000
     Forcing neutrality...

| Dynamic Memory, Types Used:
| Reals              918940
| Integers           797059

| Nonbonded Pairs Initial Allocation:     6338363

| GPU memory information (estimate):
| KB of GPU memory in use:         0
| KB of CPU memory in use:         0

--------------------------------------------------------------------------------
   4.  RESULTS
--------------------------------------------------------------------------------

   DOF for the SC part  1 of the system:   36

| TI region  1


 NSTEP =        0   TIME(PS) =       0.000  TEMP(K) =     0.00  PRESS =     0.0
 Etot   =    -63484.1821  EKtot   =         0.0000  EPtot      =    -63484.1821
 BOND   =      3636.7301  ANGLE   =        -0.0000  DIHED      =        -0.0000
 1-4 NB =         0.0000  1-4 EEL =         0.0000  VDWAALS    =      3826.6340
 EELEC  =    -70947.5462  EHBOND  =         0.0000  RESTRAINT  =         0.0000
 DV/DL  =         9.8982
 ------------------------------------------------------------------------------

  Softcore part of the system:      12 atoms,       TEMP(K)    =           0.00
 SC_Etot=        13.8140  SC_EKtot=         0.0000  SC_EPtot   =        13.8140
 SC_BOND=         0.0469  SC_ANGLE=         0.1170  SC_DIHED   =         0.3078
 SC_14NB=         0.3826  SC_14EEL=        40.3531  SC_VDW     =        -0.0869
 SC_EEL =       -27.3065
 SC_RES_DIST=     0.0000  SC_RES_ANG=       0.0000  SC_RES_TORS=         0.0000
 SC_EEL_DER=      0.9093  SC_VDW_DER=      -0.4272  SC_DERIV   =         0.4821
 ------------------------------------------------------------------------------


| TI region  2


 NSTEP =        0   TIME(PS) =       0.000  TEMP(K) =     0.00  PRESS =     0.0
 Etot   =    -63484.1821  EKtot   =         0.0000  EPtot      =    -63484.1821
 BOND   =      3636.7301  ANGLE   =        -0.0000  DIHED      =        -0.0000
 1-4 NB =         0.0000  1-4 EEL =         0.0000  VDWAALS    =      3826.6340
 EELEC  =    -70947.5462  EHBOND  =         0.0000  RESTRAINT  =         0.0000
 DV/DL  =         9.8982
 ------------------------------------------------------------------------------

 NMR restraints: Bond =    0.000   Angle =     0.000   Torsion =     0.000
===============================================================================

| TI region  1


 NSTEP =     5000   TIME(PS) =       5.000  TEMP(K) =     7.31  PRESS =     0.0
 Etot   =    -63338.9821  EKtot   =       456.7203  EPtot      =    -63795.7024
 BOND   =      3930.5893  ANGLE   =        -0.0000  DIHED      =        -0.0000
 1-4 NB =         0.0000  1-4 EEL =         0.0000  VDWAALS    =      4193.4288
 EELEC  =    -71919.7205  EHBOND  =         0.0000  RESTRAINT  =         0.0000
 DV/DL  =        12.1311
 ------------------------------------------------------------------------------

  Softcore part of the system:      12 atoms,       TEMP(K)    =           7.75
 SC_Etot=        14.2626  SC_EKtot=         0.2771  SC_EPtot   =        13.9855
 SC_BOND=         0.1294  SC_ANGLE=         0.1545  SC_DIHED   =         0.4042
 SC_14NB=         0.3721  SC_14EEL=        40.4727  SC_VDW     =        -0.0869
 SC_EEL =       -27.4605
 SC_RES_DIST=     0.0000  SC_RES_ANG=       0.0000  SC_RES_TORS=         0.0000
 SC_EEL_DER=      1.4643  SC_VDW_DER=      -0.9743  SC_DERIV   =         0.4900
 ------------------------------------------------------------------------------


| TI region  2


 NSTEP =     5000   TIME(PS) =       5.000  TEMP(K) =     7.31  PRESS =     0.0
 Etot   =    -63339.2592  EKtot   =       456.4432  EPtot      =    -63795.7024
 BOND   =      3930.5893  ANGLE   =        -0.0000  DIHED      =        -0.0000
 1-4 NB =         0.0000  1-4 EEL =         0.0000  VDWAALS    =      4193.4288
 EELEC  =    -71919.7205  EHBOND  =         0.0000  RESTRAINT  =         0.0000
 DV/DL  =        12.1311
 ------------------------------------------------------------------------------

 NMR restraints: Bond =    0.000   Angle =     0.000   Torsion =     0.000
===============================================================================

| TI region  1


 NSTEP =    10000   TIME(PS) =      10.000  TEMP(K) =    15.20  PRESS =     0.0
 Etot   =    -62484.4484  EKtot   =       949.3386  EPtot      =    -63433.7871
 BOND   =      4123.1448  ANGLE   =         0.0000  DIHED      =         0.0000
 1-4 NB =         0.0000  1-4 EEL =         0.0000  VDWAALS    =      4201.8244
 EELEC  =    -71758.7563  EHBOND  =         0.0000  RESTRAINT  =         0.0000
 DV/DL  =        12.4250
 ------------------------------------------------------------------------------

  Softcore part of the system:      12 atoms,       TEMP(K)    =          13.49
 SC_Etot=        14.9399  SC_EKtot=         0.4826  SC_EPtot   =        14.4573
 SC_BOND=         0.3649  SC_ANGLE=         0.3001  SC_DIHED   =         0.1487
 SC_14NB=         0.3393  SC_14EEL=        40.4601  SC_VDW     =        -0.0841
 SC_EEL =       -27.0717
 SC_RES_DIST=     0.0000  SC_RES_ANG=       0.0000  SC_RES_TORS=         0.0000
 SC_EEL_DER=      0.9681  SC_VDW_DER=      -1.4092  SC_DERIV   =        -0.4411
 ------------------------------------------------------------------------------


| TI region  2


 NSTEP =    10000   TIME(PS) =      10.000  TEMP(K) =    15.20  PRESS =     0.0
 Etot   =    -62484.9310  EKtot   =       948.8560  EPtot      =    -63433.7871
 BOND   =      4123.1448  ANGLE   =         0.0000  DIHED      =         0.0000
 1-4 NB =         0.0000  1-4 EEL =         0.0000  VDWAALS    =      4201.8244
 EELEC  =    -71758.7563  EHBOND  =         0.0000  RESTRAINT  =         0.0000
 DV/DL  =        12.4250
 ------------------------------------------------------------------------------

 NMR restraints: Bond =    0.000   Angle =     0.000   Torsion =     0.000
===============================================================================

| TI region  1


 NSTEP =    15000   TIME(PS) =      15.000  TEMP(K) =    23.14  PRESS =     0.0
 Etot   =    -61608.0370  EKtot   =      1445.2476  EPtot      =    -63053.2845
 BOND   =      4281.7973  ANGLE   =         0.0000  DIHED      =        -0.0000
 1-4 NB =         0.0000  1-4 EEL =         0.0000  VDWAALS    =      4212.9602
 EELEC  =    -71548.0421  EHBOND  =         0.0000  RESTRAINT  =         0.0000
 DV/DL  =        13.7505
 ------------------------------------------------------------------------------

  Softcore part of the system:      12 atoms,       TEMP(K)    =          20.65
 SC_Etot=        15.5047  SC_EKtot=         0.7387  SC_EPtot   =        14.7660
 SC_BOND=         0.3304  SC_ANGLE=         0.6135  SC_DIHED   =         0.3903
 SC_14NB=         0.2184  SC_14EEL=        39.0701  SC_VDW     =        -0.0736
 SC_EEL =       -25.7830
 SC_RES_DIST=     0.0000  SC_RES_ANG=       0.0000  SC_RES_TORS=         0.0000
 SC_EEL_DER=      1.2371  SC_VDW_DER=      -0.9098  SC_DERIV   =         0.3274
 ------------------------------------------------------------------------------


| TI region  2


 NSTEP =    15000   TIME(PS) =      15.000  TEMP(K) =    23.14  PRESS =     0.0
 Etot   =    -61608.7756  EKtot   =      1444.5089  EPtot      =    -63053.2845
 BOND   =      4281.7973  ANGLE   =         0.0000  DIHED      =        -0.0000
 1-4 NB =         0.0000  1-4 EEL =         0.0000  VDWAALS    =      4212.9602
 EELEC  =    -71548.0421  EHBOND  =         0.0000  RESTRAINT  =         0.0000
 DV/DL  =        13.7505
 ------------------------------------------------------------------------------

 NMR restraints: Bond =    0.000   Angle =     0.000   Torsion =     0.000
===============================================================================

| TI region  1


 NSTEP =    20000   TIME(PS) =      20.000  TEMP(K) =    30.71  PRESS =     0.0
 Etot   =    -60704.1278  EKtot   =      1918.3604  EPtot      =    -62622.4882
 BOND   =      4547.6737  ANGLE   =         0.0000  DIHED      =        -0.0000
 1-4 NB =         0.0000  1-4 EEL =        -0.0000  VDWAALS    =      4178.0572
 EELEC  =    -71348.2191  EHBOND  =         0.0000  RESTRAINT  =         0.0000
 DV/DL  =        12.1587
 ------------------------------------------------------------------------------

  Softcore part of the system:      12 atoms,       TEMP(K)    =          29.58
 SC_Etot=        16.1527  SC_EKtot=         1.0581  SC_EPtot   =        15.0946
 SC_BOND=         0.5296  SC_ANGLE=         0.6387  SC_DIHED   =         0.3557
 SC_14NB=         0.3086  SC_14EEL=        40.2453  SC_VDW     =        -0.0855
 SC_EEL =       -26.8977
 SC_RES_DIST=     0.0000  SC_RES_ANG=       0.0000  SC_RES_TORS=         0.0000
 SC_EEL_DER=      0.5599  SC_VDW_DER=      -0.5534  SC_DERIV   =         0.0066
 ------------------------------------------------------------------------------


| TI region  2


 NSTEP =    20000   TIME(PS) =      20.000  TEMP(K) =    30.71  PRESS =     0.0
 Etot   =    -60705.1859  EKtot   =      1917.3022  EPtot      =    -62622.4882
 BOND   =      4547.6737  ANGLE   =         0.0000  DIHED      =        -0.0000
 1-4 NB =         0.0000  1-4 EEL =        -0.0000  VDWAALS    =      4178.0572
 EELEC  =    -71348.2191  EHBOND  =         0.0000  RESTRAINT  =         0.0000
 DV/DL  =        12.1587
 ------------------------------------------------------------------------------

 NMR restraints: Bond =    0.000   Angle =     0.000   Torsion =     0.000
===============================================================================

| TI region  1


 NSTEP =    25000   TIME(PS) =      25.000  TEMP(K) =    38.45  PRESS =     0.0
 Etot   =    -59838.0020  EKtot   =      2401.6794  EPtot      =    -62239.6815
 BOND   =      4669.2075  ANGLE   =        -0.0000  DIHED      =         0.0000
 1-4 NB =         0.0000  1-4 EEL =         0.0000  VDWAALS    =      4113.4139
 EELEC  =    -71022.3029  EHBOND  =         0.0000  RESTRAINT  =         0.0000
 DV/DL  =        10.3562
 ------------------------------------------------------------------------------

  Softcore part of the system:      12 atoms,       TEMP(K)    =          39.07
 SC_Etot=        16.2440  SC_EKtot=         1.3975  SC_EPtot   =        14.8464
 SC_BOND=         0.1663  SC_ANGLE=         0.5096  SC_DIHED   =         0.3495
 SC_14NB=         0.3832  SC_14EEL=        40.0517  SC_VDW     =        -0.0798
 SC_EEL =       -26.5340
 SC_RES_DIST=     0.0000  SC_RES_ANG=       0.0000  SC_RES_TORS=         0.0000
 SC_EEL_DER=      1.0669  SC_VDW_DER=      -2.3469  SC_DERIV   =        -1.2800
 ------------------------------------------------------------------------------


| TI region  2


 NSTEP =    25000   TIME(PS) =      25.000  TEMP(K) =    38.45  PRESS =     0.0
 Etot   =    -59839.3996  EKtot   =      2400.2819  EPtot      =    -62239.6815
 BOND   =      4669.2075  ANGLE   =        -0.0000  DIHED      =         0.0000
 1-4 NB =         0.0000  1-4 EEL =         0.0000  VDWAALS    =      4113.4139
 EELEC  =    -71022.3029  EHBOND  =         0.0000  RESTRAINT  =         0.0000
 DV/DL  =        10.3562
 ------------------------------------------------------------------------------

 NMR restraints: Bond =    0.000   Angle =     0.000   Torsion =     0.000
===============================================================================

| TI region  1


 NSTEP =    30000   TIME(PS) =      30.000  TEMP(K) =    45.82  PRESS =     0.0
 Etot   =    -58923.9273  EKtot   =      2862.1506  EPtot      =    -61786.0780
 BOND   =      4858.2646  ANGLE   =        -0.0000  DIHED      =        -0.0000
 1-4 NB =         0.0000  1-4 EEL =        -0.0000  VDWAALS    =      4096.5283
 EELEC  =    -70740.8708  EHBOND  =         0.0000  RESTRAINT  =         0.0000
 DV/DL  =         9.2589
 ------------------------------------------------------------------------------

  Softcore part of the system:      12 atoms,       TEMP(K)    =          61.36
 SC_Etot=        17.3642  SC_EKtot=         2.1948  SC_EPtot   =        15.1694
 SC_BOND=         0.6867  SC_ANGLE=         0.8562  SC_DIHED   =         0.4745
 SC_14NB=         0.3036  SC_14EEL=        39.6236  SC_VDW     =        -0.0836
 SC_EEL =       -26.6915
 SC_RES_DIST=     0.0000  SC_RES_ANG=       0.0000  SC_RES_TORS=         0.0000
 SC_EEL_DER=      1.2239  SC_VDW_DER=      -2.8287  SC_DERIV   =        -1.6049
 ------------------------------------------------------------------------------


| TI region  2


 NSTEP =    30000   TIME(PS) =      30.000  TEMP(K) =    45.81  PRESS =     0.0
 Etot   =    -58926.1221  EKtot   =      2859.9558  EPtot      =    -61786.0780
 BOND   =      4858.2646  ANGLE   =        -0.0000  DIHED      =        -0.0000
 1-4 NB =         0.0000  1-4 EEL =        -0.0000  VDWAALS    =      4096.5283
 EELEC  =    -70740.8708  EHBOND  =         0.0000  RESTRAINT  =         0.0000
 DV/DL  =         9.2589
 ------------------------------------------------------------------------------

 NMR restraints: Bond =    0.000   Angle =     0.000   Torsion =     0.000
===============================================================================

| TI region  1


 NSTEP =    35000   TIME(PS) =      35.000  TEMP(K) =    54.59  PRESS =     0.0
 Etot   =    -57924.6197  EKtot   =      3409.8843  EPtot      =    -61334.5040
 BOND   =      4969.1677  ANGLE   =        -0.0000  DIHED      =        -0.0000
 1-4 NB =         0.0000  1-4 EEL =         0.0000  VDWAALS    =      4126.3362
 EELEC  =    -70430.0079  EHBOND  =         0.0000  RESTRAINT  =         0.0000
 DV/DL  =         7.9556
 ------------------------------------------------------------------------------

  Softcore part of the system:      12 atoms,       TEMP(K)    =          67.89
 SC_Etot=        17.4592  SC_EKtot=         2.4284  SC_EPtot   =        15.0308
 SC_BOND=         0.7642  SC_ANGLE=         0.5023  SC_DIHED   =         0.4072
 SC_14NB=         0.2325  SC_14EEL=        40.3080  SC_VDW     =        -0.0849
 SC_EEL =       -27.0985
 SC_RES_DIST=     0.0000  SC_RES_ANG=       0.0000  SC_RES_TORS=         0.0000
 SC_EEL_DER=      0.0200  SC_VDW_DER=      -1.0167  SC_DERIV   =        -0.9967
 ------------------------------------------------------------------------------


| TI region  2


 NSTEP =    35000   TIME(PS) =      35.000  TEMP(K) =    54.58  PRESS =     0.0
 Etot   =    -57927.0481  EKtot   =      3407.4558  EPtot      =    -61334.5040
 BOND   =      4969.1677  ANGLE   =        -0.0000  DIHED      =        -0.0000
 1-4 NB =         0.0000  1-4 EEL =         0.0000  VDWAALS    =      4126.3362
 EELEC  =    -70430.0079  EHBOND  =         0.0000  RESTRAINT  =         0.0000
 DV/DL  =         7.9556
 ------------------------------------------------------------------------------

 NMR restraints: Bond =    0.000   Angle =     0.000   Torsion =     0.000
===============================================================================

| TI region  1


 NSTEP =    40000   TIME(PS) =      40.000  TEMP(K) =    62.35  PRESS =     0.0
 Etot   =    -56983.5636  EKtot   =      3894.6191  EPtot      =    -60878.1828
 BOND   =      5187.9977  ANGLE   =        -0.0000  DIHED      =        -0.0000
 1-4 NB =         0.0000  1-4 EEL =        -0.0000  VDWAALS    =      3955.5351
 EELEC  =    -70021.7156  EHBOND  =         0.0000  RESTRAINT  =         0.0000
 DV/DL  =         8.8440
 ------------------------------------------------------------------------------

  Softcore part of the system:      12 atoms,       TEMP(K)    =          87.48
 SC_Etot=        18.4610  SC_EKtot=         3.1289  SC_EPtot   =        15.3321
 SC_BOND=         0.8883  SC_ANGLE=         0.7646  SC_DIHED   =         0.1570
 SC_14NB=         0.4453  SC_14EEL=        40.1535  SC_VDW     =        -0.0868
 SC_EEL =       -26.9899
 SC_RES_DIST=     0.0000  SC_RES_ANG=       0.0000  SC_RES_TORS=         0.0000
 SC_EEL_DER=      0.0876  SC_VDW_DER=      -0.0216  SC_DERIV   =         0.0661
 ------------------------------------------------------------------------------


| TI region  2


 NSTEP =    40000   TIME(PS) =      40.000  TEMP(K) =    62.34  PRESS =     0.0
 Etot   =    -56986.6926  EKtot   =      3891.4902  EPtot      =    -60878.1828
 BOND   =      5187.9977  ANGLE   =        -0.0000  DIHED      =        -0.0000
 1-4 NB =         0.0000  1-4 EEL =        -0.0000  VDWAALS    =      3955.5351
 EELEC  =    -70021.7156  EHBOND  =         0.0000  RESTRAINT  =         0.0000
 DV/DL  =         8.8440
 ------------------------------------------------------------------------------

 NMR restraints: Bond =    0.000   Angle =     0.000   Torsion =     0.000
===============================================================================

| TI region  1


 NSTEP =    45000   TIME(PS) =      45.000  TEMP(K) =    70.16  PRESS =     0.0
 Etot   =    -56040.8515  EKtot   =      4382.4077  EPtot      =    -60423.2592
 BOND   =      5351.1826  ANGLE   =        -0.0000  DIHED      =         0.0000
 1-4 NB =         0.0000  1-4 EEL =         0.0000  VDWAALS    =      3865.7220
 EELEC  =    -69640.1639  EHBOND  =         0.0000  RESTRAINT  =         0.0000
 DV/DL  =         9.3079
 ------------------------------------------------------------------------------

  Softcore part of the system:      12 atoms,       TEMP(K)    =          50.40
 SC_Etot=        17.9049  SC_EKtot=         1.8028  SC_EPtot   =        16.1020
 SC_BOND=         0.4670  SC_ANGLE=         1.7705  SC_DIHED   =         0.5871
 SC_14NB=         0.2160  SC_14EEL=        39.8720  SC_VDW     =        -0.0845
 SC_EEL =       -26.7260
 SC_RES_DIST=     0.0000  SC_RES_ANG=       0.0000  SC_RES_TORS=         0.0000
 SC_EEL_DER=      2.1098  SC_VDW_DER=      -3.7370  SC_DERIV   =        -1.6272
 ------------------------------------------------------------------------------


| TI region  2


 NSTEP =    45000   TIME(PS) =      45.000  TEMP(K) =    70.17  PRESS =     0.0
 Etot   =    -56042.6543  EKtot   =      4380.6049  EPtot      =    -60423.2592
 BOND   =      5351.1826  ANGLE   =        -0.0000  DIHED      =         0.0000
 1-4 NB =         0.0000  1-4 EEL =         0.0000  VDWAALS    =      3865.7220
 EELEC  =    -69640.1639  EHBOND  =         0.0000  RESTRAINT  =         0.0000
 DV/DL  =         9.3079
 ------------------------------------------------------------------------------

 NMR restraints: Bond =    0.000   Angle =     0.000   Torsion =     0.000
===============================================================================

| TI region  1


 NSTEP =    50000   TIME(PS) =      50.000  TEMP(K) =    78.85  PRESS =     0.0
 Etot   =    -54994.0555  EKtot   =      4925.3574  EPtot      =    -59919.4129
 BOND   =      5540.5485  ANGLE   =        -0.0000  DIHED      =        -0.0000
 1-4 NB =         0.0000  1-4 EEL =         0.0000  VDWAALS    =      3672.6839
 EELEC  =    -69132.6454  EHBOND  =         0.0000  RESTRAINT  =         0.0000
 DV/DL  =         8.3748
 ------------------------------------------------------------------------------

  Softcore part of the system:      12 atoms,       TEMP(K)    =         114.61
 SC_Etot=        21.4993  SC_EKtot=         4.0994  SC_EPtot   =        17.4000
 SC_BOND=         1.4352  SC_ANGLE=         1.6207  SC_DIHED   =         0.8203
 SC_14NB=         0.3098  SC_14EEL=        38.6141  SC_VDW     =        -0.0659
 SC_EEL =       -25.3341
 SC_RES_DIST=     0.0000  SC_RES_ANG=       0.0000  SC_RES_TORS=         0.0000
 SC_EEL_DER=      0.5049  SC_VDW_DER=      -2.6403  SC_DERIV   =        -2.1354
 ------------------------------------------------------------------------------


| TI region  2


 NSTEP =    50000   TIME(PS) =      50.000  TEMP(K) =    78.83  PRESS =     0.0
 Etot   =    -54998.1549  EKtot   =      4921.2581  EPtot      =    -59919.4129
 BOND   =      5540.5485  ANGLE   =        -0.0000  DIHED      =        -0.0000
 1-4 NB =         0.0000  1-4 EEL =         0.0000  VDWAALS    =      3672.6839
 EELEC  =    -69132.6454  EHBOND  =         0.0000  RESTRAINT  =         0.0000
 DV/DL  =         8.3748
 ------------------------------------------------------------------------------

 NMR restraints: Bond =    0.000   Angle =     0.000   Torsion =     0.000
===============================================================================

| TI region  1


 NSTEP =    55000   TIME(PS) =      55.000  TEMP(K) =    85.60  PRESS =     0.0
 Etot   =    -54008.4718  EKtot   =      5346.6270  EPtot      =    -59355.0988
 BOND   =      5747.8808  ANGLE   =        -0.0000  DIHED      =        -0.0000
 1-4 NB =         0.0000  1-4 EEL =         0.0000  VDWAALS    =      3628.4910
 EELEC  =    -68731.4706  EHBOND  =         0.0000  RESTRAINT  =         0.0000
 DV/DL  =         8.6381
 ------------------------------------------------------------------------------

  Softcore part of the system:      12 atoms,       TEMP(K)    =         111.25
 SC_Etot=        20.3739  SC_EKtot=         3.9795  SC_EPtot   =        16.3944
 SC_BOND=         0.8731  SC_ANGLE=         1.9862  SC_DIHED   =         0.5502
 SC_14NB=         0.4682  SC_14EEL=        40.2733  SC_VDW     =        -0.0893
 SC_EEL =       -27.6674
 SC_RES_DIST=     0.0000  SC_RES_ANG=       0.0000  SC_RES_TORS=         0.0000
 SC_EEL_DER=      0.0576  SC_VDW_DER=      -1.8706  SC_DERIV   =        -1.8130
 ------------------------------------------------------------------------------


| TI region  2


 NSTEP =    55000   TIME(PS) =      55.000  TEMP(K) =    85.58  PRESS =     0.0
 Etot   =    -54012.4514  EKtot   =      5342.6474  EPtot      =    -59355.0988
 BOND   =      5747.8808  ANGLE   =        -0.0000  DIHED      =        -0.0000
 1-4 NB =         0.0000  1-4 EEL =         0.0000  VDWAALS    =      3628.4910
 EELEC  =    -68731.4706  EHBOND  =         0.0000  RESTRAINT  =         0.0000
 DV/DL  =         8.6381
 ------------------------------------------------------------------------------

 NMR restraints: Bond =    0.000   Angle =     0.000   Torsion =     0.000
===============================================================================

| TI region  1


 NSTEP =    60000   TIME(PS) =      60.000  TEMP(K) =    93.84  PRESS =     0.0
 Etot   =    -53053.7862  EKtot   =      5861.7124  EPtot      =    -58915.4986
 BOND   =      5847.7462  ANGLE   =         0.0000  DIHED      =        -0.0000
 1-4 NB =         0.0000  1-4 EEL =         0.0000  VDWAALS    =      3404.0589
 EELEC  =    -68167.3037  EHBOND  =         0.0000  RESTRAINT  =         0.0000
 DV/DL  =         7.3530
 ------------------------------------------------------------------------------

  Softcore part of the system:      12 atoms,       TEMP(K)    =          94.25
 SC_Etot=        19.1016  SC_EKtot=         3.3713  SC_EPtot   =        15.7303
 SC_BOND=         1.0960  SC_ANGLE=         0.9012  SC_DIHED   =         0.5668
 SC_14NB=         0.5182  SC_14EEL=        40.0436  SC_VDW     =        -0.0870
 SC_EEL =       -27.3084
 SC_RES_DIST=     0.0000  SC_RES_ANG=       0.0000  SC_RES_TORS=         0.0000
 SC_EEL_DER=     -0.1745  SC_VDW_DER=      -2.6989  SC_DERIV   =        -2.8734
 ------------------------------------------------------------------------------


| TI region  2


 NSTEP =    60000   TIME(PS) =      60.000  TEMP(K) =    93.84  PRESS =     0.0
 Etot   =    -53057.1574  EKtot   =      5858.3411  EPtot      =    -58915.4986
 BOND   =      5847.7462  ANGLE   =         0.0000  DIHED      =        -0.0000
 1-4 NB =         0.0000  1-4 EEL =         0.0000  VDWAALS    =      3404.0589
 EELEC  =    -68167.3037  EHBOND  =         0.0000  RESTRAINT  =         0.0000
 DV/DL  =         7.3530
 ------------------------------------------------------------------------------

 NMR restraints: Bond =    0.000   Angle =     0.000   Torsion =     0.000
===============================================================================

| TI region  1


 NSTEP =    65000   TIME(PS) =      65.000  TEMP(K) =   101.79  PRESS =     0.0
 Etot   =    -51951.8066  EKtot   =      6358.1670  EPtot      =    -58309.9736
 BOND   =      6024.6651  ANGLE   =        -0.0000  DIHED      =        -0.0000
 1-4 NB =         0.0000  1-4 EEL =         0.0000  VDWAALS    =      3284.3240
 EELEC  =    -67618.9626  EHBOND  =         0.0000  RESTRAINT  =         0.0000
 DV/DL  =         9.9413
 ------------------------------------------------------------------------------

  Softcore part of the system:      12 atoms,       TEMP(K)    =         110.29
 SC_Etot=        21.6738  SC_EKtot=         3.9451  SC_EPtot   =        17.7287
 SC_BOND=         2.6792  SC_ANGLE=         1.4110  SC_DIHED   =         0.8459
 SC_14NB=         0.2296  SC_14EEL=        39.4114  SC_VDW     =        -0.0866
 SC_EEL =       -26.7618
 SC_RES_DIST=     0.0000  SC_RES_ANG=       0.0000  SC_RES_TORS=         0.0000
 SC_EEL_DER=      0.7453  SC_VDW_DER=      -1.5755  SC_DERIV   =        -0.8302
 ------------------------------------------------------------------------------


| TI region  2


 NSTEP =    65000   TIME(PS) =      65.000  TEMP(K) =   101.79  PRESS =     0.0
 Etot   =    -51955.7516  EKtot   =      6354.2219  EPtot      =    -58309.9736
 BOND   =      6024.6651  ANGLE   =        -0.0000  DIHED      =        -0.0000
 1-4 NB =         0.0000  1-4 EEL =         0.0000  VDWAALS    =      3284.3240
 EELEC  =    -67618.9626  EHBOND  =         0.0000  RESTRAINT  =         0.0000
 DV/DL  =         9.9413
 ------------------------------------------------------------------------------

 NMR restraints: Bond =    0.000   Angle =     0.000   Torsion =     0.000
===============================================================================

| TI region  1


 NSTEP =    70000   TIME(PS) =      70.000  TEMP(K) =   110.16  PRESS =     0.0
 Etot   =    -50803.3459  EKtot   =      6880.8188  EPtot      =    -57684.1647
 BOND   =      6161.5716  ANGLE   =        -0.0000  DIHED      =        -0.0000
 1-4 NB =         0.0000  1-4 EEL =        -0.0000  VDWAALS    =      3179.1716
 EELEC  =    -67024.9080  EHBOND  =         0.0000  RESTRAINT  =         0.0000
 DV/DL  =        13.9076
 ------------------------------------------------------------------------------

  Softcore part of the system:      12 atoms,       TEMP(K)    =         105.25
 SC_Etot=        20.5356  SC_EKtot=         3.7647  SC_EPtot   =        16.7709
 SC_BOND=         0.9495  SC_ANGLE=         1.3782  SC_DIHED   =         0.7394
 SC_14NB=         1.0072  SC_14EEL=        43.7159  SC_VDW     =        -0.0916
 SC_EEL =       -30.9278
 SC_RES_DIST=     0.0000  SC_RES_ANG=       0.0000  SC_RES_TORS=         0.0000
 SC_EEL_DER=      1.1535  SC_VDW_DER=      -0.0599  SC_DERIV   =         1.0935
 ------------------------------------------------------------------------------


| TI region  2


 NSTEP =    70000   TIME(PS) =      70.000  TEMP(K) =   110.16  PRESS =     0.0
 Etot   =    -50807.1106  EKtot   =      6877.0542  EPtot      =    -57684.1647
 BOND   =      6161.5716  ANGLE   =        -0.0000  DIHED      =        -0.0000
 1-4 NB =         0.0000  1-4 EEL =        -0.0000  VDWAALS    =      3179.1716
 EELEC  =    -67024.9080  EHBOND  =         0.0000  RESTRAINT  =         0.0000
 DV/DL  =        13.9076
 ------------------------------------------------------------------------------

 NMR restraints: Bond =    0.000   Angle =     0.000   Torsion =     0.000
===============================================================================

| TI region  1


 NSTEP =    75000   TIME(PS) =      75.000  TEMP(K) =   116.74  PRESS =     0.0
 Etot   =    -49729.1509  EKtot   =      7291.8218  EPtot      =    -57020.9726
 BOND   =      6340.3916  ANGLE   =         0.0000  DIHED      =         0.0000
 1-4 NB =         0.0000  1-4 EEL =         0.0000  VDWAALS    =      2942.8353
 EELEC  =    -66304.1996  EHBOND  =         0.0000  RESTRAINT  =         0.0000
 DV/DL  =         7.1431
 ------------------------------------------------------------------------------

  Softcore part of the system:      12 atoms,       TEMP(K)    =         115.72
 SC_Etot=        21.0830  SC_EKtot=         4.1394  SC_EPtot   =        16.9436
 SC_BOND=         0.4227  SC_ANGLE=         1.9772  SC_DIHED   =         0.0448
 SC_14NB=         1.1393  SC_14EEL=        43.1396  SC_VDW     =        -0.0989
 SC_EEL =       -29.6812
 SC_RES_DIST=     0.0000  SC_RES_ANG=       0.0000  SC_RES_TORS=         0.0000
 SC_EEL_DER=     -0.1434  SC_VDW_DER=      -1.5655  SC_DERIV   =        -1.7090
 ------------------------------------------------------------------------------


| TI region  2


 NSTEP =    75000   TIME(PS) =      75.000  TEMP(K) =   116.74  PRESS =     0.0
 Etot   =    -49733.2903  EKtot   =      7287.6824  EPtot      =    -57020.9726
 BOND   =      6340.3916  ANGLE   =         0.0000  DIHED      =         0.0000
 1-4 NB =         0.0000  1-4 EEL =         0.0000  VDWAALS    =      2942.8353
 EELEC  =    -66304.1996  EHBOND  =         0.0000  RESTRAINT  =         0.0000
 DV/DL  =         7.1431
 ------------------------------------------------------------------------------

 NMR restraints: Bond =    0.000   Angle =     0.000   Torsion =     0.000
===============================================================================

| TI region  1


 NSTEP =    80000   TIME(PS) =      80.000  TEMP(K) =   125.68  PRESS =     0.0
 Etot   =    -48546.3447  EKtot   =      7850.2441  EPtot      =    -56396.5889
 BOND   =      6595.9386  ANGLE   =        -0.0000  DIHED      =        -0.0000
 1-4 NB =         0.0000  1-4 EEL =        -0.0000  VDWAALS    =      2795.1755
 EELEC  =    -65787.7029  EHBOND  =         0.0000  RESTRAINT  =         0.0000
 DV/DL  =         9.2090
 ------------------------------------------------------------------------------

  Softcore part of the system:      12 atoms,       TEMP(K)    =         144.72
 SC_Etot=        23.2954  SC_EKtot=         5.1767  SC_EPtot   =        18.1187
 SC_BOND=         2.0983  SC_ANGLE=         1.7755  SC_DIHED   =         0.3569
 SC_14NB=         0.4319  SC_14EEL=        40.7962  SC_VDW     =        -0.0813
 SC_EEL =       -27.2588
 SC_RES_DIST=     0.0000  SC_RES_ANG=       0.0000  SC_RES_TORS=         0.0000
 SC_EEL_DER=      0.4494  SC_VDW_DER=      -0.8804  SC_DERIV   =        -0.4310
 ------------------------------------------------------------------------------


| TI region  2


 NSTEP =    80000   TIME(PS) =      80.000  TEMP(K) =   125.67  PRESS =     0.0
 Etot   =    -48551.5214  EKtot   =      7845.0675  EPtot      =    -56396.5889
 BOND   =      6595.9386  ANGLE   =        -0.0000  DIHED      =        -0.0000
 1-4 NB =         0.0000  1-4 EEL =        -0.0000  VDWAALS    =      2795.1755
 EELEC  =    -65787.7029  EHBOND  =         0.0000  RESTRAINT  =         0.0000
 DV/DL  =         9.2090
 ------------------------------------------------------------------------------

 NMR restraints: Bond =    0.000   Angle =     0.000   Torsion =     0.000
===============================================================================

| TI region  1


 NSTEP =    85000   TIME(PS) =      85.000  TEMP(K) =   132.01  PRESS =     0.0
 Etot   =    -47347.0221  EKtot   =      8245.4062  EPtot      =    -55592.4284
 BOND   =      6791.6030  ANGLE   =         0.0000  DIHED      =        -0.0000
 1-4 NB =         0.0000  1-4 EEL =         0.0000  VDWAALS    =      2418.2496
 EELEC  =    -64802.2810  EHBOND  =         0.0000  RESTRAINT  =         0.0000
 DV/DL  =         9.0534
 ------------------------------------------------------------------------------

  Softcore part of the system:      12 atoms,       TEMP(K)    =         114.98
 SC_Etot=        22.3398  SC_EKtot=         4.1127  SC_EPtot   =        18.2271
 SC_BOND=         1.5759  SC_ANGLE=         2.3498  SC_DIHED   =         0.9863
 SC_14NB=         0.5237  SC_14EEL=        42.0791  SC_VDW     =        -0.0935
 SC_EEL =       -29.1941
 SC_RES_DIST=     0.0000  SC_RES_ANG=       0.0000  SC_RES_TORS=         0.0000
 SC_EEL_DER=     -0.0766  SC_VDW_DER=      -0.5678  SC_DERIV   =        -0.6445
 ------------------------------------------------------------------------------


| TI region  2


 NSTEP =    85000   TIME(PS) =      85.000  TEMP(K) =   132.02  PRESS =     0.0
 Etot   =    -47351.1348  EKtot   =      8241.2936  EPtot      =    -55592.4284
 BOND   =      6791.6030  ANGLE   =         0.0000  DIHED      =        -0.0000
 1-4 NB =         0.0000  1-4 EEL =         0.0000  VDWAALS    =      2418.2496
 EELEC  =    -64802.2810  EHBOND  =         0.0000  RESTRAINT  =         0.0000
 DV/DL  =         9.0534
 ------------------------------------------------------------------------------

 NMR restraints: Bond =    0.000   Angle =     0.000   Torsion =     0.000
===============================================================================

| TI region  1


 NSTEP =    90000   TIME(PS) =      90.000  TEMP(K) =   140.12  PRESS =     0.0
 Etot   =    -45967.2843  EKtot   =      8752.2646  EPtot      =    -54719.5489
 BOND   =      6720.9431  ANGLE   =         0.0000  DIHED      =        -0.0000
 1-4 NB =         0.0000  1-4 EEL =         0.0000  VDWAALS    =      2386.1504
 EELEC  =    -63826.6424  EHBOND  =         0.0000  RESTRAINT  =         0.0000
 DV/DL  =        11.0571
 ------------------------------------------------------------------------------

  Softcore part of the system:      12 atoms,       TEMP(K)    =          79.76
 SC_Etot=        21.0985  SC_EKtot=         2.8531  SC_EPtot   =        18.2454
 SC_BOND=         2.0733  SC_ANGLE=         2.2852  SC_DIHED   =         0.8074
 SC_14NB=         0.4663  SC_14EEL=        41.2402  SC_VDW     =        -0.0866
 SC_EEL =       -28.5404
 SC_RES_DIST=     0.0000  SC_RES_ANG=       0.0000  SC_RES_TORS=         0.0000
 SC_EEL_DER=     -0.1569  SC_VDW_DER=      -0.3730  SC_DERIV   =        -0.5299
 ------------------------------------------------------------------------------


| TI region  2


 NSTEP =    90000   TIME(PS) =      90.000  TEMP(K) =   140.16  PRESS =     0.0
 Etot   =    -45970.1374  EKtot   =      8749.4116  EPtot      =    -54719.5489
 BOND   =      6720.9431  ANGLE   =         0.0000  DIHED      =        -0.0000
 1-4 NB =         0.0000  1-4 EEL =         0.0000  VDWAALS    =      2386.1504
 EELEC  =    -63826.6424  EHBOND  =         0.0000  RESTRAINT  =         0.0000
 DV/DL  =        11.0571
 ------------------------------------------------------------------------------

 NMR restraints: Bond =    0.000   Angle =     0.000   Torsion =     0.000
===============================================================================

| TI region  1


 NSTEP =    95000   TIME(PS) =      95.000  TEMP(K) =   148.82  PRESS =     0.0
 Etot   =    -44304.0648  EKtot   =      9295.7002  EPtot      =    -53599.7650
 BOND   =      6931.1890  ANGLE   =         0.0000  DIHED      =         0.0000
 1-4 NB =         0.0000  1-4 EEL =        -0.0000  VDWAALS    =      1973.8025
 EELEC  =    -62504.7565  EHBOND  =         0.0000  RESTRAINT  =         0.0000
 DV/DL  =        12.3006
 ------------------------------------------------------------------------------

  Softcore part of the system:      12 atoms,       TEMP(K)    =         150.81
 SC_Etot=        23.0252  SC_EKtot=         5.3943  SC_EPtot   =        17.6309
 SC_BOND=         1.5852  SC_ANGLE=         1.7732  SC_DIHED   =         0.3278
 SC_14NB=         1.0324  SC_14EEL=        42.8723  SC_VDW     =        -0.1014
 SC_EEL =       -29.8586
 SC_RES_DIST=     0.0000  SC_RES_ANG=       0.0000  SC_RES_TORS=         0.0000
 SC_EEL_DER=      0.4812  SC_VDW_DER=      -1.0768  SC_DERIV   =        -0.5956
 ------------------------------------------------------------------------------


| TI region  2


 NSTEP =    95000   TIME(PS) =      95.000  TEMP(K) =   148.82  PRESS =     0.0
 Etot   =    -44309.4591  EKtot   =      9290.3059  EPtot      =    -53599.7650
 BOND   =      6931.1890  ANGLE   =         0.0000  DIHED      =         0.0000
 1-4 NB =         0.0000  1-4 EEL =        -0.0000  VDWAALS    =      1973.8025
 EELEC  =    -62504.7565  EHBOND  =         0.0000  RESTRAINT  =         0.0000
 DV/DL  =        12.3006
 ------------------------------------------------------------------------------

 NMR restraints: Bond =    0.000   Angle =     0.000   Torsion =     0.000
===============================================================================

| TI region  1


 NSTEP =   100000   TIME(PS) =     100.000  TEMP(K) =   156.22  PRESS =     0.0
 Etot   =    -43095.1382  EKtot   =      9757.8398  EPtot      =    -52852.9780
 BOND   =      7140.7746  ANGLE   =         0.0000  DIHED      =         0.0000
 1-4 NB =         0.0000  1-4 EEL =         0.0000  VDWAALS    =      1764.1524
 EELEC  =    -61757.9050  EHBOND  =         0.0000  RESTRAINT  =         0.0000
 DV/DL  =        12.9734
 ------------------------------------------------------------------------------

  Softcore part of the system:      12 atoms,       TEMP(K)    =         126.04
 SC_Etot=        21.3258  SC_EKtot=         4.5084  SC_EPtot   =        16.8174
 SC_BOND=         0.8347  SC_ANGLE=         1.3009  SC_DIHED   =         0.3008
 SC_14NB=         0.7209  SC_14EEL=        42.8989  SC_VDW     =        -0.0970
 SC_EEL =       -29.1419
 SC_RES_DIST=     0.0000  SC_RES_ANG=       0.0000  SC_RES_TORS=         0.0000
 SC_EEL_DER=      0.8165  SC_VDW_DER=      -3.1209  SC_DERIV   =        -2.3044
 ------------------------------------------------------------------------------


| TI region  2


 NSTEP =   100000   TIME(PS) =     100.000  TEMP(K) =   156.24  PRESS =     0.0
 Etot   =    -43099.6466  EKtot   =      9753.3314  EPtot      =    -52852.9780
 BOND   =      7140.7746  ANGLE   =         0.0000  DIHED      =         0.0000
 1-4 NB =         0.0000  1-4 EEL =         0.0000  VDWAALS    =      1764.1524
 EELEC  =    -61757.9050  EHBOND  =         0.0000  RESTRAINT  =         0.0000
 DV/DL  =        12.9734
 ------------------------------------------------------------------------------

 NMR restraints: Bond =    0.000   Angle =     0.000   Torsion =     0.000
===============================================================================

| TI region  1


 NSTEP =   105000   TIME(PS) =     105.000  TEMP(K) =   165.62  PRESS =     0.0
 Etot   =    -41796.3733  EKtot   =     10344.9580  EPtot      =    -52141.3313
 BOND   =      7197.1836  ANGLE   =        -0.0000  DIHED      =        -0.0000
 1-4 NB =         0.0000  1-4 EEL =         0.0000  VDWAALS    =      1504.5021
 EELEC  =    -60843.0170  EHBOND  =         0.0000  RESTRAINT  =         0.0000
 DV/DL  =        10.2454
 ------------------------------------------------------------------------------

  Softcore part of the system:      12 atoms,       TEMP(K)    =         126.82
 SC_Etot=        22.9235  SC_EKtot=         4.5363  SC_EPtot   =        18.3872
 SC_BOND=         1.5307  SC_ANGLE=         2.9885  SC_DIHED   =         1.2274
 SC_14NB=         0.7260  SC_14EEL=        40.0941  SC_VDW     =        -0.1001
 SC_EEL =       -28.0794
 SC_RES_DIST=     0.0000  SC_RES_ANG=       0.0000  SC_RES_TORS=         0.0000
 SC_EEL_DER=     -0.2829  SC_VDW_DER=      -1.2810  SC_DERIV   =        -1.5639
 ------------------------------------------------------------------------------


| TI region  2


 NSTEP =   105000   TIME(PS) =     105.000  TEMP(K) =   165.64  PRESS =     0.0
 Etot   =    -41800.9096  EKtot   =     10340.4217  EPtot      =    -52141.3313
 BOND   =      7197.1836  ANGLE   =        -0.0000  DIHED      =        -0.0000
 1-4 NB =         0.0000  1-4 EEL =         0.0000  VDWAALS    =      1504.5021
 EELEC  =    -60843.0170  EHBOND  =         0.0000  RESTRAINT  =         0.0000
 DV/DL  =        10.2454
 ------------------------------------------------------------------------------

 NMR restraints: Bond =    0.000   Angle =     0.000   Torsion =     0.000
===============================================================================

| TI region  1


 NSTEP =   110000   TIME(PS) =     110.000  TEMP(K) =   172.62  PRESS =     0.0
 Etot   =    -40445.6954  EKtot   =     10782.0586  EPtot      =    -51227.7540
 BOND   =      7282.1972  ANGLE   =         0.0000  DIHED      =        -0.0000
 1-4 NB =         0.0000  1-4 EEL =        -0.0000  VDWAALS    =      1488.6750
 EELEC  =    -59998.6262  EHBOND  =         0.0000  RESTRAINT  =         0.0000
 DV/DL  =        12.0585
 ------------------------------------------------------------------------------

  Softcore part of the system:      12 atoms,       TEMP(K)    =         169.51
 SC_Etot=        27.6590  SC_EKtot=         6.0635  SC_EPtot   =        21.5956
 SC_BOND=         3.1229  SC_ANGLE=         2.7449  SC_DIHED   =         1.9095
 SC_14NB=         0.7747  SC_14EEL=        38.4305  SC_VDW     =        -0.0666
 SC_EEL =       -25.3204
 SC_RES_DIST=     0.0000  SC_RES_ANG=       0.0000  SC_RES_TORS=         0.0000
 SC_EEL_DER=      0.2720  SC_VDW_DER=      -1.1466  SC_DERIV   =        -0.8745
 ------------------------------------------------------------------------------


| TI region  2


 NSTEP =   110000   TIME(PS) =     110.000  TEMP(K) =   172.62  PRESS =     0.0
 Etot   =    -40451.7589  EKtot   =     10775.9951  EPtot      =    -51227.7540
 BOND   =      7282.1972  ANGLE   =         0.0000  DIHED      =        -0.0000
 1-4 NB =         0.0000  1-4 EEL =        -0.0000  VDWAALS    =      1488.6750
 EELEC  =    -59998.6262  EHBOND  =         0.0000  RESTRAINT  =         0.0000
 DV/DL  =        12.0585
 ------------------------------------------------------------------------------

 NMR restraints: Bond =    0.000   Angle =     0.000   Torsion =     0.000
===============================================================================

| TI region  1


 NSTEP =   115000   TIME(PS) =     115.000  TEMP(K) =   180.25  PRESS =     0.0
 Etot   =    -39146.1824  EKtot   =     11259.0557  EPtot      =    -50405.2381
 BOND   =      7524.0957  ANGLE   =        -0.0000  DIHED      =        -0.0000
 1-4 NB =         0.0000  1-4 EEL =         0.0000  VDWAALS    =      1158.2205
 EELEC  =    -59087.5544  EHBOND  =         0.0000  RESTRAINT  =         0.0000
 DV/DL  =        12.1107
 ------------------------------------------------------------------------------

  Softcore part of the system:      12 atoms,       TEMP(K)    =         186.10
 SC_Etot=        24.8115  SC_EKtot=         6.6565  SC_EPtot   =        18.1550
 SC_BOND=         2.2383  SC_ANGLE=         2.3592  SC_DIHED   =         1.2363
 SC_14NB=         0.9968  SC_14EEL=        42.9395  SC_VDW     =        -0.1002
 SC_EEL =       -31.5148
 SC_RES_DIST=     0.0000  SC_RES_ANG=       0.0000  SC_RES_TORS=         0.0000
 SC_EEL_DER=      2.0125  SC_VDW_DER=      -3.7136  SC_DERIV   =        -1.7011
 ------------------------------------------------------------------------------


| TI region  2


 NSTEP =   115000   TIME(PS) =     115.000  TEMP(K) =   180.25  PRESS =     0.0
 Etot   =    -39152.8390  EKtot   =     11252.3991  EPtot      =    -50405.2381
 BOND   =      7524.0957  ANGLE   =        -0.0000  DIHED      =        -0.0000
 1-4 NB =         0.0000  1-4 EEL =         0.0000  VDWAALS    =      1158.2205
 EELEC  =    -59087.5544  EHBOND  =         0.0000  RESTRAINT  =         0.0000
 DV/DL  =        12.1107
 ------------------------------------------------------------------------------

 NMR restraints: Bond =    0.000   Angle =     0.000   Torsion =     0.000
===============================================================================

| TI region  1


 NSTEP =   120000   TIME(PS) =     120.000  TEMP(K) =   188.62  PRESS =     0.0
 Etot   =    -37758.7405  EKtot   =     11781.7061  EPtot      =    -49540.4466
 BOND   =      7706.7189  ANGLE   =         0.0000  DIHED      =         0.0000
 1-4 NB =         0.0000  1-4 EEL =         0.0000  VDWAALS    =      1006.7422
 EELEC  =    -58253.9077  EHBOND  =         0.0000  RESTRAINT  =         0.0000
 DV/DL  =        11.6638
 ------------------------------------------------------------------------------

  Softcore part of the system:      12 atoms,       TEMP(K)    =         130.22
 SC_Etot=        21.1347  SC_EKtot=         4.6581  SC_EPtot   =        16.4766
 SC_BOND=         1.7831  SC_ANGLE=         1.6041  SC_DIHED   =         0.4972
 SC_14NB=         0.6487  SC_14EEL=        42.1209  SC_VDW     =        -0.1134
 SC_EEL =       -30.0641
 SC_RES_DIST=     0.0000  SC_RES_ANG=       0.0000  SC_RES_TORS=         0.0000
 SC_EEL_DER=      1.2314  SC_VDW_DER=      -3.7145  SC_DERIV   =        -2.4831
 ------------------------------------------------------------------------------


| TI region  2


 NSTEP =   120000   TIME(PS) =     120.000  TEMP(K) =   188.65  PRESS =     0.0
 Etot   =    -37763.3986  EKtot   =     11777.0480  EPtot      =    -49540.4466
 BOND   =      7706.7189  ANGLE   =         0.0000  DIHED      =         0.0000
 1-4 NB =         0.0000  1-4 EEL =         0.0000  VDWAALS    =      1006.7422
 EELEC  =    -58253.9077  EHBOND  =         0.0000  RESTRAINT  =         0.0000
 DV/DL  =        11.6638
 ------------------------------------------------------------------------------

 NMR restraints: Bond =    0.000   Angle =     0.000   Torsion =     0.000
===============================================================================

| TI region  1


 NSTEP =   125000   TIME(PS) =     125.000  TEMP(K) =   196.92  PRESS =     0.0
 Etot   =    -36369.4097  EKtot   =     12300.1738  EPtot      =    -48669.5835
 BOND   =      7801.1916  ANGLE   =        -0.0000  DIHED      =        -0.0000
 1-4 NB =         0.0000  1-4 EEL =        -0.0000  VDWAALS    =       889.9828
 EELEC  =    -57360.7579  EHBOND  =         0.0000  RESTRAINT  =         0.0000
 DV/DL  =         8.2112
 ------------------------------------------------------------------------------

  Softcore part of the system:      12 atoms,       TEMP(K)    =         257.88
 SC_Etot=        28.1272  SC_EKtot=         9.2243  SC_EPtot   =        18.9029
 SC_BOND=         1.4262  SC_ANGLE=         4.0597  SC_DIHED   =         0.6668
 SC_14NB=         0.7804  SC_14EEL=        42.4046  SC_VDW     =        -0.1076
 SC_EEL =       -30.3272
 SC_RES_DIST=     0.0000  SC_RES_ANG=       0.0000  SC_RES_TORS=         0.0000
 SC_EEL_DER=      1.1331  SC_VDW_DER=      -6.1133  SC_DERIV   =        -4.9802
 ------------------------------------------------------------------------------


| TI region  2


 NSTEP =   125000   TIME(PS) =     125.000  TEMP(K) =   196.89  PRESS =     0.0
 Etot   =    -36378.6340  EKtot   =     12290.9495  EPtot      =    -48669.5835
 BOND   =      7801.1916  ANGLE   =        -0.0000  DIHED      =        -0.0000
 1-4 NB =         0.0000  1-4 EEL =        -0.0000  VDWAALS    =       889.9828
 EELEC  =    -57360.7579  EHBOND  =         0.0000  RESTRAINT  =         0.0000
 DV/DL  =         8.2112
 ------------------------------------------------------------------------------

 NMR restraints: Bond =    0.000   Angle =     0.000   Torsion =     0.000
===============================================================================

| TI region  1


 NSTEP =   130000   TIME(PS) =     130.000  TEMP(K) =   205.85  PRESS =     0.0
 Etot   =    -35301.8156  EKtot   =     12857.7334  EPtot      =    -48159.5490
 BOND   =      7995.0822  ANGLE   =        -0.0000  DIHED      =         0.0000
 1-4 NB =         0.0000  1-4 EEL =         0.0000  VDWAALS    =       689.1639
 EELEC  =    -56843.7951  EHBOND  =         0.0000  RESTRAINT  =         0.0000
 DV/DL  =        10.3987
 ------------------------------------------------------------------------------

  Softcore part of the system:      12 atoms,       TEMP(K)    =         267.85
 SC_Etot=        29.3546  SC_EKtot=         9.5810  SC_EPtot   =        19.7736
 SC_BOND=         2.4174  SC_ANGLE=         4.7497  SC_DIHED   =         0.3779
 SC_14NB=         0.7707  SC_14EEL=        42.1157  SC_VDW     =        -0.1124
 SC_EEL =       -30.5453
 SC_RES_DIST=     0.0000  SC_RES_ANG=       0.0000  SC_RES_TORS=         0.0000
 SC_EEL_DER=     -0.0150  SC_VDW_DER=      -0.7847  SC_DERIV   =        -0.7997
 ------------------------------------------------------------------------------


| TI region  2


 NSTEP =   130000   TIME(PS) =     130.000  TEMP(K) =   205.81  PRESS =     0.0
 Etot   =    -35311.3965  EKtot   =     12848.1524  EPtot      =    -48159.5490
 BOND   =      7995.0822  ANGLE   =        -0.0000  DIHED      =         0.0000
 1-4 NB =         0.0000  1-4 EEL =         0.0000  VDWAALS    =       689.1639
 EELEC  =    -56843.7951  EHBOND  =         0.0000  RESTRAINT  =         0.0000
 DV/DL  =        10.3987
 ------------------------------------------------------------------------------

 NMR restraints: Bond =    0.000   Angle =     0.000   Torsion =     0.000
===============================================================================

| TI region  1


 NSTEP =   135000   TIME(PS) =     135.000  TEMP(K) =   210.25  PRESS =     0.0
 Etot   =    -34225.5102  EKtot   =     13132.8311  EPtot      =    -47358.3412
 BOND   =      8098.5776  ANGLE   =         0.0000  DIHED      =         0.0000
 1-4 NB =         0.0000  1-4 EEL =         0.0000  VDWAALS    =       657.3882
 EELEC  =    -56114.3070  EHBOND  =         0.0000  RESTRAINT  =         0.0000
 DV/DL  =         8.6923
 ------------------------------------------------------------------------------

  Softcore part of the system:      12 atoms,       TEMP(K)    =         303.76
 SC_Etot=        28.1753  SC_EKtot=        10.8655  SC_EPtot   =        17.3098
 SC_BOND=         1.9581  SC_ANGLE=         2.5998  SC_DIHED   =         0.3137
 SC_14NB=         0.6834  SC_14EEL=        41.9195  SC_VDW     =        -0.1065
 SC_EEL =       -30.0581
 SC_RES_DIST=     0.0000  SC_RES_ANG=       0.0000  SC_RES_TORS=         0.0000
 SC_EEL_DER=      2.1495  SC_VDW_DER=      -5.9077  SC_DERIV   =        -3.7583
 ------------------------------------------------------------------------------


| TI region  2


 NSTEP =   135000   TIME(PS) =     135.000  TEMP(K) =   210.20  PRESS =     0.0
 Etot   =    -34236.3757  EKtot   =     13121.9655  EPtot      =    -47358.3412
 BOND   =      8098.5776  ANGLE   =         0.0000  DIHED      =         0.0000
 1-4 NB =         0.0000  1-4 EEL =         0.0000  VDWAALS    =       657.3882
 EELEC  =    -56114.3070  EHBOND  =         0.0000  RESTRAINT  =         0.0000
 DV/DL  =         8.6923
 ------------------------------------------------------------------------------

 NMR restraints: Bond =    0.000   Angle =     0.000   Torsion =     0.000
===============================================================================

| TI region  1


 NSTEP =   140000   TIME(PS) =     140.000  TEMP(K) =   221.68  PRESS =     0.0
 Etot   =    -32585.7623  EKtot   =     13846.4609  EPtot      =    -46432.2232
 BOND   =      8266.7455  ANGLE   =        -0.0000  DIHED      =        -0.0000
 1-4 NB =         0.0000  1-4 EEL =        -0.0000  VDWAALS    =       577.0989
 EELEC  =    -55276.0676  EHBOND  =         0.0000  RESTRAINT  =         0.0000
 DV/DL  =         9.8029
 ------------------------------------------------------------------------------

  Softcore part of the system:      12 atoms,       TEMP(K)    =         324.15
 SC_Etot=        29.4993  SC_EKtot=        11.5945  SC_EPtot   =        17.9048
 SC_BOND=         2.3605  SC_ANGLE=         2.3533  SC_DIHED   =         0.4464
 SC_14NB=         0.5093  SC_14EEL=        39.6349  SC_VDW     =        -0.1081
 SC_EEL =       -27.2915
 SC_RES_DIST=     0.0000  SC_RES_ANG=       0.0000  SC_RES_TORS=         0.0000
 SC_EEL_DER=      0.6958  SC_VDW_DER=      -2.4397  SC_DERIV   =        -1.7439
 ------------------------------------------------------------------------------


| TI region  2


 NSTEP =   140000   TIME(PS) =     140.000  TEMP(K) =   221.62  PRESS =     0.0
 Etot   =    -32597.3568  EKtot   =     13834.8664  EPtot      =    -46432.2232
 BOND   =      8266.7455  ANGLE   =        -0.0000  DIHED      =        -0.0000
 1-4 NB =         0.0000  1-4 EEL =        -0.0000  VDWAALS    =       577.0989
 EELEC  =    -55276.0676  EHBOND  =         0.0000  RESTRAINT  =         0.0000
 DV/DL  =         9.8029
 ------------------------------------------------------------------------------

 NMR restraints: Bond =    0.000   Angle =     0.000   Torsion =     0.000
===============================================================================

| TI region  1


 NSTEP =   145000   TIME(PS) =     145.000  TEMP(K) =   227.67  PRESS =     0.0
 Etot   =    -31504.3451  EKtot   =     14221.0059  EPtot      =    -45725.3509
 BOND   =      8503.8242  ANGLE   =         0.0000  DIHED      =        -0.0000
 1-4 NB =         0.0000  1-4 EEL =         0.0000  VDWAALS    =       395.1190
 EELEC  =    -54624.2941  EHBOND  =         0.0000  RESTRAINT  =         0.0000
 DV/DL  =        12.4802
 ------------------------------------------------------------------------------

  Softcore part of the system:      12 atoms,       TEMP(K)    =         253.69
 SC_Etot=        27.1549  SC_EKtot=         9.0745  SC_EPtot   =        18.0804
 SC_BOND=         1.7287  SC_ANGLE=         1.6917  SC_DIHED   =         1.7513
 SC_14NB=         0.6250  SC_14EEL=        40.1637  SC_VDW     =        -0.1041
 SC_EEL =       -27.7758
 SC_RES_DIST=     0.0000  SC_RES_ANG=       0.0000  SC_RES_TORS=         0.0000
 SC_EEL_DER=      0.8131  SC_VDW_DER=      -2.9290  SC_DERIV   =        -2.1159
 ------------------------------------------------------------------------------


| TI region  2


 NSTEP =   145000   TIME(PS) =     145.000  TEMP(K) =   227.66  PRESS =     0.0
 Etot   =    -31513.4195  EKtot   =     14211.9314  EPtot      =    -45725.3509
 BOND   =      8503.8242  ANGLE   =         0.0000  DIHED      =        -0.0000
 1-4 NB =         0.0000  1-4 EEL =         0.0000  VDWAALS    =       395.1190
 EELEC  =    -54624.2941  EHBOND  =         0.0000  RESTRAINT  =         0.0000
 DV/DL  =        12.4802
 ------------------------------------------------------------------------------

 NMR restraints: Bond =    0.000   Angle =     0.000   Torsion =     0.000
===============================================================================

| TI region  1


 NSTEP =   150000   TIME(PS) =     150.000  TEMP(K) =   235.91  PRESS =     0.0
 Etot   =    -30430.9388  EKtot   =     14735.4326  EPtot      =    -45166.3714
 BOND   =      8474.5654  ANGLE   =        -0.0000  DIHED      =         0.0000
 1-4 NB =         0.0000  1-4 EEL =         0.0000  VDWAALS    =       362.4735
 EELEC  =    -54003.4104  EHBOND  =         0.0000  RESTRAINT  =         0.0000
 DV/DL  =         8.9390
 ------------------------------------------------------------------------------

  Softcore part of the system:      12 atoms,       TEMP(K)    =         138.07
 SC_Etot=        28.3437  SC_EKtot=         4.9388  SC_EPtot   =        23.4049
 SC_BOND=         2.5859  SC_ANGLE=         7.1638  SC_DIHED   =         0.4665
 SC_14NB=         1.0869  SC_14EEL=        43.0158  SC_VDW     =        -0.1300
 SC_EEL =       -30.7841
 SC_RES_DIST=     0.0000  SC_RES_ANG=       0.0000  SC_RES_TORS=         0.0000
 SC_EEL_DER=     -0.1314  SC_VDW_DER=      -3.7039  SC_DERIV   =        -3.8353
 ------------------------------------------------------------------------------


| TI region  2


 NSTEP =   150000   TIME(PS) =     150.000  TEMP(K) =   235.96  PRESS =     0.0
 Etot   =    -30435.8776  EKtot   =     14730.4938  EPtot      =    -45166.3714
 BOND   =      8474.5654  ANGLE   =        -0.0000  DIHED      =         0.0000
 1-4 NB =         0.0000  1-4 EEL =         0.0000  VDWAALS    =       362.4735
 EELEC  =    -54003.4104  EHBOND  =         0.0000  RESTRAINT  =         0.0000
 DV/DL  =         8.9390
 ------------------------------------------------------------------------------

 NMR restraints: Bond =    0.000   Angle =     0.000   Torsion =     0.000
===============================================================================

| TI region  1


 NSTEP =   155000   TIME(PS) =     155.000  TEMP(K) =   243.75  PRESS =     0.0
 Etot   =    -29173.4822  EKtot   =     15224.9854  EPtot      =    -44398.4675
 BOND   =      8648.4345  ANGLE   =         0.0000  DIHED      =         0.0000
 1-4 NB =         0.0000  1-4 EEL =         0.0000  VDWAALS    =       378.1812
 EELEC  =    -53425.0833  EHBOND  =         0.0000  RESTRAINT  =         0.0000
 DV/DL  =         5.9335
 ------------------------------------------------------------------------------

  Softcore part of the system:      12 atoms,       TEMP(K)    =         187.54
 SC_Etot=        25.0010  SC_EKtot=         6.7082  SC_EPtot   =        18.2928
 SC_BOND=         2.4216  SC_ANGLE=         2.2475  SC_DIHED   =         0.4108
 SC_14NB=         0.7614  SC_14EEL=        40.6892  SC_VDW     =        -0.1011
 SC_EEL =       -28.1365
 SC_RES_DIST=     0.0000  SC_RES_ANG=       0.0000  SC_RES_TORS=         0.0000
 SC_EEL_DER=      0.2332  SC_VDW_DER=      -5.4754  SC_DERIV   =        -5.2423
 ------------------------------------------------------------------------------


| TI region  2


 NSTEP =   155000   TIME(PS) =     155.000  TEMP(K) =   243.78  PRESS =     0.0
 Etot   =    -29180.1904  EKtot   =     15218.2771  EPtot      =    -44398.4675
 BOND   =      8648.4345  ANGLE   =         0.0000  DIHED      =         0.0000
 1-4 NB =         0.0000  1-4 EEL =         0.0000  VDWAALS    =       378.1812
 EELEC  =    -53425.0833  EHBOND  =         0.0000  RESTRAINT  =         0.0000
 DV/DL  =         5.9335
 ------------------------------------------------------------------------------

 NMR restraints: Bond =    0.000   Angle =     0.000   Torsion =     0.000
===============================================================================

| TI region  1


 NSTEP =   160000   TIME(PS) =     160.000  TEMP(K) =   249.24  PRESS =     0.0
 Etot   =    -28148.5136  EKtot   =     15567.9395  EPtot      =    -43716.4531
 BOND   =      8750.2809  ANGLE   =        -0.0000  DIHED      =         0.0000
 1-4 NB =         0.0000  1-4 EEL =         0.0000  VDWAALS    =       221.9914
 EELEC  =    -52688.7254  EHBOND  =         0.0000  RESTRAINT  =         0.0000
 DV/DL  =         9.2687
 ------------------------------------------------------------------------------

  Softcore part of the system:      12 atoms,       TEMP(K)    =         258.80
 SC_Etot=        29.0448  SC_EKtot=         9.2571  SC_EPtot   =        19.7877
 SC_BOND=         2.6810  SC_ANGLE=         3.4820  SC_DIHED   =         0.6361
 SC_14NB=         0.1613  SC_14EEL=        40.2359  SC_VDW     =        -0.0867
 SC_EEL =       -27.3218
 SC_RES_DIST=     0.0000  SC_RES_ANG=       0.0000  SC_RES_TORS=         0.0000
 SC_EEL_DER=      1.2388  SC_VDW_DER=      -4.1513  SC_DERIV   =        -2.9125
 ------------------------------------------------------------------------------


| TI region  2


 NSTEP =   160000   TIME(PS) =     160.000  TEMP(K) =   249.23  PRESS =     0.0
 Etot   =    -28157.7707  EKtot   =     15558.6824  EPtot      =    -43716.4531
 BOND   =      8750.2809  ANGLE   =        -0.0000  DIHED      =         0.0000
 1-4 NB =         0.0000  1-4 EEL =         0.0000  VDWAALS    =       221.9914
 EELEC  =    -52688.7254  EHBOND  =         0.0000  RESTRAINT  =         0.0000
 DV/DL  =         9.2687
 ------------------------------------------------------------------------------

 NMR restraints: Bond =    0.000   Angle =     0.000   Torsion =     0.000
===============================================================================

| TI region  1


 NSTEP =   165000   TIME(PS) =     165.000  TEMP(K) =   260.19  PRESS =     0.0
 Etot   =    -26599.5010  EKtot   =     16252.1162  EPtot      =    -42851.6172
 BOND   =      9249.4394  ANGLE   =        -0.0000  DIHED      =         0.0000
 1-4 NB =         0.0000  1-4 EEL =         0.0000  VDWAALS    =       161.0487
 EELEC  =    -52262.1053  EHBOND  =         0.0000  RESTRAINT  =         0.0000
 DV/DL  =        13.1357
 ------------------------------------------------------------------------------

  Softcore part of the system:      12 atoms,       TEMP(K)    =         285.49
 SC_Etot=        30.2702  SC_EKtot=        10.2120  SC_EPtot   =        20.0582
 SC_BOND=         2.6851  SC_ANGLE=         3.0734  SC_DIHED   =         1.6452
 SC_14NB=         0.2039  SC_14EEL=        40.3006  SC_VDW     =        -0.0991
 SC_EEL =       -27.7509
 SC_RES_DIST=     0.0000  SC_RES_ANG=       0.0000  SC_RES_TORS=         0.0000
 SC_EEL_DER=      0.1436  SC_VDW_DER=      -0.8692  SC_DERIV   =        -0.7256
 ------------------------------------------------------------------------------


| TI region  2


 NSTEP =   165000   TIME(PS) =     165.000  TEMP(K) =   260.18  PRESS =     0.0
 Etot   =    -26609.7129  EKtot   =     16241.9042  EPtot      =    -42851.6172
 BOND   =      9249.4394  ANGLE   =        -0.0000  DIHED      =         0.0000
 1-4 NB =         0.0000  1-4 EEL =         0.0000  VDWAALS    =       161.0487
 EELEC  =    -52262.1053  EHBOND  =         0.0000  RESTRAINT  =         0.0000
 DV/DL  =        13.1357
 ------------------------------------------------------------------------------

 NMR restraints: Bond =    0.000   Angle =     0.000   Torsion =     0.000
===============================================================================

| TI region  1


 NSTEP =   170000   TIME(PS) =     170.000  TEMP(K) =   269.73  PRESS =     0.0
 Etot   =    -25333.1577  EKtot   =     16847.7852  EPtot      =    -42180.9428
 BOND   =      9186.8903  ANGLE   =        -0.0000  DIHED      =         0.0000
 1-4 NB =         0.0000  1-4 EEL =         0.0000  VDWAALS    =       100.6806
 EELEC  =    -51468.5138  EHBOND  =         0.0000  RESTRAINT  =         0.0000
 DV/DL  =         9.6613
 ------------------------------------------------------------------------------

  Softcore part of the system:      12 atoms,       TEMP(K)    =         283.36
 SC_Etot=        32.7726  SC_EKtot=        10.1357  SC_EPtot   =        22.6369
 SC_BOND=         3.1887  SC_ANGLE=         6.4260  SC_DIHED   =         1.2202
 SC_14NB=         0.1180  SC_14EEL=        36.7238  SC_VDW     =        -0.0832
 SC_EEL =       -24.9566
 SC_RES_DIST=     0.0000  SC_RES_ANG=       0.0000  SC_RES_TORS=         0.0000
 SC_EEL_DER=      0.4399  SC_VDW_DER=      -2.1977  SC_DERIV   =        -1.7578
 ------------------------------------------------------------------------------


| TI region  2


 NSTEP =   170000   TIME(PS) =     170.000  TEMP(K) =   269.72  PRESS =     0.0
 Etot   =    -25343.2933  EKtot   =     16837.6495  EPtot      =    -42180.9428
 BOND   =      9186.8903  ANGLE   =        -0.0000  DIHED      =         0.0000
 1-4 NB =         0.0000  1-4 EEL =         0.0000  VDWAALS    =       100.6806
 EELEC  =    -51468.5138  EHBOND  =         0.0000  RESTRAINT  =         0.0000
 DV/DL  =         9.6613
 ------------------------------------------------------------------------------

 NMR restraints: Bond =    0.000   Angle =     0.000   Torsion =     0.000
===============================================================================

| TI region  1


 NSTEP =   175000   TIME(PS) =     175.000  TEMP(K) =   275.48  PRESS =     0.0
 Etot   =    -24476.6950  EKtot   =     17206.9766  EPtot      =    -41683.6715
 BOND   =      9322.9495  ANGLE   =        -0.0000  DIHED      =        -0.0000
 1-4 NB =         0.0000  1-4 EEL =         0.0000  VDWAALS    =       168.9244
 EELEC  =    -51175.5454  EHBOND  =         0.0000  RESTRAINT  =         0.0000
 DV/DL  =         1.1142
 ------------------------------------------------------------------------------

  Softcore part of the system:      12 atoms,       TEMP(K)    =         118.49
 SC_Etot=        25.0826  SC_EKtot=         4.2384  SC_EPtot   =        20.8442
 SC_BOND=         2.7683  SC_ANGLE=         5.5291  SC_DIHED   =         0.2383
 SC_14NB=         0.3605  SC_14EEL=        40.2226  SC_VDW     =        -0.0992
 SC_EEL =       -28.1755
 SC_RES_DIST=     0.0000  SC_RES_ANG=       0.0000  SC_RES_TORS=         0.0000
 SC_EEL_DER=      0.8399  SC_VDW_DER=      -8.4376  SC_DERIV   =        -7.5976
 ------------------------------------------------------------------------------


| TI region  2


 NSTEP =   175000   TIME(PS) =     175.000  TEMP(K) =   275.57  PRESS =     0.0
 Etot   =    -24480.9334  EKtot   =     17202.7381  EPtot      =    -41683.6715
 BOND   =      9322.9495  ANGLE   =        -0.0000  DIHED      =        -0.0000
 1-4 NB =         0.0000  1-4 EEL =         0.0000  VDWAALS    =       168.9244
 EELEC  =    -51175.5454  EHBOND  =         0.0000  RESTRAINT  =         0.0000
 DV/DL  =         1.1142
 ------------------------------------------------------------------------------

 NMR restraints: Bond =    0.000   Angle =     0.000   Torsion =     0.000
===============================================================================

| TI region  1


 NSTEP =   180000   TIME(PS) =     180.000  TEMP(K) =   281.16  PRESS =     0.0
 Etot   =    -23549.9202  EKtot   =     17561.9004  EPtot      =    -41111.8206
 BOND   =      9375.4416  ANGLE   =         0.0000  DIHED      =        -0.0000
 1-4 NB =         0.0000  1-4 EEL =         0.0000  VDWAALS    =        78.5447
 EELEC  =    -50565.8069  EHBOND  =         0.0000  RESTRAINT  =         0.0000
 DV/DL  =         3.4660
 ------------------------------------------------------------------------------

  Softcore part of the system:      12 atoms,       TEMP(K)    =         296.76
 SC_Etot=        34.3299  SC_EKtot=        10.6149  SC_EPtot   =        23.7149
 SC_BOND=         3.7318  SC_ANGLE=         6.8019  SC_DIHED   =         1.3829
 SC_14NB=         0.2514  SC_14EEL=        35.8674  SC_VDW     =        -0.1325
 SC_EEL =       -24.1880
 SC_RES_DIST=     0.0000  SC_RES_ANG=       0.0000  SC_RES_TORS=         0.0000
 SC_EEL_DER=      0.8826  SC_VDW_DER=      -7.0355  SC_DERIV   =        -6.1529
 ------------------------------------------------------------------------------


| TI region  2


 NSTEP =   180000   TIME(PS) =     180.000  TEMP(K) =   281.15  PRESS =     0.0
 Etot   =    -23560.5351  EKtot   =     17551.2854  EPtot      =    -41111.8206
 BOND   =      9375.4416  ANGLE   =         0.0000  DIHED      =        -0.0000
 1-4 NB =         0.0000  1-4 EEL =         0.0000  VDWAALS    =        78.5447
 EELEC  =    -50565.8069  EHBOND  =         0.0000  RESTRAINT  =         0.0000
 DV/DL  =         3.4660
 ------------------------------------------------------------------------------

 NMR restraints: Bond =    0.000   Angle =     0.000   Torsion =     0.000
===============================================================================

| TI region  1


 NSTEP =   185000   TIME(PS) =     185.000  TEMP(K) =   291.08  PRESS =     0.0
 Etot   =    -22272.8422  EKtot   =     18181.5117  EPtot      =    -40454.3539
 BOND   =      9669.2909  ANGLE   =         0.0000  DIHED      =         0.0000
 1-4 NB =         0.0000  1-4 EEL =         0.0000  VDWAALS    =        41.9074
 EELEC  =    -50165.5522  EHBOND  =         0.0000  RESTRAINT  =         0.0000
 DV/DL  =         4.9907
 ------------------------------------------------------------------------------

  Softcore part of the system:      12 atoms,       TEMP(K)    =         202.53
 SC_Etot=        25.5979  SC_EKtot=         7.2442  SC_EPtot   =        18.3536
 SC_BOND=         3.2035  SC_ANGLE=         2.1322  SC_DIHED   =         0.2590
 SC_14NB=         0.1641  SC_14EEL=        38.3144  SC_VDW     =        -0.1371
 SC_EEL =       -25.5824
 SC_RES_DIST=     0.0000  SC_RES_ANG=       0.0000  SC_RES_TORS=         0.0000
 SC_EEL_DER=      2.0209  SC_VDW_DER=      -7.6086  SC_DERIV   =        -5.5877
 ------------------------------------------------------------------------------


| TI region  2


 NSTEP =   185000   TIME(PS) =     185.000  TEMP(K) =   291.13  PRESS =     0.0
 Etot   =    -22280.0864  EKtot   =     18174.2675  EPtot      =    -40454.3539
 BOND   =      9669.2909  ANGLE   =         0.0000  DIHED      =         0.0000
 1-4 NB =         0.0000  1-4 EEL =         0.0000  VDWAALS    =        41.9074
 EELEC  =    -50165.5522  EHBOND  =         0.0000  RESTRAINT  =         0.0000
 DV/DL  =         4.9907
 ------------------------------------------------------------------------------

 NMR restraints: Bond =    0.000   Angle =     0.000   Torsion =     0.000
===============================================================================

| TI region  1


 NSTEP =   190000   TIME(PS) =     190.000  TEMP(K) =   297.66  PRESS =     0.0
 Etot   =    -21407.4616  EKtot   =     18592.5938  EPtot      =    -40000.0553
 BOND   =      9806.6506  ANGLE   =        -0.0000  DIHED      =         0.0000
 1-4 NB =         0.0000  1-4 EEL =         0.0000  VDWAALS    =       -11.2537
 EELEC  =    -49795.4523  EHBOND  =         0.0000  RESTRAINT  =         0.0000
 DV/DL  =        12.2183
 ------------------------------------------------------------------------------

  Softcore part of the system:      12 atoms,       TEMP(K)    =         270.59
 SC_Etot=        34.6623  SC_EKtot=         9.6787  SC_EPtot   =        24.9836
 SC_BOND=         4.1109  SC_ANGLE=         6.5846  SC_DIHED   =         2.0127
 SC_14NB=         0.3871  SC_14EEL=        36.7266  SC_VDW     =        -0.1242
 SC_EEL =       -24.7141
 SC_RES_DIST=     0.0000  SC_RES_ANG=       0.0000  SC_RES_TORS=         0.0000
 SC_EEL_DER=      0.5866  SC_VDW_DER=      -1.0252  SC_DERIV   =        -0.4386
 ------------------------------------------------------------------------------


| TI region  2


 NSTEP =   190000   TIME(PS) =     190.000  TEMP(K) =   297.68  PRESS =     0.0
 Etot   =    -21417.1403  EKtot   =     18582.9150  EPtot      =    -40000.0553
 BOND   =      9806.6506  ANGLE   =        -0.0000  DIHED      =         0.0000
 1-4 NB =         0.0000  1-4 EEL =         0.0000  VDWAALS    =       -11.2537
 EELEC  =    -49795.4523  EHBOND  =         0.0000  RESTRAINT  =         0.0000
 DV/DL  =        12.2183
 ------------------------------------------------------------------------------

 NMR restraints: Bond =    0.000   Angle =     0.000   Torsion =     0.000
===============================================================================

| TI region  1


 NSTEP =   195000   TIME(PS) =     195.000  TEMP(K) =   298.96  PRESS =     0.0
 Etot   =    -20978.4143  EKtot   =     18673.5801  EPtot      =    -39651.9944
 BOND   =     10036.0511  ANGLE   =        -0.0000  DIHED      =        -0.0000
 1-4 NB =         0.0000  1-4 EEL =         0.0000  VDWAALS    =       163.3122
 EELEC  =    -49851.3577  EHBOND  =         0.0000  RESTRAINT  =         0.0000
 DV/DL  =         4.5615
 ------------------------------------------------------------------------------

  Softcore part of the system:      12 atoms,       TEMP(K)    =         251.73
 SC_Etot=        27.0433  SC_EKtot=         9.0043  SC_EPtot   =        18.0390
 SC_BOND=         2.1605  SC_ANGLE=         2.6346  SC_DIHED   =         0.3967
 SC_14NB=         0.6464  SC_14EEL=        40.6796  SC_VDW     =        -0.1052
 SC_EEL =       -28.3735
 SC_RES_DIST=     0.0000  SC_RES_ANG=       0.0000  SC_RES_TORS=         0.0000
 SC_EEL_DER=     -0.1240  SC_VDW_DER=      -6.1114  SC_DERIV   =        -6.2355
 ------------------------------------------------------------------------------


| TI region  2


 NSTEP =   195000   TIME(PS) =     195.000  TEMP(K) =   298.98  PRESS =     0.0
 Etot   =    -20987.4186  EKtot   =     18664.5758  EPtot      =    -39651.9944
 BOND   =     10036.0511  ANGLE   =        -0.0000  DIHED      =        -0.0000
 1-4 NB =         0.0000  1-4 EEL =         0.0000  VDWAALS    =       163.3122
 EELEC  =    -49851.3577  EHBOND  =         0.0000  RESTRAINT  =         0.0000
 DV/DL  =         4.5615
 ------------------------------------------------------------------------------

 NMR restraints: Bond =    0.000   Angle =     0.000   Torsion =     0.000
===============================================================================

| TI region  1


 NSTEP =   200000   TIME(PS) =     200.000  TEMP(K) =   301.85  PRESS =     0.0
 Etot   =    -20875.9765  EKtot   =     18854.0430  EPtot      =    -39730.0194
 BOND   =      9772.8023  ANGLE   =         0.0000  DIHED      =         0.0000
 1-4 NB =         0.0000  1-4 EEL =         0.0000  VDWAALS    =       -58.1441
 EELEC  =    -49444.6776  EHBOND  =         0.0000  RESTRAINT  =         0.0000
 DV/DL  =         7.1332
 ------------------------------------------------------------------------------

  Softcore part of the system:      12 atoms,       TEMP(K)    =         207.58
 SC_Etot=        26.8830  SC_EKtot=         7.4252  SC_EPtot   =        19.4578
 SC_BOND=         0.7660  SC_ANGLE=         5.4294  SC_DIHED   =         0.6651
 SC_14NB=         0.4291  SC_14EEL=        37.5102  SC_VDW     =        -0.1017
 SC_EEL =       -25.2404
 SC_RES_DIST=     0.0000  SC_RES_ANG=       0.0000  SC_RES_TORS=         0.0000
 SC_EEL_DER=      0.7664  SC_VDW_DER=      -4.9447  SC_DERIV   =        -4.1783
 ------------------------------------------------------------------------------


| TI region  2


 NSTEP =   200000   TIME(PS) =     200.000  TEMP(K) =   301.90  PRESS =     0.0
 Etot   =    -20883.4016  EKtot   =     18846.6178  EPtot      =    -39730.0194
 BOND   =      9772.8023  ANGLE   =         0.0000  DIHED      =         0.0000
 1-4 NB =         0.0000  1-4 EEL =         0.0000  VDWAALS    =       -58.1441
 EELEC  =    -49444.6776  EHBOND  =         0.0000  RESTRAINT  =         0.0000
 DV/DL  =         7.1332
 ------------------------------------------------------------------------------

 NMR restraints: Bond =    0.000   Angle =     0.000   Torsion =     0.000
===============================================================================

| TI region  1


      A V E R A G E S   O V E R      40 S T E P S


 NSTEP =   200000   TIME(PS) =     200.000  TEMP(K) =   160.30  PRESS =     0.0
 Etot   =    -42100.6942  EKtot   =     10012.7804  EPtot      =    -52113.4746
 BOND   =      7110.7673  ANGLE   =        -0.0000  DIHED      =        -0.0000
 1-4 NB =         0.0000  1-4 EEL =         0.0000  VDWAALS    =      1959.1865
 EELEC  =    -61183.4284  EHBOND  =         0.0000  RESTRAINT  =         0.0000
 DV/DL  =         9.5556
 ------------------------------------------------------------------------------

 NMR restraints: Bond =    0.000   Angle =     0.000   Torsion =     0.000
===============================================================================
  Softcore part of the system:      12 atoms,       TEMP(K)    =         154.16
 SC_Etot=        23.5379  SC_EKtot=         5.5141  SC_EPtot   =        18.0238
 SC_BOND=         1.7205  SC_ANGLE=         2.5381  SC_DIHED   =         0.6845
 SC_14NB=         0.5188  SC_14EEL=        40.3863  SC_VDW     =        -0.0962
 SC_EEL =       -27.7282
 SC_RES_DIST=     0.0000  SC_RES_ANG=       0.0000  SC_RES_TORS=         0.0000
 SC_EEL_DER=      0.6825  SC_VDW_DER=      -2.7454  SC_DERIV   =        -2.0629
 ------------------------------------------------------------------------------


      R M S  F L U C T U A T I O N S


 NSTEP =   200000   TIME(PS) =     200.000  TEMP(K) =    90.16  PRESS =     0.0
 Etot   =     13576.0209  EKtot   =      5631.8165  EPtot      =      7956.5413
 BOND   =      1778.4948  ANGLE   =         0.0000  DIHED      =         0.0000
 1-4 NB =         0.0000  1-4 EEL =         0.0000  VDWAALS    =      1595.5869
 EELEC  =      7769.8194  EHBOND  =         0.0000  RESTRAINT  =         0.0000
 DV/DL  =         2.8285
 ------------------------------------------------------------------------------

  Softcore part of the system:      12 atoms,       TEMP(K)    =          89.92
 SC_Etot=         5.3293  SC_EKtot=         3.2163  SC_EPtot   =         2.5854
 SC_BOND=         1.0318  SC_ANGLE=         1.8795  SC_DIHED   =         0.4917
 SC_14NB=         0.2765  SC_14EEL=         1.8189  SC_VDW     =         0.0161
 SC_EEL =         1.8459
 SC_RES_DIST=     0.0000  SC_RES_ANG=       0.0000  SC_RES_TORS=         0.0000
 SC_EEL_DER=      0.6675  SC_VDW_DER=       2.1899  SC_DERIV   =         2.0162
 ------------------------------------------------------------------------------


| TI region  2


      A V E R A G E S   O V E R      40 S T E P S


 NSTEP =   200000   TIME(PS) =     200.000  TEMP(K) =   160.30  PRESS =     0.0
 Etot   =    -42106.2083  EKtot   =     10007.2662  EPtot      =    -52113.4746
 BOND   =      7110.7673  ANGLE   =        -0.0000  DIHED      =        -0.0000
 1-4 NB =         0.0000  1-4 EEL =         0.0000  VDWAALS    =      1959.1865
 EELEC  =    -61183.4284  EHBOND  =         0.0000  RESTRAINT  =         0.0000
 DV/DL  =         9.5556
 ------------------------------------------------------------------------------

 NMR restraints: Bond =    0.000   Angle =     0.000   Torsion =     0.000
===============================================================================

      R M S  F L U C T U A T I O N S


 NSTEP =   200000   TIME(PS) =     200.000  TEMP(K) =    90.17  PRESS =     0.0
 Etot   =     13573.2918  EKtot   =      5629.0857  EPtot      =      7956.5413
 BOND   =      1778.4948  ANGLE   =         0.0000  DIHED      =         0.0000
 1-4 NB =         0.0000  1-4 EEL =         0.0000  VDWAALS    =      1595.5869
 EELEC  =      7769.8194  EHBOND  =         0.0000  RESTRAINT  =         0.0000
 DV/DL  =         2.8285
 ------------------------------------------------------------------------------


      DV/DL, AVERAGES OVER      40 STEPS


 NSTEP =   200000   TIME(PS) =     200.000  TEMP(K) =    90.17  PRESS =     0.0
 Etot   =         0.0000  EKtot   =         0.0000  EPtot      =         9.5556
 BOND   =         0.0000  ANGLE   =         0.0000  DIHED      =         0.0000
 1-4 NB =         0.0000  1-4 EEL =         0.0000  VDWAALS    =         8.6482
 EELEC  =         2.9704  EHBOND  =         0.0000  RESTRAINT  =         0.0000
 DV/DL  =         9.5556
 ------------------------------------------------------------------------------


 NMR restraints on final step:

--------------------------------------------------------------------------------
   5.  TIMINGS
--------------------------------------------------------------------------------

|  NonSetup CPU Time in Major Routines:
|
|     Routine           Sec        %
|     ------------------------------
|     Nonbond         146.59   28.51
|     Bond              0.00    0.00
|     Angle             0.00    0.00
|     Dihedral          0.00    0.00
|     Shake             0.00    0.00
|     RunMD           366.87   71.35
|     Other             0.70    0.14
|     ------------------------------
|     Total           514.16

|  PME Nonbond Pairlist CPU Time:
|
|     Routine              Sec        %
|     ---------------------------------
|     Set Up Cit           0.00    0.00
|     Build List           0.00    0.00
|     ---------------------------------
|     Total                0.00    0.00

|  PME Direct Force CPU Time:
|
|     Routine              Sec        %
|     ---------------------------------
|     NonBonded Calc       0.00    0.00
|     Exclude Masked       0.00    0.00
|     Other                0.47    0.09
|     ---------------------------------
|     Total                0.47    0.09

|  PME Reciprocal Force CPU Time:
|
|     Routine              Sec        %
|     ---------------------------------
|     1D bspline           0.00    0.00
|     Grid Charges         0.00    0.00
|     Scalar Sum           0.00    0.00
|     Gradient Sum         0.00    0.00
|     FFT                  0.00    0.00
|     ---------------------------------
|     Total                0.00    0.00

|  Final Performance Info:
|     -----------------------------------------------------
|     Average timings for last       1 steps:
|     Elapsed(s) =       0.00 Per Step(ms) =       1.86
|         ns/day =      46.35   seconds/ns =    1864.01
|
|     Average timings for all steps:
|     Elapsed(s) =     514.25 Per Step(ms) =       2.57
|         ns/day =      33.60   seconds/ns =    2571.27
|     -----------------------------------------------------

|  Setup CPU time:            0.47 seconds
|  NonSetup CPU time:       514.16 seconds
|  Total CPU time:          514.63 seconds     0.14 hours

|  Setup wall time:           0    seconds
|  NonSetup wall time:      514    seconds
|  Total wall time:         514    seconds     0.14 hours
