
          -------------------------------------------------------
          Amber 18 PMEMD                              2018
          -------------------------------------------------------

| PMEMD implementation of SANDER, Release 18

| Run on 07/20/2020 at 15:02:54

|   Executable path: /opt/software/Amber/18-foss-2018b-AmberTools-19/bin/pmemd.cuda
| Working directory: /mnt/gs18/scratch/users/songlin3/run/ti_en/tip3p_gas/step1/0.68392
|          Hostname: lac-140

  [-O]verwriting output

File Assignments:
|   MDIN: heat.in                                                               
|  MDOUT: heat.out                                                              
| INPCRD: min.rst                                                               
|   PARM: en_step1_final.prmtop                                                 
| RESTRT: heat.rst                                                              
|   REFC: min.rst                                                               
|  MDVEL: mdvel                                                                 
|   MDEN: mden                                                                  
|  MDCRD: heat.netcdf                                                           
| MDINFO: heat.mdinfo                                                           
|  MDFRC: mdfrc                                                                 


 Here is the input file:

nvt for free MD                                                                
 &cntrl                                                                        
  imin=0,                                                                      
  irest=0,                                                                     
  ntx=1,                                                                       
  ig=-1,                                                                       
  nstlim=100000,                                                               
  dt=0.002,                                                                    
  cut=10.0,                                                                    
  ntc=2,                                                                       
  ntf=2,                                                                       
  ntb=1,                                                                       
  ntt=3,                                                                       
  gamma_ln=2.0,                                                                
  tempi=0.0,                                                                   
  temp0=300.0,                                                                 
  ntpr=5000,                                                                   
  ntwr=5000,                                                                   
  ntwx=10000,                                                                  
  ntwv=0,                                                                      
  ioutfm=1,                                                                    
  iwrap=0,                                                                     
  nmropt=1,                                                                    
  ifsc = 0, icfe=1,                                                            
  clambda=0.68392,                                                             
  timask1=':1',                                                                
  timask2=':2', crgmask = ':2',                                                
/                                                                              
&wt TYPE='TEMP0', istep1=0, istep2=90000, value1=0.0, value2=300.0 /           
&wt TYPE='TEMP0', istep1=90001, istep2=100000, value1=300.0, value2=300.0 /    
&wt TYPE='DUMPFREQ', istep1=10000, /                                           
&wt TYPE='END', /                                                              


Note: ig = -1. Setting random seed to   785586 based on wallclock time in 
      microseconds.
| irandom = 1, using AMBER's internal random number generator (default).
 
|--------------------- INFORMATION ----------------------
| GPU (CUDA) Version of PMEMD in use: NVIDIA GPU IN USE.
|                    Version 18.0.0
| 
|                      03/25/2018
| 
| Implementation by:
|                    Ross C. Walker     (SDSC)
|                    Scott Le Grand     (nVIDIA)
| 
| Version 18 performance extensions by:
|                    David Cerutti     (Rutgers)
| 
| Precision model in use:
|      [SPFP] - Single Precision Forces, 64-bit Fixed Point
|               Accumulation. (Default)
| 
|--------------------------------------------------------
 
|----------------- CITATION INFORMATION -----------------
|
|    When publishing work that utilized the CUDA version
|    of AMBER, please cite the following in addition to
|    the regular AMBER citations:
|
|  - Romelia Salomon-Ferrer; Andreas W. Goetz; Duncan
|    Poole; Scott Le Grand; Ross C. Walker "Routine
|    microsecond molecular dynamics simulations with
|    AMBER - Part II: Particle Mesh Ewald", J. Chem.
|    Theory Comput., 2013, 9 (9), pp3878-3888,
|    DOI: 10.1021/ct400314y.
|
|  - Andreas W. Goetz; Mark J. Williamson; Dong Xu;
|    Duncan Poole; Scott Le Grand; Ross C. Walker
|    "Routine microsecond molecular dynamics simulations
|    with AMBER - Part I: Generalized Born", J. Chem.
|    Theory Comput., 2012, 8 (5), pp1542-1555.
|
|  - Scott Le Grand; Andreas W. Goetz; Ross C. Walker
|    "SPFP: Speed without compromise - a mixed precision
|    model for GPU accelerated molecular dynamics
|    simulations.", Comp. Phys. Comm., 2013, 184
|    pp374-380, DOI: 10.1016/j.cpc.2012.09.022
|
|    When publishing work that utilized the CUDA version
|    of TI, BAR, MBAR or FEP please cite the following 
|    three publications in addition to the regular AMBER 
|    GPU citations:
|
|  - Daniel J. Mermelstein; Charles Lin; Gard Nelson; 
|    Rachael Kretsch; J. Andrew McCammon; Ross C. Walker
|    "Fast and Flexible GPU Accelerated Binding 
|    Free Energy Calculations within the AMBER Molecular
|    Dynamics Package" J. Comp. Chem., 2018,
|    DOI: 10.1002/jcc.25187
|
|  - Tai-Sung Lee; Yuan Hu; Brad Sherborne; Zhuyan Guo;
|    Darrin M. York
|    "Toward Fast and Accurate Binding Affinity Prediction with
|    pmemdGTI: An Efficient Implementation of GPU-Accelerated
|    Thermodynamic Integration"
|    J. Chem. Theory Comput., 2017, 13 (7), 3077
|
|
|--------------------------------------------------------
 
|------------------- GPU DEVICE INFO --------------------
|
|            CUDA_VISIBLE_DEVICES: 0
|   CUDA Capable Devices Detected:      1
|           CUDA Device ID in use:      0
|                CUDA Device Name: Tesla K80
|     CUDA Device Global Mem Size:  11441 MB
| CUDA Device Num Multiprocessors:     13
|           CUDA Device Core Freq:   0.82 GHz
|
|--------------------------------------------------------
 
 
| Conditional Compilation Defines Used:
| PUBFFT
| BINTRAJ
| CUDA
| EMIL

| Largest sphere to fit in unit cell has radius =    27.375

| New format PARM file being parsed.
| Version =    1.000 Date = 07/20/20 Time = 14:54:09

| Note: 1-4 EEL scale factors are being read from the topology file.

| Note: 1-4 VDW scale factors are being read from the topology file.
| Duplicated    0 dihedrals

| Duplicated    0 dihedrals

--------------------------------------------------------------------------------
   1.  RESOURCE   USE: 
--------------------------------------------------------------------------------

 getting box info from netcdf restart file
 NATOM  =      24 NTYPES =       6 NBONH =      16 MBONA  =       6
 NTHETH =      32 MTHETA =       4 NPHIH =      40 MPHIA  =       2
 NHPARM =       0 NPARM  =       0 NNB   =     102 NRES   =       2
 NBONA  =       6 NTHETA =       4 NPHIA =       2 NUMBND =       4
 NUMANG =       6 NPTRA  =       2 NATYP =       6 NPHB   =       1
 IFBOX  =       2 NMXRS  =      12 IFCAP =       0 NEXTRA =       0
 NCOPY  =       0

| Coordinate Index Table dimensions:    10   10   10
| Direct force subcell size =     6.7054    6.7054    6.7054

     BOX TYPE: TRUNCATED OCTAHEDRON

--------------------------------------------------------------------------------
   2.  CONTROL  DATA  FOR  THE  RUN
--------------------------------------------------------------------------------

default_name                                                                    

General flags:
     imin    =       0, nmropt  =       1

Nature and format of input:
     ntx     =       1, irest   =       0, ntrx    =       1

Nature and format of output:
     ntxo    =       2, ntpr    =    5000, ntrx    =       1, ntwr    =    5000
     iwrap   =       0, ntwx    =   10000, ntwv    =       0, ntwe    =       0
     ioutfm  =       1, ntwprt  =       0, idecomp =       0, rbornstat=      0

Potential function:
     ntf     =       2, ntb     =       1, igb     =       0, nsnb    =      25
     ipol    =       0, gbsa    =       0, iesp    =       0
     dielc   =   1.00000, cut     =  10.00000, intdiel =   1.00000

Frozen or restrained atoms:
     ibelly  =       0, ntr     =       0

Molecular dynamics:
     nstlim  =    100000, nscm    =      1000, nrespa  =         1
     t       =   0.00000, dt      =   0.00200, vlimit  =  -1.00000

Langevin dynamics temperature regulation:
     ig      =  785586
     temp0   = 300.00000, tempi   =   0.00000, gamma_ln=   2.00000

SHAKE:
     ntc     =       2, jfastw  =       0
     tol     =   0.00001

NMR refinement options:
     iscale  =       0, noeskp  =       1, ipnlty  =       1, mxsub   =       1
     scalm   = 100.00000, pencut  =   0.10000, tausw   =   0.10000

Free energy options:
     icfe    =       1, ifsc    =       0, klambda =       1
     clambda =  0.6839, scalpha =  0.5000, scbeta  = 12.0000
     sceeorder =       2
     dynlmb =  0.0000 logdvdl =       0

| Intermolecular bonds treatment:
|     no_intermolecular_bonds =       1

| Energy averages sample interval:
|     ene_avg_sampling =    5000

Ewald parameters:
     verbose =       0, ew_type =       0, nbflag  =       1, use_pme =       1
     vdwmeth =       1, eedmeth =       1, netfrc  =       1
     Box X =   67.054   Box Y =   67.054   Box Z =   67.054
     Alpha =  109.471   Beta  =  109.471   Gamma =  109.471
     NFFT1 =   64       NFFT2 =   64       NFFT3 =   64
     Cutoff=   10.000   Tol   =0.100E-04
     Ewald Coefficient =  0.27511
     Interpolation order =    4
     TI Mask 1 :1; matches     12 atoms
     TI Mask 2 :2; matches     12 atoms
     TI region 1:      12 atoms
     TI region 2:      12 atoms
Removing charge of      -0.6664 from atom      13
Removing charge of      -0.6664 from atom      14
Removing charge of      -0.0664 from atom      15
Removing charge of      -0.0664 from atom      16
Removing charge of       0.2792 from atom      17
Removing charge of       0.2802 from atom      18
Removing charge of       0.2802 from atom      19
Removing charge of       0.2792 from atom      20
Removing charge of       0.0898 from atom      21
Removing charge of       0.0837 from atom      22
Removing charge of       0.0898 from atom      23
Removing charge of       0.0837 from atom      24
Total charge of  -0.00000000 removed from      12 atoms
     Checking for mismatched coordinates.

--------------------------------------------------------------------------------
   3.  ATOMIC COORDINATES AND VELOCITIES
--------------------------------------------------------------------------------

default_name                                                                    
 begin time read from input coords =     0.000 ps



           Begin reading energy term weight changes/NMR restraints
 WEIGHT CHANGES:
 TEMP0         0  90000    0.000000  300.000000      0      0
 TEMP0     90001 100000  300.000000  300.000000      0      0
 DUMPFREQ  10000      0    0.000000    0.000000      0      0

 RESTRAINTS:
                          ** No restraint defined **

                  Done reading weight changes/NMR restraints


 
 Number of triangulated 3-point waters found:        0

     Sum of charges for TI region  1 =  -0.00000000
     Forcing neutrality...


     Sum of charges for TI region  2 =   0.00000000
     Forcing neutrality...

| Dynamic Memory, Types Used:
| Reals              144505
| Integers             2423

| Nonbonded Pairs Initial Allocation:        7259

| GPU memory information (estimate):
| KB of GPU memory in use:         0
| KB of CPU memory in use:         0

--------------------------------------------------------------------------------
   4.  RESULTS
--------------------------------------------------------------------------------


| TI region  1


 NSTEP =        0   TIME(PS) =       0.000  TEMP(K) =     0.00  PRESS =     0.0
 Etot   =         4.7049  EKtot   =         0.0000  EPtot      =         4.7049
 BOND   =         0.0106  ANGLE   =         0.0500  DIHED      =         0.1116
 1-4 NB =         0.3032  1-4 EEL =        12.8337  VDWAALS    =        -0.0813
 EELEC  =        -8.5228  EHBOND  =         0.0000  RESTRAINT  =         0.0000
 DV/DL  =       -13.6386
 ------------------------------------------------------------------------------


| TI region  2


 NSTEP =        0   TIME(PS) =       0.000  TEMP(K) =     0.00  PRESS =     0.0
 Etot   =         4.7049  EKtot   =         0.0000  EPtot      =         4.7049
 BOND   =         0.0106  ANGLE   =         0.0500  DIHED      =         0.1116
 1-4 NB =         0.3032  1-4 EEL =        12.8337  VDWAALS    =        -0.0813
 EELEC  =        -8.5228  EHBOND  =         0.0000  RESTRAINT  =         0.0000
 DV/DL  =       -13.6386
 ------------------------------------------------------------------------------

 NMR restraints: Bond =    0.000   Angle =     0.000   Torsion =     0.000
===============================================================================

| TI region  1


 NSTEP =     5000   TIME(PS) =      10.000  TEMP(K) =    19.94  PRESS =     0.0
 Etot   =         5.7081  EKtot   =         0.5547  EPtot      =         5.1534
 BOND   =         0.1160  ANGLE   =         0.3719  DIHED      =         0.3005
 1-4 NB =         0.2206  1-4 EEL =        12.7302  VDWAALS    =        -0.0801
 EELEC  =        -8.5056  EHBOND  =         0.0000  RESTRAINT  =         0.0000
 DV/DL  =       -13.3656
 ------------------------------------------------------------------------------


| TI region  2


 NSTEP =     5000   TIME(PS) =      10.000  TEMP(K) =    19.94  PRESS =     0.0
 Etot   =         5.7081  EKtot   =         0.5547  EPtot      =         5.1534
 BOND   =         0.1160  ANGLE   =         0.3719  DIHED      =         0.3005
 1-4 NB =         0.2206  1-4 EEL =        12.7302  VDWAALS    =        -0.0801
 EELEC  =        -8.5056  EHBOND  =         0.0000  RESTRAINT  =         0.0000
 DV/DL  =       -13.3656
 ------------------------------------------------------------------------------

 NMR restraints: Bond =    0.000   Angle =     0.000   Torsion =     0.000
===============================================================================

| TI region  1


 NSTEP =    10000   TIME(PS) =      20.000  TEMP(K) =    30.22  PRESS =     0.0
 Etot   =         5.9801  EKtot   =         0.8408  EPtot      =         5.1393
 BOND   =         0.0613  ANGLE   =         0.3070  DIHED      =         0.2455
 1-4 NB =         0.3763  1-4 EEL =        12.8129  VDWAALS    =        -0.0852
 EELEC  =        -8.5785  EHBOND  =         0.0000  RESTRAINT  =         0.0000
 DV/DL  =       -13.3966
 ------------------------------------------------------------------------------


| TI region  2


 NSTEP =    10000   TIME(PS) =      20.000  TEMP(K) =    30.22  PRESS =     0.0
 Etot   =         5.9801  EKtot   =         0.8408  EPtot      =         5.1393
 BOND   =         0.0613  ANGLE   =         0.3070  DIHED      =         0.2455
 1-4 NB =         0.3763  1-4 EEL =        12.8129  VDWAALS    =        -0.0852
 EELEC  =        -8.5785  EHBOND  =         0.0000  RESTRAINT  =         0.0000
 DV/DL  =       -13.3966
 ------------------------------------------------------------------------------

 NMR restraints: Bond =    0.000   Angle =     0.000   Torsion =     0.000
===============================================================================

| TI region  1


 NSTEP =    15000   TIME(PS) =      30.000  TEMP(K) =    43.35  PRESS =     0.0
 Etot   =         7.0482  EKtot   =         1.2061  EPtot      =         5.8420
 BOND   =         0.3322  ANGLE   =         0.5900  DIHED      =         0.5601
 1-4 NB =         0.1747  1-4 EEL =        12.6452  VDWAALS    =        -0.0790
 EELEC  =        -8.3811  EHBOND  =         0.0000  RESTRAINT  =         0.0000
 DV/DL  =       -13.4905
 ------------------------------------------------------------------------------


| TI region  2


 NSTEP =    15000   TIME(PS) =      30.000  TEMP(K) =    43.35  PRESS =     0.0
 Etot   =         7.0482  EKtot   =         1.2061  EPtot      =         5.8420
 BOND   =         0.3322  ANGLE   =         0.5900  DIHED      =         0.5601
 1-4 NB =         0.1747  1-4 EEL =        12.6452  VDWAALS    =        -0.0790
 EELEC  =        -8.3811  EHBOND  =         0.0000  RESTRAINT  =         0.0000
 DV/DL  =       -13.4905
 ------------------------------------------------------------------------------

 NMR restraints: Bond =    0.000   Angle =     0.000   Torsion =     0.000
===============================================================================

| TI region  1


 NSTEP =    20000   TIME(PS) =      40.000  TEMP(K) =   103.25  PRESS =     0.0
 Etot   =         8.2643  EKtot   =         2.8724  EPtot      =         5.3919
 BOND   =         0.1098  ANGLE   =         0.5585  DIHED      =         0.1020
 1-4 NB =         0.4182  1-4 EEL =        13.0069  VDWAALS    =        -0.0853
 EELEC  =        -8.7182  EHBOND  =         0.0000  RESTRAINT  =         0.0000
 DV/DL  =       -13.5684
 ------------------------------------------------------------------------------


| TI region  2


 NSTEP =    20000   TIME(PS) =      40.000  TEMP(K) =   103.25  PRESS =     0.0
 Etot   =         8.2643  EKtot   =         2.8724  EPtot      =         5.3919
 BOND   =         0.1098  ANGLE   =         0.5585  DIHED      =         0.1020
 1-4 NB =         0.4182  1-4 EEL =        13.0069  VDWAALS    =        -0.0853
 EELEC  =        -8.7182  EHBOND  =         0.0000  RESTRAINT  =         0.0000
 DV/DL  =       -13.5684
 ------------------------------------------------------------------------------

 NMR restraints: Bond =    0.000   Angle =     0.000   Torsion =     0.000
===============================================================================

| TI region  1


 NSTEP =    25000   TIME(PS) =      50.000  TEMP(K) =    99.73  PRESS =     0.0
 Etot   =         8.9095  EKtot   =         2.7745  EPtot      =         6.1349
 BOND   =         0.4455  ANGLE   =         1.0371  DIHED      =         0.0970
 1-4 NB =         0.4340  1-4 EEL =        12.7871  VDWAALS    =        -0.0818
 EELEC  =        -8.5839  EHBOND  =         0.0000  RESTRAINT  =         0.0000
 DV/DL  =       -13.2978
 ------------------------------------------------------------------------------


| TI region  2


 NSTEP =    25000   TIME(PS) =      50.000  TEMP(K) =    99.73  PRESS =     0.0
 Etot   =         8.9095  EKtot   =         2.7745  EPtot      =         6.1349
 BOND   =         0.4455  ANGLE   =         1.0371  DIHED      =         0.0970
 1-4 NB =         0.4340  1-4 EEL =        12.7871  VDWAALS    =        -0.0818
 EELEC  =        -8.5839  EHBOND  =         0.0000  RESTRAINT  =         0.0000
 DV/DL  =       -13.2978
 ------------------------------------------------------------------------------

 NMR restraints: Bond =    0.000   Angle =     0.000   Torsion =     0.000
===============================================================================

| TI region  1


 NSTEP =    30000   TIME(PS) =      60.000  TEMP(K) =   106.53  PRESS =     0.0
 Etot   =        10.1991  EKtot   =         2.9637  EPtot      =         7.2353
 BOND   =         0.2650  ANGLE   =         1.9822  DIHED      =         0.0716
 1-4 NB =         0.5860  1-4 EEL =        13.3112  VDWAALS    =        -0.0910
 EELEC  =        -8.8897  EHBOND  =         0.0000  RESTRAINT  =         0.0000
 DV/DL  =       -13.9885
 ------------------------------------------------------------------------------


| TI region  2


 NSTEP =    30000   TIME(PS) =      60.000  TEMP(K) =   106.53  PRESS =     0.0
 Etot   =        10.1991  EKtot   =         2.9637  EPtot      =         7.2353
 BOND   =         0.2650  ANGLE   =         1.9822  DIHED      =         0.0716
 1-4 NB =         0.5860  1-4 EEL =        13.3112  VDWAALS    =        -0.0910
 EELEC  =        -8.8897  EHBOND  =         0.0000  RESTRAINT  =         0.0000
 DV/DL  =       -13.9885
 ------------------------------------------------------------------------------

 NMR restraints: Bond =    0.000   Angle =     0.000   Torsion =     0.000
===============================================================================

| TI region  1


 NSTEP =    35000   TIME(PS) =      70.000  TEMP(K) =    87.16  PRESS =     0.0
 Etot   =         8.7022  EKtot   =         2.4250  EPtot      =         6.2773
 BOND   =         0.2670  ANGLE   =         1.2136  DIHED      =         0.1730
 1-4 NB =         0.3053  1-4 EEL =        12.8918  VDWAALS    =        -0.0846
 EELEC  =        -8.4890  EHBOND  =         0.0000  RESTRAINT  =         0.0000
 DV/DL  =       -13.9296
 ------------------------------------------------------------------------------


| TI region  2


 NSTEP =    35000   TIME(PS) =      70.000  TEMP(K) =    87.16  PRESS =     0.0
 Etot   =         8.7022  EKtot   =         2.4250  EPtot      =         6.2773
 BOND   =         0.2670  ANGLE   =         1.2136  DIHED      =         0.1730
 1-4 NB =         0.3053  1-4 EEL =        12.8918  VDWAALS    =        -0.0846
 EELEC  =        -8.4890  EHBOND  =         0.0000  RESTRAINT  =         0.0000
 DV/DL  =       -13.9296
 ------------------------------------------------------------------------------

 NMR restraints: Bond =    0.000   Angle =     0.000   Torsion =     0.000
===============================================================================

| TI region  1


 NSTEP =    40000   TIME(PS) =      80.000  TEMP(K) =   108.74  PRESS =     0.0
 Etot   =         8.9612  EKtot   =         3.0252  EPtot      =         5.9360
 BOND   =         0.0066  ANGLE   =         1.1519  DIHED      =         0.4289
 1-4 NB =         0.2959  1-4 EEL =        12.5983  VDWAALS    =        -0.0811
 EELEC  =        -8.4644  EHBOND  =         0.0000  RESTRAINT  =         0.0000
 DV/DL  =       -13.0786
 ------------------------------------------------------------------------------


| TI region  2


 NSTEP =    40000   TIME(PS) =      80.000  TEMP(K) =   108.74  PRESS =     0.0
 Etot   =         8.9612  EKtot   =         3.0252  EPtot      =         5.9360
 BOND   =         0.0066  ANGLE   =         1.1519  DIHED      =         0.4289
 1-4 NB =         0.2959  1-4 EEL =        12.5983  VDWAALS    =        -0.0811
 EELEC  =        -8.4644  EHBOND  =         0.0000  RESTRAINT  =         0.0000
 DV/DL  =       -13.0786
 ------------------------------------------------------------------------------

 NMR restraints: Bond =    0.000   Angle =     0.000   Torsion =     0.000
===============================================================================

| TI region  1


 NSTEP =    45000   TIME(PS) =      90.000  TEMP(K) =   169.01  PRESS =     0.0
 Etot   =        15.6216  EKtot   =         4.7019  EPtot      =        10.9197
 BOND   =         1.0700  ANGLE   =         4.3410  DIHED      =         0.7395
 1-4 NB =         0.3231  1-4 EEL =        12.9308  VDWAALS    =        -0.0729
 EELEC  =        -8.4119  EHBOND  =         0.0000  RESTRAINT  =         0.0000
 DV/DL  =       -14.2970
 ------------------------------------------------------------------------------


| TI region  2


 NSTEP =    45000   TIME(PS) =      90.000  TEMP(K) =   169.01  PRESS =     0.0
 Etot   =        15.6216  EKtot   =         4.7019  EPtot      =        10.9197
 BOND   =         1.0700  ANGLE   =         4.3410  DIHED      =         0.7395
 1-4 NB =         0.3231  1-4 EEL =        12.9308  VDWAALS    =        -0.0729
 EELEC  =        -8.4119  EHBOND  =         0.0000  RESTRAINT  =         0.0000
 DV/DL  =       -14.2970
 ------------------------------------------------------------------------------

 NMR restraints: Bond =    0.000   Angle =     0.000   Torsion =     0.000
===============================================================================

| TI region  1


 NSTEP =    50000   TIME(PS) =     100.000  TEMP(K) =   216.05  PRESS =     0.0
 Etot   =        15.6188  EKtot   =         6.0108  EPtot      =         9.6080
 BOND   =         1.9760  ANGLE   =         2.7009  DIHED      =         0.3229
 1-4 NB =         0.2838  1-4 EEL =        13.4032  VDWAALS    =        -0.0862
 EELEC  =        -8.9926  EHBOND  =         0.0000  RESTRAINT  =         0.0000
 DV/DL  =       -13.9541
 ------------------------------------------------------------------------------


| TI region  2


 NSTEP =    50000   TIME(PS) =     100.000  TEMP(K) =   216.05  PRESS =     0.0
 Etot   =        15.6188  EKtot   =         6.0108  EPtot      =         9.6080
 BOND   =         1.9760  ANGLE   =         2.7009  DIHED      =         0.3229
 1-4 NB =         0.2838  1-4 EEL =        13.4032  VDWAALS    =        -0.0862
 EELEC  =        -8.9926  EHBOND  =         0.0000  RESTRAINT  =         0.0000
 DV/DL  =       -13.9541
 ------------------------------------------------------------------------------

 NMR restraints: Bond =    0.000   Angle =     0.000   Torsion =     0.000
===============================================================================

| TI region  1


 NSTEP =    55000   TIME(PS) =     110.000  TEMP(K) =   185.29  PRESS =     0.0
 Etot   =        13.8430  EKtot   =         5.1549  EPtot      =         8.6881
 BOND   =         0.5496  ANGLE   =         2.9498  DIHED      =         0.1725
 1-4 NB =         0.8463  1-4 EEL =        13.5163  VDWAALS    =        -0.0972
 EELEC  =        -9.2492  EHBOND  =         0.0000  RESTRAINT  =         0.0000
 DV/DL  =       -13.5000
 ------------------------------------------------------------------------------


| TI region  2


 NSTEP =    55000   TIME(PS) =     110.000  TEMP(K) =   185.29  PRESS =     0.0
 Etot   =        13.8430  EKtot   =         5.1549  EPtot      =         8.6881
 BOND   =         0.5496  ANGLE   =         2.9498  DIHED      =         0.1725
 1-4 NB =         0.8463  1-4 EEL =        13.5163  VDWAALS    =        -0.0972
 EELEC  =        -9.2492  EHBOND  =         0.0000  RESTRAINT  =         0.0000
 DV/DL  =       -13.5000
 ------------------------------------------------------------------------------

 NMR restraints: Bond =    0.000   Angle =     0.000   Torsion =     0.000
===============================================================================

| TI region  1


 NSTEP =    60000   TIME(PS) =     120.000  TEMP(K) =   237.81  PRESS =     0.0
 Etot   =        14.7235  EKtot   =         6.6160  EPtot      =         8.1074
 BOND   =         0.3029  ANGLE   =         2.0856  DIHED      =         0.4464
 1-4 NB =         1.0726  1-4 EEL =        13.4711  VDWAALS    =        -0.1061
 EELEC  =        -9.1651  EHBOND  =         0.0000  RESTRAINT  =         0.0000
 DV/DL  =       -13.6233
 ------------------------------------------------------------------------------


| TI region  2


 NSTEP =    60000   TIME(PS) =     120.000  TEMP(K) =   237.81  PRESS =     0.0
 Etot   =        14.7235  EKtot   =         6.6160  EPtot      =         8.1074
 BOND   =         0.3029  ANGLE   =         2.0856  DIHED      =         0.4464
 1-4 NB =         1.0726  1-4 EEL =        13.4711  VDWAALS    =        -0.1061
 EELEC  =        -9.1651  EHBOND  =         0.0000  RESTRAINT  =         0.0000
 DV/DL  =       -13.6233
 ------------------------------------------------------------------------------

 NMR restraints: Bond =    0.000   Angle =     0.000   Torsion =     0.000
===============================================================================

| TI region  1


 NSTEP =    65000   TIME(PS) =     130.000  TEMP(K) =   171.08  PRESS =     0.0
 Etot   =        14.2947  EKtot   =         4.7596  EPtot      =         9.5351
 BOND   =         0.1005  ANGLE   =         4.8096  DIHED      =         0.2349
 1-4 NB =         0.1244  1-4 EEL =        12.6084  VDWAALS    =        -0.0666
 EELEC  =        -8.2761  EHBOND  =         0.0000  RESTRAINT  =         0.0000
 DV/DL  =       -13.7066
 ------------------------------------------------------------------------------


| TI region  2


 NSTEP =    65000   TIME(PS) =     130.000  TEMP(K) =   171.08  PRESS =     0.0
 Etot   =        14.2947  EKtot   =         4.7596  EPtot      =         9.5351
 BOND   =         0.1005  ANGLE   =         4.8096  DIHED      =         0.2349
 1-4 NB =         0.1244  1-4 EEL =        12.6084  VDWAALS    =        -0.0666
 EELEC  =        -8.2761  EHBOND  =         0.0000  RESTRAINT  =         0.0000
 DV/DL  =       -13.7066
 ------------------------------------------------------------------------------

 NMR restraints: Bond =    0.000   Angle =     0.000   Torsion =     0.000
===============================================================================

| TI region  1


 NSTEP =    70000   TIME(PS) =     140.000  TEMP(K) =   204.81  PRESS =     0.0
 Etot   =        15.3446  EKtot   =         5.6981  EPtot      =         9.6465
 BOND   =         0.0563  ANGLE   =         4.4346  DIHED      =         0.3711
 1-4 NB =         0.5915  1-4 EEL =        13.1265  VDWAALS    =        -0.0844
 EELEC  =        -8.8492  EHBOND  =         0.0000  RESTRAINT  =         0.0000
 DV/DL  =       -13.5325
 ------------------------------------------------------------------------------


| TI region  2


 NSTEP =    70000   TIME(PS) =     140.000  TEMP(K) =   204.81  PRESS =     0.0
 Etot   =        15.3446  EKtot   =         5.6981  EPtot      =         9.6465
 BOND   =         0.0563  ANGLE   =         4.4346  DIHED      =         0.3711
 1-4 NB =         0.5915  1-4 EEL =        13.1265  VDWAALS    =        -0.0844
 EELEC  =        -8.8492  EHBOND  =         0.0000  RESTRAINT  =         0.0000
 DV/DL  =       -13.5325
 ------------------------------------------------------------------------------

 NMR restraints: Bond =    0.000   Angle =     0.000   Torsion =     0.000
===============================================================================

| TI region  1


 NSTEP =    75000   TIME(PS) =     150.000  TEMP(K) =   200.23  PRESS =     0.0
 Etot   =        13.2861  EKtot   =         5.5705  EPtot      =         7.7156
 BOND   =         0.3097  ANGLE   =         2.5280  DIHED      =         0.3920
 1-4 NB =         0.2280  1-4 EEL =        12.7169  VDWAALS    =        -0.0838
 EELEC  =        -8.3751  EHBOND  =         0.0000  RESTRAINT  =         0.0000
 DV/DL  =       -13.7362
 ------------------------------------------------------------------------------


| TI region  2


 NSTEP =    75000   TIME(PS) =     150.000  TEMP(K) =   200.23  PRESS =     0.0
 Etot   =        13.2861  EKtot   =         5.5705  EPtot      =         7.7156
 BOND   =         0.3097  ANGLE   =         2.5280  DIHED      =         0.3920
 1-4 NB =         0.2280  1-4 EEL =        12.7169  VDWAALS    =        -0.0838
 EELEC  =        -8.3751  EHBOND  =         0.0000  RESTRAINT  =         0.0000
 DV/DL  =       -13.7362
 ------------------------------------------------------------------------------

 NMR restraints: Bond =    0.000   Angle =     0.000   Torsion =     0.000
===============================================================================

| TI region  1


 NSTEP =    80000   TIME(PS) =     160.000  TEMP(K) =   247.16  PRESS =     0.0
 Etot   =        18.8442  EKtot   =         6.8761  EPtot      =        11.9681
 BOND   =         2.4936  ANGLE   =         3.6855  DIHED      =         1.0589
 1-4 NB =         0.6640  1-4 EEL =        13.5117  VDWAALS    =        -0.1032
 EELEC  =        -9.3425  EHBOND  =         0.0000  RESTRAINT  =         0.0000
 DV/DL  =       -13.1906
 ------------------------------------------------------------------------------


| TI region  2


 NSTEP =    80000   TIME(PS) =     160.000  TEMP(K) =   247.16  PRESS =     0.0
 Etot   =        18.8442  EKtot   =         6.8761  EPtot      =        11.9681
 BOND   =         2.4936  ANGLE   =         3.6855  DIHED      =         1.0589
 1-4 NB =         0.6640  1-4 EEL =        13.5117  VDWAALS    =        -0.1032
 EELEC  =        -9.3425  EHBOND  =         0.0000  RESTRAINT  =         0.0000
 DV/DL  =       -13.1906
 ------------------------------------------------------------------------------

 NMR restraints: Bond =    0.000   Angle =     0.000   Torsion =     0.000
===============================================================================

| TI region  1


 NSTEP =    85000   TIME(PS) =     170.000  TEMP(K) =   334.97  PRESS =     0.0
 Etot   =        20.2268  EKtot   =         9.3192  EPtot      =        10.9076
 BOND   =         0.6208  ANGLE   =         4.5426  DIHED      =         1.4162
 1-4 NB =         0.3583  1-4 EEL =        12.7966  VDWAALS    =        -0.0853
 EELEC  =        -8.7416  EHBOND  =         0.0000  RESTRAINT  =         0.0000
 DV/DL  =       -12.8289
 ------------------------------------------------------------------------------


| TI region  2


 NSTEP =    85000   TIME(PS) =     170.000  TEMP(K) =   334.97  PRESS =     0.0
 Etot   =        20.2268  EKtot   =         9.3192  EPtot      =        10.9076
 BOND   =         0.6208  ANGLE   =         4.5426  DIHED      =         1.4162
 1-4 NB =         0.3583  1-4 EEL =        12.7966  VDWAALS    =        -0.0853
 EELEC  =        -8.7416  EHBOND  =         0.0000  RESTRAINT  =         0.0000
 DV/DL  =       -12.8289
 ------------------------------------------------------------------------------

 NMR restraints: Bond =    0.000   Angle =     0.000   Torsion =     0.000
===============================================================================

| TI region  1


 NSTEP =    90000   TIME(PS) =     180.000  TEMP(K) =   371.28  PRESS =     0.0
 Etot   =        20.7434  EKtot   =        10.3293  EPtot      =        10.4141
 BOND   =         1.1849  ANGLE   =         3.0479  DIHED      =         1.6920
 1-4 NB =         0.1794  1-4 EEL =        12.4053  VDWAALS    =        -0.0972
 EELEC  =        -7.9982  EHBOND  =         0.0000  RESTRAINT  =         0.0000
 DV/DL  =       -13.9431
 ------------------------------------------------------------------------------


| TI region  2


 NSTEP =    90000   TIME(PS) =     180.000  TEMP(K) =   371.28  PRESS =     0.0
 Etot   =        20.7434  EKtot   =        10.3293  EPtot      =        10.4141
 BOND   =         1.1849  ANGLE   =         3.0479  DIHED      =         1.6920
 1-4 NB =         0.1794  1-4 EEL =        12.4053  VDWAALS    =        -0.0972
 EELEC  =        -7.9982  EHBOND  =         0.0000  RESTRAINT  =         0.0000
 DV/DL  =       -13.9431
 ------------------------------------------------------------------------------

 NMR restraints: Bond =    0.000   Angle =     0.000   Torsion =     0.000
===============================================================================

| TI region  1


 NSTEP =    95000   TIME(PS) =     190.000  TEMP(K) =   510.39  PRESS =     0.0
 Etot   =        25.2425  EKtot   =        14.1994  EPtot      =        11.0430
 BOND   =         0.6287  ANGLE   =         5.1617  DIHED      =         0.9826
 1-4 NB =         0.1768  1-4 EEL =        11.9209  VDWAALS    =        -0.0614
 EELEC  =        -7.7662  EHBOND  =         0.0000  RESTRAINT  =         0.0000
 DV/DL  =       -13.1443
 ------------------------------------------------------------------------------


| TI region  2


 NSTEP =    95000   TIME(PS) =     190.000  TEMP(K) =   510.39  PRESS =     0.0
 Etot   =        25.2425  EKtot   =        14.1994  EPtot      =        11.0430
 BOND   =         0.6287  ANGLE   =         5.1617  DIHED      =         0.9826
 1-4 NB =         0.1768  1-4 EEL =        11.9209  VDWAALS    =        -0.0614
 EELEC  =        -7.7662  EHBOND  =         0.0000  RESTRAINT  =         0.0000
 DV/DL  =       -13.1443
 ------------------------------------------------------------------------------

 NMR restraints: Bond =    0.000   Angle =     0.000   Torsion =     0.000
===============================================================================

| TI region  1


 NSTEP =   100000   TIME(PS) =     200.000  TEMP(K) =   213.20  PRESS =     0.0
 Etot   =        14.4248  EKtot   =         5.9314  EPtot      =         8.4934
 BOND   =         0.7952  ANGLE   =         2.8062  DIHED      =         0.2966
 1-4 NB =         0.2214  1-4 EEL =        12.6810  VDWAALS    =        -0.0672
 EELEC  =        -8.2396  EHBOND  =         0.0000  RESTRAINT  =         0.0000
 DV/DL  =       -14.0516
 ------------------------------------------------------------------------------


| TI region  2


 NSTEP =   100000   TIME(PS) =     200.000  TEMP(K) =   213.20  PRESS =     0.0
 Etot   =        14.4248  EKtot   =         5.9314  EPtot      =         8.4934
 BOND   =         0.7952  ANGLE   =         2.8062  DIHED      =         0.2966
 1-4 NB =         0.2214  1-4 EEL =        12.6810  VDWAALS    =        -0.0672
 EELEC  =        -8.2396  EHBOND  =         0.0000  RESTRAINT  =         0.0000
 DV/DL  =       -14.0516
 ------------------------------------------------------------------------------

 NMR restraints: Bond =    0.000   Angle =     0.000   Torsion =     0.000
===============================================================================

| TI region  1


      A V E R A G E S   O V E R      20 S T E P S


 NSTEP =   100000   TIME(PS) =     200.000  TEMP(K) =   183.01  PRESS =     0.0
 Etot   =        13.2993  EKtot   =         5.0915  EPtot      =         8.2078
 BOND   =         0.5846  ANGLE   =         2.5153  DIHED      =         0.5052
 1-4 NB =         0.3940  1-4 EEL =        12.8936  VDWAALS    =        -0.0840
 EELEC  =        -8.6009  EHBOND  =         0.0000  RESTRAINT  =         0.0000
 DV/DL  =       -13.5812
 ------------------------------------------------------------------------------

 NMR restraints: Bond =    0.000   Angle =     0.000   Torsion =     0.000
===============================================================================

      R M S  F L U C T U A T I O N S


 NSTEP =   100000   TIME(PS) =     200.000  TEMP(K) =   118.16  PRESS =     0.0
 Etot   =         5.1999  EKtot   =         3.2873  EPtot      =         2.1731
 BOND   =         0.6416  ANGLE   =         1.5583  DIHED      =         0.4398
 1-4 NB =         0.2402  1-4 EEL =         0.3969  VDWAALS    =         0.0113
 EELEC  =         0.3932  EHBOND  =         0.0000  RESTRAINT  =         0.0000
 DV/DL  =         0.3656
 ------------------------------------------------------------------------------


| TI region  2


      A V E R A G E S   O V E R      20 S T E P S


 NSTEP =   100000   TIME(PS) =     200.000  TEMP(K) =   183.01  PRESS =     0.0
 Etot   =        13.2993  EKtot   =         5.0915  EPtot      =         8.2078
 BOND   =         0.5846  ANGLE   =         2.5153  DIHED      =         0.5052
 1-4 NB =         0.3940  1-4 EEL =        12.8936  VDWAALS    =        -0.0840
 EELEC  =        -8.6009  EHBOND  =         0.0000  RESTRAINT  =         0.0000
 DV/DL  =       -13.5812
 ------------------------------------------------------------------------------

 NMR restraints: Bond =    0.000   Angle =     0.000   Torsion =     0.000
===============================================================================

      R M S  F L U C T U A T I O N S


 NSTEP =   100000   TIME(PS) =     200.000  TEMP(K) =   118.16  PRESS =     0.0
 Etot   =         5.1999  EKtot   =         3.2873  EPtot      =         2.1731
 BOND   =         0.6416  ANGLE   =         1.5583  DIHED      =         0.4398
 1-4 NB =         0.2402  1-4 EEL =         0.3969  VDWAALS    =         0.0113
 EELEC  =         0.3932  EHBOND  =         0.0000  RESTRAINT  =         0.0000
 DV/DL  =         0.3656
 ------------------------------------------------------------------------------


      DV/DL, AVERAGES OVER      20 STEPS


 NSTEP =   100000   TIME(PS) =     200.000  TEMP(K) =   118.16  PRESS =     0.0
 Etot   =         0.0000  EKtot   =         0.0000  EPtot      =       -13.5812
 BOND   =         0.0000  ANGLE   =         0.0000  DIHED      =         0.0000
 1-4 NB =         0.0000  1-4 EEL =       -40.7923  VDWAALS    =         0.0000
 EELEC  =        27.2111  EHBOND  =         0.0000  RESTRAINT  =         0.0000
 DV/DL  =       -13.5812
 ------------------------------------------------------------------------------


 NMR restraints on final step:

--------------------------------------------------------------------------------
   5.  TIMINGS
--------------------------------------------------------------------------------

|  NonSetup CPU Time in Major Routines:
|
|     Routine           Sec        %
|     ------------------------------
|     Nonbond          25.12   35.67
|     Bond              0.00    0.00
|     Angle             0.00    0.00
|     Dihedral          0.00    0.00
|     Shake             0.74    1.05
|     RunMD            44.31   62.93
|     Other             0.25    0.36
|     ------------------------------
|     Total            70.42

|  PME Nonbond Pairlist CPU Time:
|
|     Routine              Sec        %
|     ---------------------------------
|     Set Up Cit           0.00    0.00
|     Build List           0.00    0.00
|     ---------------------------------
|     Total                0.00    0.00

|  PME Direct Force CPU Time:
|
|     Routine              Sec        %
|     ---------------------------------
|     NonBonded Calc       0.00    0.00
|     Exclude Masked       0.00    0.00
|     Other                0.18    0.25
|     ---------------------------------
|     Total                0.18    0.25

|  PME Reciprocal Force CPU Time:
|
|     Routine              Sec        %
|     ---------------------------------
|     1D bspline           0.00    0.00
|     Grid Charges         0.00    0.00
|     Scalar Sum           0.00    0.00
|     Gradient Sum         0.00    0.00
|     FFT                  0.00    0.00
|     ---------------------------------
|     Total                0.00    0.00

|  Final Performance Info:
|     -----------------------------------------------------
|     Average timings for last   15000 steps:
|     Elapsed(s) =      10.58 Per Step(ms) =       0.71
|         ns/day =     245.01   seconds/ns =     352.63
|
|     Average timings for all steps:
|     Elapsed(s) =      70.77 Per Step(ms) =       0.71
|         ns/day =     244.18   seconds/ns =     353.83
|     -----------------------------------------------------

|  Setup CPU time:            0.42 seconds
|  NonSetup CPU time:        70.42 seconds
|  Total CPU time:           70.84 seconds     0.02 hours

|  Setup wall time:           0    seconds
|  NonSetup wall time:       71    seconds
|  Total wall time:          71    seconds     0.02 hours
