
          -------------------------------------------------------
          Amber 18 PMEMD                              2018
          -------------------------------------------------------

| PMEMD implementation of SANDER, Release 18

| Run on 07/30/2020 at 15:52:53

|   Executable path: /opt/software/Amber/18-foss-2018b-AmberTools-19/bin/pmemd.cuda
| Working directory: /mnt/gs18/scratch/users/songlin3/run/ti_en/tip3p_gas/step2/0.31608
|          Hostname: lac-136

  [-O]verwriting output

File Assignments:
|   MDIN: heat.in                                                               
|  MDOUT: heat.out                                                              
| INPCRD: min.rst                                                               
|   PARM: en_step2_final.prmtop                                                 
| RESTRT: heat.rst                                                              
|   REFC: min.rst                                                               
|  MDVEL: mdvel                                                                 
|   MDEN: mden                                                                  
|  MDCRD: heat.netcdf                                                           
| MDINFO: heat.mdinfo                                                           
|  MDFRC: mdfrc                                                                 


 Here is the input file:

nvt for free MD                                                                
 &cntrl                                                                        
  imin=0,                                                                      
  irest=0,                                                                     
  ntx=1,                                                                       
  ig=-1,                                                                       
  nstlim=200000,                                                               
  dt=0.001,                                                                    
  cut=10.0,                                                                    
  ntc=1,                                                                       
  ntf=1,                                                                       
  ntb=1,                                                                       
  ntt=3,                                                                       
  gamma_ln=2.0,                                                                
  tempi=0.0,                                                                   
  temp0=300.0,                                                                 
  ntpr=5000,                                                                   
  ntwr=5000,                                                                   
  ntwx=10000,                                                                  
  ntwv=0,                                                                      
  ioutfm=1,                                                                    
  iwrap=0,                                                                     
  nmropt=1,                                                                    
  ifsc = 1, icfe=1,                                                            
  clambda=0.31608,                                                             
  timask1=':1', scmask1=':1', scmask2='',                                      
  timask2='', crgmask = ':1',                                                  
/                                                                              
&wt TYPE='TEMP0', istep1=0, istep2=190000, value1=0.0, value2=300.0 /          
&wt TYPE='TEMP0', istep1=190001, istep2=200000, value1=300.0, value2=300.0 /   
&wt TYPE='DUMPFREQ', istep1=10000, /                                           
&wt TYPE='END', /                                                              


Note: ig = -1. Setting random seed to   860875 based on wallclock time in 
      microseconds.
| irandom = 1, using AMBER's internal random number generator (default).
 
|--------------------- INFORMATION ----------------------
| GPU (CUDA) Version of PMEMD in use: NVIDIA GPU IN USE.
|                    Version 18.0.0
| 
|                      03/25/2018
| 
| Implementation by:
|                    Ross C. Walker     (SDSC)
|                    Scott Le Grand     (nVIDIA)
| 
| Version 18 performance extensions by:
|                    David Cerutti     (Rutgers)
| 
| Precision model in use:
|      [SPFP] - Single Precision Forces, 64-bit Fixed Point
|               Accumulation. (Default)
| 
|--------------------------------------------------------
 
|----------------- CITATION INFORMATION -----------------
|
|    When publishing work that utilized the CUDA version
|    of AMBER, please cite the following in addition to
|    the regular AMBER citations:
|
|  - Romelia Salomon-Ferrer; Andreas W. Goetz; Duncan
|    Poole; Scott Le Grand; Ross C. Walker "Routine
|    microsecond molecular dynamics simulations with
|    AMBER - Part II: Particle Mesh Ewald", J. Chem.
|    Theory Comput., 2013, 9 (9), pp3878-3888,
|    DOI: 10.1021/ct400314y.
|
|  - Andreas W. Goetz; Mark J. Williamson; Dong Xu;
|    Duncan Poole; Scott Le Grand; Ross C. Walker
|    "Routine microsecond molecular dynamics simulations
|    with AMBER - Part I: Generalized Born", J. Chem.
|    Theory Comput., 2012, 8 (5), pp1542-1555.
|
|  - Scott Le Grand; Andreas W. Goetz; Ross C. Walker
|    "SPFP: Speed without compromise - a mixed precision
|    model for GPU accelerated molecular dynamics
|    simulations.", Comp. Phys. Comm., 2013, 184
|    pp374-380, DOI: 10.1016/j.cpc.2012.09.022
|
|    When publishing work that utilized the CUDA version
|    of TI, BAR, MBAR or FEP please cite the following 
|    three publications in addition to the regular AMBER 
|    GPU citations:
|
|  - Daniel J. Mermelstein; Charles Lin; Gard Nelson; 
|    Rachael Kretsch; J. Andrew McCammon; Ross C. Walker
|    "Fast and Flexible GPU Accelerated Binding 
|    Free Energy Calculations within the AMBER Molecular
|    Dynamics Package" J. Comp. Chem., 2018,
|    DOI: 10.1002/jcc.25187
|
|  - Tai-Sung Lee; Yuan Hu; Brad Sherborne; Zhuyan Guo;
|    Darrin M. York
|    "Toward Fast and Accurate Binding Affinity Prediction with
|    pmemdGTI: An Efficient Implementation of GPU-Accelerated
|    Thermodynamic Integration"
|    J. Chem. Theory Comput., 2017, 13 (7), 3077
|
|
|--------------------------------------------------------
 
|------------------- GPU DEVICE INFO --------------------
|
|            CUDA_VISIBLE_DEVICES: 0
|   CUDA Capable Devices Detected:      1
|           CUDA Device ID in use:      0
|                CUDA Device Name: Tesla K80
|     CUDA Device Global Mem Size:  12206 MB
| CUDA Device Num Multiprocessors:     13
|           CUDA Device Core Freq:   0.82 GHz
|
|--------------------------------------------------------
 
 
| Conditional Compilation Defines Used:
| PUBFFT
| BINTRAJ
| CUDA
| EMIL

| Largest sphere to fit in unit cell has radius =    27.375

| New format PARM file being parsed.
| Version =    1.000 Date = 07/20/20 Time = 14:57:51

| Note: 1-4 EEL scale factors are being read from the topology file.

| Note: 1-4 VDW scale factors are being read from the topology file.
| Duplicated    0 dihedrals

| Duplicated    0 dihedrals

--------------------------------------------------------------------------------
   1.  RESOURCE   USE: 
--------------------------------------------------------------------------------

 getting box info from netcdf restart file
 NATOM  =      12 NTYPES =       6 NBONH =       8 MBONA  =       3
 NTHETH =      16 MTHETA =       2 NPHIH =      20 MPHIA  =       1
 NHPARM =       0 NPARM  =       0 NNB   =      51 NRES   =       1
 NBONA  =       3 NTHETA =       2 NPHIA =       1 NUMBND =       4
 NUMANG =       6 NPTRA  =       2 NATYP =       6 NPHB   =       1
 IFBOX  =       2 NMXRS  =      12 IFCAP =       0 NEXTRA =       0
 NCOPY  =       0

| Coordinate Index Table dimensions:    10   10   10
| Direct force subcell size =     6.7054    6.7054    6.7054

     BOX TYPE: TRUNCATED OCTAHEDRON

--------------------------------------------------------------------------------
   2.  CONTROL  DATA  FOR  THE  RUN
--------------------------------------------------------------------------------

default_name                                                                    

General flags:
     imin    =       0, nmropt  =       1

Nature and format of input:
     ntx     =       1, irest   =       0, ntrx    =       1

Nature and format of output:
     ntxo    =       2, ntpr    =    5000, ntrx    =       1, ntwr    =    5000
     iwrap   =       0, ntwx    =   10000, ntwv    =       0, ntwe    =       0
     ioutfm  =       1, ntwprt  =       0, idecomp =       0, rbornstat=      0

Potential function:
     ntf     =       1, ntb     =       1, igb     =       0, nsnb    =      25
     ipol    =       0, gbsa    =       0, iesp    =       0
     dielc   =   1.00000, cut     =  10.00000, intdiel =   1.00000

Frozen or restrained atoms:
     ibelly  =       0, ntr     =       0

Molecular dynamics:
     nstlim  =    200000, nscm    =      1000, nrespa  =         1
     t       =   0.00000, dt      =   0.00100, vlimit  =  -1.00000

Langevin dynamics temperature regulation:
     ig      =  860875
     temp0   = 300.00000, tempi   =   0.00000, gamma_ln=   2.00000

NMR refinement options:
     iscale  =       0, noeskp  =       1, ipnlty  =       1, mxsub   =       1
     scalm   = 100.00000, pencut  =   0.10000, tausw   =   0.10000

Free energy options:
     icfe    =       1, ifsc    =       1, klambda =       1
     clambda =  0.3161, scalpha =  0.5000, scbeta  = 12.0000
     sceeorder =       2
     dynlmb =  0.0000 logdvdl =       0

| Intermolecular bonds treatment:
|     no_intermolecular_bonds =       1

| Energy averages sample interval:
|     ene_avg_sampling =    5000

Ewald parameters:
     verbose =       0, ew_type =       0, nbflag  =       1, use_pme =       1
     vdwmeth =       1, eedmeth =       1, netfrc  =       1
     Box X =   67.054   Box Y =   67.054   Box Z =   67.054
     Alpha =  109.471   Beta  =  109.471   Gamma =  109.471
     NFFT1 =   64       NFFT2 =   64       NFFT3 =   64
     Cutoff=   10.000   Tol   =0.100E-04
     Ewald Coefficient =  0.27511
     Interpolation order =    4
     TI Mask 1 :1; matches     12 atoms
     TI Mask 2  matches      0 atoms
     TI region 1:      12 atoms
     TI region 2:       0 atoms
     SC Mask 1 :1; matches     12 atoms
Removing charge of      -0.6664 from atom       1
Removing charge of      -0.6664 from atom       2
Removing charge of      -0.0664 from atom       3
Removing charge of      -0.0664 from atom       4
Removing charge of       0.2792 from atom       5
Removing charge of       0.2802 from atom       6
Removing charge of       0.2802 from atom       7
Removing charge of       0.2792 from atom       8
Removing charge of       0.0898 from atom       9
Removing charge of       0.0837 from atom      10
Removing charge of       0.0898 from atom      11
Removing charge of       0.0837 from atom      12
Total charge of  -0.00000000 removed from      12 atoms
    No charge on TI atoms. Skipping extra recip sum.

--------------------------------------------------------------------------------
   3.  ATOMIC COORDINATES AND VELOCITIES
--------------------------------------------------------------------------------

default_name                                                                    
 begin time read from input coords =     0.000 ps



           Begin reading energy term weight changes/NMR restraints
 WEIGHT CHANGES:
 TEMP0         0 190000    0.000000  300.000000      0      0
 TEMP0    190001 200000  300.000000  300.000000      0      0
 DUMPFREQ  10000      0    0.000000    0.000000      0      0

 RESTRAINTS:
                          ** No restraint defined **

                  Done reading weight changes/NMR restraints


 
 Number of triangulated 3-point waters found:        0
 Number of shake restraints removed in TI region  1 :        0
 Number of shake restraints removed in TI region  2 :        0

     Sum of charges for TI region  1 =   0.00000000
     Forcing neutrality...


     Sum of charges for TI region  2 =   0.00000000
     Forcing neutrality...

| Dynamic Memory, Types Used:
| Reals              144045
| Integers             1225

| Nonbonded Pairs Initial Allocation:        3629

| GPU memory information (estimate):
| KB of GPU memory in use:         0
| KB of CPU memory in use:         0

--------------------------------------------------------------------------------
   4.  RESULTS
--------------------------------------------------------------------------------

   DOF for the SC part  1 of the system:   36

| TI region  1


 NSTEP =        0   TIME(PS) =       0.000  TEMP(K) =     0.00  PRESS =     0.0
 Etot   =        -0.0001  EKtot   =         0.0000  EPtot      =        -0.0001
 BOND   =         0.0000  ANGLE   =        -0.0000  DIHED      =        -0.0000
 1-4 NB =         0.0000  1-4 EEL =         0.0000  VDWAALS    =        -0.0001
 EELEC  =         0.0000  EHBOND  =         0.0000  RESTRAINT  =         0.0000
 DV/DL  =         0.0001
 ------------------------------------------------------------------------------

  Softcore part of the system:      12 atoms,       TEMP(K)    =           0.00
 SC_Etot=         0.3337  SC_EKtot=         0.0000  SC_EPtot   =         0.3337
 SC_BOND=         0.0110  SC_ANGLE=         0.0698  SC_DIHED   =         0.0503
 SC_14NB=         0.2813  SC_14EEL=         0.0000  SC_VDW     =        -0.0787
 SC_EEL =         0.0000
 SC_RES_DIST=     0.0000  SC_RES_ANG=       0.0000  SC_RES_TORS=         0.0000
 SC_EEL_DER=      0.0000  SC_VDW_DER=       0.0000  SC_DERIV   =         0.0000
 ------------------------------------------------------------------------------


| TI region  2


 NSTEP =        0   TIME(PS) =       0.000  TEMP(K) =      NaN  PRESS =     0.0
 Etot   =        -0.0001  EKtot   =         0.0000  EPtot      =        -0.0001
 BOND   =         0.0000  ANGLE   =        -0.0000  DIHED      =        -0.0000
 1-4 NB =         0.0000  1-4 EEL =         0.0000  VDWAALS    =        -0.0001
 EELEC  =         0.0000  EHBOND  =         0.0000  RESTRAINT  =         0.0000
 DV/DL  =         0.0001
 ------------------------------------------------------------------------------

 NMR restraints: Bond =    0.000   Angle =     0.000   Torsion =     0.000
===============================================================================

| TI region  1


 NSTEP =     5000   TIME(PS) =       5.000  TEMP(K) =     5.83  PRESS =     0.0
 Etot   =         0.2085  EKtot   =         0.2086  EPtot      =        -0.0001
 BOND   =        -0.0000  ANGLE   =        -0.0000  DIHED      =         0.0000
 1-4 NB =         0.0000  1-4 EEL =         0.0000  VDWAALS    =        -0.0001
 EELEC  =         0.0000  EHBOND  =         0.0000  RESTRAINT  =         0.0000
 DV/DL  =         0.0001
 ------------------------------------------------------------------------------

  Softcore part of the system:      12 atoms,       TEMP(K)    =           5.83
 SC_Etot=         0.7516  SC_EKtot=         0.2086  SC_EPtot   =         0.5430
 SC_BOND=         0.1307  SC_ANGLE=         0.1040  SC_DIHED   =         0.1234
 SC_14NB=         0.2609  SC_14EEL=         0.0000  SC_VDW     =        -0.0759
 SC_EEL =         0.0000
 SC_RES_DIST=     0.0000  SC_RES_ANG=       0.0000  SC_RES_TORS=         0.0000
 SC_EEL_DER=      0.0000  SC_VDW_DER=       0.0000  SC_DERIV   =         0.0000
 ------------------------------------------------------------------------------


| TI region  2


 NSTEP =     5000   TIME(PS) =       5.000  TEMP(K) = Infinity  PRESS =     0.0
 Etot   =        -0.0001  EKtot   =         0.0000  EPtot      =        -0.0001
 BOND   =        -0.0000  ANGLE   =        -0.0000  DIHED      =         0.0000
 1-4 NB =         0.0000  1-4 EEL =         0.0000  VDWAALS    =        -0.0001
 EELEC  =         0.0000  EHBOND  =         0.0000  RESTRAINT  =         0.0000
 DV/DL  =         0.0001
 ------------------------------------------------------------------------------

 NMR restraints: Bond =    0.000   Angle =     0.000   Torsion =     0.000
===============================================================================

| TI region  1


 NSTEP =    10000   TIME(PS) =      10.000  TEMP(K) =    17.74  PRESS =     0.0
 Etot   =         0.6344  EKtot   =         0.6345  EPtot      =        -0.0001
 BOND   =         0.0000  ANGLE   =         0.0000  DIHED      =        -0.0000
 1-4 NB =         0.0000  1-4 EEL =         0.0000  VDWAALS    =        -0.0001
 EELEC  =         0.0000  EHBOND  =         0.0000  RESTRAINT  =         0.0000
 DV/DL  =         0.0001
 ------------------------------------------------------------------------------

  Softcore part of the system:      12 atoms,       TEMP(K)    =          17.74
 SC_Etot=         1.4263  SC_EKtot=         0.6345  SC_EPtot   =         0.7918
 SC_BOND=         0.0878  SC_ANGLE=         0.2004  SC_DIHED   =         0.0854
 SC_14NB=         0.5047  SC_14EEL=         0.0000  SC_VDW     =        -0.0865
 SC_EEL =         0.0000
 SC_RES_DIST=     0.0000  SC_RES_ANG=       0.0000  SC_RES_TORS=         0.0000
 SC_EEL_DER=      0.0000  SC_VDW_DER=       0.0000  SC_DERIV   =         0.0000
 ------------------------------------------------------------------------------


| TI region  2


 NSTEP =    10000   TIME(PS) =      10.000  TEMP(K) = Infinity  PRESS =     0.0
 Etot   =        -0.0001  EKtot   =         0.0000  EPtot      =        -0.0001
 BOND   =         0.0000  ANGLE   =         0.0000  DIHED      =        -0.0000
 1-4 NB =         0.0000  1-4 EEL =         0.0000  VDWAALS    =        -0.0001
 EELEC  =         0.0000  EHBOND  =         0.0000  RESTRAINT  =         0.0000
 DV/DL  =         0.0001
 ------------------------------------------------------------------------------

 NMR restraints: Bond =    0.000   Angle =     0.000   Torsion =     0.000
===============================================================================

| TI region  1


 NSTEP =    15000   TIME(PS) =      15.000  TEMP(K) =    22.26  PRESS =     0.0
 Etot   =         0.7960  EKtot   =         0.7961  EPtot      =        -0.0001
 BOND   =         0.0000  ANGLE   =         0.0000  DIHED      =         0.0000
 1-4 NB =         0.0000  1-4 EEL =         0.0000  VDWAALS    =        -0.0001
 EELEC  =         0.0000  EHBOND  =         0.0000  RESTRAINT  =         0.0000
 DV/DL  =         0.0001
 ------------------------------------------------------------------------------

  Softcore part of the system:      12 atoms,       TEMP(K)    =          22.26
 SC_Etot=         1.8584  SC_EKtot=         0.7961  SC_EPtot   =         1.0623
 SC_BOND=         0.2479  SC_ANGLE=         0.5356  SC_DIHED   =         0.0592
 SC_14NB=         0.2974  SC_14EEL=         0.0000  SC_VDW     =        -0.0778
 SC_EEL =         0.0000
 SC_RES_DIST=     0.0000  SC_RES_ANG=       0.0000  SC_RES_TORS=         0.0000
 SC_EEL_DER=      0.0000  SC_VDW_DER=       0.0000  SC_DERIV   =         0.0000
 ------------------------------------------------------------------------------


| TI region  2


 NSTEP =    15000   TIME(PS) =      15.000  TEMP(K) =-Infinity  PRESS =     0.0
 Etot   =        -0.0001  EKtot   =        -0.0000  EPtot      =        -0.0001
 BOND   =         0.0000  ANGLE   =         0.0000  DIHED      =         0.0000
 1-4 NB =         0.0000  1-4 EEL =         0.0000  VDWAALS    =        -0.0001
 EELEC  =         0.0000  EHBOND  =         0.0000  RESTRAINT  =         0.0000
 DV/DL  =         0.0001
 ------------------------------------------------------------------------------

 NMR restraints: Bond =    0.000   Angle =     0.000   Torsion =     0.000
===============================================================================

| TI region  1


 NSTEP =    20000   TIME(PS) =      20.000  TEMP(K) =    29.90  PRESS =     0.0
 Etot   =         1.0694  EKtot   =         1.0695  EPtot      =        -0.0001
 BOND   =         0.0000  ANGLE   =        -0.0000  DIHED      =        -0.0000
 1-4 NB =         0.0000  1-4 EEL =         0.0000  VDWAALS    =        -0.0001
 EELEC  =         0.0000  EHBOND  =         0.0000  RESTRAINT  =         0.0000
 DV/DL  =         0.0001
 ------------------------------------------------------------------------------

  Softcore part of the system:      12 atoms,       TEMP(K)    =          29.90
 SC_Etot=         2.3222  SC_EKtot=         1.0695  SC_EPtot   =         1.2527
 SC_BOND=         0.2665  SC_ANGLE=         0.7875  SC_DIHED   =         0.0760
 SC_14NB=         0.1942  SC_14EEL=         0.0000  SC_VDW     =        -0.0715
 SC_EEL =         0.0000
 SC_RES_DIST=     0.0000  SC_RES_ANG=       0.0000  SC_RES_TORS=         0.0000
 SC_EEL_DER=      0.0000  SC_VDW_DER=       0.0000  SC_DERIV   =         0.0000
 ------------------------------------------------------------------------------


| TI region  2


 NSTEP =    20000   TIME(PS) =      20.000  TEMP(K) = Infinity  PRESS =     0.0
 Etot   =        -0.0001  EKtot   =         0.0000  EPtot      =        -0.0001
 BOND   =         0.0000  ANGLE   =        -0.0000  DIHED      =        -0.0000
 1-4 NB =         0.0000  1-4 EEL =         0.0000  VDWAALS    =        -0.0001
 EELEC  =         0.0000  EHBOND  =         0.0000  RESTRAINT  =         0.0000
 DV/DL  =         0.0001
 ------------------------------------------------------------------------------

 NMR restraints: Bond =    0.000   Angle =     0.000   Torsion =     0.000
===============================================================================

| TI region  1


 NSTEP =    25000   TIME(PS) =      25.000  TEMP(K) =    47.37  PRESS =     0.0
 Etot   =         1.6942  EKtot   =         1.6943  EPtot      =        -0.0001
 BOND   =        -0.0000  ANGLE   =         0.0000  DIHED      =         0.0000
 1-4 NB =         0.0000  1-4 EEL =         0.0000  VDWAALS    =        -0.0001
 EELEC  =         0.0000  EHBOND  =         0.0000  RESTRAINT  =         0.0000
 DV/DL  =         0.0001
 ------------------------------------------------------------------------------

  Softcore part of the system:      12 atoms,       TEMP(K)    =          47.37
 SC_Etot=         3.0908  SC_EKtot=         1.6943  SC_EPtot   =         1.3965
 SC_BOND=         0.5777  SC_ANGLE=         0.4661  SC_DIHED   =         0.1612
 SC_14NB=         0.2678  SC_14EEL=         0.0000  SC_VDW     =        -0.0762
 SC_EEL =         0.0000
 SC_RES_DIST=     0.0000  SC_RES_ANG=       0.0000  SC_RES_TORS=         0.0000
 SC_EEL_DER=      0.0000  SC_VDW_DER=       0.0000  SC_DERIV   =         0.0000
 ------------------------------------------------------------------------------


| TI region  2


 NSTEP =    25000   TIME(PS) =      25.000  TEMP(K) = Infinity  PRESS =     0.0
 Etot   =        -0.0001  EKtot   =         0.0000  EPtot      =        -0.0001
 BOND   =        -0.0000  ANGLE   =         0.0000  DIHED      =         0.0000
 1-4 NB =         0.0000  1-4 EEL =         0.0000  VDWAALS    =        -0.0001
 EELEC  =         0.0000  EHBOND  =         0.0000  RESTRAINT  =         0.0000
 DV/DL  =         0.0001
 ------------------------------------------------------------------------------

 NMR restraints: Bond =    0.000   Angle =     0.000   Torsion =     0.000
===============================================================================

| TI region  1


 NSTEP =    30000   TIME(PS) =      30.000  TEMP(K) =    31.89  PRESS =     0.0
 Etot   =         1.1406  EKtot   =         1.1407  EPtot      =        -0.0001
 BOND   =         0.0000  ANGLE   =         0.0000  DIHED      =        -0.0000
 1-4 NB =         0.0000  1-4 EEL =         0.0000  VDWAALS    =        -0.0001
 EELEC  =         0.0000  EHBOND  =         0.0000  RESTRAINT  =         0.0000
 DV/DL  =         0.0001
 ------------------------------------------------------------------------------

  Softcore part of the system:      12 atoms,       TEMP(K)    =          31.89
 SC_Etot=         3.3177  SC_EKtot=         1.1407  SC_EPtot   =         2.1770
 SC_BOND=         0.5336  SC_ANGLE=         1.0278  SC_DIHED   =         0.1402
 SC_14NB=         0.5680  SC_14EEL=         0.0000  SC_VDW     =        -0.0926
 SC_EEL =         0.0000
 SC_RES_DIST=     0.0000  SC_RES_ANG=       0.0000  SC_RES_TORS=         0.0000
 SC_EEL_DER=      0.0000  SC_VDW_DER=       0.0000  SC_DERIV   =         0.0000
 ------------------------------------------------------------------------------


| TI region  2


 NSTEP =    30000   TIME(PS) =      30.000  TEMP(K) = Infinity  PRESS =     0.0
 Etot   =        -0.0001  EKtot   =         0.0000  EPtot      =        -0.0001
 BOND   =         0.0000  ANGLE   =         0.0000  DIHED      =        -0.0000
 1-4 NB =         0.0000  1-4 EEL =         0.0000  VDWAALS    =        -0.0001
 EELEC  =         0.0000  EHBOND  =         0.0000  RESTRAINT  =         0.0000
 DV/DL  =         0.0001
 ------------------------------------------------------------------------------

 NMR restraints: Bond =    0.000   Angle =     0.000   Torsion =     0.000
===============================================================================

| TI region  1


 NSTEP =    35000   TIME(PS) =      35.000  TEMP(K) =    34.14  PRESS =     0.0
 Etot   =         1.2212  EKtot   =         1.2213  EPtot      =        -0.0001
 BOND   =        -0.0000  ANGLE   =        -0.0000  DIHED      =        -0.0000
 1-4 NB =         0.0000  1-4 EEL =         0.0000  VDWAALS    =        -0.0001
 EELEC  =         0.0000  EHBOND  =         0.0000  RESTRAINT  =         0.0000
 DV/DL  =         0.0001
 ------------------------------------------------------------------------------

  Softcore part of the system:      12 atoms,       TEMP(K)    =          34.14
 SC_Etot=         3.5396  SC_EKtot=         1.2213  SC_EPtot   =         2.3184
 SC_BOND=         0.8523  SC_ANGLE=         0.8171  SC_DIHED   =         0.1803
 SC_14NB=         0.5634  SC_14EEL=         0.0000  SC_VDW     =        -0.0949
 SC_EEL =         0.0000
 SC_RES_DIST=     0.0000  SC_RES_ANG=       0.0000  SC_RES_TORS=         0.0000
 SC_EEL_DER=      0.0000  SC_VDW_DER=       0.0000  SC_DERIV   =         0.0000
 ------------------------------------------------------------------------------


| TI region  2


 NSTEP =    35000   TIME(PS) =      35.000  TEMP(K) = Infinity  PRESS =     0.0
 Etot   =        -0.0001  EKtot   =         0.0000  EPtot      =        -0.0001
 BOND   =        -0.0000  ANGLE   =        -0.0000  DIHED      =        -0.0000
 1-4 NB =         0.0000  1-4 EEL =         0.0000  VDWAALS    =        -0.0001
 EELEC  =         0.0000  EHBOND  =         0.0000  RESTRAINT  =         0.0000
 DV/DL  =         0.0001
 ------------------------------------------------------------------------------

 NMR restraints: Bond =    0.000   Angle =     0.000   Torsion =     0.000
===============================================================================

| TI region  1


 NSTEP =    40000   TIME(PS) =      40.000  TEMP(K) =    69.84  PRESS =     0.0
 Etot   =         2.4979  EKtot   =         2.4980  EPtot      =        -0.0001
 BOND   =        -0.0000  ANGLE   =        -0.0000  DIHED      =        -0.0000
 1-4 NB =         0.0000  1-4 EEL =         0.0000  VDWAALS    =        -0.0001
 EELEC  =         0.0000  EHBOND  =         0.0000  RESTRAINT  =         0.0000
 DV/DL  =         0.0001
 ------------------------------------------------------------------------------

  Softcore part of the system:      12 atoms,       TEMP(K)    =          69.84
 SC_Etot=         3.9678  SC_EKtot=         2.4980  SC_EPtot   =         1.4698
 SC_BOND=         0.6515  SC_ANGLE=         0.6772  SC_DIHED   =         0.0552
 SC_14NB=         0.1600  SC_14EEL=         0.0000  SC_VDW     =        -0.0741
 SC_EEL =         0.0000
 SC_RES_DIST=     0.0000  SC_RES_ANG=       0.0000  SC_RES_TORS=         0.0000
 SC_EEL_DER=      0.0000  SC_VDW_DER=       0.0000  SC_DERIV   =         0.0000
 ------------------------------------------------------------------------------


| TI region  2


 NSTEP =    40000   TIME(PS) =      40.000  TEMP(K) = Infinity  PRESS =     0.0
 Etot   =        -0.0001  EKtot   =         0.0000  EPtot      =        -0.0001
 BOND   =        -0.0000  ANGLE   =        -0.0000  DIHED      =        -0.0000
 1-4 NB =         0.0000  1-4 EEL =         0.0000  VDWAALS    =        -0.0001
 EELEC  =         0.0000  EHBOND  =         0.0000  RESTRAINT  =         0.0000
 DV/DL  =         0.0001
 ------------------------------------------------------------------------------

 NMR restraints: Bond =    0.000   Angle =     0.000   Torsion =     0.000
===============================================================================

| TI region  1


 NSTEP =    45000   TIME(PS) =      45.000  TEMP(K) =    76.26  PRESS =     0.0
 Etot   =         2.7276  EKtot   =         2.7277  EPtot      =        -0.0001
 BOND   =         0.0000  ANGLE   =         0.0000  DIHED      =        -0.0000
 1-4 NB =         0.0000  1-4 EEL =         0.0000  VDWAALS    =        -0.0001
 EELEC  =         0.0000  EHBOND  =         0.0000  RESTRAINT  =         0.0000
 DV/DL  =         0.0001
 ------------------------------------------------------------------------------

  Softcore part of the system:      12 atoms,       TEMP(K)    =          76.26
 SC_Etot=         5.8492  SC_EKtot=         2.7277  SC_EPtot   =         3.1215
 SC_BOND=         1.4848  SC_ANGLE=         1.1938  SC_DIHED   =         0.1707
 SC_14NB=         0.3520  SC_14EEL=         0.0000  SC_VDW     =        -0.0798
 SC_EEL =         0.0000
 SC_RES_DIST=     0.0000  SC_RES_ANG=       0.0000  SC_RES_TORS=         0.0000
 SC_EEL_DER=      0.0000  SC_VDW_DER=       0.0000  SC_DERIV   =         0.0000
 ------------------------------------------------------------------------------


| TI region  2


 NSTEP =    45000   TIME(PS) =      45.000  TEMP(K) = Infinity  PRESS =     0.0
 Etot   =        -0.0001  EKtot   =         0.0000  EPtot      =        -0.0001
 BOND   =         0.0000  ANGLE   =         0.0000  DIHED      =        -0.0000
 1-4 NB =         0.0000  1-4 EEL =         0.0000  VDWAALS    =        -0.0001
 EELEC  =         0.0000  EHBOND  =         0.0000  RESTRAINT  =         0.0000
 DV/DL  =         0.0001
 ------------------------------------------------------------------------------

 NMR restraints: Bond =    0.000   Angle =     0.000   Torsion =     0.000
===============================================================================

| TI region  1


 NSTEP =    50000   TIME(PS) =      50.000  TEMP(K) =    71.87  PRESS =     0.0
 Etot   =         2.5708  EKtot   =         2.5709  EPtot      =        -0.0001
 BOND   =        -0.0000  ANGLE   =         0.0000  DIHED      =         0.0000
 1-4 NB =         0.0000  1-4 EEL =         0.0000  VDWAALS    =        -0.0001
 EELEC  =         0.0000  EHBOND  =         0.0000  RESTRAINT  =         0.0000
 DV/DL  =         0.0001
 ------------------------------------------------------------------------------

  Softcore part of the system:      12 atoms,       TEMP(K)    =          71.87
 SC_Etot=         4.6461  SC_EKtot=         2.5709  SC_EPtot   =         2.0752
 SC_BOND=         0.5888  SC_ANGLE=         0.7892  SC_DIHED   =         0.4078
 SC_14NB=         0.3644  SC_14EEL=         0.0000  SC_VDW     =        -0.0750
 SC_EEL =         0.0000
 SC_RES_DIST=     0.0000  SC_RES_ANG=       0.0000  SC_RES_TORS=         0.0000
 SC_EEL_DER=      0.0000  SC_VDW_DER=       0.0000  SC_DERIV   =         0.0000
 ------------------------------------------------------------------------------


| TI region  2


 NSTEP =    50000   TIME(PS) =      50.000  TEMP(K) = Infinity  PRESS =     0.0
 Etot   =        -0.0001  EKtot   =         0.0000  EPtot      =        -0.0001
 BOND   =        -0.0000  ANGLE   =         0.0000  DIHED      =         0.0000
 1-4 NB =         0.0000  1-4 EEL =         0.0000  VDWAALS    =        -0.0001
 EELEC  =         0.0000  EHBOND  =         0.0000  RESTRAINT  =         0.0000
 DV/DL  =         0.0001
 ------------------------------------------------------------------------------

 NMR restraints: Bond =    0.000   Angle =     0.000   Torsion =     0.000
===============================================================================

| TI region  1


 NSTEP =    55000   TIME(PS) =      55.000  TEMP(K) =    87.35  PRESS =     0.0
 Etot   =         3.1244  EKtot   =         3.1245  EPtot      =        -0.0001
 BOND   =         0.0000  ANGLE   =         0.0000  DIHED      =         0.0000
 1-4 NB =         0.0000  1-4 EEL =         0.0000  VDWAALS    =        -0.0001
 EELEC  =         0.0000  EHBOND  =         0.0000  RESTRAINT  =         0.0000
 DV/DL  =         0.0001
 ------------------------------------------------------------------------------

  Softcore part of the system:      12 atoms,       TEMP(K)    =          87.35
 SC_Etot=         6.2243  SC_EKtot=         3.1245  SC_EPtot   =         3.0998
 SC_BOND=         1.1239  SC_ANGLE=         1.4207  SC_DIHED   =         0.1884
 SC_14NB=         0.4460  SC_14EEL=         0.0000  SC_VDW     =        -0.0792
 SC_EEL =         0.0000
 SC_RES_DIST=     0.0000  SC_RES_ANG=       0.0000  SC_RES_TORS=         0.0000
 SC_EEL_DER=      0.0000  SC_VDW_DER=       0.0000  SC_DERIV   =         0.0000
 ------------------------------------------------------------------------------


| TI region  2


 NSTEP =    55000   TIME(PS) =      55.000  TEMP(K) = Infinity  PRESS =     0.0
 Etot   =        -0.0001  EKtot   =         0.0000  EPtot      =        -0.0001
 BOND   =         0.0000  ANGLE   =         0.0000  DIHED      =         0.0000
 1-4 NB =         0.0000  1-4 EEL =         0.0000  VDWAALS    =        -0.0001
 EELEC  =         0.0000  EHBOND  =         0.0000  RESTRAINT  =         0.0000
 DV/DL  =         0.0001
 ------------------------------------------------------------------------------

 NMR restraints: Bond =    0.000   Angle =     0.000   Torsion =     0.000
===============================================================================

| TI region  1


 NSTEP =    60000   TIME(PS) =      60.000  TEMP(K) =   117.74  PRESS =     0.0
 Etot   =         4.2113  EKtot   =         4.2114  EPtot      =        -0.0001
 BOND   =         0.0000  ANGLE   =         0.0000  DIHED      =         0.0000
 1-4 NB =         0.0000  1-4 EEL =         0.0000  VDWAALS    =        -0.0001
 EELEC  =         0.0000  EHBOND  =         0.0000  RESTRAINT  =         0.0000
 DV/DL  =         0.0001
 ------------------------------------------------------------------------------

  Softcore part of the system:      12 atoms,       TEMP(K)    =         117.74
 SC_Etot=         6.6888  SC_EKtot=         4.2114  SC_EPtot   =         2.4774
 SC_BOND=         1.0337  SC_ANGLE=         0.8564  SC_DIHED   =         0.1283
 SC_14NB=         0.5466  SC_14EEL=         0.0000  SC_VDW     =        -0.0876
 SC_EEL =         0.0000
 SC_RES_DIST=     0.0000  SC_RES_ANG=       0.0000  SC_RES_TORS=         0.0000
 SC_EEL_DER=      0.0000  SC_VDW_DER=       0.0000  SC_DERIV   =         0.0000
 ------------------------------------------------------------------------------


| TI region  2


 NSTEP =    60000   TIME(PS) =      60.000  TEMP(K) = Infinity  PRESS =     0.0
 Etot   =        -0.0001  EKtot   =         0.0000  EPtot      =        -0.0001
 BOND   =         0.0000  ANGLE   =         0.0000  DIHED      =         0.0000
 1-4 NB =         0.0000  1-4 EEL =         0.0000  VDWAALS    =        -0.0001
 EELEC  =         0.0000  EHBOND  =         0.0000  RESTRAINT  =         0.0000
 DV/DL  =         0.0001
 ------------------------------------------------------------------------------

 NMR restraints: Bond =    0.000   Angle =     0.000   Torsion =     0.000
===============================================================================

| TI region  1


 NSTEP =    65000   TIME(PS) =      65.000  TEMP(K) =    81.49  PRESS =     0.0
 Etot   =         2.9148  EKtot   =         2.9149  EPtot      =        -0.0001
 BOND   =        -0.0000  ANGLE   =        -0.0000  DIHED      =         0.0000
 1-4 NB =         0.0000  1-4 EEL =         0.0000  VDWAALS    =        -0.0001
 EELEC  =         0.0000  EHBOND  =         0.0000  RESTRAINT  =         0.0000
 DV/DL  =         0.0001
 ------------------------------------------------------------------------------

  Softcore part of the system:      12 atoms,       TEMP(K)    =          81.49
 SC_Etot=         6.2903  SC_EKtot=         2.9149  SC_EPtot   =         3.3754
 SC_BOND=         1.3264  SC_ANGLE=         1.4255  SC_DIHED   =         0.3804
 SC_14NB=         0.3204  SC_14EEL=         0.0000  SC_VDW     =        -0.0773
 SC_EEL =         0.0000
 SC_RES_DIST=     0.0000  SC_RES_ANG=       0.0000  SC_RES_TORS=         0.0000
 SC_EEL_DER=      0.0000  SC_VDW_DER=       0.0000  SC_DERIV   =         0.0000
 ------------------------------------------------------------------------------


| TI region  2


 NSTEP =    65000   TIME(PS) =      65.000  TEMP(K) = Infinity  PRESS =     0.0
 Etot   =        -0.0001  EKtot   =         0.0000  EPtot      =        -0.0001
 BOND   =        -0.0000  ANGLE   =        -0.0000  DIHED      =         0.0000
 1-4 NB =         0.0000  1-4 EEL =         0.0000  VDWAALS    =        -0.0001
 EELEC  =         0.0000  EHBOND  =         0.0000  RESTRAINT  =         0.0000
 DV/DL  =         0.0001
 ------------------------------------------------------------------------------

 NMR restraints: Bond =    0.000   Angle =     0.000   Torsion =     0.000
===============================================================================

| TI region  1


 NSTEP =    70000   TIME(PS) =      70.000  TEMP(K) =    91.60  PRESS =     0.0
 Etot   =         3.2766  EKtot   =         3.2767  EPtot      =        -0.0001
 BOND   =        -0.0000  ANGLE   =        -0.0000  DIHED      =         0.0000
 1-4 NB =         0.0000  1-4 EEL =         0.0000  VDWAALS    =        -0.0001
 EELEC  =         0.0000  EHBOND  =         0.0000  RESTRAINT  =         0.0000
 DV/DL  =         0.0001
 ------------------------------------------------------------------------------

  Softcore part of the system:      12 atoms,       TEMP(K)    =          91.60
 SC_Etot=         7.9531  SC_EKtot=         3.2767  SC_EPtot   =         4.6765
 SC_BOND=         1.1995  SC_ANGLE=         3.0619  SC_DIHED   =         0.2593
 SC_14NB=         0.2263  SC_14EEL=         0.0000  SC_VDW     =        -0.0704
 SC_EEL =         0.0000
 SC_RES_DIST=     0.0000  SC_RES_ANG=       0.0000  SC_RES_TORS=         0.0000
 SC_EEL_DER=      0.0000  SC_VDW_DER=       0.0000  SC_DERIV   =         0.0000
 ------------------------------------------------------------------------------


| TI region  2


 NSTEP =    70000   TIME(PS) =      70.000  TEMP(K) = Infinity  PRESS =     0.0
 Etot   =        -0.0001  EKtot   =         0.0000  EPtot      =        -0.0001
 BOND   =        -0.0000  ANGLE   =        -0.0000  DIHED      =         0.0000
 1-4 NB =         0.0000  1-4 EEL =         0.0000  VDWAALS    =        -0.0001
 EELEC  =         0.0000  EHBOND  =         0.0000  RESTRAINT  =         0.0000
 DV/DL  =         0.0001
 ------------------------------------------------------------------------------

 NMR restraints: Bond =    0.000   Angle =     0.000   Torsion =     0.000
===============================================================================

| TI region  1


 NSTEP =    75000   TIME(PS) =      75.000  TEMP(K) =   118.48  PRESS =     0.0
 Etot   =         4.2378  EKtot   =         4.2379  EPtot      =        -0.0001
 BOND   =         0.0000  ANGLE   =         0.0000  DIHED      =        -0.0000
 1-4 NB =         0.0000  1-4 EEL =         0.0000  VDWAALS    =        -0.0001
 EELEC  =         0.0000  EHBOND  =         0.0000  RESTRAINT  =         0.0000
 DV/DL  =         0.0001
 ------------------------------------------------------------------------------

  Softcore part of the system:      12 atoms,       TEMP(K)    =         118.48
 SC_Etot=         8.4378  SC_EKtot=         4.2379  SC_EPtot   =         4.2000
 SC_BOND=         1.5165  SC_ANGLE=         2.3999  SC_DIHED   =         0.2500
 SC_14NB=         0.1108  SC_14EEL=         0.0000  SC_VDW     =        -0.0772
 SC_EEL =         0.0000
 SC_RES_DIST=     0.0000  SC_RES_ANG=       0.0000  SC_RES_TORS=         0.0000
 SC_EEL_DER=      0.0000  SC_VDW_DER=       0.0000  SC_DERIV   =         0.0000
 ------------------------------------------------------------------------------


| TI region  2


 NSTEP =    75000   TIME(PS) =      75.000  TEMP(K) = Infinity  PRESS =     0.0
 Etot   =        -0.0001  EKtot   =         0.0000  EPtot      =        -0.0001
 BOND   =         0.0000  ANGLE   =         0.0000  DIHED      =        -0.0000
 1-4 NB =         0.0000  1-4 EEL =         0.0000  VDWAALS    =        -0.0001
 EELEC  =         0.0000  EHBOND  =         0.0000  RESTRAINT  =         0.0000
 DV/DL  =         0.0001
 ------------------------------------------------------------------------------

 NMR restraints: Bond =    0.000   Angle =     0.000   Torsion =     0.000
===============================================================================

| TI region  1


 NSTEP =    80000   TIME(PS) =      80.000  TEMP(K) =    99.10  PRESS =     0.0
 Etot   =         3.5447  EKtot   =         3.5448  EPtot      =        -0.0001
 BOND   =        -0.0000  ANGLE   =        -0.0000  DIHED      =         0.0000
 1-4 NB =         0.0000  1-4 EEL =         0.0000  VDWAALS    =        -0.0001
 EELEC  =         0.0000  EHBOND  =         0.0000  RESTRAINT  =         0.0000
 DV/DL  =         0.0001
 ------------------------------------------------------------------------------

  Softcore part of the system:      12 atoms,       TEMP(K)    =          99.10
 SC_Etot=         7.2467  SC_EKtot=         3.5448  SC_EPtot   =         3.7019
 SC_BOND=         0.7248  SC_ANGLE=         2.1593  SC_DIHED   =         0.3069
 SC_14NB=         0.5993  SC_14EEL=         0.0000  SC_VDW     =        -0.0884
 SC_EEL =         0.0000
 SC_RES_DIST=     0.0000  SC_RES_ANG=       0.0000  SC_RES_TORS=         0.0000
 SC_EEL_DER=      0.0000  SC_VDW_DER=       0.0000  SC_DERIV   =         0.0000
 ------------------------------------------------------------------------------


| TI region  2


 NSTEP =    80000   TIME(PS) =      80.000  TEMP(K) = Infinity  PRESS =     0.0
 Etot   =        -0.0001  EKtot   =         0.0000  EPtot      =        -0.0001
 BOND   =        -0.0000  ANGLE   =        -0.0000  DIHED      =         0.0000
 1-4 NB =         0.0000  1-4 EEL =         0.0000  VDWAALS    =        -0.0001
 EELEC  =         0.0000  EHBOND  =         0.0000  RESTRAINT  =         0.0000
 DV/DL  =         0.0001
 ------------------------------------------------------------------------------

 NMR restraints: Bond =    0.000   Angle =     0.000   Torsion =     0.000
===============================================================================

| TI region  1


 NSTEP =    85000   TIME(PS) =      85.000  TEMP(K) =   133.62  PRESS =     0.0
 Etot   =         4.7793  EKtot   =         4.7794  EPtot      =        -0.0001
 BOND   =        -0.0000  ANGLE   =        -0.0000  DIHED      =         0.0000
 1-4 NB =         0.0000  1-4 EEL =         0.0000  VDWAALS    =        -0.0001
 EELEC  =         0.0000  EHBOND  =         0.0000  RESTRAINT  =         0.0000
 DV/DL  =         0.0001
 ------------------------------------------------------------------------------

  Softcore part of the system:      12 atoms,       TEMP(K)    =         133.62
 SC_Etot=         9.7081  SC_EKtot=         4.7794  SC_EPtot   =         4.9287
 SC_BOND=         1.7014  SC_ANGLE=         2.1650  SC_DIHED   =         0.8082
 SC_14NB=         0.3337  SC_14EEL=         0.0000  SC_VDW     =        -0.0796
 SC_EEL =         0.0000
 SC_RES_DIST=     0.0000  SC_RES_ANG=       0.0000  SC_RES_TORS=         0.0000
 SC_EEL_DER=      0.0000  SC_VDW_DER=       0.0000  SC_DERIV   =         0.0000
 ------------------------------------------------------------------------------


| TI region  2


 NSTEP =    85000   TIME(PS) =      85.000  TEMP(K) = Infinity  PRESS =     0.0
 Etot   =        -0.0001  EKtot   =         0.0000  EPtot      =        -0.0001
 BOND   =        -0.0000  ANGLE   =        -0.0000  DIHED      =         0.0000
 1-4 NB =         0.0000  1-4 EEL =         0.0000  VDWAALS    =        -0.0001
 EELEC  =         0.0000  EHBOND  =         0.0000  RESTRAINT  =         0.0000
 DV/DL  =         0.0001
 ------------------------------------------------------------------------------

 NMR restraints: Bond =    0.000   Angle =     0.000   Torsion =     0.000
===============================================================================

| TI region  1


 NSTEP =    90000   TIME(PS) =      90.000  TEMP(K) =   115.26  PRESS =     0.0
 Etot   =         4.1225  EKtot   =         4.1226  EPtot      =        -0.0001
 BOND   =         0.0000  ANGLE   =         0.0000  DIHED      =        -0.0000
 1-4 NB =         0.0000  1-4 EEL =         0.0000  VDWAALS    =        -0.0001
 EELEC  =         0.0000  EHBOND  =         0.0000  RESTRAINT  =         0.0000
 DV/DL  =         0.0001
 ------------------------------------------------------------------------------

  Softcore part of the system:      12 atoms,       TEMP(K)    =         115.26
 SC_Etot=         9.3550  SC_EKtot=         4.1226  SC_EPtot   =         5.2324
 SC_BOND=         0.9497  SC_ANGLE=         3.8000  SC_DIHED   =         0.5484
 SC_14NB=        -0.0098  SC_14EEL=         0.0000  SC_VDW     =        -0.0558
 SC_EEL =         0.0000
 SC_RES_DIST=     0.0000  SC_RES_ANG=       0.0000  SC_RES_TORS=         0.0000
 SC_EEL_DER=      0.0000  SC_VDW_DER=       0.0000  SC_DERIV   =         0.0000
 ------------------------------------------------------------------------------


| TI region  2


 NSTEP =    90000   TIME(PS) =      90.000  TEMP(K) = Infinity  PRESS =     0.0
 Etot   =        -0.0001  EKtot   =         0.0000  EPtot      =        -0.0001
 BOND   =         0.0000  ANGLE   =         0.0000  DIHED      =        -0.0000
 1-4 NB =         0.0000  1-4 EEL =         0.0000  VDWAALS    =        -0.0001
 EELEC  =         0.0000  EHBOND  =         0.0000  RESTRAINT  =         0.0000
 DV/DL  =         0.0001
 ------------------------------------------------------------------------------

 NMR restraints: Bond =    0.000   Angle =     0.000   Torsion =     0.000
===============================================================================

| TI region  1


 NSTEP =    95000   TIME(PS) =      95.000  TEMP(K) =   125.39  PRESS =     0.0
 Etot   =         4.4851  EKtot   =         4.4852  EPtot      =        -0.0001
 BOND   =        -0.0000  ANGLE   =         0.0000  DIHED      =         0.0000
 1-4 NB =         0.0000  1-4 EEL =         0.0000  VDWAALS    =        -0.0001
 EELEC  =         0.0000  EHBOND  =         0.0000  RESTRAINT  =         0.0000
 DV/DL  =         0.0001
 ------------------------------------------------------------------------------

  Softcore part of the system:      12 atoms,       TEMP(K)    =         125.39
 SC_Etot=        10.5491  SC_EKtot=         4.4852  SC_EPtot   =         6.0639
 SC_BOND=         1.3186  SC_ANGLE=         3.6048  SC_DIHED   =         0.8765
 SC_14NB=         0.3367  SC_14EEL=         0.0000  SC_VDW     =        -0.0726
 SC_EEL =         0.0000
 SC_RES_DIST=     0.0000  SC_RES_ANG=       0.0000  SC_RES_TORS=         0.0000
 SC_EEL_DER=      0.0000  SC_VDW_DER=       0.0000  SC_DERIV   =         0.0000
 ------------------------------------------------------------------------------


| TI region  2


 NSTEP =    95000   TIME(PS) =      95.000  TEMP(K) = Infinity  PRESS =     0.0
 Etot   =        -0.0001  EKtot   =         0.0000  EPtot      =        -0.0001
 BOND   =        -0.0000  ANGLE   =         0.0000  DIHED      =         0.0000
 1-4 NB =         0.0000  1-4 EEL =         0.0000  VDWAALS    =        -0.0001
 EELEC  =         0.0000  EHBOND  =         0.0000  RESTRAINT  =         0.0000
 DV/DL  =         0.0001
 ------------------------------------------------------------------------------

 NMR restraints: Bond =    0.000   Angle =     0.000   Torsion =     0.000
===============================================================================

| TI region  1


 NSTEP =   100000   TIME(PS) =     100.000  TEMP(K) =   189.00  PRESS =     0.0
 Etot   =         6.7602  EKtot   =         6.7603  EPtot      =        -0.0001
 BOND   =         0.0000  ANGLE   =        -0.0000  DIHED      =         0.0000
 1-4 NB =         0.0000  1-4 EEL =         0.0000  VDWAALS    =        -0.0001
 EELEC  =         0.0000  EHBOND  =         0.0000  RESTRAINT  =         0.0000
 DV/DL  =         0.0001
 ------------------------------------------------------------------------------

  Softcore part of the system:      12 atoms,       TEMP(K)    =         189.00
 SC_Etot=        11.0082  SC_EKtot=         6.7603  SC_EPtot   =         4.2479
 SC_BOND=         1.2702  SC_ANGLE=         1.5471  SC_DIHED   =         0.9889
 SC_14NB=         0.5414  SC_14EEL=         0.0000  SC_VDW     =        -0.0998
 SC_EEL =         0.0000
 SC_RES_DIST=     0.0000  SC_RES_ANG=       0.0000  SC_RES_TORS=         0.0000
 SC_EEL_DER=      0.0000  SC_VDW_DER=       0.0000  SC_DERIV   =         0.0000
 ------------------------------------------------------------------------------


| TI region  2


 NSTEP =   100000   TIME(PS) =     100.000  TEMP(K) = Infinity  PRESS =     0.0
 Etot   =        -0.0001  EKtot   =         0.0000  EPtot      =        -0.0001
 BOND   =         0.0000  ANGLE   =        -0.0000  DIHED      =         0.0000
 1-4 NB =         0.0000  1-4 EEL =         0.0000  VDWAALS    =        -0.0001
 EELEC  =         0.0000  EHBOND  =         0.0000  RESTRAINT  =         0.0000
 DV/DL  =         0.0001
 ------------------------------------------------------------------------------

 NMR restraints: Bond =    0.000   Angle =     0.000   Torsion =     0.000
===============================================================================

| TI region  1


 NSTEP =   105000   TIME(PS) =     105.000  TEMP(K) =   126.18  PRESS =     0.0
 Etot   =         4.5134  EKtot   =         4.5135  EPtot      =        -0.0001
 BOND   =        -0.0000  ANGLE   =         0.0000  DIHED      =        -0.0000
 1-4 NB =         0.0000  1-4 EEL =         0.0000  VDWAALS    =        -0.0001
 EELEC  =         0.0000  EHBOND  =         0.0000  RESTRAINT  =         0.0000
 DV/DL  =         0.0001
 ------------------------------------------------------------------------------

  Softcore part of the system:      12 atoms,       TEMP(K)    =         126.18
 SC_Etot=         8.6398  SC_EKtot=         4.5135  SC_EPtot   =         4.1263
 SC_BOND=         0.9096  SC_ANGLE=         2.4404  SC_DIHED   =         0.4959
 SC_14NB=         0.3659  SC_14EEL=         0.0000  SC_VDW     =        -0.0855
 SC_EEL =         0.0000
 SC_RES_DIST=     0.0000  SC_RES_ANG=       0.0000  SC_RES_TORS=         0.0000
 SC_EEL_DER=      0.0000  SC_VDW_DER=       0.0000  SC_DERIV   =         0.0000
 ------------------------------------------------------------------------------


| TI region  2


 NSTEP =   105000   TIME(PS) =     105.000  TEMP(K) = Infinity  PRESS =     0.0
 Etot   =        -0.0001  EKtot   =         0.0000  EPtot      =        -0.0001
 BOND   =        -0.0000  ANGLE   =         0.0000  DIHED      =        -0.0000
 1-4 NB =         0.0000  1-4 EEL =         0.0000  VDWAALS    =        -0.0001
 EELEC  =         0.0000  EHBOND  =         0.0000  RESTRAINT  =         0.0000
 DV/DL  =         0.0001
 ------------------------------------------------------------------------------

 NMR restraints: Bond =    0.000   Angle =     0.000   Torsion =     0.000
===============================================================================

| TI region  1


 NSTEP =   110000   TIME(PS) =     110.000  TEMP(K) =   164.29  PRESS =     0.0
 Etot   =         5.8766  EKtot   =         5.8767  EPtot      =        -0.0001
 BOND   =         0.0000  ANGLE   =         0.0000  DIHED      =         0.0000
 1-4 NB =         0.0000  1-4 EEL =         0.0000  VDWAALS    =        -0.0001
 EELEC  =         0.0000  EHBOND  =         0.0000  RESTRAINT  =         0.0000
 DV/DL  =         0.0001
 ------------------------------------------------------------------------------

  Softcore part of the system:      12 atoms,       TEMP(K)    =         164.29
 SC_Etot=        10.5180  SC_EKtot=         5.8767  SC_EPtot   =         4.6412
 SC_BOND=         2.4762  SC_ANGLE=         1.6022  SC_DIHED   =         0.1797
 SC_14NB=         0.4628  SC_14EEL=         0.0000  SC_VDW     =        -0.0796
 SC_EEL =         0.0000
 SC_RES_DIST=     0.0000  SC_RES_ANG=       0.0000  SC_RES_TORS=         0.0000
 SC_EEL_DER=      0.0000  SC_VDW_DER=       0.0000  SC_DERIV   =         0.0000
 ------------------------------------------------------------------------------


| TI region  2


 NSTEP =   110000   TIME(PS) =     110.000  TEMP(K) = Infinity  PRESS =     0.0
 Etot   =        -0.0001  EKtot   =         0.0000  EPtot      =        -0.0001
 BOND   =         0.0000  ANGLE   =         0.0000  DIHED      =         0.0000
 1-4 NB =         0.0000  1-4 EEL =         0.0000  VDWAALS    =        -0.0001
 EELEC  =         0.0000  EHBOND  =         0.0000  RESTRAINT  =         0.0000
 DV/DL  =         0.0001
 ------------------------------------------------------------------------------

 NMR restraints: Bond =    0.000   Angle =     0.000   Torsion =     0.000
===============================================================================

| TI region  1


 NSTEP =   115000   TIME(PS) =     115.000  TEMP(K) =   160.63  PRESS =     0.0
 Etot   =         5.7455  EKtot   =         5.7456  EPtot      =        -0.0001
 BOND   =        -0.0000  ANGLE   =        -0.0000  DIHED      =         0.0000
 1-4 NB =         0.0000  1-4 EEL =         0.0000  VDWAALS    =        -0.0001
 EELEC  =         0.0000  EHBOND  =         0.0000  RESTRAINT  =         0.0000
 DV/DL  =         0.0001
 ------------------------------------------------------------------------------

  Softcore part of the system:      12 atoms,       TEMP(K)    =         160.63
 SC_Etot=        10.9197  SC_EKtot=         5.7456  SC_EPtot   =         5.1741
 SC_BOND=         2.6408  SC_ANGLE=         2.0766  SC_DIHED   =         0.4048
 SC_14NB=         0.1304  SC_14EEL=         0.0000  SC_VDW     =        -0.0785
 SC_EEL =         0.0000
 SC_RES_DIST=     0.0000  SC_RES_ANG=       0.0000  SC_RES_TORS=         0.0000
 SC_EEL_DER=      0.0000  SC_VDW_DER=       0.0000  SC_DERIV   =         0.0000
 ------------------------------------------------------------------------------


| TI region  2


 NSTEP =   115000   TIME(PS) =     115.000  TEMP(K) = Infinity  PRESS =     0.0
 Etot   =        -0.0001  EKtot   =         0.0000  EPtot      =        -0.0001
 BOND   =        -0.0000  ANGLE   =        -0.0000  DIHED      =         0.0000
 1-4 NB =         0.0000  1-4 EEL =         0.0000  VDWAALS    =        -0.0001
 EELEC  =         0.0000  EHBOND  =         0.0000  RESTRAINT  =         0.0000
 DV/DL  =         0.0001
 ------------------------------------------------------------------------------

 NMR restraints: Bond =    0.000   Angle =     0.000   Torsion =     0.000
===============================================================================

| TI region  1


 NSTEP =   120000   TIME(PS) =     120.000  TEMP(K) =   135.56  PRESS =     0.0
 Etot   =         4.8488  EKtot   =         4.8489  EPtot      =        -0.0001
 BOND   =        -0.0000  ANGLE   =         0.0000  DIHED      =         0.0000
 1-4 NB =         0.0000  1-4 EEL =         0.0000  VDWAALS    =        -0.0001
 EELEC  =         0.0000  EHBOND  =         0.0000  RESTRAINT  =         0.0000
 DV/DL  =         0.0001
 ------------------------------------------------------------------------------

  Softcore part of the system:      12 atoms,       TEMP(K)    =         135.56
 SC_Etot=         9.1696  SC_EKtot=         4.8489  SC_EPtot   =         4.3207
 SC_BOND=         2.1831  SC_ANGLE=         1.7653  SC_DIHED   =         0.2199
 SC_14NB=         0.2226  SC_14EEL=         0.0000  SC_VDW     =        -0.0702
 SC_EEL =         0.0000
 SC_RES_DIST=     0.0000  SC_RES_ANG=       0.0000  SC_RES_TORS=         0.0000
 SC_EEL_DER=      0.0000  SC_VDW_DER=       0.0000  SC_DERIV   =         0.0000
 ------------------------------------------------------------------------------


| TI region  2


 NSTEP =   120000   TIME(PS) =     120.000  TEMP(K) =-Infinity  PRESS =     0.0
 Etot   =        -0.0001  EKtot   =        -0.0000  EPtot      =        -0.0001
 BOND   =        -0.0000  ANGLE   =         0.0000  DIHED      =         0.0000
 1-4 NB =         0.0000  1-4 EEL =         0.0000  VDWAALS    =        -0.0001
 EELEC  =         0.0000  EHBOND  =         0.0000  RESTRAINT  =         0.0000
 DV/DL  =         0.0001
 ------------------------------------------------------------------------------

 NMR restraints: Bond =    0.000   Angle =     0.000   Torsion =     0.000
===============================================================================

| TI region  1


 NSTEP =   125000   TIME(PS) =     125.000  TEMP(K) =   195.76  PRESS =     0.0
 Etot   =         7.0022  EKtot   =         7.0023  EPtot      =        -0.0001
 BOND   =        -0.0000  ANGLE   =         0.0000  DIHED      =         0.0000
 1-4 NB =         0.0000  1-4 EEL =         0.0000  VDWAALS    =        -0.0001
 EELEC  =         0.0000  EHBOND  =         0.0000  RESTRAINT  =         0.0000
 DV/DL  =         0.0001
 ------------------------------------------------------------------------------

  Softcore part of the system:      12 atoms,       TEMP(K)    =         195.76
 SC_Etot=        11.6741  SC_EKtot=         7.0023  SC_EPtot   =         4.6718
 SC_BOND=         1.0045  SC_ANGLE=         2.8823  SC_DIHED   =         0.8044
 SC_14NB=         0.0434  SC_14EEL=         0.0000  SC_VDW     =        -0.0627
 SC_EEL =         0.0000
 SC_RES_DIST=     0.0000  SC_RES_ANG=       0.0000  SC_RES_TORS=         0.0000
 SC_EEL_DER=      0.0000  SC_VDW_DER=       0.0000  SC_DERIV   =         0.0000
 ------------------------------------------------------------------------------


| TI region  2


 NSTEP =   125000   TIME(PS) =     125.000  TEMP(K) = Infinity  PRESS =     0.0
 Etot   =        -0.0001  EKtot   =         0.0000  EPtot      =        -0.0001
 BOND   =        -0.0000  ANGLE   =         0.0000  DIHED      =         0.0000
 1-4 NB =         0.0000  1-4 EEL =         0.0000  VDWAALS    =        -0.0001
 EELEC  =         0.0000  EHBOND  =         0.0000  RESTRAINT  =         0.0000
 DV/DL  =         0.0001
 ------------------------------------------------------------------------------

 NMR restraints: Bond =    0.000   Angle =     0.000   Torsion =     0.000
===============================================================================

| TI region  1


 NSTEP =   130000   TIME(PS) =     130.000  TEMP(K) =   227.34  PRESS =     0.0
 Etot   =         8.1316  EKtot   =         8.1317  EPtot      =        -0.0001
 BOND   =        -0.0000  ANGLE   =         0.0000  DIHED      =         0.0000
 1-4 NB =         0.0000  1-4 EEL =         0.0000  VDWAALS    =        -0.0001
 EELEC  =         0.0000  EHBOND  =         0.0000  RESTRAINT  =         0.0000
 DV/DL  =         0.0001
 ------------------------------------------------------------------------------

  Softcore part of the system:      12 atoms,       TEMP(K)    =         227.34
 SC_Etot=        12.2156  SC_EKtot=         8.1317  SC_EPtot   =         4.0839
 SC_BOND=         1.0627  SC_ANGLE=         2.0602  SC_DIHED   =         0.3646
 SC_14NB=         0.6877  SC_14EEL=         0.0000  SC_VDW     =        -0.0912
 SC_EEL =         0.0000
 SC_RES_DIST=     0.0000  SC_RES_ANG=       0.0000  SC_RES_TORS=         0.0000
 SC_EEL_DER=      0.0000  SC_VDW_DER=       0.0000  SC_DERIV   =         0.0000
 ------------------------------------------------------------------------------


| TI region  2


 NSTEP =   130000   TIME(PS) =     130.000  TEMP(K) = Infinity  PRESS =     0.0
 Etot   =        -0.0001  EKtot   =         0.0000  EPtot      =        -0.0001
 BOND   =        -0.0000  ANGLE   =         0.0000  DIHED      =         0.0000
 1-4 NB =         0.0000  1-4 EEL =         0.0000  VDWAALS    =        -0.0001
 EELEC  =         0.0000  EHBOND  =         0.0000  RESTRAINT  =         0.0000
 DV/DL  =         0.0001
 ------------------------------------------------------------------------------

 NMR restraints: Bond =    0.000   Angle =     0.000   Torsion =     0.000
===============================================================================

| TI region  1


 NSTEP =   135000   TIME(PS) =     135.000  TEMP(K) =   201.34  PRESS =     0.0
 Etot   =         7.2016  EKtot   =         7.2017  EPtot      =        -0.0001
 BOND   =         0.0000  ANGLE   =        -0.0000  DIHED      =        -0.0000
 1-4 NB =         0.0000  1-4 EEL =         0.0000  VDWAALS    =        -0.0001
 EELEC  =         0.0000  EHBOND  =         0.0000  RESTRAINT  =         0.0000
 DV/DL  =         0.0001
 ------------------------------------------------------------------------------

  Softcore part of the system:      12 atoms,       TEMP(K)    =         201.34
 SC_Etot=        11.7707  SC_EKtot=         7.2017  SC_EPtot   =         4.5690
 SC_BOND=         1.6914  SC_ANGLE=         2.3787  SC_DIHED   =         0.5078
 SC_14NB=         0.0469  SC_14EEL=         0.0000  SC_VDW     =        -0.0558
 SC_EEL =         0.0000
 SC_RES_DIST=     0.0000  SC_RES_ANG=       0.0000  SC_RES_TORS=         0.0000
 SC_EEL_DER=      0.0000  SC_VDW_DER=       0.0000  SC_DERIV   =         0.0000
 ------------------------------------------------------------------------------


| TI region  2


 NSTEP =   135000   TIME(PS) =     135.000  TEMP(K) = Infinity  PRESS =     0.0
 Etot   =        -0.0001  EKtot   =         0.0000  EPtot      =        -0.0001
 BOND   =         0.0000  ANGLE   =        -0.0000  DIHED      =        -0.0000
 1-4 NB =         0.0000  1-4 EEL =         0.0000  VDWAALS    =        -0.0001
 EELEC  =         0.0000  EHBOND  =         0.0000  RESTRAINT  =         0.0000
 DV/DL  =         0.0001
 ------------------------------------------------------------------------------

 NMR restraints: Bond =    0.000   Angle =     0.000   Torsion =     0.000
===============================================================================

| TI region  1


 NSTEP =   140000   TIME(PS) =     140.000  TEMP(K) =   233.66  PRESS =     0.0
 Etot   =         8.3577  EKtot   =         8.3578  EPtot      =        -0.0001
 BOND   =        -0.0000  ANGLE   =        -0.0000  DIHED      =         0.0000
 1-4 NB =         0.0000  1-4 EEL =         0.0000  VDWAALS    =        -0.0001
 EELEC  =         0.0000  EHBOND  =         0.0000  RESTRAINT  =         0.0000
 DV/DL  =         0.0001
 ------------------------------------------------------------------------------

  Softcore part of the system:      12 atoms,       TEMP(K)    =         233.66
 SC_Etot=        13.5082  SC_EKtot=         8.3578  SC_EPtot   =         5.1504
 SC_BOND=         1.5621  SC_ANGLE=         2.7187  SC_DIHED   =         0.7067
 SC_14NB=         0.2299  SC_14EEL=         0.0000  SC_VDW     =        -0.0669
 SC_EEL =         0.0000
 SC_RES_DIST=     0.0000  SC_RES_ANG=       0.0000  SC_RES_TORS=         0.0000
 SC_EEL_DER=      0.0000  SC_VDW_DER=       0.0000  SC_DERIV   =         0.0000
 ------------------------------------------------------------------------------


| TI region  2


 NSTEP =   140000   TIME(PS) =     140.000  TEMP(K) = Infinity  PRESS =     0.0
 Etot   =        -0.0001  EKtot   =         0.0000  EPtot      =        -0.0001
 BOND   =        -0.0000  ANGLE   =        -0.0000  DIHED      =         0.0000
 1-4 NB =         0.0000  1-4 EEL =         0.0000  VDWAALS    =        -0.0001
 EELEC  =         0.0000  EHBOND  =         0.0000  RESTRAINT  =         0.0000
 DV/DL  =         0.0001
 ------------------------------------------------------------------------------

 NMR restraints: Bond =    0.000   Angle =     0.000   Torsion =     0.000
===============================================================================

| TI region  1


 NSTEP =   145000   TIME(PS) =     145.000  TEMP(K) =   327.87  PRESS =     0.0
 Etot   =        11.7277  EKtot   =        11.7278  EPtot      =        -0.0001
 BOND   =        -0.0000  ANGLE   =         0.0000  DIHED      =         0.0000
 1-4 NB =         0.0000  1-4 EEL =         0.0000  VDWAALS    =        -0.0001
 EELEC  =         0.0000  EHBOND  =         0.0000  RESTRAINT  =         0.0000
 DV/DL  =         0.0001
 ------------------------------------------------------------------------------

  Softcore part of the system:      12 atoms,       TEMP(K)    =         327.87
 SC_Etot=        22.3411  SC_EKtot=        11.7278  SC_EPtot   =        10.6133
 SC_BOND=         3.5390  SC_ANGLE=         2.7741  SC_DIHED   =         3.9272
 SC_14NB=         0.4744  SC_14EEL=         0.0000  SC_VDW     =        -0.1014
 SC_EEL =         0.0000
 SC_RES_DIST=     0.0000  SC_RES_ANG=       0.0000  SC_RES_TORS=         0.0000
 SC_EEL_DER=      0.0000  SC_VDW_DER=       0.0000  SC_DERIV   =         0.0000
 ------------------------------------------------------------------------------


| TI region  2


 NSTEP =   145000   TIME(PS) =     145.000  TEMP(K) = Infinity  PRESS =     0.0
 Etot   =        -0.0001  EKtot   =         0.0000  EPtot      =        -0.0001
 BOND   =        -0.0000  ANGLE   =         0.0000  DIHED      =         0.0000
 1-4 NB =         0.0000  1-4 EEL =         0.0000  VDWAALS    =        -0.0001
 EELEC  =         0.0000  EHBOND  =         0.0000  RESTRAINT  =         0.0000
 DV/DL  =         0.0001
 ------------------------------------------------------------------------------

 NMR restraints: Bond =    0.000   Angle =     0.000   Torsion =     0.000
===============================================================================

| TI region  1


 NSTEP =   150000   TIME(PS) =     150.000  TEMP(K) =   185.22  PRESS =     0.0
 Etot   =         6.6252  EKtot   =         6.6253  EPtot      =        -0.0001
 BOND   =         0.0000  ANGLE   =        -0.0000  DIHED      =        -0.0000
 1-4 NB =         0.0000  1-4 EEL =         0.0000  VDWAALS    =        -0.0001
 EELEC  =         0.0000  EHBOND  =         0.0000  RESTRAINT  =         0.0000
 DV/DL  =         0.0001
 ------------------------------------------------------------------------------

  Softcore part of the system:      12 atoms,       TEMP(K)    =         185.22
 SC_Etot=        16.6664  SC_EKtot=         6.6253  SC_EPtot   =        10.0411
 SC_BOND=         6.2602  SC_ANGLE=         2.7490  SC_DIHED   =         0.6168
 SC_14NB=         0.4680  SC_14EEL=         0.0000  SC_VDW     =        -0.0530
 SC_EEL =         0.0000
 SC_RES_DIST=     0.0000  SC_RES_ANG=       0.0000  SC_RES_TORS=         0.0000
 SC_EEL_DER=      0.0000  SC_VDW_DER=       0.0000  SC_DERIV   =         0.0000
 ------------------------------------------------------------------------------


| TI region  2


 NSTEP =   150000   TIME(PS) =     150.000  TEMP(K) = Infinity  PRESS =     0.0
 Etot   =        -0.0001  EKtot   =         0.0000  EPtot      =        -0.0001
 BOND   =         0.0000  ANGLE   =        -0.0000  DIHED      =        -0.0000
 1-4 NB =         0.0000  1-4 EEL =         0.0000  VDWAALS    =        -0.0001
 EELEC  =         0.0000  EHBOND  =         0.0000  RESTRAINT  =         0.0000
 DV/DL  =         0.0001
 ------------------------------------------------------------------------------

 NMR restraints: Bond =    0.000   Angle =     0.000   Torsion =     0.000
===============================================================================

| TI region  1


 NSTEP =   155000   TIME(PS) =     155.000  TEMP(K) =   189.53  PRESS =     0.0
 Etot   =         6.7792  EKtot   =         6.7793  EPtot      =        -0.0001
 BOND   =         0.0000  ANGLE   =        -0.0000  DIHED      =         0.0000
 1-4 NB =         0.0000  1-4 EEL =         0.0000  VDWAALS    =        -0.0001
 EELEC  =         0.0000  EHBOND  =         0.0000  RESTRAINT  =         0.0000
 DV/DL  =         0.0001
 ------------------------------------------------------------------------------

  Softcore part of the system:      12 atoms,       TEMP(K)    =         189.53
 SC_Etot=        12.9929  SC_EKtot=         6.7793  SC_EPtot   =         6.2136
 SC_BOND=         1.2259  SC_ANGLE=         4.1514  SC_DIHED   =         0.5797
 SC_14NB=         0.3172  SC_14EEL=         0.0000  SC_VDW     =        -0.0606
 SC_EEL =         0.0000
 SC_RES_DIST=     0.0000  SC_RES_ANG=       0.0000  SC_RES_TORS=         0.0000
 SC_EEL_DER=      0.0000  SC_VDW_DER=       0.0000  SC_DERIV   =         0.0000
 ------------------------------------------------------------------------------


| TI region  2


 NSTEP =   155000   TIME(PS) =     155.000  TEMP(K) = Infinity  PRESS =     0.0
 Etot   =        -0.0001  EKtot   =         0.0000  EPtot      =        -0.0001
 BOND   =         0.0000  ANGLE   =        -0.0000  DIHED      =         0.0000
 1-4 NB =         0.0000  1-4 EEL =         0.0000  VDWAALS    =        -0.0001
 EELEC  =         0.0000  EHBOND  =         0.0000  RESTRAINT  =         0.0000
 DV/DL  =         0.0001
 ------------------------------------------------------------------------------

 NMR restraints: Bond =    0.000   Angle =     0.000   Torsion =     0.000
===============================================================================

| TI region  1


 NSTEP =   160000   TIME(PS) =     160.000  TEMP(K) =   258.34  PRESS =     0.0
 Etot   =         9.2407  EKtot   =         9.2408  EPtot      =        -0.0001
 BOND   =        -0.0000  ANGLE   =         0.0000  DIHED      =        -0.0000
 1-4 NB =         0.0000  1-4 EEL =         0.0000  VDWAALS    =        -0.0001
 EELEC  =         0.0000  EHBOND  =         0.0000  RESTRAINT  =         0.0000
 DV/DL  =         0.0001
 ------------------------------------------------------------------------------

  Softcore part of the system:      12 atoms,       TEMP(K)    =         258.34
 SC_Etot=        18.7479  SC_EKtot=         9.2408  SC_EPtot   =         9.5071
 SC_BOND=         2.8122  SC_ANGLE=         5.0962  SC_DIHED   =         1.0413
 SC_14NB=         0.6180  SC_14EEL=         0.0000  SC_VDW     =        -0.0606
 SC_EEL =         0.0000
 SC_RES_DIST=     0.0000  SC_RES_ANG=       0.0000  SC_RES_TORS=         0.0000
 SC_EEL_DER=      0.0000  SC_VDW_DER=       0.0000  SC_DERIV   =         0.0000
 ------------------------------------------------------------------------------


| TI region  2


 NSTEP =   160000   TIME(PS) =     160.000  TEMP(K) = Infinity  PRESS =     0.0
 Etot   =        -0.0001  EKtot   =         0.0000  EPtot      =        -0.0001
 BOND   =        -0.0000  ANGLE   =         0.0000  DIHED      =        -0.0000
 1-4 NB =         0.0000  1-4 EEL =         0.0000  VDWAALS    =        -0.0001
 EELEC  =         0.0000  EHBOND  =         0.0000  RESTRAINT  =         0.0000
 DV/DL  =         0.0001
 ------------------------------------------------------------------------------

 NMR restraints: Bond =    0.000   Angle =     0.000   Torsion =     0.000
===============================================================================

| TI region  1


 NSTEP =   165000   TIME(PS) =     165.000  TEMP(K) =   254.22  PRESS =     0.0
 Etot   =         9.0932  EKtot   =         9.0933  EPtot      =        -0.0001
 BOND   =        -0.0000  ANGLE   =        -0.0000  DIHED      =         0.0000
 1-4 NB =         0.0000  1-4 EEL =         0.0000  VDWAALS    =        -0.0001
 EELEC  =         0.0000  EHBOND  =         0.0000  RESTRAINT  =         0.0000
 DV/DL  =         0.0001
 ------------------------------------------------------------------------------

  Softcore part of the system:      12 atoms,       TEMP(K)    =         254.22
 SC_Etot=        18.1141  SC_EKtot=         9.0933  SC_EPtot   =         9.0208
 SC_BOND=         4.5048  SC_ANGLE=         4.1337  SC_DIHED   =         0.3241
 SC_14NB=         0.1109  SC_14EEL=         0.0000  SC_VDW     =        -0.0527
 SC_EEL =         0.0000
 SC_RES_DIST=     0.0000  SC_RES_ANG=       0.0000  SC_RES_TORS=         0.0000
 SC_EEL_DER=      0.0000  SC_VDW_DER=       0.0000  SC_DERIV   =         0.0000
 ------------------------------------------------------------------------------


| TI region  2


 NSTEP =   165000   TIME(PS) =     165.000  TEMP(K) = Infinity  PRESS =     0.0
 Etot   =        -0.0001  EKtot   =         0.0000  EPtot      =        -0.0001
 BOND   =        -0.0000  ANGLE   =        -0.0000  DIHED      =         0.0000
 1-4 NB =         0.0000  1-4 EEL =         0.0000  VDWAALS    =        -0.0001
 EELEC  =         0.0000  EHBOND  =         0.0000  RESTRAINT  =         0.0000
 DV/DL  =         0.0001
 ------------------------------------------------------------------------------

 NMR restraints: Bond =    0.000   Angle =     0.000   Torsion =     0.000
===============================================================================

| TI region  1


 NSTEP =   170000   TIME(PS) =     170.000  TEMP(K) =   275.46  PRESS =     0.0
 Etot   =         9.8529  EKtot   =         9.8530  EPtot      =        -0.0001
 BOND   =        -0.0000  ANGLE   =        -0.0000  DIHED      =        -0.0000
 1-4 NB =         0.0000  1-4 EEL =         0.0000  VDWAALS    =        -0.0001
 EELEC  =         0.0000  EHBOND  =         0.0000  RESTRAINT  =         0.0000
 DV/DL  =         0.0001
 ------------------------------------------------------------------------------

  Softcore part of the system:      12 atoms,       TEMP(K)    =         275.46
 SC_Etot=        17.6863  SC_EKtot=         9.8530  SC_EPtot   =         7.8334
 SC_BOND=         3.9693  SC_ANGLE=         2.6478  SC_DIHED   =         0.5931
 SC_14NB=         0.6829  SC_14EEL=         0.0000  SC_VDW     =        -0.0597
 SC_EEL =         0.0000
 SC_RES_DIST=     0.0000  SC_RES_ANG=       0.0000  SC_RES_TORS=         0.0000
 SC_EEL_DER=      0.0000  SC_VDW_DER=       0.0000  SC_DERIV   =         0.0000
 ------------------------------------------------------------------------------


| TI region  2


 NSTEP =   170000   TIME(PS) =     170.000  TEMP(K) = Infinity  PRESS =     0.0
 Etot   =        -0.0001  EKtot   =         0.0000  EPtot      =        -0.0001
 BOND   =        -0.0000  ANGLE   =        -0.0000  DIHED      =        -0.0000
 1-4 NB =         0.0000  1-4 EEL =         0.0000  VDWAALS    =        -0.0001
 EELEC  =         0.0000  EHBOND  =         0.0000  RESTRAINT  =         0.0000
 DV/DL  =         0.0001
 ------------------------------------------------------------------------------

 NMR restraints: Bond =    0.000   Angle =     0.000   Torsion =     0.000
===============================================================================

| TI region  1


 NSTEP =   175000   TIME(PS) =     175.000  TEMP(K) =   305.28  PRESS =     0.0
 Etot   =        10.9197  EKtot   =        10.9198  EPtot      =        -0.0001
 BOND   =         0.0000  ANGLE   =         0.0000  DIHED      =         0.0000
 1-4 NB =         0.0000  1-4 EEL =         0.0000  VDWAALS    =        -0.0001
 EELEC  =         0.0000  EHBOND  =         0.0000  RESTRAINT  =         0.0000
 DV/DL  =         0.0001
 ------------------------------------------------------------------------------

  Softcore part of the system:      12 atoms,       TEMP(K)    =         305.28
 SC_Etot=        16.6022  SC_EKtot=        10.9198  SC_EPtot   =         5.6825
 SC_BOND=         1.7224  SC_ANGLE=         3.1102  SC_DIHED   =         0.6160
 SC_14NB=         0.3011  SC_14EEL=         0.0000  SC_VDW     =        -0.0673
 SC_EEL =         0.0000
 SC_RES_DIST=     0.0000  SC_RES_ANG=       0.0000  SC_RES_TORS=         0.0000
 SC_EEL_DER=      0.0000  SC_VDW_DER=       0.0000  SC_DERIV   =         0.0000
 ------------------------------------------------------------------------------


| TI region  2


 NSTEP =   175000   TIME(PS) =     175.000  TEMP(K) = Infinity  PRESS =     0.0
 Etot   =        -0.0001  EKtot   =         0.0000  EPtot      =        -0.0001
 BOND   =         0.0000  ANGLE   =         0.0000  DIHED      =         0.0000
 1-4 NB =         0.0000  1-4 EEL =         0.0000  VDWAALS    =        -0.0001
 EELEC  =         0.0000  EHBOND  =         0.0000  RESTRAINT  =         0.0000
 DV/DL  =         0.0001
 ------------------------------------------------------------------------------

 NMR restraints: Bond =    0.000   Angle =     0.000   Torsion =     0.000
===============================================================================

| TI region  1


 NSTEP =   180000   TIME(PS) =     180.000  TEMP(K) =   368.13  PRESS =     0.0
 Etot   =        13.1676  EKtot   =        13.1677  EPtot      =        -0.0001
 BOND   =        -0.0000  ANGLE   =         0.0000  DIHED      =         0.0000
 1-4 NB =         0.0000  1-4 EEL =         0.0000  VDWAALS    =        -0.0001
 EELEC  =         0.0000  EHBOND  =         0.0000  RESTRAINT  =         0.0000
 DV/DL  =         0.0001
 ------------------------------------------------------------------------------

  Softcore part of the system:      12 atoms,       TEMP(K)    =         368.13
 SC_Etot=        21.2104  SC_EKtot=        13.1677  SC_EPtot   =         8.0426
 SC_BOND=         2.6733  SC_ANGLE=         4.7377  SC_DIHED   =         0.6717
 SC_14NB=         0.0034  SC_14EEL=         0.0000  SC_VDW     =        -0.0435
 SC_EEL =         0.0000
 SC_RES_DIST=     0.0000  SC_RES_ANG=       0.0000  SC_RES_TORS=         0.0000
 SC_EEL_DER=      0.0000  SC_VDW_DER=       0.0000  SC_DERIV   =         0.0000
 ------------------------------------------------------------------------------


| TI region  2


 NSTEP =   180000   TIME(PS) =     180.000  TEMP(K) = Infinity  PRESS =     0.0
 Etot   =        -0.0001  EKtot   =         0.0000  EPtot      =        -0.0001
 BOND   =        -0.0000  ANGLE   =         0.0000  DIHED      =         0.0000
 1-4 NB =         0.0000  1-4 EEL =         0.0000  VDWAALS    =        -0.0001
 EELEC  =         0.0000  EHBOND  =         0.0000  RESTRAINT  =         0.0000
 DV/DL  =         0.0001
 ------------------------------------------------------------------------------

 NMR restraints: Bond =    0.000   Angle =     0.000   Torsion =     0.000
===============================================================================

| TI region  1


 NSTEP =   185000   TIME(PS) =     185.000  TEMP(K) =   229.35  PRESS =     0.0
 Etot   =         8.2037  EKtot   =         8.2038  EPtot      =        -0.0001
 BOND   =        -0.0000  ANGLE   =         0.0000  DIHED      =         0.0000
 1-4 NB =         0.0000  1-4 EEL =         0.0000  VDWAALS    =        -0.0001
 EELEC  =         0.0000  EHBOND  =         0.0000  RESTRAINT  =         0.0000
 DV/DL  =         0.0001
 ------------------------------------------------------------------------------

  Softcore part of the system:      12 atoms,       TEMP(K)    =         229.35
 SC_Etot=        19.3112  SC_EKtot=         8.2038  SC_EPtot   =        11.1074
 SC_BOND=         5.1356  SC_ANGLE=         5.1736  SC_DIHED   =         0.4157
 SC_14NB=         0.4335  SC_14EEL=         0.0000  SC_VDW     =        -0.0510
 SC_EEL =         0.0000
 SC_RES_DIST=     0.0000  SC_RES_ANG=       0.0000  SC_RES_TORS=         0.0000
 SC_EEL_DER=      0.0000  SC_VDW_DER=       0.0000  SC_DERIV   =         0.0000
 ------------------------------------------------------------------------------


| TI region  2


 NSTEP =   185000   TIME(PS) =     185.000  TEMP(K) =-Infinity  PRESS =     0.0
 Etot   =        -0.0001  EKtot   =        -0.0000  EPtot      =        -0.0001
 BOND   =        -0.0000  ANGLE   =         0.0000  DIHED      =         0.0000
 1-4 NB =         0.0000  1-4 EEL =         0.0000  VDWAALS    =        -0.0001
 EELEC  =         0.0000  EHBOND  =         0.0000  RESTRAINT  =         0.0000
 DV/DL  =         0.0001
 ------------------------------------------------------------------------------

 NMR restraints: Bond =    0.000   Angle =     0.000   Torsion =     0.000
===============================================================================

| TI region  1


 NSTEP =   190000   TIME(PS) =     190.000  TEMP(K) =   489.44  PRESS =     0.0
 Etot   =        17.5069  EKtot   =        17.5070  EPtot      =        -0.0001
 BOND   =        -0.0000  ANGLE   =        -0.0000  DIHED      =        -0.0000
 1-4 NB =         0.0000  1-4 EEL =         0.0000  VDWAALS    =        -0.0001
 EELEC  =         0.0000  EHBOND  =         0.0000  RESTRAINT  =         0.0000
 DV/DL  =         0.0001
 ------------------------------------------------------------------------------

  Softcore part of the system:      12 atoms,       TEMP(K)    =         489.44
 SC_Etot=        30.6762  SC_EKtot=        17.5070  SC_EPtot   =        13.1691
 SC_BOND=         3.5376  SC_ANGLE=         5.7397  SC_DIHED   =         3.4352
 SC_14NB=         0.5417  SC_14EEL=         0.0000  SC_VDW     =        -0.0850
 SC_EEL =         0.0000
 SC_RES_DIST=     0.0000  SC_RES_ANG=       0.0000  SC_RES_TORS=         0.0000
 SC_EEL_DER=      0.0000  SC_VDW_DER=       0.0000  SC_DERIV   =         0.0000
 ------------------------------------------------------------------------------


| TI region  2


 NSTEP =   190000   TIME(PS) =     190.000  TEMP(K) = Infinity  PRESS =     0.0
 Etot   =        -0.0001  EKtot   =         0.0000  EPtot      =        -0.0001
 BOND   =        -0.0000  ANGLE   =        -0.0000  DIHED      =        -0.0000
 1-4 NB =         0.0000  1-4 EEL =         0.0000  VDWAALS    =        -0.0001
 EELEC  =         0.0000  EHBOND  =         0.0000  RESTRAINT  =         0.0000
 DV/DL  =         0.0001
 ------------------------------------------------------------------------------

 NMR restraints: Bond =    0.000   Angle =     0.000   Torsion =     0.000
===============================================================================

| TI region  1


 NSTEP =   195000   TIME(PS) =     195.000  TEMP(K) =   331.28  PRESS =     0.0
 Etot   =        11.8495  EKtot   =        11.8496  EPtot      =        -0.0001
 BOND   =        -0.0000  ANGLE   =         0.0000  DIHED      =         0.0000
 1-4 NB =         0.0000  1-4 EEL =         0.0000  VDWAALS    =        -0.0001
 EELEC  =         0.0000  EHBOND  =         0.0000  RESTRAINT  =         0.0000
 DV/DL  =         0.0001
 ------------------------------------------------------------------------------

  Softcore part of the system:      12 atoms,       TEMP(K)    =         331.28
 SC_Etot=        22.4465  SC_EKtot=        11.8496  SC_EPtot   =        10.5969
 SC_BOND=         2.6115  SC_ANGLE=         6.1298  SC_DIHED   =         1.4014
 SC_14NB=         0.5374  SC_14EEL=         0.0000  SC_VDW     =        -0.0831
 SC_EEL =         0.0000
 SC_RES_DIST=     0.0000  SC_RES_ANG=       0.0000  SC_RES_TORS=         0.0000
 SC_EEL_DER=      0.0000  SC_VDW_DER=       0.0000  SC_DERIV   =         0.0000
 ------------------------------------------------------------------------------


| TI region  2


 NSTEP =   195000   TIME(PS) =     195.000  TEMP(K) = Infinity  PRESS =     0.0
 Etot   =        -0.0001  EKtot   =         0.0000  EPtot      =        -0.0001
 BOND   =        -0.0000  ANGLE   =         0.0000  DIHED      =         0.0000
 1-4 NB =         0.0000  1-4 EEL =         0.0000  VDWAALS    =        -0.0001
 EELEC  =         0.0000  EHBOND  =         0.0000  RESTRAINT  =         0.0000
 DV/DL  =         0.0001
 ------------------------------------------------------------------------------

 NMR restraints: Bond =    0.000   Angle =     0.000   Torsion =     0.000
===============================================================================

| TI region  1


 NSTEP =   200000   TIME(PS) =     200.000  TEMP(K) =   212.42  PRESS =     0.0
 Etot   =         7.5981  EKtot   =         7.5982  EPtot      =        -0.0001
 BOND   =         0.0000  ANGLE   =        -0.0000  DIHED      =        -0.0000
 1-4 NB =         0.0000  1-4 EEL =         0.0000  VDWAALS    =        -0.0001
 EELEC  =         0.0000  EHBOND  =         0.0000  RESTRAINT  =         0.0000
 DV/DL  =         0.0001
 ------------------------------------------------------------------------------

  Softcore part of the system:      12 atoms,       TEMP(K)    =         212.42
 SC_Etot=        16.8168  SC_EKtot=         7.5982  SC_EPtot   =         9.2186
 SC_BOND=         5.4506  SC_ANGLE=         3.1805  SC_DIHED   =         0.5136
 SC_14NB=         0.1533  SC_14EEL=         0.0000  SC_VDW     =        -0.0794
 SC_EEL =         0.0000
 SC_RES_DIST=     0.0000  SC_RES_ANG=       0.0000  SC_RES_TORS=         0.0000
 SC_EEL_DER=      0.0000  SC_VDW_DER=       0.0000  SC_DERIV   =         0.0000
 ------------------------------------------------------------------------------


| TI region  2


 NSTEP =   200000   TIME(PS) =     200.000  TEMP(K) = Infinity  PRESS =     0.0
 Etot   =        -0.0001  EKtot   =         0.0000  EPtot      =        -0.0001
 BOND   =         0.0000  ANGLE   =        -0.0000  DIHED      =        -0.0000
 1-4 NB =         0.0000  1-4 EEL =         0.0000  VDWAALS    =        -0.0001
 EELEC  =         0.0000  EHBOND  =         0.0000  RESTRAINT  =         0.0000
 DV/DL  =         0.0001
 ------------------------------------------------------------------------------

 NMR restraints: Bond =    0.000   Angle =     0.000   Torsion =     0.000
===============================================================================

| TI region  1


      A V E R A G E S   O V E R      40 S T E P S


 NSTEP =   200000   TIME(PS) =     200.000  TEMP(K) =   160.94  PRESS =     0.0
 Etot   =         5.7565  EKtot   =         5.7566  EPtot      =        -0.0001
 BOND   =        -0.0000  ANGLE   =         0.0000  DIHED      =         0.0000
 1-4 NB =         0.0000  1-4 EEL =         0.0000  VDWAALS    =        -0.0001
 EELEC  =         0.0000  EHBOND  =         0.0000  RESTRAINT  =         0.0000
 DV/DL  =         0.0001
 ------------------------------------------------------------------------------

 NMR restraints: Bond =    0.000   Angle =     0.000   Torsion =     0.000
===============================================================================
  Softcore part of the system:      12 atoms,       TEMP(K)    =         160.94
 SC_Etot=        10.9065  SC_EKtot=         5.7566  SC_EPtot   =         5.1499
 SC_BOND=         1.8640  SC_ANGLE=         2.4147  SC_DIHED   =         0.6004
 SC_14NB=         0.3454  SC_14EEL=         0.0000  SC_VDW     =        -0.0745
 SC_EEL =         0.0000
 SC_RES_DIST=     0.0000  SC_RES_ANG=       0.0000  SC_RES_TORS=         0.0000
 SC_EEL_DER=      0.0000  SC_VDW_DER=       0.0000  SC_DERIV   =         0.0000
 ------------------------------------------------------------------------------


      R M S  F L U C T U A T I O N S


 NSTEP =   200000   TIME(PS) =     200.000  TEMP(K) =   107.46  PRESS =     0.0
 Etot   =         3.8438  EKtot   =         3.8438  EPtot      =         0.0000
 BOND   =         0.0000  ANGLE   =         0.0000  DIHED      =         0.0000
 1-4 NB =         0.0000  1-4 EEL =         0.0000  VDWAALS    =         0.0000
 EELEC  =         0.0000  EHBOND  =         0.0000  RESTRAINT  =         0.0000
 DV/DL  =         0.0000
 ------------------------------------------------------------------------------

  Softcore part of the system:      12 atoms,       TEMP(K)    =         107.46
 SC_Etot=         6.7853  SC_EKtot=         3.8438  SC_EPtot   =         3.1782
 SC_BOND=         1.4987  SC_ANGLE=         1.5403  SC_DIHED   =         0.7706
 SC_14NB=         0.1901  SC_14EEL=         0.0000  SC_VDW     =         0.0136
 SC_EEL =         0.0000
 SC_RES_DIST=     0.0000  SC_RES_ANG=       0.0000  SC_RES_TORS=         0.0000
 SC_EEL_DER=      0.0000  SC_VDW_DER=       0.0000  SC_DERIV   =         0.0000
 ------------------------------------------------------------------------------


| TI region  2


      A V E R A G E S   O V E R      40 S T E P S


 NSTEP =   200000   TIME(PS) =     200.000  TEMP(K) =      NaN  PRESS =     0.0
 Etot   =        -0.0001  EKtot   =         0.0000  EPtot      =        -0.0001
 BOND   =        -0.0000  ANGLE   =         0.0000  DIHED      =         0.0000
 1-4 NB =         0.0000  1-4 EEL =         0.0000  VDWAALS    =        -0.0001
 EELEC  =         0.0000  EHBOND  =         0.0000  RESTRAINT  =         0.0000
 DV/DL  =         0.0001
 ------------------------------------------------------------------------------

 NMR restraints: Bond =    0.000   Angle =     0.000   Torsion =     0.000
===============================================================================

      R M S  F L U C T U A T I O N S


 NSTEP =   200000   TIME(PS) =     200.000  TEMP(K) =      NaN  PRESS =     0.0
 Etot   =         0.0000  EKtot   =         0.0000  EPtot      =         0.0000
 BOND   =         0.0000  ANGLE   =         0.0000  DIHED      =         0.0000
 1-4 NB =         0.0000  1-4 EEL =         0.0000  VDWAALS    =         0.0000
 EELEC  =         0.0000  EHBOND  =         0.0000  RESTRAINT  =         0.0000
 DV/DL  =         0.0000
 ------------------------------------------------------------------------------


      DV/DL, AVERAGES OVER      40 STEPS


 NSTEP =   200000   TIME(PS) =     200.000  TEMP(K) =      NaN  PRESS =     0.0
 Etot   =         0.0000  EKtot   =         0.0000  EPtot      =         0.0001
 BOND   =         0.0000  ANGLE   =         0.0000  DIHED      =         0.0000
 1-4 NB =         0.0000  1-4 EEL =         0.0000  VDWAALS    =         0.0001
 EELEC  =         0.0000  EHBOND  =         0.0000  RESTRAINT  =         0.0000
 DV/DL  =         0.0001
 ------------------------------------------------------------------------------


 NMR restraints on final step:

--------------------------------------------------------------------------------
   5.  TIMINGS
--------------------------------------------------------------------------------

|  NonSetup CPU Time in Major Routines:
|
|     Routine           Sec        %
|     ------------------------------
|     Nonbond          56.24   42.92
|     Bond              0.00    0.00
|     Angle             0.00    0.00
|     Dihedral          0.00    0.00
|     Shake             0.00    0.00
|     RunMD            74.27   56.67
|     Other             0.55    0.42
|     ------------------------------
|     Total           131.05

|  PME Nonbond Pairlist CPU Time:
|
|     Routine              Sec        %
|     ---------------------------------
|     Set Up Cit           0.00    0.00
|     Build List           0.00    0.00
|     ---------------------------------
|     Total                0.00    0.00

|  PME Direct Force CPU Time:
|
|     Routine              Sec        %
|     ---------------------------------
|     NonBonded Calc       0.00    0.00
|     Exclude Masked       0.00    0.00
|     Other                0.40    0.30
|     ---------------------------------
|     Total                0.40    0.30

|  PME Reciprocal Force CPU Time:
|
|     Routine              Sec        %
|     ---------------------------------
|     1D bspline           0.00    0.00
|     Grid Charges         0.00    0.00
|     Scalar Sum           0.00    0.00
|     Gradient Sum         0.00    0.00
|     FFT                  0.00    0.00
|     ---------------------------------
|     Total                0.00    0.00

|  Final Performance Info:
|     -----------------------------------------------------
|     Average timings for last   10000 steps:
|     Elapsed(s) =       6.53 Per Step(ms) =       0.65
|         ns/day =     132.22   seconds/ns =     653.48
|
|     Average timings for all steps:
|     Elapsed(s) =     131.23 Per Step(ms) =       0.66
|         ns/day =     131.67   seconds/ns =     656.17
|     -----------------------------------------------------

|  Setup CPU time:            0.45 seconds
|  NonSetup CPU time:       131.05 seconds
|  Total CPU time:          131.50 seconds     0.04 hours

|  Setup wall time:           0    seconds
|  NonSetup wall time:      132    seconds
|  Total wall time:         132    seconds     0.04 hours
