
          -------------------------------------------------------
          Amber 18 PMEMD                              2018
          -------------------------------------------------------

| PMEMD implementation of SANDER, Release 18

| Run on 05/26/2020 at 15:51:26

|   Executable path: /opt/software/Amber/18-foss-2018b-AmberTools-19/bin/pmemd.cuda
| Working directory: /mnt/gs18/scratch/users/songlin3/run/ti_en/tip3p/step1/0.04794
|          Hostname: lac-346

  [-O]verwriting output

File Assignments:
|   MDIN: heat.in                                                               
|  MDOUT: heat.out                                                              
| INPCRD: min.rst                                                               
|   PARM: en_step1_final.prmtop                                                 
| RESTRT: heat.rst                                                              
|   REFC: min.rst                                                               
|  MDVEL: mdvel                                                                 
|   MDEN: mden                                                                  
|  MDCRD: heat.netcdf                                                           
| MDINFO: heat.mdinfo                                                           
|  MDFRC: mdfrc                                                                 


 Here is the input file:

nvt for free MD                                                                
 &cntrl                                                                        
  imin=0,                                                                      
  irest=0,                                                                     
  ntx=1,                                                                       
  ig=-1,                                                                       
  nstlim=100000,                                                               
  dt=0.002,                                                                    
  cut=10.0,                                                                    
  ntc=2,                                                                       
  ntf=2,                                                                       
  ntb=1,                                                                       
  ntt=3,                                                                       
  gamma_ln=2.0,                                                                
  tempi=0.0,                                                                   
  temp0=300.0,                                                                 
  ntpr=5000,                                                                   
  ntwr=5000,                                                                   
  ntwx=10000,                                                                  
  ntwv=0,                                                                      
  ioutfm=1,                                                                    
  iwrap=0,                                                                     
  nmropt=1,                                                                    
  ifsc = 0, icfe=1,                                                            
  clambda=0.04794,                                                             
  timask1=':1',                                                                
  timask2=':2', crgmask = ':2',                                                
/                                                                              
&wt TYPE='TEMP0', istep1=0, istep2=90000, value1=0.0, value2=300.0 /           
&wt TYPE='TEMP0', istep1=90001, istep2=100000, value1=300.0, value2=300.0 /    
&wt TYPE='DUMPFREQ', istep1=10000, /                                           
&wt TYPE='END', /                                                              


Note: ig = -1. Setting random seed to   702305 based on wallclock time in 
      microseconds.
| irandom = 1, using AMBER's internal random number generator (default).
 
|--------------------- INFORMATION ----------------------
| GPU (CUDA) Version of PMEMD in use: NVIDIA GPU IN USE.
|                    Version 18.0.0
| 
|                      03/25/2018
| 
| Implementation by:
|                    Ross C. Walker     (SDSC)
|                    Scott Le Grand     (nVIDIA)
| 
| Version 18 performance extensions by:
|                    David Cerutti     (Rutgers)
| 
| Precision model in use:
|      [SPFP] - Single Precision Forces, 64-bit Fixed Point
|               Accumulation. (Default)
| 
|--------------------------------------------------------
 
|----------------- CITATION INFORMATION -----------------
|
|    When publishing work that utilized the CUDA version
|    of AMBER, please cite the following in addition to
|    the regular AMBER citations:
|
|  - Romelia Salomon-Ferrer; Andreas W. Goetz; Duncan
|    Poole; Scott Le Grand; Ross C. Walker "Routine
|    microsecond molecular dynamics simulations with
|    AMBER - Part II: Particle Mesh Ewald", J. Chem.
|    Theory Comput., 2013, 9 (9), pp3878-3888,
|    DOI: 10.1021/ct400314y.
|
|  - Andreas W. Goetz; Mark J. Williamson; Dong Xu;
|    Duncan Poole; Scott Le Grand; Ross C. Walker
|    "Routine microsecond molecular dynamics simulations
|    with AMBER - Part I: Generalized Born", J. Chem.
|    Theory Comput., 2012, 8 (5), pp1542-1555.
|
|  - Scott Le Grand; Andreas W. Goetz; Ross C. Walker
|    "SPFP: Speed without compromise - a mixed precision
|    model for GPU accelerated molecular dynamics
|    simulations.", Comp. Phys. Comm., 2013, 184
|    pp374-380, DOI: 10.1016/j.cpc.2012.09.022
|
|    When publishing work that utilized the CUDA version
|    of TI, BAR, MBAR or FEP please cite the following 
|    three publications in addition to the regular AMBER 
|    GPU citations:
|
|  - Daniel J. Mermelstein; Charles Lin; Gard Nelson; 
|    Rachael Kretsch; J. Andrew McCammon; Ross C. Walker
|    "Fast and Flexible GPU Accelerated Binding 
|    Free Energy Calculations within the AMBER Molecular
|    Dynamics Package" J. Comp. Chem., 2018,
|    DOI: 10.1002/jcc.25187
|
|  - Tai-Sung Lee; Yuan Hu; Brad Sherborne; Zhuyan Guo;
|    Darrin M. York
|    "Toward Fast and Accurate Binding Affinity Prediction with
|    pmemdGTI: An Efficient Implementation of GPU-Accelerated
|    Thermodynamic Integration"
|    J. Chem. Theory Comput., 2017, 13 (7), 3077
|
|
|--------------------------------------------------------
 
|------------------- GPU DEVICE INFO --------------------
|
|            CUDA_VISIBLE_DEVICES: 0
|   CUDA Capable Devices Detected:      1
|           CUDA Device ID in use:      0
|                CUDA Device Name: Tesla K80
|     CUDA Device Global Mem Size:  12206 MB
| CUDA Device Num Multiprocessors:     13
|           CUDA Device Core Freq:   0.82 GHz
|
|--------------------------------------------------------
 
 
| Conditional Compilation Defines Used:
| PUBFFT
| BINTRAJ
| CUDA
| EMIL

| Largest sphere to fit in unit cell has radius =    27.375

| New format PARM file being parsed.
| Version =    1.000 Date = 05/26/20 Time = 15:44:31

| Note: 1-4 EEL scale factors are being read from the topology file.

| Note: 1-4 VDW scale factors are being read from the topology file.
| Duplicated    0 dihedrals

| Duplicated    0 dihedrals

--------------------------------------------------------------------------------
   1.  RESOURCE   USE: 
--------------------------------------------------------------------------------

 getting box info from netcdf restart file
 NATOM  =   20967 NTYPES =       6 NBONH =   20959 MBONA  =       6
 NTHETH =      32 MTHETA =       4 NPHIH =      40 MPHIA  =       2
 NHPARM =       0 NPARM  =       0 NNB   =   28026 NRES   =    6983
 NBONA  =       6 NTHETA =       4 NPHIA =       2 NUMBND =       6
 NUMANG =       6 NPTRA  =       2 NATYP =       6 NPHB   =       1
 IFBOX  =       2 NMXRS  =      12 IFCAP =       0 NEXTRA =       0
 NCOPY  =       0

| Coordinate Index Table dimensions:    10   10   10
| Direct force subcell size =     6.7054    6.7054    6.7054

     BOX TYPE: TRUNCATED OCTAHEDRON

--------------------------------------------------------------------------------
   2.  CONTROL  DATA  FOR  THE  RUN
--------------------------------------------------------------------------------

default_name                                                                    

General flags:
     imin    =       0, nmropt  =       1

Nature and format of input:
     ntx     =       1, irest   =       0, ntrx    =       1

Nature and format of output:
     ntxo    =       2, ntpr    =    5000, ntrx    =       1, ntwr    =    5000
     iwrap   =       0, ntwx    =   10000, ntwv    =       0, ntwe    =       0
     ioutfm  =       1, ntwprt  =       0, idecomp =       0, rbornstat=      0

Potential function:
     ntf     =       2, ntb     =       1, igb     =       0, nsnb    =      25
     ipol    =       0, gbsa    =       0, iesp    =       0
     dielc   =   1.00000, cut     =  10.00000, intdiel =   1.00000

Frozen or restrained atoms:
     ibelly  =       0, ntr     =       0

Molecular dynamics:
     nstlim  =    100000, nscm    =      1000, nrespa  =         1
     t       =   0.00000, dt      =   0.00200, vlimit  =  -1.00000

Langevin dynamics temperature regulation:
     ig      =  702305
     temp0   = 300.00000, tempi   =   0.00000, gamma_ln=   2.00000

SHAKE:
     ntc     =       2, jfastw  =       0
     tol     =   0.00001

NMR refinement options:
     iscale  =       0, noeskp  =       1, ipnlty  =       1, mxsub   =       1
     scalm   = 100.00000, pencut  =   0.10000, tausw   =   0.10000

Free energy options:
     icfe    =       1, ifsc    =       0, klambda =       1
     clambda =  0.0479, scalpha =  0.5000, scbeta  = 12.0000
     sceeorder =       2
     dynlmb =  0.0000 logdvdl =       0

| Intermolecular bonds treatment:
|     no_intermolecular_bonds =       1

| Energy averages sample interval:
|     ene_avg_sampling =    5000

Ewald parameters:
     verbose =       0, ew_type =       0, nbflag  =       1, use_pme =       1
     vdwmeth =       1, eedmeth =       1, netfrc  =       1
     Box X =   67.054   Box Y =   67.054   Box Z =   67.054
     Alpha =  109.471   Beta  =  109.471   Gamma =  109.471
     NFFT1 =   64       NFFT2 =   64       NFFT3 =   64
     Cutoff=   10.000   Tol   =0.100E-04
     Ewald Coefficient =  0.27511
     Interpolation order =    4
     TI Mask 1 :1; matches     12 atoms
     TI Mask 2 :2; matches     12 atoms
     TI region 1:   20955 atoms
     TI region 2:   20955 atoms
Removing charge of      -0.6664 from atom      13
Removing charge of      -0.6664 from atom      14
Removing charge of      -0.0664 from atom      15
Removing charge of      -0.0664 from atom      16
Removing charge of       0.2792 from atom      17
Removing charge of       0.2802 from atom      18
Removing charge of       0.2802 from atom      19
Removing charge of       0.2792 from atom      20
Removing charge of       0.0898 from atom      21
Removing charge of       0.0837 from atom      22
Removing charge of       0.0898 from atom      23
Removing charge of       0.0837 from atom      24
Total charge of  -0.00000000 removed from      12 atoms
     Checking for mismatched coordinates.

--------------------------------------------------------------------------------
   3.  ATOMIC COORDINATES AND VELOCITIES
--------------------------------------------------------------------------------

default_name                                                                    
 begin time read from input coords =     0.000 ps



           Begin reading energy term weight changes/NMR restraints
 WEIGHT CHANGES:
 TEMP0         0  90000    0.000000  300.000000      0      0
 TEMP0     90001 100000  300.000000  300.000000      0      0
 DUMPFREQ  10000      0    0.000000    0.000000      0      0

 RESTRAINTS:
                          ** No restraint defined **

                  Done reading weight changes/NMR restraints


 
 Number of triangulated 3-point waters found:     6981

     Sum of charges for TI region  1 =  -0.00000000
     Forcing neutrality...


     Sum of charges for TI region  2 =   0.00000000
     Forcing neutrality...

| Dynamic Memory, Types Used:
| Reals              919400
| Integers           798257

| Nonbonded Pairs Initial Allocation:     6341993

| GPU memory information (estimate):
| KB of GPU memory in use:         0
| KB of CPU memory in use:         0

--------------------------------------------------------------------------------
   4.  RESULTS
--------------------------------------------------------------------------------


| TI region  1


 NSTEP =        0   TIME(PS) =       0.000  TEMP(K) =     0.00  PRESS =     0.0
 Etot   =    -65212.9944  EKtot   =         0.0000  EPtot      =    -65212.9944
 BOND   =         0.0709  ANGLE   =         0.4509  DIHED      =         0.7167
 1-4 NB =         0.3951  1-4 EEL =        40.6069  VDWAALS    =      5151.0939
 EELEC  =    -70406.3288  EHBOND  =         0.0000  RESTRAINT  =         0.0000
 DV/DL  =       -14.1932
 ------------------------------------------------------------------------------


| TI region  2


 NSTEP =        0   TIME(PS) =       0.000  TEMP(K) =     0.00  PRESS =     0.0
 Etot   =    -65212.9944  EKtot   =         0.0000  EPtot      =    -65212.9944
 BOND   =         0.0709  ANGLE   =         0.4509  DIHED      =         0.7167
 1-4 NB =         0.3951  1-4 EEL =        40.6069  VDWAALS    =      5151.0939
 EELEC  =    -70406.3288  EHBOND  =         0.0000  RESTRAINT  =         0.0000
 DV/DL  =       -14.1932
 ------------------------------------------------------------------------------

 NMR restraints: Bond =    0.000   Angle =     0.000   Torsion =     0.000
===============================================================================

| TI region  1


 NSTEP =     5000   TIME(PS) =      10.000  TEMP(K) =    15.93  PRESS =     0.0
 Etot   =    -82231.6693  EKtot   =       663.5711  EPtot      =    -82895.2403
 BOND   =         0.0238  ANGLE   =         0.4936  DIHED      =         0.4908
 1-4 NB =         0.3633  1-4 EEL =        37.9020  VDWAALS    =     15040.7216
 EELEC  =    -97975.2353  EHBOND  =         0.0000  RESTRAINT  =         0.0000
 DV/DL  =        -0.1655
 ------------------------------------------------------------------------------


| TI region  2


 NSTEP =     5000   TIME(PS) =      10.000  TEMP(K) =    15.93  PRESS =     0.0
 Etot   =    -82231.6693  EKtot   =       663.5711  EPtot      =    -82895.2403
 BOND   =         0.0238  ANGLE   =         0.4936  DIHED      =         0.4908
 1-4 NB =         0.3633  1-4 EEL =        37.9020  VDWAALS    =     15040.7216
 EELEC  =    -97975.2353  EHBOND  =         0.0000  RESTRAINT  =         0.0000
 DV/DL  =        -0.1655
 ------------------------------------------------------------------------------

 NMR restraints: Bond =    0.000   Angle =     0.000   Torsion =     0.000
===============================================================================

| TI region  1


 NSTEP =    10000   TIME(PS) =      20.000  TEMP(K) =    32.27  PRESS =     0.0
 Etot   =    -81053.8053  EKtot   =      1343.9018  EPtot      =    -82397.7071
 BOND   =         0.1929  ANGLE   =         0.6071  DIHED      =         0.3083
 1-4 NB =         0.4244  1-4 EEL =        38.8952  VDWAALS    =     15055.9826
 EELEC  =    -97494.1177  EHBOND  =         0.0000  RESTRAINT  =         0.0000
 DV/DL  =        -0.5331
 ------------------------------------------------------------------------------


| TI region  2


 NSTEP =    10000   TIME(PS) =      20.000  TEMP(K) =    32.27  PRESS =     0.0
 Etot   =    -81053.8053  EKtot   =      1343.9018  EPtot      =    -82397.7071
 BOND   =         0.1929  ANGLE   =         0.6071  DIHED      =         0.3083
 1-4 NB =         0.4244  1-4 EEL =        38.8952  VDWAALS    =     15055.9826
 EELEC  =    -97494.1177  EHBOND  =         0.0000  RESTRAINT  =         0.0000
 DV/DL  =        -0.5331
 ------------------------------------------------------------------------------

 NMR restraints: Bond =    0.000   Angle =     0.000   Torsion =     0.000
===============================================================================

| TI region  1


 NSTEP =    15000   TIME(PS) =      30.000  TEMP(K) =    49.59  PRESS =     0.0
 Etot   =    -79817.5572  EKtot   =      2065.3826  EPtot      =    -81882.9398
 BOND   =         0.0452  ANGLE   =         1.1442  DIHED      =         0.2291
 1-4 NB =         0.3946  1-4 EEL =        38.4518  VDWAALS    =     14972.9641
 EELEC  =    -96896.1687  EHBOND  =         0.0000  RESTRAINT  =         0.0000
 DV/DL  =        -1.6917
 ------------------------------------------------------------------------------


| TI region  2


 NSTEP =    15000   TIME(PS) =      30.000  TEMP(K) =    49.59  PRESS =     0.0
 Etot   =    -79817.5572  EKtot   =      2065.3826  EPtot      =    -81882.9398
 BOND   =         0.0452  ANGLE   =         1.1442  DIHED      =         0.2291
 1-4 NB =         0.3946  1-4 EEL =        38.4518  VDWAALS    =     14972.9641
 EELEC  =    -96896.1687  EHBOND  =         0.0000  RESTRAINT  =         0.0000
 DV/DL  =        -1.6917
 ------------------------------------------------------------------------------

 NMR restraints: Bond =    0.000   Angle =     0.000   Torsion =     0.000
===============================================================================

| TI region  1


 NSTEP =    20000   TIME(PS) =      40.000  TEMP(K) =    65.65  PRESS =     0.0
 Etot   =    -78715.4862  EKtot   =      2734.1415  EPtot      =    -81449.6277
 BOND   =         0.4470  ANGLE   =         0.6979  DIHED      =         0.3321
 1-4 NB =         0.6860  1-4 EEL =        40.9168  VDWAALS    =     15035.1340
 EELEC  =    -96527.8416  EHBOND  =         0.0000  RESTRAINT  =         0.0000
 DV/DL  =        -0.2690
 ------------------------------------------------------------------------------


| TI region  2


 NSTEP =    20000   TIME(PS) =      40.000  TEMP(K) =    65.65  PRESS =     0.0
 Etot   =    -78715.4862  EKtot   =      2734.1415  EPtot      =    -81449.6277
 BOND   =         0.4470  ANGLE   =         0.6979  DIHED      =         0.3321
 1-4 NB =         0.6860  1-4 EEL =        40.9168  VDWAALS    =     15035.1340
 EELEC  =    -96527.8416  EHBOND  =         0.0000  RESTRAINT  =         0.0000
 DV/DL  =        -0.2690
 ------------------------------------------------------------------------------

 NMR restraints: Bond =    0.000   Angle =     0.000   Torsion =     0.000
===============================================================================

| TI region  1


 NSTEP =    25000   TIME(PS) =      50.000  TEMP(K) =    82.40  PRESS =     0.0
 Etot   =    -77524.0342  EKtot   =      3431.4758  EPtot      =    -80955.5100
 BOND   =         0.1778  ANGLE   =         1.9224  DIHED      =         0.1876
 1-4 NB =         0.4898  1-4 EEL =        40.2623  VDWAALS    =     14966.8871
 EELEC  =    -95965.4369  EHBOND  =         0.0000  RESTRAINT  =         0.0000
 DV/DL  =        -3.0174
 ------------------------------------------------------------------------------


| TI region  2


 NSTEP =    25000   TIME(PS) =      50.000  TEMP(K) =    82.40  PRESS =     0.0
 Etot   =    -77524.0342  EKtot   =      3431.4758  EPtot      =    -80955.5100
 BOND   =         0.1778  ANGLE   =         1.9224  DIHED      =         0.1876
 1-4 NB =         0.4898  1-4 EEL =        40.2623  VDWAALS    =     14966.8871
 EELEC  =    -95965.4369  EHBOND  =         0.0000  RESTRAINT  =         0.0000
 DV/DL  =        -3.0174
 ------------------------------------------------------------------------------

 NMR restraints: Bond =    0.000   Angle =     0.000   Torsion =     0.000
===============================================================================

| TI region  1


 NSTEP =    30000   TIME(PS) =      60.000  TEMP(K) =    99.20  PRESS =     0.0
 Etot   =    -76308.2750  EKtot   =      4131.1869  EPtot      =    -80439.4619
 BOND   =         0.6137  ANGLE   =         1.5416  DIHED      =         0.1944
 1-4 NB =         0.5733  1-4 EEL =        40.4092  VDWAALS    =     14681.0500
 EELEC  =    -95163.8442  EHBOND  =         0.0000  RESTRAINT  =         0.0000
 DV/DL  =         0.4399
 ------------------------------------------------------------------------------


| TI region  2


 NSTEP =    30000   TIME(PS) =      60.000  TEMP(K) =    99.20  PRESS =     0.0
 Etot   =    -76308.2750  EKtot   =      4131.1869  EPtot      =    -80439.4619
 BOND   =         0.6137  ANGLE   =         1.5416  DIHED      =         0.1944
 1-4 NB =         0.5733  1-4 EEL =        40.4092  VDWAALS    =     14681.0500
 EELEC  =    -95163.8442  EHBOND  =         0.0000  RESTRAINT  =         0.0000
 DV/DL  =         0.4399
 ------------------------------------------------------------------------------

 NMR restraints: Bond =    0.000   Angle =     0.000   Torsion =     0.000
===============================================================================

| TI region  1


 NSTEP =    35000   TIME(PS) =      70.000  TEMP(K) =   115.16  PRESS =     0.0
 Etot   =    -75076.3752  EKtot   =      4795.7489  EPtot      =    -79872.1242
 BOND   =         0.1620  ANGLE   =         2.7877  DIHED      =         0.5510
 1-4 NB =         0.1128  1-4 EEL =        38.2171  VDWAALS    =     14641.5197
 EELEC  =    -94555.4744  EHBOND  =         0.0000  RESTRAINT  =         0.0000
 DV/DL  =         3.1881
 ------------------------------------------------------------------------------


| TI region  2


 NSTEP =    35000   TIME(PS) =      70.000  TEMP(K) =   115.16  PRESS =     0.0
 Etot   =    -75076.3752  EKtot   =      4795.7489  EPtot      =    -79872.1242
 BOND   =         0.1620  ANGLE   =         2.7877  DIHED      =         0.5510
 1-4 NB =         0.1128  1-4 EEL =        38.2171  VDWAALS    =     14641.5197
 EELEC  =    -94555.4744  EHBOND  =         0.0000  RESTRAINT  =         0.0000
 DV/DL  =         3.1881
 ------------------------------------------------------------------------------

 NMR restraints: Bond =    0.000   Angle =     0.000   Torsion =     0.000
===============================================================================

| TI region  1


 NSTEP =    40000   TIME(PS) =      80.000  TEMP(K) =   133.49  PRESS =     0.0
 Etot   =    -73716.2803  EKtot   =      5559.0702  EPtot      =    -79275.3505
 BOND   =         0.9608  ANGLE   =         1.5996  DIHED      =         0.7803
 1-4 NB =         0.0735  1-4 EEL =        36.5246  VDWAALS    =     14544.7492
 EELEC  =    -93860.0385  EHBOND  =         0.0000  RESTRAINT  =         0.0000
 DV/DL  =         1.9529
 ------------------------------------------------------------------------------


| TI region  2


 NSTEP =    40000   TIME(PS) =      80.000  TEMP(K) =   133.49  PRESS =     0.0
 Etot   =    -73716.2803  EKtot   =      5559.0702  EPtot      =    -79275.3505
 BOND   =         0.9608  ANGLE   =         1.5996  DIHED      =         0.7803
 1-4 NB =         0.0735  1-4 EEL =        36.5246  VDWAALS    =     14544.7492
 EELEC  =    -93860.0385  EHBOND  =         0.0000  RESTRAINT  =         0.0000
 DV/DL  =         1.9529
 ------------------------------------------------------------------------------

 NMR restraints: Bond =    0.000   Angle =     0.000   Torsion =     0.000
===============================================================================

| TI region  1


 NSTEP =    45000   TIME(PS) =      90.000  TEMP(K) =   147.76  PRESS =     0.0
 Etot   =    -72502.8325  EKtot   =      6153.7285  EPtot      =    -78656.5610
 BOND   =         0.5396  ANGLE   =         2.1504  DIHED      =         0.4957
 1-4 NB =         0.4122  1-4 EEL =        38.5821  VDWAALS    =     14557.7864
 EELEC  =    -93256.5274  EHBOND  =         0.0000  RESTRAINT  =         0.0000
 DV/DL  =         2.0490
 ------------------------------------------------------------------------------


| TI region  2


 NSTEP =    45000   TIME(PS) =      90.000  TEMP(K) =   147.76  PRESS =     0.0
 Etot   =    -72502.8325  EKtot   =      6153.7285  EPtot      =    -78656.5610
 BOND   =         0.5396  ANGLE   =         2.1504  DIHED      =         0.4957
 1-4 NB =         0.4122  1-4 EEL =        38.5821  VDWAALS    =     14557.7864
 EELEC  =    -93256.5274  EHBOND  =         0.0000  RESTRAINT  =         0.0000
 DV/DL  =         2.0490
 ------------------------------------------------------------------------------

 NMR restraints: Bond =    0.000   Angle =     0.000   Torsion =     0.000
===============================================================================

| TI region  1


 NSTEP =    50000   TIME(PS) =     100.000  TEMP(K) =   165.83  PRESS =     0.0
 Etot   =    -70969.5704  EKtot   =      6906.1027  EPtot      =    -77875.6731
 BOND   =         0.2943  ANGLE   =         2.6934  DIHED      =         1.4684
 1-4 NB =         0.5809  1-4 EEL =        35.6998  VDWAALS    =     14389.2382
 EELEC  =    -92305.6481  EHBOND  =         0.0000  RESTRAINT  =         0.0000
 DV/DL  =         4.7363
 ------------------------------------------------------------------------------


| TI region  2


 NSTEP =    50000   TIME(PS) =     100.000  TEMP(K) =   165.83  PRESS =     0.0
 Etot   =    -70969.5704  EKtot   =      6906.1027  EPtot      =    -77875.6731
 BOND   =         0.2943  ANGLE   =         2.6934  DIHED      =         1.4684
 1-4 NB =         0.5809  1-4 EEL =        35.6998  VDWAALS    =     14389.2382
 EELEC  =    -92305.6481  EHBOND  =         0.0000  RESTRAINT  =         0.0000
 DV/DL  =         4.7363
 ------------------------------------------------------------------------------

 NMR restraints: Bond =    0.000   Angle =     0.000   Torsion =     0.000
===============================================================================

| TI region  1


 NSTEP =    55000   TIME(PS) =     110.000  TEMP(K) =   181.60  PRESS =     0.0
 Etot   =    -69250.8612  EKtot   =      7562.8966  EPtot      =    -76813.7578
 BOND   =         0.4789  ANGLE   =         2.8408  DIHED      =         0.5115
 1-4 NB =         0.6070  1-4 EEL =        38.6983  VDWAALS    =     13884.7208
 EELEC  =    -90741.6152  EHBOND  =         0.0000  RESTRAINT  =         0.0000
 DV/DL  =         3.0821
 ------------------------------------------------------------------------------


| TI region  2


 NSTEP =    55000   TIME(PS) =     110.000  TEMP(K) =   181.60  PRESS =     0.0
 Etot   =    -69250.8612  EKtot   =      7562.8966  EPtot      =    -76813.7578
 BOND   =         0.4789  ANGLE   =         2.8408  DIHED      =         0.5115
 1-4 NB =         0.6070  1-4 EEL =        38.6983  VDWAALS    =     13884.7208
 EELEC  =    -90741.6152  EHBOND  =         0.0000  RESTRAINT  =         0.0000
 DV/DL  =         3.0821
 ------------------------------------------------------------------------------

 NMR restraints: Bond =    0.000   Angle =     0.000   Torsion =     0.000
===============================================================================

| TI region  1


 NSTEP =    60000   TIME(PS) =     120.000  TEMP(K) =   199.69  PRESS =     0.0
 Etot   =    -67528.7727  EKtot   =      8316.2737  EPtot      =    -75845.0463
 BOND   =         0.6965  ANGLE   =         4.9660  DIHED      =         1.1735
 1-4 NB =         0.4146  1-4 EEL =        39.8393  VDWAALS    =     13509.7246
 EELEC  =    -89401.8608  EHBOND  =         0.0000  RESTRAINT  =         0.0000
 DV/DL  =         2.5113
 ------------------------------------------------------------------------------


| TI region  2


 NSTEP =    60000   TIME(PS) =     120.000  TEMP(K) =   199.69  PRESS =     0.0
 Etot   =    -67528.7727  EKtot   =      8316.2737  EPtot      =    -75845.0463
 BOND   =         0.6965  ANGLE   =         4.9660  DIHED      =         1.1735
 1-4 NB =         0.4146  1-4 EEL =        39.8393  VDWAALS    =     13509.7246
 EELEC  =    -89401.8608  EHBOND  =         0.0000  RESTRAINT  =         0.0000
 DV/DL  =         2.5113
 ------------------------------------------------------------------------------

 NMR restraints: Bond =    0.000   Angle =     0.000   Torsion =     0.000
===============================================================================

| TI region  1


 NSTEP =    65000   TIME(PS) =     130.000  TEMP(K) =   212.57  PRESS =     0.0
 Etot   =    -65623.4214  EKtot   =      8852.4763  EPtot      =    -74475.8977
 BOND   =         0.4061  ANGLE   =         1.6651  DIHED      =         1.7533
 1-4 NB =         0.2933  1-4 EEL =        34.3455  VDWAALS    =     12780.2272
 EELEC  =    -87294.5883  EHBOND  =         0.0000  RESTRAINT  =         0.0000
 DV/DL  =        -0.2279
 ------------------------------------------------------------------------------


| TI region  2


 NSTEP =    65000   TIME(PS) =     130.000  TEMP(K) =   212.57  PRESS =     0.0
 Etot   =    -65623.4214  EKtot   =      8852.4763  EPtot      =    -74475.8977
 BOND   =         0.4061  ANGLE   =         1.6651  DIHED      =         1.7533
 1-4 NB =         0.2933  1-4 EEL =        34.3455  VDWAALS    =     12780.2272
 EELEC  =    -87294.5883  EHBOND  =         0.0000  RESTRAINT  =         0.0000
 DV/DL  =        -0.2279
 ------------------------------------------------------------------------------

 NMR restraints: Bond =    0.000   Angle =     0.000   Torsion =     0.000
===============================================================================

| TI region  1


 NSTEP =    70000   TIME(PS) =     140.000  TEMP(K) =   227.97  PRESS =     0.0
 Etot   =    -62843.5655  EKtot   =      9494.1232  EPtot      =    -72337.6887
 BOND   =         0.1300  ANGLE   =         3.4311  DIHED      =         0.4191
 1-4 NB =         0.4921  1-4 EEL =        41.0202  VDWAALS    =     11812.1766
 EELEC  =    -84195.3577  EHBOND  =         0.0000  RESTRAINT  =         0.0000
 DV/DL  =         0.2013
 ------------------------------------------------------------------------------


| TI region  2


 NSTEP =    70000   TIME(PS) =     140.000  TEMP(K) =   227.97  PRESS =     0.0
 Etot   =    -62843.5655  EKtot   =      9494.1232  EPtot      =    -72337.6887
 BOND   =         0.1300  ANGLE   =         3.4311  DIHED      =         0.4191
 1-4 NB =         0.4921  1-4 EEL =        41.0202  VDWAALS    =     11812.1766
 EELEC  =    -84195.3577  EHBOND  =         0.0000  RESTRAINT  =         0.0000
 DV/DL  =         0.2013
 ------------------------------------------------------------------------------

 NMR restraints: Bond =    0.000   Angle =     0.000   Torsion =     0.000
===============================================================================

| TI region  1


 NSTEP =    75000   TIME(PS) =     150.000  TEMP(K) =   248.98  PRESS =     0.0
 Etot   =    -59918.9516  EKtot   =     10368.8693  EPtot      =    -70287.8209
 BOND   =         0.6640  ANGLE   =         5.6978  DIHED      =         0.5241
 1-4 NB =         0.6474  1-4 EEL =        40.9336  VDWAALS    =     11231.8280
 EELEC  =    -81568.1159  EHBOND  =         0.0000  RESTRAINT  =         0.0000
 DV/DL  =         1.1447
 ------------------------------------------------------------------------------


| TI region  2


 NSTEP =    75000   TIME(PS) =     150.000  TEMP(K) =   248.98  PRESS =     0.0
 Etot   =    -59918.9516  EKtot   =     10368.8693  EPtot      =    -70287.8209
 BOND   =         0.6640  ANGLE   =         5.6978  DIHED      =         0.5241
 1-4 NB =         0.6474  1-4 EEL =        40.9336  VDWAALS    =     11231.8280
 EELEC  =    -81568.1159  EHBOND  =         0.0000  RESTRAINT  =         0.0000
 DV/DL  =         1.1447
 ------------------------------------------------------------------------------

 NMR restraints: Bond =    0.000   Angle =     0.000   Torsion =     0.000
===============================================================================

| TI region  1


 NSTEP =    80000   TIME(PS) =     160.000  TEMP(K) =   267.57  PRESS =     0.0
 Etot   =    -57573.9550  EKtot   =     11143.1694  EPtot      =    -68717.1244
 BOND   =         1.6491  ANGLE   =         3.4033  DIHED      =         1.4124
 1-4 NB =         0.6727  1-4 EEL =        34.8392  VDWAALS    =     10720.7160
 EELEC  =    -79479.8172  EHBOND  =         0.0000  RESTRAINT  =         0.0000
 DV/DL  =         4.3921
 ------------------------------------------------------------------------------


| TI region  2


 NSTEP =    80000   TIME(PS) =     160.000  TEMP(K) =   267.57  PRESS =     0.0
 Etot   =    -57573.9550  EKtot   =     11143.1694  EPtot      =    -68717.1244
 BOND   =         1.6491  ANGLE   =         3.4033  DIHED      =         1.4124
 1-4 NB =         0.6727  1-4 EEL =        34.8392  VDWAALS    =     10720.7160
 EELEC  =    -79479.8172  EHBOND  =         0.0000  RESTRAINT  =         0.0000
 DV/DL  =         4.3921
 ------------------------------------------------------------------------------

 NMR restraints: Bond =    0.000   Angle =     0.000   Torsion =     0.000
===============================================================================

| TI region  1


 NSTEP =    85000   TIME(PS) =     170.000  TEMP(K) =   282.54  PRESS =     0.0
 Etot   =    -55277.1011  EKtot   =     11766.3944  EPtot      =    -67043.4955
 BOND   =         0.5247  ANGLE   =         5.7084  DIHED      =         0.6218
 1-4 NB =         0.3870  1-4 EEL =        37.8697  VDWAALS    =      9731.2540
 EELEC  =    -76819.8610  EHBOND  =         0.0000  RESTRAINT  =         0.0000
 DV/DL  =        -5.7257
 ------------------------------------------------------------------------------


| TI region  2


 NSTEP =    85000   TIME(PS) =     170.000  TEMP(K) =   282.54  PRESS =     0.0
 Etot   =    -55277.1011  EKtot   =     11766.3944  EPtot      =    -67043.4955
 BOND   =         0.5247  ANGLE   =         5.7084  DIHED      =         0.6218
 1-4 NB =         0.3870  1-4 EEL =        37.8697  VDWAALS    =      9731.2540
 EELEC  =    -76819.8610  EHBOND  =         0.0000  RESTRAINT  =         0.0000
 DV/DL  =        -5.7257
 ------------------------------------------------------------------------------

 NMR restraints: Bond =    0.000   Angle =     0.000   Torsion =     0.000
===============================================================================

| TI region  1


 NSTEP =    90000   TIME(PS) =     180.000  TEMP(K) =   299.72  PRESS =     0.0
 Etot   =    -52990.8367  EKtot   =     12482.2105  EPtot      =    -65473.0472
 BOND   =         0.5984  ANGLE   =         2.9610  DIHED      =         4.0440
 1-4 NB =         0.8960  1-4 EEL =        41.4290  VDWAALS    =      9475.2984
 EELEC  =    -74998.2739  EHBOND  =         0.0000  RESTRAINT  =         0.0000
 DV/DL  =         2.9789
 ------------------------------------------------------------------------------


| TI region  2


 NSTEP =    90000   TIME(PS) =     180.000  TEMP(K) =   299.72  PRESS =     0.0
 Etot   =    -52990.8367  EKtot   =     12482.2105  EPtot      =    -65473.0472
 BOND   =         0.5984  ANGLE   =         2.9610  DIHED      =         4.0440
 1-4 NB =         0.8960  1-4 EEL =        41.4290  VDWAALS    =      9475.2984
 EELEC  =    -74998.2739  EHBOND  =         0.0000  RESTRAINT  =         0.0000
 DV/DL  =         2.9789
 ------------------------------------------------------------------------------

 NMR restraints: Bond =    0.000   Angle =     0.000   Torsion =     0.000
===============================================================================

| TI region  1


 NSTEP =    95000   TIME(PS) =     190.000  TEMP(K) =   299.03  PRESS =     0.0
 Etot   =    -52869.8807  EKtot   =     12453.1687  EPtot      =    -65323.0494
 BOND   =         1.3151  ANGLE   =         4.4970  DIHED      =         0.7441
 1-4 NB =         0.5422  1-4 EEL =        41.9452  VDWAALS    =      9743.9854
 EELEC  =    -75116.0784  EHBOND  =         0.0000  RESTRAINT  =         0.0000
 DV/DL  =        -2.4754
 ------------------------------------------------------------------------------


| TI region  2


 NSTEP =    95000   TIME(PS) =     190.000  TEMP(K) =   299.03  PRESS =     0.0
 Etot   =    -52869.8807  EKtot   =     12453.1687  EPtot      =    -65323.0494
 BOND   =         1.3151  ANGLE   =         4.4970  DIHED      =         0.7441
 1-4 NB =         0.5422  1-4 EEL =        41.9452  VDWAALS    =      9743.9854
 EELEC  =    -75116.0784  EHBOND  =         0.0000  RESTRAINT  =         0.0000
 DV/DL  =        -2.4754
 ------------------------------------------------------------------------------

 NMR restraints: Bond =    0.000   Angle =     0.000   Torsion =     0.000
===============================================================================

| TI region  1


 NSTEP =   100000   TIME(PS) =     200.000  TEMP(K) =   301.73  PRESS =     0.0
 Etot   =    -52651.0431  EKtot   =     12565.9072  EPtot      =    -65216.9504
 BOND   =         1.0816  ANGLE   =         6.9961  DIHED      =         1.1601
 1-4 NB =         0.1364  1-4 EEL =        27.0715  VDWAALS    =      9292.4871
 EELEC  =    -74545.8832  EHBOND  =         0.0000  RESTRAINT  =         0.0000
 DV/DL  =        -0.1633
 ------------------------------------------------------------------------------


| TI region  2


 NSTEP =   100000   TIME(PS) =     200.000  TEMP(K) =   301.73  PRESS =     0.0
 Etot   =    -52651.0431  EKtot   =     12565.9072  EPtot      =    -65216.9504
 BOND   =         1.0816  ANGLE   =         6.9961  DIHED      =         1.1601
 1-4 NB =         0.1364  1-4 EEL =        27.0715  VDWAALS    =      9292.4871
 EELEC  =    -74545.8832  EHBOND  =         0.0000  RESTRAINT  =         0.0000
 DV/DL  =        -0.1633
 ------------------------------------------------------------------------------

 NMR restraints: Bond =    0.000   Angle =     0.000   Torsion =     0.000
===============================================================================

| TI region  1


      A V E R A G E S   O V E R      20 S T E P S


 NSTEP =   100000   TIME(PS) =     200.000  TEMP(K) =   171.43  PRESS =     0.0
 Etot   =    -68222.2137  EKtot   =      7139.4900  EPtot      =    -75361.7037
 BOND   =         0.5501  ANGLE   =         2.8902  DIHED      =         0.8701
 1-4 NB =         0.4600  1-4 EEL =        38.1926  VDWAALS    =     13003.4226
 EELEC  =    -88408.0892  EHBOND  =         0.0000  RESTRAINT  =         0.0000
 DV/DL  =         0.6204
 ------------------------------------------------------------------------------

 NMR restraints: Bond =    0.000   Angle =     0.000   Torsion =     0.000
===============================================================================

      R M S  F L U C T U A T I O N S


 NSTEP =   100000   TIME(PS) =     200.000  TEMP(K) =    92.48  PRESS =     0.0
 Etot   =      9893.6797  EKtot   =      3851.1782  EPtot      =      6117.9843
 BOND   =         0.4191  ANGLE   =         1.8092  DIHED      =         0.8527
 1-4 NB =         0.2008  1-4 EEL =         3.3111  VDWAALS    =      2131.1578
 EELEC  =      8233.7655  EHBOND  =         0.0000  RESTRAINT  =         0.0000
 DV/DL  =         2.5472
 ------------------------------------------------------------------------------


| TI region  2


      A V E R A G E S   O V E R      20 S T E P S


 NSTEP =   100000   TIME(PS) =     200.000  TEMP(K) =   171.43  PRESS =     0.0
 Etot   =    -68222.2137  EKtot   =      7139.4900  EPtot      =    -75361.7037
 BOND   =         0.5501  ANGLE   =         2.8902  DIHED      =         0.8701
 1-4 NB =         0.4600  1-4 EEL =        38.1926  VDWAALS    =     13003.4226
 EELEC  =    -88408.0892  EHBOND  =         0.0000  RESTRAINT  =         0.0000
 DV/DL  =         0.6204
 ------------------------------------------------------------------------------

 NMR restraints: Bond =    0.000   Angle =     0.000   Torsion =     0.000
===============================================================================

      R M S  F L U C T U A T I O N S


 NSTEP =   100000   TIME(PS) =     200.000  TEMP(K) =    92.48  PRESS =     0.0
 Etot   =      9893.6797  EKtot   =      3851.1782  EPtot      =      6117.9843
 BOND   =         0.4191  ANGLE   =         1.8092  DIHED      =         0.8527
 1-4 NB =         0.2008  1-4 EEL =         3.3111  VDWAALS    =      2131.1578
 EELEC  =      8233.7655  EHBOND  =         0.0000  RESTRAINT  =         0.0000
 DV/DL  =         2.5472
 ------------------------------------------------------------------------------


      DV/DL, AVERAGES OVER      20 STEPS


 NSTEP =   100000   TIME(PS) =     200.000  TEMP(K) =    92.48  PRESS =     0.0
 Etot   =         0.0000  EKtot   =         0.0000  EPtot      =         0.6204
 BOND   =         0.0000  ANGLE   =         0.0000  DIHED      =         0.0000
 1-4 NB =         0.0000  1-4 EEL =       -40.1158  VDWAALS    =         0.0000
 EELEC  =        40.7361  EHBOND  =         0.0000  RESTRAINT  =         0.0000
 DV/DL  =         0.6204
 ------------------------------------------------------------------------------


 NMR restraints on final step:

--------------------------------------------------------------------------------
   5.  TIMINGS
--------------------------------------------------------------------------------

|  NonSetup CPU Time in Major Routines:
|
|     Routine           Sec        %
|     ------------------------------
|     Nonbond          87.79   34.47
|     Bond              0.00    0.00
|     Angle             0.00    0.00
|     Dihedral          0.00    0.00
|     Shake             0.91    0.36
|     RunMD           165.61   65.04
|     Other             0.33    0.13
|     ------------------------------
|     Total           254.63

|  PME Nonbond Pairlist CPU Time:
|
|     Routine              Sec        %
|     ---------------------------------
|     Set Up Cit           0.00    0.00
|     Build List           0.00    0.00
|     ---------------------------------
|     Total                0.00    0.00

|  PME Direct Force CPU Time:
|
|     Routine              Sec        %
|     ---------------------------------
|     NonBonded Calc       0.00    0.00
|     Exclude Masked       0.00    0.00
|     Other                0.22    0.09
|     ---------------------------------
|     Total                0.22    0.09

|  PME Reciprocal Force CPU Time:
|
|     Routine              Sec        %
|     ---------------------------------
|     1D bspline           0.00    0.00
|     Grid Charges         0.00    0.00
|     Scalar Sum           0.00    0.00
|     Gradient Sum         0.00    0.00
|     FFT                  0.00    0.00
|     ---------------------------------
|     Total                0.00    0.00

|  Final Performance Info:
|     -----------------------------------------------------
|     Average timings for last       1 steps:
|     Elapsed(s) =       0.00 Per Step(ms) =       1.04
|         ns/day =     166.50   seconds/ns =     518.92
|
|     Average timings for all steps:
|     Elapsed(s) =     255.17 Per Step(ms) =       2.55
|         ns/day =      67.72   seconds/ns =    1275.83
|     -----------------------------------------------------

|  Setup CPU time:            0.53 seconds
|  NonSetup CPU time:       254.63 seconds
|  Total CPU time:          255.16 seconds     0.07 hours

|  Setup wall time:           0    seconds
|  NonSetup wall time:      255    seconds
|  Total wall time:         255    seconds     0.07 hours
