
          -------------------------------------------------------
          Amber 18 PMEMD                              2018
          -------------------------------------------------------

| PMEMD implementation of SANDER, Release 18

| Run on 09/18/2020 at 18:02:02

|   Executable path: /opt/software/Amber/18-foss-2018b-AmberTools-19/bin/pmemd.cuda
| Working directory: /mnt/gs18/scratch/users/songlin3/run/ti_en/one_step_tip3p_ethylenediame/ethylenediame_to_nothing/0.31608
|          Hostname: lac-141

  [-O]verwriting output

File Assignments:
|   MDIN: heat.in                                                               
|  MDOUT: heat.out                                                              
| INPCRD: min.rst                                                               
|   PARM: en_step2_final.prmtop                                                 
| RESTRT: heat.rst                                                              
|   REFC: min.rst                                                               
|  MDVEL: mdvel                                                                 
|   MDEN: mden                                                                  
|  MDCRD: heat.netcdf                                                           
| MDINFO: heat.mdinfo                                                           
|  MDFRC: mdfrc                                                                 


 Here is the input file:

nvt for free MD                                                                
 &cntrl                                                                        
  imin=0,                                                                      
  irest=0,                                                                     
  ntx=1,                                                                       
  ig=-1,                                                                       
  nstlim=200000,                                                               
  dt=0.001,                                                                    
  cut=10.0,                                                                    
  ntc=1,                                                                       
  ntf=1,                                                                       
  ntb=1,                                                                       
  ntt=3,                                                                       
  gamma_ln=2.0,                                                                
  tempi=0.0,                                                                   
  temp0=300.0,                                                                 
  ntpr=5000,                                                                   
  ntwr=5000,                                                                   
  ntwx=10000,                                                                  
  ntwv=0,                                                                      
  ioutfm=1,                                                                    
  iwrap=0,                                                                     
  nmropt=1,                                                                    
  ifsc = 1, icfe=1,                                                            
  clambda=0.31608,                                                             
  timask1=':1', scmask1=':1', scmask2='',                                      
  timask2='',                                                                  
/                                                                              
&wt TYPE='TEMP0', istep1=0, istep2=190000, value1=0.0, value2=300.0 /          
&wt TYPE='TEMP0', istep1=190001, istep2=200000, value1=300.0, value2=300.0 /   
&wt TYPE='DUMPFREQ', istep1=10000, /                                           
&wt TYPE='END', /                                                              


Note: ig = -1. Setting random seed to   991781 based on wallclock time in 
      microseconds.
| irandom = 1, using AMBER's internal random number generator (default).
 
|--------------------- INFORMATION ----------------------
| GPU (CUDA) Version of PMEMD in use: NVIDIA GPU IN USE.
|                    Version 18.0.0
| 
|                      03/25/2018
| 
| Implementation by:
|                    Ross C. Walker     (SDSC)
|                    Scott Le Grand     (nVIDIA)
| 
| Version 18 performance extensions by:
|                    David Cerutti     (Rutgers)
| 
| Precision model in use:
|      [SPFP] - Single Precision Forces, 64-bit Fixed Point
|               Accumulation. (Default)
| 
|--------------------------------------------------------
 
|----------------- CITATION INFORMATION -----------------
|
|    When publishing work that utilized the CUDA version
|    of AMBER, please cite the following in addition to
|    the regular AMBER citations:
|
|  - Romelia Salomon-Ferrer; Andreas W. Goetz; Duncan
|    Poole; Scott Le Grand; Ross C. Walker "Routine
|    microsecond molecular dynamics simulations with
|    AMBER - Part II: Particle Mesh Ewald", J. Chem.
|    Theory Comput., 2013, 9 (9), pp3878-3888,
|    DOI: 10.1021/ct400314y.
|
|  - Andreas W. Goetz; Mark J. Williamson; Dong Xu;
|    Duncan Poole; Scott Le Grand; Ross C. Walker
|    "Routine microsecond molecular dynamics simulations
|    with AMBER - Part I: Generalized Born", J. Chem.
|    Theory Comput., 2012, 8 (5), pp1542-1555.
|
|  - Scott Le Grand; Andreas W. Goetz; Ross C. Walker
|    "SPFP: Speed without compromise - a mixed precision
|    model for GPU accelerated molecular dynamics
|    simulations.", Comp. Phys. Comm., 2013, 184
|    pp374-380, DOI: 10.1016/j.cpc.2012.09.022
|
|    When publishing work that utilized the CUDA version
|    of TI, BAR, MBAR or FEP please cite the following 
|    three publications in addition to the regular AMBER 
|    GPU citations:
|
|  - Daniel J. Mermelstein; Charles Lin; Gard Nelson; 
|    Rachael Kretsch; J. Andrew McCammon; Ross C. Walker
|    "Fast and Flexible GPU Accelerated Binding 
|    Free Energy Calculations within the AMBER Molecular
|    Dynamics Package" J. Comp. Chem., 2018,
|    DOI: 10.1002/jcc.25187
|
|  - Tai-Sung Lee; Yuan Hu; Brad Sherborne; Zhuyan Guo;
|    Darrin M. York
|    "Toward Fast and Accurate Binding Affinity Prediction with
|    pmemdGTI: An Efficient Implementation of GPU-Accelerated
|    Thermodynamic Integration"
|    J. Chem. Theory Comput., 2017, 13 (7), 3077
|
|
|--------------------------------------------------------
 
|------------------- GPU DEVICE INFO --------------------
|
|            CUDA_VISIBLE_DEVICES: 0
|   CUDA Capable Devices Detected:      1
|           CUDA Device ID in use:      0
|                CUDA Device Name: Tesla K80
|     CUDA Device Global Mem Size:  11441 MB
| CUDA Device Num Multiprocessors:     13
|           CUDA Device Core Freq:   0.82 GHz
|
|--------------------------------------------------------
 
 
| Conditional Compilation Defines Used:
| PUBFFT
| BINTRAJ
| CUDA
| EMIL

| Largest sphere to fit in unit cell has radius =    27.375

| New format PARM file being parsed.
| Version =    1.000 Date = 09/18/20 Time = 17:37:14

| Note: 1-4 EEL scale factors are being read from the topology file.

| Note: 1-4 VDW scale factors are being read from the topology file.
| Duplicated    0 dihedrals

| Duplicated    0 dihedrals

--------------------------------------------------------------------------------
   1.  RESOURCE   USE: 
--------------------------------------------------------------------------------

 getting box info from netcdf restart file
 NATOM  =   20955 NTYPES =       6 NBONH =   20951 MBONA  =       3
 NTHETH =      16 MTHETA =       2 NPHIH =      20 MPHIA  =       1
 NHPARM =       0 NPARM  =       0 NNB   =   27975 NRES   =    6982
 NBONA  =       3 NTHETA =       2 NPHIA =       1 NUMBND =       6
 NUMANG =       6 NPTRA  =       2 NATYP =       6 NPHB   =       1
 IFBOX  =       2 NMXRS  =      12 IFCAP =       0 NEXTRA =       0
 NCOPY  =       0

| Coordinate Index Table dimensions:    10   10   10
| Direct force subcell size =     6.7054    6.7054    6.7054

     BOX TYPE: TRUNCATED OCTAHEDRON

--------------------------------------------------------------------------------
   2.  CONTROL  DATA  FOR  THE  RUN
--------------------------------------------------------------------------------

default_name                                                                    

General flags:
     imin    =       0, nmropt  =       1

Nature and format of input:
     ntx     =       1, irest   =       0, ntrx    =       1

Nature and format of output:
     ntxo    =       2, ntpr    =    5000, ntrx    =       1, ntwr    =    5000
     iwrap   =       0, ntwx    =   10000, ntwv    =       0, ntwe    =       0
     ioutfm  =       1, ntwprt  =       0, idecomp =       0, rbornstat=      0

Potential function:
     ntf     =       1, ntb     =       1, igb     =       0, nsnb    =      25
     ipol    =       0, gbsa    =       0, iesp    =       0
     dielc   =   1.00000, cut     =  10.00000, intdiel =   1.00000

Frozen or restrained atoms:
     ibelly  =       0, ntr     =       0

Molecular dynamics:
     nstlim  =    200000, nscm    =      1000, nrespa  =         1
     t       =   0.00000, dt      =   0.00100, vlimit  =  -1.00000

Langevin dynamics temperature regulation:
     ig      =  991781
     temp0   = 300.00000, tempi   =   0.00000, gamma_ln=   2.00000

NMR refinement options:
     iscale  =       0, noeskp  =       1, ipnlty  =       1, mxsub   =       1
     scalm   = 100.00000, pencut  =   0.10000, tausw   =   0.10000

Free energy options:
     icfe    =       1, ifsc    =       1, klambda =       1
     clambda =  0.3161, scalpha =  0.5000, scbeta  = 12.0000
     sceeorder =       2
     dynlmb =  0.0000 logdvdl =       0

| Intermolecular bonds treatment:
|     no_intermolecular_bonds =       1

| Energy averages sample interval:
|     ene_avg_sampling =    5000

Ewald parameters:
     verbose =       0, ew_type =       0, nbflag  =       1, use_pme =       1
     vdwmeth =       1, eedmeth =       1, netfrc  =       1
     Box X =   67.054   Box Y =   67.054   Box Z =   67.054
     Alpha =  109.471   Beta  =  109.471   Gamma =  109.471
     NFFT1 =   64       NFFT2 =   64       NFFT3 =   64
     Cutoff=   10.000   Tol   =0.100E-04
     Ewald Coefficient =  0.27511
     Interpolation order =    4
     TI Mask 1 :1; matches     12 atoms
     TI Mask 2  matches      0 atoms
     TI region 1:   20955 atoms
     TI region 2:   20943 atoms
     SC Mask 1 :1; matches     12 atoms

--------------------------------------------------------------------------------
   3.  ATOMIC COORDINATES AND VELOCITIES
--------------------------------------------------------------------------------

default_name                                                                    
 begin time read from input coords =     0.000 ps



           Begin reading energy term weight changes/NMR restraints
 WEIGHT CHANGES:
 TEMP0         0 190000    0.000000  300.000000      0      0
 TEMP0    190001 200000  300.000000  300.000000      0      0
 DUMPFREQ  10000      0    0.000000    0.000000      0      0

 RESTRAINTS:
                          ** No restraint defined **

                  Done reading weight changes/NMR restraints


 
 Number of triangulated 3-point waters found:     6981
 Number of shake restraints removed in TI region  1 :        0
 Number of shake restraints removed in TI region  2 :        0

     Sum of charges for TI region  1 =  -0.00000000
     Forcing neutrality...


     Sum of charges for TI region  2 =   0.00000000
     Forcing neutrality...

| Dynamic Memory, Types Used:
| Reals              918940
| Integers           797059

| Nonbonded Pairs Initial Allocation:     6338363

| GPU memory information (estimate):
| KB of GPU memory in use:         0
| KB of CPU memory in use:         0

--------------------------------------------------------------------------------
   4.  RESULTS
--------------------------------------------------------------------------------

   DOF for the SC part  1 of the system:   36

| TI region  1


 NSTEP =        0   TIME(PS) =       0.000  TEMP(K) =     0.00  PRESS =     0.0
 Etot   =    -63484.2095  EKtot   =         0.0000  EPtot      =    -63484.2095
 BOND   =      3636.7761  ANGLE   =         0.0000  DIHED      =        -0.0000
 1-4 NB =         0.0000  1-4 EEL =        -0.0000  VDWAALS    =      3818.8975
 EELEC  =    -70939.8831  EHBOND  =         0.0000  RESTRAINT  =         0.0000
 DV/DL  =        11.7364
 ------------------------------------------------------------------------------

  Softcore part of the system:      12 atoms,       TEMP(K)    =           0.00
 SC_Etot=        13.8488  SC_EKtot=         0.0000  SC_EPtot   =        13.8488
 SC_BOND=         0.0490  SC_ANGLE=         0.1095  SC_DIHED   =         0.2728
 SC_14NB=         0.3501  SC_14EEL=        40.1881  SC_VDW     =        -0.0841
 SC_EEL =       -27.0366
 SC_RES_DIST=     0.0000  SC_RES_ANG=       0.0000  SC_RES_TORS=         0.0000
 SC_EEL_DER=      2.0053  SC_VDW_DER=      -0.8096  SC_DERIV   =         1.1957
 ------------------------------------------------------------------------------


| TI region  2


 NSTEP =        0   TIME(PS) =       0.000  TEMP(K) =     0.00  PRESS =     0.0
 Etot   =    -63484.2095  EKtot   =         0.0000  EPtot      =    -63484.2095
 BOND   =      3636.7761  ANGLE   =         0.0000  DIHED      =        -0.0000
 1-4 NB =         0.0000  1-4 EEL =        -0.0000  VDWAALS    =      3818.8975
 EELEC  =    -70939.8831  EHBOND  =         0.0000  RESTRAINT  =         0.0000
 DV/DL  =        11.7364
 ------------------------------------------------------------------------------

 NMR restraints: Bond =    0.000   Angle =     0.000   Torsion =     0.000
===============================================================================

| TI region  1


 NSTEP =     5000   TIME(PS) =       5.000  TEMP(K) =     7.34  PRESS =     0.0
 Etot   =    -63357.0185  EKtot   =       458.4655  EPtot      =    -63815.4840
 BOND   =      3923.0340  ANGLE   =         0.0000  DIHED      =        -0.0000
 1-4 NB =         0.0000  1-4 EEL =        -0.0000  VDWAALS    =      4162.2488
 EELEC  =    -71900.7668  EHBOND  =         0.0000  RESTRAINT  =         0.0000
 DV/DL  =        15.0931
 ------------------------------------------------------------------------------

  Softcore part of the system:      12 atoms,       TEMP(K)    =          10.15
 SC_Etot=        14.3754  SC_EKtot=         0.3630  SC_EPtot   =        14.0124
 SC_BOND=         0.1284  SC_ANGLE=         0.2682  SC_DIHED   =         0.3414
 SC_14NB=         0.3499  SC_14EEL=        40.0870  SC_VDW     =        -0.0839
 SC_EEL =       -27.0785
 SC_RES_DIST=     0.0000  SC_RES_ANG=       0.0000  SC_RES_TORS=         0.0000
 SC_EEL_DER=      3.3570  SC_VDW_DER=      -1.9946  SC_DERIV   =         1.3624
 ------------------------------------------------------------------------------


| TI region  2


 NSTEP =     5000   TIME(PS) =       5.000  TEMP(K) =     7.34  PRESS =     0.0
 Etot   =    -63357.3815  EKtot   =       458.1026  EPtot      =    -63815.4840
 BOND   =      3923.0340  ANGLE   =         0.0000  DIHED      =        -0.0000
 1-4 NB =         0.0000  1-4 EEL =        -0.0000  VDWAALS    =      4162.2488
 EELEC  =    -71900.7668  EHBOND  =         0.0000  RESTRAINT  =         0.0000
 DV/DL  =        15.0931
 ------------------------------------------------------------------------------

 NMR restraints: Bond =    0.000   Angle =     0.000   Torsion =     0.000
===============================================================================

| TI region  1


 NSTEP =    10000   TIME(PS) =      10.000  TEMP(K) =    15.07  PRESS =     0.0
 Etot   =    -62458.6171  EKtot   =       941.3114  EPtot      =    -63399.9285
 BOND   =      4112.9699  ANGLE   =        -0.0000  DIHED      =        -0.0000
 1-4 NB =         0.0000  1-4 EEL =         0.0000  VDWAALS    =      4148.8673
 EELEC  =    -71661.7657  EHBOND  =         0.0000  RESTRAINT  =         0.0000
 DV/DL  =        15.8551
 ------------------------------------------------------------------------------

  Softcore part of the system:      12 atoms,       TEMP(K)    =          16.80
 SC_Etot=        14.7221  SC_EKtot=         0.6008  SC_EPtot   =        14.1213
 SC_BOND=         0.1601  SC_ANGLE=         0.2937  SC_DIHED   =         0.1016
 SC_14NB=         0.3491  SC_14EEL=        40.7076  SC_VDW     =        -0.0872
 SC_EEL =       -27.4038
 SC_RES_DIST=     0.0000  SC_RES_ANG=       0.0000  SC_RES_TORS=         0.0000
 SC_EEL_DER=      3.1808  SC_VDW_DER=      -0.9632  SC_DERIV   =         2.2176
 ------------------------------------------------------------------------------


| TI region  2


 NSTEP =    10000   TIME(PS) =      10.000  TEMP(K) =    15.07  PRESS =     0.0
 Etot   =    -62459.2179  EKtot   =       940.7106  EPtot      =    -63399.9285
 BOND   =      4112.9699  ANGLE   =        -0.0000  DIHED      =        -0.0000
 1-4 NB =         0.0000  1-4 EEL =         0.0000  VDWAALS    =      4148.8673
 EELEC  =    -71661.7657  EHBOND  =         0.0000  RESTRAINT  =         0.0000
 DV/DL  =        15.8551
 ------------------------------------------------------------------------------

 NMR restraints: Bond =    0.000   Angle =     0.000   Torsion =     0.000
===============================================================================

| TI region  1


 NSTEP =    15000   TIME(PS) =      15.000  TEMP(K) =    23.04  PRESS =     0.0
 Etot   =    -61572.0726  EKtot   =      1439.3535  EPtot      =    -63011.4261
 BOND   =      4330.3422  ANGLE   =         0.0000  DIHED      =         0.0000
 1-4 NB =         0.0000  1-4 EEL =        -0.0000  VDWAALS    =      4132.2164
 EELEC  =    -71473.9847  EHBOND  =         0.0000  RESTRAINT  =         0.0000
 DV/DL  =        12.0862
 ------------------------------------------------------------------------------

  Softcore part of the system:      12 atoms,       TEMP(K)    =          24.14
 SC_Etot=        15.6657  SC_EKtot=         0.8634  SC_EPtot   =        14.8022
 SC_BOND=         0.4210  SC_ANGLE=         0.4964  SC_DIHED   =         0.2786
 SC_14NB=         0.3487  SC_14EEL=        41.0192  SC_VDW     =        -0.0901
 SC_EEL =       -27.6716
 SC_RES_DIST=     0.0000  SC_RES_ANG=       0.0000  SC_RES_TORS=         0.0000
 SC_EEL_DER=      0.7960  SC_VDW_DER=      -0.4277  SC_DERIV   =         0.3683
 ------------------------------------------------------------------------------


| TI region  2


 NSTEP =    15000   TIME(PS) =      15.000  TEMP(K) =    23.04  PRESS =     0.0
 Etot   =    -61572.9360  EKtot   =      1438.4901  EPtot      =    -63011.4261
 BOND   =      4330.3422  ANGLE   =         0.0000  DIHED      =         0.0000
 1-4 NB =         0.0000  1-4 EEL =        -0.0000  VDWAALS    =      4132.2164
 EELEC  =    -71473.9847  EHBOND  =         0.0000  RESTRAINT  =         0.0000
 DV/DL  =        12.0862
 ------------------------------------------------------------------------------

 NMR restraints: Bond =    0.000   Angle =     0.000   Torsion =     0.000
===============================================================================

| TI region  1


 NSTEP =    20000   TIME(PS) =      20.000  TEMP(K) =    30.86  PRESS =     0.0
 Etot   =    -60721.6109  EKtot   =      1927.3938  EPtot      =    -62649.0047
 BOND   =      4487.3715  ANGLE   =        -0.0000  DIHED      =        -0.0000
 1-4 NB =         0.0000  1-4 EEL =         0.0000  VDWAALS    =      4125.2973
 EELEC  =    -71261.6736  EHBOND  =         0.0000  RESTRAINT  =         0.0000
 DV/DL  =        16.6492
 ------------------------------------------------------------------------------

  Softcore part of the system:      12 atoms,       TEMP(K)    =          19.42
 SC_Etot=        15.4462  SC_EKtot=         0.6948  SC_EPtot   =        14.7515
 SC_BOND=         0.5799  SC_ANGLE=         0.4188  SC_DIHED   =         0.2735
 SC_14NB=         0.3964  SC_14EEL=        41.2996  SC_VDW     =        -0.0900
 SC_EEL =       -28.1268
 SC_RES_DIST=     0.0000  SC_RES_ANG=       0.0000  SC_RES_TORS=         0.0000
 SC_EEL_DER=      2.0550  SC_VDW_DER=      -1.1263  SC_DERIV   =         0.9287
 ------------------------------------------------------------------------------


| TI region  2


 NSTEP =    20000   TIME(PS) =      20.000  TEMP(K) =    30.86  PRESS =     0.0
 Etot   =    -60722.3057  EKtot   =      1926.6990  EPtot      =    -62649.0047
 BOND   =      4487.3715  ANGLE   =        -0.0000  DIHED      =        -0.0000
 1-4 NB =         0.0000  1-4 EEL =         0.0000  VDWAALS    =      4125.2973
 EELEC  =    -71261.6736  EHBOND  =         0.0000  RESTRAINT  =         0.0000
 DV/DL  =        16.6492
 ------------------------------------------------------------------------------

 NMR restraints: Bond =    0.000   Angle =     0.000   Torsion =     0.000
===============================================================================

| TI region  1


 NSTEP =    25000   TIME(PS) =      25.000  TEMP(K) =    38.82  PRESS =     0.0
 Etot   =    -59811.7409  EKtot   =      2424.6738  EPtot      =    -62236.4147
 BOND   =      4684.0110  ANGLE   =        -0.0000  DIHED      =        -0.0000
 1-4 NB =         0.0000  1-4 EEL =         0.0000  VDWAALS    =      3978.4234
 EELEC  =    -70898.8491  EHBOND  =         0.0000  RESTRAINT  =         0.0000
 DV/DL  =        16.5303
 ------------------------------------------------------------------------------

  Softcore part of the system:      12 atoms,       TEMP(K)    =          32.01
 SC_Etot=        15.8672  SC_EKtot=         1.1452  SC_EPtot   =        14.7220
 SC_BOND=         0.2905  SC_ANGLE=         0.7163  SC_DIHED   =         0.5323
 SC_14NB=         0.6927  SC_14EEL=        40.8639  SC_VDW     =        -0.0949
 SC_EEL =       -28.2788
 SC_RES_DIST=     0.0000  SC_RES_ANG=       0.0000  SC_RES_TORS=         0.0000
 SC_EEL_DER=      2.5634  SC_VDW_DER=      -1.1464  SC_DERIV   =         1.4169
 ------------------------------------------------------------------------------


| TI region  2


 NSTEP =    25000   TIME(PS) =      25.000  TEMP(K) =    38.82  PRESS =     0.0
 Etot   =    -59812.8860  EKtot   =      2423.5287  EPtot      =    -62236.4147
 BOND   =      4684.0110  ANGLE   =        -0.0000  DIHED      =        -0.0000
 1-4 NB =         0.0000  1-4 EEL =         0.0000  VDWAALS    =      3978.4234
 EELEC  =    -70898.8491  EHBOND  =         0.0000  RESTRAINT  =         0.0000
 DV/DL  =        16.5303
 ------------------------------------------------------------------------------

 NMR restraints: Bond =    0.000   Angle =     0.000   Torsion =     0.000
===============================================================================

| TI region  1


 NSTEP =    30000   TIME(PS) =      30.000  TEMP(K) =    46.48  PRESS =     0.0
 Etot   =    -58892.9855  EKtot   =      2903.0447  EPtot      =    -61796.0302
 BOND   =      4874.8108  ANGLE   =        -0.0000  DIHED      =         0.0000
 1-4 NB =         0.0000  1-4 EEL =         0.0000  VDWAALS    =      4011.9581
 EELEC  =    -70682.7991  EHBOND  =         0.0000  RESTRAINT  =         0.0000
 DV/DL  =        11.2332
 ------------------------------------------------------------------------------

  Softcore part of the system:      12 atoms,       TEMP(K)    =          28.11
 SC_Etot=        16.0918  SC_EKtot=         1.0053  SC_EPtot   =        15.0865
 SC_BOND=         0.4412  SC_ANGLE=         0.5557  SC_DIHED   =         0.8943
 SC_14NB=         0.4904  SC_14EEL=        41.0666  SC_VDW     =        -0.0892
 SC_EEL =       -28.2723
 SC_RES_DIST=     0.0000  SC_RES_ANG=       0.0000  SC_RES_TORS=         0.0000
 SC_EEL_DER=      2.8614  SC_VDW_DER=      -4.5798  SC_DERIV   =        -1.7184
 ------------------------------------------------------------------------------


| TI region  2


 NSTEP =    30000   TIME(PS) =      30.000  TEMP(K) =    46.49  PRESS =     0.0
 Etot   =    -58893.9908  EKtot   =      2902.0394  EPtot      =    -61796.0302
 BOND   =      4874.8108  ANGLE   =        -0.0000  DIHED      =         0.0000
 1-4 NB =         0.0000  1-4 EEL =         0.0000  VDWAALS    =      4011.9581
 EELEC  =    -70682.7991  EHBOND  =         0.0000  RESTRAINT  =         0.0000
 DV/DL  =        11.2332
 ------------------------------------------------------------------------------

 NMR restraints: Bond =    0.000   Angle =     0.000   Torsion =     0.000
===============================================================================

| TI region  1


 NSTEP =    35000   TIME(PS) =      35.000  TEMP(K) =    54.26  PRESS =     0.0
 Etot   =    -57978.7650  EKtot   =      3389.1550  EPtot      =    -61367.9200
 BOND   =      5031.5839  ANGLE   =        -0.0000  DIHED      =        -0.0000
 1-4 NB =         0.0000  1-4 EEL =         0.0000  VDWAALS    =      3959.9147
 EELEC  =    -70359.4186  EHBOND  =         0.0000  RESTRAINT  =         0.0000
 DV/DL  =        14.0569
 ------------------------------------------------------------------------------

  Softcore part of the system:      12 atoms,       TEMP(K)    =          48.14
 SC_Etot=        17.8205  SC_EKtot=         1.7220  SC_EPtot   =        16.0985
 SC_BOND=         1.2467  SC_ANGLE=         1.3339  SC_DIHED   =         0.3134
 SC_14NB=         0.4228  SC_14EEL=        40.6126  SC_VDW     =        -0.0915
 SC_EEL =       -27.7395
 SC_RES_DIST=     0.0000  SC_RES_ANG=       0.0000  SC_RES_TORS=         0.0000
 SC_EEL_DER=      0.8572  SC_VDW_DER=      -0.2736  SC_DERIV   =         0.5836
 ------------------------------------------------------------------------------


| TI region  2


 NSTEP =    35000   TIME(PS) =      35.000  TEMP(K) =    54.26  PRESS =     0.0
 Etot   =    -57980.4870  EKtot   =      3387.4330  EPtot      =    -61367.9200
 BOND   =      5031.5839  ANGLE   =        -0.0000  DIHED      =        -0.0000
 1-4 NB =         0.0000  1-4 EEL =         0.0000  VDWAALS    =      3959.9147
 EELEC  =    -70359.4186  EHBOND  =         0.0000  RESTRAINT  =         0.0000
 DV/DL  =        14.0569
 ------------------------------------------------------------------------------

 NMR restraints: Bond =    0.000   Angle =     0.000   Torsion =     0.000
===============================================================================

| TI region  1


 NSTEP =    40000   TIME(PS) =      40.000  TEMP(K) =    62.32  PRESS =     0.0
 Etot   =    -57037.8039  EKtot   =      3892.5525  EPtot      =    -60930.3564
 BOND   =      5170.0824  ANGLE   =         0.0000  DIHED      =        -0.0000
 1-4 NB =         0.0000  1-4 EEL =         0.0000  VDWAALS    =      3894.3704
 EELEC  =    -69994.8092  EHBOND  =         0.0000  RESTRAINT  =         0.0000
 DV/DL  =        13.4895
 ------------------------------------------------------------------------------

  Softcore part of the system:      12 atoms,       TEMP(K)    =          74.45
 SC_Etot=        18.1064  SC_EKtot=         2.6630  SC_EPtot   =        15.4433
 SC_BOND=         0.8269  SC_ANGLE=         0.6244  SC_DIHED   =         0.2409
 SC_14NB=         0.1885  SC_14EEL=        39.4369  SC_VDW     =        -0.0698
 SC_EEL =       -25.8044
 SC_RES_DIST=     0.0000  SC_RES_ANG=       0.0000  SC_RES_TORS=         0.0000
 SC_EEL_DER=      0.9497  SC_VDW_DER=      -0.6315  SC_DERIV   =         0.3182
 ------------------------------------------------------------------------------


| TI region  2


 NSTEP =    40000   TIME(PS) =      40.000  TEMP(K) =    62.31  PRESS =     0.0
 Etot   =    -57040.4669  EKtot   =      3889.8894  EPtot      =    -60930.3564
 BOND   =      5170.0824  ANGLE   =         0.0000  DIHED      =        -0.0000
 1-4 NB =         0.0000  1-4 EEL =         0.0000  VDWAALS    =      3894.3704
 EELEC  =    -69994.8092  EHBOND  =         0.0000  RESTRAINT  =         0.0000
 DV/DL  =        13.4895
 ------------------------------------------------------------------------------

 NMR restraints: Bond =    0.000   Angle =     0.000   Torsion =     0.000
===============================================================================

| TI region  1


 NSTEP =    45000   TIME(PS) =      45.000  TEMP(K) =    70.43  PRESS =     0.0
 Etot   =    -56058.1109  EKtot   =      4398.9590  EPtot      =    -60457.0698
 BOND   =      5449.1167  ANGLE   =         0.0000  DIHED      =        -0.0000
 1-4 NB =         0.0000  1-4 EEL =        -0.0000  VDWAALS    =      3821.5224
 EELEC  =    -69727.7090  EHBOND  =         0.0000  RESTRAINT  =         0.0000
 DV/DL  =        17.7043
 ------------------------------------------------------------------------------

  Softcore part of the system:      12 atoms,       TEMP(K)    =          72.08
 SC_Etot=        17.9257  SC_EKtot=         2.5782  SC_EPtot   =        15.3475
 SC_BOND=         0.5224  SC_ANGLE=         0.5262  SC_DIHED   =         0.0624
 SC_14NB=         0.5830  SC_14EEL=        42.0199  SC_VDW     =        -0.0873
 SC_EEL =       -28.2791
 SC_RES_DIST=     0.0000  SC_RES_ANG=       0.0000  SC_RES_TORS=         0.0000
 SC_EEL_DER=      2.2422  SC_VDW_DER=      -0.3985  SC_DERIV   =         1.8436
 ------------------------------------------------------------------------------


| TI region  2


 NSTEP =    45000   TIME(PS) =      45.000  TEMP(K) =    70.42  PRESS =     0.0
 Etot   =    -56060.6891  EKtot   =      4396.3808  EPtot      =    -60457.0698
 BOND   =      5449.1167  ANGLE   =         0.0000  DIHED      =        -0.0000
 1-4 NB =         0.0000  1-4 EEL =        -0.0000  VDWAALS    =      3821.5224
 EELEC  =    -69727.7090  EHBOND  =         0.0000  RESTRAINT  =         0.0000
 DV/DL  =        17.7043
 ------------------------------------------------------------------------------

 NMR restraints: Bond =    0.000   Angle =     0.000   Torsion =     0.000
===============================================================================

| TI region  1


 NSTEP =    50000   TIME(PS) =      50.000  TEMP(K) =    77.99  PRESS =     0.0
 Etot   =    -55117.5862  EKtot   =      4871.3320  EPtot      =    -59988.9182
 BOND   =      5572.6900  ANGLE   =         0.0000  DIHED      =         0.0000
 1-4 NB =         0.0000  1-4 EEL =         0.0000  VDWAALS    =      3913.9456
 EELEC  =    -69475.5539  EHBOND  =         0.0000  RESTRAINT  =         0.0000
 DV/DL  =        14.6321
 ------------------------------------------------------------------------------

  Softcore part of the system:      12 atoms,       TEMP(K)    =         115.86
 SC_Etot=        21.5011  SC_EKtot=         4.1442  SC_EPtot   =        17.3569
 SC_BOND=         1.0018  SC_ANGLE=         1.2425  SC_DIHED   =         0.4749
 SC_14NB=         1.0576  SC_14EEL=        43.9918  SC_VDW     =        -0.0984
 SC_EEL =       -30.3133
 SC_RES_DIST=     0.0000  SC_RES_ANG=       0.0000  SC_RES_TORS=         0.0000
 SC_EEL_DER=      2.9146  SC_VDW_DER=      -3.6846  SC_DERIV   =        -0.7699
 ------------------------------------------------------------------------------


| TI region  2


 NSTEP =    50000   TIME(PS) =      50.000  TEMP(K) =    77.97  PRESS =     0.0
 Etot   =    -55121.7304  EKtot   =      4867.1879  EPtot      =    -59988.9182
 BOND   =      5572.6900  ANGLE   =         0.0000  DIHED      =         0.0000
 1-4 NB =         0.0000  1-4 EEL =         0.0000  VDWAALS    =      3913.9456
 EELEC  =    -69475.5539  EHBOND  =         0.0000  RESTRAINT  =         0.0000
 DV/DL  =        14.6321
 ------------------------------------------------------------------------------

 NMR restraints: Bond =    0.000   Angle =     0.000   Torsion =     0.000
===============================================================================

| TI region  1


 NSTEP =    55000   TIME(PS) =      55.000  TEMP(K) =    86.58  PRESS =     0.0
 Etot   =    -54078.3171  EKtot   =      5407.9160  EPtot      =    -59486.2331
 BOND   =      5720.3328  ANGLE   =         0.0000  DIHED      =         0.0000
 1-4 NB =         0.0000  1-4 EEL =         0.0000  VDWAALS    =      3712.7972
 EELEC  =    -68919.3631  EHBOND  =         0.0000  RESTRAINT  =         0.0000
 DV/DL  =        17.6397
 ------------------------------------------------------------------------------

  Softcore part of the system:      12 atoms,       TEMP(K)    =         110.22
 SC_Etot=        20.1431  SC_EKtot=         3.9427  SC_EPtot   =        16.2005
 SC_BOND=         1.3808  SC_ANGLE=         0.8965  SC_DIHED   =         0.2483
 SC_14NB=         0.2601  SC_14EEL=        40.1277  SC_VDW     =        -0.0799
 SC_EEL =       -26.6330
 SC_RES_DIST=     0.0000  SC_RES_ANG=       0.0000  SC_RES_TORS=         0.0000
 SC_EEL_DER=      1.8947  SC_VDW_DER=      -0.5468  SC_DERIV   =         1.3479
 ------------------------------------------------------------------------------


| TI region  2


 NSTEP =    55000   TIME(PS) =      55.000  TEMP(K) =    86.57  PRESS =     0.0
 Etot   =    -54082.2598  EKtot   =      5403.9734  EPtot      =    -59486.2331
 BOND   =      5720.3328  ANGLE   =         0.0000  DIHED      =         0.0000
 1-4 NB =         0.0000  1-4 EEL =         0.0000  VDWAALS    =      3712.7972
 EELEC  =    -68919.3631  EHBOND  =         0.0000  RESTRAINT  =         0.0000
 DV/DL  =        17.6397
 ------------------------------------------------------------------------------

 NMR restraints: Bond =    0.000   Angle =     0.000   Torsion =     0.000
===============================================================================

| TI region  1


 NSTEP =    60000   TIME(PS) =      60.000  TEMP(K) =    94.18  PRESS =     0.0
 Etot   =    -53096.9519  EKtot   =      5882.9849  EPtot      =    -58979.9368
 BOND   =      5892.9569  ANGLE   =         0.0000  DIHED      =         0.0000
 1-4 NB =         0.0000  1-4 EEL =        -0.0000  VDWAALS    =      3431.9735
 EELEC  =    -68304.8672  EHBOND  =         0.0000  RESTRAINT  =         0.0000
 DV/DL  =        16.6377
 ------------------------------------------------------------------------------

  Softcore part of the system:      12 atoms,       TEMP(K)    =          95.23
 SC_Etot=        21.7711  SC_EKtot=         3.4062  SC_EPtot   =        18.3650
 SC_BOND=         1.1554  SC_ANGLE=         2.6860  SC_DIHED   =         0.2614
 SC_14NB=         0.3490  SC_14EEL=        40.1969  SC_VDW     =        -0.0775
 SC_EEL =       -26.2063
 SC_RES_DIST=     0.0000  SC_RES_ANG=       0.0000  SC_RES_TORS=         0.0000
 SC_EEL_DER=      2.9729  SC_VDW_DER=      -1.5190  SC_DERIV   =         1.4539
 ------------------------------------------------------------------------------


| TI region  2


 NSTEP =    60000   TIME(PS) =      60.000  TEMP(K) =    94.18  PRESS =     0.0
 Etot   =    -53100.3581  EKtot   =      5879.5787  EPtot      =    -58979.9368
 BOND   =      5892.9569  ANGLE   =         0.0000  DIHED      =         0.0000
 1-4 NB =         0.0000  1-4 EEL =        -0.0000  VDWAALS    =      3431.9735
 EELEC  =    -68304.8672  EHBOND  =         0.0000  RESTRAINT  =         0.0000
 DV/DL  =        16.6377
 ------------------------------------------------------------------------------

 NMR restraints: Bond =    0.000   Angle =     0.000   Torsion =     0.000
===============================================================================

| TI region  1


 NSTEP =    65000   TIME(PS) =      65.000  TEMP(K) =   100.93  PRESS =     0.0
 Etot   =    -51990.9237  EKtot   =      6304.0435  EPtot      =    -58294.9672
 BOND   =      6138.8254  ANGLE   =        -0.0000  DIHED      =        -0.0000
 1-4 NB =         0.0000  1-4 EEL =        -0.0000  VDWAALS    =      3279.5005
 EELEC  =    -67713.2932  EHBOND  =         0.0000  RESTRAINT  =         0.0000
 DV/DL  =        14.0705
 ------------------------------------------------------------------------------

  Softcore part of the system:      12 atoms,       TEMP(K)    =         103.30
 SC_Etot=        21.6537  SC_EKtot=         3.6950  SC_EPtot   =        17.9587
 SC_BOND=         1.7726  SC_ANGLE=         2.2913  SC_DIHED   =         0.6289
 SC_14NB=         0.7218  SC_14EEL=        39.8718  SC_VDW     =        -0.0919
 SC_EEL =       -27.2358
 SC_RES_DIST=     0.0000  SC_RES_ANG=       0.0000  SC_RES_TORS=         0.0000
 SC_EEL_DER=      1.7813  SC_VDW_DER=      -2.0306  SC_DERIV   =        -0.2492
 ------------------------------------------------------------------------------


| TI region  2


 NSTEP =    65000   TIME(PS) =      65.000  TEMP(K) =   100.92  PRESS =     0.0
 Etot   =    -51994.6187  EKtot   =      6300.3485  EPtot      =    -58294.9672
 BOND   =      6138.8254  ANGLE   =        -0.0000  DIHED      =        -0.0000
 1-4 NB =         0.0000  1-4 EEL =        -0.0000  VDWAALS    =      3279.5005
 EELEC  =    -67713.2932  EHBOND  =         0.0000  RESTRAINT  =         0.0000
 DV/DL  =        14.0705
 ------------------------------------------------------------------------------

 NMR restraints: Bond =    0.000   Angle =     0.000   Torsion =     0.000
===============================================================================

| TI region  1


 NSTEP =    70000   TIME(PS) =      70.000  TEMP(K) =   108.73  PRESS =     0.0
 Etot   =    -50969.5028  EKtot   =      6791.5283  EPtot      =    -57761.0312
 BOND   =      6197.3123  ANGLE   =         0.0000  DIHED      =         0.0000
 1-4 NB =         0.0000  1-4 EEL =        -0.0000  VDWAALS    =      3191.0105
 EELEC  =    -67149.3539  EHBOND  =         0.0000  RESTRAINT  =         0.0000
 DV/DL  =        16.1345
 ------------------------------------------------------------------------------

  Softcore part of the system:      12 atoms,       TEMP(K)    =         100.14
 SC_Etot=        20.5525  SC_EKtot=         3.5821  SC_EPtot   =        16.9705
 SC_BOND=         1.9119  SC_ANGLE=         1.3723  SC_DIHED   =         0.1703
 SC_14NB=         0.6113  SC_14EEL=        41.6038  SC_VDW     =        -0.0906
 SC_EEL =       -28.6085
 SC_RES_DIST=     0.0000  SC_RES_ANG=       0.0000  SC_RES_TORS=         0.0000
 SC_EEL_DER=      3.6735  SC_VDW_DER=      -2.9846  SC_DERIV   =         0.6889
 ------------------------------------------------------------------------------


| TI region  2


 NSTEP =    70000   TIME(PS) =      70.000  TEMP(K) =   108.73  PRESS =     0.0
 Etot   =    -50973.0849  EKtot   =      6787.9463  EPtot      =    -57761.0312
 BOND   =      6197.3123  ANGLE   =         0.0000  DIHED      =         0.0000
 1-4 NB =         0.0000  1-4 EEL =        -0.0000  VDWAALS    =      3191.0105
 EELEC  =    -67149.3539  EHBOND  =         0.0000  RESTRAINT  =         0.0000
 DV/DL  =        16.1345
 ------------------------------------------------------------------------------

 NMR restraints: Bond =    0.000   Angle =     0.000   Torsion =     0.000
===============================================================================

| TI region  1


 NSTEP =    75000   TIME(PS) =      75.000  TEMP(K) =   117.89  PRESS =     0.0
 Etot   =    -49810.5011  EKtot   =      7363.5776  EPtot      =    -57174.0787
 BOND   =      6352.7135  ANGLE   =         0.0000  DIHED      =        -0.0000
 1-4 NB =         0.0000  1-4 EEL =        -0.0000  VDWAALS    =      3228.5407
 EELEC  =    -66755.3329  EHBOND  =         0.0000  RESTRAINT  =         0.0000
 DV/DL  =        13.0787
 ------------------------------------------------------------------------------

  Softcore part of the system:      12 atoms,       TEMP(K)    =         102.70
 SC_Etot=        22.1490  SC_EKtot=         3.6734  SC_EPtot   =        18.4756
 SC_BOND=         2.1209  SC_ANGLE=         1.8448  SC_DIHED   =         2.0056
 SC_14NB=         0.2742  SC_14EEL=        40.2672  SC_VDW     =        -0.0888
 SC_EEL =       -27.9483
 SC_RES_DIST=     0.0000  SC_RES_ANG=       0.0000  SC_RES_TORS=         0.0000
 SC_EEL_DER=      0.1804  SC_VDW_DER=      -0.5004  SC_DERIV   =        -0.3200
 ------------------------------------------------------------------------------


| TI region  2


 NSTEP =    75000   TIME(PS) =      75.000  TEMP(K) =   117.90  PRESS =     0.0
 Etot   =    -49814.1745  EKtot   =      7359.9042  EPtot      =    -57174.0787
 BOND   =      6352.7135  ANGLE   =         0.0000  DIHED      =        -0.0000
 1-4 NB =         0.0000  1-4 EEL =        -0.0000  VDWAALS    =      3228.5407
 EELEC  =    -66755.3329  EHBOND  =         0.0000  RESTRAINT  =         0.0000
 DV/DL  =        13.0787
 ------------------------------------------------------------------------------

 NMR restraints: Bond =    0.000   Angle =     0.000   Torsion =     0.000
===============================================================================

| TI region  1


 NSTEP =    80000   TIME(PS) =      80.000  TEMP(K) =   125.43  PRESS =     0.0
 Etot   =    -48673.4183  EKtot   =      7834.6113  EPtot      =    -56508.0297
 BOND   =      6541.8504  ANGLE   =         0.0000  DIHED      =        -0.0000
 1-4 NB =         0.0000  1-4 EEL =        -0.0000  VDWAALS    =      2798.2032
 EELEC  =    -65848.0833  EHBOND  =         0.0000  RESTRAINT  =         0.0000
 DV/DL  =        12.0686
 ------------------------------------------------------------------------------

  Softcore part of the system:      12 atoms,       TEMP(K)    =         126.70
 SC_Etot=        20.6193  SC_EKtot=         4.5319  SC_EPtot   =        16.0874
 SC_BOND=         1.5929  SC_ANGLE=         1.1902  SC_DIHED   =         0.2241
 SC_14NB=         0.4338  SC_14EEL=        40.4428  SC_VDW     =        -0.0894
 SC_EEL =       -27.7069
 SC_RES_DIST=     0.0000  SC_RES_ANG=       0.0000  SC_RES_TORS=         0.0000
 SC_EEL_DER=      1.4164  SC_VDW_DER=      -1.2904  SC_DERIV   =         0.1260
 ------------------------------------------------------------------------------


| TI region  2


 NSTEP =    80000   TIME(PS) =      80.000  TEMP(K) =   125.43  PRESS =     0.0
 Etot   =    -48677.9502  EKtot   =      7830.0795  EPtot      =    -56508.0297
 BOND   =      6541.8504  ANGLE   =         0.0000  DIHED      =        -0.0000
 1-4 NB =         0.0000  1-4 EEL =        -0.0000  VDWAALS    =      2798.2032
 EELEC  =    -65848.0833  EHBOND  =         0.0000  RESTRAINT  =         0.0000
 DV/DL  =        12.0686
 ------------------------------------------------------------------------------

 NMR restraints: Bond =    0.000   Angle =     0.000   Torsion =     0.000
===============================================================================

| TI region  1


 NSTEP =    85000   TIME(PS) =      85.000  TEMP(K) =   133.57  PRESS =     0.0
 Etot   =    -47229.2545  EKtot   =      8343.2021  EPtot      =    -55572.4566
 BOND   =      6585.6429  ANGLE   =         0.0000  DIHED      =        -0.0000
 1-4 NB =         0.0000  1-4 EEL =         0.0000  VDWAALS    =      2487.2775
 EELEC  =    -64645.3770  EHBOND  =         0.0000  RESTRAINT  =         0.0000
 DV/DL  =        13.0321
 ------------------------------------------------------------------------------

  Softcore part of the system:      12 atoms,       TEMP(K)    =         104.83
 SC_Etot=        20.8286  SC_EKtot=         3.7497  SC_EPtot   =        17.0788
 SC_BOND=         1.4656  SC_ANGLE=         1.5653  SC_DIHED   =         0.3020
 SC_14NB=         0.7485  SC_14EEL=        42.2164  SC_VDW     =        -0.0995
 SC_EEL =       -29.1196
 SC_RES_DIST=     0.0000  SC_RES_ANG=       0.0000  SC_RES_TORS=         0.0000
 SC_EEL_DER=      1.9020  SC_VDW_DER=      -3.4406  SC_DERIV   =        -1.5385
 ------------------------------------------------------------------------------


| TI region  2


 NSTEP =    85000   TIME(PS) =      85.000  TEMP(K) =   133.59  PRESS =     0.0
 Etot   =    -47233.0042  EKtot   =      8339.4524  EPtot      =    -55572.4566
 BOND   =      6585.6429  ANGLE   =         0.0000  DIHED      =        -0.0000
 1-4 NB =         0.0000  1-4 EEL =         0.0000  VDWAALS    =      2487.2775
 EELEC  =    -64645.3770  EHBOND  =         0.0000  RESTRAINT  =         0.0000
 DV/DL  =        13.0321
 ------------------------------------------------------------------------------

 NMR restraints: Bond =    0.000   Angle =     0.000   Torsion =     0.000
===============================================================================

| TI region  1


 NSTEP =    90000   TIME(PS) =      90.000  TEMP(K) =   141.14  PRESS =     0.0
 Etot   =    -45955.8386  EKtot   =      8815.9424  EPtot      =    -54771.7810
 BOND   =      6766.3975  ANGLE   =         0.0000  DIHED      =         0.0000
 1-4 NB =         0.0000  1-4 EEL =         0.0000  VDWAALS    =      2486.1532
 EELEC  =    -64024.3317  EHBOND  =         0.0000  RESTRAINT  =         0.0000
 DV/DL  =         9.7355
 ------------------------------------------------------------------------------

  Softcore part of the system:      12 atoms,       TEMP(K)    =         166.00
 SC_Etot=        25.3377  SC_EKtot=         5.9378  SC_EPtot   =        19.3999
 SC_BOND=         1.0247  SC_ANGLE=         3.5996  SC_DIHED   =         1.0914
 SC_14NB=         0.4890  SC_14EEL=        38.6998  SC_VDW     =        -0.0912
 SC_EEL =       -25.4134
 SC_RES_DIST=     0.0000  SC_RES_ANG=       0.0000  SC_RES_TORS=         0.0000
 SC_EEL_DER=     -0.7792  SC_VDW_DER=      -1.5969  SC_DERIV   =        -2.3761
 ------------------------------------------------------------------------------


| TI region  2


 NSTEP =    90000   TIME(PS) =      90.000  TEMP(K) =   141.13  PRESS =     0.0
 Etot   =    -45961.7764  EKtot   =      8810.0046  EPtot      =    -54771.7810
 BOND   =      6766.3975  ANGLE   =         0.0000  DIHED      =         0.0000
 1-4 NB =         0.0000  1-4 EEL =         0.0000  VDWAALS    =      2486.1532
 EELEC  =    -64024.3317  EHBOND  =         0.0000  RESTRAINT  =         0.0000
 DV/DL  =         9.7355
 ------------------------------------------------------------------------------

 NMR restraints: Bond =    0.000   Angle =     0.000   Torsion =     0.000
===============================================================================

| TI region  1


 NSTEP =    95000   TIME(PS) =      95.000  TEMP(K) =   148.51  PRESS =     0.0
 Etot   =    -44600.9486  EKtot   =      9276.3203  EPtot      =    -53877.2689
 BOND   =      6836.1757  ANGLE   =        -0.0000  DIHED      =        -0.0000
 1-4 NB =         0.0000  1-4 EEL =        -0.0000  VDWAALS    =      1944.1885
 EELEC  =    -62657.6332  EHBOND  =         0.0000  RESTRAINT  =         0.0000
 DV/DL  =        17.2100
 ------------------------------------------------------------------------------

  Softcore part of the system:      12 atoms,       TEMP(K)    =         119.92
 SC_Etot=        20.5144  SC_EKtot=         4.2896  SC_EPtot   =        16.2247
 SC_BOND=         1.1143  SC_ANGLE=         1.0182  SC_DIHED   =         0.3622
 SC_14NB=         0.4340  SC_14EEL=        39.8272  SC_VDW     =        -0.0828
 SC_EEL =       -26.4484
 SC_RES_DIST=     0.0000  SC_RES_ANG=       0.0000  SC_RES_TORS=         0.0000
 SC_EEL_DER=      2.5163  SC_VDW_DER=      -1.3476  SC_DERIV   =         1.1687
 ------------------------------------------------------------------------------


| TI region  2


 NSTEP =    95000   TIME(PS) =      95.000  TEMP(K) =   148.53  PRESS =     0.0
 Etot   =    -44605.2383  EKtot   =      9272.0307  EPtot      =    -53877.2689
 BOND   =      6836.1757  ANGLE   =        -0.0000  DIHED      =        -0.0000
 1-4 NB =         0.0000  1-4 EEL =        -0.0000  VDWAALS    =      1944.1885
 EELEC  =    -62657.6332  EHBOND  =         0.0000  RESTRAINT  =         0.0000
 DV/DL  =        17.2100
 ------------------------------------------------------------------------------

 NMR restraints: Bond =    0.000   Angle =     0.000   Torsion =     0.000
===============================================================================

| TI region  1


 NSTEP =   100000   TIME(PS) =     100.000  TEMP(K) =   157.59  PRESS =     0.0
 Etot   =    -42880.7771  EKtot   =      9843.4502  EPtot      =    -52724.2273
 BOND   =      6994.4738  ANGLE   =        -0.0000  DIHED      =        -0.0000
 1-4 NB =         0.0000  1-4 EEL =         0.0000  VDWAALS    =      1605.7871
 EELEC  =    -61324.4882  EHBOND  =         0.0000  RESTRAINT  =         0.0000
 DV/DL  =        13.4926
 ------------------------------------------------------------------------------

  Softcore part of the system:      12 atoms,       TEMP(K)    =         130.24
 SC_Etot=        22.4482  SC_EKtot=         4.6584  SC_EPtot   =        17.7897
 SC_BOND=         2.1875  SC_ANGLE=         1.8888  SC_DIHED   =         0.7803
 SC_14NB=         0.4943  SC_14EEL=        39.4884  SC_VDW     =        -0.0850
 SC_EEL =       -26.9645
 SC_RES_DIST=     0.0000  SC_RES_ANG=       0.0000  SC_RES_TORS=         0.0000
 SC_EEL_DER=      3.1333  SC_VDW_DER=      -3.9387  SC_DERIV   =        -0.8054
 ------------------------------------------------------------------------------


| TI region  2


 NSTEP =   100000   TIME(PS) =     100.000  TEMP(K) =   157.61  PRESS =     0.0
 Etot   =    -42885.4355  EKtot   =      9838.7918  EPtot      =    -52724.2273
 BOND   =      6994.4738  ANGLE   =        -0.0000  DIHED      =        -0.0000
 1-4 NB =         0.0000  1-4 EEL =         0.0000  VDWAALS    =      1605.7871
 EELEC  =    -61324.4882  EHBOND  =         0.0000  RESTRAINT  =         0.0000
 DV/DL  =        13.4926
 ------------------------------------------------------------------------------

 NMR restraints: Bond =    0.000   Angle =     0.000   Torsion =     0.000
===============================================================================

| TI region  1


 NSTEP =   105000   TIME(PS) =     105.000  TEMP(K) =   164.52  PRESS =     0.0
 Etot   =    -41713.9274  EKtot   =     10276.5723  EPtot      =    -51990.4996
 BOND   =      7049.3409  ANGLE   =        -0.0000  DIHED      =         0.0000
 1-4 NB =         0.0000  1-4 EEL =         0.0000  VDWAALS    =      1446.4959
 EELEC  =    -60486.3365  EHBOND  =         0.0000  RESTRAINT  =         0.0000
 DV/DL  =        15.1561
 ------------------------------------------------------------------------------

  Softcore part of the system:      12 atoms,       TEMP(K)    =         192.49
 SC_Etot=        24.7390  SC_EKtot=         6.8853  SC_EPtot   =        17.8537
 SC_BOND=         1.3014  SC_ANGLE=         2.4054  SC_DIHED   =         1.0318
 SC_14NB=         0.0234  SC_14EEL=        38.3838  SC_VDW     =        -0.0701
 SC_EEL =       -25.2220
 SC_RES_DIST=     0.0000  SC_RES_ANG=       0.0000  SC_RES_TORS=         0.0000
 SC_EEL_DER=      1.0293  SC_VDW_DER=      -0.8635  SC_DERIV   =         0.1658
 ------------------------------------------------------------------------------


| TI region  2


 NSTEP =   105000   TIME(PS) =     105.000  TEMP(K) =   164.51  PRESS =     0.0
 Etot   =    -41720.8127  EKtot   =     10269.6870  EPtot      =    -51990.4996
 BOND   =      7049.3409  ANGLE   =        -0.0000  DIHED      =         0.0000
 1-4 NB =         0.0000  1-4 EEL =         0.0000  VDWAALS    =      1446.4959
 EELEC  =    -60486.3365  EHBOND  =         0.0000  RESTRAINT  =         0.0000
 DV/DL  =        15.1561
 ------------------------------------------------------------------------------

 NMR restraints: Bond =    0.000   Angle =     0.000   Torsion =     0.000
===============================================================================

| TI region  1


 NSTEP =   110000   TIME(PS) =     110.000  TEMP(K) =   173.39  PRESS =     0.0
 Etot   =    -40166.9174  EKtot   =     10830.0703  EPtot      =    -50996.9877
 BOND   =      7507.7901  ANGLE   =         0.0000  DIHED      =        -0.0000
 1-4 NB =         0.0000  1-4 EEL =        -0.0000  VDWAALS    =      1198.1932
 EELEC  =    -59702.9710  EHBOND  =         0.0000  RESTRAINT  =         0.0000
 DV/DL  =        15.1592
 ------------------------------------------------------------------------------

  Softcore part of the system:      12 atoms,       TEMP(K)    =         132.66
 SC_Etot=        27.3741  SC_EKtot=         4.7451  SC_EPtot   =        22.6290
 SC_BOND=         4.2983  SC_ANGLE=         2.8506  SC_DIHED   =         0.8933
 SC_14NB=         0.2428  SC_14EEL=        42.0583  SC_VDW     =        -0.0808
 SC_EEL =       -27.6334
 SC_RES_DIST=     0.0000  SC_RES_ANG=       0.0000  SC_RES_TORS=         0.0000
 SC_EEL_DER=      1.9522  SC_VDW_DER=      -0.8934  SC_DERIV   =         1.0587
 ------------------------------------------------------------------------------


| TI region  2


 NSTEP =   110000   TIME(PS) =     110.000  TEMP(K) =   173.41  PRESS =     0.0
 Etot   =    -40171.6625  EKtot   =     10825.3252  EPtot      =    -50996.9877
 BOND   =      7507.7901  ANGLE   =         0.0000  DIHED      =        -0.0000
 1-4 NB =         0.0000  1-4 EEL =        -0.0000  VDWAALS    =      1198.1932
 EELEC  =    -59702.9710  EHBOND  =         0.0000  RESTRAINT  =         0.0000
 DV/DL  =        15.1592
 ------------------------------------------------------------------------------

 NMR restraints: Bond =    0.000   Angle =     0.000   Torsion =     0.000
===============================================================================

| TI region  1


 NSTEP =   115000   TIME(PS) =     115.000  TEMP(K) =   180.41  PRESS =     0.0
 Etot   =    -38974.6981  EKtot   =     11268.9707  EPtot      =    -50243.6688
 BOND   =      7347.2869  ANGLE   =         0.0000  DIHED      =        -0.0000
 1-4 NB =         0.0000  1-4 EEL =         0.0000  VDWAALS    =      1099.0716
 EELEC  =    -58690.0273  EHBOND  =         0.0000  RESTRAINT  =         0.0000
 DV/DL  =         8.2951
 ------------------------------------------------------------------------------

  Softcore part of the system:      12 atoms,       TEMP(K)    =         152.03
 SC_Etot=        25.6439  SC_EKtot=         5.4380  SC_EPtot   =        20.2059
 SC_BOND=         3.2789  SC_ANGLE=         2.6067  SC_DIHED   =         1.1633
 SC_14NB=         0.8921  SC_14EEL=        40.9048  SC_VDW     =        -0.0953
 SC_EEL =       -28.5447
 SC_RES_DIST=     0.0000  SC_RES_ANG=       0.0000  SC_RES_TORS=         0.0000
 SC_EEL_DER=     -1.1191  SC_VDW_DER=      -1.3459  SC_DERIV   =        -2.4650
 ------------------------------------------------------------------------------


| TI region  2


 NSTEP =   115000   TIME(PS) =     115.000  TEMP(K) =   180.43  PRESS =     0.0
 Etot   =    -38980.1361  EKtot   =     11263.5327  EPtot      =    -50243.6688
 BOND   =      7347.2869  ANGLE   =         0.0000  DIHED      =        -0.0000
 1-4 NB =         0.0000  1-4 EEL =         0.0000  VDWAALS    =      1099.0716
 EELEC  =    -58690.0273  EHBOND  =         0.0000  RESTRAINT  =         0.0000
 DV/DL  =         8.2951
 ------------------------------------------------------------------------------

 NMR restraints: Bond =    0.000   Angle =     0.000   Torsion =     0.000
===============================================================================

| TI region  1


 NSTEP =   120000   TIME(PS) =     120.000  TEMP(K) =   187.14  PRESS =     0.0
 Etot   =    -37652.6942  EKtot   =     11689.2637  EPtot      =    -49341.9579
 BOND   =      7565.7216  ANGLE   =        -0.0000  DIHED      =        -0.0000
 1-4 NB =         0.0000  1-4 EEL =         0.0000  VDWAALS    =       914.8870
 EELEC  =    -57822.5665  EHBOND  =         0.0000  RESTRAINT  =         0.0000
 DV/DL  =        16.8923
 ------------------------------------------------------------------------------

  Softcore part of the system:      12 atoms,       TEMP(K)    =         213.51
 SC_Etot=        27.5755  SC_EKtot=         7.6371  SC_EPtot   =        19.9384
 SC_BOND=         2.9887  SC_ANGLE=         3.1439  SC_DIHED   =         0.1756
 SC_14NB=         0.7920  SC_14EEL=        41.4719  SC_VDW     =        -0.0948
 SC_EEL =       -28.5388
 SC_RES_DIST=     0.0000  SC_RES_ANG=       0.0000  SC_RES_TORS=         0.0000
 SC_EEL_DER=      2.6274  SC_VDW_DER=      -1.9978  SC_DERIV   =         0.6296
 ------------------------------------------------------------------------------


| TI region  2


 NSTEP =   120000   TIME(PS) =     120.000  TEMP(K) =   187.13  PRESS =     0.0
 Etot   =    -37660.3313  EKtot   =     11681.6265  EPtot      =    -49341.9579
 BOND   =      7565.7216  ANGLE   =        -0.0000  DIHED      =        -0.0000
 1-4 NB =         0.0000  1-4 EEL =         0.0000  VDWAALS    =       914.8870
 EELEC  =    -57822.5665  EHBOND  =         0.0000  RESTRAINT  =         0.0000
 DV/DL  =        16.8923
 ------------------------------------------------------------------------------

 NMR restraints: Bond =    0.000   Angle =     0.000   Torsion =     0.000
===============================================================================

| TI region  1


 NSTEP =   125000   TIME(PS) =     125.000  TEMP(K) =   195.71  PRESS =     0.0
 Etot   =    -36408.8752  EKtot   =     12224.6738  EPtot      =    -48633.5490
 BOND   =      7794.7685  ANGLE   =         0.0000  DIHED      =        -0.0000
 1-4 NB =         0.0000  1-4 EEL =         0.0000  VDWAALS    =       574.0716
 EELEC  =    -57002.3891  EHBOND  =         0.0000  RESTRAINT  =         0.0000
 DV/DL  =         7.3484
 ------------------------------------------------------------------------------

  Softcore part of the system:      12 atoms,       TEMP(K)    =         168.26
 SC_Etot=        24.7122  SC_EKtot=         6.0187  SC_EPtot   =        18.6935
 SC_BOND=         1.6547  SC_ANGLE=         2.5063  SC_DIHED   =         1.1343
 SC_14NB=         0.1863  SC_14EEL=        40.4599  SC_VDW     =        -0.0798
 SC_EEL =       -27.1681
 SC_RES_DIST=     0.0000  SC_RES_ANG=       0.0000  SC_RES_TORS=         0.0000
 SC_EEL_DER=      0.4299  SC_VDW_DER=      -4.3279  SC_DERIV   =        -3.8980
 ------------------------------------------------------------------------------


| TI region  2


 NSTEP =   125000   TIME(PS) =     125.000  TEMP(K) =   195.73  PRESS =     0.0
 Etot   =    -36414.8938  EKtot   =     12218.6552  EPtot      =    -48633.5490
 BOND   =      7794.7685  ANGLE   =         0.0000  DIHED      =        -0.0000
 1-4 NB =         0.0000  1-4 EEL =         0.0000  VDWAALS    =       574.0716
 EELEC  =    -57002.3891  EHBOND  =         0.0000  RESTRAINT  =         0.0000
 DV/DL  =         7.3484
 ------------------------------------------------------------------------------

 NMR restraints: Bond =    0.000   Angle =     0.000   Torsion =     0.000
===============================================================================

| TI region  1


 NSTEP =   130000   TIME(PS) =     130.000  TEMP(K) =   202.06  PRESS =     0.0
 Etot   =    -35336.8066  EKtot   =     12620.9775  EPtot      =    -47957.7842
 BOND   =      7822.1868  ANGLE   =         0.0000  DIHED      =        -0.0000
 1-4 NB =         0.0000  1-4 EEL =         0.0000  VDWAALS    =       626.7390
 EELEC  =    -56406.7100  EHBOND  =         0.0000  RESTRAINT  =         0.0000
 DV/DL  =         8.7711
 ------------------------------------------------------------------------------

  Softcore part of the system:      12 atoms,       TEMP(K)    =         164.43
 SC_Etot=        23.9009  SC_EKtot=         5.8816  SC_EPtot   =        18.0193
 SC_BOND=         1.1046  SC_ANGLE=         2.3687  SC_DIHED   =         1.6900
 SC_14NB=         0.3224  SC_14EEL=        40.4733  SC_VDW     =        -0.0920
 SC_EEL =       -27.8478
 SC_RES_DIST=     0.0000  SC_RES_ANG=       0.0000  SC_RES_TORS=         0.0000
 SC_EEL_DER=      2.5898  SC_VDW_DER=      -6.7399  SC_DERIV   =        -4.1501
 ------------------------------------------------------------------------------


| TI region  2


 NSTEP =   130000   TIME(PS) =     130.000  TEMP(K) =   202.08  PRESS =     0.0
 Etot   =    -35342.6882  EKtot   =     12615.0959  EPtot      =    -47957.7842
 BOND   =      7822.1868  ANGLE   =         0.0000  DIHED      =        -0.0000
 1-4 NB =         0.0000  1-4 EEL =         0.0000  VDWAALS    =       626.7390
 EELEC  =    -56406.7100  EHBOND  =         0.0000  RESTRAINT  =         0.0000
 DV/DL  =         8.7711
 ------------------------------------------------------------------------------

 NMR restraints: Bond =    0.000   Angle =     0.000   Torsion =     0.000
===============================================================================

| TI region  1


 NSTEP =   135000   TIME(PS) =     135.000  TEMP(K) =   212.92  PRESS =     0.0
 Etot   =    -33934.4533  EKtot   =     13299.3613  EPtot      =    -47233.8146
 BOND   =      8000.6213  ANGLE   =         0.0000  DIHED      =        -0.0000
 1-4 NB =         0.0000  1-4 EEL =         0.0000  VDWAALS    =       480.0785
 EELEC  =    -55714.5144  EHBOND  =         0.0000  RESTRAINT  =         0.0000
 DV/DL  =         8.4941
 ------------------------------------------------------------------------------

  Softcore part of the system:      12 atoms,       TEMP(K)    =         203.79
 SC_Etot=        25.7337  SC_EKtot=         7.2896  SC_EPtot   =        18.4441
 SC_BOND=         1.2375  SC_ANGLE=         3.2646  SC_DIHED   =         0.6415
 SC_14NB=         0.2544  SC_14EEL=        40.2035  SC_VDW     =        -0.0793
 SC_EEL =       -27.0780
 SC_RES_DIST=     0.0000  SC_RES_ANG=       0.0000  SC_RES_TORS=         0.0000
 SC_EEL_DER=      0.1238  SC_VDW_DER=      -3.3879  SC_DERIV   =        -3.2641
 ------------------------------------------------------------------------------


| TI region  2


 NSTEP =   135000   TIME(PS) =     135.000  TEMP(K) =   212.92  PRESS =     0.0
 Etot   =    -33941.7429  EKtot   =     13292.0717  EPtot      =    -47233.8146
 BOND   =      8000.6213  ANGLE   =         0.0000  DIHED      =        -0.0000
 1-4 NB =         0.0000  1-4 EEL =         0.0000  VDWAALS    =       480.0785
 EELEC  =    -55714.5144  EHBOND  =         0.0000  RESTRAINT  =         0.0000
 DV/DL  =         8.4941
 ------------------------------------------------------------------------------

 NMR restraints: Bond =    0.000   Angle =     0.000   Torsion =     0.000
===============================================================================

| TI region  1


 NSTEP =   140000   TIME(PS) =     140.000  TEMP(K) =   218.71  PRESS =     0.0
 Etot   =    -32652.4045  EKtot   =     13660.8848  EPtot      =    -46313.2893
 BOND   =      8129.4920  ANGLE   =         0.0000  DIHED      =         0.0000
 1-4 NB =         0.0000  1-4 EEL =         0.0000  VDWAALS    =       461.5774
 EELEC  =    -54904.3586  EHBOND  =         0.0000  RESTRAINT  =         0.0000
 DV/DL  =         7.0272
 ------------------------------------------------------------------------------

  Softcore part of the system:      12 atoms,       TEMP(K)    =         122.00
 SC_Etot=        25.3265  SC_EKtot=         4.3640  SC_EPtot   =        20.9625
 SC_BOND=         4.1924  SC_ANGLE=         2.2971  SC_DIHED   =         1.0240
 SC_14NB=         0.1232  SC_14EEL=        40.3181  SC_VDW     =        -0.0867
 SC_EEL =       -26.9054
 SC_RES_DIST=     0.0000  SC_RES_ANG=       0.0000  SC_RES_TORS=         0.0000
 SC_EEL_DER=      0.5838  SC_VDW_DER=      -7.3600  SC_DERIV   =        -6.7761
 ------------------------------------------------------------------------------


| TI region  2


 NSTEP =   140000   TIME(PS) =     140.000  TEMP(K) =   218.76  PRESS =     0.0
 Etot   =    -32656.7685  EKtot   =     13656.5208  EPtot      =    -46313.2893
 BOND   =      8129.4920  ANGLE   =         0.0000  DIHED      =         0.0000
 1-4 NB =         0.0000  1-4 EEL =         0.0000  VDWAALS    =       461.5774
 EELEC  =    -54904.3586  EHBOND  =         0.0000  RESTRAINT  =         0.0000
 DV/DL  =         7.0272
 ------------------------------------------------------------------------------

 NMR restraints: Bond =    0.000   Angle =     0.000   Torsion =     0.000
===============================================================================

| TI region  1


 NSTEP =   145000   TIME(PS) =     145.000  TEMP(K) =   225.69  PRESS =     0.0
 Etot   =    -31539.2521  EKtot   =     14096.8320  EPtot      =    -45636.0841
 BOND   =      8369.4266  ANGLE   =        -0.0000  DIHED      =        -0.0000
 1-4 NB =         0.0000  1-4 EEL =         0.0000  VDWAALS    =       400.5136
 EELEC  =    -54406.0243  EHBOND  =         0.0000  RESTRAINT  =         0.0000
 DV/DL  =        11.1641
 ------------------------------------------------------------------------------

  Softcore part of the system:      12 atoms,       TEMP(K)    =         271.89
 SC_Etot=        26.5693  SC_EKtot=         9.7255  SC_EPtot   =        16.8438
 SC_BOND=         1.2577  SC_ANGLE=         1.9549  SC_DIHED   =         0.2761
 SC_14NB=        -0.0071  SC_14EEL=        29.1491  SC_VDW     =        -0.0329
 SC_EEL =       -15.7541
 SC_RES_DIST=     0.0000  SC_RES_ANG=       0.0000  SC_RES_TORS=         0.0000
 SC_EEL_DER=      4.9482  SC_VDW_DER=      -7.4434  SC_DERIV   =        -2.4952
 ------------------------------------------------------------------------------


| TI region  2


 NSTEP =   145000   TIME(PS) =     145.000  TEMP(K) =   225.66  PRESS =     0.0
 Etot   =    -31548.9776  EKtot   =     14087.1066  EPtot      =    -45636.0841
 BOND   =      8369.4266  ANGLE   =        -0.0000  DIHED      =        -0.0000
 1-4 NB =         0.0000  1-4 EEL =         0.0000  VDWAALS    =       400.5136
 EELEC  =    -54406.0243  EHBOND  =         0.0000  RESTRAINT  =         0.0000
 DV/DL  =        11.1641
 ------------------------------------------------------------------------------

 NMR restraints: Bond =    0.000   Angle =     0.000   Torsion =     0.000
===============================================================================

| TI region  1


 NSTEP =   150000   TIME(PS) =     150.000  TEMP(K) =   235.30  PRESS =     0.0
 Etot   =    -30367.4133  EKtot   =     14697.2188  EPtot      =    -45064.6320
 BOND   =      8505.2472  ANGLE   =         0.0000  DIHED      =         0.0000
 1-4 NB =         0.0000  1-4 EEL =         0.0000  VDWAALS    =       386.9983
 EELEC  =    -53956.8776  EHBOND  =         0.0000  RESTRAINT  =         0.0000
 DV/DL  =        11.8930
 ------------------------------------------------------------------------------

  Softcore part of the system:      12 atoms,       TEMP(K)    =         237.33
 SC_Etot=        28.4440  SC_EKtot=         8.4891  SC_EPtot   =        19.9550
 SC_BOND=         3.9594  SC_ANGLE=         2.6351  SC_DIHED   =         0.1467
 SC_14NB=         0.0661  SC_14EEL=        29.0502  SC_VDW     =        -0.0353
 SC_EEL =       -15.8672
 SC_RES_DIST=     0.0000  SC_RES_ANG=       0.0000  SC_RES_TORS=         0.0000
 SC_EEL_DER=      3.0317  SC_VDW_DER=      -4.8843  SC_DERIV   =        -1.8526
 ------------------------------------------------------------------------------


| TI region  2


 NSTEP =   150000   TIME(PS) =     150.000  TEMP(K) =   235.30  PRESS =     0.0
 Etot   =    -30375.9023  EKtot   =     14688.7297  EPtot      =    -45064.6320
 BOND   =      8505.2472  ANGLE   =         0.0000  DIHED      =         0.0000
 1-4 NB =         0.0000  1-4 EEL =         0.0000  VDWAALS    =       386.9983
 EELEC  =    -53956.8776  EHBOND  =         0.0000  RESTRAINT  =         0.0000
 DV/DL  =        11.8930
 ------------------------------------------------------------------------------

 NMR restraints: Bond =    0.000   Angle =     0.000   Torsion =     0.000
===============================================================================

| TI region  1


 NSTEP =   155000   TIME(PS) =     155.000  TEMP(K) =   244.48  PRESS =     0.0
 Etot   =    -28852.1466  EKtot   =     15270.9316  EPtot      =    -44123.0783
 BOND   =      8742.1828  ANGLE   =        -0.0000  DIHED      =        -0.0000
 1-4 NB =         0.0000  1-4 EEL =        -0.0000  VDWAALS    =       256.9035
 EELEC  =    -53122.1646  EHBOND  =         0.0000  RESTRAINT  =         0.0000
 DV/DL  =        10.5269
 ------------------------------------------------------------------------------

  Softcore part of the system:      12 atoms,       TEMP(K)    =         215.48
 SC_Etot=        26.9896  SC_EKtot=         7.7076  SC_EPtot   =        19.2820
 SC_BOND=         3.1554  SC_ANGLE=         3.0190  SC_DIHED   =         0.1653
 SC_14NB=         0.2607  SC_14EEL=        29.2609  SC_VDW     =        -0.0449
 SC_EEL =       -16.5343
 SC_RES_DIST=     0.0000  SC_RES_ANG=       0.0000  SC_RES_TORS=         0.0000
 SC_EEL_DER=      5.1407  SC_VDW_DER=      -9.1567  SC_DERIV   =        -4.0160
 ------------------------------------------------------------------------------


| TI region  2


 NSTEP =   155000   TIME(PS) =     155.000  TEMP(K) =   244.50  PRESS =     0.0
 Etot   =    -28859.8542  EKtot   =     15263.2240  EPtot      =    -44123.0783
 BOND   =      8742.1828  ANGLE   =        -0.0000  DIHED      =        -0.0000
 1-4 NB =         0.0000  1-4 EEL =        -0.0000  VDWAALS    =       256.9035
 EELEC  =    -53122.1646  EHBOND  =         0.0000  RESTRAINT  =         0.0000
 DV/DL  =        10.5269
 ------------------------------------------------------------------------------

 NMR restraints: Bond =    0.000   Angle =     0.000   Torsion =     0.000
===============================================================================

| TI region  1


 NSTEP =   160000   TIME(PS) =     160.000  TEMP(K) =   251.77  PRESS =     0.0
 Etot   =    -27775.3863  EKtot   =     15726.3408  EPtot      =    -43501.7272
 BOND   =      8886.0633  ANGLE   =        -0.0000  DIHED      =         0.0000
 1-4 NB =         0.0000  1-4 EEL =        -0.0000  VDWAALS    =       137.2644
 EELEC  =    -52525.0548  EHBOND  =         0.0000  RESTRAINT  =         0.0000
 DV/DL  =         9.7100
 ------------------------------------------------------------------------------

  Softcore part of the system:      12 atoms,       TEMP(K)    =         235.41
 SC_Etot=        28.7402  SC_EKtot=         8.4205  SC_EPtot   =        20.3197
 SC_BOND=         2.3874  SC_ANGLE=         2.6584  SC_DIHED   =         2.5145
 SC_14NB=         0.1876  SC_14EEL=        28.6775  SC_VDW     =        -0.0357
 SC_EEL =       -16.0700
 SC_RES_DIST=     0.0000  SC_RES_ANG=       0.0000  SC_RES_TORS=         0.0000
 SC_EEL_DER=     -0.3331  SC_VDW_DER=      -1.7306  SC_DERIV   =        -2.0637
 ------------------------------------------------------------------------------


| TI region  2


 NSTEP =   160000   TIME(PS) =     160.000  TEMP(K) =   251.78  PRESS =     0.0
 Etot   =    -27783.8068  EKtot   =     15717.9203  EPtot      =    -43501.7272
 BOND   =      8886.0633  ANGLE   =        -0.0000  DIHED      =         0.0000
 1-4 NB =         0.0000  1-4 EEL =        -0.0000  VDWAALS    =       137.2644
 EELEC  =    -52525.0548  EHBOND  =         0.0000  RESTRAINT  =         0.0000
 DV/DL  =         9.7100
 ------------------------------------------------------------------------------

 NMR restraints: Bond =    0.000   Angle =     0.000   Torsion =     0.000
===============================================================================

| TI region  1


 NSTEP =   165000   TIME(PS) =     165.000  TEMP(K) =   259.05  PRESS =     0.0
 Etot   =    -26926.4719  EKtot   =     16181.0020  EPtot      =    -43107.4739
 BOND   =      9042.4175  ANGLE   =        -0.0000  DIHED      =         0.0000
 1-4 NB =         0.0000  1-4 EEL =        -0.0000  VDWAALS    =        58.0480
 EELEC  =    -52207.9394  EHBOND  =         0.0000  RESTRAINT  =         0.0000
 DV/DL  =         7.0932
 ------------------------------------------------------------------------------

  Softcore part of the system:      12 atoms,       TEMP(K)    =         251.97
 SC_Etot=        29.6305  SC_EKtot=         9.0129  SC_EPtot   =        20.6176
 SC_BOND=         5.0281  SC_ANGLE=         2.6104  SC_DIHED   =         0.2779
 SC_14NB=         0.0285  SC_14EEL=        27.8525  SC_VDW     =        -0.0316
 SC_EEL =       -15.1481
 SC_RES_DIST=     0.0000  SC_RES_ANG=       0.0000  SC_RES_TORS=         0.0000
 SC_EEL_DER=      0.5072  SC_VDW_DER=      -5.8616  SC_DERIV   =        -5.3544
 ------------------------------------------------------------------------------


| TI region  2


 NSTEP =   165000   TIME(PS) =     165.000  TEMP(K) =   259.06  PRESS =     0.0
 Etot   =    -26935.4848  EKtot   =     16171.9891  EPtot      =    -43107.4739
 BOND   =      9042.4175  ANGLE   =        -0.0000  DIHED      =         0.0000
 1-4 NB =         0.0000  1-4 EEL =        -0.0000  VDWAALS    =        58.0480
 EELEC  =    -52207.9394  EHBOND  =         0.0000  RESTRAINT  =         0.0000
 DV/DL  =         7.0932
 ------------------------------------------------------------------------------

 NMR restraints: Bond =    0.000   Angle =     0.000   Torsion =     0.000
===============================================================================

| TI region  1


 NSTEP =   170000   TIME(PS) =     170.000  TEMP(K) =   267.60  PRESS =     0.0
 Etot   =    -25674.8469  EKtot   =     16714.8633  EPtot      =    -42389.7102
 BOND   =      9149.2210  ANGLE   =        -0.0000  DIHED      =         0.0000
 1-4 NB =         0.0000  1-4 EEL =         0.0000  VDWAALS    =       145.2779
 EELEC  =    -51684.2091  EHBOND  =         0.0000  RESTRAINT  =         0.0000
 DV/DL  =        11.9815
 ------------------------------------------------------------------------------

  Softcore part of the system:      12 atoms,       TEMP(K)    =         339.16
 SC_Etot=        35.4661  SC_EKtot=        12.1316  SC_EPtot   =        23.3345
 SC_BOND=         3.2043  SC_ANGLE=         3.1355  SC_DIHED   =         3.2481
 SC_14NB=         0.0420  SC_14EEL=        29.8263  SC_VDW     =        -0.0308
 SC_EEL =       -16.0910
 SC_RES_DIST=     0.0000  SC_RES_ANG=       0.0000  SC_RES_TORS=         0.0000
 SC_EEL_DER=      0.9314  SC_VDW_DER=      -1.5233  SC_DERIV   =        -0.5919
 ------------------------------------------------------------------------------


| TI region  2


 NSTEP =   170000   TIME(PS) =     170.000  TEMP(K) =   267.56  PRESS =     0.0
 Etot   =    -25686.9785  EKtot   =     16702.7317  EPtot      =    -42389.7102
 BOND   =      9149.2210  ANGLE   =        -0.0000  DIHED      =         0.0000
 1-4 NB =         0.0000  1-4 EEL =         0.0000  VDWAALS    =       145.2779
 EELEC  =    -51684.2091  EHBOND  =         0.0000  RESTRAINT  =         0.0000
 DV/DL  =        11.9815
 ------------------------------------------------------------------------------

 NMR restraints: Bond =    0.000   Angle =     0.000   Torsion =     0.000
===============================================================================

| TI region  1


 NSTEP =   175000   TIME(PS) =     175.000  TEMP(K) =   276.30  PRESS =     0.0
 Etot   =    -24381.3207  EKtot   =     17258.5684  EPtot      =    -41639.8891
 BOND   =      9425.7624  ANGLE   =        -0.0000  DIHED      =        -0.0000
 1-4 NB =         0.0000  1-4 EEL =         0.0000  VDWAALS    =         4.1446
 EELEC  =    -51069.7961  EHBOND  =         0.0000  RESTRAINT  =         0.0000
 DV/DL  =         4.8027
 ------------------------------------------------------------------------------

  Softcore part of the system:      12 atoms,       TEMP(K)    =         436.54
 SC_Etot=        39.0368  SC_EKtot=        15.6146  SC_EPtot   =        23.4222
 SC_BOND=         3.5365  SC_ANGLE=         3.8755  SC_DIHED   =         3.3299
 SC_14NB=         0.2844  SC_14EEL=        27.3823  SC_VDW     =        -0.0484
 SC_EEL =       -14.9382
 SC_RES_DIST=     0.0000  SC_RES_ANG=       0.0000  SC_RES_TORS=         0.0000
 SC_EEL_DER=     -0.5902  SC_VDW_DER=      -3.7746  SC_DERIV   =        -4.3648
 ------------------------------------------------------------------------------


| TI region  2


 NSTEP =   175000   TIME(PS) =     175.000  TEMP(K) =   276.21  PRESS =     0.0
 Etot   =    -24396.9353  EKtot   =     17242.9537  EPtot      =    -41639.8891
 BOND   =      9425.7624  ANGLE   =        -0.0000  DIHED      =        -0.0000
 1-4 NB =         0.0000  1-4 EEL =         0.0000  VDWAALS    =         4.1446
 EELEC  =    -51069.7961  EHBOND  =         0.0000  RESTRAINT  =         0.0000
 DV/DL  =         4.8027
 ------------------------------------------------------------------------------

 NMR restraints: Bond =    0.000   Angle =     0.000   Torsion =     0.000
===============================================================================

| TI region  1


 NSTEP =   180000   TIME(PS) =     180.000  TEMP(K) =   284.33  PRESS =     0.0
 Etot   =    -23314.0220  EKtot   =     17759.8711  EPtot      =    -41073.8931
 BOND   =      9616.9507  ANGLE   =         0.0000  DIHED      =         0.0000
 1-4 NB =         0.0000  1-4 EEL =        -0.0000  VDWAALS    =       279.1607
 EELEC  =    -50970.0045  EHBOND  =         0.0000  RESTRAINT  =         0.0000
 DV/DL  =        14.0300
 ------------------------------------------------------------------------------

  Softcore part of the system:      12 atoms,       TEMP(K)    =         315.89
 SC_Etot=        32.5757  SC_EKtot=        11.2993  SC_EPtot   =        21.2764
 SC_BOND=         2.7654  SC_ANGLE=         4.1912  SC_DIHED   =         0.6207
 SC_14NB=         0.0003  SC_14EEL=        29.0959  SC_VDW     =        -0.0330
 SC_EEL =       -15.3640
 SC_RES_DIST=     0.0000  SC_RES_ANG=       0.0000  SC_RES_TORS=         0.0000
 SC_EEL_DER=      2.2575  SC_VDW_DER=      -3.3329  SC_DERIV   =        -1.0754
 ------------------------------------------------------------------------------


| TI region  2


 NSTEP =   180000   TIME(PS) =     180.000  TEMP(K) =   284.31  PRESS =     0.0
 Etot   =    -23325.3213  EKtot   =     17748.5718  EPtot      =    -41073.8931
 BOND   =      9616.9507  ANGLE   =         0.0000  DIHED      =         0.0000
 1-4 NB =         0.0000  1-4 EEL =        -0.0000  VDWAALS    =       279.1607
 EELEC  =    -50970.0045  EHBOND  =         0.0000  RESTRAINT  =         0.0000
 DV/DL  =        14.0300
 ------------------------------------------------------------------------------

 NMR restraints: Bond =    0.000   Angle =     0.000   Torsion =     0.000
===============================================================================

| TI region  1


 NSTEP =   185000   TIME(PS) =     185.000  TEMP(K) =   289.04  PRESS =     0.0
 Etot   =    -22454.6529  EKtot   =     18053.9160  EPtot      =    -40508.5689
 BOND   =      9647.2487  ANGLE   =         0.0000  DIHED      =         0.0000
 1-4 NB =         0.0000  1-4 EEL =        -0.0000  VDWAALS    =        27.5496
 EELEC  =    -50183.3672  EHBOND  =         0.0000  RESTRAINT  =         0.0000
 DV/DL  =        12.2591
 ------------------------------------------------------------------------------

  Softcore part of the system:      12 atoms,       TEMP(K)    =         279.87
 SC_Etot=        28.1778  SC_EKtot=        10.0109  SC_EPtot   =        18.1669
 SC_BOND=         1.2345  SC_ANGLE=         2.5158  SC_DIHED   =         0.8830
 SC_14NB=         0.1769  SC_14EEL=        29.6937  SC_VDW     =        -0.0425
 SC_EEL =       -16.2945
 SC_RES_DIST=     0.0000  SC_RES_ANG=       0.0000  SC_RES_TORS=         0.0000
 SC_EEL_DER=      1.1727  SC_VDW_DER=      -2.1616  SC_DERIV   =        -0.9889
 ------------------------------------------------------------------------------


| TI region  2


 NSTEP =   185000   TIME(PS) =     185.000  TEMP(K) =   289.04  PRESS =     0.0
 Etot   =    -22464.6638  EKtot   =     18043.9051  EPtot      =    -40508.5689
 BOND   =      9647.2487  ANGLE   =         0.0000  DIHED      =         0.0000
 1-4 NB =         0.0000  1-4 EEL =        -0.0000  VDWAALS    =        27.5496
 EELEC  =    -50183.3672  EHBOND  =         0.0000  RESTRAINT  =         0.0000
 DV/DL  =        12.2591
 ------------------------------------------------------------------------------

 NMR restraints: Bond =    0.000   Angle =     0.000   Torsion =     0.000
===============================================================================

| TI region  1


 NSTEP =   190000   TIME(PS) =     190.000  TEMP(K) =   296.85  PRESS =     0.0
 Etot   =    -21151.9300  EKtot   =     18541.9141  EPtot      =    -39693.8441
 BOND   =      9931.6459  ANGLE   =        -0.0000  DIHED      =        -0.0000
 1-4 NB =         0.0000  1-4 EEL =         0.0000  VDWAALS    =       159.2689
 EELEC  =    -49784.7589  EHBOND  =         0.0000  RESTRAINT  =         0.0000
 DV/DL  =         3.9200
 ------------------------------------------------------------------------------

  Softcore part of the system:      12 atoms,       TEMP(K)    =         352.36
 SC_Etot=        38.3273  SC_EKtot=        12.6036  SC_EPtot   =        25.7237
 SC_BOND=         3.4300  SC_ANGLE=         8.7380  SC_DIHED   =         0.7873
 SC_14NB=         0.0181  SC_14EEL=        28.1034  SC_VDW     =        -0.0385
 SC_EEL =       -15.3146
 SC_RES_DIST=     0.0000  SC_RES_ANG=       0.0000  SC_RES_TORS=         0.0000
 SC_EEL_DER=      1.5047  SC_VDW_DER=      -7.7771  SC_DERIV   =        -6.2724
 ------------------------------------------------------------------------------


| TI region  2


 NSTEP =   190000   TIME(PS) =     190.000  TEMP(K) =   296.82  PRESS =     0.0
 Etot   =    -21164.5337  EKtot   =     18529.3104  EPtot      =    -39693.8441
 BOND   =      9931.6459  ANGLE   =        -0.0000  DIHED      =        -0.0000
 1-4 NB =         0.0000  1-4 EEL =         0.0000  VDWAALS    =       159.2689
 EELEC  =    -49784.7589  EHBOND  =         0.0000  RESTRAINT  =         0.0000
 DV/DL  =         3.9200
 ------------------------------------------------------------------------------

 NMR restraints: Bond =    0.000   Angle =     0.000   Torsion =     0.000
===============================================================================

| TI region  1


 NSTEP =   195000   TIME(PS) =     195.000  TEMP(K) =   302.82  PRESS =     0.0
 Etot   =    -21029.0933  EKtot   =     18914.8145  EPtot      =    -39943.9078
 BOND   =      9790.1402  ANGLE   =        -0.0000  DIHED      =         0.0000
 1-4 NB =         0.0000  1-4 EEL =         0.0000  VDWAALS    =      -104.1213
 EELEC  =    -49629.9267  EHBOND  =         0.0000  RESTRAINT  =         0.0000
 DV/DL  =         6.9876
 ------------------------------------------------------------------------------

  Softcore part of the system:      12 atoms,       TEMP(K)    =         304.75
 SC_Etot=        39.5349  SC_EKtot=        10.9008  SC_EPtot   =        28.6341
 SC_BOND=         6.1807  SC_ANGLE=         7.1423  SC_DIHED   =         1.5813
 SC_14NB=         0.1162  SC_14EEL=        29.1849  SC_VDW     =        -0.0336
 SC_EEL =       -15.5377
 SC_RES_DIST=     0.0000  SC_RES_ANG=       0.0000  SC_RES_TORS=         0.0000
 SC_EEL_DER=      1.6436  SC_VDW_DER=      -8.0082  SC_DERIV   =        -6.3646
 ------------------------------------------------------------------------------


| TI region  2


 NSTEP =   195000   TIME(PS) =     195.000  TEMP(K) =   302.82  PRESS =     0.0
 Etot   =    -21039.9941  EKtot   =     18903.9137  EPtot      =    -39943.9078
 BOND   =      9790.1402  ANGLE   =        -0.0000  DIHED      =         0.0000
 1-4 NB =         0.0000  1-4 EEL =         0.0000  VDWAALS    =      -104.1213
 EELEC  =    -49629.9267  EHBOND  =         0.0000  RESTRAINT  =         0.0000
 DV/DL  =         6.9876
 ------------------------------------------------------------------------------

 NMR restraints: Bond =    0.000   Angle =     0.000   Torsion =     0.000
===============================================================================

| TI region  1


 NSTEP =   200000   TIME(PS) =     200.000  TEMP(K) =   297.91  PRESS =     0.0
 Etot   =    -21463.7717  EKtot   =     18607.9570  EPtot      =    -40071.7287
 BOND   =      9899.6977  ANGLE   =         0.0000  DIHED      =         0.0000
 1-4 NB =         0.0000  1-4 EEL =        -0.0000  VDWAALS    =       179.7022
 EELEC  =    -50151.1287  EHBOND  =         0.0000  RESTRAINT  =         0.0000
 DV/DL  =         7.2886
 ------------------------------------------------------------------------------

  Softcore part of the system:      12 atoms,       TEMP(K)    =         207.51
 SC_Etot=        30.2338  SC_EKtot=         7.4226  SC_EPtot   =        22.8112
 SC_BOND=         4.3497  SC_ANGLE=         3.5490  SC_DIHED   =         0.8941
 SC_14NB=         0.0398  SC_14EEL=        30.6915  SC_VDW     =        -0.0439
 SC_EEL =       -16.6690
 SC_RES_DIST=     0.0000  SC_RES_ANG=       0.0000  SC_RES_TORS=         0.0000
 SC_EEL_DER=     -0.2211  SC_VDW_DER=      -3.7282  SC_DERIV   =        -3.9493
 ------------------------------------------------------------------------------


| TI region  2


 NSTEP =   200000   TIME(PS) =     200.000  TEMP(K) =   297.96  PRESS =     0.0
 Etot   =    -21471.1943  EKtot   =     18600.5344  EPtot      =    -40071.7287
 BOND   =      9899.6977  ANGLE   =         0.0000  DIHED      =         0.0000
 1-4 NB =         0.0000  1-4 EEL =        -0.0000  VDWAALS    =       179.7022
 EELEC  =    -50151.1287  EHBOND  =         0.0000  RESTRAINT  =         0.0000
 DV/DL  =         7.2886
 ------------------------------------------------------------------------------

 NMR restraints: Bond =    0.000   Angle =     0.000   Torsion =     0.000
===============================================================================

| TI region  1


      A V E R A G E S   O V E R      40 S T E P S


 NSTEP =   200000   TIME(PS) =     200.000  TEMP(K) =   160.18  PRESS =     0.0
 Etot   =    -42101.5957  EKtot   =     10005.1205  EPtot      =    -52106.7163
 BOND   =      7097.1477  ANGLE   =        -0.0000  DIHED      =        -0.0000
 1-4 NB =         0.0000  1-4 EEL =         0.0000  VDWAALS    =      1926.1505
 EELEC  =    -61130.0145  EHBOND  =         0.0000  RESTRAINT  =         0.0000
 DV/DL  =        12.2307
 ------------------------------------------------------------------------------

 NMR restraints: Bond =    0.000   Angle =     0.000   Torsion =     0.000
===============================================================================
  Softcore part of the system:      12 atoms,       TEMP(K)    =         159.94
 SC_Etot=        24.3068  SC_EKtot=         5.7211  SC_EPtot   =        18.5857
 SC_BOND=         2.0473  SC_ANGLE=         2.3074  SC_DIHED   =         0.8017
 SC_14NB=         0.3436  SC_14EEL=        37.1522  SC_VDW     =        -0.0722
 SC_EEL =       -23.9943
 SC_RES_DIST=     0.0000  SC_RES_ANG=       0.0000  SC_RES_TORS=         0.0000
 SC_EEL_DER=      1.7170  SC_VDW_DER=      -3.0180  SC_DERIV   =        -1.3010
 ------------------------------------------------------------------------------


      R M S  F L U C T U A T I O N S


 NSTEP =   200000   TIME(PS) =     200.000  TEMP(K) =    90.02  PRESS =     0.0
 Etot   =     13581.2430  EKtot   =      5622.8637  EPtot      =      7972.6896
 BOND   =      1773.9828  ANGLE   =         0.0000  DIHED      =         0.0000
 1-4 NB =         0.0000  1-4 EEL =         0.0000  VDWAALS    =      1610.1870
 EELEC  =      7803.1036  EHBOND  =         0.0000  RESTRAINT  =         0.0000
 DV/DL  =         3.7076
 ------------------------------------------------------------------------------

  Softcore part of the system:      12 atoms,       TEMP(K)    =         102.38
 SC_Etot=         6.5135  SC_EKtot=         3.6621  SC_EPtot   =         3.2103
 SC_BOND=         1.4572  SC_ANGLE=         1.6829  SC_DIHED   =         0.7872
 SC_14NB=         0.2603  SC_14EEL=         5.4391  SC_VDW     =         0.0237
 SC_EEL =         5.4512
 SC_RES_DIST=     0.0000  SC_RES_ANG=       0.0000  SC_RES_TORS=         0.0000
 SC_EEL_DER=      1.4422  SC_VDW_DER=       2.4303  SC_DERIV   =         2.4309
 ------------------------------------------------------------------------------


| TI region  2


      A V E R A G E S   O V E R      40 S T E P S


 NSTEP =   200000   TIME(PS) =     200.000  TEMP(K) =   160.18  PRESS =     0.0
 Etot   =    -42107.3169  EKtot   =      9999.3994  EPtot      =    -52106.7163
 BOND   =      7097.1477  ANGLE   =        -0.0000  DIHED      =        -0.0000
 1-4 NB =         0.0000  1-4 EEL =         0.0000  VDWAALS    =      1926.1505
 EELEC  =    -61130.0145  EHBOND  =         0.0000  RESTRAINT  =         0.0000
 DV/DL  =        12.2307
 ------------------------------------------------------------------------------

 NMR restraints: Bond =    0.000   Angle =     0.000   Torsion =     0.000
===============================================================================

      R M S  F L U C T U A T I O N S


 NSTEP =   200000   TIME(PS) =     200.000  TEMP(K) =    90.02  PRESS =     0.0
 Etot   =     13577.8929  EKtot   =      5619.5092  EPtot      =      7972.6896
 BOND   =      1773.9828  ANGLE   =         0.0000  DIHED      =         0.0000
 1-4 NB =         0.0000  1-4 EEL =         0.0000  VDWAALS    =      1610.1870
 EELEC  =      7803.1036  EHBOND  =         0.0000  RESTRAINT  =         0.0000
 DV/DL  =         3.7076
 ------------------------------------------------------------------------------


      DV/DL, AVERAGES OVER      40 STEPS


 NSTEP =   200000   TIME(PS) =     200.000  TEMP(K) =    90.02  PRESS =     0.0
 Etot   =         0.0000  EKtot   =         0.0000  EPtot      =        12.2307
 BOND   =         0.0000  ANGLE   =         0.0000  DIHED      =         0.0000
 1-4 NB =         0.0000  1-4 EEL =         0.0000  VDWAALS    =         9.2048
 EELEC  =         4.3270  EHBOND  =         0.0000  RESTRAINT  =         0.0000
 DV/DL  =        12.2307
 ------------------------------------------------------------------------------


 NMR restraints on final step:

--------------------------------------------------------------------------------
   5.  TIMINGS
--------------------------------------------------------------------------------

|  NonSetup CPU Time in Major Routines:
|
|     Routine           Sec        %
|     ------------------------------
|     Nonbond         145.66   29.20
|     Bond              0.00    0.00
|     Angle             0.00    0.00
|     Dihedral          0.00    0.00
|     Shake             0.00    0.00
|     RunMD           352.47   70.66
|     Other             0.71    0.14
|     ------------------------------
|     Total           498.85

|  PME Nonbond Pairlist CPU Time:
|
|     Routine              Sec        %
|     ---------------------------------
|     Set Up Cit           0.00    0.00
|     Build List           0.00    0.00
|     ---------------------------------
|     Total                0.00    0.00

|  PME Direct Force CPU Time:
|
|     Routine              Sec        %
|     ---------------------------------
|     NonBonded Calc       0.00    0.00
|     Exclude Masked       0.00    0.00
|     Other                0.49    0.10
|     ---------------------------------
|     Total                0.49    0.10

|  PME Reciprocal Force CPU Time:
|
|     Routine              Sec        %
|     ---------------------------------
|     1D bspline           0.00    0.00
|     Grid Charges         0.00    0.00
|     Scalar Sum           0.00    0.00
|     Gradient Sum         0.00    0.00
|     FFT                  0.00    0.00
|     ---------------------------------
|     Total                0.00    0.00

|  Final Performance Info:
|     -----------------------------------------------------
|     Average timings for last       1 steps:
|     Elapsed(s) =       0.00 Per Step(ms) =       1.88
|         ns/day =      46.06   seconds/ns =    1875.98
|
|     Average timings for all steps:
|     Elapsed(s) =     499.16 Per Step(ms) =       2.50
|         ns/day =      34.62   seconds/ns =    2495.80
|     -----------------------------------------------------

|  Setup CPU time:            0.46 seconds
|  NonSetup CPU time:       498.85 seconds
|  Total CPU time:          499.31 seconds     0.14 hours

|  Setup wall time:           0    seconds
|  NonSetup wall time:      500    seconds
|  Total wall time:         500    seconds     0.14 hours
