
          -------------------------------------------------------
          Amber 18 PMEMD                              2018
          -------------------------------------------------------

| PMEMD implementation of SANDER, Release 18

| Run on 09/18/2020 at 18:01:58

|   Executable path: /opt/software/Amber/18-foss-2018b-AmberTools-19/bin/pmemd.cuda
| Working directory: /mnt/gs18/scratch/users/songlin3/run/ti_en/one_step_tip3p_ethylenediame/ethylenediame_to_nothing/0.04794
|          Hostname: lac-345

  [-O]verwriting output

File Assignments:
|   MDIN: heat.in                                                               
|  MDOUT: heat.out                                                              
| INPCRD: min.rst                                                               
|   PARM: en_step2_final.prmtop                                                 
| RESTRT: heat.rst                                                              
|   REFC: min.rst                                                               
|  MDVEL: mdvel                                                                 
|   MDEN: mden                                                                  
|  MDCRD: heat.netcdf                                                           
| MDINFO: heat.mdinfo                                                           
|  MDFRC: mdfrc                                                                 


 Here is the input file:

nvt for free MD                                                                
 &cntrl                                                                        
  imin=0,                                                                      
  irest=0,                                                                     
  ntx=1,                                                                       
  ig=-1,                                                                       
  nstlim=200000,                                                               
  dt=0.001,                                                                    
  cut=10.0,                                                                    
  ntc=1,                                                                       
  ntf=1,                                                                       
  ntb=1,                                                                       
  ntt=3,                                                                       
  gamma_ln=2.0,                                                                
  tempi=0.0,                                                                   
  temp0=300.0,                                                                 
  ntpr=5000,                                                                   
  ntwr=5000,                                                                   
  ntwx=10000,                                                                  
  ntwv=0,                                                                      
  ioutfm=1,                                                                    
  iwrap=0,                                                                     
  nmropt=1,                                                                    
  ifsc = 1, icfe=1,                                                            
  clambda=0.04794,                                                             
  timask1=':1', scmask1=':1', scmask2='',                                      
  timask2='',                                                                  
/                                                                              
&wt TYPE='TEMP0', istep1=0, istep2=190000, value1=0.0, value2=300.0 /          
&wt TYPE='TEMP0', istep1=190001, istep2=200000, value1=300.0, value2=300.0 /   
&wt TYPE='DUMPFREQ', istep1=10000, /                                           
&wt TYPE='END', /                                                              


Note: ig = -1. Setting random seed to   813475 based on wallclock time in 
      microseconds.
| irandom = 1, using AMBER's internal random number generator (default).
 
|--------------------- INFORMATION ----------------------
| GPU (CUDA) Version of PMEMD in use: NVIDIA GPU IN USE.
|                    Version 18.0.0
| 
|                      03/25/2018
| 
| Implementation by:
|                    Ross C. Walker     (SDSC)
|                    Scott Le Grand     (nVIDIA)
| 
| Version 18 performance extensions by:
|                    David Cerutti     (Rutgers)
| 
| Precision model in use:
|      [SPFP] - Single Precision Forces, 64-bit Fixed Point
|               Accumulation. (Default)
| 
|--------------------------------------------------------
 
|----------------- CITATION INFORMATION -----------------
|
|    When publishing work that utilized the CUDA version
|    of AMBER, please cite the following in addition to
|    the regular AMBER citations:
|
|  - Romelia Salomon-Ferrer; Andreas W. Goetz; Duncan
|    Poole; Scott Le Grand; Ross C. Walker "Routine
|    microsecond molecular dynamics simulations with
|    AMBER - Part II: Particle Mesh Ewald", J. Chem.
|    Theory Comput., 2013, 9 (9), pp3878-3888,
|    DOI: 10.1021/ct400314y.
|
|  - Andreas W. Goetz; Mark J. Williamson; Dong Xu;
|    Duncan Poole; Scott Le Grand; Ross C. Walker
|    "Routine microsecond molecular dynamics simulations
|    with AMBER - Part I: Generalized Born", J. Chem.
|    Theory Comput., 2012, 8 (5), pp1542-1555.
|
|  - Scott Le Grand; Andreas W. Goetz; Ross C. Walker
|    "SPFP: Speed without compromise - a mixed precision
|    model for GPU accelerated molecular dynamics
|    simulations.", Comp. Phys. Comm., 2013, 184
|    pp374-380, DOI: 10.1016/j.cpc.2012.09.022
|
|    When publishing work that utilized the CUDA version
|    of TI, BAR, MBAR or FEP please cite the following 
|    three publications in addition to the regular AMBER 
|    GPU citations:
|
|  - Daniel J. Mermelstein; Charles Lin; Gard Nelson; 
|    Rachael Kretsch; J. Andrew McCammon; Ross C. Walker
|    "Fast and Flexible GPU Accelerated Binding 
|    Free Energy Calculations within the AMBER Molecular
|    Dynamics Package" J. Comp. Chem., 2018,
|    DOI: 10.1002/jcc.25187
|
|  - Tai-Sung Lee; Yuan Hu; Brad Sherborne; Zhuyan Guo;
|    Darrin M. York
|    "Toward Fast and Accurate Binding Affinity Prediction with
|    pmemdGTI: An Efficient Implementation of GPU-Accelerated
|    Thermodynamic Integration"
|    J. Chem. Theory Comput., 2017, 13 (7), 3077
|
|
|--------------------------------------------------------
 
|------------------- GPU DEVICE INFO --------------------
|
|            CUDA_VISIBLE_DEVICES: 0
|   CUDA Capable Devices Detected:      1
|           CUDA Device ID in use:      0
|                CUDA Device Name: Tesla K80
|     CUDA Device Global Mem Size:  12206 MB
| CUDA Device Num Multiprocessors:     13
|           CUDA Device Core Freq:   0.82 GHz
|
|--------------------------------------------------------
 
 
| Conditional Compilation Defines Used:
| PUBFFT
| BINTRAJ
| CUDA
| EMIL

| Largest sphere to fit in unit cell has radius =    27.375

| New format PARM file being parsed.
| Version =    1.000 Date = 09/18/20 Time = 17:37:14

| Note: 1-4 EEL scale factors are being read from the topology file.

| Note: 1-4 VDW scale factors are being read from the topology file.
| Duplicated    0 dihedrals

| Duplicated    0 dihedrals

--------------------------------------------------------------------------------
   1.  RESOURCE   USE: 
--------------------------------------------------------------------------------

 getting box info from netcdf restart file
 NATOM  =   20955 NTYPES =       6 NBONH =   20951 MBONA  =       3
 NTHETH =      16 MTHETA =       2 NPHIH =      20 MPHIA  =       1
 NHPARM =       0 NPARM  =       0 NNB   =   27975 NRES   =    6982
 NBONA  =       3 NTHETA =       2 NPHIA =       1 NUMBND =       6
 NUMANG =       6 NPTRA  =       2 NATYP =       6 NPHB   =       1
 IFBOX  =       2 NMXRS  =      12 IFCAP =       0 NEXTRA =       0
 NCOPY  =       0

| Coordinate Index Table dimensions:    10   10   10
| Direct force subcell size =     6.7054    6.7054    6.7054

     BOX TYPE: TRUNCATED OCTAHEDRON

--------------------------------------------------------------------------------
   2.  CONTROL  DATA  FOR  THE  RUN
--------------------------------------------------------------------------------

default_name                                                                    

General flags:
     imin    =       0, nmropt  =       1

Nature and format of input:
     ntx     =       1, irest   =       0, ntrx    =       1

Nature and format of output:
     ntxo    =       2, ntpr    =    5000, ntrx    =       1, ntwr    =    5000
     iwrap   =       0, ntwx    =   10000, ntwv    =       0, ntwe    =       0
     ioutfm  =       1, ntwprt  =       0, idecomp =       0, rbornstat=      0

Potential function:
     ntf     =       1, ntb     =       1, igb     =       0, nsnb    =      25
     ipol    =       0, gbsa    =       0, iesp    =       0
     dielc   =   1.00000, cut     =  10.00000, intdiel =   1.00000

Frozen or restrained atoms:
     ibelly  =       0, ntr     =       0

Molecular dynamics:
     nstlim  =    200000, nscm    =      1000, nrespa  =         1
     t       =   0.00000, dt      =   0.00100, vlimit  =  -1.00000

Langevin dynamics temperature regulation:
     ig      =  813475
     temp0   = 300.00000, tempi   =   0.00000, gamma_ln=   2.00000

NMR refinement options:
     iscale  =       0, noeskp  =       1, ipnlty  =       1, mxsub   =       1
     scalm   = 100.00000, pencut  =   0.10000, tausw   =   0.10000

Free energy options:
     icfe    =       1, ifsc    =       1, klambda =       1
     clambda =  0.0479, scalpha =  0.5000, scbeta  = 12.0000
     sceeorder =       2
     dynlmb =  0.0000 logdvdl =       0

| Intermolecular bonds treatment:
|     no_intermolecular_bonds =       1

| Energy averages sample interval:
|     ene_avg_sampling =    5000

Ewald parameters:
     verbose =       0, ew_type =       0, nbflag  =       1, use_pme =       1
     vdwmeth =       1, eedmeth =       1, netfrc  =       1
     Box X =   67.054   Box Y =   67.054   Box Z =   67.054
     Alpha =  109.471   Beta  =  109.471   Gamma =  109.471
     NFFT1 =   64       NFFT2 =   64       NFFT3 =   64
     Cutoff=   10.000   Tol   =0.100E-04
     Ewald Coefficient =  0.27511
     Interpolation order =    4
     TI Mask 1 :1; matches     12 atoms
     TI Mask 2  matches      0 atoms
     TI region 1:   20955 atoms
     TI region 2:   20943 atoms
     SC Mask 1 :1; matches     12 atoms

--------------------------------------------------------------------------------
   3.  ATOMIC COORDINATES AND VELOCITIES
--------------------------------------------------------------------------------

default_name                                                                    
 begin time read from input coords =     0.000 ps



           Begin reading energy term weight changes/NMR restraints
 WEIGHT CHANGES:
 TEMP0         0 190000    0.000000  300.000000      0      0
 TEMP0    190001 200000  300.000000  300.000000      0      0
 DUMPFREQ  10000      0    0.000000    0.000000      0      0

 RESTRAINTS:
                          ** No restraint defined **

                  Done reading weight changes/NMR restraints


 
 Number of triangulated 3-point waters found:     6981
 Number of shake restraints removed in TI region  1 :        0
 Number of shake restraints removed in TI region  2 :        0

     Sum of charges for TI region  1 =  -0.00000000
     Forcing neutrality...


     Sum of charges for TI region  2 =   0.00000000
     Forcing neutrality...

| Dynamic Memory, Types Used:
| Reals              918940
| Integers           797059

| Nonbonded Pairs Initial Allocation:     6338363

| GPU memory information (estimate):
| KB of GPU memory in use:         0
| KB of CPU memory in use:         0

--------------------------------------------------------------------------------
   4.  RESULTS
--------------------------------------------------------------------------------

   DOF for the SC part  1 of the system:   36

| TI region  1


 NSTEP =        0   TIME(PS) =       0.000  TEMP(K) =     0.00  PRESS =     0.0
 Etot   =    -63496.7490  EKtot   =         0.0000  EPtot      =    -63496.7490
 BOND   =      3637.6899  ANGLE   =        -0.0000  DIHED      =        -0.0000
 1-4 NB =         0.0000  1-4 EEL =         0.0000  VDWAALS    =      3812.1897
 EELEC  =    -70946.6286  EHBOND  =         0.0000  RESTRAINT  =         0.0000
 DV/DL  =        27.8653
 ------------------------------------------------------------------------------

  Softcore part of the system:      12 atoms,       TEMP(K)    =           0.00
 SC_Etot=        14.0339  SC_EKtot=         0.0000  SC_EPtot   =        14.0339
 SC_BOND=         0.0918  SC_ANGLE=         0.1624  SC_DIHED   =         0.2518
 SC_14NB=         0.3612  SC_14EEL=        40.7429  SC_VDW     =        -0.0856
 SC_EEL =       -27.4906
 SC_RES_DIST=     0.0000  SC_RES_ANG=       0.0000  SC_RES_TORS=         0.0000
 SC_EEL_DER=     12.1993  SC_VDW_DER=      -2.2534  SC_DERIV   =         9.9459
 ------------------------------------------------------------------------------


| TI region  2


 NSTEP =        0   TIME(PS) =       0.000  TEMP(K) =     0.00  PRESS =     0.0
 Etot   =    -63496.7490  EKtot   =         0.0000  EPtot      =    -63496.7490
 BOND   =      3637.6899  ANGLE   =        -0.0000  DIHED      =        -0.0000
 1-4 NB =         0.0000  1-4 EEL =         0.0000  VDWAALS    =      3812.1897
 EELEC  =    -70946.6286  EHBOND  =         0.0000  RESTRAINT  =         0.0000
 DV/DL  =        27.8653
 ------------------------------------------------------------------------------

 NMR restraints: Bond =    0.000   Angle =     0.000   Torsion =     0.000
===============================================================================

| TI region  1


 NSTEP =     5000   TIME(PS) =       5.000  TEMP(K) =     7.28  PRESS =     0.0
 Etot   =    -63333.4193  EKtot   =       454.9856  EPtot      =    -63788.4049
 BOND   =      3925.0773  ANGLE   =         0.0000  DIHED      =        -0.0000
 1-4 NB =         0.0000  1-4 EEL =        -0.0000  VDWAALS    =      4184.7644
 EELEC  =    -71898.2465  EHBOND  =         0.0000  RESTRAINT  =         0.0000
 DV/DL  =        46.6495
 ------------------------------------------------------------------------------

  Softcore part of the system:      12 atoms,       TEMP(K)    =          11.95
 SC_Etot=        15.1835  SC_EKtot=         0.4273  SC_EPtot   =        14.7562
 SC_BOND=         0.1646  SC_ANGLE=         0.4211  SC_DIHED   =         0.2335
 SC_14NB=         0.2760  SC_14EEL=        40.2573  SC_VDW     =        -0.0802
 SC_EEL =       -26.5161
 SC_RES_DIST=     0.0000  SC_RES_ANG=       0.0000  SC_RES_TORS=         0.0000
 SC_EEL_DER=     30.3426  SC_VDW_DER=      -7.1531  SC_DERIV   =        23.1895
 ------------------------------------------------------------------------------


| TI region  2


 NSTEP =     5000   TIME(PS) =       5.000  TEMP(K) =     7.28  PRESS =     0.0
 Etot   =    -63333.8466  EKtot   =       454.5583  EPtot      =    -63788.4049
 BOND   =      3925.0773  ANGLE   =         0.0000  DIHED      =        -0.0000
 1-4 NB =         0.0000  1-4 EEL =        -0.0000  VDWAALS    =      4184.7644
 EELEC  =    -71898.2465  EHBOND  =         0.0000  RESTRAINT  =         0.0000
 DV/DL  =        46.6495
 ------------------------------------------------------------------------------

 NMR restraints: Bond =    0.000   Angle =     0.000   Torsion =     0.000
===============================================================================

| TI region  1


 NSTEP =    10000   TIME(PS) =      10.000  TEMP(K) =    15.18  PRESS =     0.0
 Etot   =    -62483.7462  EKtot   =       947.9718  EPtot      =    -63431.7180
 BOND   =      4120.0497  ANGLE   =        -0.0000  DIHED      =        -0.0000
 1-4 NB =         0.0000  1-4 EEL =         0.0000  VDWAALS    =      4149.7842
 EELEC  =    -71701.5520  EHBOND  =         0.0000  RESTRAINT  =         0.0000
 DV/DL  =        46.6124
 ------------------------------------------------------------------------------

  Softcore part of the system:      12 atoms,       TEMP(K)    =          11.26
 SC_Etot=        15.3123  SC_EKtot=         0.4027  SC_EPtot   =        14.9096
 SC_BOND=         0.3345  SC_ANGLE=         0.3077  SC_DIHED   =         0.1217
 SC_14NB=         0.3993  SC_14EEL=        41.5308  SC_VDW     =        -0.0886
 SC_EEL =       -27.6956
 SC_RES_DIST=     0.0000  SC_RES_ANG=       0.0000  SC_RES_TORS=         0.0000
 SC_EEL_DER=     26.6113  SC_VDW_DER=      -4.6449  SC_DERIV   =        21.9664
 ------------------------------------------------------------------------------


| TI region  2


 NSTEP =    10000   TIME(PS) =      10.000  TEMP(K) =    15.18  PRESS =     0.0
 Etot   =    -62484.1489  EKtot   =       947.5691  EPtot      =    -63431.7180
 BOND   =      4120.0497  ANGLE   =        -0.0000  DIHED      =        -0.0000
 1-4 NB =         0.0000  1-4 EEL =         0.0000  VDWAALS    =      4149.7842
 EELEC  =    -71701.5520  EHBOND  =         0.0000  RESTRAINT  =         0.0000
 DV/DL  =        46.6124
 ------------------------------------------------------------------------------

 NMR restraints: Bond =    0.000   Angle =     0.000   Torsion =     0.000
===============================================================================

| TI region  1


 NSTEP =    15000   TIME(PS) =      15.000  TEMP(K) =    22.84  PRESS =     0.0
 Etot   =    -61609.3641  EKtot   =      1426.8982  EPtot      =    -63036.2623
 BOND   =      4309.9229  ANGLE   =        -0.0000  DIHED      =         0.0000
 1-4 NB =         0.0000  1-4 EEL =         0.0000  VDWAALS    =      4131.4614
 EELEC  =    -71477.6466  EHBOND  =         0.0000  RESTRAINT  =         0.0000
 DV/DL  =        45.6854
 ------------------------------------------------------------------------------

  Softcore part of the system:      12 atoms,       TEMP(K)    =          19.56
 SC_Etot=        15.9019  SC_EKtot=         0.6996  SC_EPtot   =        15.2023
 SC_BOND=         0.2967  SC_ANGLE=         0.6272  SC_DIHED   =         0.0880
 SC_14NB=         0.3585  SC_14EEL=        41.5611  SC_VDW     =        -0.0883
 SC_EEL =       -27.6409
 SC_RES_DIST=     0.0000  SC_RES_ANG=       0.0000  SC_RES_TORS=         0.0000
 SC_EEL_DER=     27.9188  SC_VDW_DER=      -6.1362  SC_DERIV   =        21.7826
 ------------------------------------------------------------------------------


| TI region  2


 NSTEP =    15000   TIME(PS) =      15.000  TEMP(K) =    22.85  PRESS =     0.0
 Etot   =    -61610.0637  EKtot   =      1426.1986  EPtot      =    -63036.2623
 BOND   =      4309.9229  ANGLE   =        -0.0000  DIHED      =         0.0000
 1-4 NB =         0.0000  1-4 EEL =         0.0000  VDWAALS    =      4131.4614
 EELEC  =    -71477.6466  EHBOND  =         0.0000  RESTRAINT  =         0.0000
 DV/DL  =        45.6854
 ------------------------------------------------------------------------------

 NMR restraints: Bond =    0.000   Angle =     0.000   Torsion =     0.000
===============================================================================

| TI region  1


 NSTEP =    20000   TIME(PS) =      20.000  TEMP(K) =    30.58  PRESS =     0.0
 Etot   =    -60702.9480  EKtot   =      1910.3888  EPtot      =    -62613.3368
 BOND   =      4496.5951  ANGLE   =        -0.0000  DIHED      =         0.0000
 1-4 NB =         0.0000  1-4 EEL =         0.0000  VDWAALS    =      4060.9712
 EELEC  =    -71170.9030  EHBOND  =         0.0000  RESTRAINT  =         0.0000
 DV/DL  =        42.2683
 ------------------------------------------------------------------------------

  Softcore part of the system:      12 atoms,       TEMP(K)    =          31.87
 SC_Etot=        16.1622  SC_EKtot=         1.1401  SC_EPtot   =        15.0221
 SC_BOND=         0.3530  SC_ANGLE=         0.5262  SC_DIHED   =         0.1586
 SC_14NB=         0.5172  SC_14EEL=        41.2549  SC_VDW     =        -0.0908
 SC_EEL =       -27.6971
 SC_RES_DIST=     0.0000  SC_RES_ANG=       0.0000  SC_RES_TORS=         0.0000
 SC_EEL_DER=     24.6660  SC_VDW_DER=      -5.3466  SC_DERIV   =        19.3194
 ------------------------------------------------------------------------------


| TI region  2


 NSTEP =    20000   TIME(PS) =      20.000  TEMP(K) =    30.58  PRESS =     0.0
 Etot   =    -60704.0881  EKtot   =      1909.2487  EPtot      =    -62613.3368
 BOND   =      4496.5951  ANGLE   =        -0.0000  DIHED      =         0.0000
 1-4 NB =         0.0000  1-4 EEL =         0.0000  VDWAALS    =      4060.9712
 EELEC  =    -71170.9030  EHBOND  =         0.0000  RESTRAINT  =         0.0000
 DV/DL  =        42.2683
 ------------------------------------------------------------------------------

 NMR restraints: Bond =    0.000   Angle =     0.000   Torsion =     0.000
===============================================================================

| TI region  1


 NSTEP =    25000   TIME(PS) =      25.000  TEMP(K) =    38.55  PRESS =     0.0
 Etot   =    -59772.5781  EKtot   =      2407.9131  EPtot      =    -62180.4912
 BOND   =      4679.2667  ANGLE   =         0.0000  DIHED      =        -0.0000
 1-4 NB =         0.0000  1-4 EEL =        -0.0000  VDWAALS    =      4025.4321
 EELEC  =    -70885.1900  EHBOND  =         0.0000  RESTRAINT  =         0.0000
 DV/DL  =        42.1854
 ------------------------------------------------------------------------------

  Softcore part of the system:      12 atoms,       TEMP(K)    =          37.10
 SC_Etot=        17.1472  SC_EKtot=         1.3271  SC_EPtot   =        15.8201
 SC_BOND=         0.3238  SC_ANGLE=         1.2142  SC_DIHED   =         0.2313
 SC_14NB=         0.7033  SC_14EEL=        42.4409  SC_VDW     =        -0.0922
 SC_EEL =       -29.0013
 SC_RES_DIST=     0.0000  SC_RES_ANG=       0.0000  SC_RES_TORS=         0.0000
 SC_EEL_DER=     23.4791  SC_VDW_DER=      -4.1809  SC_DERIV   =        19.2982
 ------------------------------------------------------------------------------


| TI region  2


 NSTEP =    25000   TIME(PS) =      25.000  TEMP(K) =    38.55  PRESS =     0.0
 Etot   =    -59773.9052  EKtot   =      2406.5860  EPtot      =    -62180.4912
 BOND   =      4679.2667  ANGLE   =         0.0000  DIHED      =        -0.0000
 1-4 NB =         0.0000  1-4 EEL =        -0.0000  VDWAALS    =      4025.4321
 EELEC  =    -70885.1900  EHBOND  =         0.0000  RESTRAINT  =         0.0000
 DV/DL  =        42.1854
 ------------------------------------------------------------------------------

 NMR restraints: Bond =    0.000   Angle =     0.000   Torsion =     0.000
===============================================================================

| TI region  1


 NSTEP =    30000   TIME(PS) =      30.000  TEMP(K) =    46.62  PRESS =     0.0
 Etot   =    -58856.3751  EKtot   =      2911.8438  EPtot      =    -61768.2189
 BOND   =      4879.0207  ANGLE   =         0.0000  DIHED      =        -0.0000
 1-4 NB =         0.0000  1-4 EEL =         0.0000  VDWAALS    =      4055.3458
 EELEC  =    -70702.5854  EHBOND  =         0.0000  RESTRAINT  =         0.0000
 DV/DL  =        48.5415
 ------------------------------------------------------------------------------

  Softcore part of the system:      12 atoms,       TEMP(K)    =          59.74
 SC_Etot=        17.6682  SC_EKtot=         2.1367  SC_EPtot   =        15.5315
 SC_BOND=         0.7082  SC_ANGLE=         1.1110  SC_DIHED   =         0.7896
 SC_14NB=         0.4036  SC_14EEL=        41.1330  SC_VDW     =        -0.0955
 SC_EEL =       -28.5184
 SC_RES_DIST=     0.0000  SC_RES_ANG=       0.0000  SC_RES_TORS=         0.0000
 SC_EEL_DER=     30.4557  SC_VDW_DER=      -5.3770  SC_DERIV   =        25.0786
 ------------------------------------------------------------------------------


| TI region  2


 NSTEP =    30000   TIME(PS) =      30.000  TEMP(K) =    46.61  PRESS =     0.0
 Etot   =    -58858.5118  EKtot   =      2909.7071  EPtot      =    -61768.2189
 BOND   =      4879.0207  ANGLE   =         0.0000  DIHED      =        -0.0000
 1-4 NB =         0.0000  1-4 EEL =         0.0000  VDWAALS    =      4055.3458
 EELEC  =    -70702.5854  EHBOND  =         0.0000  RESTRAINT  =         0.0000
 DV/DL  =        48.5415
 ------------------------------------------------------------------------------

 NMR restraints: Bond =    0.000   Angle =     0.000   Torsion =     0.000
===============================================================================

| TI region  1


 NSTEP =    35000   TIME(PS) =      35.000  TEMP(K) =    54.75  PRESS =     0.0
 Etot   =    -57940.6453  EKtot   =      3420.0503  EPtot      =    -61360.6956
 BOND   =      5079.8343  ANGLE   =        -0.0000  DIHED      =         0.0000
 1-4 NB =         0.0000  1-4 EEL =         0.0000  VDWAALS    =      4133.8375
 EELEC  =    -70574.3674  EHBOND  =         0.0000  RESTRAINT  =         0.0000
 DV/DL  =        47.7264
 ------------------------------------------------------------------------------

  Softcore part of the system:      12 atoms,       TEMP(K)    =          57.53
 SC_Etot=        18.4177  SC_EKtot=         2.0579  SC_EPtot   =        16.3599
 SC_BOND=         0.7656  SC_ANGLE=         1.0856  SC_DIHED   =         0.5493
 SC_14NB=         0.7358  SC_14EEL=        43.0080  SC_VDW     =        -0.0972
 SC_EEL =       -29.6872
 SC_RES_DIST=     0.0000  SC_RES_ANG=       0.0000  SC_RES_TORS=         0.0000
 SC_EEL_DER=     29.9921  SC_VDW_DER=      -7.2065  SC_DERIV   =        22.7856
 ------------------------------------------------------------------------------


| TI region  2


 NSTEP =    35000   TIME(PS) =      35.000  TEMP(K) =    54.75  PRESS =     0.0
 Etot   =    -57942.7031  EKtot   =      3417.9924  EPtot      =    -61360.6956
 BOND   =      5079.8343  ANGLE   =        -0.0000  DIHED      =         0.0000
 1-4 NB =         0.0000  1-4 EEL =         0.0000  VDWAALS    =      4133.8375
 EELEC  =    -70574.3674  EHBOND  =         0.0000  RESTRAINT  =         0.0000
 DV/DL  =        47.7264
 ------------------------------------------------------------------------------

 NMR restraints: Bond =    0.000   Angle =     0.000   Torsion =     0.000
===============================================================================

| TI region  1


 NSTEP =    40000   TIME(PS) =      40.000  TEMP(K) =    61.49  PRESS =     0.0
 Etot   =    -57021.6949  EKtot   =      3840.5818  EPtot      =    -60862.2767
 BOND   =      5226.5422  ANGLE   =        -0.0000  DIHED      =        -0.0000
 1-4 NB =         0.0000  1-4 EEL =        -0.0000  VDWAALS    =      4046.4983
 EELEC  =    -70135.3172  EHBOND  =         0.0000  RESTRAINT  =         0.0000
 DV/DL  =        40.8238
 ------------------------------------------------------------------------------

  Softcore part of the system:      12 atoms,       TEMP(K)    =          64.16
 SC_Etot=        17.9993  SC_EKtot=         2.2950  SC_EPtot   =        15.7043
 SC_BOND=         0.8092  SC_ANGLE=         0.9650  SC_DIHED   =         0.2454
 SC_14NB=         0.2076  SC_14EEL=        40.2874  SC_VDW     =        -0.0768
 SC_EEL =       -26.7334
 SC_RES_DIST=     0.0000  SC_RES_ANG=       0.0000  SC_RES_TORS=         0.0000
 SC_EEL_DER=     25.4549  SC_VDW_DER=      -6.8963  SC_DERIV   =        18.5586
 ------------------------------------------------------------------------------


| TI region  2


 NSTEP =    40000   TIME(PS) =      40.000  TEMP(K) =    61.48  PRESS =     0.0
 Etot   =    -57023.9898  EKtot   =      3838.2868  EPtot      =    -60862.2767
 BOND   =      5226.5422  ANGLE   =        -0.0000  DIHED      =        -0.0000
 1-4 NB =         0.0000  1-4 EEL =        -0.0000  VDWAALS    =      4046.4983
 EELEC  =    -70135.3172  EHBOND  =         0.0000  RESTRAINT  =         0.0000
 DV/DL  =        40.8238
 ------------------------------------------------------------------------------

 NMR restraints: Bond =    0.000   Angle =     0.000   Torsion =     0.000
===============================================================================

| TI region  1


 NSTEP =    45000   TIME(PS) =      45.000  TEMP(K) =    70.08  PRESS =     0.0
 Etot   =    -56002.9314  EKtot   =      4377.3975  EPtot      =    -60380.3289
 BOND   =      5407.1875  ANGLE   =        -0.0000  DIHED      =         0.0000
 1-4 NB =         0.0000  1-4 EEL =         0.0000  VDWAALS    =      3840.3961
 EELEC  =    -69627.9125  EHBOND  =         0.0000  RESTRAINT  =         0.0000
 DV/DL  =        46.3382
 ------------------------------------------------------------------------------

  Softcore part of the system:      12 atoms,       TEMP(K)    =          51.32
 SC_Etot=        18.1547  SC_EKtot=         1.8358  SC_EPtot   =        16.3189
 SC_BOND=         0.9257  SC_ANGLE=         1.3928  SC_DIHED   =         0.2804
 SC_14NB=         0.3866  SC_14EEL=        40.5547  SC_VDW     =        -0.0874
 SC_EEL =       -27.1339
 SC_RES_DIST=     0.0000  SC_RES_ANG=       0.0000  SC_RES_TORS=         0.0000
 SC_EEL_DER=     31.7804  SC_VDW_DER=      -9.1689  SC_DERIV   =        22.6116
 ------------------------------------------------------------------------------


| TI region  2


 NSTEP =    45000   TIME(PS) =      45.000  TEMP(K) =    70.09  PRESS =     0.0
 Etot   =    -56004.7673  EKtot   =      4375.5616  EPtot      =    -60380.3289
 BOND   =      5407.1875  ANGLE   =        -0.0000  DIHED      =         0.0000
 1-4 NB =         0.0000  1-4 EEL =         0.0000  VDWAALS    =      3840.3961
 EELEC  =    -69627.9125  EHBOND  =         0.0000  RESTRAINT  =         0.0000
 DV/DL  =        46.3382
 ------------------------------------------------------------------------------

 NMR restraints: Bond =    0.000   Angle =     0.000   Torsion =     0.000
===============================================================================

| TI region  1


 NSTEP =    50000   TIME(PS) =      50.000  TEMP(K) =    77.87  PRESS =     0.0
 Etot   =    -55031.0550  EKtot   =      4863.8018  EPtot      =    -59894.8568
 BOND   =      5577.2793  ANGLE   =         0.0000  DIHED      =        -0.0000
 1-4 NB =         0.0000  1-4 EEL =         0.0000  VDWAALS    =      3774.9573
 EELEC  =    -69247.0934  EHBOND  =         0.0000  RESTRAINT  =         0.0000
 DV/DL  =        51.0835
 ------------------------------------------------------------------------------

  Softcore part of the system:      12 atoms,       TEMP(K)    =          61.61
 SC_Etot=        20.5764  SC_EKtot=         2.2038  SC_EPtot   =        18.3727
 SC_BOND=         2.1304  SC_ANGLE=         1.7384  SC_DIHED   =         0.4799
 SC_14NB=         0.8436  SC_14EEL=        42.1755  SC_VDW     =        -0.0985
 SC_EEL =       -28.8967
 SC_RES_DIST=     0.0000  SC_RES_ANG=       0.0000  SC_RES_TORS=         0.0000
 SC_EEL_DER=     33.4353  SC_VDW_DER=      -7.4793  SC_DERIV   =        25.9559
 ------------------------------------------------------------------------------


| TI region  2


 NSTEP =    50000   TIME(PS) =      50.000  TEMP(K) =    77.88  PRESS =     0.0
 Etot   =    -55033.2588  EKtot   =      4861.5980  EPtot      =    -59894.8568
 BOND   =      5577.2793  ANGLE   =         0.0000  DIHED      =        -0.0000
 1-4 NB =         0.0000  1-4 EEL =         0.0000  VDWAALS    =      3774.9573
 EELEC  =    -69247.0934  EHBOND  =         0.0000  RESTRAINT  =         0.0000
 DV/DL  =        51.0835
 ------------------------------------------------------------------------------

 NMR restraints: Bond =    0.000   Angle =     0.000   Torsion =     0.000
===============================================================================

| TI region  1


 NSTEP =    55000   TIME(PS) =      55.000  TEMP(K) =    86.39  PRESS =     0.0
 Etot   =    -53975.8284  EKtot   =      5396.2202  EPtot      =    -59372.0486
 BOND   =      5755.3271  ANGLE   =         0.0000  DIHED      =        -0.0000
 1-4 NB =         0.0000  1-4 EEL =         0.0000  VDWAALS    =      3683.8182
 EELEC  =    -68811.1939  EHBOND  =         0.0000  RESTRAINT  =         0.0000
 DV/DL  =        49.7348
 ------------------------------------------------------------------------------

  Softcore part of the system:      12 atoms,       TEMP(K)    =          93.25
 SC_Etot=        21.3500  SC_EKtot=         3.3353  SC_EPtot   =        18.0147
 SC_BOND=         1.5751  SC_ANGLE=         1.7866  SC_DIHED   =         0.6013
 SC_14NB=         0.8372  SC_14EEL=        42.3273  SC_VDW     =        -0.1054
 SC_EEL =       -29.0075
 SC_RES_DIST=     0.0000  SC_RES_ANG=       0.0000  SC_RES_TORS=         0.0000
 SC_EEL_DER=     32.3401  SC_VDW_DER=      -7.6944  SC_DERIV   =        24.6457
 ------------------------------------------------------------------------------


| TI region  2


 NSTEP =    55000   TIME(PS) =      55.000  TEMP(K) =    86.39  PRESS =     0.0
 Etot   =    -53979.1637  EKtot   =      5392.8849  EPtot      =    -59372.0486
 BOND   =      5755.3271  ANGLE   =         0.0000  DIHED      =        -0.0000
 1-4 NB =         0.0000  1-4 EEL =         0.0000  VDWAALS    =      3683.8182
 EELEC  =    -68811.1939  EHBOND  =         0.0000  RESTRAINT  =         0.0000
 DV/DL  =        49.7348
 ------------------------------------------------------------------------------

 NMR restraints: Bond =    0.000   Angle =     0.000   Torsion =     0.000
===============================================================================

| TI region  1


 NSTEP =    60000   TIME(PS) =      60.000  TEMP(K) =    93.95  PRESS =     0.0
 Etot   =    -52925.7377  EKtot   =      5868.5366  EPtot      =    -58794.2743
 BOND   =      5972.7808  ANGLE   =         0.0000  DIHED      =         0.0000
 1-4 NB =         0.0000  1-4 EEL =        -0.0000  VDWAALS    =      3570.7598
 EELEC  =    -68337.8150  EHBOND  =         0.0000  RESTRAINT  =         0.0000
 DV/DL  =        36.5412
 ------------------------------------------------------------------------------

  Softcore part of the system:      12 atoms,       TEMP(K)    =          86.09
 SC_Etot=        20.5146  SC_EKtot=         3.0795  SC_EPtot   =        17.4350
 SC_BOND=         1.5348  SC_ANGLE=         2.0159  SC_DIHED   =         0.2981
 SC_14NB=         0.4252  SC_14EEL=        40.0579  SC_VDW     =        -0.0830
 SC_EEL =       -26.8138
 SC_RES_DIST=     0.0000  SC_RES_ANG=       0.0000  SC_RES_TORS=         0.0000
 SC_EEL_DER=     18.4236  SC_VDW_DER=      -3.2450  SC_DERIV   =        15.1786
 ------------------------------------------------------------------------------


| TI region  2


 NSTEP =    60000   TIME(PS) =      60.000  TEMP(K) =    93.96  PRESS =     0.0
 Etot   =    -52928.8172  EKtot   =      5865.4571  EPtot      =    -58794.2743
 BOND   =      5972.7808  ANGLE   =         0.0000  DIHED      =         0.0000
 1-4 NB =         0.0000  1-4 EEL =        -0.0000  VDWAALS    =      3570.7598
 EELEC  =    -68337.8150  EHBOND  =         0.0000  RESTRAINT  =         0.0000
 DV/DL  =        36.5412
 ------------------------------------------------------------------------------

 NMR restraints: Bond =    0.000   Angle =     0.000   Torsion =     0.000
===============================================================================

| TI region  1


 NSTEP =    65000   TIME(PS) =      65.000  TEMP(K) =   101.51  PRESS =     0.0
 Etot   =    -51941.0224  EKtot   =      6340.5342  EPtot      =    -58281.5566
 BOND   =      6153.7299  ANGLE   =        -0.0000  DIHED      =        -0.0000
 1-4 NB =         0.0000  1-4 EEL =         0.0000  VDWAALS    =      3396.5508
 EELEC  =    -67831.8373  EHBOND  =         0.0000  RESTRAINT  =         0.0000
 DV/DL  =        46.7909
 ------------------------------------------------------------------------------

  Softcore part of the system:      12 atoms,       TEMP(K)    =          66.15
 SC_Etot=        19.5590  SC_EKtot=         2.3662  SC_EPtot   =        17.1928
 SC_BOND=         0.9122  SC_ANGLE=         1.9533  SC_DIHED   =         0.2922
 SC_14NB=         0.2877  SC_14EEL=        41.3446  SC_VDW     =        -0.0868
 SC_EEL =       -27.5104
 SC_RES_DIST=     0.0000  SC_RES_ANG=       0.0000  SC_RES_TORS=         0.0000
 SC_EEL_DER=     33.9275  SC_VDW_DER=      -9.7379  SC_DERIV   =        24.1896
 ------------------------------------------------------------------------------


| TI region  2


 NSTEP =    65000   TIME(PS) =      65.000  TEMP(K) =   101.53  PRESS =     0.0
 Etot   =    -51943.3886  EKtot   =      6338.1680  EPtot      =    -58281.5566
 BOND   =      6153.7299  ANGLE   =        -0.0000  DIHED      =        -0.0000
 1-4 NB =         0.0000  1-4 EEL =         0.0000  VDWAALS    =      3396.5508
 EELEC  =    -67831.8373  EHBOND  =         0.0000  RESTRAINT  =         0.0000
 DV/DL  =        46.7909
 ------------------------------------------------------------------------------

 NMR restraints: Bond =    0.000   Angle =     0.000   Torsion =     0.000
===============================================================================

| TI region  1


 NSTEP =    70000   TIME(PS) =      70.000  TEMP(K) =   110.14  PRESS =     0.0
 Etot   =    -50853.4332  EKtot   =      6879.6489  EPtot      =    -57733.0821
 BOND   =      6232.6361  ANGLE   =        -0.0000  DIHED      =         0.0000
 1-4 NB =         0.0000  1-4 EEL =         0.0000  VDWAALS    =      3200.4037
 EELEC  =    -67166.1219  EHBOND  =         0.0000  RESTRAINT  =         0.0000
 DV/DL  =        37.6122
 ------------------------------------------------------------------------------

  Softcore part of the system:      12 atoms,       TEMP(K)    =         126.05
 SC_Etot=        21.9126  SC_EKtot=         4.5086  SC_EPtot   =        17.4040
 SC_BOND=         0.8617  SC_ANGLE=         1.5756  SC_DIHED   =         0.1855
 SC_14NB=         0.7705  SC_14EEL=        43.0126  SC_VDW     =        -0.0890
 SC_EEL =       -28.9128
 SC_RES_DIST=     0.0000  SC_RES_ANG=       0.0000  SC_RES_TORS=         0.0000
 SC_EEL_DER=     25.3939  SC_VDW_DER=      -9.3236  SC_DERIV   =        16.0703
 ------------------------------------------------------------------------------


| TI region  2


 NSTEP =    70000   TIME(PS) =      70.000  TEMP(K) =   110.13  PRESS =     0.0
 Etot   =    -50857.9418  EKtot   =      6875.1403  EPtot      =    -57733.0821
 BOND   =      6232.6361  ANGLE   =        -0.0000  DIHED      =         0.0000
 1-4 NB =         0.0000  1-4 EEL =         0.0000  VDWAALS    =      3200.4037
 EELEC  =    -67166.1219  EHBOND  =         0.0000  RESTRAINT  =         0.0000
 DV/DL  =        37.6122
 ------------------------------------------------------------------------------

 NMR restraints: Bond =    0.000   Angle =     0.000   Torsion =     0.000
===============================================================================

| TI region  1


 NSTEP =    75000   TIME(PS) =      75.000  TEMP(K) =   117.64  PRESS =     0.0
 Etot   =    -49725.6821  EKtot   =      7348.2588  EPtot      =    -57073.9408
 BOND   =      6475.2882  ANGLE   =        -0.0000  DIHED      =        -0.0000
 1-4 NB =         0.0000  1-4 EEL =        -0.0000  VDWAALS    =      3113.9899
 EELEC  =    -66663.2190  EHBOND  =         0.0000  RESTRAINT  =         0.0000
 DV/DL  =        36.2690
 ------------------------------------------------------------------------------

  Softcore part of the system:      12 atoms,       TEMP(K)    =         204.59
 SC_Etot=        24.5834  SC_EKtot=         7.3182  SC_EPtot   =        17.2651
 SC_BOND=         2.0778  SC_ANGLE=         0.8665  SC_DIHED   =         0.7457
 SC_14NB=         0.5118  SC_14EEL=        41.6104  SC_VDW     =        -0.0853
 SC_EEL =       -28.4617
 SC_RES_DIST=     0.0000  SC_RES_ANG=       0.0000  SC_RES_TORS=         0.0000
 SC_EEL_DER=     20.1373  SC_VDW_DER=      -5.4574  SC_DERIV   =        14.6799
 ------------------------------------------------------------------------------


| TI region  2


 NSTEP =    75000   TIME(PS) =      75.000  TEMP(K) =   117.59  PRESS =     0.0
 Etot   =    -49733.0003  EKtot   =      7340.9405  EPtot      =    -57073.9408
 BOND   =      6475.2882  ANGLE   =        -0.0000  DIHED      =        -0.0000
 1-4 NB =         0.0000  1-4 EEL =        -0.0000  VDWAALS    =      3113.9899
 EELEC  =    -66663.2190  EHBOND  =         0.0000  RESTRAINT  =         0.0000
 DV/DL  =        36.2690
 ------------------------------------------------------------------------------

 NMR restraints: Bond =    0.000   Angle =     0.000   Torsion =     0.000
===============================================================================

| TI region  1


 NSTEP =    80000   TIME(PS) =      80.000  TEMP(K) =   125.42  PRESS =     0.0
 Etot   =    -48595.0398  EKtot   =      7833.9780  EPtot      =    -56429.0178
 BOND   =      6599.1309  ANGLE   =        -0.0000  DIHED      =         0.0000
 1-4 NB =         0.0000  1-4 EEL =         0.0000  VDWAALS    =      2817.9191
 EELEC  =    -65846.0678  EHBOND  =         0.0000  RESTRAINT  =         0.0000
 DV/DL  =        36.1181
 ------------------------------------------------------------------------------

  Softcore part of the system:      12 atoms,       TEMP(K)    =         124.66
 SC_Etot=        22.8215  SC_EKtot=         4.4589  SC_EPtot   =        18.3627
 SC_BOND=         2.1754  SC_ANGLE=         1.9997  SC_DIHED   =         0.2719
 SC_14NB=        -0.0287  SC_14EEL=        39.7342  SC_VDW     =        -0.0654
 SC_EEL =       -25.7245
 SC_RES_DIST=     0.0000  SC_RES_ANG=       0.0000  SC_RES_TORS=         0.0000
 SC_EEL_DER=     21.7705  SC_VDW_DER=      -5.9874  SC_DERIV   =        15.7831
 ------------------------------------------------------------------------------


| TI region  2


 NSTEP =    80000   TIME(PS) =      80.000  TEMP(K) =   125.42  PRESS =     0.0
 Etot   =    -48599.4987  EKtot   =      7829.5192  EPtot      =    -56429.0178
 BOND   =      6599.1309  ANGLE   =        -0.0000  DIHED      =         0.0000
 1-4 NB =         0.0000  1-4 EEL =         0.0000  VDWAALS    =      2817.9191
 EELEC  =    -65846.0678  EHBOND  =         0.0000  RESTRAINT  =         0.0000
 DV/DL  =        36.1181
 ------------------------------------------------------------------------------

 NMR restraints: Bond =    0.000   Angle =     0.000   Torsion =     0.000
===============================================================================

| TI region  1


 NSTEP =    85000   TIME(PS) =      85.000  TEMP(K) =   133.38  PRESS =     0.0
 Etot   =    -47295.0373  EKtot   =      8331.0918  EPtot      =    -55626.1291
 BOND   =      6658.2011  ANGLE   =        -0.0000  DIHED      =        -0.0000
 1-4 NB =         0.0000  1-4 EEL =         0.0000  VDWAALS    =      2710.6662
 EELEC  =    -64994.9965  EHBOND  =         0.0000  RESTRAINT  =         0.0000
 DV/DL  =        32.3950
 ------------------------------------------------------------------------------

  Softcore part of the system:      12 atoms,       TEMP(K)    =         141.92
 SC_Etot=        22.7062  SC_EKtot=         5.0765  SC_EPtot   =        17.6297
 SC_BOND=         1.3367  SC_ANGLE=         1.9954  SC_DIHED   =         0.4494
 SC_14NB=         0.3235  SC_14EEL=        41.7255  SC_VDW     =        -0.0834
 SC_EEL =       -28.1174
 SC_RES_DIST=     0.0000  SC_RES_ANG=       0.0000  SC_RES_TORS=         0.0000
 SC_EEL_DER=     14.0594  SC_VDW_DER=      -2.4276  SC_DERIV   =        11.6318
 ------------------------------------------------------------------------------


| TI region  2


 NSTEP =    85000   TIME(PS) =      85.000  TEMP(K) =   133.37  PRESS =     0.0
 Etot   =    -47300.1138  EKtot   =      8326.0153  EPtot      =    -55626.1291
 BOND   =      6658.2011  ANGLE   =        -0.0000  DIHED      =        -0.0000
 1-4 NB =         0.0000  1-4 EEL =         0.0000  VDWAALS    =      2710.6662
 EELEC  =    -64994.9965  EHBOND  =         0.0000  RESTRAINT  =         0.0000
 DV/DL  =        32.3950
 ------------------------------------------------------------------------------

 NMR restraints: Bond =    0.000   Angle =     0.000   Torsion =     0.000
===============================================================================

| TI region  1


 NSTEP =    90000   TIME(PS) =      90.000  TEMP(K) =   139.36  PRESS =     0.0
 Etot   =    -46061.1825  EKtot   =      8704.9219  EPtot      =    -54766.1044
 BOND   =      6888.0578  ANGLE   =         0.0000  DIHED      =        -0.0000
 1-4 NB =         0.0000  1-4 EEL =         0.0000  VDWAALS    =      2382.8031
 EELEC  =    -64036.9653  EHBOND  =         0.0000  RESTRAINT  =         0.0000
 DV/DL  =        32.1714
 ------------------------------------------------------------------------------

  Softcore part of the system:      12 atoms,       TEMP(K)    =         142.64
 SC_Etot=        22.1569  SC_EKtot=         5.1022  SC_EPtot   =        17.0547
 SC_BOND=         0.8681  SC_ANGLE=         1.8318  SC_DIHED   =         0.6555
 SC_14NB=         0.3138  SC_14EEL=        38.7495  SC_VDW     =        -0.0721
 SC_EEL =       -25.2919
 SC_RES_DIST=     0.0000  SC_RES_ANG=       0.0000  SC_RES_TORS=         0.0000
 SC_EEL_DER=     15.8912  SC_VDW_DER=      -4.0112  SC_DERIV   =        11.8799
 ------------------------------------------------------------------------------


| TI region  2


 NSTEP =    90000   TIME(PS) =      90.000  TEMP(K) =   139.36  PRESS =     0.0
 Etot   =    -46066.2847  EKtot   =      8699.8197  EPtot      =    -54766.1044
 BOND   =      6888.0578  ANGLE   =         0.0000  DIHED      =        -0.0000
 1-4 NB =         0.0000  1-4 EEL =         0.0000  VDWAALS    =      2382.8031
 EELEC  =    -64036.9653  EHBOND  =         0.0000  RESTRAINT  =         0.0000
 DV/DL  =        32.1714
 ------------------------------------------------------------------------------

 NMR restraints: Bond =    0.000   Angle =     0.000   Torsion =     0.000
===============================================================================

| TI region  1


 NSTEP =    95000   TIME(PS) =      95.000  TEMP(K) =   147.34  PRESS =     0.0
 Etot   =    -44531.9016  EKtot   =      9203.3984  EPtot      =    -53735.3001
 BOND   =      6981.6523  ANGLE   =        -0.0000  DIHED      =         0.0000
 1-4 NB =         0.0000  1-4 EEL =        -0.0000  VDWAALS    =      1963.8904
 EELEC  =    -62680.8427  EHBOND  =         0.0000  RESTRAINT  =         0.0000
 DV/DL  =        34.7994
 ------------------------------------------------------------------------------

  Softcore part of the system:      12 atoms,       TEMP(K)    =         192.61
 SC_Etot=        26.0540  SC_EKtot=         6.8897  SC_EPtot   =        19.1643
 SC_BOND=         0.8937  SC_ANGLE=         3.6102  SC_DIHED   =         0.4423
 SC_14NB=         0.6073  SC_14EEL=        40.9633  SC_VDW     =        -0.0798
 SC_EEL =       -27.2727
 SC_RES_DIST=     0.0000  SC_RES_ANG=       0.0000  SC_RES_TORS=         0.0000
 SC_EEL_DER=     18.5583  SC_VDW_DER=      -5.2836  SC_DERIV   =        13.2747
 ------------------------------------------------------------------------------


| TI region  2


 NSTEP =    95000   TIME(PS) =      95.000  TEMP(K) =   147.32  PRESS =     0.0
 Etot   =    -44538.7913  EKtot   =      9196.5087  EPtot      =    -53735.3001
 BOND   =      6981.6523  ANGLE   =        -0.0000  DIHED      =         0.0000
 1-4 NB =         0.0000  1-4 EEL =        -0.0000  VDWAALS    =      1963.8904
 EELEC  =    -62680.8427  EHBOND  =         0.0000  RESTRAINT  =         0.0000
 DV/DL  =        34.7994
 ------------------------------------------------------------------------------

 NMR restraints: Bond =    0.000   Angle =     0.000   Torsion =     0.000
===============================================================================

| TI region  1


 NSTEP =   100000   TIME(PS) =     100.000  TEMP(K) =   157.03  PRESS =     0.0
 Etot   =    -43198.4688  EKtot   =      9808.5879  EPtot      =    -53007.0567
 BOND   =      7074.4059  ANGLE   =         0.0000  DIHED      =        -0.0000
 1-4 NB =         0.0000  1-4 EEL =         0.0000  VDWAALS    =      1811.5918
 EELEC  =    -61893.0544  EHBOND  =         0.0000  RESTRAINT  =         0.0000
 DV/DL  =        28.7503
 ------------------------------------------------------------------------------

  Softcore part of the system:      12 atoms,       TEMP(K)    =         202.08
 SC_Etot=        28.3813  SC_EKtot=         7.2283  SC_EPtot   =        21.1530
 SC_BOND=         2.5912  SC_ANGLE=         4.0478  SC_DIHED   =         0.8009
 SC_14NB=         0.3662  SC_14EEL=        39.3594  SC_VDW     =        -0.0843
 SC_EEL =       -25.9282
 SC_RES_DIST=     0.0000  SC_RES_ANG=       0.0000  SC_RES_TORS=         0.0000
 SC_EEL_DER=     13.1550  SC_VDW_DER=      -4.5189  SC_DERIV   =         8.6361
 ------------------------------------------------------------------------------


| TI region  2


 NSTEP =   100000   TIME(PS) =     100.000  TEMP(K) =   157.01  PRESS =     0.0
 Etot   =    -43205.6971  EKtot   =      9801.3596  EPtot      =    -53007.0567
 BOND   =      7074.4059  ANGLE   =         0.0000  DIHED      =        -0.0000
 1-4 NB =         0.0000  1-4 EEL =         0.0000  VDWAALS    =      1811.5918
 EELEC  =    -61893.0544  EHBOND  =         0.0000  RESTRAINT  =         0.0000
 DV/DL  =        28.7503
 ------------------------------------------------------------------------------

 NMR restraints: Bond =    0.000   Angle =     0.000   Torsion =     0.000
===============================================================================

| TI region  1


 NSTEP =   105000   TIME(PS) =     105.000  TEMP(K) =   164.03  PRESS =     0.0
 Etot   =    -41753.8551  EKtot   =     10246.0156  EPtot      =    -51999.8707
 BOND   =      7263.5193  ANGLE   =        -0.0000  DIHED      =         0.0000
 1-4 NB =         0.0000  1-4 EEL =         0.0000  VDWAALS    =      1369.6002
 EELEC  =    -60632.9902  EHBOND  =         0.0000  RESTRAINT  =         0.0000
 DV/DL  =        37.4914
 ------------------------------------------------------------------------------

  Softcore part of the system:      12 atoms,       TEMP(K)    =         165.63
 SC_Etot=        24.6295  SC_EKtot=         5.9244  SC_EPtot   =        18.7051
 SC_BOND=         1.3891  SC_ANGLE=         1.5936  SC_DIHED   =         0.4529
 SC_14NB=         0.4233  SC_14EEL=        43.2135  SC_VDW     =        -0.0859
 SC_EEL =       -28.2814
 SC_RES_DIST=     0.0000  SC_RES_ANG=       0.0000  SC_RES_TORS=         0.0000
 SC_EEL_DER=     20.6647  SC_VDW_DER=      -6.0573  SC_DERIV   =        14.6074
 ------------------------------------------------------------------------------


| TI region  2


 NSTEP =   105000   TIME(PS) =     105.000  TEMP(K) =   164.03  PRESS =     0.0
 Etot   =    -41759.7795  EKtot   =     10240.0912  EPtot      =    -51999.8707
 BOND   =      7263.5193  ANGLE   =        -0.0000  DIHED      =         0.0000
 1-4 NB =         0.0000  1-4 EEL =         0.0000  VDWAALS    =      1369.6002
 EELEC  =    -60632.9902  EHBOND  =         0.0000  RESTRAINT  =         0.0000
 DV/DL  =        37.4914
 ------------------------------------------------------------------------------

 NMR restraints: Bond =    0.000   Angle =     0.000   Torsion =     0.000
===============================================================================

| TI region  1


 NSTEP =   110000   TIME(PS) =     110.000  TEMP(K) =   172.86  PRESS =     0.0
 Etot   =    -40166.4921  EKtot   =     10797.0039  EPtot      =    -50963.4960
 BOND   =      7326.3096  ANGLE   =        -0.0000  DIHED      =         0.0000
 1-4 NB =         0.0000  1-4 EEL =         0.0000  VDWAALS    =      1151.7962
 EELEC  =    -59441.6019  EHBOND  =         0.0000  RESTRAINT  =         0.0000
 DV/DL  =        37.1952
 ------------------------------------------------------------------------------

  Softcore part of the system:      12 atoms,       TEMP(K)    =         167.44
 SC_Etot=        25.2421  SC_EKtot=         5.9891  SC_EPtot   =        19.2530
 SC_BOND=         1.7153  SC_ANGLE=         2.5608  SC_DIHED   =         0.2325
 SC_14NB=         0.4495  SC_14EEL=        41.0199  SC_VDW     =        -0.0779
 SC_EEL =       -26.6470
 SC_RES_DIST=     0.0000  SC_RES_ANG=       0.0000  SC_RES_TORS=         0.0000
 SC_EEL_DER=     18.3277  SC_VDW_DER=      -4.4756  SC_DERIV   =        13.8521
 ------------------------------------------------------------------------------


| TI region  2


 NSTEP =   110000   TIME(PS) =     110.000  TEMP(K) =   172.86  PRESS =     0.0
 Etot   =    -40172.4812  EKtot   =     10791.0148  EPtot      =    -50963.4960
 BOND   =      7326.3096  ANGLE   =        -0.0000  DIHED      =         0.0000
 1-4 NB =         0.0000  1-4 EEL =         0.0000  VDWAALS    =      1151.7962
 EELEC  =    -59441.6019  EHBOND  =         0.0000  RESTRAINT  =         0.0000
 DV/DL  =        37.1952
 ------------------------------------------------------------------------------

 NMR restraints: Bond =    0.000   Angle =     0.000   Torsion =     0.000
===============================================================================

| TI region  1


 NSTEP =   115000   TIME(PS) =     115.000  TEMP(K) =   180.00  PRESS =     0.0
 Etot   =    -38859.4610  EKtot   =     11243.0020  EPtot      =    -50102.4629
 BOND   =      7601.5976  ANGLE   =         0.0000  DIHED      =        -0.0000
 1-4 NB =         0.0000  1-4 EEL =        -0.0000  VDWAALS    =      1029.4358
 EELEC  =    -58733.4963  EHBOND  =         0.0000  RESTRAINT  =         0.0000
 DV/DL  =        25.9123
 ------------------------------------------------------------------------------

  Softcore part of the system:      12 atoms,       TEMP(K)    =         195.49
 SC_Etot=        27.8086  SC_EKtot=         6.9924  SC_EPtot   =        20.8162
 SC_BOND=         1.2637  SC_ANGLE=         3.5961  SC_DIHED   =         2.0732
 SC_14NB=         0.1176  SC_14EEL=        36.8017  SC_VDW     =        -0.0510
 SC_EEL =       -22.9851
 SC_RES_DIST=     0.0000  SC_RES_ANG=       0.0000  SC_RES_TORS=         0.0000
 SC_EEL_DER=     11.6424  SC_VDW_DER=      -4.8441  SC_DERIV   =         6.7984
 ------------------------------------------------------------------------------


| TI region  2


 NSTEP =   115000   TIME(PS) =     115.000  TEMP(K) =   179.99  PRESS =     0.0
 Etot   =    -38866.4534  EKtot   =     11236.0095  EPtot      =    -50102.4629
 BOND   =      7601.5976  ANGLE   =         0.0000  DIHED      =        -0.0000
 1-4 NB =         0.0000  1-4 EEL =        -0.0000  VDWAALS    =      1029.4358
 EELEC  =    -58733.4963  EHBOND  =         0.0000  RESTRAINT  =         0.0000
 DV/DL  =        25.9123
 ------------------------------------------------------------------------------

 NMR restraints: Bond =    0.000   Angle =     0.000   Torsion =     0.000
===============================================================================

| TI region  1


 NSTEP =   120000   TIME(PS) =     120.000  TEMP(K) =   187.97  PRESS =     0.0
 Etot   =    -37823.5442  EKtot   =     11740.9863  EPtot      =    -49564.5305
 BOND   =      7626.9564  ANGLE   =        -0.0000  DIHED      =        -0.0000
 1-4 NB =         0.0000  1-4 EEL =         0.0000  VDWAALS    =      1027.4733
 EELEC  =    -58218.9603  EHBOND  =         0.0000  RESTRAINT  =         0.0000
 DV/DL  =        36.2803
 ------------------------------------------------------------------------------

  Softcore part of the system:      12 atoms,       TEMP(K)    =         216.93
 SC_Etot=        28.8516  SC_EKtot=         7.7595  SC_EPtot   =        21.0922
 SC_BOND=         2.1458  SC_ANGLE=         3.7869  SC_DIHED   =         0.7179
 SC_14NB=         0.4985  SC_14EEL=        40.4586  SC_VDW     =        -0.0738
 SC_EEL =       -26.4416
 SC_RES_DIST=     0.0000  SC_RES_ANG=       0.0000  SC_RES_TORS=         0.0000
 SC_EEL_DER=     23.2383  SC_VDW_DER=      -9.5816  SC_DERIV   =        13.6567
 ------------------------------------------------------------------------------


| TI region  2


 NSTEP =   120000   TIME(PS) =     120.000  TEMP(K) =   187.95  PRESS =     0.0
 Etot   =    -37831.3037  EKtot   =     11733.2269  EPtot      =    -49564.5305
 BOND   =      7626.9564  ANGLE   =        -0.0000  DIHED      =        -0.0000
 1-4 NB =         0.0000  1-4 EEL =         0.0000  VDWAALS    =      1027.4733
 EELEC  =    -58218.9603  EHBOND  =         0.0000  RESTRAINT  =         0.0000
 DV/DL  =        36.2803
 ------------------------------------------------------------------------------

 NMR restraints: Bond =    0.000   Angle =     0.000   Torsion =     0.000
===============================================================================

| TI region  1


 NSTEP =   125000   TIME(PS) =     125.000  TEMP(K) =   195.79  PRESS =     0.0
 Etot   =    -36468.6896  EKtot   =     12229.2637  EPtot      =    -48697.9532
 BOND   =      7631.4030  ANGLE   =         0.0000  DIHED      =        -0.0000
 1-4 NB =         0.0000  1-4 EEL =         0.0000  VDWAALS    =       672.1713
 EELEC  =    -57001.5275  EHBOND  =         0.0000  RESTRAINT  =         0.0000
 DV/DL  =        32.1940
 ------------------------------------------------------------------------------

  Softcore part of the system:      12 atoms,       TEMP(K)    =         210.38
 SC_Etot=        26.1483  SC_EKtot=         7.5252  SC_EPtot   =        18.6231
 SC_BOND=         1.7149  SC_ANGLE=         2.4645  SC_DIHED   =         0.3057
 SC_14NB=         0.7682  SC_14EEL=        41.7193  SC_VDW     =        -0.0980
 SC_EEL =       -28.2515
 SC_RES_DIST=     0.0000  SC_RES_ANG=       0.0000  SC_RES_TORS=         0.0000
 SC_EEL_DER=     24.0936  SC_VDW_DER=     -10.0939  SC_DERIV   =        13.9997
 ------------------------------------------------------------------------------


| TI region  2


 NSTEP =   125000   TIME(PS) =     125.000  TEMP(K) =   195.78  PRESS =     0.0
 Etot   =    -36476.2147  EKtot   =     12221.7385  EPtot      =    -48697.9532
 BOND   =      7631.4030  ANGLE   =         0.0000  DIHED      =        -0.0000
 1-4 NB =         0.0000  1-4 EEL =         0.0000  VDWAALS    =       672.1713
 EELEC  =    -57001.5275  EHBOND  =         0.0000  RESTRAINT  =         0.0000
 DV/DL  =        32.1940
 ------------------------------------------------------------------------------

 NMR restraints: Bond =    0.000   Angle =     0.000   Torsion =     0.000
===============================================================================

| TI region  1


 NSTEP =   130000   TIME(PS) =     130.000  TEMP(K) =   204.17  PRESS =     0.0
 Etot   =    -35266.5991  EKtot   =     12752.8936  EPtot      =    -48019.4926
 BOND   =      7987.5922  ANGLE   =        -0.0000  DIHED      =        -0.0000
 1-4 NB =         0.0000  1-4 EEL =         0.0000  VDWAALS    =       854.6835
 EELEC  =    -56861.7683  EHBOND  =         0.0000  RESTRAINT  =         0.0000
 DV/DL  =        44.3053
 ------------------------------------------------------------------------------

  Softcore part of the system:      12 atoms,       TEMP(K)    =         123.78
 SC_Etot=        27.6785  SC_EKtot=         4.4275  SC_EPtot   =        23.2510
 SC_BOND=         3.6978  SC_ANGLE=         4.7716  SC_DIHED   =         1.3798
 SC_14NB=         0.5123  SC_14EEL=        38.6666  SC_VDW     =        -0.0804
 SC_EEL =       -25.6966
 SC_RES_DIST=     0.0000  SC_RES_ANG=       0.0000  SC_RES_TORS=         0.0000
 SC_EEL_DER=     28.1774  SC_VDW_DER=      -7.0390  SC_DERIV   =        21.1384
 ------------------------------------------------------------------------------


| TI region  2


 NSTEP =   130000   TIME(PS) =     130.000  TEMP(K) =   204.22  PRESS =     0.0
 Etot   =    -35271.0266  EKtot   =     12748.4661  EPtot      =    -48019.4926
 BOND   =      7987.5922  ANGLE   =        -0.0000  DIHED      =        -0.0000
 1-4 NB =         0.0000  1-4 EEL =         0.0000  VDWAALS    =       854.6835
 EELEC  =    -56861.7683  EHBOND  =         0.0000  RESTRAINT  =         0.0000
 DV/DL  =        44.3053
 ------------------------------------------------------------------------------

 NMR restraints: Bond =    0.000   Angle =     0.000   Torsion =     0.000
===============================================================================

| TI region  1


 NSTEP =   135000   TIME(PS) =     135.000  TEMP(K) =   211.63  PRESS =     0.0
 Etot   =    -33801.4754  EKtot   =     13218.8506  EPtot      =    -47020.3260
 BOND   =      8220.5981  ANGLE   =         0.0000  DIHED      =        -0.0000
 1-4 NB =         0.0000  1-4 EEL =         0.0000  VDWAALS    =       677.2831
 EELEC  =    -55918.2072  EHBOND  =         0.0000  RESTRAINT  =         0.0000
 DV/DL  =        17.6199
 ------------------------------------------------------------------------------

  Softcore part of the system:      12 atoms,       TEMP(K)    =         197.17
 SC_Etot=        24.0739  SC_EKtot=         7.0527  SC_EPtot   =        17.0212
 SC_BOND=         1.4046  SC_ANGLE=         1.5784  SC_DIHED   =         1.0599
 SC_14NB=         0.7795  SC_14EEL=        41.5730  SC_VDW     =        -0.0989
 SC_EEL =       -29.2753
 SC_RES_DIST=     0.0000  SC_RES_ANG=       0.0000  SC_RES_TORS=         0.0000
 SC_EEL_DER=      3.9923  SC_VDW_DER=      -2.0002  SC_DERIV   =         1.9921
 ------------------------------------------------------------------------------


| TI region  2


 NSTEP =   135000   TIME(PS) =     135.000  TEMP(K) =   211.64  PRESS =     0.0
 Etot   =    -33808.5280  EKtot   =     13211.7979  EPtot      =    -47020.3260
 BOND   =      8220.5981  ANGLE   =         0.0000  DIHED      =        -0.0000
 1-4 NB =         0.0000  1-4 EEL =         0.0000  VDWAALS    =       677.2831
 EELEC  =    -55918.2072  EHBOND  =         0.0000  RESTRAINT  =         0.0000
 DV/DL  =        17.6199
 ------------------------------------------------------------------------------

 NMR restraints: Bond =    0.000   Angle =     0.000   Torsion =     0.000
===============================================================================

| TI region  1


 NSTEP =   140000   TIME(PS) =     140.000  TEMP(K) =   218.71  PRESS =     0.0
 Etot   =    -32637.4745  EKtot   =     13660.8770  EPtot      =    -46298.3515
 BOND   =      8219.5422  ANGLE   =         0.0000  DIHED      =        -0.0000
 1-4 NB =         0.0000  1-4 EEL =        -0.0000  VDWAALS    =       410.7489
 EELEC  =    -54928.6426  EHBOND  =         0.0000  RESTRAINT  =         0.0000
 DV/DL  =        28.4224
 ------------------------------------------------------------------------------

  Softcore part of the system:      12 atoms,       TEMP(K)    =         215.97
 SC_Etot=        31.7495  SC_EKtot=         7.7253  SC_EPtot   =        24.0243
 SC_BOND=         5.1730  SC_ANGLE=         2.9985  SC_DIHED   =         1.2282
 SC_14NB=         2.3119  SC_14EEL=        45.9762  SC_VDW     =        -0.0014
 SC_EEL =       -33.6621
 SC_RES_DIST=     0.0000  SC_RES_ANG=       0.0000  SC_RES_TORS=         0.0000
 SC_EEL_DER=     10.2209  SC_VDW_DER=      -1.4149  SC_DERIV   =         8.8060
 ------------------------------------------------------------------------------


| TI region  2


 NSTEP =   140000   TIME(PS) =     140.000  TEMP(K) =   218.71  PRESS =     0.0
 Etot   =    -32645.1998  EKtot   =     13653.1517  EPtot      =    -46298.3515
 BOND   =      8219.5422  ANGLE   =         0.0000  DIHED      =        -0.0000
 1-4 NB =         0.0000  1-4 EEL =        -0.0000  VDWAALS    =       410.7489
 EELEC  =    -54928.6426  EHBOND  =         0.0000  RESTRAINT  =         0.0000
 DV/DL  =        28.4224
 ------------------------------------------------------------------------------

 NMR restraints: Bond =    0.000   Angle =     0.000   Torsion =     0.000
===============================================================================

| TI region  1


 NSTEP =   145000   TIME(PS) =     145.000  TEMP(K) =   226.85  PRESS =     0.0
 Etot   =    -31428.1073  EKtot   =     14169.8867  EPtot      =    -45597.9940
 BOND   =      8343.5477  ANGLE   =         0.0000  DIHED      =         0.0000
 1-4 NB =         0.0000  1-4 EEL =         0.0000  VDWAALS    =       480.8174
 EELEC  =    -54422.3591  EHBOND  =         0.0000  RESTRAINT  =         0.0000
 DV/DL  =        31.5850
 ------------------------------------------------------------------------------

  Softcore part of the system:      12 atoms,       TEMP(K)    =         150.37
 SC_Etot=        26.4338  SC_EKtot=         5.3786  SC_EPtot   =        21.0552
 SC_BOND=         2.6776  SC_ANGLE=         4.5581  SC_DIHED   =         0.5761
 SC_14NB=         0.3562  SC_14EEL=        41.1941  SC_VDW     =        -0.0871
 SC_EEL =       -28.2198
 SC_RES_DIST=     0.0000  SC_RES_ANG=       0.0000  SC_RES_TORS=         0.0000
 SC_EEL_DER=     14.7451  SC_VDW_DER=      -2.4673  SC_DERIV   =        12.2778
 ------------------------------------------------------------------------------


| TI region  2


 NSTEP =   145000   TIME(PS) =     145.000  TEMP(K) =   226.90  PRESS =     0.0
 Etot   =    -31433.4859  EKtot   =     14164.5081  EPtot      =    -45597.9940
 BOND   =      8343.5477  ANGLE   =         0.0000  DIHED      =         0.0000
 1-4 NB =         0.0000  1-4 EEL =         0.0000  VDWAALS    =       480.8174
 EELEC  =    -54422.3591  EHBOND  =         0.0000  RESTRAINT  =         0.0000
 DV/DL  =        31.5850
 ------------------------------------------------------------------------------

 NMR restraints: Bond =    0.000   Angle =     0.000   Torsion =     0.000
===============================================================================

| TI region  1


 NSTEP =   150000   TIME(PS) =     150.000  TEMP(K) =   235.58  PRESS =     0.0
 Etot   =    -30174.2507  EKtot   =     14715.0977  EPtot      =    -44889.3484
 BOND   =      8682.7965  ANGLE   =        -0.0000  DIHED      =        -0.0000
 1-4 NB =         0.0000  1-4 EEL =        -0.0000  VDWAALS    =       176.6792
 EELEC  =    -53748.8242  EHBOND  =         0.0000  RESTRAINT  =         0.0000
 DV/DL  =        33.4760
 ------------------------------------------------------------------------------

  Softcore part of the system:      12 atoms,       TEMP(K)    =         153.41
 SC_Etot=        29.3752  SC_EKtot=         5.4875  SC_EPtot   =        23.8877
 SC_BOND=         2.1685  SC_ANGLE=         5.5773  SC_DIHED   =         2.8271
 SC_14NB=         1.0012  SC_14EEL=        33.3480  SC_VDW     =        -0.0674
 SC_EEL =       -20.9671
 SC_RES_DIST=     0.0000  SC_RES_ANG=       0.0000  SC_RES_TORS=         0.0000
 SC_EEL_DER=     12.3108  SC_VDW_DER=      -1.7540  SC_DERIV   =        10.5568
 ------------------------------------------------------------------------------


| TI region  2


 NSTEP =   150000   TIME(PS) =     150.000  TEMP(K) =   235.63  PRESS =     0.0
 Etot   =    -30179.7382  EKtot   =     14709.6102  EPtot      =    -44889.3484
 BOND   =      8682.7965  ANGLE   =        -0.0000  DIHED      =        -0.0000
 1-4 NB =         0.0000  1-4 EEL =        -0.0000  VDWAALS    =       176.6792
 EELEC  =    -53748.8242  EHBOND  =         0.0000  RESTRAINT  =         0.0000
 DV/DL  =        33.4760
 ------------------------------------------------------------------------------

 NMR restraints: Bond =    0.000   Angle =     0.000   Torsion =     0.000
===============================================================================

| TI region  1


 NSTEP =   155000   TIME(PS) =     155.000  TEMP(K) =   246.94  PRESS =     0.0
 Etot   =    -28745.1412  EKtot   =     15424.3203  EPtot      =    -44169.4615
 BOND   =      8762.3300  ANGLE   =        -0.0000  DIHED      =        -0.0000
 1-4 NB =         0.0000  1-4 EEL =         0.0000  VDWAALS    =       199.6730
 EELEC  =    -53131.4644  EHBOND  =         0.0000  RESTRAINT  =         0.0000
 DV/DL  =        26.0044
 ------------------------------------------------------------------------------

  Softcore part of the system:      12 atoms,       TEMP(K)    =         311.69
 SC_Etot=        31.9344  SC_EKtot=        11.1491  SC_EPtot   =        20.7853
 SC_BOND=         0.9403  SC_ANGLE=         5.4476  SC_DIHED   =         1.0682
 SC_14NB=         0.2797  SC_14EEL=        38.7563  SC_VDW     =        -0.0962
 SC_EEL =       -25.6106
 SC_RES_DIST=     0.0000  SC_RES_ANG=       0.0000  SC_RES_TORS=         0.0000
 SC_EEL_DER=     11.0455  SC_VDW_DER=      -3.4229  SC_DERIV   =         7.6226
 ------------------------------------------------------------------------------


| TI region  2


 NSTEP =   155000   TIME(PS) =     155.000  TEMP(K) =   246.90  PRESS =     0.0
 Etot   =    -28756.2903  EKtot   =     15413.1712  EPtot      =    -44169.4615
 BOND   =      8762.3300  ANGLE   =        -0.0000  DIHED      =        -0.0000
 1-4 NB =         0.0000  1-4 EEL =         0.0000  VDWAALS    =       199.6730
 EELEC  =    -53131.4644  EHBOND  =         0.0000  RESTRAINT  =         0.0000
 DV/DL  =        26.0044
 ------------------------------------------------------------------------------

 NMR restraints: Bond =    0.000   Angle =     0.000   Torsion =     0.000
===============================================================================

| TI region  1


 NSTEP =   160000   TIME(PS) =     160.000  TEMP(K) =   251.65  PRESS =     0.0
 Etot   =    -27663.7960  EKtot   =     15718.3535  EPtot      =    -43382.1495
 BOND   =      8903.6899  ANGLE   =        -0.0000  DIHED      =        -0.0000
 1-4 NB =         0.0000  1-4 EEL =         0.0000  VDWAALS    =        26.4498
 EELEC  =    -52312.2892  EHBOND  =         0.0000  RESTRAINT  =         0.0000
 DV/DL  =        31.6896
 ------------------------------------------------------------------------------

  Softcore part of the system:      12 atoms,       TEMP(K)    =         231.04
 SC_Etot=        31.7093  SC_EKtot=         8.2643  SC_EPtot   =        23.4450
 SC_BOND=         4.6287  SC_ANGLE=         4.5117  SC_DIHED   =         0.9666
 SC_14NB=         0.2367  SC_14EEL=        39.6732  SC_VDW     =        -0.0886
 SC_EEL =       -26.4833
 SC_RES_DIST=     0.0000  SC_RES_ANG=       0.0000  SC_RES_TORS=         0.0000
 SC_EEL_DER=     18.7619  SC_VDW_DER=      -8.2236  SC_DERIV   =        10.5383
 ------------------------------------------------------------------------------


| TI region  2


 NSTEP =   160000   TIME(PS) =     160.000  TEMP(K) =   251.66  PRESS =     0.0
 Etot   =    -27672.0603  EKtot   =     15710.0892  EPtot      =    -43382.1495
 BOND   =      8903.6899  ANGLE   =        -0.0000  DIHED      =        -0.0000
 1-4 NB =         0.0000  1-4 EEL =         0.0000  VDWAALS    =        26.4498
 EELEC  =    -52312.2892  EHBOND  =         0.0000  RESTRAINT  =         0.0000
 DV/DL  =        31.6896
 ------------------------------------------------------------------------------

 NMR restraints: Bond =    0.000   Angle =     0.000   Torsion =     0.000
===============================================================================

| TI region  1


 NSTEP =   165000   TIME(PS) =     165.000  TEMP(K) =   260.99  PRESS =     0.0
 Etot   =    -26576.5299  EKtot   =     16302.3516  EPtot      =    -42878.8815
 BOND   =      9041.9285  ANGLE   =        -0.0000  DIHED      =        -0.0000
 1-4 NB =         0.0000  1-4 EEL =        -0.0000  VDWAALS    =        15.0489
 EELEC  =    -51935.8588  EHBOND  =         0.0000  RESTRAINT  =         0.0000
 DV/DL  =         8.7530
 ------------------------------------------------------------------------------

  Softcore part of the system:      12 atoms,       TEMP(K)    =         339.18
 SC_Etot=        35.4649  SC_EKtot=        12.1322  SC_EPtot   =        23.3327
 SC_BOND=         4.6054  SC_ANGLE=         4.8790  SC_DIHED   =         0.7495
 SC_14NB=         0.2675  SC_14EEL=        39.4730  SC_VDW     =        -0.0853
 SC_EEL =       -26.5565
 SC_RES_DIST=     0.0000  SC_RES_ANG=       0.0000  SC_RES_TORS=         0.0000
 SC_EEL_DER=      7.5272  SC_VDW_DER=     -14.3922  SC_DERIV   =        -6.8651
 ------------------------------------------------------------------------------


| TI region  2


 NSTEP =   165000   TIME(PS) =     165.000  TEMP(K) =   260.95  PRESS =     0.0
 Etot   =    -26588.6621  EKtot   =     16290.2194  EPtot      =    -42878.8815
 BOND   =      9041.9285  ANGLE   =        -0.0000  DIHED      =        -0.0000
 1-4 NB =         0.0000  1-4 EEL =        -0.0000  VDWAALS    =        15.0489
 EELEC  =    -51935.8588  EHBOND  =         0.0000  RESTRAINT  =         0.0000
 DV/DL  =         8.7530
 ------------------------------------------------------------------------------

 NMR restraints: Bond =    0.000   Angle =     0.000   Torsion =     0.000
===============================================================================

| TI region  1


 NSTEP =   170000   TIME(PS) =     170.000  TEMP(K) =   266.20  PRESS =     0.0
 Etot   =    -25659.6507  EKtot   =     16627.5391  EPtot      =    -42287.1898
 BOND   =      9182.3158  ANGLE   =        -0.0000  DIHED      =         0.0000
 1-4 NB =         0.0000  1-4 EEL =         0.0000  VDWAALS    =       191.7366
 EELEC  =    -51661.2422  EHBOND  =         0.0000  RESTRAINT  =         0.0000
 DV/DL  =        34.2247
 ------------------------------------------------------------------------------

  Softcore part of the system:      12 atoms,       TEMP(K)    =         168.55
 SC_Etot=        26.5308  SC_EKtot=         6.0290  SC_EPtot   =        20.5018
 SC_BOND=         1.8999  SC_ANGLE=         2.9619  SC_DIHED   =         1.4107
 SC_14NB=         0.2283  SC_14EEL=        37.8927  SC_VDW     =        -0.0633
 SC_EEL =       -23.8283
 SC_RES_DIST=     0.0000  SC_RES_ANG=       0.0000  SC_RES_TORS=         0.0000
 SC_EEL_DER=     21.5528  SC_VDW_DER=      -8.9286  SC_DERIV   =        12.6242
 ------------------------------------------------------------------------------


| TI region  2


 NSTEP =   170000   TIME(PS) =     170.000  TEMP(K) =   266.26  PRESS =     0.0
 Etot   =    -25665.6797  EKtot   =     16621.5101  EPtot      =    -42287.1898
 BOND   =      9182.3158  ANGLE   =        -0.0000  DIHED      =         0.0000
 1-4 NB =         0.0000  1-4 EEL =         0.0000  VDWAALS    =       191.7366
 EELEC  =    -51661.2422  EHBOND  =         0.0000  RESTRAINT  =         0.0000
 DV/DL  =        34.2247
 ------------------------------------------------------------------------------

 NMR restraints: Bond =    0.000   Angle =     0.000   Torsion =     0.000
===============================================================================

| TI region  1


 NSTEP =   175000   TIME(PS) =     175.000  TEMP(K) =   275.13  PRESS =     0.0
 Etot   =    -24471.1045  EKtot   =     17185.2949  EPtot      =    -41656.3994
 BOND   =      9371.0432  ANGLE   =        -0.0000  DIHED      =        -0.0000
 1-4 NB =         0.0000  1-4 EEL =         0.0000  VDWAALS    =        43.9969
 EELEC  =    -51071.4395  EHBOND  =         0.0000  RESTRAINT  =         0.0000
 DV/DL  =         9.8267
 ------------------------------------------------------------------------------

  Softcore part of the system:      12 atoms,       TEMP(K)    =         266.09
 SC_Etot=        33.2499  SC_EKtot=         9.5180  SC_EPtot   =        23.7319
 SC_BOND=         2.3657  SC_ANGLE=         5.6011  SC_DIHED   =         0.4274
 SC_14NB=         2.4001  SC_14EEL=        45.1607  SC_VDW     =        -0.0714
 SC_EEL =       -32.1517
 SC_RES_DIST=     0.0000  SC_RES_ANG=       0.0000  SC_RES_TORS=         0.0000
 SC_EEL_DER=     17.6426  SC_VDW_DER=     -21.7694  SC_DERIV   =        -4.1268
 ------------------------------------------------------------------------------


| TI region  2


 NSTEP =   175000   TIME(PS) =     175.000  TEMP(K) =   275.14  PRESS =     0.0
 Etot   =    -24480.6225  EKtot   =     17175.7769  EPtot      =    -41656.3994
 BOND   =      9371.0432  ANGLE   =        -0.0000  DIHED      =        -0.0000
 1-4 NB =         0.0000  1-4 EEL =         0.0000  VDWAALS    =        43.9969
 EELEC  =    -51071.4395  EHBOND  =         0.0000  RESTRAINT  =         0.0000
 DV/DL  =         9.8267
 ------------------------------------------------------------------------------

 NMR restraints: Bond =    0.000   Angle =     0.000   Torsion =     0.000
===============================================================================

| TI region  1


 NSTEP =   180000   TIME(PS) =     180.000  TEMP(K) =   283.13  PRESS =     0.0
 Etot   =    -23724.5349  EKtot   =     17684.6973  EPtot      =    -41409.2322
 BOND   =      9513.8564  ANGLE   =         0.0000  DIHED      =        -0.0000
 1-4 NB =         0.0000  1-4 EEL =        -0.0000  VDWAALS    =       264.6809
 EELEC  =    -51187.7695  EHBOND  =         0.0000  RESTRAINT  =         0.0000
 DV/DL  =        30.5222
 ------------------------------------------------------------------------------

  Softcore part of the system:      12 atoms,       TEMP(K)    =         377.28
 SC_Etot=        39.5317  SC_EKtot=        13.4950  SC_EPtot   =        26.0367
 SC_BOND=         2.8999  SC_ANGLE=         7.6839  SC_DIHED   =         1.0950
 SC_14NB=         0.3584  SC_14EEL=        41.1706  SC_VDW     =        -0.0768
 SC_EEL =       -27.0942
 SC_RES_DIST=     0.0000  SC_RES_ANG=       0.0000  SC_RES_TORS=         0.0000
 SC_EEL_DER=     31.4011  SC_VDW_DER=     -21.3014  SC_DERIV   =        10.0996
 ------------------------------------------------------------------------------


| TI region  2


 NSTEP =   180000   TIME(PS) =     180.000  TEMP(K) =   283.07  PRESS =     0.0
 Etot   =    -23738.0299  EKtot   =     17671.2023  EPtot      =    -41409.2322
 BOND   =      9513.8564  ANGLE   =         0.0000  DIHED      =        -0.0000
 1-4 NB =         0.0000  1-4 EEL =        -0.0000  VDWAALS    =       264.6809
 EELEC  =    -51187.7695  EHBOND  =         0.0000  RESTRAINT  =         0.0000
 DV/DL  =        30.5222
 ------------------------------------------------------------------------------

 NMR restraints: Bond =    0.000   Angle =     0.000   Torsion =     0.000
===============================================================================

| TI region  1


 NSTEP =   185000   TIME(PS) =     185.000  TEMP(K) =   291.51  PRESS =     0.0
 Etot   =    -22316.8758  EKtot   =     18208.1680  EPtot      =    -40525.0437
 BOND   =      9706.3670  ANGLE   =        -0.0000  DIHED      =         0.0000
 1-4 NB =         0.0000  1-4 EEL =         0.0000  VDWAALS    =       -28.1535
 EELEC  =    -50203.2573  EHBOND  =         0.0000  RESTRAINT  =         0.0000
 DV/DL  =        24.0942
 ------------------------------------------------------------------------------

  Softcore part of the system:      12 atoms,       TEMP(K)    =         238.15
 SC_Etot=        27.3503  SC_EKtot=         8.5185  SC_EPtot   =        18.8317
 SC_BOND=         2.7053  SC_ANGLE=         2.7326  SC_DIHED   =         0.6220
 SC_14NB=         0.5074  SC_14EEL=        40.8259  SC_VDW     =        -0.0961
 SC_EEL =       -28.4654
 SC_RES_DIST=     0.0000  SC_RES_ANG=       0.0000  SC_RES_TORS=         0.0000
 SC_EEL_DER=     10.8185  SC_VDW_DER=      -2.7289  SC_DERIV   =         8.0895
 ------------------------------------------------------------------------------


| TI region  2


 NSTEP =   185000   TIME(PS) =     185.000  TEMP(K) =   291.54  PRESS =     0.0
 Etot   =    -22325.3943  EKtot   =     18199.6494  EPtot      =    -40525.0437
 BOND   =      9706.3670  ANGLE   =        -0.0000  DIHED      =         0.0000
 1-4 NB =         0.0000  1-4 EEL =         0.0000  VDWAALS    =       -28.1535
 EELEC  =    -50203.2573  EHBOND  =         0.0000  RESTRAINT  =         0.0000
 DV/DL  =        24.0942
 ------------------------------------------------------------------------------

 NMR restraints: Bond =    0.000   Angle =     0.000   Torsion =     0.000
===============================================================================

| TI region  1


 NSTEP =   190000   TIME(PS) =     190.000  TEMP(K) =   298.53  PRESS =     0.0
 Etot   =    -21315.1186  EKtot   =     18646.6113  EPtot      =    -39961.7299
 BOND   =      9850.2302  ANGLE   =        -0.0000  DIHED      =        -0.0000
 1-4 NB =         0.0000  1-4 EEL =         0.0000  VDWAALS    =       204.2155
 EELEC  =    -50016.1756  EHBOND  =         0.0000  RESTRAINT  =         0.0000
 DV/DL  =        14.8391
 ------------------------------------------------------------------------------

  Softcore part of the system:      12 atoms,       TEMP(K)    =         397.78
 SC_Etot=        41.8740  SC_EKtot=        14.2285  SC_EPtot   =        27.6455
 SC_BOND=         9.2565  SC_ANGLE=         2.7559  SC_DIHED   =         2.1533
 SC_14NB=         1.3079  SC_14EEL=        43.1738  SC_VDW     =        -0.0952
 SC_EEL =       -30.9067
 SC_RES_DIST=     0.0000  SC_RES_ANG=       0.0000  SC_RES_TORS=         0.0000
 SC_EEL_DER=      5.7155  SC_VDW_DER=      -4.0333  SC_DERIV   =         1.6822
 ------------------------------------------------------------------------------


| TI region  2


 NSTEP =   190000   TIME(PS) =     190.000  TEMP(K) =   298.47  PRESS =     0.0
 Etot   =    -21329.3471  EKtot   =     18632.3828  EPtot      =    -39961.7299
 BOND   =      9850.2302  ANGLE   =        -0.0000  DIHED      =        -0.0000
 1-4 NB =         0.0000  1-4 EEL =         0.0000  VDWAALS    =       204.2155
 EELEC  =    -50016.1756  EHBOND  =         0.0000  RESTRAINT  =         0.0000
 DV/DL  =        14.8391
 ------------------------------------------------------------------------------

 NMR restraints: Bond =    0.000   Angle =     0.000   Torsion =     0.000
===============================================================================

| TI region  1


 NSTEP =   195000   TIME(PS) =     195.000  TEMP(K) =   302.76  PRESS =     0.0
 Etot   =    -20846.5031  EKtot   =     18911.2480  EPtot      =    -39757.7511
 BOND   =     10028.1123  ANGLE   =        -0.0000  DIHED      =        -0.0000
 1-4 NB =         0.0000  1-4 EEL =         0.0000  VDWAALS    =        56.3419
 EELEC  =    -49842.2054  EHBOND  =         0.0000  RESTRAINT  =         0.0000
 DV/DL  =        27.0756
 ------------------------------------------------------------------------------

  Softcore part of the system:      12 atoms,       TEMP(K)    =         148.26
 SC_Etot=        28.0708  SC_EKtot=         5.3032  SC_EPtot   =        22.7676
 SC_BOND=         4.6701  SC_ANGLE=         3.7407  SC_DIHED   =         1.5299
 SC_14NB=         0.3437  SC_14EEL=        38.8397  SC_VDW     =        -0.0902
 SC_EEL =       -26.2663
 SC_RES_DIST=     0.0000  SC_RES_ANG=       0.0000  SC_RES_TORS=         0.0000
 SC_EEL_DER=     12.1294  SC_VDW_DER=      -4.2617  SC_DERIV   =         7.8677
 ------------------------------------------------------------------------------


| TI region  2


 NSTEP =   195000   TIME(PS) =     195.000  TEMP(K) =   302.85  PRESS =     0.0
 Etot   =    -20851.8063  EKtot   =     18905.9449  EPtot      =    -39757.7511
 BOND   =     10028.1123  ANGLE   =        -0.0000  DIHED      =        -0.0000
 1-4 NB =         0.0000  1-4 EEL =         0.0000  VDWAALS    =        56.3419
 EELEC  =    -49842.2054  EHBOND  =         0.0000  RESTRAINT  =         0.0000
 DV/DL  =        27.0756
 ------------------------------------------------------------------------------

 NMR restraints: Bond =    0.000   Angle =     0.000   Torsion =     0.000
===============================================================================

| TI region  1


 NSTEP =   200000   TIME(PS) =     200.000  TEMP(K) =   297.76  PRESS =     0.0
 Etot   =    -21242.5330  EKtot   =     18598.6406  EPtot      =    -39841.1736
 BOND   =      9973.7394  ANGLE   =         0.0000  DIHED      =        -0.0000
 1-4 NB =         0.0000  1-4 EEL =         0.0000  VDWAALS    =       100.3838
 EELEC  =    -49915.2967  EHBOND  =         0.0000  RESTRAINT  =         0.0000
 DV/DL  =        15.9501
 ------------------------------------------------------------------------------

  Softcore part of the system:      12 atoms,       TEMP(K)    =         309.58
 SC_Etot=        30.8027  SC_EKtot=        11.0734  SC_EPtot   =        19.7293
 SC_BOND=         2.4349  SC_ANGLE=         3.3576  SC_DIHED   =         1.8017
 SC_14NB=         0.1355  SC_14EEL=        39.6528  SC_VDW     =        -0.0960
 SC_EEL =       -27.5573
 SC_RES_DIST=     0.0000  SC_RES_ANG=       0.0000  SC_RES_TORS=         0.0000
 SC_EEL_DER=      9.0646  SC_VDW_DER=     -10.7046  SC_DERIV   =        -1.6400
 ------------------------------------------------------------------------------


| TI region  2


 NSTEP =   200000   TIME(PS) =     200.000  TEMP(K) =   297.75  PRESS =     0.0
 Etot   =    -21253.6064  EKtot   =     18587.5673  EPtot      =    -39841.1736
 BOND   =      9973.7394  ANGLE   =         0.0000  DIHED      =        -0.0000
 1-4 NB =         0.0000  1-4 EEL =         0.0000  VDWAALS    =       100.3838
 EELEC  =    -49915.2967  EHBOND  =         0.0000  RESTRAINT  =         0.0000
 DV/DL  =        15.9501
 ------------------------------------------------------------------------------

 NMR restraints: Bond =    0.000   Angle =     0.000   Torsion =     0.000
===============================================================================

| TI region  1


      A V E R A G E S   O V E R      40 S T E P S


 NSTEP =   200000   TIME(PS) =     200.000  TEMP(K) =   160.24  PRESS =     0.0
 Etot   =    -42069.9957  EKtot   =     10008.9528  EPtot      =    -52078.9485
 BOND   =      7143.2365  ANGLE   =        -0.0000  DIHED      =        -0.0000
 1-4 NB =         0.0000  1-4 EEL =         0.0000  VDWAALS    =      1949.5226
 EELEC  =    -61171.7076  EHBOND  =         0.0000  RESTRAINT  =         0.0000
 DV/DL  =        34.4140
 ------------------------------------------------------------------------------

 NMR restraints: Bond =    0.000   Angle =     0.000   Torsion =     0.000
===============================================================================
  Softcore part of the system:      12 atoms,       TEMP(K)    =         159.26
 SC_Etot=        25.0268  SC_EKtot=         5.6966  SC_EPtot   =        19.3303
 SC_BOND=         2.0349  SC_ANGLE=         2.7057  SC_DIHED   =         0.7649
 SC_14NB=         0.5632  SC_14EEL=        40.7920  SC_VDW     =        -0.0828
 SC_EEL =       -27.4477
 SC_RES_DIST=     0.0000  SC_RES_ANG=       0.0000  SC_RES_TORS=         0.0000
 SC_EEL_DER=     20.2716  SC_VDW_DER=      -6.7693  SC_DERIV   =        13.5023
 ------------------------------------------------------------------------------


      R M S  F L U C T U A T I O N S


 NSTEP =   200000   TIME(PS) =     200.000  TEMP(K) =    90.23  PRESS =     0.0
 Etot   =     13586.9235  EKtot   =      5635.7787  EPtot      =      7964.6587
 BOND   =      1783.0696  ANGLE   =         0.0000  DIHED      =         0.0000
 1-4 NB =         0.0000  1-4 EEL =         0.0000  VDWAALS    =      1619.2329
 EELEC  =      7797.3897  EHBOND  =         0.0000  RESTRAINT  =         0.0000
 DV/DL  =        10.7230
 ------------------------------------------------------------------------------

  Softcore part of the system:      12 atoms,       TEMP(K)    =          98.74
 SC_Etot=         6.4133  SC_EKtot=         3.5321  SC_EPtot   =         3.2398
 SC_BOND=         1.7150  SC_ANGLE=         1.6946  SC_DIHED   =         0.6196
 SC_14NB=         0.4848  SC_14EEL=         2.1482  SC_VDW     =         0.0171
 SC_EEL =         2.2030
 SC_RES_DIST=     0.0000  SC_RES_ANG=       0.0000  SC_RES_TORS=         0.0000
 SC_EEL_DER=      8.2697  SC_VDW_DER=       4.3827  SC_DERIV   =         7.9852
 ------------------------------------------------------------------------------


| TI region  2


      A V E R A G E S   O V E R      40 S T E P S


 NSTEP =   200000   TIME(PS) =     200.000  TEMP(K) =   160.24  PRESS =     0.0
 Etot   =    -42075.6923  EKtot   =     10003.2562  EPtot      =    -52078.9485
 BOND   =      7143.2365  ANGLE   =        -0.0000  DIHED      =        -0.0000
 1-4 NB =         0.0000  1-4 EEL =         0.0000  VDWAALS    =      1949.5226
 EELEC  =    -61171.7076  EHBOND  =         0.0000  RESTRAINT  =         0.0000
 DV/DL  =        34.4140
 ------------------------------------------------------------------------------

 NMR restraints: Bond =    0.000   Angle =     0.000   Torsion =     0.000
===============================================================================

      R M S  F L U C T U A T I O N S


 NSTEP =   200000   TIME(PS) =     200.000  TEMP(K) =    90.23  PRESS =     0.0
 Etot   =     13583.8966  EKtot   =      5632.7314  EPtot      =      7964.6587
 BOND   =      1783.0696  ANGLE   =         0.0000  DIHED      =         0.0000
 1-4 NB =         0.0000  1-4 EEL =         0.0000  VDWAALS    =      1619.2329
 EELEC  =      7797.3897  EHBOND  =         0.0000  RESTRAINT  =         0.0000
 DV/DL  =        10.7230
 ------------------------------------------------------------------------------


      DV/DL, AVERAGES OVER      40 STEPS


 NSTEP =   200000   TIME(PS) =     200.000  TEMP(K) =    90.23  PRESS =     0.0
 Etot   =         0.0000  EKtot   =         0.0000  EPtot      =        34.4140
 BOND   =         0.0000  ANGLE   =         0.0000  DIHED      =         0.0000
 1-4 NB =         0.0000  1-4 EEL =         0.0000  VDWAALS    =         7.8606
 EELEC  =        13.0510  EHBOND  =         0.0000  RESTRAINT  =         0.0000
 DV/DL  =        34.4140
 ------------------------------------------------------------------------------


 NMR restraints on final step:

--------------------------------------------------------------------------------
   5.  TIMINGS
--------------------------------------------------------------------------------

|  NonSetup CPU Time in Major Routines:
|
|     Routine           Sec        %
|     ------------------------------
|     Nonbond         141.59   29.55
|     Bond              0.00    0.00
|     Angle             0.00    0.00
|     Dihedral          0.00    0.00
|     Shake             0.00    0.00
|     RunMD           336.87   70.30
|     Other             0.72    0.15
|     ------------------------------
|     Total           479.18

|  PME Nonbond Pairlist CPU Time:
|
|     Routine              Sec        %
|     ---------------------------------
|     Set Up Cit           0.00    0.00
|     Build List           0.00    0.00
|     ---------------------------------
|     Total                0.00    0.00

|  PME Direct Force CPU Time:
|
|     Routine              Sec        %
|     ---------------------------------
|     NonBonded Calc       0.00    0.00
|     Exclude Masked       0.00    0.00
|     Other                0.48    0.10
|     ---------------------------------
|     Total                0.48    0.10

|  PME Reciprocal Force CPU Time:
|
|     Routine              Sec        %
|     ---------------------------------
|     1D bspline           0.00    0.00
|     Grid Charges         0.00    0.00
|     Scalar Sum           0.00    0.00
|     Gradient Sum         0.00    0.00
|     FFT                  0.00    0.00
|     ---------------------------------
|     Total                0.00    0.00

|  Final Performance Info:
|     -----------------------------------------------------
|     Average timings for last   15000 steps:
|     Elapsed(s) =      36.25 Per Step(ms) =       2.42
|         ns/day =      35.75   seconds/ns =    2416.85
|
|     Average timings for all steps:
|     Elapsed(s) =     479.85 Per Step(ms) =       2.40
|         ns/day =      36.01   seconds/ns =    2399.26
|     -----------------------------------------------------

|  Setup CPU time:            0.44 seconds
|  NonSetup CPU time:       479.18 seconds
|  Total CPU time:          479.61 seconds     0.13 hours

|  Setup wall time:           0    seconds
|  NonSetup wall time:      480    seconds
|  Total wall time:         480    seconds     0.13 hours
