
          -------------------------------------------------------
          Amber 18 PMEMD                              2018
          -------------------------------------------------------

| PMEMD implementation of SANDER, Release 18

| Run on 09/18/2020 at 18:02:11

|   Executable path: /opt/software/Amber/18-foss-2018b-AmberTools-19/bin/pmemd.cuda
| Working directory: /mnt/gs18/scratch/users/songlin3/run/ti_en/one_step_tip3p_ethylenediame/ethylenediame_to_nothing/0.68392
|          Hostname: lac-141

  [-O]verwriting output

File Assignments:
|   MDIN: heat.in                                                               
|  MDOUT: heat.out                                                              
| INPCRD: min.rst                                                               
|   PARM: en_step2_final.prmtop                                                 
| RESTRT: heat.rst                                                              
|   REFC: min.rst                                                               
|  MDVEL: mdvel                                                                 
|   MDEN: mden                                                                  
|  MDCRD: heat.netcdf                                                           
| MDINFO: heat.mdinfo                                                           
|  MDFRC: mdfrc                                                                 


 Here is the input file:

nvt for free MD                                                                
 &cntrl                                                                        
  imin=0,                                                                      
  irest=0,                                                                     
  ntx=1,                                                                       
  ig=-1,                                                                       
  nstlim=200000,                                                               
  dt=0.001,                                                                    
  cut=10.0,                                                                    
  ntc=1,                                                                       
  ntf=1,                                                                       
  ntb=1,                                                                       
  ntt=3,                                                                       
  gamma_ln=2.0,                                                                
  tempi=0.0,                                                                   
  temp0=300.0,                                                                 
  ntpr=5000,                                                                   
  ntwr=5000,                                                                   
  ntwx=10000,                                                                  
  ntwv=0,                                                                      
  ioutfm=1,                                                                    
  iwrap=0,                                                                     
  nmropt=1,                                                                    
  ifsc = 1, icfe=1,                                                            
  clambda=0.68392,                                                             
  timask1=':1', scmask1=':1', scmask2='',                                      
  timask2='',                                                                  
/                                                                              
&wt TYPE='TEMP0', istep1=0, istep2=190000, value1=0.0, value2=300.0 /          
&wt TYPE='TEMP0', istep1=190001, istep2=200000, value1=300.0, value2=300.0 /   
&wt TYPE='DUMPFREQ', istep1=10000, /                                           
&wt TYPE='END', /                                                              


Note: ig = -1. Setting random seed to   735999 based on wallclock time in 
      microseconds.
| irandom = 1, using AMBER's internal random number generator (default).
 
|--------------------- INFORMATION ----------------------
| GPU (CUDA) Version of PMEMD in use: NVIDIA GPU IN USE.
|                    Version 18.0.0
| 
|                      03/25/2018
| 
| Implementation by:
|                    Ross C. Walker     (SDSC)
|                    Scott Le Grand     (nVIDIA)
| 
| Version 18 performance extensions by:
|                    David Cerutti     (Rutgers)
| 
| Precision model in use:
|      [SPFP] - Single Precision Forces, 64-bit Fixed Point
|               Accumulation. (Default)
| 
|--------------------------------------------------------
 
|----------------- CITATION INFORMATION -----------------
|
|    When publishing work that utilized the CUDA version
|    of AMBER, please cite the following in addition to
|    the regular AMBER citations:
|
|  - Romelia Salomon-Ferrer; Andreas W. Goetz; Duncan
|    Poole; Scott Le Grand; Ross C. Walker "Routine
|    microsecond molecular dynamics simulations with
|    AMBER - Part II: Particle Mesh Ewald", J. Chem.
|    Theory Comput., 2013, 9 (9), pp3878-3888,
|    DOI: 10.1021/ct400314y.
|
|  - Andreas W. Goetz; Mark J. Williamson; Dong Xu;
|    Duncan Poole; Scott Le Grand; Ross C. Walker
|    "Routine microsecond molecular dynamics simulations
|    with AMBER - Part I: Generalized Born", J. Chem.
|    Theory Comput., 2012, 8 (5), pp1542-1555.
|
|  - Scott Le Grand; Andreas W. Goetz; Ross C. Walker
|    "SPFP: Speed without compromise - a mixed precision
|    model for GPU accelerated molecular dynamics
|    simulations.", Comp. Phys. Comm., 2013, 184
|    pp374-380, DOI: 10.1016/j.cpc.2012.09.022
|
|    When publishing work that utilized the CUDA version
|    of TI, BAR, MBAR or FEP please cite the following 
|    three publications in addition to the regular AMBER 
|    GPU citations:
|
|  - Daniel J. Mermelstein; Charles Lin; Gard Nelson; 
|    Rachael Kretsch; J. Andrew McCammon; Ross C. Walker
|    "Fast and Flexible GPU Accelerated Binding 
|    Free Energy Calculations within the AMBER Molecular
|    Dynamics Package" J. Comp. Chem., 2018,
|    DOI: 10.1002/jcc.25187
|
|  - Tai-Sung Lee; Yuan Hu; Brad Sherborne; Zhuyan Guo;
|    Darrin M. York
|    "Toward Fast and Accurate Binding Affinity Prediction with
|    pmemdGTI: An Efficient Implementation of GPU-Accelerated
|    Thermodynamic Integration"
|    J. Chem. Theory Comput., 2017, 13 (7), 3077
|
|
|--------------------------------------------------------
 
|------------------- GPU DEVICE INFO --------------------
|
|            CUDA_VISIBLE_DEVICES: 0
|   CUDA Capable Devices Detected:      1
|           CUDA Device ID in use:      0
|                CUDA Device Name: Tesla K80
|     CUDA Device Global Mem Size:  11441 MB
| CUDA Device Num Multiprocessors:     13
|           CUDA Device Core Freq:   0.82 GHz
|
|--------------------------------------------------------
 
 
| Conditional Compilation Defines Used:
| PUBFFT
| BINTRAJ
| CUDA
| EMIL

| Largest sphere to fit in unit cell has radius =    27.375

| New format PARM file being parsed.
| Version =    1.000 Date = 09/18/20 Time = 17:37:14

| Note: 1-4 EEL scale factors are being read from the topology file.

| Note: 1-4 VDW scale factors are being read from the topology file.
| Duplicated    0 dihedrals

| Duplicated    0 dihedrals

--------------------------------------------------------------------------------
   1.  RESOURCE   USE: 
--------------------------------------------------------------------------------

 getting box info from netcdf restart file
 NATOM  =   20955 NTYPES =       6 NBONH =   20951 MBONA  =       3
 NTHETH =      16 MTHETA =       2 NPHIH =      20 MPHIA  =       1
 NHPARM =       0 NPARM  =       0 NNB   =   27975 NRES   =    6982
 NBONA  =       3 NTHETA =       2 NPHIA =       1 NUMBND =       6
 NUMANG =       6 NPTRA  =       2 NATYP =       6 NPHB   =       1
 IFBOX  =       2 NMXRS  =      12 IFCAP =       0 NEXTRA =       0
 NCOPY  =       0

| Coordinate Index Table dimensions:    10   10   10
| Direct force subcell size =     6.7054    6.7054    6.7054

     BOX TYPE: TRUNCATED OCTAHEDRON

--------------------------------------------------------------------------------
   2.  CONTROL  DATA  FOR  THE  RUN
--------------------------------------------------------------------------------

default_name                                                                    

General flags:
     imin    =       0, nmropt  =       1

Nature and format of input:
     ntx     =       1, irest   =       0, ntrx    =       1

Nature and format of output:
     ntxo    =       2, ntpr    =    5000, ntrx    =       1, ntwr    =    5000
     iwrap   =       0, ntwx    =   10000, ntwv    =       0, ntwe    =       0
     ioutfm  =       1, ntwprt  =       0, idecomp =       0, rbornstat=      0

Potential function:
     ntf     =       1, ntb     =       1, igb     =       0, nsnb    =      25
     ipol    =       0, gbsa    =       0, iesp    =       0
     dielc   =   1.00000, cut     =  10.00000, intdiel =   1.00000

Frozen or restrained atoms:
     ibelly  =       0, ntr     =       0

Molecular dynamics:
     nstlim  =    200000, nscm    =      1000, nrespa  =         1
     t       =   0.00000, dt      =   0.00100, vlimit  =  -1.00000

Langevin dynamics temperature regulation:
     ig      =  735999
     temp0   = 300.00000, tempi   =   0.00000, gamma_ln=   2.00000

NMR refinement options:
     iscale  =       0, noeskp  =       1, ipnlty  =       1, mxsub   =       1
     scalm   = 100.00000, pencut  =   0.10000, tausw   =   0.10000

Free energy options:
     icfe    =       1, ifsc    =       1, klambda =       1
     clambda =  0.6839, scalpha =  0.5000, scbeta  = 12.0000
     sceeorder =       2
     dynlmb =  0.0000 logdvdl =       0

| Intermolecular bonds treatment:
|     no_intermolecular_bonds =       1

| Energy averages sample interval:
|     ene_avg_sampling =    5000

Ewald parameters:
     verbose =       0, ew_type =       0, nbflag  =       1, use_pme =       1
     vdwmeth =       1, eedmeth =       1, netfrc  =       1
     Box X =   67.054   Box Y =   67.054   Box Z =   67.054
     Alpha =  109.471   Beta  =  109.471   Gamma =  109.471
     NFFT1 =   64       NFFT2 =   64       NFFT3 =   64
     Cutoff=   10.000   Tol   =0.100E-04
     Ewald Coefficient =  0.27511
     Interpolation order =    4
     TI Mask 1 :1; matches     12 atoms
     TI Mask 2  matches      0 atoms
     TI region 1:   20955 atoms
     TI region 2:   20943 atoms
     SC Mask 1 :1; matches     12 atoms

--------------------------------------------------------------------------------
   3.  ATOMIC COORDINATES AND VELOCITIES
--------------------------------------------------------------------------------

default_name                                                                    
 begin time read from input coords =     0.000 ps



           Begin reading energy term weight changes/NMR restraints
 WEIGHT CHANGES:
 TEMP0         0 190000    0.000000  300.000000      0      0
 TEMP0    190001 200000  300.000000  300.000000      0      0
 DUMPFREQ  10000      0    0.000000    0.000000      0      0

 RESTRAINTS:
                          ** No restraint defined **

                  Done reading weight changes/NMR restraints


 
 Number of triangulated 3-point waters found:     6981
 Number of shake restraints removed in TI region  1 :        0
 Number of shake restraints removed in TI region  2 :        0

     Sum of charges for TI region  1 =  -0.00000000
     Forcing neutrality...


     Sum of charges for TI region  2 =   0.00000000
     Forcing neutrality...

| Dynamic Memory, Types Used:
| Reals              918940
| Integers           797059

| Nonbonded Pairs Initial Allocation:     6338363

| GPU memory information (estimate):
| KB of GPU memory in use:         0
| KB of CPU memory in use:         0

--------------------------------------------------------------------------------
   4.  RESULTS
--------------------------------------------------------------------------------

   DOF for the SC part  1 of the system:   36

| TI region  1


 NSTEP =        0   TIME(PS) =       0.000  TEMP(K) =     0.00  PRESS =     0.0
 Etot   =    -63487.3758  EKtot   =         0.0000  EPtot      =    -63487.3758
 BOND   =      3637.5513  ANGLE   =        -0.0000  DIHED      =        -0.0000
 1-4 NB =         0.0000  1-4 EEL =        -0.0000  VDWAALS    =      3825.6620
 EELEC  =    -70950.5891  EHBOND  =         0.0000  RESTRAINT  =         0.0000
 DV/DL  =         7.8001
 ------------------------------------------------------------------------------

  Softcore part of the system:      12 atoms,       TEMP(K)    =           0.00
 SC_Etot=        13.8041  SC_EKtot=         0.0000  SC_EPtot   =        13.8041
 SC_BOND=         0.0453  SC_ANGLE=         0.1354  SC_DIHED   =         0.3235
 SC_14NB=         0.4053  SC_14EEL=        40.4541  SC_VDW     =        -0.0884
 SC_EEL =       -27.4711
 SC_RES_DIST=     0.0000  SC_RES_ANG=       0.0000  SC_RES_TORS=         0.0000
 SC_EEL_DER=      0.1121  SC_VDW_DER=      -0.0211  SC_DERIV   =         0.0910
 ------------------------------------------------------------------------------


| TI region  2


 NSTEP =        0   TIME(PS) =       0.000  TEMP(K) =     0.00  PRESS =     0.0
 Etot   =    -63487.3758  EKtot   =         0.0000  EPtot      =    -63487.3758
 BOND   =      3637.5513  ANGLE   =        -0.0000  DIHED      =        -0.0000
 1-4 NB =         0.0000  1-4 EEL =        -0.0000  VDWAALS    =      3825.6620
 EELEC  =    -70950.5891  EHBOND  =         0.0000  RESTRAINT  =         0.0000
 DV/DL  =         7.8001
 ------------------------------------------------------------------------------

 NMR restraints: Bond =    0.000   Angle =     0.000   Torsion =     0.000
===============================================================================

| TI region  1


 NSTEP =     5000   TIME(PS) =       5.000  TEMP(K) =     7.42  PRESS =     0.0
 Etot   =    -63316.6815  EKtot   =       463.1632  EPtot      =    -63779.8447
 BOND   =      3938.8002  ANGLE   =         0.0000  DIHED      =        -0.0000
 1-4 NB =         0.0000  1-4 EEL =         0.0000  VDWAALS    =      4218.2919
 EELEC  =    -71936.9367  EHBOND  =         0.0000  RESTRAINT  =         0.0000
 DV/DL  =         8.5534
 ------------------------------------------------------------------------------

  Softcore part of the system:      12 atoms,       TEMP(K)    =           6.29
 SC_Etot=        14.2769  SC_EKtot=         0.2251  SC_EPtot   =        14.0519
 SC_BOND=         0.1133  SC_ANGLE=         0.3170  SC_DIHED   =         0.3444
 SC_14NB=         0.4120  SC_14EEL=        40.3276  SC_VDW     =        -0.0883
 SC_EEL =       -27.3740
 SC_RES_DIST=     0.0000  SC_RES_ANG=       0.0000  SC_RES_TORS=         0.0000
 SC_EEL_DER=      0.2310  SC_VDW_DER=      -0.4408  SC_DERIV   =        -0.2098
 ------------------------------------------------------------------------------


| TI region  2


 NSTEP =     5000   TIME(PS) =       5.000  TEMP(K) =     7.42  PRESS =     0.0
 Etot   =    -63316.9065  EKtot   =       462.9381  EPtot      =    -63779.8447
 BOND   =      3938.8002  ANGLE   =         0.0000  DIHED      =        -0.0000
 1-4 NB =         0.0000  1-4 EEL =         0.0000  VDWAALS    =      4218.2919
 EELEC  =    -71936.9367  EHBOND  =         0.0000  RESTRAINT  =         0.0000
 DV/DL  =         8.5534
 ------------------------------------------------------------------------------

 NMR restraints: Bond =    0.000   Angle =     0.000   Torsion =     0.000
===============================================================================

| TI region  1


 NSTEP =    10000   TIME(PS) =      10.000  TEMP(K) =    15.09  PRESS =     0.0
 Etot   =    -62478.8916  EKtot   =       942.4921  EPtot      =    -63421.3837
 BOND   =      4140.1337  ANGLE   =        -0.0000  DIHED      =        -0.0000
 1-4 NB =         0.0000  1-4 EEL =         0.0000  VDWAALS    =      4212.7263
 EELEC  =    -71774.2437  EHBOND  =         0.0000  RESTRAINT  =         0.0000
 DV/DL  =         8.5065
 ------------------------------------------------------------------------------

  Softcore part of the system:      12 atoms,       TEMP(K)    =          24.36
 SC_Etot=        15.2541  SC_EKtot=         0.8712  SC_EPtot   =        14.3829
 SC_BOND=         0.3160  SC_ANGLE=         0.4422  SC_DIHED   =         0.3839
 SC_14NB=         0.4037  SC_14EEL=        40.7516  SC_VDW     =        -0.0886
 SC_EEL =       -27.8257
 SC_RES_DIST=     0.0000  SC_RES_ANG=       0.0000  SC_RES_TORS=         0.0000
 SC_EEL_DER=      0.0765  SC_VDW_DER=      -0.3149  SC_DERIV   =        -0.2384
 ------------------------------------------------------------------------------


| TI region  2


 NSTEP =    10000   TIME(PS) =      10.000  TEMP(K) =    15.08  PRESS =     0.0
 Etot   =    -62479.7628  EKtot   =       941.6210  EPtot      =    -63421.3837
 BOND   =      4140.1337  ANGLE   =        -0.0000  DIHED      =        -0.0000
 1-4 NB =         0.0000  1-4 EEL =         0.0000  VDWAALS    =      4212.7263
 EELEC  =    -71774.2437  EHBOND  =         0.0000  RESTRAINT  =         0.0000
 DV/DL  =         8.5065
 ------------------------------------------------------------------------------

 NMR restraints: Bond =    0.000   Angle =     0.000   Torsion =     0.000
===============================================================================

| TI region  1


 NSTEP =    15000   TIME(PS) =      15.000  TEMP(K) =    23.06  PRESS =     0.0
 Etot   =    -61615.3693  EKtot   =      1440.2095  EPtot      =    -63055.5788
 BOND   =      4319.7501  ANGLE   =         0.0000  DIHED      =         0.0000
 1-4 NB =         0.0000  1-4 EEL =        -0.0000  VDWAALS    =      4198.8858
 EELEC  =    -71574.2146  EHBOND  =         0.0000  RESTRAINT  =         0.0000
 DV/DL  =         9.4128
 ------------------------------------------------------------------------------

  Softcore part of the system:      12 atoms,       TEMP(K)    =          23.52
 SC_Etot=        15.5555  SC_EKtot=         0.8415  SC_EPtot   =        14.7141
 SC_BOND=         0.2376  SC_ANGLE=         0.8011  SC_DIHED   =         0.2880
 SC_14NB=         0.2879  SC_14EEL=        39.6224  SC_VDW     =        -0.0812
 SC_EEL =       -26.4416
 SC_RES_DIST=     0.0000  SC_RES_ANG=       0.0000  SC_RES_TORS=         0.0000
 SC_EEL_DER=      0.1112  SC_VDW_DER=      -0.0059  SC_DERIV   =         0.1053
 ------------------------------------------------------------------------------


| TI region  2


 NSTEP =    15000   TIME(PS) =      15.000  TEMP(K) =    23.06  PRESS =     0.0
 Etot   =    -61616.2108  EKtot   =      1439.3680  EPtot      =    -63055.5788
 BOND   =      4319.7501  ANGLE   =         0.0000  DIHED      =         0.0000
 1-4 NB =         0.0000  1-4 EEL =        -0.0000  VDWAALS    =      4198.8858
 EELEC  =    -71574.2146  EHBOND  =         0.0000  RESTRAINT  =         0.0000
 DV/DL  =         9.4128
 ------------------------------------------------------------------------------

 NMR restraints: Bond =    0.000   Angle =     0.000   Torsion =     0.000
===============================================================================

| TI region  1


 NSTEP =    20000   TIME(PS) =      20.000  TEMP(K) =    30.82  PRESS =     0.0
 Etot   =    -60712.2627  EKtot   =      1924.8860  EPtot      =    -62637.1487
 BOND   =      4499.2520  ANGLE   =         0.0000  DIHED      =        -0.0000
 1-4 NB =         0.0000  1-4 EEL =         0.0000  VDWAALS    =      4210.2573
 EELEC  =    -71346.6580  EHBOND  =         0.0000  RESTRAINT  =         0.0000
 DV/DL  =         8.2697
 ------------------------------------------------------------------------------

  Softcore part of the system:      12 atoms,       TEMP(K)    =          26.37
 SC_Etot=        15.6670  SC_EKtot=         0.9432  SC_EPtot   =        14.7238
 SC_BOND=         0.5184  SC_ANGLE=         0.4960  SC_DIHED   =         0.3887
 SC_14NB=         0.3356  SC_14EEL=        39.6799  SC_VDW     =        -0.0837
 SC_EEL =       -26.6111
 SC_RES_DIST=     0.0000  SC_RES_ANG=       0.0000  SC_RES_TORS=         0.0000
 SC_EEL_DER=      0.0984  SC_VDW_DER=      -1.3920  SC_DERIV   =        -1.2935
 ------------------------------------------------------------------------------


| TI region  2


 NSTEP =    20000   TIME(PS) =      20.000  TEMP(K) =    30.82  PRESS =     0.0
 Etot   =    -60713.2059  EKtot   =      1923.9428  EPtot      =    -62637.1487
 BOND   =      4499.2520  ANGLE   =         0.0000  DIHED      =        -0.0000
 1-4 NB =         0.0000  1-4 EEL =         0.0000  VDWAALS    =      4210.2573
 EELEC  =    -71346.6580  EHBOND  =         0.0000  RESTRAINT  =         0.0000
 DV/DL  =         8.2697
 ------------------------------------------------------------------------------

 NMR restraints: Bond =    0.000   Angle =     0.000   Torsion =     0.000
===============================================================================

| TI region  1


 NSTEP =    25000   TIME(PS) =      25.000  TEMP(K) =    38.66  PRESS =     0.0
 Etot   =    -59846.4075  EKtot   =      2414.5737  EPtot      =    -62260.9812
 BOND   =      4716.5600  ANGLE   =         0.0000  DIHED      =        -0.0000
 1-4 NB =         0.0000  1-4 EEL =         0.0000  VDWAALS    =      4150.0732
 EELEC  =    -71127.6144  EHBOND  =         0.0000  RESTRAINT  =         0.0000
 DV/DL  =         7.6712
 ------------------------------------------------------------------------------

  Softcore part of the system:      12 atoms,       TEMP(K)    =          37.94
 SC_Etot=        16.1864  SC_EKtot=         1.3572  SC_EPtot   =        14.8292
 SC_BOND=         0.6198  SC_ANGLE=         0.6786  SC_DIHED   =         0.3649
 SC_14NB=         0.4478  SC_14EEL=        40.2217  SC_VDW     =        -0.0884
 SC_EEL =       -27.4152
 SC_RES_DIST=     0.0000  SC_RES_ANG=       0.0000  SC_RES_TORS=         0.0000
 SC_EEL_DER=      0.0778  SC_VDW_DER=      -1.4585  SC_DERIV   =        -1.3807
 ------------------------------------------------------------------------------


| TI region  2


 NSTEP =    25000   TIME(PS) =      25.000  TEMP(K) =    38.66  PRESS =     0.0
 Etot   =    -59847.7646  EKtot   =      2413.2166  EPtot      =    -62260.9812
 BOND   =      4716.5600  ANGLE   =         0.0000  DIHED      =        -0.0000
 1-4 NB =         0.0000  1-4 EEL =         0.0000  VDWAALS    =      4150.0732
 EELEC  =    -71127.6144  EHBOND  =         0.0000  RESTRAINT  =         0.0000
 DV/DL  =         7.6712
 ------------------------------------------------------------------------------

 NMR restraints: Bond =    0.000   Angle =     0.000   Torsion =     0.000
===============================================================================

| TI region  1


 NSTEP =    30000   TIME(PS) =      30.000  TEMP(K) =    46.71  PRESS =     0.0
 Etot   =    -58895.8186  EKtot   =      2917.5083  EPtot      =    -61813.3269
 BOND   =      4789.0734  ANGLE   =         0.0000  DIHED      =         0.0000
 1-4 NB =         0.0000  1-4 EEL =         0.0000  VDWAALS    =      4068.7689
 EELEC  =    -70671.1692  EHBOND  =         0.0000  RESTRAINT  =         0.0000
 DV/DL  =        10.3240
 ------------------------------------------------------------------------------

  Softcore part of the system:      12 atoms,       TEMP(K)    =          50.93
 SC_Etot=        17.3915  SC_EKtot=         1.8219  SC_EPtot   =        15.5696
 SC_BOND=         0.9829  SC_ANGLE=         0.5291  SC_DIHED   =         0.4655
 SC_14NB=         0.6273  SC_14EEL=        41.7097  SC_VDW     =        -0.0976
 SC_EEL =       -28.6473
 SC_RES_DIST=     0.0000  SC_RES_ANG=       0.0000  SC_RES_TORS=         0.0000
 SC_EEL_DER=     -0.0755  SC_VDW_DER=      -0.5370  SC_DERIV   =        -0.6124
 ------------------------------------------------------------------------------


| TI region  2


 NSTEP =    30000   TIME(PS) =      30.000  TEMP(K) =    46.71  PRESS =     0.0
 Etot   =    -58897.6405  EKtot   =      2915.6864  EPtot      =    -61813.3269
 BOND   =      4789.0734  ANGLE   =         0.0000  DIHED      =         0.0000
 1-4 NB =         0.0000  1-4 EEL =         0.0000  VDWAALS    =      4068.7689
 EELEC  =    -70671.1692  EHBOND  =         0.0000  RESTRAINT  =         0.0000
 DV/DL  =        10.3240
 ------------------------------------------------------------------------------

 NMR restraints: Bond =    0.000   Angle =     0.000   Torsion =     0.000
===============================================================================

| TI region  1


 NSTEP =    35000   TIME(PS) =      35.000  TEMP(K) =    54.56  PRESS =     0.0
 Etot   =    -57931.6240  EKtot   =      3407.7463  EPtot      =    -61339.3703
 BOND   =      5005.8441  ANGLE   =        -0.0000  DIHED      =        -0.0000
 1-4 NB =         0.0000  1-4 EEL =         0.0000  VDWAALS    =      4010.0742
 EELEC  =    -70355.2886  EHBOND  =         0.0000  RESTRAINT  =         0.0000
 DV/DL  =         8.7331
 ------------------------------------------------------------------------------

  Softcore part of the system:      12 atoms,       TEMP(K)    =          34.83
 SC_Etot=        16.4558  SC_EKtot=         1.2460  SC_EPtot   =        15.2098
 SC_BOND=         0.8584  SC_ANGLE=         0.7123  SC_DIHED   =         0.2854
 SC_14NB=         0.3811  SC_14EEL=        40.2744  SC_VDW     =        -0.0860
 SC_EEL =       -27.2158
 SC_RES_DIST=     0.0000  SC_RES_ANG=       0.0000  SC_RES_TORS=         0.0000
 SC_EEL_DER=      0.0186  SC_VDW_DER=      -0.7054  SC_DERIV   =        -0.6869
 ------------------------------------------------------------------------------


| TI region  2


 NSTEP =    35000   TIME(PS) =      35.000  TEMP(K) =    54.57  PRESS =     0.0
 Etot   =    -57932.8700  EKtot   =      3406.5003  EPtot      =    -61339.3703
 BOND   =      5005.8441  ANGLE   =        -0.0000  DIHED      =        -0.0000
 1-4 NB =         0.0000  1-4 EEL =         0.0000  VDWAALS    =      4010.0742
 EELEC  =    -70355.2886  EHBOND  =         0.0000  RESTRAINT  =         0.0000
 DV/DL  =         8.7331
 ------------------------------------------------------------------------------

 NMR restraints: Bond =    0.000   Angle =     0.000   Torsion =     0.000
===============================================================================

| TI region  1


 NSTEP =    40000   TIME(PS) =      40.000  TEMP(K) =    62.93  PRESS =     0.0
 Etot   =    -56952.5586  EKtot   =      3930.7422  EPtot      =    -60883.3008
 BOND   =      5239.6592  ANGLE   =        -0.0000  DIHED      =         0.0000
 1-4 NB =         0.0000  1-4 EEL =        -0.0000  VDWAALS    =      3938.9604
 EELEC  =    -70061.9204  EHBOND  =         0.0000  RESTRAINT  =         0.0000
 DV/DL  =         9.0727
 ------------------------------------------------------------------------------

  Softcore part of the system:      12 atoms,       TEMP(K)    =          72.02
 SC_Etot=        19.3342  SC_EKtot=         2.5762  SC_EPtot   =        16.7580
 SC_BOND=         1.2319  SC_ANGLE=         1.0977  SC_DIHED   =         1.1973
 SC_14NB=         0.1293  SC_14EEL=        39.2345  SC_VDW     =        -0.0801
 SC_EEL =       -26.0526
 SC_RES_DIST=     0.0000  SC_RES_ANG=       0.0000  SC_RES_TORS=         0.0000
 SC_EEL_DER=     -0.1098  SC_VDW_DER=       0.0192  SC_DERIV   =        -0.0906
 ------------------------------------------------------------------------------


| TI region  2


 NSTEP =    40000   TIME(PS) =      40.000  TEMP(K) =    62.92  PRESS =     0.0
 Etot   =    -56955.1348  EKtot   =      3928.1660  EPtot      =    -60883.3008
 BOND   =      5239.6592  ANGLE   =        -0.0000  DIHED      =         0.0000
 1-4 NB =         0.0000  1-4 EEL =        -0.0000  VDWAALS    =      3938.9604
 EELEC  =    -70061.9204  EHBOND  =         0.0000  RESTRAINT  =         0.0000
 DV/DL  =         9.0727
 ------------------------------------------------------------------------------

 NMR restraints: Bond =    0.000   Angle =     0.000   Torsion =     0.000
===============================================================================

| TI region  1


 NSTEP =    45000   TIME(PS) =      45.000  TEMP(K) =    69.96  PRESS =     0.0
 Etot   =    -56101.4816  EKtot   =      4370.0815  EPtot      =    -60471.5632
 BOND   =      5409.4473  ANGLE   =         0.0000  DIHED      =        -0.0000
 1-4 NB =         0.0000  1-4 EEL =        -0.0000  VDWAALS    =      3913.3074
 EELEC  =    -69794.3179  EHBOND  =         0.0000  RESTRAINT  =         0.0000
 DV/DL  =         7.9880
 ------------------------------------------------------------------------------

  Softcore part of the system:      12 atoms,       TEMP(K)    =          71.01
 SC_Etot=        18.1184  SC_EKtot=         2.5400  SC_EPtot   =        15.5783
 SC_BOND=         0.5412  SC_ANGLE=         1.3478  SC_DIHED   =         0.4630
 SC_14NB=         0.2283  SC_14EEL=        38.4566  SC_VDW     =        -0.0711
 SC_EEL =       -25.3874
 SC_RES_DIST=     0.0000  SC_RES_ANG=       0.0000  SC_RES_TORS=         0.0000
 SC_EEL_DER=     -0.1359  SC_VDW_DER=      -0.5040  SC_DERIV   =        -0.6398
 ------------------------------------------------------------------------------


| TI region  2


 NSTEP =    45000   TIME(PS) =      45.000  TEMP(K) =    69.96  PRESS =     0.0
 Etot   =    -56104.0216  EKtot   =      4367.5415  EPtot      =    -60471.5632
 BOND   =      5409.4473  ANGLE   =         0.0000  DIHED      =        -0.0000
 1-4 NB =         0.0000  1-4 EEL =        -0.0000  VDWAALS    =      3913.3074
 EELEC  =    -69794.3179  EHBOND  =         0.0000  RESTRAINT  =         0.0000
 DV/DL  =         7.9880
 ------------------------------------------------------------------------------

 NMR restraints: Bond =    0.000   Angle =     0.000   Torsion =     0.000
===============================================================================

| TI region  1


 NSTEP =    50000   TIME(PS) =      50.000  TEMP(K) =    78.38  PRESS =     0.0
 Etot   =    -55055.2545  EKtot   =      4895.8584  EPtot      =    -59951.1129
 BOND   =      5571.8668  ANGLE   =        -0.0000  DIHED      =        -0.0000
 1-4 NB =         0.0000  1-4 EEL =        -0.0000  VDWAALS    =      3745.9697
 EELEC  =    -69268.9494  EHBOND  =         0.0000  RESTRAINT  =         0.0000
 DV/DL  =         8.1871
 ------------------------------------------------------------------------------

  Softcore part of the system:      12 atoms,       TEMP(K)    =          66.43
 SC_Etot=        18.4928  SC_EKtot=         2.3763  SC_EPtot   =        16.1165
 SC_BOND=         0.6246  SC_ANGLE=         1.3145  SC_DIHED   =         0.0755
 SC_14NB=         0.4240  SC_14EEL=        41.1798  SC_VDW     =        -0.0810
 SC_EEL =       -27.4210
 SC_RES_DIST=     0.0000  SC_RES_ANG=       0.0000  SC_RES_TORS=         0.0000
 SC_EEL_DER=      0.1100  SC_VDW_DER=      -0.8518  SC_DERIV   =        -0.7418
 ------------------------------------------------------------------------------


| TI region  2


 NSTEP =    50000   TIME(PS) =      50.000  TEMP(K) =    78.39  PRESS =     0.0
 Etot   =    -55057.6308  EKtot   =      4893.4821  EPtot      =    -59951.1129
 BOND   =      5571.8668  ANGLE   =        -0.0000  DIHED      =        -0.0000
 1-4 NB =         0.0000  1-4 EEL =        -0.0000  VDWAALS    =      3745.9697
 EELEC  =    -69268.9494  EHBOND  =         0.0000  RESTRAINT  =         0.0000
 DV/DL  =         8.1871
 ------------------------------------------------------------------------------

 NMR restraints: Bond =    0.000   Angle =     0.000   Torsion =     0.000
===============================================================================

| TI region  1


 NSTEP =    55000   TIME(PS) =      55.000  TEMP(K) =    86.45  PRESS =     0.0
 Etot   =    -54070.7411  EKtot   =      5400.0771  EPtot      =    -59470.8182
 BOND   =      5756.7334  ANGLE   =         0.0000  DIHED      =        -0.0000
 1-4 NB =         0.0000  1-4 EEL =        -0.0000  VDWAALS    =      3647.1344
 EELEC  =    -68874.6860  EHBOND  =         0.0000  RESTRAINT  =         0.0000
 DV/DL  =         9.6000
 ------------------------------------------------------------------------------

  Softcore part of the system:      12 atoms,       TEMP(K)    =          69.63
 SC_Etot=        18.7255  SC_EKtot=         2.4907  SC_EPtot   =        16.2348
 SC_BOND=         0.7976  SC_ANGLE=         1.5782  SC_DIHED   =         0.3410
 SC_14NB=         0.7674  SC_14EEL=        41.3816  SC_VDW     =        -0.0946
 SC_EEL =       -28.5364
 SC_RES_DIST=     0.0000  SC_RES_ANG=       0.0000  SC_RES_TORS=         0.0000
 SC_EEL_DER=      0.1382  SC_VDW_DER=      -0.4844  SC_DERIV   =        -0.3462
 ------------------------------------------------------------------------------


| TI region  2


 NSTEP =    55000   TIME(PS) =      55.000  TEMP(K) =    86.46  PRESS =     0.0
 Etot   =    -54073.2318  EKtot   =      5397.5864  EPtot      =    -59470.8182
 BOND   =      5756.7334  ANGLE   =         0.0000  DIHED      =        -0.0000
 1-4 NB =         0.0000  1-4 EEL =        -0.0000  VDWAALS    =      3647.1344
 EELEC  =    -68874.6860  EHBOND  =         0.0000  RESTRAINT  =         0.0000
 DV/DL  =         9.6000
 ------------------------------------------------------------------------------

 NMR restraints: Bond =    0.000   Angle =     0.000   Torsion =     0.000
===============================================================================

| TI region  1


 NSTEP =    60000   TIME(PS) =      60.000  TEMP(K) =    94.60  PRESS =     0.0
 Etot   =    -52981.9642  EKtot   =      5909.1680  EPtot      =    -58891.1321
 BOND   =      5912.0653  ANGLE   =         0.0000  DIHED      =        -0.0000
 1-4 NB =         0.0000  1-4 EEL =         0.0000  VDWAALS    =      3534.7145
 EELEC  =    -68337.9120  EHBOND  =         0.0000  RESTRAINT  =         0.0000
 DV/DL  =         7.1160
 ------------------------------------------------------------------------------

  Softcore part of the system:      12 atoms,       TEMP(K)    =         113.57
 SC_Etot=        19.1079  SC_EKtot=         4.0622  SC_EPtot   =        15.0457
 SC_BOND=         0.4153  SC_ANGLE=         0.4359  SC_DIHED   =         0.1101
 SC_14NB=         0.4950  SC_14EEL=        41.1529  SC_VDW     =        -0.0876
 SC_EEL =       -27.4760
 SC_RES_DIST=     0.0000  SC_RES_ANG=       0.0000  SC_RES_TORS=         0.0000
 SC_EEL_DER=     -0.1714  SC_VDW_DER=      -0.5772  SC_DERIV   =        -0.7485
 ------------------------------------------------------------------------------


| TI region  2


 NSTEP =    60000   TIME(PS) =      60.000  TEMP(K) =    94.59  PRESS =     0.0
 Etot   =    -52986.0264  EKtot   =      5905.1057  EPtot      =    -58891.1321
 BOND   =      5912.0653  ANGLE   =         0.0000  DIHED      =        -0.0000
 1-4 NB =         0.0000  1-4 EEL =         0.0000  VDWAALS    =      3534.7145
 EELEC  =    -68337.9120  EHBOND  =         0.0000  RESTRAINT  =         0.0000
 DV/DL  =         7.1160
 ------------------------------------------------------------------------------

 NMR restraints: Bond =    0.000   Angle =     0.000   Torsion =     0.000
===============================================================================

| TI region  1


 NSTEP =    65000   TIME(PS) =      65.000  TEMP(K) =   101.38  PRESS =     0.0
 Etot   =    -52018.6928  EKtot   =      6332.5708  EPtot      =    -58351.2636
 BOND   =      6111.8686  ANGLE   =         0.0000  DIHED      =         0.0000
 1-4 NB =         0.0000  1-4 EEL =        -0.0000  VDWAALS    =      3546.0367
 EELEC  =    -68009.1689  EHBOND  =         0.0000  RESTRAINT  =         0.0000
 DV/DL  =        11.3676
 ------------------------------------------------------------------------------

  Softcore part of the system:      12 atoms,       TEMP(K)    =          75.64
 SC_Etot=        19.0749  SC_EKtot=         2.7056  SC_EPtot   =        16.3693
 SC_BOND=         0.9273  SC_ANGLE=         1.1404  SC_DIHED   =         0.1724
 SC_14NB=         0.9866  SC_14EEL=        42.9812  SC_VDW     =        -0.1005
 SC_EEL =       -29.7382
 SC_RES_DIST=     0.0000  SC_RES_ANG=       0.0000  SC_RES_TORS=         0.0000
 SC_EEL_DER=      0.0589  SC_VDW_DER=      -0.1367  SC_DERIV   =        -0.0779
 ------------------------------------------------------------------------------


| TI region  2


 NSTEP =    65000   TIME(PS) =      65.000  TEMP(K) =   101.40  PRESS =     0.0
 Etot   =    -52021.3983  EKtot   =      6329.8652  EPtot      =    -58351.2636
 BOND   =      6111.8686  ANGLE   =         0.0000  DIHED      =         0.0000
 1-4 NB =         0.0000  1-4 EEL =        -0.0000  VDWAALS    =      3546.0367
 EELEC  =    -68009.1689  EHBOND  =         0.0000  RESTRAINT  =         0.0000
 DV/DL  =        11.3676
 ------------------------------------------------------------------------------

 NMR restraints: Bond =    0.000   Angle =     0.000   Torsion =     0.000
===============================================================================

| TI region  1


 NSTEP =    70000   TIME(PS) =      70.000  TEMP(K) =   109.01  PRESS =     0.0
 Etot   =    -50963.9438  EKtot   =      6808.8086  EPtot      =    -57772.7524
 BOND   =      6211.9308  ANGLE   =        -0.0000  DIHED      =         0.0000
 1-4 NB =         0.0000  1-4 EEL =         0.0000  VDWAALS    =      3272.1836
 EELEC  =    -67256.8667  EHBOND  =         0.0000  RESTRAINT  =         0.0000
 DV/DL  =        10.7250
 ------------------------------------------------------------------------------

  Softcore part of the system:      12 atoms,       TEMP(K)    =         136.66
 SC_Etot=        20.4260  SC_EKtot=         4.8881  SC_EPtot   =        15.5379
 SC_BOND=         0.6587  SC_ANGLE=         0.9611  SC_DIHED   =         0.5084
 SC_14NB=         0.2765  SC_14EEL=        39.2399  SC_VDW     =        -0.0758
 SC_EEL =       -26.0309
 SC_RES_DIST=     0.0000  SC_RES_ANG=       0.0000  SC_RES_TORS=         0.0000
 SC_EEL_DER=      0.2848  SC_VDW_DER=      -0.5074  SC_DERIV   =        -0.2227
 ------------------------------------------------------------------------------


| TI region  2


 NSTEP =    70000   TIME(PS) =      70.000  TEMP(K) =   108.99  PRESS =     0.0
 Etot   =    -50968.8319  EKtot   =      6803.9205  EPtot      =    -57772.7524
 BOND   =      6211.9308  ANGLE   =        -0.0000  DIHED      =         0.0000
 1-4 NB =         0.0000  1-4 EEL =         0.0000  VDWAALS    =      3272.1836
 EELEC  =    -67256.8667  EHBOND  =         0.0000  RESTRAINT  =         0.0000
 DV/DL  =        10.7250
 ------------------------------------------------------------------------------

 NMR restraints: Bond =    0.000   Angle =     0.000   Torsion =     0.000
===============================================================================

| TI region  1


 NSTEP =    75000   TIME(PS) =      75.000  TEMP(K) =   117.62  PRESS =     0.0
 Etot   =    -49740.9984  EKtot   =      7347.0605  EPtot      =    -57088.0589
 BOND   =      6365.7179  ANGLE   =         0.0000  DIHED      =        -0.0000
 1-4 NB =         0.0000  1-4 EEL =        -0.0000  VDWAALS    =      3076.8056
 EELEC  =    -66530.5825  EHBOND  =         0.0000  RESTRAINT  =         0.0000
 DV/DL  =         9.9440
 ------------------------------------------------------------------------------

  Softcore part of the system:      12 atoms,       TEMP(K)    =         153.43
 SC_Etot=        23.6334  SC_EKtot=         5.4882  SC_EPtot   =        18.1453
 SC_BOND=         2.0614  SC_ANGLE=         2.5156  SC_DIHED   =         0.2487
 SC_14NB=         0.3966  SC_14EEL=        40.7641  SC_VDW     =        -0.0851
 SC_EEL =       -27.7560
 SC_RES_DIST=     0.0000  SC_RES_ANG=       0.0000  SC_RES_TORS=         0.0000
 SC_EEL_DER=      0.3242  SC_VDW_DER=      -1.1745  SC_DERIV   =        -0.8503
 ------------------------------------------------------------------------------


| TI region  2


 NSTEP =    75000   TIME(PS) =      75.000  TEMP(K) =   117.60  PRESS =     0.0
 Etot   =    -49746.4866  EKtot   =      7341.5724  EPtot      =    -57088.0589
 BOND   =      6365.7179  ANGLE   =         0.0000  DIHED      =        -0.0000
 1-4 NB =         0.0000  1-4 EEL =        -0.0000  VDWAALS    =      3076.8056
 EELEC  =    -66530.5825  EHBOND  =         0.0000  RESTRAINT  =         0.0000
 DV/DL  =         9.9440
 ------------------------------------------------------------------------------

 NMR restraints: Bond =    0.000   Angle =     0.000   Torsion =     0.000
===============================================================================

| TI region  1


 NSTEP =    80000   TIME(PS) =      80.000  TEMP(K) =   125.83  PRESS =     0.0
 Etot   =    -48505.0199  EKtot   =      7859.5171  EPtot      =    -56364.5370
 BOND   =      6670.8827  ANGLE   =         0.0000  DIHED      =        -0.0000
 1-4 NB =         0.0000  1-4 EEL =         0.0000  VDWAALS    =      2863.5707
 EELEC  =    -65898.9904  EHBOND  =         0.0000  RESTRAINT  =         0.0000
 DV/DL  =         8.2459
 ------------------------------------------------------------------------------

  Softcore part of the system:      12 atoms,       TEMP(K)    =          92.78
 SC_Etot=        23.5555  SC_EKtot=         3.3188  SC_EPtot   =        20.2368
 SC_BOND=         2.0458  SC_ANGLE=         3.3512  SC_DIHED   =         0.8832
 SC_14NB=         0.9296  SC_14EEL=        42.7204  SC_VDW     =        -0.0894
 SC_EEL =       -29.6040
 SC_RES_DIST=     0.0000  SC_RES_ANG=       0.0000  SC_RES_TORS=         0.0000
 SC_EEL_DER=      0.2249  SC_VDW_DER=      -0.9032  SC_DERIV   =        -0.6783
 ------------------------------------------------------------------------------


| TI region  2


 NSTEP =    80000   TIME(PS) =      80.000  TEMP(K) =   125.85  PRESS =     0.0
 Etot   =    -48508.3387  EKtot   =      7856.1983  EPtot      =    -56364.5370
 BOND   =      6670.8827  ANGLE   =         0.0000  DIHED      =        -0.0000
 1-4 NB =         0.0000  1-4 EEL =         0.0000  VDWAALS    =      2863.5707
 EELEC  =    -65898.9904  EHBOND  =         0.0000  RESTRAINT  =         0.0000
 DV/DL  =         8.2459
 ------------------------------------------------------------------------------

 NMR restraints: Bond =    0.000   Angle =     0.000   Torsion =     0.000
===============================================================================

| TI region  1


 NSTEP =    85000   TIME(PS) =      85.000  TEMP(K) =   133.82  PRESS =     0.0
 Etot   =    -47279.0603  EKtot   =      8358.9736  EPtot      =    -55638.0340
 BOND   =      6675.7202  ANGLE   =         0.0000  DIHED      =         0.0000
 1-4 NB =         0.0000  1-4 EEL =         0.0000  VDWAALS    =      2521.2511
 EELEC  =    -64835.0053  EHBOND  =         0.0000  RESTRAINT  =         0.0000
 DV/DL  =         8.1944
 ------------------------------------------------------------------------------

  Softcore part of the system:      12 atoms,       TEMP(K)    =         134.82
 SC_Etot=        21.2192  SC_EKtot=         4.8225  SC_EPtot   =        16.3967
 SC_BOND=         1.0371  SC_ANGLE=         1.3995  SC_DIHED   =         0.5540
 SC_14NB=         0.0848  SC_14EEL=        38.9173  SC_VDW     =        -0.0743
 SC_EEL =       -25.5218
 SC_RES_DIST=     0.0000  SC_RES_ANG=       0.0000  SC_RES_TORS=         0.0000
 SC_EEL_DER=     -0.0659  SC_VDW_DER=      -1.5946  SC_DERIV   =        -1.6605
 ------------------------------------------------------------------------------


| TI region  2


 NSTEP =    85000   TIME(PS) =      85.000  TEMP(K) =   133.82  PRESS =     0.0
 Etot   =    -47283.8828  EKtot   =      8354.1511  EPtot      =    -55638.0340
 BOND   =      6675.7202  ANGLE   =         0.0000  DIHED      =         0.0000
 1-4 NB =         0.0000  1-4 EEL =         0.0000  VDWAALS    =      2521.2511
 EELEC  =    -64835.0053  EHBOND  =         0.0000  RESTRAINT  =         0.0000
 DV/DL  =         8.1944
 ------------------------------------------------------------------------------

 NMR restraints: Bond =    0.000   Angle =     0.000   Torsion =     0.000
===============================================================================

| TI region  1


 NSTEP =    90000   TIME(PS) =      90.000  TEMP(K) =   142.01  PRESS =     0.0
 Etot   =    -45875.3403  EKtot   =      8870.5312  EPtot      =    -54745.8716
 BOND   =      6937.8673  ANGLE   =        -0.0000  DIHED      =        -0.0000
 1-4 NB =         0.0000  1-4 EEL =        -0.0000  VDWAALS    =      2259.6498
 EELEC  =    -63943.3886  EHBOND  =         0.0000  RESTRAINT  =         0.0000
 DV/DL  =         6.0121
 ------------------------------------------------------------------------------

  Softcore part of the system:      12 atoms,       TEMP(K)    =         178.61
 SC_Etot=        23.3508  SC_EKtot=         6.3886  SC_EPtot   =        16.9622
 SC_BOND=         2.0481  SC_ANGLE=         1.0483  SC_DIHED   =         0.0780
 SC_14NB=         0.1795  SC_14EEL=        40.7281  SC_VDW     =        -0.0798
 SC_EEL =       -27.0400
 SC_RES_DIST=     0.0000  SC_RES_ANG=       0.0000  SC_RES_TORS=         0.0000
 SC_EEL_DER=      0.0321  SC_VDW_DER=      -2.2817  SC_DERIV   =        -2.2496
 ------------------------------------------------------------------------------


| TI region  2


 NSTEP =    90000   TIME(PS) =      90.000  TEMP(K) =   141.99  PRESS =     0.0
 Etot   =    -45881.7289  EKtot   =      8864.1426  EPtot      =    -54745.8716
 BOND   =      6937.8673  ANGLE   =        -0.0000  DIHED      =        -0.0000
 1-4 NB =         0.0000  1-4 EEL =        -0.0000  VDWAALS    =      2259.6498
 EELEC  =    -63943.3886  EHBOND  =         0.0000  RESTRAINT  =         0.0000
 DV/DL  =         6.0121
 ------------------------------------------------------------------------------

 NMR restraints: Bond =    0.000   Angle =     0.000   Torsion =     0.000
===============================================================================

| TI region  1


 NSTEP =    95000   TIME(PS) =      95.000  TEMP(K) =   148.94  PRESS =     0.0
 Etot   =    -44539.2460  EKtot   =      9303.1602  EPtot      =    -53842.4061
 BOND   =      6933.1578  ANGLE   =        -0.0000  DIHED      =        -0.0000
 1-4 NB =         0.0000  1-4 EEL =         0.0000  VDWAALS    =      1967.5312
 EELEC  =    -62743.0951  EHBOND  =         0.0000  RESTRAINT  =         0.0000
 DV/DL  =         8.2290
 ------------------------------------------------------------------------------

  Softcore part of the system:      12 atoms,       TEMP(K)    =         220.10
 SC_Etot=        24.6073  SC_EKtot=         7.8729  SC_EPtot   =        16.7344
 SC_BOND=         1.3731  SC_ANGLE=         1.4723  SC_DIHED   =         0.4921
 SC_14NB=         0.3860  SC_14EEL=        41.5290  SC_VDW     =        -0.0895
 SC_EEL =       -28.4286
 SC_RES_DIST=     0.0000  SC_RES_ANG=       0.0000  SC_RES_TORS=         0.0000
 SC_EEL_DER=      0.0928  SC_VDW_DER=      -1.8983  SC_DERIV   =        -1.8055
 ------------------------------------------------------------------------------


| TI region  2


 NSTEP =    95000   TIME(PS) =      95.000  TEMP(K) =   148.90  PRESS =     0.0
 Etot   =    -44547.1188  EKtot   =      9295.2873  EPtot      =    -53842.4061
 BOND   =      6933.1578  ANGLE   =        -0.0000  DIHED      =        -0.0000
 1-4 NB =         0.0000  1-4 EEL =         0.0000  VDWAALS    =      1967.5312
 EELEC  =    -62743.0951  EHBOND  =         0.0000  RESTRAINT  =         0.0000
 DV/DL  =         8.2290
 ------------------------------------------------------------------------------

 NMR restraints: Bond =    0.000   Angle =     0.000   Torsion =     0.000
===============================================================================

| TI region  1


 NSTEP =   100000   TIME(PS) =     100.000  TEMP(K) =   157.31  PRESS =     0.0
 Etot   =    -43075.2404  EKtot   =      9825.7363  EPtot      =    -52900.9767
 BOND   =      7045.9760  ANGLE   =        -0.0000  DIHED      =        -0.0000
 1-4 NB =         0.0000  1-4 EEL =         0.0000  VDWAALS    =      1770.1616
 EELEC  =    -61717.1144  EHBOND  =         0.0000  RESTRAINT  =         0.0000
 DV/DL  =         7.4637
 ------------------------------------------------------------------------------

  Softcore part of the system:      12 atoms,       TEMP(K)    =         146.82
 SC_Etot=        22.7879  SC_EKtot=         5.2516  SC_EPtot   =        17.5364
 SC_BOND=         1.6956  SC_ANGLE=         1.8595  SC_DIHED   =         0.7110
 SC_14NB=         0.4422  SC_14EEL=        39.3521  SC_VDW     =        -0.0915
 SC_EEL =       -26.4325
 SC_RES_DIST=     0.0000  SC_RES_ANG=       0.0000  SC_RES_TORS=         0.0000
 SC_EEL_DER=      0.1639  SC_VDW_DER=      -2.0237  SC_DERIV   =        -1.8598
 ------------------------------------------------------------------------------


| TI region  2


 NSTEP =   100000   TIME(PS) =     100.000  TEMP(K) =   157.31  PRESS =     0.0
 Etot   =    -43080.4920  EKtot   =      9820.4848  EPtot      =    -52900.9767
 BOND   =      7045.9760  ANGLE   =        -0.0000  DIHED      =        -0.0000
 1-4 NB =         0.0000  1-4 EEL =         0.0000  VDWAALS    =      1770.1616
 EELEC  =    -61717.1144  EHBOND  =         0.0000  RESTRAINT  =         0.0000
 DV/DL  =         7.4637
 ------------------------------------------------------------------------------

 NMR restraints: Bond =    0.000   Angle =     0.000   Torsion =     0.000
===============================================================================

| TI region  1


 NSTEP =   105000   TIME(PS) =     105.000  TEMP(K) =   164.70  PRESS =     0.0
 Etot   =    -41656.1607  EKtot   =     10287.7139  EPtot      =    -51943.8746
 BOND   =      7179.8620  ANGLE   =         0.0000  DIHED      =         0.0000
 1-4 NB =         0.0000  1-4 EEL =        -0.0000  VDWAALS    =      1433.7786
 EELEC  =    -60557.5151  EHBOND  =         0.0000  RESTRAINT  =         0.0000
 DV/DL  =         8.5275
 ------------------------------------------------------------------------------

  Softcore part of the system:      12 atoms,       TEMP(K)    =         126.15
 SC_Etot=        22.4093  SC_EKtot=         4.5123  SC_EPtot   =        17.8971
 SC_BOND=         2.5051  SC_ANGLE=         1.7607  SC_DIHED   =         1.0430
 SC_14NB=         0.3916  SC_14EEL=        40.0993  SC_VDW     =        -0.0935
 SC_EEL =       -27.8092
 SC_RES_DIST=     0.0000  SC_RES_ANG=       0.0000  SC_RES_TORS=         0.0000
 SC_EEL_DER=      0.3436  SC_VDW_DER=      -3.2573  SC_DERIV   =        -2.9137
 ------------------------------------------------------------------------------


| TI region  2


 NSTEP =   105000   TIME(PS) =     105.000  TEMP(K) =   164.72  PRESS =     0.0
 Etot   =    -41660.6729  EKtot   =     10283.2016  EPtot      =    -51943.8746
 BOND   =      7179.8620  ANGLE   =         0.0000  DIHED      =         0.0000
 1-4 NB =         0.0000  1-4 EEL =        -0.0000  VDWAALS    =      1433.7786
 EELEC  =    -60557.5151  EHBOND  =         0.0000  RESTRAINT  =         0.0000
 DV/DL  =         8.5275
 ------------------------------------------------------------------------------

 NMR restraints: Bond =    0.000   Angle =     0.000   Torsion =     0.000
===============================================================================

| TI region  1


 NSTEP =   110000   TIME(PS) =     110.000  TEMP(K) =   171.84  PRESS =     0.0
 Etot   =    -40373.7779  EKtot   =     10733.6777  EPtot      =    -51107.4556
 BOND   =      7357.9380  ANGLE   =        -0.0000  DIHED      =         0.0000
 1-4 NB =         0.0000  1-4 EEL =         0.0000  VDWAALS    =      1284.8960
 EELEC  =    -59750.2896  EHBOND  =         0.0000  RESTRAINT  =         0.0000
 DV/DL  =         1.9442
 ------------------------------------------------------------------------------

  Softcore part of the system:      12 atoms,       TEMP(K)    =         117.48
 SC_Etot=        23.0946  SC_EKtot=         4.2022  SC_EPtot   =        18.8924
 SC_BOND=         2.4138  SC_ANGLE=         2.1406  SC_DIHED   =         0.4951
 SC_14NB=         0.7768  SC_14EEL=        41.9084  SC_VDW     =        -0.0912
 SC_EEL =       -28.7511
 SC_RES_DIST=     0.0000  SC_RES_ANG=       0.0000  SC_RES_TORS=         0.0000
 SC_EEL_DER=      0.5798  SC_VDW_DER=      -7.5971  SC_DERIV   =        -7.0173
 ------------------------------------------------------------------------------


| TI region  2


 NSTEP =   110000   TIME(PS) =     110.000  TEMP(K) =   171.87  PRESS =     0.0
 Etot   =    -40377.9800  EKtot   =     10729.4756  EPtot      =    -51107.4556
 BOND   =      7357.9380  ANGLE   =        -0.0000  DIHED      =         0.0000
 1-4 NB =         0.0000  1-4 EEL =         0.0000  VDWAALS    =      1284.8960
 EELEC  =    -59750.2896  EHBOND  =         0.0000  RESTRAINT  =         0.0000
 DV/DL  =         1.9442
 ------------------------------------------------------------------------------

 NMR restraints: Bond =    0.000   Angle =     0.000   Torsion =     0.000
===============================================================================

| TI region  1


 NSTEP =   115000   TIME(PS) =     115.000  TEMP(K) =   180.56  PRESS =     0.0
 Etot   =    -39049.7673  EKtot   =     11278.4004  EPtot      =    -50328.1677
 BOND   =      7519.1073  ANGLE   =         0.0000  DIHED      =        -0.0000
 1-4 NB =         0.0000  1-4 EEL =        -0.0000  VDWAALS    =       980.7847
 EELEC  =    -58828.0597  EHBOND  =         0.0000  RESTRAINT  =         0.0000
 DV/DL  =         2.1999
 ------------------------------------------------------------------------------

  Softcore part of the system:      12 atoms,       TEMP(K)    =         191.96
 SC_Etot=        25.1462  SC_EKtot=         6.8662  SC_EPtot   =        18.2800
 SC_BOND=         2.2599  SC_ANGLE=         1.9283  SC_DIHED   =         1.1333
 SC_14NB=         0.5469  SC_14EEL=        41.8361  SC_VDW     =        -0.0981
 SC_EEL =       -29.3264
 SC_RES_DIST=     0.0000  SC_RES_ANG=       0.0000  SC_RES_TORS=         0.0000
 SC_EEL_DER=     -0.0903  SC_VDW_DER=      -3.4138  SC_DERIV   =        -3.5041
 ------------------------------------------------------------------------------


| TI region  2


 NSTEP =   115000   TIME(PS) =     115.000  TEMP(K) =   180.56  PRESS =     0.0
 Etot   =    -39056.6336  EKtot   =     11271.5342  EPtot      =    -50328.1677
 BOND   =      7519.1073  ANGLE   =         0.0000  DIHED      =        -0.0000
 1-4 NB =         0.0000  1-4 EEL =        -0.0000  VDWAALS    =       980.7847
 EELEC  =    -58828.0597  EHBOND  =         0.0000  RESTRAINT  =         0.0000
 DV/DL  =         2.1999
 ------------------------------------------------------------------------------

 NMR restraints: Bond =    0.000   Angle =     0.000   Torsion =     0.000
===============================================================================

| TI region  1


 NSTEP =   120000   TIME(PS) =     120.000  TEMP(K) =   188.05  PRESS =     0.0
 Etot   =    -37697.5441  EKtot   =     11745.9326  EPtot      =    -49443.4767
 BOND   =      7663.1333  ANGLE   =        -0.0000  DIHED      =        -0.0000
 1-4 NB =         0.0000  1-4 EEL =        -0.0000  VDWAALS    =       961.9579
 EELEC  =    -58068.5680  EHBOND  =         0.0000  RESTRAINT  =         0.0000
 DV/DL  =         4.5440
 ------------------------------------------------------------------------------

  Softcore part of the system:      12 atoms,       TEMP(K)    =         116.42
 SC_Etot=        24.9673  SC_EKtot=         4.1642  SC_EPtot   =        20.8031
 SC_BOND=         1.8806  SC_ANGLE=         5.1606  SC_DIHED   =         0.4500
 SC_14NB=         0.4243  SC_14EEL=        38.4731  SC_VDW     =        -0.0768
 SC_EEL =       -25.5088
 SC_RES_DIST=     0.0000  SC_RES_ANG=       0.0000  SC_RES_TORS=         0.0000
 SC_EEL_DER=      0.1908  SC_VDW_DER=      -5.8582  SC_DERIV   =        -5.6674
 ------------------------------------------------------------------------------


| TI region  2


 NSTEP =   120000   TIME(PS) =     120.000  TEMP(K) =   188.09  PRESS =     0.0
 Etot   =    -37701.7083  EKtot   =     11741.7684  EPtot      =    -49443.4767
 BOND   =      7663.1333  ANGLE   =        -0.0000  DIHED      =        -0.0000
 1-4 NB =         0.0000  1-4 EEL =        -0.0000  VDWAALS    =       961.9579
 EELEC  =    -58068.5680  EHBOND  =         0.0000  RESTRAINT  =         0.0000
 DV/DL  =         4.5440
 ------------------------------------------------------------------------------

 NMR restraints: Bond =    0.000   Angle =     0.000   Torsion =     0.000
===============================================================================

| TI region  1


 NSTEP =   125000   TIME(PS) =     125.000  TEMP(K) =   195.59  PRESS =     0.0
 Etot   =    -36709.9885  EKtot   =     12217.0039  EPtot      =    -48926.9924
 BOND   =      7732.0799  ANGLE   =         0.0000  DIHED      =        -0.0000
 1-4 NB =         0.0000  1-4 EEL =         0.0000  VDWAALS    =       783.2258
 EELEC  =    -57442.2981  EHBOND  =         0.0000  RESTRAINT  =         0.0000
 DV/DL  =         2.2458
 ------------------------------------------------------------------------------

  Softcore part of the system:      12 atoms,       TEMP(K)    =         152.69
 SC_Etot=        25.1150  SC_EKtot=         5.4615  SC_EPtot   =        19.6535
 SC_BOND=         2.4627  SC_ANGLE=         3.7002  SC_DIHED   =         0.8029
 SC_14NB=         0.4893  SC_14EEL=        39.1434  SC_VDW     =        -0.0888
 SC_EEL =       -26.8564
 SC_RES_DIST=     0.0000  SC_RES_ANG=       0.0000  SC_RES_TORS=         0.0000
 SC_EEL_DER=      1.5183  SC_VDW_DER=      -9.3397  SC_DERIV   =        -7.8213
 ------------------------------------------------------------------------------


| TI region  2


 NSTEP =   125000   TIME(PS) =     125.000  TEMP(K) =   195.61  PRESS =     0.0
 Etot   =    -36715.4500  EKtot   =     12211.5424  EPtot      =    -48926.9924
 BOND   =      7732.0799  ANGLE   =         0.0000  DIHED      =        -0.0000
 1-4 NB =         0.0000  1-4 EEL =         0.0000  VDWAALS    =       783.2258
 EELEC  =    -57442.2981  EHBOND  =         0.0000  RESTRAINT  =         0.0000
 DV/DL  =         2.2458
 ------------------------------------------------------------------------------

 NMR restraints: Bond =    0.000   Angle =     0.000   Torsion =     0.000
===============================================================================

| TI region  1


 NSTEP =   130000   TIME(PS) =     130.000  TEMP(K) =   203.69  PRESS =     0.0
 Etot   =    -35407.6219  EKtot   =     12723.1689  EPtot      =    -48130.7908
 BOND   =      7874.2206  ANGLE   =         0.0000  DIHED      =        -0.0000
 1-4 NB =         0.0000  1-4 EEL =        -0.0000  VDWAALS    =       780.8792
 EELEC  =    -56785.8906  EHBOND  =         0.0000  RESTRAINT  =         0.0000
 DV/DL  =         6.7084
 ------------------------------------------------------------------------------

  Softcore part of the system:      12 atoms,       TEMP(K)    =         183.01
 SC_Etot=        23.5990  SC_EKtot=         6.5461  SC_EPtot   =        17.0528
 SC_BOND=         0.7064  SC_ANGLE=         2.3636  SC_DIHED   =         0.6108
 SC_14NB=         0.3107  SC_14EEL=        39.7218  SC_VDW     =        -0.0804
 SC_EEL =       -26.5801
 SC_RES_DIST=     0.0000  SC_RES_ANG=       0.0000  SC_RES_TORS=         0.0000
 SC_EEL_DER=      0.2103  SC_VDW_DER=      -2.2708  SC_DERIV   =        -2.0605
 ------------------------------------------------------------------------------


| TI region  2


 NSTEP =   130000   TIME(PS) =     130.000  TEMP(K) =   203.71  PRESS =     0.0
 Etot   =    -35414.1680  EKtot   =     12716.6228  EPtot      =    -48130.7908
 BOND   =      7874.2206  ANGLE   =         0.0000  DIHED      =        -0.0000
 1-4 NB =         0.0000  1-4 EEL =        -0.0000  VDWAALS    =       780.8792
 EELEC  =    -56785.8906  EHBOND  =         0.0000  RESTRAINT  =         0.0000
 DV/DL  =         6.7084
 ------------------------------------------------------------------------------

 NMR restraints: Bond =    0.000   Angle =     0.000   Torsion =     0.000
===============================================================================

| TI region  1


 NSTEP =   135000   TIME(PS) =     135.000  TEMP(K) =   211.22  PRESS =     0.0
 Etot   =    -34039.5699  EKtot   =     13193.3662  EPtot      =    -47232.9361
 BOND   =      8259.3018  ANGLE   =         0.0000  DIHED      =        -0.0000
 1-4 NB =         0.0000  1-4 EEL =        -0.0000  VDWAALS    =       475.6305
 EELEC  =    -55967.8684  EHBOND  =         0.0000  RESTRAINT  =         0.0000
 DV/DL  =        10.1435
 ------------------------------------------------------------------------------

  Softcore part of the system:      12 atoms,       TEMP(K)    =         215.35
 SC_Etot=        29.8925  SC_EKtot=         7.7028  SC_EPtot   =        22.1897
 SC_BOND=         3.1043  SC_ANGLE=         5.9061  SC_DIHED   =         0.7100
 SC_14NB=         0.2713  SC_14EEL=        38.4023  SC_VDW     =        -0.0818
 SC_EEL =       -26.1224
 SC_RES_DIST=     0.0000  SC_RES_ANG=       0.0000  SC_RES_TORS=         0.0000
 SC_EEL_DER=      0.2213  SC_VDW_DER=      -2.1212  SC_DERIV   =        -1.8999
 ------------------------------------------------------------------------------


| TI region  2


 NSTEP =   135000   TIME(PS) =     135.000  TEMP(K) =   211.22  PRESS =     0.0
 Etot   =    -34047.2727  EKtot   =     13185.6634  EPtot      =    -47232.9361
 BOND   =      8259.3018  ANGLE   =         0.0000  DIHED      =        -0.0000
 1-4 NB =         0.0000  1-4 EEL =        -0.0000  VDWAALS    =       475.6305
 EELEC  =    -55967.8684  EHBOND  =         0.0000  RESTRAINT  =         0.0000
 DV/DL  =        10.1435
 ------------------------------------------------------------------------------

 NMR restraints: Bond =    0.000   Angle =     0.000   Torsion =     0.000
===============================================================================

| TI region  1


 NSTEP =   140000   TIME(PS) =     140.000  TEMP(K) =   219.88  PRESS =     0.0
 Etot   =    -32660.1737  EKtot   =     13734.4736  EPtot      =    -46394.6473
 BOND   =      8299.4548  ANGLE   =        -0.0000  DIHED      =         0.0000
 1-4 NB =         0.0000  1-4 EEL =         0.0000  VDWAALS    =       523.4861
 EELEC  =    -55217.5882  EHBOND  =         0.0000  RESTRAINT  =         0.0000
 DV/DL  =        -0.2409
 ------------------------------------------------------------------------------

  Softcore part of the system:      12 atoms,       TEMP(K)    =         191.15
 SC_Etot=        27.3657  SC_EKtot=         6.8372  SC_EPtot   =        20.5285
 SC_BOND=         2.4105  SC_ANGLE=         3.6467  SC_DIHED   =         0.1417
 SC_14NB=         0.2449  SC_14EEL=        41.0543  SC_VDW     =        -0.0761
 SC_EEL =       -26.8935
 SC_RES_DIST=     0.0000  SC_RES_ANG=       0.0000  SC_RES_TORS=         0.0000
 SC_EEL_DER=      0.4506  SC_VDW_DER=      -6.8686  SC_DERIV   =        -6.4180
 ------------------------------------------------------------------------------


| TI region  2


 NSTEP =   140000   TIME(PS) =     140.000  TEMP(K) =   219.90  PRESS =     0.0
 Etot   =    -32667.0109  EKtot   =     13727.6364  EPtot      =    -46394.6473
 BOND   =      8299.4548  ANGLE   =        -0.0000  DIHED      =         0.0000
 1-4 NB =         0.0000  1-4 EEL =         0.0000  VDWAALS    =       523.4861
 EELEC  =    -55217.5882  EHBOND  =         0.0000  RESTRAINT  =         0.0000
 DV/DL  =        -0.2409
 ------------------------------------------------------------------------------

 NMR restraints: Bond =    0.000   Angle =     0.000   Torsion =     0.000
===============================================================================

| TI region  1


 NSTEP =   145000   TIME(PS) =     145.000  TEMP(K) =   227.95  PRESS =     0.0
 Etot   =    -31465.9828  EKtot   =     14238.1182  EPtot      =    -45704.1009
 BOND   =      8320.4127  ANGLE   =        -0.0000  DIHED      =         0.0000
 1-4 NB =         0.0000  1-4 EEL =         0.0000  VDWAALS    =       472.3622
 EELEC  =    -54496.8758  EHBOND  =         0.0000  RESTRAINT  =         0.0000
 DV/DL  =         6.8747
 ------------------------------------------------------------------------------

  Softcore part of the system:      12 atoms,       TEMP(K)    =         263.34
 SC_Etot=        30.9774  SC_EKtot=         9.4195  SC_EPtot   =        21.5579
 SC_BOND=         4.6631  SC_ANGLE=         2.7791  SC_DIHED   =         1.2354
 SC_14NB=         0.4796  SC_14EEL=        42.3353  SC_VDW     =        -0.1156
 SC_EEL =       -29.8190
 SC_RES_DIST=     0.0000  SC_RES_ANG=       0.0000  SC_RES_TORS=         0.0000
 SC_EEL_DER=      0.2882  SC_VDW_DER=      -3.5367  SC_DERIV   =        -3.2485
 ------------------------------------------------------------------------------


| TI region  2


 NSTEP =   145000   TIME(PS) =     145.000  TEMP(K) =   227.93  PRESS =     0.0
 Etot   =    -31475.4023  EKtot   =     14228.6986  EPtot      =    -45704.1009
 BOND   =      8320.4127  ANGLE   =        -0.0000  DIHED      =         0.0000
 1-4 NB =         0.0000  1-4 EEL =         0.0000  VDWAALS    =       472.3622
 EELEC  =    -54496.8758  EHBOND  =         0.0000  RESTRAINT  =         0.0000
 DV/DL  =         6.8747
 ------------------------------------------------------------------------------

 NMR restraints: Bond =    0.000   Angle =     0.000   Torsion =     0.000
===============================================================================

| TI region  1


 NSTEP =   150000   TIME(PS) =     150.000  TEMP(K) =   236.89  PRESS =     0.0
 Etot   =    -30169.4745  EKtot   =     14796.5342  EPtot      =    -44966.0087
 BOND   =      8604.7100  ANGLE   =        -0.0000  DIHED      =         0.0000
 1-4 NB =         0.0000  1-4 EEL =         0.0000  VDWAALS    =       372.2971
 EELEC  =    -53943.0158  EHBOND  =         0.0000  RESTRAINT  =         0.0000
 DV/DL  =        12.1157
 ------------------------------------------------------------------------------

  Softcore part of the system:      12 atoms,       TEMP(K)    =         215.75
 SC_Etot=        27.6170  SC_EKtot=         7.7174  SC_EPtot   =        19.8996
 SC_BOND=         1.4344  SC_ANGLE=         7.1914  SC_DIHED   =         0.4602
 SC_14NB=         0.6332  SC_14EEL=        40.7856  SC_VDW     =        -0.1033
 SC_EEL =       -30.5020
 SC_RES_DIST=     0.0000  SC_RES_ANG=       0.0000  SC_RES_TORS=         0.0000
 SC_EEL_DER=      0.6053  SC_VDW_DER=      -1.5223  SC_DERIV   =        -0.9169
 ------------------------------------------------------------------------------


| TI region  2


 NSTEP =   150000   TIME(PS) =     150.000  TEMP(K) =   236.90  PRESS =     0.0
 Etot   =    -30177.1919  EKtot   =     14788.8168  EPtot      =    -44966.0087
 BOND   =      8604.7100  ANGLE   =        -0.0000  DIHED      =         0.0000
 1-4 NB =         0.0000  1-4 EEL =         0.0000  VDWAALS    =       372.2971
 EELEC  =    -53943.0158  EHBOND  =         0.0000  RESTRAINT  =         0.0000
 DV/DL  =        12.1157
 ------------------------------------------------------------------------------

 NMR restraints: Bond =    0.000   Angle =     0.000   Torsion =     0.000
===============================================================================

| TI region  1


 NSTEP =   155000   TIME(PS) =     155.000  TEMP(K) =   243.94  PRESS =     0.0
 Etot   =    -28996.0654  EKtot   =     15237.1670  EPtot      =    -44233.2324
 BOND   =      8743.4639  ANGLE   =         0.0000  DIHED      =        -0.0000
 1-4 NB =         0.0000  1-4 EEL =         0.0000  VDWAALS    =       131.0629
 EELEC  =    -53107.7592  EHBOND  =         0.0000  RESTRAINT  =         0.0000
 DV/DL  =         2.0879
 ------------------------------------------------------------------------------

  Softcore part of the system:      12 atoms,       TEMP(K)    =         304.91
 SC_Etot=        33.0976  SC_EKtot=        10.9064  SC_EPtot   =        22.1912
 SC_BOND=         3.8372  SC_ANGLE=         4.5084  SC_DIHED   =         0.6116
 SC_14NB=         0.9629  SC_14EEL=        41.3428  SC_VDW     =        -0.0955
 SC_EEL =       -28.9763
 SC_RES_DIST=     0.0000  SC_RES_ANG=       0.0000  SC_RES_TORS=         0.0000
 SC_EEL_DER=      1.2544  SC_VDW_DER=      -8.2051  SC_DERIV   =        -6.9507
 ------------------------------------------------------------------------------


| TI region  2


 NSTEP =   155000   TIME(PS) =     155.000  TEMP(K) =   243.91  PRESS =     0.0
 Etot   =    -29006.9718  EKtot   =     15226.2606  EPtot      =    -44233.2324
 BOND   =      8743.4639  ANGLE   =         0.0000  DIHED      =        -0.0000
 1-4 NB =         0.0000  1-4 EEL =         0.0000  VDWAALS    =       131.0629
 EELEC  =    -53107.7592  EHBOND  =         0.0000  RESTRAINT  =         0.0000
 DV/DL  =         2.0879
 ------------------------------------------------------------------------------

 NMR restraints: Bond =    0.000   Angle =     0.000   Torsion =     0.000
===============================================================================

| TI region  1


 NSTEP =   160000   TIME(PS) =     160.000  TEMP(K) =   252.85  PRESS =     0.0
 Etot   =    -27723.1892  EKtot   =     15793.6582  EPtot      =    -43516.8474
 BOND   =      8826.7719  ANGLE   =         0.0000  DIHED      =         0.0000
 1-4 NB =         0.0000  1-4 EEL =        -0.0000  VDWAALS    =        50.2290
 EELEC  =    -52393.8484  EHBOND  =         0.0000  RESTRAINT  =         0.0000
 DV/DL  =         0.3877
 ------------------------------------------------------------------------------

  Softcore part of the system:      12 atoms,       TEMP(K)    =         275.98
 SC_Etot=        33.0048  SC_EKtot=         9.8718  SC_EPtot   =        23.1329
 SC_BOND=         5.9167  SC_ANGLE=         3.1381  SC_DIHED   =         0.5588
 SC_14NB=         0.3837  SC_14EEL=        39.8003  SC_VDW     =        -0.0726
 SC_EEL =       -26.5920
 SC_RES_DIST=     0.0000  SC_RES_ANG=       0.0000  SC_RES_TORS=         0.0000
 SC_EEL_DER=      0.2586  SC_VDW_DER=      -6.4688  SC_DERIV   =        -6.2101
 ------------------------------------------------------------------------------


| TI region  2


 NSTEP =   160000   TIME(PS) =     160.000  TEMP(K) =   252.84  PRESS =     0.0
 Etot   =    -27733.0611  EKtot   =     15783.7864  EPtot      =    -43516.8474
 BOND   =      8826.7719  ANGLE   =         0.0000  DIHED      =         0.0000
 1-4 NB =         0.0000  1-4 EEL =        -0.0000  VDWAALS    =        50.2290
 EELEC  =    -52393.8484  EHBOND  =         0.0000  RESTRAINT  =         0.0000
 DV/DL  =         0.3877
 ------------------------------------------------------------------------------

 NMR restraints: Bond =    0.000   Angle =     0.000   Torsion =     0.000
===============================================================================

| TI region  1


 NSTEP =   165000   TIME(PS) =     165.000  TEMP(K) =   260.64  PRESS =     0.0
 Etot   =    -26582.2432  EKtot   =     16280.2031  EPtot      =    -42862.4463
 BOND   =      9102.2745  ANGLE   =         0.0000  DIHED      =         0.0000
 1-4 NB =         0.0000  1-4 EEL =         0.0000  VDWAALS    =       279.1490
 EELEC  =    -52243.8698  EHBOND  =         0.0000  RESTRAINT  =         0.0000
 DV/DL  =        -2.4011
 ------------------------------------------------------------------------------

  Softcore part of the system:      12 atoms,       TEMP(K)    =         376.82
 SC_Etot=        32.2017  SC_EKtot=        13.4787  SC_EPtot   =        18.7230
 SC_BOND=         1.3217  SC_ANGLE=         3.9732  SC_DIHED   =         0.9715
 SC_14NB=         0.1701  SC_14EEL=        36.6695  SC_VDW     =        -0.0919
 SC_EEL =       -24.2911
 SC_RES_DIST=     0.0000  SC_RES_ANG=       0.0000  SC_RES_TORS=         0.0000
 SC_EEL_DER=      0.9112  SC_VDW_DER=      -9.1823  SC_DERIV   =        -8.2711
 ------------------------------------------------------------------------------


| TI region  2


 NSTEP =   165000   TIME(PS) =     165.000  TEMP(K) =   260.57  PRESS =     0.0
 Etot   =    -26595.7219  EKtot   =     16266.7245  EPtot      =    -42862.4463
 BOND   =      9102.2745  ANGLE   =         0.0000  DIHED      =         0.0000
 1-4 NB =         0.0000  1-4 EEL =         0.0000  VDWAALS    =       279.1490
 EELEC  =    -52243.8698  EHBOND  =         0.0000  RESTRAINT  =         0.0000
 DV/DL  =        -2.4011
 ------------------------------------------------------------------------------

 NMR restraints: Bond =    0.000   Angle =     0.000   Torsion =     0.000
===============================================================================

| TI region  1


 NSTEP =   170000   TIME(PS) =     170.000  TEMP(K) =   268.62  PRESS =     0.0
 Etot   =    -25615.8999  EKtot   =     16778.3770  EPtot      =    -42394.2769
 BOND   =      9087.7459  ANGLE   =        -0.0000  DIHED      =        -0.0000
 1-4 NB =         0.0000  1-4 EEL =        -0.0000  VDWAALS    =       109.4624
 EELEC  =    -51591.4851  EHBOND  =         0.0000  RESTRAINT  =         0.0000
 DV/DL  =         3.6204
 ------------------------------------------------------------------------------

  Softcore part of the system:      12 atoms,       TEMP(K)    =         261.83
 SC_Etot=        28.2254  SC_EKtot=         9.3654  SC_EPtot   =        18.8599
 SC_BOND=         2.0380  SC_ANGLE=         3.8590  SC_DIHED   =         1.1418
 SC_14NB=         0.5357  SC_14EEL=        41.0782  SC_VDW     =        -0.0975
 SC_EEL =       -29.6952
 SC_RES_DIST=     0.0000  SC_RES_ANG=       0.0000  SC_RES_TORS=         0.0000
 SC_EEL_DER=      0.6667  SC_VDW_DER=      -5.1909  SC_DERIV   =        -4.5242
 ------------------------------------------------------------------------------


| TI region  2


 NSTEP =   170000   TIME(PS) =     170.000  TEMP(K) =   268.62  PRESS =     0.0
 Etot   =    -25625.2653  EKtot   =     16769.0115  EPtot      =    -42394.2769
 BOND   =      9087.7459  ANGLE   =        -0.0000  DIHED      =        -0.0000
 1-4 NB =         0.0000  1-4 EEL =        -0.0000  VDWAALS    =       109.4624
 EELEC  =    -51591.4851  EHBOND  =         0.0000  RESTRAINT  =         0.0000
 DV/DL  =         3.6204
 ------------------------------------------------------------------------------

 NMR restraints: Bond =    0.000   Angle =     0.000   Torsion =     0.000
===============================================================================

| TI region  1


 NSTEP =   175000   TIME(PS) =     175.000  TEMP(K) =   274.90  PRESS =     0.0
 Etot   =    -24597.1102  EKtot   =     17170.9824  EPtot      =    -41768.0927
 BOND   =      9354.1793  ANGLE   =         0.0000  DIHED      =        -0.0000
 1-4 NB =         0.0000  1-4 EEL =         0.0000  VDWAALS    =       142.1182
 EELEC  =    -51264.3901  EHBOND  =         0.0000  RESTRAINT  =         0.0000
 DV/DL  =        10.3393
 ------------------------------------------------------------------------------

  Softcore part of the system:      12 atoms,       TEMP(K)    =         291.64
 SC_Etot=        31.7150  SC_EKtot=        10.4318  SC_EPtot   =        21.2832
 SC_BOND=         3.0856  SC_ANGLE=         3.1665  SC_DIHED   =         1.4703
 SC_14NB=         1.5091  SC_14EEL=        36.9149  SC_VDW     =        -0.1104
 SC_EEL =       -24.7527
 SC_RES_DIST=     0.0000  SC_RES_ANG=       0.0000  SC_RES_TORS=         0.0000
 SC_EEL_DER=      0.2166  SC_VDW_DER=      -0.3935  SC_DERIV   =        -0.1769
 ------------------------------------------------------------------------------


| TI region  2


 NSTEP =   175000   TIME(PS) =     175.000  TEMP(K) =   274.89  PRESS =     0.0
 Etot   =    -24607.5421  EKtot   =     17160.5506  EPtot      =    -41768.0927
 BOND   =      9354.1793  ANGLE   =         0.0000  DIHED      =        -0.0000
 1-4 NB =         0.0000  1-4 EEL =         0.0000  VDWAALS    =       142.1182
 EELEC  =    -51264.3901  EHBOND  =         0.0000  RESTRAINT  =         0.0000
 DV/DL  =        10.3393
 ------------------------------------------------------------------------------

 NMR restraints: Bond =    0.000   Angle =     0.000   Torsion =     0.000
===============================================================================

| TI region  1


 NSTEP =   180000   TIME(PS) =     180.000  TEMP(K) =   283.58  PRESS =     0.0
 Etot   =    -23237.5913  EKtot   =     17713.2188  EPtot      =    -40950.8101
 BOND   =      9572.6527  ANGLE   =         0.0000  DIHED      =         0.0000
 1-4 NB =         0.0000  1-4 EEL =         0.0000  VDWAALS    =       102.9737
 EELEC  =    -50626.4365  EHBOND  =         0.0000  RESTRAINT  =         0.0000
 DV/DL  =        14.3946
 ------------------------------------------------------------------------------

  Softcore part of the system:      12 atoms,       TEMP(K)    =         283.70
 SC_Etot=        32.3211  SC_EKtot=        10.1479  SC_EPtot   =        22.1732
 SC_BOND=         1.9547  SC_ANGLE=         4.6108  SC_DIHED   =         2.9284
 SC_14NB=         0.4564  SC_14EEL=        38.6469  SC_VDW     =        -0.1089
 SC_EEL =       -26.3152
 SC_RES_DIST=     0.0000  SC_RES_ANG=       0.0000  SC_RES_TORS=         0.0000
 SC_EEL_DER=      0.3936  SC_VDW_DER=      -0.7178  SC_DERIV   =        -0.3242
 ------------------------------------------------------------------------------


| TI region  2


 NSTEP =   180000   TIME(PS) =     180.000  TEMP(K) =   283.58  PRESS =     0.0
 Etot   =    -23247.7392  EKtot   =     17703.0709  EPtot      =    -40950.8101
 BOND   =      9572.6527  ANGLE   =         0.0000  DIHED      =         0.0000
 1-4 NB =         0.0000  1-4 EEL =         0.0000  VDWAALS    =       102.9737
 EELEC  =    -50626.4365  EHBOND  =         0.0000  RESTRAINT  =         0.0000
 DV/DL  =        14.3946
 ------------------------------------------------------------------------------

 NMR restraints: Bond =    0.000   Angle =     0.000   Torsion =     0.000
===============================================================================

| TI region  1


 NSTEP =   185000   TIME(PS) =     185.000  TEMP(K) =   291.50  PRESS =     0.0
 Etot   =    -22377.0916  EKtot   =     18207.5312  EPtot      =    -40584.6229
 BOND   =      9636.7016  ANGLE   =        -0.0000  DIHED      =         0.0000
 1-4 NB =         0.0000  1-4 EEL =         0.0000  VDWAALS    =        20.3857
 EELEC  =    -50241.7102  EHBOND  =         0.0000  RESTRAINT  =         0.0000
 DV/DL  =        -0.4983
 ------------------------------------------------------------------------------

  Softcore part of the system:      12 atoms,       TEMP(K)    =         297.55
 SC_Etot=        32.8162  SC_EKtot=        10.6431  SC_EPtot   =        22.1730
 SC_BOND=         3.8185  SC_ANGLE=         4.1214  SC_DIHED   =         1.3592
 SC_14NB=         0.3199  SC_14EEL=        38.4823  SC_VDW     =        -0.0850
 SC_EEL =       -25.8433
 SC_RES_DIST=     0.0000  SC_RES_ANG=       0.0000  SC_RES_TORS=         0.0000
 SC_EEL_DER=      0.6020  SC_VDW_DER=      -6.8127  SC_DERIV   =        -6.2107
 ------------------------------------------------------------------------------


| TI region  2


 NSTEP =   185000   TIME(PS) =     185.000  TEMP(K) =   291.49  PRESS =     0.0
 Etot   =    -22387.7348  EKtot   =     18196.8881  EPtot      =    -40584.6229
 BOND   =      9636.7016  ANGLE   =        -0.0000  DIHED      =         0.0000
 1-4 NB =         0.0000  1-4 EEL =         0.0000  VDWAALS    =        20.3857
 EELEC  =    -50241.7102  EHBOND  =         0.0000  RESTRAINT  =         0.0000
 DV/DL  =        -0.4983
 ------------------------------------------------------------------------------

 NMR restraints: Bond =    0.000   Angle =     0.000   Torsion =     0.000
===============================================================================

| TI region  1


 NSTEP =   190000   TIME(PS) =     190.000  TEMP(K) =   300.76  PRESS =     0.0
 Etot   =    -21106.6382  EKtot   =     18786.0000  EPtot      =    -39892.6382
 BOND   =      9895.0357  ANGLE   =         0.0000  DIHED      =         0.0000
 1-4 NB =         0.0000  1-4 EEL =        -0.0000  VDWAALS    =        -5.5451
 EELEC  =    -49782.1287  EHBOND  =         0.0000  RESTRAINT  =         0.0000
 DV/DL  =        -7.8966
 ------------------------------------------------------------------------------

  Softcore part of the system:      12 atoms,       TEMP(K)    =         232.80
 SC_Etot=        31.5198  SC_EKtot=         8.3271  SC_EPtot   =        23.1927
 SC_BOND=         3.1258  SC_ANGLE=         6.7834  SC_DIHED   =         0.4289
 SC_14NB=         0.0361  SC_14EEL=        39.8340  SC_VDW     =        -0.0844
 SC_EEL =       -26.9310
 SC_RES_DIST=     0.0000  SC_RES_ANG=       0.0000  SC_RES_TORS=         0.0000
 SC_EEL_DER=      0.4422  SC_VDW_DER=     -12.0591  SC_DERIV   =       -11.6169
 ------------------------------------------------------------------------------


| TI region  2


 NSTEP =   190000   TIME(PS) =     190.000  TEMP(K) =   300.80  PRESS =     0.0
 Etot   =    -21114.9652  EKtot   =     18777.6729  EPtot      =    -39892.6382
 BOND   =      9895.0357  ANGLE   =         0.0000  DIHED      =         0.0000
 1-4 NB =         0.0000  1-4 EEL =        -0.0000  VDWAALS    =        -5.5451
 EELEC  =    -49782.1287  EHBOND  =         0.0000  RESTRAINT  =         0.0000
 DV/DL  =        -7.8966
 ------------------------------------------------------------------------------

 NMR restraints: Bond =    0.000   Angle =     0.000   Torsion =     0.000
===============================================================================

| TI region  1


 NSTEP =   195000   TIME(PS) =     195.000  TEMP(K) =   300.70  PRESS =     0.0
 Etot   =    -21005.5647  EKtot   =     18782.2754  EPtot      =    -39787.8401
 BOND   =      9760.2270  ANGLE   =         0.0000  DIHED      =         0.0000
 1-4 NB =         0.0000  1-4 EEL =         0.0000  VDWAALS    =        41.6459
 EELEC  =    -49589.7130  EHBOND  =         0.0000  RESTRAINT  =         0.0000
 DV/DL  =        -5.1130
 ------------------------------------------------------------------------------

  Softcore part of the system:      12 atoms,       TEMP(K)    =         355.10
 SC_Etot=        35.1635  SC_EKtot=        12.7017  SC_EPtot   =        22.4617
 SC_BOND=         2.4374  SC_ANGLE=         6.4808  SC_DIHED   =         0.7193
 SC_14NB=         0.8132  SC_14EEL=        42.3746  SC_VDW     =        -0.1203
 SC_EEL =       -30.2433
 SC_RES_DIST=     0.0000  SC_RES_ANG=       0.0000  SC_RES_TORS=         0.0000
 SC_EEL_DER=      1.6638  SC_VDW_DER=     -11.1553  SC_DERIV   =        -9.4916
 ------------------------------------------------------------------------------


| TI region  2


 NSTEP =   195000   TIME(PS) =     195.000  TEMP(K) =   300.67  PRESS =     0.0
 Etot   =    -21018.2665  EKtot   =     18769.5736  EPtot      =    -39787.8401
 BOND   =      9760.2270  ANGLE   =         0.0000  DIHED      =         0.0000
 1-4 NB =         0.0000  1-4 EEL =         0.0000  VDWAALS    =        41.6459
 EELEC  =    -49589.7130  EHBOND  =         0.0000  RESTRAINT  =         0.0000
 DV/DL  =        -5.1130
 ------------------------------------------------------------------------------

 NMR restraints: Bond =    0.000   Angle =     0.000   Torsion =     0.000
===============================================================================

| TI region  1


 NSTEP =   200000   TIME(PS) =     200.000  TEMP(K) =   302.37  PRESS =     0.0
 Etot   =    -21128.6499  EKtot   =     18886.9551  EPtot      =    -40015.6049
 BOND   =      9799.3589  ANGLE   =         0.0000  DIHED      =        -0.0000
 1-4 NB =         0.0000  1-4 EEL =         0.0000  VDWAALS    =      -137.8319
 EELEC  =    -49677.1319  EHBOND  =         0.0000  RESTRAINT  =         0.0000
 DV/DL  =       -12.6923
 ------------------------------------------------------------------------------

  Softcore part of the system:      12 atoms,       TEMP(K)    =         322.88
 SC_Etot=        31.4521  SC_EKtot=        11.5494  SC_EPtot   =        19.9027
 SC_BOND=         3.3134  SC_ANGLE=         3.3134  SC_DIHED   =         0.6514
 SC_14NB=         1.1999  SC_14EEL=        43.5963  SC_VDW     =        -0.1135
 SC_EEL =       -32.0583
 SC_RES_DIST=     0.0000  SC_RES_ANG=       0.0000  SC_RES_TORS=         0.0000
 SC_EEL_DER=      1.8339  SC_VDW_DER=     -15.9668  SC_DERIV   =       -14.1329
 ------------------------------------------------------------------------------


| TI region  2


 NSTEP =   200000   TIME(PS) =     200.000  TEMP(K) =   302.36  PRESS =     0.0
 Etot   =    -21140.1992  EKtot   =     18875.4057  EPtot      =    -40015.6049
 BOND   =      9799.3589  ANGLE   =         0.0000  DIHED      =        -0.0000
 1-4 NB =         0.0000  1-4 EEL =         0.0000  VDWAALS    =      -137.8319
 EELEC  =    -49677.1319  EHBOND  =         0.0000  RESTRAINT  =         0.0000
 DV/DL  =       -12.6923
 ------------------------------------------------------------------------------

 NMR restraints: Bond =    0.000   Angle =     0.000   Torsion =     0.000
===============================================================================

| TI region  1


      A V E R A G E S   O V E R      40 S T E P S


 NSTEP =   200000   TIME(PS) =     200.000  TEMP(K) =   160.62  PRESS =     0.0
 Etot   =    -42088.9175  EKtot   =     10032.6906  EPtot      =    -52121.6081
 BOND   =      7121.0235  ANGLE   =         0.0000  DIHED      =        -0.0000
 1-4 NB =         0.0000  1-4 EEL =         0.0000  VDWAALS    =      1948.2325
 EELEC  =    -61190.8641  EHBOND  =         0.0000  RESTRAINT  =         0.0000
 DV/DL  =         5.7727
 ------------------------------------------------------------------------------

 NMR restraints: Bond =    0.000   Angle =     0.000   Torsion =     0.000
===============================================================================
  Softcore part of the system:      12 atoms,       TEMP(K)    =         162.81
 SC_Etot=        24.1231  SC_EKtot=         5.8235  SC_EPtot   =        18.2995
 SC_BOND=         1.8448  SC_ANGLE=         2.6008  SC_DIHED   =         0.6570
 SC_14NB=         0.4894  SC_14EEL=        40.3181  SC_VDW     =        -0.0900
 SC_EEL =       -27.5206
 SC_RES_DIST=     0.0000  SC_RES_ANG=       0.0000  SC_RES_TORS=         0.0000
 SC_EEL_DER=      0.3511  SC_VDW_DER=      -3.4928  SC_DERIV   =        -3.1416
 ------------------------------------------------------------------------------


      R M S  F L U C T U A T I O N S


 NSTEP =   200000   TIME(PS) =     200.000  TEMP(K) =    90.41  PRESS =     0.0
 Etot   =     13595.6583  EKtot   =      5646.9193  EPtot      =      7962.2342
 BOND   =      1766.2194  ANGLE   =         0.0000  DIHED      =         0.0000
 1-4 NB =         0.0000  1-4 EEL =         0.0000  VDWAALS    =      1634.3668
 EELEC  =      7826.9789  EHBOND  =         0.0000  RESTRAINT  =         0.0000
 DV/DL  =         5.5709
 ------------------------------------------------------------------------------

  Softcore part of the system:      12 atoms,       TEMP(K)    =         101.23
 SC_Etot=         6.0531  SC_EKtot=         3.6211  SC_EPtot   =         2.7669
 SC_BOND=         1.2841  SC_ANGLE=         1.8763  SC_DIHED   =         0.5095
 SC_14NB=         0.3017  SC_14EEL=         1.5466  SC_VDW     =         0.0118
 SC_EEL =         1.6894
 SC_RES_DIST=     0.0000  SC_RES_ANG=       0.0000  SC_RES_TORS=         0.0000
 SC_EEL_DER=      0.4714  SC_VDW_DER=       3.8799  SC_DERIV   =         3.5006
 ------------------------------------------------------------------------------


| TI region  2


      A V E R A G E S   O V E R      40 S T E P S


 NSTEP =   200000   TIME(PS) =     200.000  TEMP(K) =   160.62  PRESS =     0.0
 Etot   =    -42094.7411  EKtot   =     10026.8671  EPtot      =    -52121.6081
 BOND   =      7121.0235  ANGLE   =         0.0000  DIHED      =        -0.0000
 1-4 NB =         0.0000  1-4 EEL =         0.0000  VDWAALS    =      1948.2325
 EELEC  =    -61190.8641  EHBOND  =         0.0000  RESTRAINT  =         0.0000
 DV/DL  =         5.7727
 ------------------------------------------------------------------------------

 NMR restraints: Bond =    0.000   Angle =     0.000   Torsion =     0.000
===============================================================================

      R M S  F L U C T U A T I O N S


 NSTEP =   200000   TIME(PS) =     200.000  TEMP(K) =    90.40  PRESS =     0.0
 Etot   =     13592.2768  EKtot   =      5643.5330  EPtot      =      7962.2342
 BOND   =      1766.2194  ANGLE   =         0.0000  DIHED      =         0.0000
 1-4 NB =         0.0000  1-4 EEL =         0.0000  VDWAALS    =      1634.3668
 EELEC  =      7826.9789  EHBOND  =         0.0000  RESTRAINT  =         0.0000
 DV/DL  =         5.5709
 ------------------------------------------------------------------------------


      DV/DL, AVERAGES OVER      40 STEPS


 NSTEP =   200000   TIME(PS) =     200.000  TEMP(K) =    90.40  PRESS =     0.0
 Etot   =         0.0000  EKtot   =         0.0000  EPtot      =         5.7727
 BOND   =         0.0000  ANGLE   =         0.0000  DIHED      =         0.0000
 1-4 NB =         0.0000  1-4 EEL =         0.0000  VDWAALS    =         6.6720
 EELEC  =         2.2423  EHBOND  =         0.0000  RESTRAINT  =         0.0000
 DV/DL  =         5.7727
 ------------------------------------------------------------------------------


 NMR restraints on final step:

--------------------------------------------------------------------------------
   5.  TIMINGS
--------------------------------------------------------------------------------

|  NonSetup CPU Time in Major Routines:
|
|     Routine           Sec        %
|     ------------------------------
|     Nonbond         145.62   29.04
|     Bond              0.00    0.00
|     Angle             0.00    0.00
|     Dihedral          0.00    0.00
|     Shake             0.00    0.00
|     RunMD           355.23   70.83
|     Other             0.68    0.14
|     ------------------------------
|     Total           501.54

|  PME Nonbond Pairlist CPU Time:
|
|     Routine              Sec        %
|     ---------------------------------
|     Set Up Cit           0.00    0.00
|     Build List           0.00    0.00
|     ---------------------------------
|     Total                0.00    0.00

|  PME Direct Force CPU Time:
|
|     Routine              Sec        %
|     ---------------------------------
|     NonBonded Calc       0.00    0.00
|     Exclude Masked       0.00    0.00
|     Other                0.46    0.09
|     ---------------------------------
|     Total                0.46    0.09

|  PME Reciprocal Force CPU Time:
|
|     Routine              Sec        %
|     ---------------------------------
|     1D bspline           0.00    0.00
|     Grid Charges         0.00    0.00
|     Scalar Sum           0.00    0.00
|     Gradient Sum         0.00    0.00
|     FFT                  0.00    0.00
|     ---------------------------------
|     Total                0.00    0.00

|  Final Performance Info:
|     -----------------------------------------------------
|     Average timings for last       1 steps:
|     Elapsed(s) =       0.00 Per Step(ms) =       1.83
|         ns/day =      47.09   seconds/ns =    1834.96
|
|     Average timings for all steps:
|     Elapsed(s) =     501.63 Per Step(ms) =       2.51
|         ns/day =      34.45   seconds/ns =    2508.15
|     -----------------------------------------------------

|  Setup CPU time:            0.47 seconds
|  NonSetup CPU time:       501.54 seconds
|  Total CPU time:          502.00 seconds     0.14 hours

|  Setup wall time:           0    seconds
|  NonSetup wall time:      502    seconds
|  Total wall time:         502    seconds     0.14 hours
