
          -------------------------------------------------------
          Amber 18 PMEMD                              2018
          -------------------------------------------------------

| PMEMD implementation of SANDER, Release 18

| Run on 09/18/2020 at 18:01:52

|   Executable path: /opt/software/Amber/18-foss-2018b-AmberTools-19/bin/pmemd.cuda
| Working directory: /mnt/gs18/scratch/users/songlin3/run/ti_en/one_step_tip3p_ethylenediame/ethylenediame_to_nothing/0.00922
|          Hostname: lac-193

  [-O]verwriting output

File Assignments:
|   MDIN: heat.in                                                               
|  MDOUT: heat.out                                                              
| INPCRD: min.rst                                                               
|   PARM: en_step2_final.prmtop                                                 
| RESTRT: heat.rst                                                              
|   REFC: min.rst                                                               
|  MDVEL: mdvel                                                                 
|   MDEN: mden                                                                  
|  MDCRD: heat.netcdf                                                           
| MDINFO: heat.mdinfo                                                           
|  MDFRC: mdfrc                                                                 


 Here is the input file:

nvt for free MD                                                                
 &cntrl                                                                        
  imin=0,                                                                      
  irest=0,                                                                     
  ntx=1,                                                                       
  ig=-1,                                                                       
  nstlim=200000,                                                               
  dt=0.001,                                                                    
  cut=10.0,                                                                    
  ntc=1,                                                                       
  ntf=1,                                                                       
  ntb=1,                                                                       
  ntt=3,                                                                       
  gamma_ln=2.0,                                                                
  tempi=0.0,                                                                   
  temp0=300.0,                                                                 
  ntpr=5000,                                                                   
  ntwr=5000,                                                                   
  ntwx=10000,                                                                  
  ntwv=0,                                                                      
  ioutfm=1,                                                                    
  iwrap=0,                                                                     
  nmropt=1,                                                                    
  ifsc = 1, icfe=1,                                                            
  clambda=0.00922,                                                             
  timask1=':1', scmask1=':1', scmask2='',                                      
  timask2='',                                                                  
/                                                                              
&wt TYPE='TEMP0', istep1=0, istep2=190000, value1=0.0, value2=300.0 /          
&wt TYPE='TEMP0', istep1=190001, istep2=200000, value1=300.0, value2=300.0 /   
&wt TYPE='DUMPFREQ', istep1=10000, /                                           
&wt TYPE='END', /                                                              


Note: ig = -1. Setting random seed to   314524 based on wallclock time in 
      microseconds.
| irandom = 1, using AMBER's internal random number generator (default).
 
|--------------------- INFORMATION ----------------------
| GPU (CUDA) Version of PMEMD in use: NVIDIA GPU IN USE.
|                    Version 18.0.0
| 
|                      03/25/2018
| 
| Implementation by:
|                    Ross C. Walker     (SDSC)
|                    Scott Le Grand     (nVIDIA)
| 
| Version 18 performance extensions by:
|                    David Cerutti     (Rutgers)
| 
| Precision model in use:
|      [SPFP] - Single Precision Forces, 64-bit Fixed Point
|               Accumulation. (Default)
| 
|--------------------------------------------------------
 
|----------------- CITATION INFORMATION -----------------
|
|    When publishing work that utilized the CUDA version
|    of AMBER, please cite the following in addition to
|    the regular AMBER citations:
|
|  - Romelia Salomon-Ferrer; Andreas W. Goetz; Duncan
|    Poole; Scott Le Grand; Ross C. Walker "Routine
|    microsecond molecular dynamics simulations with
|    AMBER - Part II: Particle Mesh Ewald", J. Chem.
|    Theory Comput., 2013, 9 (9), pp3878-3888,
|    DOI: 10.1021/ct400314y.
|
|  - Andreas W. Goetz; Mark J. Williamson; Dong Xu;
|    Duncan Poole; Scott Le Grand; Ross C. Walker
|    "Routine microsecond molecular dynamics simulations
|    with AMBER - Part I: Generalized Born", J. Chem.
|    Theory Comput., 2012, 8 (5), pp1542-1555.
|
|  - Scott Le Grand; Andreas W. Goetz; Ross C. Walker
|    "SPFP: Speed without compromise - a mixed precision
|    model for GPU accelerated molecular dynamics
|    simulations.", Comp. Phys. Comm., 2013, 184
|    pp374-380, DOI: 10.1016/j.cpc.2012.09.022
|
|    When publishing work that utilized the CUDA version
|    of TI, BAR, MBAR or FEP please cite the following 
|    three publications in addition to the regular AMBER 
|    GPU citations:
|
|  - Daniel J. Mermelstein; Charles Lin; Gard Nelson; 
|    Rachael Kretsch; J. Andrew McCammon; Ross C. Walker
|    "Fast and Flexible GPU Accelerated Binding 
|    Free Energy Calculations within the AMBER Molecular
|    Dynamics Package" J. Comp. Chem., 2018,
|    DOI: 10.1002/jcc.25187
|
|  - Tai-Sung Lee; Yuan Hu; Brad Sherborne; Zhuyan Guo;
|    Darrin M. York
|    "Toward Fast and Accurate Binding Affinity Prediction with
|    pmemdGTI: An Efficient Implementation of GPU-Accelerated
|    Thermodynamic Integration"
|    J. Chem. Theory Comput., 2017, 13 (7), 3077
|
|
|--------------------------------------------------------
 
|------------------- GPU DEVICE INFO --------------------
|
|            CUDA_VISIBLE_DEVICES: 0
|   CUDA Capable Devices Detected:      1
|           CUDA Device ID in use:      0
|                CUDA Device Name: Tesla K80
|     CUDA Device Global Mem Size:  11441 MB
| CUDA Device Num Multiprocessors:     13
|           CUDA Device Core Freq:   0.82 GHz
|
|--------------------------------------------------------
 
 
| Conditional Compilation Defines Used:
| PUBFFT
| BINTRAJ
| CUDA
| EMIL

| Largest sphere to fit in unit cell has radius =    27.375

| New format PARM file being parsed.
| Version =    1.000 Date = 09/18/20 Time = 17:37:14

| Note: 1-4 EEL scale factors are being read from the topology file.

| Note: 1-4 VDW scale factors are being read from the topology file.
| Duplicated    0 dihedrals

| Duplicated    0 dihedrals

--------------------------------------------------------------------------------
   1.  RESOURCE   USE: 
--------------------------------------------------------------------------------

 getting box info from netcdf restart file
 NATOM  =   20955 NTYPES =       6 NBONH =   20951 MBONA  =       3
 NTHETH =      16 MTHETA =       2 NPHIH =      20 MPHIA  =       1
 NHPARM =       0 NPARM  =       0 NNB   =   27975 NRES   =    6982
 NBONA  =       3 NTHETA =       2 NPHIA =       1 NUMBND =       6
 NUMANG =       6 NPTRA  =       2 NATYP =       6 NPHB   =       1
 IFBOX  =       2 NMXRS  =      12 IFCAP =       0 NEXTRA =       0
 NCOPY  =       0

| Coordinate Index Table dimensions:    10   10   10
| Direct force subcell size =     6.7054    6.7054    6.7054

     BOX TYPE: TRUNCATED OCTAHEDRON

--------------------------------------------------------------------------------
   2.  CONTROL  DATA  FOR  THE  RUN
--------------------------------------------------------------------------------

default_name                                                                    

General flags:
     imin    =       0, nmropt  =       1

Nature and format of input:
     ntx     =       1, irest   =       0, ntrx    =       1

Nature and format of output:
     ntxo    =       2, ntpr    =    5000, ntrx    =       1, ntwr    =    5000
     iwrap   =       0, ntwx    =   10000, ntwv    =       0, ntwe    =       0
     ioutfm  =       1, ntwprt  =       0, idecomp =       0, rbornstat=      0

Potential function:
     ntf     =       1, ntb     =       1, igb     =       0, nsnb    =      25
     ipol    =       0, gbsa    =       0, iesp    =       0
     dielc   =   1.00000, cut     =  10.00000, intdiel =   1.00000

Frozen or restrained atoms:
     ibelly  =       0, ntr     =       0

Molecular dynamics:
     nstlim  =    200000, nscm    =      1000, nrespa  =         1
     t       =   0.00000, dt      =   0.00100, vlimit  =  -1.00000

Langevin dynamics temperature regulation:
     ig      =  314524
     temp0   = 300.00000, tempi   =   0.00000, gamma_ln=   2.00000

NMR refinement options:
     iscale  =       0, noeskp  =       1, ipnlty  =       1, mxsub   =       1
     scalm   = 100.00000, pencut  =   0.10000, tausw   =   0.10000

Free energy options:
     icfe    =       1, ifsc    =       1, klambda =       1
     clambda =  0.0092, scalpha =  0.5000, scbeta  = 12.0000
     sceeorder =       2
     dynlmb =  0.0000 logdvdl =       0

| Intermolecular bonds treatment:
|     no_intermolecular_bonds =       1

| Energy averages sample interval:
|     ene_avg_sampling =    5000

Ewald parameters:
     verbose =       0, ew_type =       0, nbflag  =       1, use_pme =       1
     vdwmeth =       1, eedmeth =       1, netfrc  =       1
     Box X =   67.054   Box Y =   67.054   Box Z =   67.054
     Alpha =  109.471   Beta  =  109.471   Gamma =  109.471
     NFFT1 =   64       NFFT2 =   64       NFFT3 =   64
     Cutoff=   10.000   Tol   =0.100E-04
     Ewald Coefficient =  0.27511
     Interpolation order =    4
     TI Mask 1 :1; matches     12 atoms
     TI Mask 2  matches      0 atoms
     TI region 1:   20955 atoms
     TI region 2:   20943 atoms
     SC Mask 1 :1; matches     12 atoms

--------------------------------------------------------------------------------
   3.  ATOMIC COORDINATES AND VELOCITIES
--------------------------------------------------------------------------------

default_name                                                                    
 begin time read from input coords =     0.000 ps



           Begin reading energy term weight changes/NMR restraints
 WEIGHT CHANGES:
 TEMP0         0 190000    0.000000  300.000000      0      0
 TEMP0    190001 200000  300.000000  300.000000      0      0
 DUMPFREQ  10000      0    0.000000    0.000000      0      0

 RESTRAINTS:
                          ** No restraint defined **

                  Done reading weight changes/NMR restraints


 
 Number of triangulated 3-point waters found:     6981
 Number of shake restraints removed in TI region  1 :        0
 Number of shake restraints removed in TI region  2 :        0

     Sum of charges for TI region  1 =  -0.00000000
     Forcing neutrality...


     Sum of charges for TI region  2 =   0.00000000
     Forcing neutrality...

| Dynamic Memory, Types Used:
| Reals              918940
| Integers           797059

| Nonbonded Pairs Initial Allocation:     6338363

| GPU memory information (estimate):
| KB of GPU memory in use:         0
| KB of CPU memory in use:         0

--------------------------------------------------------------------------------
   4.  RESULTS
--------------------------------------------------------------------------------

   DOF for the SC part  1 of the system:   36

| TI region  1


 NSTEP =        0   TIME(PS) =       0.000  TEMP(K) =     0.00  PRESS =     0.0
 Etot   =    -63497.4602  EKtot   =         0.0000  EPtot      =    -63497.4602
 BOND   =      3640.9444  ANGLE   =        -0.0000  DIHED      =        -0.0000
 1-4 NB =         0.0000  1-4 EEL =        -0.0000  VDWAALS    =      3810.5359
 EELEC  =    -70948.9405  EHBOND  =         0.0000  RESTRAINT  =         0.0000
 DV/DL  =        33.5917
 ------------------------------------------------------------------------------

  Softcore part of the system:      12 atoms,       TEMP(K)    =           0.00
 SC_Etot=        14.0688  SC_EKtot=         0.0000  SC_EPtot   =        14.0688
 SC_BOND=         0.1042  SC_ANGLE=         0.1429  SC_DIHED   =         0.3789
 SC_14NB=         0.2918  SC_14EEL=        39.9007  SC_VDW     =        -0.0796
 SC_EEL =       -26.6702
 SC_RES_DIST=     0.0000  SC_RES_ANG=       0.0000  SC_RES_TORS=         0.0000
 SC_EEL_DER=     18.5573  SC_VDW_DER=      -3.4061  SC_DERIV   =        15.1512
 ------------------------------------------------------------------------------


| TI region  2


 NSTEP =        0   TIME(PS) =       0.000  TEMP(K) =     0.00  PRESS =     0.0
 Etot   =    -63497.4602  EKtot   =         0.0000  EPtot      =    -63497.4602
 BOND   =      3640.9444  ANGLE   =        -0.0000  DIHED      =        -0.0000
 1-4 NB =         0.0000  1-4 EEL =        -0.0000  VDWAALS    =      3810.5359
 EELEC  =    -70948.9405  EHBOND  =         0.0000  RESTRAINT  =         0.0000
 DV/DL  =        33.5917
 ------------------------------------------------------------------------------

 NMR restraints: Bond =    0.000   Angle =     0.000   Torsion =     0.000
===============================================================================

| TI region  1


 NSTEP =     5000   TIME(PS) =       5.000  TEMP(K) =     7.28  PRESS =     0.0
 Etot   =    -63326.4201  EKtot   =       454.4310  EPtot      =    -63780.8512
 BOND   =      3919.5664  ANGLE   =         0.0000  DIHED      =        -0.0000
 1-4 NB =         0.0000  1-4 EEL =         0.0000  VDWAALS    =      4139.1822
 EELEC  =    -71839.5998  EHBOND  =         0.0000  RESTRAINT  =         0.0000
 DV/DL  =        47.4374
 ------------------------------------------------------------------------------

  Softcore part of the system:      12 atoms,       TEMP(K)    =           4.81
 SC_Etot=        14.5696  SC_EKtot=         0.1720  SC_EPtot   =        14.3976
 SC_BOND=         0.2459  SC_ANGLE=         0.2106  SC_DIHED   =         0.1628
 SC_14NB=         0.3513  SC_14EEL=        40.9132  SC_VDW     =        -0.0849
 SC_EEL =       -27.4011
 SC_RES_DIST=     0.0000  SC_RES_ANG=       0.0000  SC_RES_TORS=         0.0000
 SC_EEL_DER=     30.3135  SC_VDW_DER=      -5.8362  SC_DERIV   =        24.4773
 ------------------------------------------------------------------------------


| TI region  2


 NSTEP =     5000   TIME(PS) =       5.000  TEMP(K) =     7.28  PRESS =     0.0
 Etot   =    -63326.5921  EKtot   =       454.2590  EPtot      =    -63780.8512
 BOND   =      3919.5664  ANGLE   =         0.0000  DIHED      =        -0.0000
 1-4 NB =         0.0000  1-4 EEL =         0.0000  VDWAALS    =      4139.1822
 EELEC  =    -71839.5998  EHBOND  =         0.0000  RESTRAINT  =         0.0000
 DV/DL  =        47.4374
 ------------------------------------------------------------------------------

 NMR restraints: Bond =    0.000   Angle =     0.000   Torsion =     0.000
===============================================================================

| TI region  1


 NSTEP =    10000   TIME(PS) =      10.000  TEMP(K) =    15.09  PRESS =     0.0
 Etot   =    -62460.3799  EKtot   =       942.4247  EPtot      =    -63402.8046
 BOND   =      4102.0055  ANGLE   =         0.0000  DIHED      =        -0.0000
 1-4 NB =         0.0000  1-4 EEL =         0.0000  VDWAALS    =      4175.8267
 EELEC  =    -71680.6369  EHBOND  =         0.0000  RESTRAINT  =         0.0000
 DV/DL  =        49.0092
 ------------------------------------------------------------------------------

  Softcore part of the system:      12 atoms,       TEMP(K)    =          15.78
 SC_Etot=        15.4260  SC_EKtot=         0.5645  SC_EPtot   =        14.8615
 SC_BOND=         0.1644  SC_ANGLE=         0.4758  SC_DIHED   =         0.3276
 SC_14NB=         0.3914  SC_14EEL=        41.3141  SC_VDW     =        -0.0892
 SC_EEL =       -27.7226
 SC_RES_DIST=     0.0000  SC_RES_ANG=       0.0000  SC_RES_TORS=         0.0000
 SC_EEL_DER=     31.6143  SC_VDW_DER=      -5.7307  SC_DERIV   =        25.8835
 ------------------------------------------------------------------------------


| TI region  2


 NSTEP =    10000   TIME(PS) =      10.000  TEMP(K) =    15.09  PRESS =     0.0
 Etot   =    -62460.9444  EKtot   =       941.8602  EPtot      =    -63402.8046
 BOND   =      4102.0055  ANGLE   =         0.0000  DIHED      =        -0.0000
 1-4 NB =         0.0000  1-4 EEL =         0.0000  VDWAALS    =      4175.8267
 EELEC  =    -71680.6369  EHBOND  =         0.0000  RESTRAINT  =         0.0000
 DV/DL  =        49.0092
 ------------------------------------------------------------------------------

 NMR restraints: Bond =    0.000   Angle =     0.000   Torsion =     0.000
===============================================================================

| TI region  1


 NSTEP =    15000   TIME(PS) =      15.000  TEMP(K) =    23.03  PRESS =     0.0
 Etot   =    -61588.1749  EKtot   =      1438.7014  EPtot      =    -63026.8763
 BOND   =      4308.8674  ANGLE   =        -0.0000  DIHED      =         0.0000
 1-4 NB =         0.0000  1-4 EEL =        -0.0000  VDWAALS    =      4258.6756
 EELEC  =    -71594.4193  EHBOND  =         0.0000  RESTRAINT  =         0.0000
 DV/DL  =        51.3993
 ------------------------------------------------------------------------------

  Softcore part of the system:      12 atoms,       TEMP(K)    =          14.99
 SC_Etot=        15.7304  SC_EKtot=         0.5363  SC_EPtot   =        15.1941
 SC_BOND=         0.3097  SC_ANGLE=         0.4816  SC_DIHED   =         0.1189
 SC_14NB=         0.4618  SC_14EEL=        41.9536  SC_VDW     =        -0.0888
 SC_EEL =       -28.0425
 SC_RES_DIST=     0.0000  SC_RES_ANG=       0.0000  SC_RES_TORS=         0.0000
 SC_EEL_DER=     35.4293  SC_VDW_DER=      -7.5641  SC_DERIV   =        27.8652
 ------------------------------------------------------------------------------


| TI region  2


 NSTEP =    15000   TIME(PS) =      15.000  TEMP(K) =    23.04  PRESS =     0.0
 Etot   =    -61588.7112  EKtot   =      1438.1651  EPtot      =    -63026.8763
 BOND   =      4308.8674  ANGLE   =        -0.0000  DIHED      =         0.0000
 1-4 NB =         0.0000  1-4 EEL =        -0.0000  VDWAALS    =      4258.6756
 EELEC  =    -71594.4193  EHBOND  =         0.0000  RESTRAINT  =         0.0000
 DV/DL  =        51.3993
 ------------------------------------------------------------------------------

 NMR restraints: Bond =    0.000   Angle =     0.000   Torsion =     0.000
===============================================================================

| TI region  1


 NSTEP =    20000   TIME(PS) =      20.000  TEMP(K) =    31.10  PRESS =     0.0
 Etot   =    -60660.2589  EKtot   =      1942.3553  EPtot      =    -62602.6142
 BOND   =      4464.1665  ANGLE   =        -0.0000  DIHED      =         0.0000
 1-4 NB =         0.0000  1-4 EEL =         0.0000  VDWAALS    =      4182.6113
 EELEC  =    -71249.3920  EHBOND  =         0.0000  RESTRAINT  =         0.0000
 DV/DL  =        49.2137
 ------------------------------------------------------------------------------

  Softcore part of the system:      12 atoms,       TEMP(K)    =          25.06
 SC_Etot=        16.0728  SC_EKtot=         0.8963  SC_EPtot   =        15.1765
 SC_BOND=         0.8383  SC_ANGLE=         0.4580  SC_DIHED   =         0.3113
 SC_14NB=         0.4532  SC_14EEL=        40.6082  SC_VDW     =        -0.0922
 SC_EEL =       -27.4003
 SC_RES_DIST=     0.0000  SC_RES_ANG=       0.0000  SC_RES_TORS=         0.0000
 SC_EEL_DER=     33.4603  SC_VDW_DER=      -6.9379  SC_DERIV   =        26.5225
 ------------------------------------------------------------------------------


| TI region  2


 NSTEP =    20000   TIME(PS) =      20.000  TEMP(K) =    31.10  PRESS =     0.0
 Etot   =    -60661.1552  EKtot   =      1941.4590  EPtot      =    -62602.6142
 BOND   =      4464.1665  ANGLE   =        -0.0000  DIHED      =         0.0000
 1-4 NB =         0.0000  1-4 EEL =         0.0000  VDWAALS    =      4182.6113
 EELEC  =    -71249.3920  EHBOND  =         0.0000  RESTRAINT  =         0.0000
 DV/DL  =        49.2137
 ------------------------------------------------------------------------------

 NMR restraints: Bond =    0.000   Angle =     0.000   Torsion =     0.000
===============================================================================

| TI region  1


 NSTEP =    25000   TIME(PS) =      25.000  TEMP(K) =    38.61  PRESS =     0.0
 Etot   =    -59841.1249  EKtot   =      2411.6345  EPtot      =    -62252.7594
 BOND   =      4664.9707  ANGLE   =        -0.0000  DIHED      =         0.0000
 1-4 NB =         0.0000  1-4 EEL =        -0.0000  VDWAALS    =      4168.0624
 EELEC  =    -71085.7925  EHBOND  =         0.0000  RESTRAINT  =         0.0000
 DV/DL  =        48.5617
 ------------------------------------------------------------------------------

  Softcore part of the system:      12 atoms,       TEMP(K)    =          29.13
 SC_Etot=        17.6143  SC_EKtot=         1.0419  SC_EPtot   =        16.5724
 SC_BOND=         0.7989  SC_ANGLE=         1.2197  SC_DIHED   =         0.2581
 SC_14NB=         0.1800  SC_14EEL=        40.3531  SC_VDW     =        -0.0704
 SC_EEL =       -26.1670
 SC_RES_DIST=     0.0000  SC_RES_ANG=       0.0000  SC_RES_TORS=         0.0000
 SC_EEL_DER=     33.0188  SC_VDW_DER=      -7.5466  SC_DERIV   =        25.4722
 ------------------------------------------------------------------------------


| TI region  2


 NSTEP =    25000   TIME(PS) =      25.000  TEMP(K) =    38.61  PRESS =     0.0
 Etot   =    -59842.1668  EKtot   =      2410.5926  EPtot      =    -62252.7594
 BOND   =      4664.9707  ANGLE   =        -0.0000  DIHED      =         0.0000
 1-4 NB =         0.0000  1-4 EEL =        -0.0000  VDWAALS    =      4168.0624
 EELEC  =    -71085.7925  EHBOND  =         0.0000  RESTRAINT  =         0.0000
 DV/DL  =        48.5617
 ------------------------------------------------------------------------------

 NMR restraints: Bond =    0.000   Angle =     0.000   Torsion =     0.000
===============================================================================

| TI region  1


 NSTEP =    30000   TIME(PS) =      30.000  TEMP(K) =    46.65  PRESS =     0.0
 Etot   =    -58923.7023  EKtot   =      2913.8311  EPtot      =    -61837.5334
 BOND   =      4876.6537  ANGLE   =         0.0000  DIHED      =        -0.0000
 1-4 NB =         0.0000  1-4 EEL =         0.0000  VDWAALS    =      4038.4944
 EELEC  =    -70752.6815  EHBOND  =         0.0000  RESTRAINT  =         0.0000
 DV/DL  =        52.6674
 ------------------------------------------------------------------------------

  Softcore part of the system:      12 atoms,       TEMP(K)    =          44.86
 SC_Etot=        17.0045  SC_EKtot=         1.6048  SC_EPtot   =        15.3997
 SC_BOND=         0.4767  SC_ANGLE=         0.7228  SC_DIHED   =         0.5197
 SC_14NB=         0.3816  SC_14EEL=        40.7599  SC_VDW     =        -0.0893
 SC_EEL =       -27.3717
 SC_RES_DIST=     0.0000  SC_RES_ANG=       0.0000  SC_RES_TORS=         0.0000
 SC_EEL_DER=     38.5643  SC_VDW_DER=      -8.8210  SC_DERIV   =        29.7433
 ------------------------------------------------------------------------------


| TI region  2


 NSTEP =    30000   TIME(PS) =      30.000  TEMP(K) =    46.65  PRESS =     0.0
 Etot   =    -58925.3071  EKtot   =      2912.2263  EPtot      =    -61837.5334
 BOND   =      4876.6537  ANGLE   =         0.0000  DIHED      =        -0.0000
 1-4 NB =         0.0000  1-4 EEL =         0.0000  VDWAALS    =      4038.4944
 EELEC  =    -70752.6815  EHBOND  =         0.0000  RESTRAINT  =         0.0000
 DV/DL  =        52.6674
 ------------------------------------------------------------------------------

 NMR restraints: Bond =    0.000   Angle =     0.000   Torsion =     0.000
===============================================================================

| TI region  1


 NSTEP =    35000   TIME(PS) =      35.000  TEMP(K) =    54.84  PRESS =     0.0
 Etot   =    -57938.8169  EKtot   =      3425.4651  EPtot      =    -61364.2820
 BOND   =      5053.6720  ANGLE   =         0.0000  DIHED      =        -0.0000
 1-4 NB =         0.0000  1-4 EEL =         0.0000  VDWAALS    =      3988.9500
 EELEC  =    -70406.9041  EHBOND  =         0.0000  RESTRAINT  =         0.0000
 DV/DL  =        52.2838
 ------------------------------------------------------------------------------

  Softcore part of the system:      12 atoms,       TEMP(K)    =          51.66
 SC_Etot=        18.1321  SC_EKtot=         1.8477  SC_EPtot   =        16.2843
 SC_BOND=         0.9376  SC_ANGLE=         0.8983  SC_DIHED   =         0.3273
 SC_14NB=         0.1940  SC_14EEL=        40.5215  SC_VDW     =        -0.0809
 SC_EEL =       -26.5134
 SC_RES_DIST=     0.0000  SC_RES_ANG=       0.0000  SC_RES_TORS=         0.0000
 SC_EEL_DER=     36.6960  SC_VDW_DER=      -8.4360  SC_DERIV   =        28.2599
 ------------------------------------------------------------------------------


| TI region  2


 NSTEP =    35000   TIME(PS) =      35.000  TEMP(K) =    54.84  PRESS =     0.0
 Etot   =    -57940.6646  EKtot   =      3423.6173  EPtot      =    -61364.2820
 BOND   =      5053.6720  ANGLE   =         0.0000  DIHED      =        -0.0000
 1-4 NB =         0.0000  1-4 EEL =         0.0000  VDWAALS    =      3988.9500
 EELEC  =    -70406.9041  EHBOND  =         0.0000  RESTRAINT  =         0.0000
 DV/DL  =        52.2838
 ------------------------------------------------------------------------------

 NMR restraints: Bond =    0.000   Angle =     0.000   Torsion =     0.000
===============================================================================

| TI region  1


 NSTEP =    40000   TIME(PS) =      40.000  TEMP(K) =    62.49  PRESS =     0.0
 Etot   =    -57013.1536  EKtot   =      3903.5483  EPtot      =    -60916.7020
 BOND   =      5211.5818  ANGLE   =        -0.0000  DIHED      =        -0.0000
 1-4 NB =         0.0000  1-4 EEL =         0.0000  VDWAALS    =      4007.3812
 EELEC  =    -70135.6650  EHBOND  =         0.0000  RESTRAINT  =         0.0000
 DV/DL  =        48.3357
 ------------------------------------------------------------------------------

  Softcore part of the system:      12 atoms,       TEMP(K)    =          29.04
 SC_Etot=        17.8010  SC_EKtot=         1.0386  SC_EPtot   =        16.7624
 SC_BOND=         0.9185  SC_ANGLE=         1.4917  SC_DIHED   =         0.8691
 SC_14NB=         0.1465  SC_14EEL=        39.0350  SC_VDW     =        -0.0741
 SC_EEL =       -25.6243
 SC_RES_DIST=     0.0000  SC_RES_ANG=       0.0000  SC_RES_TORS=         0.0000
 SC_EEL_DER=     35.9087  SC_VDW_DER=      -8.6322  SC_DERIV   =        27.2765
 ------------------------------------------------------------------------------


| TI region  2


 NSTEP =    40000   TIME(PS) =      40.000  TEMP(K) =    62.51  PRESS =     0.0
 Etot   =    -57014.1923  EKtot   =      3902.5097  EPtot      =    -60916.7020
 BOND   =      5211.5818  ANGLE   =        -0.0000  DIHED      =        -0.0000
 1-4 NB =         0.0000  1-4 EEL =         0.0000  VDWAALS    =      4007.3812
 EELEC  =    -70135.6650  EHBOND  =         0.0000  RESTRAINT  =         0.0000
 DV/DL  =        48.3357
 ------------------------------------------------------------------------------

 NMR restraints: Bond =    0.000   Angle =     0.000   Torsion =     0.000
===============================================================================

| TI region  1


 NSTEP =    45000   TIME(PS) =      45.000  TEMP(K) =    70.56  PRESS =     0.0
 Etot   =    -56009.4278  EKtot   =      4407.5010  EPtot      =    -60416.9288
 BOND   =      5377.3868  ANGLE   =        -0.0000  DIHED      =         0.0000
 1-4 NB =         0.0000  1-4 EEL =         0.0000  VDWAALS    =      3793.4302
 EELEC  =    -69587.7458  EHBOND  =         0.0000  RESTRAINT  =         0.0000
 DV/DL  =        53.8633
 ------------------------------------------------------------------------------

  Softcore part of the system:      12 atoms,       TEMP(K)    =          65.00
 SC_Etot=        19.3447  SC_EKtot=         2.3251  SC_EPtot   =        17.0196
 SC_BOND=         1.0954  SC_ANGLE=         1.4892  SC_DIHED   =         0.8053
 SC_14NB=         0.3610  SC_14EEL=        40.3354  SC_VDW     =        -0.0884
 SC_EEL =       -26.9784
 SC_RES_DIST=     0.0000  SC_RES_ANG=       0.0000  SC_RES_TORS=         0.0000
 SC_EEL_DER=     39.7212  SC_VDW_DER=      -9.4345  SC_DERIV   =        30.2868
 ------------------------------------------------------------------------------


| TI region  2


 NSTEP =    45000   TIME(PS) =      45.000  TEMP(K) =    70.57  PRESS =     0.0
 Etot   =    -56011.7529  EKtot   =      4405.1758  EPtot      =    -60416.9288
 BOND   =      5377.3868  ANGLE   =        -0.0000  DIHED      =         0.0000
 1-4 NB =         0.0000  1-4 EEL =         0.0000  VDWAALS    =      3793.4302
 EELEC  =    -69587.7458  EHBOND  =         0.0000  RESTRAINT  =         0.0000
 DV/DL  =        53.8633
 ------------------------------------------------------------------------------

 NMR restraints: Bond =    0.000   Angle =     0.000   Torsion =     0.000
===============================================================================

| TI region  1


 NSTEP =    50000   TIME(PS) =      50.000  TEMP(K) =    77.88  PRESS =     0.0
 Etot   =    -55037.6149  EKtot   =      4864.8276  EPtot      =    -59902.4425
 BOND   =      5673.6115  ANGLE   =         0.0000  DIHED      =        -0.0000
 1-4 NB =         0.0000  1-4 EEL =         0.0000  VDWAALS    =      3773.0802
 EELEC  =    -69349.1342  EHBOND  =         0.0000  RESTRAINT  =         0.0000
 DV/DL  =        47.6846
 ------------------------------------------------------------------------------

  Softcore part of the system:      12 atoms,       TEMP(K)    =          66.65
 SC_Etot=        19.8317  SC_EKtot=         2.3841  SC_EPtot   =        17.4475
 SC_BOND=         1.3932  SC_ANGLE=         1.6508  SC_DIHED   =         0.0965
 SC_14NB=         0.3959  SC_14EEL=        41.3392  SC_VDW     =        -0.0857
 SC_EEL =       -27.3423
 SC_RES_DIST=     0.0000  SC_RES_ANG=       0.0000  SC_RES_TORS=         0.0000
 SC_EEL_DER=     30.1838  SC_VDW_DER=      -4.9475  SC_DERIV   =        25.2363
 ------------------------------------------------------------------------------


| TI region  2


 NSTEP =    50000   TIME(PS) =      50.000  TEMP(K) =    77.89  PRESS =     0.0
 Etot   =    -55039.9990  EKtot   =      4862.4435  EPtot      =    -59902.4425
 BOND   =      5673.6115  ANGLE   =         0.0000  DIHED      =        -0.0000
 1-4 NB =         0.0000  1-4 EEL =         0.0000  VDWAALS    =      3773.0802
 EELEC  =    -69349.1342  EHBOND  =         0.0000  RESTRAINT  =         0.0000
 DV/DL  =        47.6846
 ------------------------------------------------------------------------------

 NMR restraints: Bond =    0.000   Angle =     0.000   Torsion =     0.000
===============================================================================

| TI region  1


 NSTEP =    55000   TIME(PS) =      55.000  TEMP(K) =    86.26  PRESS =     0.0
 Etot   =    -54022.9624  EKtot   =      5387.8716  EPtot      =    -59410.8340
 BOND   =      5729.5839  ANGLE   =         0.0000  DIHED      =         0.0000
 1-4 NB =         0.0000  1-4 EEL =         0.0000  VDWAALS    =      3576.9224
 EELEC  =    -68717.3403  EHBOND  =         0.0000  RESTRAINT  =         0.0000
 DV/DL  =        43.0452
 ------------------------------------------------------------------------------

  Softcore part of the system:      12 atoms,       TEMP(K)    =          87.13
 SC_Etot=        20.5941  SC_EKtot=         3.1167  SC_EPtot   =        17.4774
 SC_BOND=         1.5875  SC_ANGLE=         1.3345  SC_DIHED   =         0.1958
 SC_14NB=         0.2570  SC_14EEL=        40.5165  SC_VDW     =        -0.0778
 SC_EEL =       -26.3363
 SC_RES_DIST=     0.0000  SC_RES_ANG=       0.0000  SC_RES_TORS=         0.0000
 SC_EEL_DER=     25.0638  SC_VDW_DER=      -4.1803  SC_DERIV   =        20.8835
 ------------------------------------------------------------------------------


| TI region  2


 NSTEP =    55000   TIME(PS) =      55.000  TEMP(K) =    86.26  PRESS =     0.0
 Etot   =    -54026.0792  EKtot   =      5384.7549  EPtot      =    -59410.8340
 BOND   =      5729.5839  ANGLE   =         0.0000  DIHED      =         0.0000
 1-4 NB =         0.0000  1-4 EEL =         0.0000  VDWAALS    =      3576.9224
 EELEC  =    -68717.3403  EHBOND  =         0.0000  RESTRAINT  =         0.0000
 DV/DL  =        43.0452
 ------------------------------------------------------------------------------

 NMR restraints: Bond =    0.000   Angle =     0.000   Torsion =     0.000
===============================================================================

| TI region  1


 NSTEP =    60000   TIME(PS) =      60.000  TEMP(K) =    93.58  PRESS =     0.0
 Etot   =    -52991.3756  EKtot   =      5845.1636  EPtot      =    -58836.5391
 BOND   =      5920.0604  ANGLE   =         0.0000  DIHED      =        -0.0000
 1-4 NB =         0.0000  1-4 EEL =         0.0000  VDWAALS    =      3539.9115
 EELEC  =    -68296.5111  EHBOND  =         0.0000  RESTRAINT  =         0.0000
 DV/DL  =        45.0554
 ------------------------------------------------------------------------------

  Softcore part of the system:      12 atoms,       TEMP(K)    =          89.73
 SC_Etot=        20.2492  SC_EKtot=         3.2097  SC_EPtot   =        17.0395
 SC_BOND=         1.8054  SC_ANGLE=         1.3353  SC_DIHED   =         0.6921
 SC_14NB=         0.1041  SC_14EEL=        38.5020  SC_VDW     =        -0.0764
 SC_EEL =       -25.3229
 SC_RES_DIST=     0.0000  SC_RES_ANG=       0.0000  SC_RES_TORS=         0.0000
 SC_EEL_DER=     32.0875  SC_VDW_DER=      -9.4528  SC_DERIV   =        22.6347
 ------------------------------------------------------------------------------


| TI region  2


 NSTEP =    60000   TIME(PS) =      60.000  TEMP(K) =    93.58  PRESS =     0.0
 Etot   =    -52994.5853  EKtot   =      5841.9539  EPtot      =    -58836.5391
 BOND   =      5920.0604  ANGLE   =         0.0000  DIHED      =        -0.0000
 1-4 NB =         0.0000  1-4 EEL =         0.0000  VDWAALS    =      3539.9115
 EELEC  =    -68296.5111  EHBOND  =         0.0000  RESTRAINT  =         0.0000
 DV/DL  =        45.0554
 ------------------------------------------------------------------------------

 NMR restraints: Bond =    0.000   Angle =     0.000   Torsion =     0.000
===============================================================================

| TI region  1


 NSTEP =    65000   TIME(PS) =      65.000  TEMP(K) =   102.60  PRESS =     0.0
 Etot   =    -51911.3336  EKtot   =      6408.6294  EPtot      =    -58319.9630
 BOND   =      6067.1694  ANGLE   =         0.0000  DIHED      =        -0.0000
 1-4 NB =         0.0000  1-4 EEL =         0.0000  VDWAALS    =      3340.4517
 EELEC  =    -67727.5840  EHBOND  =         0.0000  RESTRAINT  =         0.0000
 DV/DL  =        47.6109
 ------------------------------------------------------------------------------

  Softcore part of the system:      12 atoms,       TEMP(K)    =         131.33
 SC_Etot=        22.4927  SC_EKtot=         4.6975  SC_EPtot   =        17.7952
 SC_BOND=         1.2987  SC_ANGLE=         1.9743  SC_DIHED   =         0.7974
 SC_14NB=         0.2165  SC_14EEL=        37.0118  SC_VDW     =        -0.0624
 SC_EEL =       -23.4411
 SC_RES_DIST=     0.0000  SC_RES_ANG=       0.0000  SC_RES_TORS=         0.0000
 SC_EEL_DER=     28.2048  SC_VDW_DER=      -4.2071  SC_DERIV   =        23.9978
 ------------------------------------------------------------------------------


| TI region  2


 NSTEP =    65000   TIME(PS) =      65.000  TEMP(K) =   102.58  PRESS =     0.0
 Etot   =    -51916.0311  EKtot   =      6403.9319  EPtot      =    -58319.9630
 BOND   =      6067.1694  ANGLE   =         0.0000  DIHED      =        -0.0000
 1-4 NB =         0.0000  1-4 EEL =         0.0000  VDWAALS    =      3340.4517
 EELEC  =    -67727.5840  EHBOND  =         0.0000  RESTRAINT  =         0.0000
 DV/DL  =        47.6109
 ------------------------------------------------------------------------------

 NMR restraints: Bond =    0.000   Angle =     0.000   Torsion =     0.000
===============================================================================

| TI region  1


 NSTEP =    70000   TIME(PS) =      70.000  TEMP(K) =   109.63  PRESS =     0.0
 Etot   =    -50906.2492  EKtot   =      6847.9863  EPtot      =    -57754.2356
 BOND   =      6256.8703  ANGLE   =         0.0000  DIHED      =         0.0000
 1-4 NB =         0.0000  1-4 EEL =        -0.0000  VDWAALS    =      3282.8114
 EELEC  =    -67293.9173  EHBOND  =         0.0000  RESTRAINT  =         0.0000
 DV/DL  =        33.3716
 ------------------------------------------------------------------------------

  Softcore part of the system:      12 atoms,       TEMP(K)    =          98.35
 SC_Etot=        21.0444  SC_EKtot=         3.5178  SC_EPtot   =        17.5266
 SC_BOND=         2.8869  SC_ANGLE=         0.6151  SC_DIHED   =         0.6453
 SC_14NB=         0.3939  SC_14EEL=        40.6033  SC_VDW     =        -0.0940
 SC_EEL =       -27.5240
 SC_RES_DIST=     0.0000  SC_RES_ANG=       0.0000  SC_RES_TORS=         0.0000
 SC_EEL_DER=     15.8783  SC_VDW_DER=      -3.0211  SC_DERIV   =        12.8571
 ------------------------------------------------------------------------------


| TI region  2


 NSTEP =    70000   TIME(PS) =      70.000  TEMP(K) =   109.64  PRESS =     0.0
 Etot   =    -50909.7670  EKtot   =      6844.4685  EPtot      =    -57754.2356
 BOND   =      6256.8703  ANGLE   =         0.0000  DIHED      =         0.0000
 1-4 NB =         0.0000  1-4 EEL =        -0.0000  VDWAALS    =      3282.8114
 EELEC  =    -67293.9173  EHBOND  =         0.0000  RESTRAINT  =         0.0000
 DV/DL  =        33.3716
 ------------------------------------------------------------------------------

 NMR restraints: Bond =    0.000   Angle =     0.000   Torsion =     0.000
===============================================================================

| TI region  1


 NSTEP =    75000   TIME(PS) =      75.000  TEMP(K) =   118.52  PRESS =     0.0
 Etot   =    -49680.2261  EKtot   =      7403.3101  EPtot      =    -57083.5362
 BOND   =      6338.1989  ANGLE   =         0.0000  DIHED      =         0.0000
 1-4 NB =         0.0000  1-4 EEL =         0.0000  VDWAALS    =      2997.5116
 EELEC  =    -66419.2467  EHBOND  =         0.0000  RESTRAINT  =         0.0000
 DV/DL  =        40.7743
 ------------------------------------------------------------------------------

  Softcore part of the system:      12 atoms,       TEMP(K)    =         142.99
 SC_Etot=        21.9277  SC_EKtot=         5.1146  SC_EPtot   =        16.8131
 SC_BOND=         1.4676  SC_ANGLE=         1.0969  SC_DIHED   =         0.1320
 SC_14NB=         0.2083  SC_14EEL=        40.5294  SC_VDW     =        -0.0797
 SC_EEL =       -26.5415
 SC_RES_DIST=     0.0000  SC_RES_ANG=       0.0000  SC_RES_TORS=         0.0000
 SC_EEL_DER=     25.6099  SC_VDW_DER=      -6.5475  SC_DERIV   =        19.0624
 ------------------------------------------------------------------------------


| TI region  2


 NSTEP =    75000   TIME(PS) =      75.000  TEMP(K) =   118.51  PRESS =     0.0
 Etot   =    -49685.3407  EKtot   =      7398.1954  EPtot      =    -57083.5362
 BOND   =      6338.1989  ANGLE   =         0.0000  DIHED      =         0.0000
 1-4 NB =         0.0000  1-4 EEL =         0.0000  VDWAALS    =      2997.5116
 EELEC  =    -66419.2467  EHBOND  =         0.0000  RESTRAINT  =         0.0000
 DV/DL  =        40.7743
 ------------------------------------------------------------------------------

 NMR restraints: Bond =    0.000   Angle =     0.000   Torsion =     0.000
===============================================================================

| TI region  1


 NSTEP =    80000   TIME(PS) =      80.000  TEMP(K) =   125.72  PRESS =     0.0
 Etot   =    -48526.9069  EKtot   =      7853.0366  EPtot      =    -56379.9436
 BOND   =      6607.9004  ANGLE   =        -0.0000  DIHED      =         0.0000
 1-4 NB =         0.0000  1-4 EEL =        -0.0000  VDWAALS    =      2783.6793
 EELEC  =    -65771.5233  EHBOND  =         0.0000  RESTRAINT  =         0.0000
 DV/DL  =        46.6229
 ------------------------------------------------------------------------------

  Softcore part of the system:      12 atoms,       TEMP(K)    =          74.91
 SC_Etot=        20.1785  SC_EKtot=         2.6795  SC_EPtot   =        17.4990
 SC_BOND=         1.2825  SC_ANGLE=         0.9944  SC_DIHED   =         0.3009
 SC_14NB=         0.4330  SC_14EEL=        42.0920  SC_VDW     =        -0.0818
 SC_EEL =       -27.5220
 SC_RES_DIST=     0.0000  SC_RES_ANG=       0.0000  SC_RES_TORS=         0.0000
 SC_EEL_DER=     31.0925  SC_VDW_DER=      -9.6715  SC_DERIV   =        21.4209
 ------------------------------------------------------------------------------


| TI region  2


 NSTEP =    80000   TIME(PS) =      80.000  TEMP(K) =   125.75  PRESS =     0.0
 Etot   =    -48529.5864  EKtot   =      7850.3571  EPtot      =    -56379.9436
 BOND   =      6607.9004  ANGLE   =        -0.0000  DIHED      =         0.0000
 1-4 NB =         0.0000  1-4 EEL =        -0.0000  VDWAALS    =      2783.6793
 EELEC  =    -65771.5233  EHBOND  =         0.0000  RESTRAINT  =         0.0000
 DV/DL  =        46.6229
 ------------------------------------------------------------------------------

 NMR restraints: Bond =    0.000   Angle =     0.000   Torsion =     0.000
===============================================================================

| TI region  1


 NSTEP =    85000   TIME(PS) =      85.000  TEMP(K) =   133.08  PRESS =     0.0
 Etot   =    -47262.3904  EKtot   =      8312.7451  EPtot      =    -55575.1355
 BOND   =      6642.2112  ANGLE   =         0.0000  DIHED      =         0.0000
 1-4 NB =         0.0000  1-4 EEL =        -0.0000  VDWAALS    =      2571.7916
 EELEC  =    -64789.1383  EHBOND  =         0.0000  RESTRAINT  =         0.0000
 DV/DL  =        52.1675
 ------------------------------------------------------------------------------

  Softcore part of the system:      12 atoms,       TEMP(K)    =         188.00
 SC_Etot=        25.2982  SC_EKtot=         6.7246  SC_EPtot   =        18.5736
 SC_BOND=         0.3495  SC_ANGLE=         1.8300  SC_DIHED   =         0.8735
 SC_14NB=         0.2822  SC_14EEL=        42.0270  SC_VDW     =        -0.0752
 SC_EEL =       -26.7134
 SC_RES_DIST=     0.0000  SC_RES_ANG=       0.0000  SC_RES_TORS=         0.0000
 SC_EEL_DER=     37.8605  SC_VDW_DER=     -12.2480  SC_DERIV   =        25.6125
 ------------------------------------------------------------------------------


| TI region  2


 NSTEP =    85000   TIME(PS) =      85.000  TEMP(K) =   133.05  PRESS =     0.0
 Etot   =    -47269.1150  EKtot   =      8306.0205  EPtot      =    -55575.1355
 BOND   =      6642.2112  ANGLE   =         0.0000  DIHED      =         0.0000
 1-4 NB =         0.0000  1-4 EEL =        -0.0000  VDWAALS    =      2571.7916
 EELEC  =    -64789.1383  EHBOND  =         0.0000  RESTRAINT  =         0.0000
 DV/DL  =        52.1675
 ------------------------------------------------------------------------------

 NMR restraints: Bond =    0.000   Angle =     0.000   Torsion =     0.000
===============================================================================

| TI region  1


 NSTEP =    90000   TIME(PS) =      90.000  TEMP(K) =   141.44  PRESS =     0.0
 Etot   =    -46011.4143  EKtot   =      8834.6807  EPtot      =    -54846.0950
 BOND   =      6808.4953  ANGLE   =         0.0000  DIHED      =         0.0000
 1-4 NB =         0.0000  1-4 EEL =        -0.0000  VDWAALS    =      2345.4921
 EELEC  =    -64000.0823  EHBOND  =         0.0000  RESTRAINT  =         0.0000
 DV/DL  =        42.2827
 ------------------------------------------------------------------------------

  Softcore part of the system:      12 atoms,       TEMP(K)    =         136.02
 SC_Etot=        23.2898  SC_EKtot=         4.8654  SC_EPtot   =        18.4244
 SC_BOND=         1.1204  SC_ANGLE=         3.3210  SC_DIHED   =         0.1440
 SC_14NB=         0.5779  SC_14EEL=        42.2237  SC_VDW     =        -0.0929
 SC_EEL =       -28.8696
 SC_RES_DIST=     0.0000  SC_RES_ANG=       0.0000  SC_RES_TORS=         0.0000
 SC_EEL_DER=     23.0951  SC_VDW_DER=      -4.0028  SC_DERIV   =        19.0923
 ------------------------------------------------------------------------------


| TI region  2


 NSTEP =    90000   TIME(PS) =      90.000  TEMP(K) =   141.44  PRESS =     0.0
 Etot   =    -46016.2797  EKtot   =      8829.8153  EPtot      =    -54846.0950
 BOND   =      6808.4953  ANGLE   =         0.0000  DIHED      =         0.0000
 1-4 NB =         0.0000  1-4 EEL =        -0.0000  VDWAALS    =      2345.4921
 EELEC  =    -64000.0823  EHBOND  =         0.0000  RESTRAINT  =         0.0000
 DV/DL  =        42.2827
 ------------------------------------------------------------------------------

 NMR restraints: Bond =    0.000   Angle =     0.000   Torsion =     0.000
===============================================================================

| TI region  1


 NSTEP =    95000   TIME(PS) =      95.000  TEMP(K) =   148.47  PRESS =     0.0
 Etot   =    -44454.1406  EKtot   =      9273.6006  EPtot      =    -53727.7412
 BOND   =      6939.2113  ANGLE   =         0.0000  DIHED      =        -0.0000
 1-4 NB =         0.0000  1-4 EEL =         0.0000  VDWAALS    =      1983.0020
 EELEC  =    -62649.9545  EHBOND  =         0.0000  RESTRAINT  =         0.0000
 DV/DL  =        47.1947
 ------------------------------------------------------------------------------

  Softcore part of the system:      12 atoms,       TEMP(K)    =         131.18
 SC_Etot=        23.8220  SC_EKtot=         4.6921  SC_EPtot   =        19.1299
 SC_BOND=         2.7896  SC_ANGLE=         1.8889  SC_DIHED   =         0.2819
 SC_14NB=         0.6112  SC_14EEL=        42.7822  SC_VDW     =        -0.0863
 SC_EEL =       -29.1375
 SC_RES_DIST=     0.0000  SC_RES_ANG=       0.0000  SC_RES_TORS=         0.0000
 SC_EEL_DER=     30.7746  SC_VDW_DER=      -7.3413  SC_DERIV   =        23.4333
 ------------------------------------------------------------------------------


| TI region  2


 NSTEP =    95000   TIME(PS) =      95.000  TEMP(K) =   148.48  PRESS =     0.0
 Etot   =    -44458.8326  EKtot   =      9268.9085  EPtot      =    -53727.7412
 BOND   =      6939.2113  ANGLE   =         0.0000  DIHED      =        -0.0000
 1-4 NB =         0.0000  1-4 EEL =         0.0000  VDWAALS    =      1983.0020
 EELEC  =    -62649.9545  EHBOND  =         0.0000  RESTRAINT  =         0.0000
 DV/DL  =        47.1947
 ------------------------------------------------------------------------------

 NMR restraints: Bond =    0.000   Angle =     0.000   Torsion =     0.000
===============================================================================

| TI region  1


 NSTEP =   100000   TIME(PS) =     100.000  TEMP(K) =   156.92  PRESS =     0.0
 Etot   =    -43094.2565  EKtot   =      9801.3945  EPtot      =    -52895.6510
 BOND   =      6984.6045  ANGLE   =         0.0000  DIHED      =         0.0000
 1-4 NB =         0.0000  1-4 EEL =         0.0000  VDWAALS    =      1587.2786
 EELEC  =    -61467.5341  EHBOND  =         0.0000  RESTRAINT  =         0.0000
 DV/DL  =        29.4620
 ------------------------------------------------------------------------------

  Softcore part of the system:      12 atoms,       TEMP(K)    =         115.93
 SC_Etot=        24.1354  SC_EKtot=         4.1468  SC_EPtot   =        19.9887
 SC_BOND=         1.4143  SC_ANGLE=         3.8096  SC_DIHED   =         0.6964
 SC_14NB=         0.4855  SC_14EEL=        39.9813  SC_VDW     =        -0.0897
 SC_EEL =       -26.3088
 SC_RES_DIST=     0.0000  SC_RES_ANG=       0.0000  SC_RES_TORS=         0.0000
 SC_EEL_DER=     13.1589  SC_VDW_DER=      -2.5820  SC_DERIV   =        10.5769
 ------------------------------------------------------------------------------


| TI region  2


 NSTEP =   100000   TIME(PS) =     100.000  TEMP(K) =   156.94  PRESS =     0.0
 Etot   =    -43098.4033  EKtot   =      9797.2478  EPtot      =    -52895.6510
 BOND   =      6984.6045  ANGLE   =         0.0000  DIHED      =         0.0000
 1-4 NB =         0.0000  1-4 EEL =         0.0000  VDWAALS    =      1587.2786
 EELEC  =    -61467.5341  EHBOND  =         0.0000  RESTRAINT  =         0.0000
 DV/DL  =        29.4620
 ------------------------------------------------------------------------------

 NMR restraints: Bond =    0.000   Angle =     0.000   Torsion =     0.000
===============================================================================

| TI region  1


 NSTEP =   105000   TIME(PS) =     105.000  TEMP(K) =   164.66  PRESS =     0.0
 Etot   =    -41577.1803  EKtot   =     10285.1934  EPtot      =    -51862.3736
 BOND   =      7225.5692  ANGLE   =         0.0000  DIHED      =         0.0000
 1-4 NB =         0.0000  1-4 EEL =        -0.0000  VDWAALS    =      1507.0692
 EELEC  =    -60595.0120  EHBOND  =         0.0000  RESTRAINT  =         0.0000
 DV/DL  =        42.4113
 ------------------------------------------------------------------------------

  Softcore part of the system:      12 atoms,       TEMP(K)    =         144.93
 SC_Etot=        27.5944  SC_EKtot=         5.1841  SC_EPtot   =        22.4103
 SC_BOND=         4.6258  SC_ANGLE=         2.4474  SC_DIHED   =         0.4915
 SC_14NB=         0.2992  SC_14EEL=        41.6722  SC_VDW     =        -0.0830
 SC_EEL =       -27.0428
 SC_RES_DIST=     0.0000  SC_RES_ANG=       0.0000  SC_RES_TORS=         0.0000
 SC_EEL_DER=     28.4139  SC_VDW_DER=      -9.0337  SC_DERIV   =        19.3801
 ------------------------------------------------------------------------------


| TI region  2


 NSTEP =   105000   TIME(PS) =     105.000  TEMP(K) =   164.67  PRESS =     0.0
 Etot   =    -41582.3644  EKtot   =     10280.0093  EPtot      =    -51862.3736
 BOND   =      7225.5692  ANGLE   =         0.0000  DIHED      =         0.0000
 1-4 NB =         0.0000  1-4 EEL =        -0.0000  VDWAALS    =      1507.0692
 EELEC  =    -60595.0120  EHBOND  =         0.0000  RESTRAINT  =         0.0000
 DV/DL  =        42.4113
 ------------------------------------------------------------------------------

 NMR restraints: Bond =    0.000   Angle =     0.000   Torsion =     0.000
===============================================================================

| TI region  1


 NSTEP =   110000   TIME(PS) =     110.000  TEMP(K) =   173.81  PRESS =     0.0
 Etot   =    -40199.8799  EKtot   =     10856.6406  EPtot      =    -51056.5205
 BOND   =      7371.5011  ANGLE   =         0.0000  DIHED      =         0.0000
 1-4 NB =         0.0000  1-4 EEL =        -0.0000  VDWAALS    =      1291.4592
 EELEC  =    -59719.4808  EHBOND  =         0.0000  RESTRAINT  =         0.0000
 DV/DL  =        43.4625
 ------------------------------------------------------------------------------

  Softcore part of the system:      12 atoms,       TEMP(K)    =         238.40
 SC_Etot=        27.8513  SC_EKtot=         8.5275  SC_EPtot   =        19.3238
 SC_BOND=         0.8401  SC_ANGLE=         3.3412  SC_DIHED   =         0.6912
 SC_14NB=         0.9410  SC_14EEL=        43.3499  SC_VDW     =        -0.1042
 SC_EEL =       -29.7354
 SC_RES_DIST=     0.0000  SC_RES_ANG=       0.0000  SC_RES_TORS=         0.0000
 SC_EEL_DER=     21.9319  SC_VDW_DER=      -3.5860  SC_DERIV   =        18.3459
 ------------------------------------------------------------------------------


| TI region  2


 NSTEP =   110000   TIME(PS) =     110.000  TEMP(K) =   173.77  PRESS =     0.0
 Etot   =    -40208.4074  EKtot   =     10848.1132  EPtot      =    -51056.5205
 BOND   =      7371.5011  ANGLE   =         0.0000  DIHED      =         0.0000
 1-4 NB =         0.0000  1-4 EEL =        -0.0000  VDWAALS    =      1291.4592
 EELEC  =    -59719.4808  EHBOND  =         0.0000  RESTRAINT  =         0.0000
 DV/DL  =        43.4625
 ------------------------------------------------------------------------------

 NMR restraints: Bond =    0.000   Angle =     0.000   Torsion =     0.000
===============================================================================

| TI region  1


 NSTEP =   115000   TIME(PS) =     115.000  TEMP(K) =   179.96  PRESS =     0.0
 Etot   =    -39018.5978  EKtot   =     11240.8662  EPtot      =    -50259.4640
 BOND   =      7474.5562  ANGLE   =         0.0000  DIHED      =         0.0000
 1-4 NB =         0.0000  1-4 EEL =        -0.0000  VDWAALS    =      1065.5776
 EELEC  =    -58799.5978  EHBOND  =         0.0000  RESTRAINT  =         0.0000
 DV/DL  =        42.5950
 ------------------------------------------------------------------------------

  Softcore part of the system:      12 atoms,       TEMP(K)    =         194.81
 SC_Etot=        28.3953  SC_EKtot=         6.9683  SC_EPtot   =        21.4270
 SC_BOND=         3.1629  SC_ANGLE=         3.0897  SC_DIHED   =         0.4412
 SC_14NB=         0.3177  SC_14EEL=        40.7801  SC_VDW     =        -0.0786
 SC_EEL =       -26.2859
 SC_RES_DIST=     0.0000  SC_RES_ANG=       0.0000  SC_RES_TORS=         0.0000
 SC_EEL_DER=     26.7180  SC_VDW_DER=      -8.3446  SC_DERIV   =        18.3734
 ------------------------------------------------------------------------------


| TI region  2


 NSTEP =   115000   TIME(PS) =     115.000  TEMP(K) =   179.95  PRESS =     0.0
 Etot   =    -39025.5660  EKtot   =     11233.8979  EPtot      =    -50259.4640
 BOND   =      7474.5562  ANGLE   =         0.0000  DIHED      =         0.0000
 1-4 NB =         0.0000  1-4 EEL =        -0.0000  VDWAALS    =      1065.5776
 EELEC  =    -58799.5978  EHBOND  =         0.0000  RESTRAINT  =         0.0000
 DV/DL  =        42.5950
 ------------------------------------------------------------------------------

 NMR restraints: Bond =    0.000   Angle =     0.000   Torsion =     0.000
===============================================================================

| TI region  1


 NSTEP =   120000   TIME(PS) =     120.000  TEMP(K) =   190.06  PRESS =     0.0
 Etot   =    -37653.6636  EKtot   =     11871.3789  EPtot      =    -49525.0425
 BOND   =      7703.6008  ANGLE   =         0.0000  DIHED      =        -0.0000
 1-4 NB =         0.0000  1-4 EEL =         0.0000  VDWAALS    =       953.9597
 EELEC  =    -58182.6030  EHBOND  =         0.0000  RESTRAINT  =         0.0000
 DV/DL  =        33.8687
 ------------------------------------------------------------------------------

  Softcore part of the system:      12 atoms,       TEMP(K)    =         265.04
 SC_Etot=        30.1862  SC_EKtot=         9.4802  SC_EPtot   =        20.7060
 SC_BOND=         2.7632  SC_ANGLE=         3.1547  SC_DIHED   =         0.4819
 SC_14NB=         1.3244  SC_14EEL=        43.1400  SC_VDW     =        -0.1019
 SC_EEL =       -30.0564
 SC_RES_DIST=     0.0000  SC_RES_ANG=       0.0000  SC_RES_TORS=         0.0000
 SC_EEL_DER=     31.5465  SC_VDW_DER=     -21.2568  SC_DERIV   =        10.2897
 ------------------------------------------------------------------------------


| TI region  2


 NSTEP =   120000   TIME(PS) =     120.000  TEMP(K) =   190.01  PRESS =     0.0
 Etot   =    -37663.1437  EKtot   =     11861.8987  EPtot      =    -49525.0425
 BOND   =      7703.6008  ANGLE   =         0.0000  DIHED      =        -0.0000
 1-4 NB =         0.0000  1-4 EEL =         0.0000  VDWAALS    =       953.9597
 EELEC  =    -58182.6030  EHBOND  =         0.0000  RESTRAINT  =         0.0000
 DV/DL  =        33.8687
 ------------------------------------------------------------------------------

 NMR restraints: Bond =    0.000   Angle =     0.000   Torsion =     0.000
===============================================================================

| TI region  1


 NSTEP =   125000   TIME(PS) =     125.000  TEMP(K) =   195.93  PRESS =     0.0
 Etot   =    -36294.5028  EKtot   =     12238.4141  EPtot      =    -48532.9169
 BOND   =      7847.8089  ANGLE   =         0.0000  DIHED      =         0.0000
 1-4 NB =         0.0000  1-4 EEL =         0.0000  VDWAALS    =       735.5653
 EELEC  =    -57116.2912  EHBOND  =         0.0000  RESTRAINT  =         0.0000
 DV/DL  =        36.8659
 ------------------------------------------------------------------------------

  Softcore part of the system:      12 atoms,       TEMP(K)    =         124.14
 SC_Etot=        24.9606  SC_EKtot=         4.4403  SC_EPtot   =        20.5204
 SC_BOND=         3.9706  SC_ANGLE=         2.8822  SC_DIHED   =         0.3707
 SC_14NB=         0.5364  SC_14EEL=        41.3312  SC_VDW     =        -0.1168
 SC_EEL =       -28.4540
 SC_RES_DIST=     0.0000  SC_RES_ANG=       0.0000  SC_RES_TORS=         0.0000
 SC_EEL_DER=     18.2127  SC_VDW_DER=      -3.9913  SC_DERIV   =        14.2214
 ------------------------------------------------------------------------------


| TI region  2


 NSTEP =   125000   TIME(PS) =     125.000  TEMP(K) =   195.97  PRESS =     0.0
 Etot   =    -36298.9431  EKtot   =     12233.9738  EPtot      =    -48532.9169
 BOND   =      7847.8089  ANGLE   =         0.0000  DIHED      =         0.0000
 1-4 NB =         0.0000  1-4 EEL =         0.0000  VDWAALS    =       735.5653
 EELEC  =    -57116.2912  EHBOND  =         0.0000  RESTRAINT  =         0.0000
 DV/DL  =        36.8659
 ------------------------------------------------------------------------------

 NMR restraints: Bond =    0.000   Angle =     0.000   Torsion =     0.000
===============================================================================

| TI region  1


 NSTEP =   130000   TIME(PS) =     130.000  TEMP(K) =   204.71  PRESS =     0.0
 Etot   =    -34950.6172  EKtot   =     12786.9072  EPtot      =    -47737.5244
 BOND   =      7945.4881  ANGLE   =         0.0000  DIHED      =         0.0000
 1-4 NB =         0.0000  1-4 EEL =         0.0000  VDWAALS    =       640.0411
 EELEC  =    -56323.0536  EHBOND  =         0.0000  RESTRAINT  =         0.0000
 DV/DL  =        59.4383
 ------------------------------------------------------------------------------

  Softcore part of the system:      12 atoms,       TEMP(K)    =         171.86
 SC_Etot=        26.0082  SC_EKtot=         6.1474  SC_EPtot   =        19.8609
 SC_BOND=         2.0366  SC_ANGLE=         3.7428  SC_DIHED   =         0.3597
 SC_14NB=         0.3071  SC_14EEL=        40.8627  SC_VDW     =        -0.1259
 SC_EEL =       -27.3221
 SC_RES_DIST=     0.0000  SC_RES_ANG=       0.0000  SC_RES_TORS=         0.0000
 SC_EEL_DER=     46.1529  SC_VDW_DER=     -10.5173  SC_DERIV   =        35.6356
 ------------------------------------------------------------------------------


| TI region  2


 NSTEP =   130000   TIME(PS) =     130.000  TEMP(K) =   204.73  PRESS =     0.0
 Etot   =    -34956.7646  EKtot   =     12780.7598  EPtot      =    -47737.5244
 BOND   =      7945.4881  ANGLE   =         0.0000  DIHED      =         0.0000
 1-4 NB =         0.0000  1-4 EEL =         0.0000  VDWAALS    =       640.0411
 EELEC  =    -56323.0536  EHBOND  =         0.0000  RESTRAINT  =         0.0000
 DV/DL  =        59.4383
 ------------------------------------------------------------------------------

 NMR restraints: Bond =    0.000   Angle =     0.000   Torsion =     0.000
===============================================================================

| TI region  1


 NSTEP =   135000   TIME(PS) =     135.000  TEMP(K) =   212.90  PRESS =     0.0
 Etot   =    -33759.5098  EKtot   =     13297.9570  EPtot      =    -47057.4668
 BOND   =      7988.2603  ANGLE   =        -0.0000  DIHED      =        -0.0000
 1-4 NB =         0.0000  1-4 EEL =         0.0000  VDWAALS    =       548.5190
 EELEC  =    -55594.2461  EHBOND  =         0.0000  RESTRAINT  =         0.0000
 DV/DL  =        44.3466
 ------------------------------------------------------------------------------

  Softcore part of the system:      12 atoms,       TEMP(K)    =         185.21
 SC_Etot=        27.2398  SC_EKtot=         6.6249  SC_EPtot   =        20.6149
 SC_BOND=         3.0110  SC_ANGLE=         4.3525  SC_DIHED   =         0.3719
 SC_14NB=         0.3689  SC_14EEL=        38.5440  SC_VDW     =        -0.1484
 SC_EEL =       -25.8850
 SC_RES_DIST=     0.0000  SC_RES_ANG=       0.0000  SC_RES_TORS=         0.0000
 SC_EEL_DER=     24.4567  SC_VDW_DER=      -2.0305  SC_DERIV   =        22.4261
 ------------------------------------------------------------------------------


| TI region  2


 NSTEP =   135000   TIME(PS) =     135.000  TEMP(K) =   212.91  PRESS =     0.0
 Etot   =    -33766.1347  EKtot   =     13291.3321  EPtot      =    -47057.4668
 BOND   =      7988.2603  ANGLE   =        -0.0000  DIHED      =        -0.0000
 1-4 NB =         0.0000  1-4 EEL =         0.0000  VDWAALS    =       548.5190
 EELEC  =    -55594.2461  EHBOND  =         0.0000  RESTRAINT  =         0.0000
 DV/DL  =        44.3466
 ------------------------------------------------------------------------------

 NMR restraints: Bond =    0.000   Angle =     0.000   Torsion =     0.000
===============================================================================

| TI region  1


 NSTEP =   140000   TIME(PS) =     140.000  TEMP(K) =   221.12  PRESS =     0.0
 Etot   =    -32425.7155  EKtot   =     13811.8262  EPtot      =    -46237.5417
 BOND   =      8403.2442  ANGLE   =         0.0000  DIHED      =        -0.0000
 1-4 NB =         0.0000  1-4 EEL =         0.0000  VDWAALS    =       556.8553
 EELEC  =    -55197.6412  EHBOND  =         0.0000  RESTRAINT  =         0.0000
 DV/DL  =        30.0965
 ------------------------------------------------------------------------------

  Softcore part of the system:      12 atoms,       TEMP(K)    =         119.61
 SC_Etot=        24.3567  SC_EKtot=         4.2784  SC_EPtot   =        20.0783
 SC_BOND=         3.0103  SC_ANGLE=         3.3484  SC_DIHED   =         0.8176
 SC_14NB=         0.1232  SC_14EEL=        38.4225  SC_VDW     =        -0.1265
 SC_EEL =       -25.5173
 SC_RES_DIST=     0.0000  SC_RES_ANG=       0.0000  SC_RES_TORS=         0.0000
 SC_EEL_DER=     12.8778  SC_VDW_DER=      -1.8936  SC_DERIV   =        10.9842
 ------------------------------------------------------------------------------


| TI region  2


 NSTEP =   140000   TIME(PS) =     140.000  TEMP(K) =   221.18  PRESS =     0.0
 Etot   =    -32429.9939  EKtot   =     13807.5477  EPtot      =    -46237.5417
 BOND   =      8403.2442  ANGLE   =         0.0000  DIHED      =        -0.0000
 1-4 NB =         0.0000  1-4 EEL =         0.0000  VDWAALS    =       556.8553
 EELEC  =    -55197.6412  EHBOND  =         0.0000  RESTRAINT  =         0.0000
 DV/DL  =        30.0965
 ------------------------------------------------------------------------------

 NMR restraints: Bond =    0.000   Angle =     0.000   Torsion =     0.000
===============================================================================

| TI region  1


 NSTEP =   145000   TIME(PS) =     145.000  TEMP(K) =   229.26  PRESS =     0.0
 Etot   =    -31350.3787  EKtot   =     14319.9863  EPtot      =    -45670.3650
 BOND   =      8491.9095  ANGLE   =        -0.0000  DIHED      =        -0.0000
 1-4 NB =         0.0000  1-4 EEL =         0.0000  VDWAALS    =       398.3117
 EELEC  =    -54560.5862  EHBOND  =         0.0000  RESTRAINT  =         0.0000
 DV/DL  =        41.6992
 ------------------------------------------------------------------------------

  Softcore part of the system:      12 atoms,       TEMP(K)    =         325.79
 SC_Etot=        32.2361  SC_EKtot=        11.6532  SC_EPtot   =        20.5830
 SC_BOND=         4.1027  SC_ANGLE=         2.1236  SC_DIHED   =         1.3783
 SC_14NB=         0.4132  SC_14EEL=        39.1505  SC_VDW     =        -0.1522
 SC_EEL =       -26.4331
 SC_RES_DIST=     0.0000  SC_RES_ANG=       0.0000  SC_RES_TORS=         0.0000
 SC_EEL_DER=     29.1315  SC_VDW_DER=      -8.0530  SC_DERIV   =        21.0785
 ------------------------------------------------------------------------------


| TI region  2


 NSTEP =   145000   TIME(PS) =     145.000  TEMP(K) =   229.20  PRESS =     0.0
 Etot   =    -31362.0319  EKtot   =     14308.3332  EPtot      =    -45670.3650
 BOND   =      8491.9095  ANGLE   =        -0.0000  DIHED      =        -0.0000
 1-4 NB =         0.0000  1-4 EEL =         0.0000  VDWAALS    =       398.3117
 EELEC  =    -54560.5862  EHBOND  =         0.0000  RESTRAINT  =         0.0000
 DV/DL  =        41.6992
 ------------------------------------------------------------------------------

 NMR restraints: Bond =    0.000   Angle =     0.000   Torsion =     0.000
===============================================================================

| TI region  1


 NSTEP =   150000   TIME(PS) =     150.000  TEMP(K) =   233.87  PRESS =     0.0
 Etot   =    -30315.9367  EKtot   =     14607.9932  EPtot      =    -44923.9299
 BOND   =      8454.6000  ANGLE   =         0.0000  DIHED      =         0.0000
 1-4 NB =         0.0000  1-4 EEL =        -0.0000  VDWAALS    =       320.4834
 EELEC  =    -53699.0133  EHBOND  =         0.0000  RESTRAINT  =         0.0000
 DV/DL  =        38.1302
 ------------------------------------------------------------------------------

  Softcore part of the system:      12 atoms,       TEMP(K)    =         242.04
 SC_Etot=        29.0404  SC_EKtot=         8.6575  SC_EPtot   =        20.3829
 SC_BOND=         4.3097  SC_ANGLE=         1.8207  SC_DIHED   =         1.0363
 SC_14NB=         0.8791  SC_14EEL=        41.5657  SC_VDW     =        -0.1792
 SC_EEL =       -29.0494
 SC_RES_DIST=     0.0000  SC_RES_ANG=       0.0000  SC_RES_TORS=         0.0000
 SC_EEL_DER=     25.9497  SC_VDW_DER=      -9.0289  SC_DERIV   =        16.9207
 ------------------------------------------------------------------------------


| TI region  2


 NSTEP =   150000   TIME(PS) =     150.000  TEMP(K) =   233.86  PRESS =     0.0
 Etot   =    -30324.5943  EKtot   =     14599.3356  EPtot      =    -44923.9299
 BOND   =      8454.6000  ANGLE   =         0.0000  DIHED      =         0.0000
 1-4 NB =         0.0000  1-4 EEL =        -0.0000  VDWAALS    =       320.4834
 EELEC  =    -53699.0133  EHBOND  =         0.0000  RESTRAINT  =         0.0000
 DV/DL  =        38.1302
 ------------------------------------------------------------------------------

 NMR restraints: Bond =    0.000   Angle =     0.000   Torsion =     0.000
===============================================================================

| TI region  1


 NSTEP =   155000   TIME(PS) =     155.000  TEMP(K) =   245.25  PRESS =     0.0
 Etot   =    -28965.4734  EKtot   =     15319.1797  EPtot      =    -44284.6531
 BOND   =      8662.1735  ANGLE   =        -0.0000  DIHED      =         0.0000
 1-4 NB =         0.0000  1-4 EEL =         0.0000  VDWAALS    =       293.0705
 EELEC  =    -53239.8971  EHBOND  =         0.0000  RESTRAINT  =         0.0000
 DV/DL  =        44.3774
 ------------------------------------------------------------------------------

  Softcore part of the system:      12 atoms,       TEMP(K)    =         190.67
 SC_Etot=        28.4133  SC_EKtot=         6.8202  SC_EPtot   =        21.5932
 SC_BOND=         5.3236  SC_ANGLE=         2.3297  SC_DIHED   =         0.3030
 SC_14NB=         0.3119  SC_14EEL=        38.3987  SC_VDW     =        -0.1490
 SC_EEL =       -24.9247
 SC_RES_DIST=     0.0000  SC_RES_ANG=       0.0000  SC_RES_TORS=         0.0000
 SC_EEL_DER=     25.1082  SC_VDW_DER=      -2.6415  SC_DERIV   =        22.4666
 ------------------------------------------------------------------------------


| TI region  2


 NSTEP =   155000   TIME(PS) =     155.000  TEMP(K) =   245.29  PRESS =     0.0
 Etot   =    -28972.2936  EKtot   =     15312.3595  EPtot      =    -44284.6531
 BOND   =      8662.1735  ANGLE   =        -0.0000  DIHED      =         0.0000
 1-4 NB =         0.0000  1-4 EEL =         0.0000  VDWAALS    =       293.0705
 EELEC  =    -53239.8971  EHBOND  =         0.0000  RESTRAINT  =         0.0000
 DV/DL  =        44.3774
 ------------------------------------------------------------------------------

 NMR restraints: Bond =    0.000   Angle =     0.000   Torsion =     0.000
===============================================================================

| TI region  1


 NSTEP =   160000   TIME(PS) =     160.000  TEMP(K) =   251.89  PRESS =     0.0
 Etot   =    -27826.9930  EKtot   =     15733.7031  EPtot      =    -43560.6961
 BOND   =      8813.6662  ANGLE   =         0.0000  DIHED      =         0.0000
 1-4 NB =         0.0000  1-4 EEL =         0.0000  VDWAALS    =        39.6560
 EELEC  =    -52414.0182  EHBOND  =         0.0000  RESTRAINT  =         0.0000
 DV/DL  =        22.8809
 ------------------------------------------------------------------------------

  Softcore part of the system:      12 atoms,       TEMP(K)    =         263.88
 SC_Etot=        29.4435  SC_EKtot=         9.4387  SC_EPtot   =        20.0048
 SC_BOND=         2.3374  SC_ANGLE=         3.1848  SC_DIHED   =         1.4815
 SC_14NB=         0.2070  SC_14EEL=        39.8145  SC_VDW     =        -0.1386
 SC_EEL =       -26.8818
 SC_RES_DIST=     0.0000  SC_RES_ANG=       0.0000  SC_RES_TORS=         0.0000
 SC_EEL_DER=      8.6558  SC_VDW_DER=      -2.7376  SC_DERIV   =         5.9182
 ------------------------------------------------------------------------------


| TI region  2


 NSTEP =   160000   TIME(PS) =     160.000  TEMP(K) =   251.88  PRESS =     0.0
 Etot   =    -27836.4317  EKtot   =     15724.2644  EPtot      =    -43560.6961
 BOND   =      8813.6662  ANGLE   =         0.0000  DIHED      =         0.0000
 1-4 NB =         0.0000  1-4 EEL =         0.0000  VDWAALS    =        39.6560
 EELEC  =    -52414.0182  EHBOND  =         0.0000  RESTRAINT  =         0.0000
 DV/DL  =        22.8809
 ------------------------------------------------------------------------------

 NMR restraints: Bond =    0.000   Angle =     0.000   Torsion =     0.000
===============================================================================

| TI region  1


 NSTEP =   165000   TIME(PS) =     165.000  TEMP(K) =   260.22  PRESS =     0.0
 Etot   =    -26584.9528  EKtot   =     16254.2744  EPtot      =    -42839.2272
 BOND   =      9077.2668  ANGLE   =         0.0000  DIHED      =         0.0000
 1-4 NB =         0.0000  1-4 EEL =         0.0000  VDWAALS    =       169.1091
 EELEC  =    -52085.6031  EHBOND  =         0.0000  RESTRAINT  =         0.0000
 DV/DL  =        28.3905
 ------------------------------------------------------------------------------

  Softcore part of the system:      12 atoms,       TEMP(K)    =         293.09
 SC_Etot=        29.5647  SC_EKtot=        10.4837  SC_EPtot   =        19.0810
 SC_BOND=         2.1972  SC_ANGLE=         3.7265  SC_DIHED   =         0.2962
 SC_14NB=         0.0321  SC_14EEL=        26.9656  SC_VDW     =        -0.0595
 SC_EEL =       -14.0771
 SC_RES_DIST=     0.0000  SC_RES_ANG=       0.0000  SC_RES_TORS=         0.0000
 SC_EEL_DER=     32.7977  SC_VDW_DER=     -22.6458  SC_DERIV   =        10.1519
 ------------------------------------------------------------------------------


| TI region  2


 NSTEP =   165000   TIME(PS) =     165.000  TEMP(K) =   260.21  PRESS =     0.0
 Etot   =    -26595.4365  EKtot   =     16243.7907  EPtot      =    -42839.2272
 BOND   =      9077.2668  ANGLE   =         0.0000  DIHED      =         0.0000
 1-4 NB =         0.0000  1-4 EEL =         0.0000  VDWAALS    =       169.1091
 EELEC  =    -52085.6031  EHBOND  =         0.0000  RESTRAINT  =         0.0000
 DV/DL  =        28.3905
 ------------------------------------------------------------------------------

 NMR restraints: Bond =    0.000   Angle =     0.000   Torsion =     0.000
===============================================================================

| TI region  1


 NSTEP =   170000   TIME(PS) =     170.000  TEMP(K) =   268.92  PRESS =     0.0
 Etot   =    -25602.7872  EKtot   =     16797.6230  EPtot      =    -42400.4102
 BOND   =      9102.3508  ANGLE   =        -0.0000  DIHED      =         0.0000
 1-4 NB =         0.0000  1-4 EEL =         0.0000  VDWAALS    =       193.7453
 EELEC  =    -51696.5064  EHBOND  =         0.0000  RESTRAINT  =         0.0000
 DV/DL  =        35.4930
 ------------------------------------------------------------------------------

  Softcore part of the system:      12 atoms,       TEMP(K)    =         279.42
 SC_Etot=        32.1129  SC_EKtot=         9.9947  SC_EPtot   =        22.1182
 SC_BOND=         4.8708  SC_ANGLE=         2.6744  SC_DIHED   =         1.2595
 SC_14NB=         0.1518  SC_14EEL=        28.0804  SC_VDW     =        -0.0462
 SC_EEL =       -14.8725
 SC_RES_DIST=     0.0000  SC_RES_ANG=       0.0000  SC_RES_TORS=         0.0000
 SC_EEL_DER=     28.3991  SC_VDW_DER=     -14.4164  SC_DERIV   =        13.9827
 ------------------------------------------------------------------------------


| TI region  2


 NSTEP =   170000   TIME(PS) =     170.000  TEMP(K) =   268.92  PRESS =     0.0
 Etot   =    -25612.7819  EKtot   =     16787.6284  EPtot      =    -42400.4102
 BOND   =      9102.3508  ANGLE   =        -0.0000  DIHED      =         0.0000
 1-4 NB =         0.0000  1-4 EEL =         0.0000  VDWAALS    =       193.7453
 EELEC  =    -51696.5064  EHBOND  =         0.0000  RESTRAINT  =         0.0000
 DV/DL  =        35.4930
 ------------------------------------------------------------------------------

 NMR restraints: Bond =    0.000   Angle =     0.000   Torsion =     0.000
===============================================================================

| TI region  1


 NSTEP =   175000   TIME(PS) =     175.000  TEMP(K) =   276.71  PRESS =     0.0
 Etot   =    -24329.5455  EKtot   =     17284.1445  EPtot      =    -41613.6901
 BOND   =      9407.0100  ANGLE   =         0.0000  DIHED      =         0.0000
 1-4 NB =         0.0000  1-4 EEL =        -0.0000  VDWAALS    =        53.6873
 EELEC  =    -51074.3874  EHBOND  =         0.0000  RESTRAINT  =         0.0000
 DV/DL  =        29.3258
 ------------------------------------------------------------------------------

  Softcore part of the system:      12 atoms,       TEMP(K)    =         265.67
 SC_Etot=        32.3239  SC_EKtot=         9.5030  SC_EPtot   =        22.8209
 SC_BOND=         3.9926  SC_ANGLE=         4.2355  SC_DIHED   =         1.5100
 SC_14NB=         0.1194  SC_14EEL=        26.6615  SC_VDW     =        -0.0448
 SC_EEL =       -13.6532
 SC_RES_DIST=     0.0000  SC_RES_ANG=       0.0000  SC_RES_TORS=         0.0000
 SC_EEL_DER=     14.9081  SC_VDW_DER=      -4.3120  SC_DERIV   =        10.5962
 ------------------------------------------------------------------------------


| TI region  2


 NSTEP =   175000   TIME(PS) =     175.000  TEMP(K) =   276.72  PRESS =     0.0
 Etot   =    -24339.0485  EKtot   =     17274.6416  EPtot      =    -41613.6901
 BOND   =      9407.0100  ANGLE   =         0.0000  DIHED      =         0.0000
 1-4 NB =         0.0000  1-4 EEL =        -0.0000  VDWAALS    =        53.6873
 EELEC  =    -51074.3874  EHBOND  =         0.0000  RESTRAINT  =         0.0000
 DV/DL  =        29.3258
 ------------------------------------------------------------------------------

 NMR restraints: Bond =    0.000   Angle =     0.000   Torsion =     0.000
===============================================================================

| TI region  1


 NSTEP =   180000   TIME(PS) =     180.000  TEMP(K) =   281.52  PRESS =     0.0
 Etot   =    -23388.0839  EKtot   =     17584.3457  EPtot      =    -40972.4297
 BOND   =      9626.3905  ANGLE   =        -0.0000  DIHED      =         0.0000
 1-4 NB =         0.0000  1-4 EEL =         0.0000  VDWAALS    =        72.8302
 EELEC  =    -50671.6504  EHBOND  =         0.0000  RESTRAINT  =         0.0000
 DV/DL  =        52.5067
 ------------------------------------------------------------------------------

  Softcore part of the system:      12 atoms,       TEMP(K)    =         293.82
 SC_Etot=        28.8163  SC_EKtot=        10.5097  SC_EPtot   =        18.3066
 SC_BOND=         3.6918  SC_ANGLE=         1.7018  SC_DIHED   =         0.1793
 SC_14NB=         0.0165  SC_14EEL=        26.1309  SC_VDW     =        -0.0603
 SC_EEL =       -13.3533
 SC_RES_DIST=     0.0000  SC_RES_ANG=       0.0000  SC_RES_TORS=         0.0000
 SC_EEL_DER=     30.7830  SC_VDW_DER=      -3.6354  SC_DERIV   =        27.1475
 ------------------------------------------------------------------------------


| TI region  2


 NSTEP =   180000   TIME(PS) =     180.000  TEMP(K) =   281.51  PRESS =     0.0
 Etot   =    -23398.5936  EKtot   =     17573.8360  EPtot      =    -40972.4297
 BOND   =      9626.3905  ANGLE   =        -0.0000  DIHED      =         0.0000
 1-4 NB =         0.0000  1-4 EEL =         0.0000  VDWAALS    =        72.8302
 EELEC  =    -50671.6504  EHBOND  =         0.0000  RESTRAINT  =         0.0000
 DV/DL  =        52.5067
 ------------------------------------------------------------------------------

 NMR restraints: Bond =    0.000   Angle =     0.000   Torsion =     0.000
===============================================================================

| TI region  1


 NSTEP =   185000   TIME(PS) =     185.000  TEMP(K) =   292.45  PRESS =     0.0
 Etot   =    -22076.4566  EKtot   =     18267.0898  EPtot      =    -40343.5465
 BOND   =      9837.1211  ANGLE   =         0.0000  DIHED      =         0.0000
 1-4 NB =         0.0000  1-4 EEL =         0.0000  VDWAALS    =        15.5623
 EELEC  =    -50196.2299  EHBOND  =         0.0000  RESTRAINT  =         0.0000
 DV/DL  =        41.4337
 ------------------------------------------------------------------------------

  Softcore part of the system:      12 atoms,       TEMP(K)    =         343.83
 SC_Etot=        34.1350  SC_EKtot=        12.2986  SC_EPtot   =        21.8364
 SC_BOND=         2.7533  SC_ANGLE=         4.9895  SC_DIHED   =         0.5088
 SC_14NB=         0.1003  SC_14EEL=        28.2809  SC_VDW     =        -0.0612
 SC_EEL =       -14.7352
 SC_RES_DIST=     0.0000  SC_RES_ANG=       0.0000  SC_RES_TORS=         0.0000
 SC_EEL_DER=     29.8329  SC_VDW_DER=     -11.3870  SC_DERIV   =        18.4459
 ------------------------------------------------------------------------------


| TI region  2


 NSTEP =   185000   TIME(PS) =     185.000  TEMP(K) =   292.42  PRESS =     0.0
 Etot   =    -22088.7553  EKtot   =     18254.7912  EPtot      =    -40343.5465
 BOND   =      9837.1211  ANGLE   =         0.0000  DIHED      =         0.0000
 1-4 NB =         0.0000  1-4 EEL =         0.0000  VDWAALS    =        15.5623
 EELEC  =    -50196.2299  EHBOND  =         0.0000  RESTRAINT  =         0.0000
 DV/DL  =        41.4337
 ------------------------------------------------------------------------------

 NMR restraints: Bond =    0.000   Angle =     0.000   Torsion =     0.000
===============================================================================

| TI region  1


 NSTEP =   190000   TIME(PS) =     190.000  TEMP(K) =   299.58  PRESS =     0.0
 Etot   =    -21270.8599  EKtot   =     18712.2168  EPtot      =    -39983.0767
 BOND   =      9842.5776  ANGLE   =        -0.0000  DIHED      =         0.0000
 1-4 NB =         0.0000  1-4 EEL =         0.0000  VDWAALS    =        -5.7651
 EELEC  =    -49819.8893  EHBOND  =         0.0000  RESTRAINT  =         0.0000
 DV/DL  =        22.1339
 ------------------------------------------------------------------------------

  Softcore part of the system:      12 atoms,       TEMP(K)    =         298.43
 SC_Etot=        31.7705  SC_EKtot=        10.6745  SC_EPtot   =        21.0960
 SC_BOND=         4.1740  SC_ANGLE=         2.0990  SC_DIHED   =         0.8645
 SC_14NB=         0.3295  SC_14EEL=        29.4643  SC_VDW     =        -0.0472
 SC_EEL =       -15.7880
 SC_RES_DIST=     0.0000  SC_RES_ANG=       0.0000  SC_RES_TORS=         0.0000
 SC_EEL_DER=      9.9414  SC_VDW_DER=      -4.6857  SC_DERIV   =         5.2557
 ------------------------------------------------------------------------------


| TI region  2


 NSTEP =   190000   TIME(PS) =     190.000  TEMP(K) =   299.58  PRESS =     0.0
 Etot   =    -21281.5344  EKtot   =     18701.5423  EPtot      =    -39983.0767
 BOND   =      9842.5776  ANGLE   =        -0.0000  DIHED      =         0.0000
 1-4 NB =         0.0000  1-4 EEL =         0.0000  VDWAALS    =        -5.7651
 EELEC  =    -49819.8893  EHBOND  =         0.0000  RESTRAINT  =         0.0000
 DV/DL  =        22.1339
 ------------------------------------------------------------------------------

 NMR restraints: Bond =    0.000   Angle =     0.000   Torsion =     0.000
===============================================================================

| TI region  1


 NSTEP =   195000   TIME(PS) =     195.000  TEMP(K) =   302.48  PRESS =     0.0
 Etot   =    -20995.5457  EKtot   =     18893.3340  EPtot      =    -39888.8797
 BOND   =      9865.5425  ANGLE   =        -0.0000  DIHED      =         0.0000
 1-4 NB =         0.0000  1-4 EEL =         0.0000  VDWAALS    =      -145.3196
 EELEC  =    -49609.1026  EHBOND  =         0.0000  RESTRAINT  =         0.0000
 DV/DL  =        12.8087
 ------------------------------------------------------------------------------

  Softcore part of the system:      12 atoms,       TEMP(K)    =         287.17
 SC_Etot=        29.3374  SC_EKtot=        10.2720  SC_EPtot   =        19.0654
 SC_BOND=         2.7846  SC_ANGLE=         2.7780  SC_DIHED   =         0.2035
 SC_14NB=         0.0689  SC_14EEL=        28.2039  SC_VDW     =        -0.0462
 SC_EEL =       -14.9274
 SC_RES_DIST=     0.0000  SC_RES_ANG=       0.0000  SC_RES_TORS=         0.0000
 SC_EEL_DER=      2.4248  SC_VDW_DER=      -5.8757  SC_DERIV   =        -3.4509
 ------------------------------------------------------------------------------


| TI region  2


 NSTEP =   195000   TIME(PS) =     195.000  TEMP(K) =   302.48  PRESS =     0.0
 Etot   =    -21005.8178  EKtot   =     18883.0620  EPtot      =    -39888.8797
 BOND   =      9865.5425  ANGLE   =        -0.0000  DIHED      =         0.0000
 1-4 NB =         0.0000  1-4 EEL =         0.0000  VDWAALS    =      -145.3196
 EELEC  =    -49609.1026  EHBOND  =         0.0000  RESTRAINT  =         0.0000
 DV/DL  =        12.8087
 ------------------------------------------------------------------------------

 NMR restraints: Bond =    0.000   Angle =     0.000   Torsion =     0.000
===============================================================================

| TI region  1


 NSTEP =   200000   TIME(PS) =     200.000  TEMP(K) =   299.87  PRESS =     0.0
 Etot   =    -21106.8502  EKtot   =     18730.4707  EPtot      =    -39837.3209
 BOND   =      9920.9556  ANGLE   =        -0.0000  DIHED      =         0.0000
 1-4 NB =         0.0000  1-4 EEL =         0.0000  VDWAALS    =       -21.8743
 EELEC  =    -49736.4022  EHBOND  =         0.0000  RESTRAINT  =         0.0000
 DV/DL  =        20.2319
 ------------------------------------------------------------------------------

  Softcore part of the system:      12 atoms,       TEMP(K)    =         278.40
 SC_Etot=        32.1579  SC_EKtot=         9.9583  SC_EPtot   =        22.1997
 SC_BOND=         3.2605  SC_ANGLE=         4.7439  SC_DIHED   =         0.2866
 SC_14NB=         0.7058  SC_14EEL=        27.3633  SC_VDW     =        -0.0657
 SC_EEL =       -14.0948
 SC_RES_DIST=     0.0000  SC_RES_ANG=       0.0000  SC_RES_TORS=         0.0000
 SC_EEL_DER=      8.7557  SC_VDW_DER=      -4.9331  SC_DERIV   =         3.8226
 ------------------------------------------------------------------------------


| TI region  2


 NSTEP =   200000   TIME(PS) =     200.000  TEMP(K) =   299.88  PRESS =     0.0
 Etot   =    -21116.8085  EKtot   =     18720.5124  EPtot      =    -39837.3209
 BOND   =      9920.9556  ANGLE   =        -0.0000  DIHED      =         0.0000
 1-4 NB =         0.0000  1-4 EEL =         0.0000  VDWAALS    =       -21.8743
 EELEC  =    -49736.4022  EHBOND  =         0.0000  RESTRAINT  =         0.0000
 DV/DL  =        20.2319
 ------------------------------------------------------------------------------

 NMR restraints: Bond =    0.000   Angle =     0.000   Torsion =     0.000
===============================================================================

| TI region  1


      A V E R A G E S   O V E R      40 S T E P S


 NSTEP =   200000   TIME(PS) =     200.000  TEMP(K) =   160.72  PRESS =     0.0
 Etot   =    -42033.8465  EKtot   =     10039.1671  EPtot      =    -52073.0136
 BOND   =      7125.2095  ANGLE   =         0.0000  DIHED      =         0.0000
 1-4 NB =         0.0000  1-4 EEL =         0.0000  VDWAALS    =      1930.4272
 EELEC  =    -61128.6504  EHBOND  =         0.0000  RESTRAINT  =         0.0000
 DV/DL  =        41.2635
 ------------------------------------------------------------------------------

 NMR restraints: Bond =    0.000   Angle =     0.000   Torsion =     0.000
===============================================================================
  Softcore part of the system:      12 atoms,       TEMP(K)    =         158.72
 SC_Etot=        24.5126  SC_EKtot=         5.6773  SC_EPtot   =        18.8353
 SC_BOND=         2.2600  SC_ANGLE=         2.2516  SC_DIHED   =         0.5472
 SC_14NB=         0.3610  SC_14EEL=        38.0396  SC_VDW     =        -0.0899
 SC_EEL =       -24.5342
 SC_RES_DIST=     0.0000  SC_RES_ANG=       0.0000  SC_RES_TORS=         0.0000
 SC_EEL_DER=     26.6184  SC_VDW_DER=      -7.3037  SC_DERIV   =        19.3147
 ------------------------------------------------------------------------------


      R M S  F L U C T U A T I O N S


 NSTEP =   200000   TIME(PS) =     200.000  TEMP(K) =    90.39  PRESS =     0.0
 Etot   =     13614.7239  EKtot   =      5646.2690  EPtot      =      7982.1927
 BOND   =      1784.6330  ANGLE   =         0.0000  DIHED      =         0.0000
 1-4 NB =         0.0000  1-4 EEL =         0.0000  VDWAALS    =      1627.6629
 EELEC  =      7825.0292  EHBOND  =         0.0000  RESTRAINT  =         0.0000
 DV/DL  =        10.3105
 ------------------------------------------------------------------------------

  Softcore part of the system:      12 atoms,       TEMP(K)    =         100.01
 SC_Etot=         5.5526  SC_EKtot=         3.5772  SC_EPtot   =         2.2871
 SC_BOND=         1.4281  SC_ANGLE=         1.2680  SC_DIHED   =         0.3790
 SC_14NB=         0.2572  SC_14EEL=         5.3779  SC_VDW     =         0.0309
 SC_EEL =         5.2101
 SC_RES_DIST=     0.0000  SC_RES_ANG=       0.0000  SC_RES_TORS=         0.0000
 SC_EEL_DER=      9.5434  SC_VDW_DER=       4.4808  SC_DERIV   =         8.2377
 ------------------------------------------------------------------------------


| TI region  2


      A V E R A G E S   O V E R      40 S T E P S


 NSTEP =   200000   TIME(PS) =     200.000  TEMP(K) =   160.72  PRESS =     0.0
 Etot   =    -42039.5238  EKtot   =     10033.4898  EPtot      =    -52073.0136
 BOND   =      7125.2095  ANGLE   =         0.0000  DIHED      =         0.0000
 1-4 NB =         0.0000  1-4 EEL =         0.0000  VDWAALS    =      1930.4272
 EELEC  =    -61128.6504  EHBOND  =         0.0000  RESTRAINT  =         0.0000
 DV/DL  =        41.2635
 ------------------------------------------------------------------------------

 NMR restraints: Bond =    0.000   Angle =     0.000   Torsion =     0.000
===============================================================================

      R M S  F L U C T U A T I O N S


 NSTEP =   200000   TIME(PS) =     200.000  TEMP(K) =    90.39  PRESS =     0.0
 Etot   =     13611.4128  EKtot   =      5642.9483  EPtot      =      7982.1927
 BOND   =      1784.6330  ANGLE   =         0.0000  DIHED      =         0.0000
 1-4 NB =         0.0000  1-4 EEL =         0.0000  VDWAALS    =      1627.6629
 EELEC  =      7825.0292  EHBOND  =         0.0000  RESTRAINT  =         0.0000
 DV/DL  =        10.3105
 ------------------------------------------------------------------------------


      DV/DL, AVERAGES OVER      40 STEPS


 NSTEP =   200000   TIME(PS) =     200.000  TEMP(K) =    90.39  PRESS =     0.0
 Etot   =         0.0000  EKtot   =         0.0000  EPtot      =        41.2635
 BOND   =         0.0000  ANGLE   =         0.0000  DIHED      =         0.0000
 1-4 NB =         0.0000  1-4 EEL =         0.0000  VDWAALS    =         7.8023
 EELEC  =        14.1466  EHBOND  =         0.0000  RESTRAINT  =         0.0000
 DV/DL  =        41.2635
 ------------------------------------------------------------------------------


 NMR restraints on final step:

--------------------------------------------------------------------------------
   5.  TIMINGS
--------------------------------------------------------------------------------

|  NonSetup CPU Time in Major Routines:
|
|     Routine           Sec        %
|     ------------------------------
|     Nonbond         152.68   30.62
|     Bond              0.00    0.00
|     Angle             0.00    0.00
|     Dihedral          0.00    0.00
|     Shake             0.00    0.00
|     RunMD           345.15   69.21
|     Other             0.84    0.17
|     ------------------------------
|     Total           498.66

|  PME Nonbond Pairlist CPU Time:
|
|     Routine              Sec        %
|     ---------------------------------
|     Set Up Cit           0.00    0.00
|     Build List           0.00    0.00
|     ---------------------------------
|     Total                0.00    0.00

|  PME Direct Force CPU Time:
|
|     Routine              Sec        %
|     ---------------------------------
|     NonBonded Calc       0.00    0.00
|     Exclude Masked       0.00    0.00
|     Other                0.58    0.12
|     ---------------------------------
|     Total                0.58    0.12

|  PME Reciprocal Force CPU Time:
|
|     Routine              Sec        %
|     ---------------------------------
|     1D bspline           0.00    0.00
|     Grid Charges         0.00    0.00
|     Scalar Sum           0.00    0.00
|     Gradient Sum         0.00    0.00
|     FFT                  0.00    0.00
|     ---------------------------------
|     Total                0.00    0.00

|  Final Performance Info:
|     -----------------------------------------------------
|     Average timings for last       1 steps:
|     Elapsed(s) =       0.00 Per Step(ms) =       1.83
|         ns/day =      47.10   seconds/ns =    1834.23
|
|     Average timings for all steps:
|     Elapsed(s) =     499.51 Per Step(ms) =       2.50
|         ns/day =      34.59   seconds/ns =    2497.55
|     -----------------------------------------------------

|  Setup CPU time:            0.48 seconds
|  NonSetup CPU time:       498.66 seconds
|  Total CPU time:          499.14 seconds     0.14 hours

|  Setup wall time:           1    seconds
|  NonSetup wall time:      499    seconds
|  Total wall time:         500    seconds     0.14 hours
