
          -------------------------------------------------------
          Amber 18 PMEMD                              2018
          -------------------------------------------------------

| PMEMD implementation of SANDER, Release 18

| Run on 07/30/2020 at 16:00:04

|   Executable path: /opt/software/Amber/18-foss-2018b-AmberTools-19/bin/pmemd.cuda
| Working directory: /mnt/gs18/scratch/users/songlin3/run/ti_en/tip3p_onestep_gas/0.79366
|          Hostname: lac-347

  [-O]verwriting output

File Assignments:
|   MDIN: heat.in                                                               
|  MDOUT: heat.out                                                              
| INPCRD: min.rst                                                               
|   PARM: en_step2_final.prmtop                                                 
| RESTRT: heat.rst                                                              
|   REFC: min.rst                                                               
|  MDVEL: mdvel                                                                 
|   MDEN: mden                                                                  
|  MDCRD: heat.netcdf                                                           
| MDINFO: heat.mdinfo                                                           
|  MDFRC: mdfrc                                                                 


 Here is the input file:

nvt for free MD                                                                
 &cntrl                                                                        
  imin=0,                                                                      
  irest=0,                                                                     
  ntx=1,                                                                       
  ig=-1,                                                                       
  nstlim=200000,                                                               
  dt=0.001,                                                                    
  cut=10.0,                                                                    
  ntc=1,                                                                       
  ntf=1,                                                                       
  ntb=1,                                                                       
  ntt=3,                                                                       
  gamma_ln=2.0,                                                                
  tempi=0.0,                                                                   
  temp0=300.0,                                                                 
  ntpr=5000,                                                                   
  ntwr=5000,                                                                   
  ntwx=10000,                                                                  
  ntwv=0,                                                                      
  ioutfm=1,                                                                    
  iwrap=0,                                                                     
  nmropt=1,                                                                    
  ifsc = 1, icfe=1,                                                            
  clambda=0.79366,                                                             
  timask1=':1', scmask1=':1', scmask2='',                                      
  timask2='',                                                                  
/                                                                              
&wt TYPE='TEMP0', istep1=0, istep2=190000, value1=0.0, value2=300.0 /          
&wt TYPE='TEMP0', istep1=190001, istep2=200000, value1=300.0, value2=300.0 /   
&wt TYPE='DUMPFREQ', istep1=10000, /                                           
&wt TYPE='END', /                                                              


Note: ig = -1. Setting random seed to   973524 based on wallclock time in 
      microseconds.
| irandom = 1, using AMBER's internal random number generator (default).
 
|--------------------- INFORMATION ----------------------
| GPU (CUDA) Version of PMEMD in use: NVIDIA GPU IN USE.
|                    Version 18.0.0
| 
|                      03/25/2018
| 
| Implementation by:
|                    Ross C. Walker     (SDSC)
|                    Scott Le Grand     (nVIDIA)
| 
| Version 18 performance extensions by:
|                    David Cerutti     (Rutgers)
| 
| Precision model in use:
|      [SPFP] - Single Precision Forces, 64-bit Fixed Point
|               Accumulation. (Default)
| 
|--------------------------------------------------------
 
|----------------- CITATION INFORMATION -----------------
|
|    When publishing work that utilized the CUDA version
|    of AMBER, please cite the following in addition to
|    the regular AMBER citations:
|
|  - Romelia Salomon-Ferrer; Andreas W. Goetz; Duncan
|    Poole; Scott Le Grand; Ross C. Walker "Routine
|    microsecond molecular dynamics simulations with
|    AMBER - Part II: Particle Mesh Ewald", J. Chem.
|    Theory Comput., 2013, 9 (9), pp3878-3888,
|    DOI: 10.1021/ct400314y.
|
|  - Andreas W. Goetz; Mark J. Williamson; Dong Xu;
|    Duncan Poole; Scott Le Grand; Ross C. Walker
|    "Routine microsecond molecular dynamics simulations
|    with AMBER - Part I: Generalized Born", J. Chem.
|    Theory Comput., 2012, 8 (5), pp1542-1555.
|
|  - Scott Le Grand; Andreas W. Goetz; Ross C. Walker
|    "SPFP: Speed without compromise - a mixed precision
|    model for GPU accelerated molecular dynamics
|    simulations.", Comp. Phys. Comm., 2013, 184
|    pp374-380, DOI: 10.1016/j.cpc.2012.09.022
|
|    When publishing work that utilized the CUDA version
|    of TI, BAR, MBAR or FEP please cite the following 
|    three publications in addition to the regular AMBER 
|    GPU citations:
|
|  - Daniel J. Mermelstein; Charles Lin; Gard Nelson; 
|    Rachael Kretsch; J. Andrew McCammon; Ross C. Walker
|    "Fast and Flexible GPU Accelerated Binding 
|    Free Energy Calculations within the AMBER Molecular
|    Dynamics Package" J. Comp. Chem., 2018,
|    DOI: 10.1002/jcc.25187
|
|  - Tai-Sung Lee; Yuan Hu; Brad Sherborne; Zhuyan Guo;
|    Darrin M. York
|    "Toward Fast and Accurate Binding Affinity Prediction with
|    pmemdGTI: An Efficient Implementation of GPU-Accelerated
|    Thermodynamic Integration"
|    J. Chem. Theory Comput., 2017, 13 (7), 3077
|
|
|--------------------------------------------------------
 
|------------------- GPU DEVICE INFO --------------------
|
|            CUDA_VISIBLE_DEVICES: 0
|   CUDA Capable Devices Detected:      1
|           CUDA Device ID in use:      0
|                CUDA Device Name: Tesla K80
|     CUDA Device Global Mem Size:  11441 MB
| CUDA Device Num Multiprocessors:     13
|           CUDA Device Core Freq:   0.82 GHz
|
|--------------------------------------------------------
 
 
| Conditional Compilation Defines Used:
| PUBFFT
| BINTRAJ
| CUDA
| EMIL

| Largest sphere to fit in unit cell has radius =    27.375

| New format PARM file being parsed.
| Version =    1.000 Date = 07/20/20 Time = 14:57:51

| Note: 1-4 EEL scale factors are being read from the topology file.

| Note: 1-4 VDW scale factors are being read from the topology file.
| Duplicated    0 dihedrals

| Duplicated    0 dihedrals

--------------------------------------------------------------------------------
   1.  RESOURCE   USE: 
--------------------------------------------------------------------------------

 getting box info from netcdf restart file
 NATOM  =      12 NTYPES =       6 NBONH =       8 MBONA  =       3
 NTHETH =      16 MTHETA =       2 NPHIH =      20 MPHIA  =       1
 NHPARM =       0 NPARM  =       0 NNB   =      51 NRES   =       1
 NBONA  =       3 NTHETA =       2 NPHIA =       1 NUMBND =       4
 NUMANG =       6 NPTRA  =       2 NATYP =       6 NPHB   =       1
 IFBOX  =       2 NMXRS  =      12 IFCAP =       0 NEXTRA =       0
 NCOPY  =       0

| Coordinate Index Table dimensions:    10   10   10
| Direct force subcell size =     6.7054    6.7054    6.7054

     BOX TYPE: TRUNCATED OCTAHEDRON

--------------------------------------------------------------------------------
   2.  CONTROL  DATA  FOR  THE  RUN
--------------------------------------------------------------------------------

default_name                                                                    

General flags:
     imin    =       0, nmropt  =       1

Nature and format of input:
     ntx     =       1, irest   =       0, ntrx    =       1

Nature and format of output:
     ntxo    =       2, ntpr    =    5000, ntrx    =       1, ntwr    =    5000
     iwrap   =       0, ntwx    =   10000, ntwv    =       0, ntwe    =       0
     ioutfm  =       1, ntwprt  =       0, idecomp =       0, rbornstat=      0

Potential function:
     ntf     =       1, ntb     =       1, igb     =       0, nsnb    =      25
     ipol    =       0, gbsa    =       0, iesp    =       0
     dielc   =   1.00000, cut     =  10.00000, intdiel =   1.00000

Frozen or restrained atoms:
     ibelly  =       0, ntr     =       0

Molecular dynamics:
     nstlim  =    200000, nscm    =      1000, nrespa  =         1
     t       =   0.00000, dt      =   0.00100, vlimit  =  -1.00000

Langevin dynamics temperature regulation:
     ig      =  973524
     temp0   = 300.00000, tempi   =   0.00000, gamma_ln=   2.00000

NMR refinement options:
     iscale  =       0, noeskp  =       1, ipnlty  =       1, mxsub   =       1
     scalm   = 100.00000, pencut  =   0.10000, tausw   =   0.10000

Free energy options:
     icfe    =       1, ifsc    =       1, klambda =       1
     clambda =  0.7937, scalpha =  0.5000, scbeta  = 12.0000
     sceeorder =       2
     dynlmb =  0.0000 logdvdl =       0

| Intermolecular bonds treatment:
|     no_intermolecular_bonds =       1

| Energy averages sample interval:
|     ene_avg_sampling =    5000

Ewald parameters:
     verbose =       0, ew_type =       0, nbflag  =       1, use_pme =       1
     vdwmeth =       1, eedmeth =       1, netfrc  =       1
     Box X =   67.054   Box Y =   67.054   Box Z =   67.054
     Alpha =  109.471   Beta  =  109.471   Gamma =  109.471
     NFFT1 =   64       NFFT2 =   64       NFFT3 =   64
     Cutoff=   10.000   Tol   =0.100E-04
     Ewald Coefficient =  0.27511
     Interpolation order =    4
     TI Mask 1 :1; matches     12 atoms
     TI Mask 2  matches      0 atoms
     TI region 1:      12 atoms
     TI region 2:       0 atoms
     SC Mask 1 :1; matches     12 atoms

--------------------------------------------------------------------------------
   3.  ATOMIC COORDINATES AND VELOCITIES
--------------------------------------------------------------------------------

default_name                                                                    
 begin time read from input coords =     0.000 ps



           Begin reading energy term weight changes/NMR restraints
 WEIGHT CHANGES:
 TEMP0         0 190000    0.000000  300.000000      0      0
 TEMP0    190001 200000  300.000000  300.000000      0      0
 DUMPFREQ  10000      0    0.000000    0.000000      0      0

 RESTRAINTS:
                          ** No restraint defined **

                  Done reading weight changes/NMR restraints


 
 Number of triangulated 3-point waters found:        0
 Number of shake restraints removed in TI region  1 :        0
 Number of shake restraints removed in TI region  2 :        0

     Sum of charges for TI region  1 =  -0.00000000
     Forcing neutrality...


     Sum of charges for TI region  2 =   0.00000000
     Forcing neutrality...

| Dynamic Memory, Types Used:
| Reals              144045
| Integers             1225

| Nonbonded Pairs Initial Allocation:        3629

| GPU memory information (estimate):
| KB of GPU memory in use:         0
| KB of CPU memory in use:         0

--------------------------------------------------------------------------------
   4.  RESULTS
--------------------------------------------------------------------------------

   DOF for the SC part  1 of the system:   36

| TI region  1


 NSTEP =        0   TIME(PS) =       0.000  TEMP(K) =     0.00  PRESS =     0.0
 Etot   =        -0.0003  EKtot   =         0.0000  EPtot      =        -0.0003
 BOND   =         0.0000  ANGLE   =         0.0000  DIHED      =        -0.0000
 1-4 NB =         0.0000  1-4 EEL =         0.0000  VDWAALS    =        -0.0000
 EELEC  =        -0.0002  EHBOND  =         0.0000  RESTRAINT  =         0.0000
 DV/DL  =         0.0013
 ------------------------------------------------------------------------------

  Softcore part of the system:      12 atoms,       TEMP(K)    =           0.00
 SC_Etot=        13.8015  SC_EKtot=         0.0000  SC_EPtot   =        13.8015
 SC_BOND=         0.0444  SC_ANGLE=         0.1434  SC_DIHED   =         0.3280
 SC_14NB=         0.4103  SC_14EEL=        40.4522  SC_VDW     =        -0.0883
 SC_EEL =       -27.4886
 SC_RES_DIST=     0.0000  SC_RES_ANG=       0.0000  SC_RES_TORS=         0.0000
 SC_EEL_DER=      0.0000  SC_VDW_DER=       0.0000  SC_DERIV   =         0.0000
 ------------------------------------------------------------------------------


| TI region  2


 NSTEP =        0   TIME(PS) =       0.000  TEMP(K) =      NaN  PRESS =     0.0
 Etot   =        -0.0003  EKtot   =         0.0000  EPtot      =        -0.0003
 BOND   =         0.0000  ANGLE   =         0.0000  DIHED      =        -0.0000
 1-4 NB =         0.0000  1-4 EEL =         0.0000  VDWAALS    =        -0.0000
 EELEC  =        -0.0002  EHBOND  =         0.0000  RESTRAINT  =         0.0000
 DV/DL  =         0.0013
 ------------------------------------------------------------------------------

 NMR restraints: Bond =    0.000   Angle =     0.000   Torsion =     0.000
===============================================================================

| TI region  1


 NSTEP =     5000   TIME(PS) =       5.000  TEMP(K) =     8.02  PRESS =     0.0
 Etot   =         0.2870  EKtot   =         0.2870  EPtot      =         0.0000
 BOND   =        -0.0000  ANGLE   =        -0.0000  DIHED      =        -0.0000
 1-4 NB =         0.0000  1-4 EEL =         0.0000  VDWAALS    =        -0.0000
 EELEC  =         0.0001  EHBOND  =         0.0000  RESTRAINT  =         0.0000
 DV/DL  =        -0.0002
 ------------------------------------------------------------------------------

  Softcore part of the system:      12 atoms,       TEMP(K)    =           8.02
 SC_Etot=        14.4217  SC_EKtot=         0.2870  SC_EPtot   =        14.1348
 SC_BOND=         0.2416  SC_ANGLE=         0.3254  SC_DIHED   =         0.5684
 SC_14NB=         0.4353  SC_14EEL=        40.1819  SC_VDW     =        -0.0908
 SC_EEL =       -27.5271
 SC_RES_DIST=     0.0000  SC_RES_ANG=       0.0000  SC_RES_TORS=         0.0000
 SC_EEL_DER=      0.0000  SC_VDW_DER=       0.0000  SC_DERIV   =         0.0000
 ------------------------------------------------------------------------------


| TI region  2


 NSTEP =     5000   TIME(PS) =       5.000  TEMP(K) = Infinity  PRESS =     0.0
 Etot   =         0.0000  EKtot   =         0.0000  EPtot      =         0.0000
 BOND   =        -0.0000  ANGLE   =        -0.0000  DIHED      =        -0.0000
 1-4 NB =         0.0000  1-4 EEL =         0.0000  VDWAALS    =        -0.0000
 EELEC  =         0.0001  EHBOND  =         0.0000  RESTRAINT  =         0.0000
 DV/DL  =        -0.0002
 ------------------------------------------------------------------------------

 NMR restraints: Bond =    0.000   Angle =     0.000   Torsion =     0.000
===============================================================================

| TI region  1


 NSTEP =    10000   TIME(PS) =      10.000  TEMP(K) =    15.39  PRESS =     0.0
 Etot   =         0.5504  EKtot   =         0.5506  EPtot      =        -0.0002
 BOND   =         0.0000  ANGLE   =        -0.0000  DIHED      =        -0.0000
 1-4 NB =         0.0000  1-4 EEL =         0.0000  VDWAALS    =        -0.0000
 EELEC  =        -0.0002  EHBOND  =         0.0000  RESTRAINT  =         0.0000
 DV/DL  =         0.0009
 ------------------------------------------------------------------------------

  Softcore part of the system:      12 atoms,       TEMP(K)    =          15.39
 SC_Etot=        14.8945  SC_EKtot=         0.5506  SC_EPtot   =        14.3439
 SC_BOND=         0.1314  SC_ANGLE=         0.4431  SC_DIHED   =         0.2976
 SC_14NB=         0.4995  SC_14EEL=        41.3643  SC_VDW     =        -0.0900
 SC_EEL =       -28.3021
 SC_RES_DIST=     0.0000  SC_RES_ANG=       0.0000  SC_RES_TORS=         0.0000
 SC_EEL_DER=      0.0000  SC_VDW_DER=       0.0000  SC_DERIV   =         0.0000
 ------------------------------------------------------------------------------


| TI region  2


 NSTEP =    10000   TIME(PS) =      10.000  TEMP(K) = Infinity  PRESS =     0.0
 Etot   =        -0.0002  EKtot   =         0.0000  EPtot      =        -0.0002
 BOND   =         0.0000  ANGLE   =        -0.0000  DIHED      =        -0.0000
 1-4 NB =         0.0000  1-4 EEL =         0.0000  VDWAALS    =        -0.0000
 EELEC  =        -0.0002  EHBOND  =         0.0000  RESTRAINT  =         0.0000
 DV/DL  =         0.0009
 ------------------------------------------------------------------------------

 NMR restraints: Bond =    0.000   Angle =     0.000   Torsion =     0.000
===============================================================================

| TI region  1


 NSTEP =    15000   TIME(PS) =      15.000  TEMP(K) =    21.56  PRESS =     0.0
 Etot   =         0.7711  EKtot   =         0.7714  EPtot      =        -0.0002
 BOND   =         0.0000  ANGLE   =        -0.0000  DIHED      =        -0.0000
 1-4 NB =         0.0000  1-4 EEL =        -0.0000  VDWAALS    =        -0.0000
 EELEC  =        -0.0002  EHBOND  =         0.0000  RESTRAINT  =         0.0000
 DV/DL  =         0.0011
 ------------------------------------------------------------------------------

  Softcore part of the system:      12 atoms,       TEMP(K)    =          21.56
 SC_Etot=        15.2765  SC_EKtot=         0.7714  SC_EPtot   =        14.5052
 SC_BOND=         0.4636  SC_ANGLE=         0.4321  SC_DIHED   =         0.3769
 SC_14NB=         0.3847  SC_14EEL=        40.0381  SC_VDW     =        -0.0840
 SC_EEL =       -27.1064
 SC_RES_DIST=     0.0000  SC_RES_ANG=       0.0000  SC_RES_TORS=         0.0000
 SC_EEL_DER=      0.0000  SC_VDW_DER=       0.0000  SC_DERIV   =         0.0000
 ------------------------------------------------------------------------------


| TI region  2


 NSTEP =    15000   TIME(PS) =      15.000  TEMP(K) = Infinity  PRESS =     0.0
 Etot   =        -0.0002  EKtot   =         0.0000  EPtot      =        -0.0002
 BOND   =         0.0000  ANGLE   =        -0.0000  DIHED      =        -0.0000
 1-4 NB =         0.0000  1-4 EEL =        -0.0000  VDWAALS    =        -0.0000
 EELEC  =        -0.0002  EHBOND  =         0.0000  RESTRAINT  =         0.0000
 DV/DL  =         0.0011
 ------------------------------------------------------------------------------

 NMR restraints: Bond =    0.000   Angle =     0.000   Torsion =     0.000
===============================================================================

| TI region  1


 NSTEP =    20000   TIME(PS) =      20.000  TEMP(K) =    35.01  PRESS =     0.0
 Etot   =         1.2522  EKtot   =         1.2523  EPtot      =        -0.0001
 BOND   =        -0.0000  ANGLE   =        -0.0000  DIHED      =        -0.0000
 1-4 NB =         0.0000  1-4 EEL =        -0.0000  VDWAALS    =        -0.0000
 EELEC  =        -0.0001  EHBOND  =         0.0000  RESTRAINT  =         0.0000
 DV/DL  =         0.0005
 ------------------------------------------------------------------------------

  Softcore part of the system:      12 atoms,       TEMP(K)    =          35.01
 SC_Etot=        15.7733  SC_EKtot=         1.2523  SC_EPtot   =        14.5210
 SC_BOND=         0.4023  SC_ANGLE=         0.4495  SC_DIHED   =         0.7345
 SC_14NB=         0.4025  SC_14EEL=        39.8583  SC_VDW     =        -0.0895
 SC_EEL =       -27.2366
 SC_RES_DIST=     0.0000  SC_RES_ANG=       0.0000  SC_RES_TORS=         0.0000
 SC_EEL_DER=      0.0000  SC_VDW_DER=       0.0000  SC_DERIV   =         0.0000
 ------------------------------------------------------------------------------


| TI region  2


 NSTEP =    20000   TIME(PS) =      20.000  TEMP(K) = Infinity  PRESS =     0.0
 Etot   =        -0.0001  EKtot   =         0.0000  EPtot      =        -0.0001
 BOND   =        -0.0000  ANGLE   =        -0.0000  DIHED      =        -0.0000
 1-4 NB =         0.0000  1-4 EEL =        -0.0000  VDWAALS    =        -0.0000
 EELEC  =        -0.0001  EHBOND  =         0.0000  RESTRAINT  =         0.0000
 DV/DL  =         0.0005
 ------------------------------------------------------------------------------

 NMR restraints: Bond =    0.000   Angle =     0.000   Torsion =     0.000
===============================================================================

| TI region  1


 NSTEP =    25000   TIME(PS) =      25.000  TEMP(K) =    29.30  PRESS =     0.0
 Etot   =         1.0481  EKtot   =         1.0481  EPtot      =        -0.0001
 BOND   =        -0.0000  ANGLE   =         0.0000  DIHED      =         0.0000
 1-4 NB =         0.0000  1-4 EEL =         0.0000  VDWAALS    =        -0.0000
 EELEC  =        -0.0000  EHBOND  =         0.0000  RESTRAINT  =         0.0000
 DV/DL  =         0.0003
 ------------------------------------------------------------------------------

  Softcore part of the system:      12 atoms,       TEMP(K)    =          29.30
 SC_Etot=        15.8855  SC_EKtot=         1.0481  SC_EPtot   =        14.8374
 SC_BOND=         0.6938  SC_ANGLE=         0.4310  SC_DIHED   =         0.6572
 SC_14NB=         0.2454  SC_14EEL=        38.9134  SC_VDW     =        -0.0813
 SC_EEL =       -26.0222
 SC_RES_DIST=     0.0000  SC_RES_ANG=       0.0000  SC_RES_TORS=         0.0000
 SC_EEL_DER=      0.0000  SC_VDW_DER=       0.0000  SC_DERIV   =         0.0000
 ------------------------------------------------------------------------------


| TI region  2


 NSTEP =    25000   TIME(PS) =      25.000  TEMP(K) =-Infinity  PRESS =     0.0
 Etot   =        -0.0001  EKtot   =        -0.0000  EPtot      =        -0.0001
 BOND   =        -0.0000  ANGLE   =         0.0000  DIHED      =         0.0000
 1-4 NB =         0.0000  1-4 EEL =         0.0000  VDWAALS    =        -0.0000
 EELEC  =        -0.0000  EHBOND  =         0.0000  RESTRAINT  =         0.0000
 DV/DL  =         0.0003
 ------------------------------------------------------------------------------

 NMR restraints: Bond =    0.000   Angle =     0.000   Torsion =     0.000
===============================================================================

| TI region  1


 NSTEP =    30000   TIME(PS) =      30.000  TEMP(K) =    45.89  PRESS =     0.0
 Etot   =         1.6414  EKtot   =         1.6415  EPtot      =        -0.0002
 BOND   =         0.0000  ANGLE   =         0.0000  DIHED      =        -0.0000
 1-4 NB =         0.0000  1-4 EEL =         0.0000  VDWAALS    =        -0.0000
 EELEC  =        -0.0002  EHBOND  =         0.0000  RESTRAINT  =         0.0000
 DV/DL  =         0.0009
 ------------------------------------------------------------------------------

  Softcore part of the system:      12 atoms,       TEMP(K)    =          45.89
 SC_Etot=        16.8618  SC_EKtot=         1.6415  SC_EPtot   =        15.2203
 SC_BOND=         0.4019  SC_ANGLE=         0.7309  SC_DIHED   =         0.3937
 SC_14NB=         0.6246  SC_14EEL=        42.0107  SC_VDW     =        -0.0951
 SC_EEL =       -28.8465
 SC_RES_DIST=     0.0000  SC_RES_ANG=       0.0000  SC_RES_TORS=         0.0000
 SC_EEL_DER=      0.0000  SC_VDW_DER=       0.0000  SC_DERIV   =         0.0000
 ------------------------------------------------------------------------------


| TI region  2


 NSTEP =    30000   TIME(PS) =      30.000  TEMP(K) = Infinity  PRESS =     0.0
 Etot   =        -0.0002  EKtot   =         0.0000  EPtot      =        -0.0002
 BOND   =         0.0000  ANGLE   =         0.0000  DIHED      =        -0.0000
 1-4 NB =         0.0000  1-4 EEL =         0.0000  VDWAALS    =        -0.0000
 EELEC  =        -0.0002  EHBOND  =         0.0000  RESTRAINT  =         0.0000
 DV/DL  =         0.0009
 ------------------------------------------------------------------------------

 NMR restraints: Bond =    0.000   Angle =     0.000   Torsion =     0.000
===============================================================================

| TI region  1


 NSTEP =    35000   TIME(PS) =      35.000  TEMP(K) =    58.98  PRESS =     0.0
 Etot   =         2.1094  EKtot   =         2.1098  EPtot      =        -0.0003
 BOND   =        -0.0000  ANGLE   =         0.0000  DIHED      =        -0.0000
 1-4 NB =         0.0000  1-4 EEL =         0.0000  VDWAALS    =        -0.0000
 EELEC  =        -0.0003  EHBOND  =         0.0000  RESTRAINT  =         0.0000
 DV/DL  =         0.0017
 ------------------------------------------------------------------------------

  Softcore part of the system:      12 atoms,       TEMP(K)    =          58.98
 SC_Etot=        17.5586  SC_EKtot=         2.1098  SC_EPtot   =        15.4488
 SC_BOND=         1.1409  SC_ANGLE=         0.2880  SC_DIHED   =         0.4027
 SC_14NB=         0.2262  SC_14EEL=        39.9109  SC_VDW     =        -0.0808
 SC_EEL =       -26.4392
 SC_RES_DIST=     0.0000  SC_RES_ANG=       0.0000  SC_RES_TORS=         0.0000
 SC_EEL_DER=      0.0000  SC_VDW_DER=       0.0000  SC_DERIV   =         0.0000
 ------------------------------------------------------------------------------


| TI region  2


 NSTEP =    35000   TIME(PS) =      35.000  TEMP(K) = Infinity  PRESS =     0.0
 Etot   =        -0.0003  EKtot   =         0.0000  EPtot      =        -0.0003
 BOND   =        -0.0000  ANGLE   =         0.0000  DIHED      =        -0.0000
 1-4 NB =         0.0000  1-4 EEL =         0.0000  VDWAALS    =        -0.0000
 EELEC  =        -0.0003  EHBOND  =         0.0000  RESTRAINT  =         0.0000
 DV/DL  =         0.0017
 ------------------------------------------------------------------------------

 NMR restraints: Bond =    0.000   Angle =     0.000   Torsion =     0.000
===============================================================================

| TI region  1


 NSTEP =    40000   TIME(PS) =      40.000  TEMP(K) =    48.57  PRESS =     0.0
 Etot   =         1.7370  EKtot   =         1.7372  EPtot      =        -0.0002
 BOND   =         0.0000  ANGLE   =        -0.0000  DIHED      =         0.0000
 1-4 NB =         0.0000  1-4 EEL =         0.0000  VDWAALS    =        -0.0000
 EELEC  =        -0.0002  EHBOND  =         0.0000  RESTRAINT  =         0.0000
 DV/DL  =         0.0011
 ------------------------------------------------------------------------------

  Softcore part of the system:      12 atoms,       TEMP(K)    =          48.57
 SC_Etot=        17.5968  SC_EKtot=         1.7372  SC_EPtot   =        15.8597
 SC_BOND=         0.8463  SC_ANGLE=         1.4048  SC_DIHED   =         0.8643
 SC_14NB=         0.4487  SC_14EEL=        40.9356  SC_VDW     =        -0.0912
 SC_EEL =       -28.5488
 SC_RES_DIST=     0.0000  SC_RES_ANG=       0.0000  SC_RES_TORS=         0.0000
 SC_EEL_DER=      0.0000  SC_VDW_DER=       0.0000  SC_DERIV   =         0.0000
 ------------------------------------------------------------------------------


| TI region  2


 NSTEP =    40000   TIME(PS) =      40.000  TEMP(K) = Infinity  PRESS =     0.0
 Etot   =        -0.0002  EKtot   =         0.0000  EPtot      =        -0.0002
 BOND   =         0.0000  ANGLE   =        -0.0000  DIHED      =         0.0000
 1-4 NB =         0.0000  1-4 EEL =         0.0000  VDWAALS    =        -0.0000
 EELEC  =        -0.0002  EHBOND  =         0.0000  RESTRAINT  =         0.0000
 DV/DL  =         0.0011
 ------------------------------------------------------------------------------

 NMR restraints: Bond =    0.000   Angle =     0.000   Torsion =     0.000
===============================================================================

| TI region  1


 NSTEP =    45000   TIME(PS) =      45.000  TEMP(K) =    49.80  PRESS =     0.0
 Etot   =         1.7811  EKtot   =         1.7814  EPtot      =        -0.0003
 BOND   =         0.0000  ANGLE   =        -0.0000  DIHED      =        -0.0000
 1-4 NB =         0.0000  1-4 EEL =         0.0000  VDWAALS    =        -0.0000
 EELEC  =        -0.0002  EHBOND  =         0.0000  RESTRAINT  =         0.0000
 DV/DL  =         0.0013
 ------------------------------------------------------------------------------

  Softcore part of the system:      12 atoms,       TEMP(K)    =          49.80
 SC_Etot=        17.7374  SC_EKtot=         1.7814  SC_EPtot   =        15.9560
 SC_BOND=         0.3810  SC_ANGLE=         1.8989  SC_DIHED   =         0.5849
 SC_14NB=         0.0939  SC_14EEL=        37.8659  SC_VDW     =        -0.0704
 SC_EEL =       -24.7981
 SC_RES_DIST=     0.0000  SC_RES_ANG=       0.0000  SC_RES_TORS=         0.0000
 SC_EEL_DER=      0.0000  SC_VDW_DER=       0.0000  SC_DERIV   =         0.0000
 ------------------------------------------------------------------------------


| TI region  2


 NSTEP =    45000   TIME(PS) =      45.000  TEMP(K) = Infinity  PRESS =     0.0
 Etot   =        -0.0003  EKtot   =         0.0000  EPtot      =        -0.0003
 BOND   =         0.0000  ANGLE   =        -0.0000  DIHED      =        -0.0000
 1-4 NB =         0.0000  1-4 EEL =         0.0000  VDWAALS    =        -0.0000
 EELEC  =        -0.0002  EHBOND  =         0.0000  RESTRAINT  =         0.0000
 DV/DL  =         0.0013
 ------------------------------------------------------------------------------

 NMR restraints: Bond =    0.000   Angle =     0.000   Torsion =     0.000
===============================================================================

| TI region  1


 NSTEP =    50000   TIME(PS) =      50.000  TEMP(K) =    65.85  PRESS =     0.0
 Etot   =         2.3553  EKtot   =         2.3556  EPtot      =        -0.0002
 BOND   =         0.0000  ANGLE   =        -0.0000  DIHED      =         0.0000
 1-4 NB =         0.0000  1-4 EEL =         0.0000  VDWAALS    =        -0.0000
 EELEC  =        -0.0002  EHBOND  =         0.0000  RESTRAINT  =         0.0000
 DV/DL  =         0.0012
 ------------------------------------------------------------------------------

  Softcore part of the system:      12 atoms,       TEMP(K)    =          65.85
 SC_Etot=        18.1081  SC_EKtot=         2.3556  SC_EPtot   =        15.7525
 SC_BOND=         0.7991  SC_ANGLE=         1.0863  SC_DIHED   =         0.2940
 SC_14NB=         0.4744  SC_14EEL=        41.1709  SC_VDW     =        -0.0926
 SC_EEL =       -27.9796
 SC_RES_DIST=     0.0000  SC_RES_ANG=       0.0000  SC_RES_TORS=         0.0000
 SC_EEL_DER=      0.0000  SC_VDW_DER=       0.0000  SC_DERIV   =         0.0000
 ------------------------------------------------------------------------------


| TI region  2


 NSTEP =    50000   TIME(PS) =      50.000  TEMP(K) = Infinity  PRESS =     0.0
 Etot   =        -0.0002  EKtot   =         0.0000  EPtot      =        -0.0002
 BOND   =         0.0000  ANGLE   =        -0.0000  DIHED      =         0.0000
 1-4 NB =         0.0000  1-4 EEL =         0.0000  VDWAALS    =        -0.0000
 EELEC  =        -0.0002  EHBOND  =         0.0000  RESTRAINT  =         0.0000
 DV/DL  =         0.0012
 ------------------------------------------------------------------------------

 NMR restraints: Bond =    0.000   Angle =     0.000   Torsion =     0.000
===============================================================================

| TI region  1


 NSTEP =    55000   TIME(PS) =      55.000  TEMP(K) =   100.69  PRESS =     0.0
 Etot   =         3.6013  EKtot   =         3.6018  EPtot      =        -0.0005
 BOND   =         0.0000  ANGLE   =         0.0000  DIHED      =         0.0000
 1-4 NB =         0.0000  1-4 EEL =         0.0000  VDWAALS    =        -0.0000
 EELEC  =        -0.0004  EHBOND  =         0.0000  RESTRAINT  =         0.0000
 DV/DL  =         0.0022
 ------------------------------------------------------------------------------

  Softcore part of the system:      12 atoms,       TEMP(K)    =         100.69
 SC_Etot=        21.5250  SC_EKtot=         3.6018  SC_EPtot   =        17.9232
 SC_BOND=         0.8120  SC_ANGLE=         3.7790  SC_DIHED   =         0.3746
 SC_14NB=         0.5104  SC_14EEL=        40.7847  SC_VDW     =        -0.0997
 SC_EEL =       -28.2378
 SC_RES_DIST=     0.0000  SC_RES_ANG=       0.0000  SC_RES_TORS=         0.0000
 SC_EEL_DER=      0.0000  SC_VDW_DER=       0.0000  SC_DERIV   =         0.0000
 ------------------------------------------------------------------------------


| TI region  2


 NSTEP =    55000   TIME(PS) =      55.000  TEMP(K) = Infinity  PRESS =     0.0
 Etot   =        -0.0005  EKtot   =         0.0000  EPtot      =        -0.0005
 BOND   =         0.0000  ANGLE   =         0.0000  DIHED      =         0.0000
 1-4 NB =         0.0000  1-4 EEL =         0.0000  VDWAALS    =        -0.0000
 EELEC  =        -0.0004  EHBOND  =         0.0000  RESTRAINT  =         0.0000
 DV/DL  =         0.0022
 ------------------------------------------------------------------------------

 NMR restraints: Bond =    0.000   Angle =     0.000   Torsion =     0.000
===============================================================================

| TI region  1


 NSTEP =    60000   TIME(PS) =      60.000  TEMP(K) =    65.47  PRESS =     0.0
 Etot   =         2.3418  EKtot   =         2.3419  EPtot      =        -0.0001
 BOND   =        -0.0000  ANGLE   =         0.0000  DIHED      =         0.0000
 1-4 NB =         0.0000  1-4 EEL =         0.0000  VDWAALS    =        -0.0000
 EELEC  =        -0.0001  EHBOND  =         0.0000  RESTRAINT  =         0.0000
 DV/DL  =         0.0004
 ------------------------------------------------------------------------------

  Softcore part of the system:      12 atoms,       TEMP(K)    =          65.47
 SC_Etot=        19.4835  SC_EKtot=         2.3419  SC_EPtot   =        17.1416
 SC_BOND=         1.7297  SC_ANGLE=         1.9856  SC_DIHED   =         0.7582
 SC_14NB=         0.4003  SC_14EEL=        40.5464  SC_VDW     =        -0.0926
 SC_EEL =       -28.1861
 SC_RES_DIST=     0.0000  SC_RES_ANG=       0.0000  SC_RES_TORS=         0.0000
 SC_EEL_DER=      0.0000  SC_VDW_DER=       0.0000  SC_DERIV   =         0.0000
 ------------------------------------------------------------------------------


| TI region  2


 NSTEP =    60000   TIME(PS) =      60.000  TEMP(K) = Infinity  PRESS =     0.0
 Etot   =        -0.0001  EKtot   =         0.0000  EPtot      =        -0.0001
 BOND   =        -0.0000  ANGLE   =         0.0000  DIHED      =         0.0000
 1-4 NB =         0.0000  1-4 EEL =         0.0000  VDWAALS    =        -0.0000
 EELEC  =        -0.0001  EHBOND  =         0.0000  RESTRAINT  =         0.0000
 DV/DL  =         0.0004
 ------------------------------------------------------------------------------

 NMR restraints: Bond =    0.000   Angle =     0.000   Torsion =     0.000
===============================================================================

| TI region  1


 NSTEP =    65000   TIME(PS) =      65.000  TEMP(K) =   113.14  PRESS =     0.0
 Etot   =         4.0468  EKtot   =         4.0470  EPtot      =        -0.0002
 BOND   =         0.0000  ANGLE   =         0.0000  DIHED      =        -0.0000
 1-4 NB =         0.0000  1-4 EEL =         0.0000  VDWAALS    =        -0.0000
 EELEC  =        -0.0002  EHBOND  =         0.0000  RESTRAINT  =         0.0000
 DV/DL  =         0.0009
 ------------------------------------------------------------------------------

  Softcore part of the system:      12 atoms,       TEMP(K)    =         113.14
 SC_Etot=        22.0231  SC_EKtot=         4.0470  SC_EPtot   =        17.9760
 SC_BOND=         1.3512  SC_ANGLE=         2.5822  SC_DIHED   =         0.7122
 SC_14NB=         0.2616  SC_14EEL=        37.9551  SC_VDW     =        -0.0670
 SC_EEL =       -24.8192
 SC_RES_DIST=     0.0000  SC_RES_ANG=       0.0000  SC_RES_TORS=         0.0000
 SC_EEL_DER=      0.0000  SC_VDW_DER=       0.0000  SC_DERIV   =         0.0000
 ------------------------------------------------------------------------------


| TI region  2


 NSTEP =    65000   TIME(PS) =      65.000  TEMP(K) = Infinity  PRESS =     0.0
 Etot   =        -0.0002  EKtot   =         0.0000  EPtot      =        -0.0002
 BOND   =         0.0000  ANGLE   =         0.0000  DIHED      =        -0.0000
 1-4 NB =         0.0000  1-4 EEL =         0.0000  VDWAALS    =        -0.0000
 EELEC  =        -0.0002  EHBOND  =         0.0000  RESTRAINT  =         0.0000
 DV/DL  =         0.0009
 ------------------------------------------------------------------------------

 NMR restraints: Bond =    0.000   Angle =     0.000   Torsion =     0.000
===============================================================================

| TI region  1


 NSTEP =    70000   TIME(PS) =      70.000  TEMP(K) =   145.27  PRESS =     0.0
 Etot   =         5.1959  EKtot   =         5.1962  EPtot      =        -0.0003
 BOND   =        -0.0000  ANGLE   =         0.0000  DIHED      =        -0.0000
 1-4 NB =         0.0000  1-4 EEL =         0.0000  VDWAALS    =        -0.0000
 EELEC  =        -0.0003  EHBOND  =         0.0000  RESTRAINT  =         0.0000
 DV/DL  =         0.0014
 ------------------------------------------------------------------------------

  Softcore part of the system:      12 atoms,       TEMP(K)    =         145.27
 SC_Etot=        22.0314  SC_EKtot=         5.1962  SC_EPtot   =        16.8352
 SC_BOND=         1.5653  SC_ANGLE=         0.9318  SC_DIHED   =         0.7887
 SC_14NB=         0.3896  SC_14EEL=        39.0248  SC_VDW     =        -0.0728
 SC_EEL =       -25.7922
 SC_RES_DIST=     0.0000  SC_RES_ANG=       0.0000  SC_RES_TORS=         0.0000
 SC_EEL_DER=      0.0000  SC_VDW_DER=       0.0000  SC_DERIV   =         0.0000
 ------------------------------------------------------------------------------


| TI region  2


 NSTEP =    70000   TIME(PS) =      70.000  TEMP(K) = Infinity  PRESS =     0.0
 Etot   =        -0.0003  EKtot   =         0.0000  EPtot      =        -0.0003
 BOND   =        -0.0000  ANGLE   =         0.0000  DIHED      =        -0.0000
 1-4 NB =         0.0000  1-4 EEL =         0.0000  VDWAALS    =        -0.0000
 EELEC  =        -0.0003  EHBOND  =         0.0000  RESTRAINT  =         0.0000
 DV/DL  =         0.0014
 ------------------------------------------------------------------------------

 NMR restraints: Bond =    0.000   Angle =     0.000   Torsion =     0.000
===============================================================================

| TI region  1


 NSTEP =    75000   TIME(PS) =      75.000  TEMP(K) =   133.83  PRESS =     0.0
 Etot   =         4.7867  EKtot   =         4.7870  EPtot      =        -0.0003
 BOND   =         0.0000  ANGLE   =         0.0000  DIHED      =        -0.0000
 1-4 NB =         0.0000  1-4 EEL =        -0.0000  VDWAALS    =        -0.0000
 EELEC  =        -0.0003  EHBOND  =         0.0000  RESTRAINT  =         0.0000
 DV/DL  =         0.0015
 ------------------------------------------------------------------------------

  Softcore part of the system:      12 atoms,       TEMP(K)    =         133.83
 SC_Etot=        22.9893  SC_EKtot=         4.7870  SC_EPtot   =        18.2023
 SC_BOND=         1.5212  SC_ANGLE=         2.7017  SC_DIHED   =         0.4077
 SC_14NB=         0.5875  SC_14EEL=        42.1981  SC_VDW     =        -0.0954
 SC_EEL =       -29.1183
 SC_RES_DIST=     0.0000  SC_RES_ANG=       0.0000  SC_RES_TORS=         0.0000
 SC_EEL_DER=      0.0000  SC_VDW_DER=       0.0000  SC_DERIV   =         0.0000
 ------------------------------------------------------------------------------


| TI region  2


 NSTEP =    75000   TIME(PS) =      75.000  TEMP(K) = Infinity  PRESS =     0.0
 Etot   =        -0.0003  EKtot   =         0.0000  EPtot      =        -0.0003
 BOND   =         0.0000  ANGLE   =         0.0000  DIHED      =        -0.0000
 1-4 NB =         0.0000  1-4 EEL =        -0.0000  VDWAALS    =        -0.0000
 EELEC  =        -0.0003  EHBOND  =         0.0000  RESTRAINT  =         0.0000
 DV/DL  =         0.0015
 ------------------------------------------------------------------------------

 NMR restraints: Bond =    0.000   Angle =     0.000   Torsion =     0.000
===============================================================================

| TI region  1


 NSTEP =    80000   TIME(PS) =      80.000  TEMP(K) =    87.43  PRESS =     0.0
 Etot   =         3.1272  EKtot   =         3.1273  EPtot      =        -0.0001
 BOND   =        -0.0000  ANGLE   =        -0.0000  DIHED      =        -0.0000
 1-4 NB =         0.0000  1-4 EEL =         0.0000  VDWAALS    =        -0.0000
 EELEC  =        -0.0000  EHBOND  =         0.0000  RESTRAINT  =         0.0000
 DV/DL  =         0.0003
 ------------------------------------------------------------------------------

  Softcore part of the system:      12 atoms,       TEMP(K)    =          87.43
 SC_Etot=        20.2609  SC_EKtot=         3.1273  SC_EPtot   =        17.1336
 SC_BOND=         0.7948  SC_ANGLE=         1.0382  SC_DIHED   =         2.5329
 SC_14NB=         0.4006  SC_14EEL=        37.2763  SC_VDW     =        -0.0762
 SC_EEL =       -24.8330
 SC_RES_DIST=     0.0000  SC_RES_ANG=       0.0000  SC_RES_TORS=         0.0000
 SC_EEL_DER=      0.0000  SC_VDW_DER=       0.0000  SC_DERIV   =         0.0000
 ------------------------------------------------------------------------------


| TI region  2


 NSTEP =    80000   TIME(PS) =      80.000  TEMP(K) = Infinity  PRESS =     0.0
 Etot   =        -0.0001  EKtot   =         0.0000  EPtot      =        -0.0001
 BOND   =        -0.0000  ANGLE   =        -0.0000  DIHED      =        -0.0000
 1-4 NB =         0.0000  1-4 EEL =         0.0000  VDWAALS    =        -0.0000
 EELEC  =        -0.0000  EHBOND  =         0.0000  RESTRAINT  =         0.0000
 DV/DL  =         0.0003
 ------------------------------------------------------------------------------

 NMR restraints: Bond =    0.000   Angle =     0.000   Torsion =     0.000
===============================================================================

| TI region  1


 NSTEP =    85000   TIME(PS) =      85.000  TEMP(K) =   138.18  PRESS =     0.0
 Etot   =         4.9426  EKtot   =         4.9428  EPtot      =        -0.0002
 BOND   =         0.0000  ANGLE   =         0.0000  DIHED      =         0.0000
 1-4 NB =         0.0000  1-4 EEL =         0.0000  VDWAALS    =        -0.0000
 EELEC  =        -0.0002  EHBOND  =         0.0000  RESTRAINT  =         0.0000
 DV/DL  =         0.0009
 ------------------------------------------------------------------------------

  Softcore part of the system:      12 atoms,       TEMP(K)    =         138.18
 SC_Etot=        23.0002  SC_EKtot=         4.9428  SC_EPtot   =        18.0574
 SC_BOND=         1.6830  SC_ANGLE=         2.4938  SC_DIHED   =         0.4374
 SC_14NB=         0.4014  SC_14EEL=        40.9444  SC_VDW     =        -0.0907
 SC_EEL =       -27.8120
 SC_RES_DIST=     0.0000  SC_RES_ANG=       0.0000  SC_RES_TORS=         0.0000
 SC_EEL_DER=      0.0000  SC_VDW_DER=       0.0000  SC_DERIV   =         0.0000
 ------------------------------------------------------------------------------


| TI region  2


 NSTEP =    85000   TIME(PS) =      85.000  TEMP(K) = Infinity  PRESS =     0.0
 Etot   =        -0.0002  EKtot   =         0.0000  EPtot      =        -0.0002
 BOND   =         0.0000  ANGLE   =         0.0000  DIHED      =         0.0000
 1-4 NB =         0.0000  1-4 EEL =         0.0000  VDWAALS    =        -0.0000
 EELEC  =        -0.0002  EHBOND  =         0.0000  RESTRAINT  =         0.0000
 DV/DL  =         0.0009
 ------------------------------------------------------------------------------

 NMR restraints: Bond =    0.000   Angle =     0.000   Torsion =     0.000
===============================================================================

| TI region  1


 NSTEP =    90000   TIME(PS) =      90.000  TEMP(K) =   101.26  PRESS =     0.0
 Etot   =         3.6216  EKtot   =         3.6219  EPtot      =        -0.0003
 BOND   =        -0.0000  ANGLE   =        -0.0000  DIHED      =        -0.0000
 1-4 NB =         0.0000  1-4 EEL =        -0.0000  VDWAALS    =        -0.0000
 EELEC  =        -0.0003  EHBOND  =         0.0000  RESTRAINT  =         0.0000
 DV/DL  =         0.0016
 ------------------------------------------------------------------------------

  Softcore part of the system:      12 atoms,       TEMP(K)    =         101.26
 SC_Etot=        21.7411  SC_EKtot=         3.6219  SC_EPtot   =        18.1192
 SC_BOND=         0.7745  SC_ANGLE=         2.8148  SC_DIHED   =         1.3794
 SC_14NB=         0.1992  SC_14EEL=        37.8041  SC_VDW     =        -0.0771
 SC_EEL =       -24.7757
 SC_RES_DIST=     0.0000  SC_RES_ANG=       0.0000  SC_RES_TORS=         0.0000
 SC_EEL_DER=      0.0000  SC_VDW_DER=       0.0000  SC_DERIV   =         0.0000
 ------------------------------------------------------------------------------


| TI region  2


 NSTEP =    90000   TIME(PS) =      90.000  TEMP(K) = Infinity  PRESS =     0.0
 Etot   =        -0.0003  EKtot   =         0.0000  EPtot      =        -0.0003
 BOND   =        -0.0000  ANGLE   =        -0.0000  DIHED      =        -0.0000
 1-4 NB =         0.0000  1-4 EEL =        -0.0000  VDWAALS    =        -0.0000
 EELEC  =        -0.0003  EHBOND  =         0.0000  RESTRAINT  =         0.0000
 DV/DL  =         0.0016
 ------------------------------------------------------------------------------

 NMR restraints: Bond =    0.000   Angle =     0.000   Torsion =     0.000
===============================================================================

| TI region  1


 NSTEP =    95000   TIME(PS) =      95.000  TEMP(K) =   235.22  PRESS =     0.0
 Etot   =         8.4137  EKtot   =         8.4137  EPtot      =        -0.0001
 BOND   =        -0.0000  ANGLE   =         0.0000  DIHED      =        -0.0000
 1-4 NB =         0.0000  1-4 EEL =         0.0000  VDWAALS    =        -0.0000
 EELEC  =        -0.0001  EHBOND  =         0.0000  RESTRAINT  =         0.0000
 DV/DL  =         0.0004
 ------------------------------------------------------------------------------

  Softcore part of the system:      12 atoms,       TEMP(K)    =         235.22
 SC_Etot=        28.4534  SC_EKtot=         8.4137  SC_EPtot   =        20.0397
 SC_BOND=         2.2068  SC_ANGLE=         3.5902  SC_DIHED   =         0.7148
 SC_14NB=         0.7867  SC_14EEL=        38.7209  SC_VDW     =        -0.0932
 SC_EEL =       -25.8865
 SC_RES_DIST=     0.0000  SC_RES_ANG=       0.0000  SC_RES_TORS=         0.0000
 SC_EEL_DER=      0.0000  SC_VDW_DER=       0.0000  SC_DERIV   =         0.0000
 ------------------------------------------------------------------------------


| TI region  2


 NSTEP =    95000   TIME(PS) =      95.000  TEMP(K) = Infinity  PRESS =     0.0
 Etot   =        -0.0001  EKtot   =         0.0000  EPtot      =        -0.0001
 BOND   =        -0.0000  ANGLE   =         0.0000  DIHED      =        -0.0000
 1-4 NB =         0.0000  1-4 EEL =         0.0000  VDWAALS    =        -0.0000
 EELEC  =        -0.0001  EHBOND  =         0.0000  RESTRAINT  =         0.0000
 DV/DL  =         0.0004
 ------------------------------------------------------------------------------

 NMR restraints: Bond =    0.000   Angle =     0.000   Torsion =     0.000
===============================================================================

| TI region  1


 NSTEP =   100000   TIME(PS) =     100.000  TEMP(K) =   147.00  PRESS =     0.0
 Etot   =         5.2579  EKtot   =         5.2582  EPtot      =        -0.0004
 BOND   =        -0.0000  ANGLE   =         0.0000  DIHED      =        -0.0000
 1-4 NB =         0.0000  1-4 EEL =         0.0000  VDWAALS    =        -0.0000
 EELEC  =        -0.0003  EHBOND  =         0.0000  RESTRAINT  =         0.0000
 DV/DL  =         0.0017
 ------------------------------------------------------------------------------

  Softcore part of the system:      12 atoms,       TEMP(K)    =         147.00
 SC_Etot=        26.0257  SC_EKtot=         5.2582  SC_EPtot   =        20.7674
 SC_BOND=         2.1037  SC_ANGLE=         4.4663  SC_DIHED   =         1.2285
 SC_14NB=         0.5432  SC_14EEL=        41.2988  SC_VDW     =        -0.0887
 SC_EEL =       -28.7844
 SC_RES_DIST=     0.0000  SC_RES_ANG=       0.0000  SC_RES_TORS=         0.0000
 SC_EEL_DER=      0.0000  SC_VDW_DER=       0.0000  SC_DERIV   =         0.0000
 ------------------------------------------------------------------------------


| TI region  2


 NSTEP =   100000   TIME(PS) =     100.000  TEMP(K) =-Infinity  PRESS =     0.0
 Etot   =        -0.0004  EKtot   =        -0.0000  EPtot      =        -0.0004
 BOND   =        -0.0000  ANGLE   =         0.0000  DIHED      =        -0.0000
 1-4 NB =         0.0000  1-4 EEL =         0.0000  VDWAALS    =        -0.0000
 EELEC  =        -0.0003  EHBOND  =         0.0000  RESTRAINT  =         0.0000
 DV/DL  =         0.0017
 ------------------------------------------------------------------------------

 NMR restraints: Bond =    0.000   Angle =     0.000   Torsion =     0.000
===============================================================================

| TI region  1


 NSTEP =   105000   TIME(PS) =     105.000  TEMP(K) =   125.94  PRESS =     0.0
 Etot   =         4.5045  EKtot   =         4.5047  EPtot      =        -0.0002
 BOND   =         0.0000  ANGLE   =         0.0000  DIHED      =        -0.0000
 1-4 NB =         0.0000  1-4 EEL =         0.0000  VDWAALS    =        -0.0000
 EELEC  =        -0.0002  EHBOND  =         0.0000  RESTRAINT  =         0.0000
 DV/DL  =         0.0009
 ------------------------------------------------------------------------------

  Softcore part of the system:      12 atoms,       TEMP(K)    =         125.94
 SC_Etot=        21.9110  SC_EKtot=         4.5047  SC_EPtot   =        17.4063
 SC_BOND=         1.2346  SC_ANGLE=         1.8000  SC_DIHED   =         0.7999
 SC_14NB=         1.0515  SC_14EEL=        43.5622  SC_VDW     =        -0.0870
 SC_EEL =       -30.9549
 SC_RES_DIST=     0.0000  SC_RES_ANG=       0.0000  SC_RES_TORS=         0.0000
 SC_EEL_DER=      0.0000  SC_VDW_DER=       0.0000  SC_DERIV   =         0.0000
 ------------------------------------------------------------------------------


| TI region  2


 NSTEP =   105000   TIME(PS) =     105.000  TEMP(K) = Infinity  PRESS =     0.0
 Etot   =        -0.0002  EKtot   =         0.0000  EPtot      =        -0.0002
 BOND   =         0.0000  ANGLE   =         0.0000  DIHED      =        -0.0000
 1-4 NB =         0.0000  1-4 EEL =         0.0000  VDWAALS    =        -0.0000
 EELEC  =        -0.0002  EHBOND  =         0.0000  RESTRAINT  =         0.0000
 DV/DL  =         0.0009
 ------------------------------------------------------------------------------

 NMR restraints: Bond =    0.000   Angle =     0.000   Torsion =     0.000
===============================================================================

| TI region  1


 NSTEP =   110000   TIME(PS) =     110.000  TEMP(K) =   223.44  PRESS =     0.0
 Etot   =         7.9920  EKtot   =         7.9922  EPtot      =        -0.0001
 BOND   =        -0.0000  ANGLE   =        -0.0000  DIHED      =        -0.0000
 1-4 NB =         0.0000  1-4 EEL =         0.0000  VDWAALS    =        -0.0000
 EELEC  =        -0.0001  EHBOND  =         0.0000  RESTRAINT  =         0.0000
 DV/DL  =         0.0007
 ------------------------------------------------------------------------------

  Softcore part of the system:      12 atoms,       TEMP(K)    =         223.44
 SC_Etot=        26.7005  SC_EKtot=         7.9922  SC_EPtot   =        18.7084
 SC_BOND=         1.4036  SC_ANGLE=         3.0765  SC_DIHED   =         1.3409
 SC_14NB=         0.5492  SC_14EEL=        39.7094  SC_VDW     =        -0.0905
 SC_EEL =       -27.2807
 SC_RES_DIST=     0.0000  SC_RES_ANG=       0.0000  SC_RES_TORS=         0.0000
 SC_EEL_DER=      0.0000  SC_VDW_DER=       0.0000  SC_DERIV   =         0.0000
 ------------------------------------------------------------------------------


| TI region  2


 NSTEP =   110000   TIME(PS) =     110.000  TEMP(K) = Infinity  PRESS =     0.0
 Etot   =        -0.0001  EKtot   =         0.0000  EPtot      =        -0.0001
 BOND   =        -0.0000  ANGLE   =        -0.0000  DIHED      =        -0.0000
 1-4 NB =         0.0000  1-4 EEL =         0.0000  VDWAALS    =        -0.0000
 EELEC  =        -0.0001  EHBOND  =         0.0000  RESTRAINT  =         0.0000
 DV/DL  =         0.0007
 ------------------------------------------------------------------------------

 NMR restraints: Bond =    0.000   Angle =     0.000   Torsion =     0.000
===============================================================================

| TI region  1


 NSTEP =   115000   TIME(PS) =     115.000  TEMP(K) =   128.62  PRESS =     0.0
 Etot   =         4.6004  EKtot   =         4.6008  EPtot      =        -0.0004
 BOND   =         0.0000  ANGLE   =         0.0000  DIHED      =        -0.0000
 1-4 NB =         0.0000  1-4 EEL =         0.0000  VDWAALS    =        -0.0000
 EELEC  =        -0.0004  EHBOND  =         0.0000  RESTRAINT  =         0.0000
 DV/DL  =         0.0021
 ------------------------------------------------------------------------------

  Softcore part of the system:      12 atoms,       TEMP(K)    =         128.62
 SC_Etot=        23.0695  SC_EKtot=         4.6008  SC_EPtot   =        18.4686
 SC_BOND=         0.7499  SC_ANGLE=         3.1005  SC_DIHED   =         0.4044
 SC_14NB=         0.2456  SC_14EEL=        40.3847  SC_VDW     =        -0.0793
 SC_EEL =       -26.3371
 SC_RES_DIST=     0.0000  SC_RES_ANG=       0.0000  SC_RES_TORS=         0.0000
 SC_EEL_DER=      0.0000  SC_VDW_DER=       0.0000  SC_DERIV   =         0.0000
 ------------------------------------------------------------------------------


| TI region  2


 NSTEP =   115000   TIME(PS) =     115.000  TEMP(K) = Infinity  PRESS =     0.0
 Etot   =        -0.0004  EKtot   =         0.0000  EPtot      =        -0.0004
 BOND   =         0.0000  ANGLE   =         0.0000  DIHED      =        -0.0000
 1-4 NB =         0.0000  1-4 EEL =         0.0000  VDWAALS    =        -0.0000
 EELEC  =        -0.0004  EHBOND  =         0.0000  RESTRAINT  =         0.0000
 DV/DL  =         0.0021
 ------------------------------------------------------------------------------

 NMR restraints: Bond =    0.000   Angle =     0.000   Torsion =     0.000
===============================================================================

| TI region  1


 NSTEP =   120000   TIME(PS) =     120.000  TEMP(K) =   186.89  PRESS =     0.0
 Etot   =         6.6848  EKtot   =         6.6849  EPtot      =        -0.0001
 BOND   =        -0.0000  ANGLE   =        -0.0000  DIHED      =         0.0000
 1-4 NB =         0.0000  1-4 EEL =        -0.0000  VDWAALS    =        -0.0000
 EELEC  =        -0.0001  EHBOND  =         0.0000  RESTRAINT  =         0.0000
 DV/DL  =         0.0005
 ------------------------------------------------------------------------------

  Softcore part of the system:      12 atoms,       TEMP(K)    =         186.89
 SC_Etot=        23.5613  SC_EKtot=         6.6849  SC_EPtot   =        16.8764
 SC_BOND=         0.5473  SC_ANGLE=         2.2880  SC_DIHED   =         0.2599
 SC_14NB=         0.9236  SC_14EEL=        41.4841  SC_VDW     =        -0.0899
 SC_EEL =       -28.5366
 SC_RES_DIST=     0.0000  SC_RES_ANG=       0.0000  SC_RES_TORS=         0.0000
 SC_EEL_DER=      0.0000  SC_VDW_DER=       0.0000  SC_DERIV   =         0.0000
 ------------------------------------------------------------------------------


| TI region  2


 NSTEP =   120000   TIME(PS) =     120.000  TEMP(K) = Infinity  PRESS =     0.0
 Etot   =        -0.0001  EKtot   =         0.0000  EPtot      =        -0.0001
 BOND   =        -0.0000  ANGLE   =        -0.0000  DIHED      =         0.0000
 1-4 NB =         0.0000  1-4 EEL =        -0.0000  VDWAALS    =        -0.0000
 EELEC  =        -0.0001  EHBOND  =         0.0000  RESTRAINT  =         0.0000
 DV/DL  =         0.0005
 ------------------------------------------------------------------------------

 NMR restraints: Bond =    0.000   Angle =     0.000   Torsion =     0.000
===============================================================================

| TI region  1


 NSTEP =   125000   TIME(PS) =     125.000  TEMP(K) =   142.75  PRESS =     0.0
 Etot   =         5.1062  EKtot   =         5.1061  EPtot      =         0.0001
 BOND   =         0.0000  ANGLE   =         0.0000  DIHED      =        -0.0000
 1-4 NB =         0.0000  1-4 EEL =         0.0000  VDWAALS    =        -0.0000
 EELEC  =         0.0001  EHBOND  =         0.0000  RESTRAINT  =         0.0000
 DV/DL  =        -0.0005
 ------------------------------------------------------------------------------

  Softcore part of the system:      12 atoms,       TEMP(K)    =         142.75
 SC_Etot=        25.9774  SC_EKtot=         5.1061  SC_EPtot   =        20.8714
 SC_BOND=         2.1758  SC_ANGLE=         4.2176  SC_DIHED   =         0.8477
 SC_14NB=         0.1277  SC_14EEL=        38.3859  SC_VDW     =        -0.0561
 SC_EEL =       -24.8272
 SC_RES_DIST=     0.0000  SC_RES_ANG=       0.0000  SC_RES_TORS=         0.0000
 SC_EEL_DER=      0.0000  SC_VDW_DER=       0.0000  SC_DERIV   =         0.0000
 ------------------------------------------------------------------------------


| TI region  2


 NSTEP =   125000   TIME(PS) =     125.000  TEMP(K) =-Infinity  PRESS =     0.0
 Etot   =         0.0001  EKtot   =        -0.0000  EPtot      =         0.0001
 BOND   =         0.0000  ANGLE   =         0.0000  DIHED      =        -0.0000
 1-4 NB =         0.0000  1-4 EEL =         0.0000  VDWAALS    =        -0.0000
 EELEC  =         0.0001  EHBOND  =         0.0000  RESTRAINT  =         0.0000
 DV/DL  =        -0.0005
 ------------------------------------------------------------------------------

 NMR restraints: Bond =    0.000   Angle =     0.000   Torsion =     0.000
===============================================================================

| TI region  1


 NSTEP =   130000   TIME(PS) =     130.000  TEMP(K) =   191.33  PRESS =     0.0
 Etot   =         6.8437  EKtot   =         6.8438  EPtot      =        -0.0001
 BOND   =        -0.0000  ANGLE   =         0.0000  DIHED      =         0.0000
 1-4 NB =         0.0000  1-4 EEL =         0.0000  VDWAALS    =        -0.0000
 EELEC  =        -0.0001  EHBOND  =         0.0000  RESTRAINT  =         0.0000
 DV/DL  =         0.0005
 ------------------------------------------------------------------------------

  Softcore part of the system:      12 atoms,       TEMP(K)    =         191.33
 SC_Etot=        28.2463  SC_EKtot=         6.8438  SC_EPtot   =        21.4025
 SC_BOND=         2.5315  SC_ANGLE=         3.3466  SC_DIHED   =         1.4547
 SC_14NB=         0.2402  SC_14EEL=        36.8903  SC_VDW     =        -0.0630
 SC_EEL =       -22.9978
 SC_RES_DIST=     0.0000  SC_RES_ANG=       0.0000  SC_RES_TORS=         0.0000
 SC_EEL_DER=      0.0000  SC_VDW_DER=       0.0000  SC_DERIV   =         0.0000
 ------------------------------------------------------------------------------


| TI region  2


 NSTEP =   130000   TIME(PS) =     130.000  TEMP(K) = Infinity  PRESS =     0.0
 Etot   =        -0.0001  EKtot   =         0.0000  EPtot      =        -0.0001
 BOND   =        -0.0000  ANGLE   =         0.0000  DIHED      =         0.0000
 1-4 NB =         0.0000  1-4 EEL =         0.0000  VDWAALS    =        -0.0000
 EELEC  =        -0.0001  EHBOND  =         0.0000  RESTRAINT  =         0.0000
 DV/DL  =         0.0005
 ------------------------------------------------------------------------------

 NMR restraints: Bond =    0.000   Angle =     0.000   Torsion =     0.000
===============================================================================

| TI region  1


 NSTEP =   135000   TIME(PS) =     135.000  TEMP(K) =   230.21  PRESS =     0.0
 Etot   =         8.2342  EKtot   =         8.2344  EPtot      =        -0.0002
 BOND   =        -0.0000  ANGLE   =         0.0000  DIHED      =        -0.0000
 1-4 NB =         0.0000  1-4 EEL =         0.0000  VDWAALS    =        -0.0000
 EELEC  =        -0.0001  EHBOND  =         0.0000  RESTRAINT  =         0.0000
 DV/DL  =         0.0008
 ------------------------------------------------------------------------------

  Softcore part of the system:      12 atoms,       TEMP(K)    =         230.21
 SC_Etot=        27.2424  SC_EKtot=         8.2344  SC_EPtot   =        19.0080
 SC_BOND=         2.5684  SC_ANGLE=         1.9801  SC_DIHED   =         1.0145
 SC_14NB=         0.1909  SC_14EEL=        39.9071  SC_VDW     =        -0.0746
 SC_EEL =       -26.5783
 SC_RES_DIST=     0.0000  SC_RES_ANG=       0.0000  SC_RES_TORS=         0.0000
 SC_EEL_DER=      0.0000  SC_VDW_DER=       0.0000  SC_DERIV   =         0.0000
 ------------------------------------------------------------------------------


| TI region  2


 NSTEP =   135000   TIME(PS) =     135.000  TEMP(K) = Infinity  PRESS =     0.0
 Etot   =        -0.0002  EKtot   =         0.0000  EPtot      =        -0.0002
 BOND   =        -0.0000  ANGLE   =         0.0000  DIHED      =        -0.0000
 1-4 NB =         0.0000  1-4 EEL =         0.0000  VDWAALS    =        -0.0000
 EELEC  =        -0.0001  EHBOND  =         0.0000  RESTRAINT  =         0.0000
 DV/DL  =         0.0008
 ------------------------------------------------------------------------------

 NMR restraints: Bond =    0.000   Angle =     0.000   Torsion =     0.000
===============================================================================

| TI region  1


 NSTEP =   140000   TIME(PS) =     140.000  TEMP(K) =   275.73  PRESS =     0.0
 Etot   =         9.8628  EKtot   =         9.8628  EPtot      =         0.0000
 BOND   =        -0.0000  ANGLE   =         0.0000  DIHED      =         0.0000
 1-4 NB =         0.0000  1-4 EEL =        -0.0000  VDWAALS    =        -0.0000
 EELEC  =         0.0000  EHBOND  =         0.0000  RESTRAINT  =         0.0000
 DV/DL  =        -0.0000
 ------------------------------------------------------------------------------

  Softcore part of the system:      12 atoms,       TEMP(K)    =         275.73
 SC_Etot=        27.8737  SC_EKtot=         9.8628  SC_EPtot   =        18.0109
 SC_BOND=         0.9107  SC_ANGLE=         3.1194  SC_DIHED   =         1.1003
 SC_14NB=         0.2427  SC_14EEL=        28.8664  SC_VDW     =        -0.0421
 SC_EEL =       -16.1865
 SC_RES_DIST=     0.0000  SC_RES_ANG=       0.0000  SC_RES_TORS=         0.0000
 SC_EEL_DER=      0.0000  SC_VDW_DER=       0.0000  SC_DERIV   =         0.0000
 ------------------------------------------------------------------------------


| TI region  2


 NSTEP =   140000   TIME(PS) =     140.000  TEMP(K) =-Infinity  PRESS =     0.0
 Etot   =         0.0000  EKtot   =        -0.0000  EPtot      =         0.0000
 BOND   =        -0.0000  ANGLE   =         0.0000  DIHED      =         0.0000
 1-4 NB =         0.0000  1-4 EEL =        -0.0000  VDWAALS    =        -0.0000
 EELEC  =         0.0000  EHBOND  =         0.0000  RESTRAINT  =         0.0000
 DV/DL  =        -0.0000
 ------------------------------------------------------------------------------

 NMR restraints: Bond =    0.000   Angle =     0.000   Torsion =     0.000
===============================================================================

| TI region  1


 NSTEP =   145000   TIME(PS) =     145.000  TEMP(K) =   208.49  PRESS =     0.0
 Etot   =         7.4578  EKtot   =         7.4577  EPtot      =         0.0001
 BOND   =         0.0000  ANGLE   =         0.0000  DIHED      =        -0.0000
 1-4 NB =         0.0000  1-4 EEL =         0.0000  VDWAALS    =        -0.0000
 EELEC  =         0.0001  EHBOND  =         0.0000  RESTRAINT  =         0.0000
 DV/DL  =        -0.0004
 ------------------------------------------------------------------------------

  Softcore part of the system:      12 atoms,       TEMP(K)    =         208.49
 SC_Etot=        25.0308  SC_EKtot=         7.4577  SC_EPtot   =        17.5731
 SC_BOND=         2.0602  SC_ANGLE=         1.7947  SC_DIHED   =         0.3524
 SC_14NB=         0.0735  SC_14EEL=        28.9834  SC_VDW     =        -0.0388
 SC_EEL =       -15.6523
 SC_RES_DIST=     0.0000  SC_RES_ANG=       0.0000  SC_RES_TORS=         0.0000
 SC_EEL_DER=      0.0000  SC_VDW_DER=       0.0000  SC_DERIV   =         0.0000
 ------------------------------------------------------------------------------


| TI region  2


 NSTEP =   145000   TIME(PS) =     145.000  TEMP(K) = Infinity  PRESS =     0.0
 Etot   =         0.0001  EKtot   =         0.0000  EPtot      =         0.0001
 BOND   =         0.0000  ANGLE   =         0.0000  DIHED      =        -0.0000
 1-4 NB =         0.0000  1-4 EEL =         0.0000  VDWAALS    =        -0.0000
 EELEC  =         0.0001  EHBOND  =         0.0000  RESTRAINT  =         0.0000
 DV/DL  =        -0.0004
 ------------------------------------------------------------------------------

 NMR restraints: Bond =    0.000   Angle =     0.000   Torsion =     0.000
===============================================================================

| TI region  1


 NSTEP =   150000   TIME(PS) =     150.000  TEMP(K) =   254.19  PRESS =     0.0
 Etot   =         9.0919  EKtot   =         9.0921  EPtot      =        -0.0002
 BOND   =        -0.0000  ANGLE   =         0.0000  DIHED      =         0.0000
 1-4 NB =         0.0000  1-4 EEL =        -0.0000  VDWAALS    =        -0.0000
 EELEC  =        -0.0001  EHBOND  =         0.0000  RESTRAINT  =         0.0000
 DV/DL  =         0.0008
 ------------------------------------------------------------------------------

  Softcore part of the system:      12 atoms,       TEMP(K)    =         254.19
 SC_Etot=        32.6669  SC_EKtot=         9.0921  SC_EPtot   =        23.5748
 SC_BOND=         3.7326  SC_ANGLE=         5.6384  SC_DIHED   =         0.9400
 SC_14NB=         0.5670  SC_14EEL=        28.7881  SC_VDW     =        -0.0409
 SC_EEL =       -16.0504
 SC_RES_DIST=     0.0000  SC_RES_ANG=       0.0000  SC_RES_TORS=         0.0000
 SC_EEL_DER=      0.0000  SC_VDW_DER=       0.0000  SC_DERIV   =         0.0000
 ------------------------------------------------------------------------------


| TI region  2


 NSTEP =   150000   TIME(PS) =     150.000  TEMP(K) = Infinity  PRESS =     0.0
 Etot   =        -0.0002  EKtot   =         0.0000  EPtot      =        -0.0002
 BOND   =        -0.0000  ANGLE   =         0.0000  DIHED      =         0.0000
 1-4 NB =         0.0000  1-4 EEL =        -0.0000  VDWAALS    =        -0.0000
 EELEC  =        -0.0001  EHBOND  =         0.0000  RESTRAINT  =         0.0000
 DV/DL  =         0.0008
 ------------------------------------------------------------------------------

 NMR restraints: Bond =    0.000   Angle =     0.000   Torsion =     0.000
===============================================================================

| TI region  1


 NSTEP =   155000   TIME(PS) =     155.000  TEMP(K) =   151.16  PRESS =     0.0
 Etot   =         5.4066  EKtot   =         5.4068  EPtot      =        -0.0002
 BOND   =         0.0000  ANGLE   =        -0.0000  DIHED      =        -0.0000
 1-4 NB =         0.0000  1-4 EEL =        -0.0000  VDWAALS    =        -0.0000
 EELEC  =        -0.0002  EHBOND  =         0.0000  RESTRAINT  =         0.0000
 DV/DL  =         0.0011
 ------------------------------------------------------------------------------

  Softcore part of the system:      12 atoms,       TEMP(K)    =         151.16
 SC_Etot=        27.2763  SC_EKtot=         5.4068  SC_EPtot   =        21.8694
 SC_BOND=         2.9798  SC_ANGLE=         4.9401  SC_DIHED   =         0.8809
 SC_14NB=         0.0819  SC_14EEL=        28.1915  SC_VDW     =        -0.0353
 SC_EEL =       -15.1695
 SC_RES_DIST=     0.0000  SC_RES_ANG=       0.0000  SC_RES_TORS=         0.0000
 SC_EEL_DER=      0.0000  SC_VDW_DER=       0.0000  SC_DERIV   =         0.0000
 ------------------------------------------------------------------------------


| TI region  2


 NSTEP =   155000   TIME(PS) =     155.000  TEMP(K) = Infinity  PRESS =     0.0
 Etot   =        -0.0002  EKtot   =         0.0000  EPtot      =        -0.0002
 BOND   =         0.0000  ANGLE   =        -0.0000  DIHED      =        -0.0000
 1-4 NB =         0.0000  1-4 EEL =        -0.0000  VDWAALS    =        -0.0000
 EELEC  =        -0.0002  EHBOND  =         0.0000  RESTRAINT  =         0.0000
 DV/DL  =         0.0011
 ------------------------------------------------------------------------------

 NMR restraints: Bond =    0.000   Angle =     0.000   Torsion =     0.000
===============================================================================

| TI region  1


 NSTEP =   160000   TIME(PS) =     160.000  TEMP(K) =   257.98  PRESS =     0.0
 Etot   =         9.2276  EKtot   =         9.2277  EPtot      =        -0.0001
 BOND   =         0.0000  ANGLE   =         0.0000  DIHED      =        -0.0000
 1-4 NB =         0.0000  1-4 EEL =        -0.0000  VDWAALS    =        -0.0000
 EELEC  =        -0.0001  EHBOND  =         0.0000  RESTRAINT  =         0.0000
 DV/DL  =         0.0005
 ------------------------------------------------------------------------------

  Softcore part of the system:      12 atoms,       TEMP(K)    =         257.98
 SC_Etot=        29.6354  SC_EKtot=         9.2277  SC_EPtot   =        20.4077
 SC_BOND=         3.6120  SC_ANGLE=         2.6303  SC_DIHED   =         1.1890
 SC_14NB=         0.0384  SC_14EEL=        28.3830  SC_VDW     =        -0.0408
 SC_EEL =       -15.4042
 SC_RES_DIST=     0.0000  SC_RES_ANG=       0.0000  SC_RES_TORS=         0.0000
 SC_EEL_DER=      0.0000  SC_VDW_DER=       0.0000  SC_DERIV   =         0.0000
 ------------------------------------------------------------------------------


| TI region  2


 NSTEP =   160000   TIME(PS) =     160.000  TEMP(K) = Infinity  PRESS =     0.0
 Etot   =        -0.0001  EKtot   =         0.0000  EPtot      =        -0.0001
 BOND   =         0.0000  ANGLE   =         0.0000  DIHED      =        -0.0000
 1-4 NB =         0.0000  1-4 EEL =        -0.0000  VDWAALS    =        -0.0000
 EELEC  =        -0.0001  EHBOND  =         0.0000  RESTRAINT  =         0.0000
 DV/DL  =         0.0005
 ------------------------------------------------------------------------------

 NMR restraints: Bond =    0.000   Angle =     0.000   Torsion =     0.000
===============================================================================

| TI region  1


 NSTEP =   165000   TIME(PS) =     165.000  TEMP(K) =   232.27  PRESS =     0.0
 Etot   =         8.3081  EKtot   =         8.3081  EPtot      =        -0.0000
 BOND   =        -0.0000  ANGLE   =        -0.0000  DIHED      =        -0.0000
 1-4 NB =         0.0000  1-4 EEL =        -0.0000  VDWAALS    =        -0.0000
 EELEC  =         0.0000  EHBOND  =         0.0000  RESTRAINT  =         0.0000
 DV/DL  =         0.0001
 ------------------------------------------------------------------------------

  Softcore part of the system:      12 atoms,       TEMP(K)    =         232.27
 SC_Etot=        30.6762  SC_EKtot=         8.3081  SC_EPtot   =        22.3681
 SC_BOND=         2.8958  SC_ANGLE=         5.0597  SC_DIHED   =         1.4607
 SC_14NB=         0.2140  SC_14EEL=        29.7352  SC_VDW     =        -0.0352
 SC_EEL =       -16.9621
 SC_RES_DIST=     0.0000  SC_RES_ANG=       0.0000  SC_RES_TORS=         0.0000
 SC_EEL_DER=      0.0000  SC_VDW_DER=       0.0000  SC_DERIV   =         0.0000
 ------------------------------------------------------------------------------


| TI region  2


 NSTEP =   165000   TIME(PS) =     165.000  TEMP(K) = Infinity  PRESS =     0.0
 Etot   =        -0.0000  EKtot   =         0.0000  EPtot      =        -0.0000
 BOND   =        -0.0000  ANGLE   =        -0.0000  DIHED      =        -0.0000
 1-4 NB =         0.0000  1-4 EEL =        -0.0000  VDWAALS    =        -0.0000
 EELEC  =         0.0000  EHBOND  =         0.0000  RESTRAINT  =         0.0000
 DV/DL  =         0.0001
 ------------------------------------------------------------------------------

 NMR restraints: Bond =    0.000   Angle =     0.000   Torsion =     0.000
===============================================================================

| TI region  1


 NSTEP =   170000   TIME(PS) =     170.000  TEMP(K) =   400.07  PRESS =     0.0
 Etot   =        14.3105  EKtot   =        14.3103  EPtot      =         0.0001
 BOND   =         0.0000  ANGLE   =        -0.0000  DIHED      =        -0.0000
 1-4 NB =         0.0000  1-4 EEL =         0.0000  VDWAALS    =        -0.0000
 EELEC  =         0.0001  EHBOND  =         0.0000  RESTRAINT  =         0.0000
 DV/DL  =        -0.0006
 ------------------------------------------------------------------------------

  Softcore part of the system:      12 atoms,       TEMP(K)    =         400.07
 SC_Etot=        34.5160  SC_EKtot=        14.3103  SC_EPtot   =        20.2056
 SC_BOND=         1.7938  SC_ANGLE=         5.0630  SC_DIHED   =         0.6679
 SC_14NB=         0.7770  SC_14EEL=        27.7970  SC_VDW     =        -0.0525
 SC_EEL =       -15.8406
 SC_RES_DIST=     0.0000  SC_RES_ANG=       0.0000  SC_RES_TORS=         0.0000
 SC_EEL_DER=      0.0000  SC_VDW_DER=       0.0000  SC_DERIV   =         0.0000
 ------------------------------------------------------------------------------


| TI region  2


 NSTEP =   170000   TIME(PS) =     170.000  TEMP(K) = Infinity  PRESS =     0.0
 Etot   =         0.0001  EKtot   =         0.0000  EPtot      =         0.0001
 BOND   =         0.0000  ANGLE   =        -0.0000  DIHED      =        -0.0000
 1-4 NB =         0.0000  1-4 EEL =         0.0000  VDWAALS    =        -0.0000
 EELEC  =         0.0001  EHBOND  =         0.0000  RESTRAINT  =         0.0000
 DV/DL  =        -0.0006
 ------------------------------------------------------------------------------

 NMR restraints: Bond =    0.000   Angle =     0.000   Torsion =     0.000
===============================================================================

| TI region  1


 NSTEP =   175000   TIME(PS) =     175.000  TEMP(K) =   345.63  PRESS =     0.0
 Etot   =        12.3630  EKtot   =        12.3632  EPtot      =        -0.0002
 BOND   =        -0.0000  ANGLE   =        -0.0000  DIHED      =         0.0000
 1-4 NB =         0.0000  1-4 EEL =         0.0000  VDWAALS    =        -0.0000
 EELEC  =        -0.0002  EHBOND  =         0.0000  RESTRAINT  =         0.0000
 DV/DL  =         0.0009
 ------------------------------------------------------------------------------

  Softcore part of the system:      12 atoms,       TEMP(K)    =         345.63
 SC_Etot=        36.0000  SC_EKtot=        12.3632  SC_EPtot   =        23.6369
 SC_BOND=         4.0629  SC_ANGLE=         6.0114  SC_DIHED   =         0.9418
 SC_14NB=         0.4244  SC_14EEL=        28.4399  SC_VDW     =        -0.0431
 SC_EEL =       -16.2004
 SC_RES_DIST=     0.0000  SC_RES_ANG=       0.0000  SC_RES_TORS=         0.0000
 SC_EEL_DER=      0.0000  SC_VDW_DER=       0.0000  SC_DERIV   =         0.0000
 ------------------------------------------------------------------------------


| TI region  2


 NSTEP =   175000   TIME(PS) =     175.000  TEMP(K) = Infinity  PRESS =     0.0
 Etot   =        -0.0002  EKtot   =         0.0000  EPtot      =        -0.0002
 BOND   =        -0.0000  ANGLE   =        -0.0000  DIHED      =         0.0000
 1-4 NB =         0.0000  1-4 EEL =         0.0000  VDWAALS    =        -0.0000
 EELEC  =        -0.0002  EHBOND  =         0.0000  RESTRAINT  =         0.0000
 DV/DL  =         0.0009
 ------------------------------------------------------------------------------

 NMR restraints: Bond =    0.000   Angle =     0.000   Torsion =     0.000
===============================================================================

| TI region  1


 NSTEP =   180000   TIME(PS) =     180.000  TEMP(K) =   464.42  PRESS =     0.0
 Etot   =        16.6122  EKtot   =        16.6120  EPtot      =         0.0002
 BOND   =        -0.0000  ANGLE   =        -0.0000  DIHED      =        -0.0000
 1-4 NB =         0.0000  1-4 EEL =        -0.0000  VDWAALS    =        -0.0000
 EELEC  =         0.0002  EHBOND  =         0.0000  RESTRAINT  =         0.0000
 DV/DL  =        -0.0009
 ------------------------------------------------------------------------------

  Softcore part of the system:      12 atoms,       TEMP(K)    =         464.42
 SC_Etot=        35.3669  SC_EKtot=        16.6120  SC_EPtot   =        18.7549
 SC_BOND=         2.1934  SC_ANGLE=         2.5949  SC_DIHED   =         0.6525
 SC_14NB=         0.0565  SC_14EEL=        29.0231  SC_VDW     =        -0.0337
 SC_EEL =       -15.7319
 SC_RES_DIST=     0.0000  SC_RES_ANG=       0.0000  SC_RES_TORS=         0.0000
 SC_EEL_DER=      0.0000  SC_VDW_DER=       0.0000  SC_DERIV   =         0.0000
 ------------------------------------------------------------------------------


| TI region  2


 NSTEP =   180000   TIME(PS) =     180.000  TEMP(K) = Infinity  PRESS =     0.0
 Etot   =         0.0002  EKtot   =         0.0000  EPtot      =         0.0002
 BOND   =        -0.0000  ANGLE   =        -0.0000  DIHED      =        -0.0000
 1-4 NB =         0.0000  1-4 EEL =        -0.0000  VDWAALS    =        -0.0000
 EELEC  =         0.0002  EHBOND  =         0.0000  RESTRAINT  =         0.0000
 DV/DL  =        -0.0009
 ------------------------------------------------------------------------------

 NMR restraints: Bond =    0.000   Angle =     0.000   Torsion =     0.000
===============================================================================

| TI region  1


 NSTEP =   185000   TIME(PS) =     185.000  TEMP(K) =   313.47  PRESS =     0.0
 Etot   =        11.2127  EKtot   =        11.2128  EPtot      =        -0.0000
 BOND   =        -0.0000  ANGLE   =        -0.0000  DIHED      =        -0.0000
 1-4 NB =         0.0000  1-4 EEL =         0.0000  VDWAALS    =        -0.0000
 EELEC  =         0.0000  EHBOND  =         0.0000  RESTRAINT  =         0.0000
 DV/DL  =         0.0001
 ------------------------------------------------------------------------------

  Softcore part of the system:      12 atoms,       TEMP(K)    =         313.47
 SC_Etot=        35.3726  SC_EKtot=        11.2128  SC_EPtot   =        24.1598
 SC_BOND=         2.7983  SC_ANGLE=         7.7573  SC_DIHED   =         1.0454
 SC_14NB=         0.2201  SC_14EEL=        27.4942  SC_VDW     =        -0.0358
 SC_EEL =       -15.1196
 SC_RES_DIST=     0.0000  SC_RES_ANG=       0.0000  SC_RES_TORS=         0.0000
 SC_EEL_DER=      0.0000  SC_VDW_DER=       0.0000  SC_DERIV   =         0.0000
 ------------------------------------------------------------------------------


| TI region  2


 NSTEP =   185000   TIME(PS) =     185.000  TEMP(K) = Infinity  PRESS =     0.0
 Etot   =        -0.0000  EKtot   =         0.0000  EPtot      =        -0.0000
 BOND   =        -0.0000  ANGLE   =        -0.0000  DIHED      =        -0.0000
 1-4 NB =         0.0000  1-4 EEL =         0.0000  VDWAALS    =        -0.0000
 EELEC  =         0.0000  EHBOND  =         0.0000  RESTRAINT  =         0.0000
 DV/DL  =         0.0001
 ------------------------------------------------------------------------------

 NMR restraints: Bond =    0.000   Angle =     0.000   Torsion =     0.000
===============================================================================

| TI region  1


 NSTEP =   190000   TIME(PS) =     190.000  TEMP(K) =   270.23  PRESS =     0.0
 Etot   =         9.6661  EKtot   =         9.6661  EPtot      =        -0.0000
 BOND   =         0.0000  ANGLE   =         0.0000  DIHED      =         0.0000
 1-4 NB =         0.0000  1-4 EEL =        -0.0000  VDWAALS    =        -0.0000
 EELEC  =         0.0000  EHBOND  =         0.0000  RESTRAINT  =         0.0000
 DV/DL  =         0.0001
 ------------------------------------------------------------------------------

  Softcore part of the system:      12 atoms,       TEMP(K)    =         270.23
 SC_Etot=        33.1847  SC_EKtot=         9.6661  SC_EPtot   =        23.5186
 SC_BOND=         5.6357  SC_ANGLE=         3.3127  SC_DIHED   =         0.9319
 SC_14NB=         0.0257  SC_14EEL=        28.8803  SC_VDW     =        -0.0383
 SC_EEL =       -15.2293
 SC_RES_DIST=     0.0000  SC_RES_ANG=       0.0000  SC_RES_TORS=         0.0000
 SC_EEL_DER=      0.0000  SC_VDW_DER=       0.0000  SC_DERIV   =         0.0000
 ------------------------------------------------------------------------------


| TI region  2


 NSTEP =   190000   TIME(PS) =     190.000  TEMP(K) = Infinity  PRESS =     0.0
 Etot   =        -0.0000  EKtot   =         0.0000  EPtot      =        -0.0000
 BOND   =         0.0000  ANGLE   =         0.0000  DIHED      =         0.0000
 1-4 NB =         0.0000  1-4 EEL =        -0.0000  VDWAALS    =        -0.0000
 EELEC  =         0.0000  EHBOND  =         0.0000  RESTRAINT  =         0.0000
 DV/DL  =         0.0001
 ------------------------------------------------------------------------------

 NMR restraints: Bond =    0.000   Angle =     0.000   Torsion =     0.000
===============================================================================

| TI region  1


 NSTEP =   195000   TIME(PS) =     195.000  TEMP(K) =   276.14  PRESS =     0.0
 Etot   =         9.8772  EKtot   =         9.8774  EPtot      =        -0.0001
 BOND   =        -0.0000  ANGLE   =        -0.0000  DIHED      =        -0.0000
 1-4 NB =         0.0000  1-4 EEL =        -0.0000  VDWAALS    =        -0.0000
 EELEC  =        -0.0001  EHBOND  =         0.0000  RESTRAINT  =         0.0000
 DV/DL  =         0.0007
 ------------------------------------------------------------------------------

  Softcore part of the system:      12 atoms,       TEMP(K)    =         276.14
 SC_Etot=        29.4936  SC_EKtot=         9.8774  SC_EPtot   =        19.6162
 SC_BOND=         2.2059  SC_ANGLE=         3.8012  SC_DIHED   =         0.3602
 SC_14NB=         0.3682  SC_14EEL=        29.0035  SC_VDW     =        -0.0431
 SC_EEL =       -16.0796
 SC_RES_DIST=     0.0000  SC_RES_ANG=       0.0000  SC_RES_TORS=         0.0000
 SC_EEL_DER=      0.0000  SC_VDW_DER=       0.0000  SC_DERIV   =         0.0000
 ------------------------------------------------------------------------------


| TI region  2


 NSTEP =   195000   TIME(PS) =     195.000  TEMP(K) = Infinity  PRESS =     0.0
 Etot   =        -0.0001  EKtot   =         0.0000  EPtot      =        -0.0001
 BOND   =        -0.0000  ANGLE   =        -0.0000  DIHED      =        -0.0000
 1-4 NB =         0.0000  1-4 EEL =        -0.0000  VDWAALS    =        -0.0000
 EELEC  =        -0.0001  EHBOND  =         0.0000  RESTRAINT  =         0.0000
 DV/DL  =         0.0007
 ------------------------------------------------------------------------------

 NMR restraints: Bond =    0.000   Angle =     0.000   Torsion =     0.000
===============================================================================

| TI region  1


 NSTEP =   200000   TIME(PS) =     200.000  TEMP(K) =   212.70  PRESS =     0.0
 Etot   =         7.6078  EKtot   =         7.6080  EPtot      =        -0.0002
 BOND   =         0.0000  ANGLE   =         0.0000  DIHED      =        -0.0000
 1-4 NB =         0.0000  1-4 EEL =        -0.0000  VDWAALS    =        -0.0000
 EELEC  =        -0.0002  EHBOND  =         0.0000  RESTRAINT  =         0.0000
 DV/DL  =         0.0010
 ------------------------------------------------------------------------------

  Softcore part of the system:      12 atoms,       TEMP(K)    =         212.70
 SC_Etot=        34.2598  SC_EKtot=         7.6080  SC_EPtot   =        26.6518
 SC_BOND=         1.8315  SC_ANGLE=        10.5501  SC_DIHED   =         0.9375
 SC_14NB=         0.1375  SC_14EEL=        28.3988  SC_VDW     =        -0.0435
 SC_EEL =       -15.1601
 SC_RES_DIST=     0.0000  SC_RES_ANG=       0.0000  SC_RES_TORS=         0.0000
 SC_EEL_DER=      0.0000  SC_VDW_DER=       0.0000  SC_DERIV   =         0.0000
 ------------------------------------------------------------------------------


| TI region  2


 NSTEP =   200000   TIME(PS) =     200.000  TEMP(K) = Infinity  PRESS =     0.0
 Etot   =        -0.0002  EKtot   =         0.0000  EPtot      =        -0.0002
 BOND   =         0.0000  ANGLE   =         0.0000  DIHED      =        -0.0000
 1-4 NB =         0.0000  1-4 EEL =        -0.0000  VDWAALS    =        -0.0000
 EELEC  =        -0.0002  EHBOND  =         0.0000  RESTRAINT  =         0.0000
 DV/DL  =         0.0010
 ------------------------------------------------------------------------------

 NMR restraints: Bond =    0.000   Angle =     0.000   Torsion =     0.000
===============================================================================

| TI region  1


      A V E R A G E S   O V E R      40 S T E P S


 NSTEP =   200000   TIME(PS) =     200.000  TEMP(K) =   163.44  PRESS =     0.0
 Etot   =         5.8460  EKtot   =         5.8461  EPtot      =        -0.0001
 BOND   =        -0.0000  ANGLE   =         0.0000  DIHED      =        -0.0000
 1-4 NB =         0.0000  1-4 EEL =         0.0000  VDWAALS    =        -0.0000
 EELEC  =        -0.0001  EHBOND  =         0.0000  RESTRAINT  =         0.0000
 DV/DL  =         0.0007
 ------------------------------------------------------------------------------

 NMR restraints: Bond =    0.000   Angle =     0.000   Torsion =     0.000
===============================================================================
  Softcore part of the system:      12 atoms,       TEMP(K)    =         163.44
 SC_Etot=        24.4927  SC_EKtot=         5.8461  SC_EPtot   =        18.6466
 SC_BOND=         1.6992  SC_ANGLE=         2.8989  SC_DIHED   =         0.8023
 SC_14NB=         0.3718  SC_14EEL=        36.2778  SC_VDW     =        -0.0696
 SC_EEL =       -23.3338
 SC_RES_DIST=     0.0000  SC_RES_ANG=       0.0000  SC_RES_TORS=         0.0000
 SC_EEL_DER=      0.0000  SC_VDW_DER=       0.0000  SC_DERIV   =         0.0000
 ------------------------------------------------------------------------------


      R M S  F L U C T U A T I O N S


 NSTEP =   200000   TIME(PS) =     200.000  TEMP(K) =   108.63  PRESS =     0.0
 Etot   =         3.8855  EKtot   =         3.8855  EPtot      =         0.0001
 BOND   =         0.0000  ANGLE   =         0.0000  DIHED      =         0.0000
 1-4 NB =         0.0000  1-4 EEL =         0.0000  VDWAALS    =         0.0000
 EELEC  =         0.0001  EHBOND  =         0.0000  RESTRAINT  =         0.0000
 DV/DL  =         0.0007
 ------------------------------------------------------------------------------

  Softcore part of the system:      12 atoms,       TEMP(K)    =         108.63
 SC_Etot=         6.3593  SC_EKtot=         3.8855  SC_EPtot   =         3.0250
 SC_BOND=         1.1807  SC_ANGLE=         2.1258  SC_DIHED   =         0.4363
 SC_14NB=         0.2387  SC_14EEL=         5.4861  SC_VDW     =         0.0223
 SC_EEL =         5.4615
 SC_RES_DIST=     0.0000  SC_RES_ANG=       0.0000  SC_RES_TORS=         0.0000
 SC_EEL_DER=      0.0000  SC_VDW_DER=       0.0000  SC_DERIV   =         0.0000
 ------------------------------------------------------------------------------


| TI region  2


      A V E R A G E S   O V E R      40 S T E P S


 NSTEP =   200000   TIME(PS) =     200.000  TEMP(K) =      NaN  PRESS =     0.0
 Etot   =        -0.0001  EKtot   =         0.0000  EPtot      =        -0.0001
 BOND   =        -0.0000  ANGLE   =         0.0000  DIHED      =        -0.0000
 1-4 NB =         0.0000  1-4 EEL =         0.0000  VDWAALS    =        -0.0000
 EELEC  =        -0.0001  EHBOND  =         0.0000  RESTRAINT  =         0.0000
 DV/DL  =         0.0007
 ------------------------------------------------------------------------------

 NMR restraints: Bond =    0.000   Angle =     0.000   Torsion =     0.000
===============================================================================

      R M S  F L U C T U A T I O N S


 NSTEP =   200000   TIME(PS) =     200.000  TEMP(K) =      NaN  PRESS =     0.0
 Etot   =         0.0001  EKtot   =         0.0000  EPtot      =         0.0001
 BOND   =         0.0000  ANGLE   =         0.0000  DIHED      =         0.0000
 1-4 NB =         0.0000  1-4 EEL =         0.0000  VDWAALS    =         0.0000
 EELEC  =         0.0001  EHBOND  =         0.0000  RESTRAINT  =         0.0000
 DV/DL  =         0.0007
 ------------------------------------------------------------------------------


      DV/DL, AVERAGES OVER      40 STEPS


 NSTEP =   200000   TIME(PS) =     200.000  TEMP(K) =      NaN  PRESS =     0.0
 Etot   =         0.0000  EKtot   =         0.0000  EPtot      =         0.0007
 BOND   =         0.0000  ANGLE   =         0.0000  DIHED      =         0.0000
 1-4 NB =         0.0000  1-4 EEL =         0.0000  VDWAALS    =         0.0001
 EELEC  =         0.0006  EHBOND  =         0.0000  RESTRAINT  =         0.0000
 DV/DL  =         0.0007
 ------------------------------------------------------------------------------


 NMR restraints on final step:

--------------------------------------------------------------------------------
   5.  TIMINGS
--------------------------------------------------------------------------------

|  NonSetup CPU Time in Major Routines:
|
|     Routine           Sec        %
|     ------------------------------
|     Nonbond          56.26   41.75
|     Bond              0.00    0.00
|     Angle             0.00    0.00
|     Dihedral          0.00    0.00
|     Shake             0.00    0.00
|     RunMD            77.99   57.87
|     Other             0.50    0.37
|     ------------------------------
|     Total           134.75

|  PME Nonbond Pairlist CPU Time:
|
|     Routine              Sec        %
|     ---------------------------------
|     Set Up Cit           0.00    0.00
|     Build List           0.00    0.00
|     ---------------------------------
|     Total                0.00    0.00

|  PME Direct Force CPU Time:
|
|     Routine              Sec        %
|     ---------------------------------
|     NonBonded Calc       0.00    0.00
|     Exclude Masked       0.00    0.00
|     Other                0.36    0.26
|     ---------------------------------
|     Total                0.36    0.26

|  PME Reciprocal Force CPU Time:
|
|     Routine              Sec        %
|     ---------------------------------
|     1D bspline           0.00    0.00
|     Grid Charges         0.00    0.00
|     Scalar Sum           0.00    0.00
|     Gradient Sum         0.00    0.00
|     FFT                  0.00    0.00
|     ---------------------------------
|     Total                0.00    0.00

|  Final Performance Info:
|     -----------------------------------------------------
|     Average timings for last   20000 steps:
|     Elapsed(s) =      13.47 Per Step(ms) =       0.67
|         ns/day =     128.33   seconds/ns =     673.27
|
|     Average timings for all steps:
|     Elapsed(s) =     135.42 Per Step(ms) =       0.68
|         ns/day =     127.60   seconds/ns =     677.12
|     -----------------------------------------------------

|  Setup CPU time:            0.42 seconds
|  NonSetup CPU time:       134.75 seconds
|  Total CPU time:          135.17 seconds     0.04 hours

|  Setup wall time:           0    seconds
|  NonSetup wall time:      136    seconds
|  Total wall time:         136    seconds     0.04 hours
