
          -------------------------------------------------------
          Amber 18 PMEMD                              2018
          -------------------------------------------------------

| PMEMD implementation of SANDER, Release 18

| Run on 09/18/2020 at 18:02:12

|   Executable path: /opt/software/Amber/18-foss-2018b-AmberTools-19/bin/pmemd.cuda
| Working directory: /mnt/gs18/scratch/users/songlin3/run/ti_en/one_step_tip3p_ethylenediame/ethylenediame_to_nothing/0.79366
|          Hostname: lac-142

  [-O]verwriting output

File Assignments:
|   MDIN: heat.in                                                               
|  MDOUT: heat.out                                                              
| INPCRD: min.rst                                                               
|   PARM: en_step2_final.prmtop                                                 
| RESTRT: heat.rst                                                              
|   REFC: min.rst                                                               
|  MDVEL: mdvel                                                                 
|   MDEN: mden                                                                  
|  MDCRD: heat.netcdf                                                           
| MDINFO: heat.mdinfo                                                           
|  MDFRC: mdfrc                                                                 


 Here is the input file:

nvt for free MD                                                                
 &cntrl                                                                        
  imin=0,                                                                      
  irest=0,                                                                     
  ntx=1,                                                                       
  ig=-1,                                                                       
  nstlim=200000,                                                               
  dt=0.001,                                                                    
  cut=10.0,                                                                    
  ntc=1,                                                                       
  ntf=1,                                                                       
  ntb=1,                                                                       
  ntt=3,                                                                       
  gamma_ln=2.0,                                                                
  tempi=0.0,                                                                   
  temp0=300.0,                                                                 
  ntpr=5000,                                                                   
  ntwr=5000,                                                                   
  ntwx=10000,                                                                  
  ntwv=0,                                                                      
  ioutfm=1,                                                                    
  iwrap=0,                                                                     
  nmropt=1,                                                                    
  ifsc = 1, icfe=1,                                                            
  clambda=0.79366,                                                             
  timask1=':1', scmask1=':1', scmask2='',                                      
  timask2='',                                                                  
/                                                                              
&wt TYPE='TEMP0', istep1=0, istep2=190000, value1=0.0, value2=300.0 /          
&wt TYPE='TEMP0', istep1=190001, istep2=200000, value1=300.0, value2=300.0 /   
&wt TYPE='DUMPFREQ', istep1=10000, /                                           
&wt TYPE='END', /                                                              


Note: ig = -1. Setting random seed to   211713 based on wallclock time in 
      microseconds.
| irandom = 1, using AMBER's internal random number generator (default).
 
|--------------------- INFORMATION ----------------------
| GPU (CUDA) Version of PMEMD in use: NVIDIA GPU IN USE.
|                    Version 18.0.0
| 
|                      03/25/2018
| 
| Implementation by:
|                    Ross C. Walker     (SDSC)
|                    Scott Le Grand     (nVIDIA)
| 
| Version 18 performance extensions by:
|                    David Cerutti     (Rutgers)
| 
| Precision model in use:
|      [SPFP] - Single Precision Forces, 64-bit Fixed Point
|               Accumulation. (Default)
| 
|--------------------------------------------------------
 
|----------------- CITATION INFORMATION -----------------
|
|    When publishing work that utilized the CUDA version
|    of AMBER, please cite the following in addition to
|    the regular AMBER citations:
|
|  - Romelia Salomon-Ferrer; Andreas W. Goetz; Duncan
|    Poole; Scott Le Grand; Ross C. Walker "Routine
|    microsecond molecular dynamics simulations with
|    AMBER - Part II: Particle Mesh Ewald", J. Chem.
|    Theory Comput., 2013, 9 (9), pp3878-3888,
|    DOI: 10.1021/ct400314y.
|
|  - Andreas W. Goetz; Mark J. Williamson; Dong Xu;
|    Duncan Poole; Scott Le Grand; Ross C. Walker
|    "Routine microsecond molecular dynamics simulations
|    with AMBER - Part I: Generalized Born", J. Chem.
|    Theory Comput., 2012, 8 (5), pp1542-1555.
|
|  - Scott Le Grand; Andreas W. Goetz; Ross C. Walker
|    "SPFP: Speed without compromise - a mixed precision
|    model for GPU accelerated molecular dynamics
|    simulations.", Comp. Phys. Comm., 2013, 184
|    pp374-380, DOI: 10.1016/j.cpc.2012.09.022
|
|    When publishing work that utilized the CUDA version
|    of TI, BAR, MBAR or FEP please cite the following 
|    three publications in addition to the regular AMBER 
|    GPU citations:
|
|  - Daniel J. Mermelstein; Charles Lin; Gard Nelson; 
|    Rachael Kretsch; J. Andrew McCammon; Ross C. Walker
|    "Fast and Flexible GPU Accelerated Binding 
|    Free Energy Calculations within the AMBER Molecular
|    Dynamics Package" J. Comp. Chem., 2018,
|    DOI: 10.1002/jcc.25187
|
|  - Tai-Sung Lee; Yuan Hu; Brad Sherborne; Zhuyan Guo;
|    Darrin M. York
|    "Toward Fast and Accurate Binding Affinity Prediction with
|    pmemdGTI: An Efficient Implementation of GPU-Accelerated
|    Thermodynamic Integration"
|    J. Chem. Theory Comput., 2017, 13 (7), 3077
|
|
|--------------------------------------------------------
 
|------------------- GPU DEVICE INFO --------------------
|
|            CUDA_VISIBLE_DEVICES: 0
|   CUDA Capable Devices Detected:      1
|           CUDA Device ID in use:      0
|                CUDA Device Name: Tesla K80
|     CUDA Device Global Mem Size:  11441 MB
| CUDA Device Num Multiprocessors:     13
|           CUDA Device Core Freq:   0.82 GHz
|
|--------------------------------------------------------
 
 
| Conditional Compilation Defines Used:
| PUBFFT
| BINTRAJ
| CUDA
| EMIL

| Largest sphere to fit in unit cell has radius =    27.375

| New format PARM file being parsed.
| Version =    1.000 Date = 09/18/20 Time = 17:37:14

| Note: 1-4 EEL scale factors are being read from the topology file.

| Note: 1-4 VDW scale factors are being read from the topology file.
| Duplicated    0 dihedrals

| Duplicated    0 dihedrals

--------------------------------------------------------------------------------
   1.  RESOURCE   USE: 
--------------------------------------------------------------------------------

 getting box info from netcdf restart file
 NATOM  =   20955 NTYPES =       6 NBONH =   20951 MBONA  =       3
 NTHETH =      16 MTHETA =       2 NPHIH =      20 MPHIA  =       1
 NHPARM =       0 NPARM  =       0 NNB   =   27975 NRES   =    6982
 NBONA  =       3 NTHETA =       2 NPHIA =       1 NUMBND =       6
 NUMANG =       6 NPTRA  =       2 NATYP =       6 NPHB   =       1
 IFBOX  =       2 NMXRS  =      12 IFCAP =       0 NEXTRA =       0
 NCOPY  =       0

| Coordinate Index Table dimensions:    10   10   10
| Direct force subcell size =     6.7054    6.7054    6.7054

     BOX TYPE: TRUNCATED OCTAHEDRON

--------------------------------------------------------------------------------
   2.  CONTROL  DATA  FOR  THE  RUN
--------------------------------------------------------------------------------

default_name                                                                    

General flags:
     imin    =       0, nmropt  =       1

Nature and format of input:
     ntx     =       1, irest   =       0, ntrx    =       1

Nature and format of output:
     ntxo    =       2, ntpr    =    5000, ntrx    =       1, ntwr    =    5000
     iwrap   =       0, ntwx    =   10000, ntwv    =       0, ntwe    =       0
     ioutfm  =       1, ntwprt  =       0, idecomp =       0, rbornstat=      0

Potential function:
     ntf     =       1, ntb     =       1, igb     =       0, nsnb    =      25
     ipol    =       0, gbsa    =       0, iesp    =       0
     dielc   =   1.00000, cut     =  10.00000, intdiel =   1.00000

Frozen or restrained atoms:
     ibelly  =       0, ntr     =       0

Molecular dynamics:
     nstlim  =    200000, nscm    =      1000, nrespa  =         1
     t       =   0.00000, dt      =   0.00100, vlimit  =  -1.00000

Langevin dynamics temperature regulation:
     ig      =  211713
     temp0   = 300.00000, tempi   =   0.00000, gamma_ln=   2.00000

NMR refinement options:
     iscale  =       0, noeskp  =       1, ipnlty  =       1, mxsub   =       1
     scalm   = 100.00000, pencut  =   0.10000, tausw   =   0.10000

Free energy options:
     icfe    =       1, ifsc    =       1, klambda =       1
     clambda =  0.7937, scalpha =  0.5000, scbeta  = 12.0000
     sceeorder =       2
     dynlmb =  0.0000 logdvdl =       0

| Intermolecular bonds treatment:
|     no_intermolecular_bonds =       1

| Energy averages sample interval:
|     ene_avg_sampling =    5000

Ewald parameters:
     verbose =       0, ew_type =       0, nbflag  =       1, use_pme =       1
     vdwmeth =       1, eedmeth =       1, netfrc  =       1
     Box X =   67.054   Box Y =   67.054   Box Z =   67.054
     Alpha =  109.471   Beta  =  109.471   Gamma =  109.471
     NFFT1 =   64       NFFT2 =   64       NFFT3 =   64
     Cutoff=   10.000   Tol   =0.100E-04
     Ewald Coefficient =  0.27511
     Interpolation order =    4
     TI Mask 1 :1; matches     12 atoms
     TI Mask 2  matches      0 atoms
     TI region 1:   20955 atoms
     TI region 2:   20943 atoms
     SC Mask 1 :1; matches     12 atoms

--------------------------------------------------------------------------------
   3.  ATOMIC COORDINATES AND VELOCITIES
--------------------------------------------------------------------------------

default_name                                                                    
 begin time read from input coords =     0.000 ps



           Begin reading energy term weight changes/NMR restraints
 WEIGHT CHANGES:
 TEMP0         0 190000    0.000000  300.000000      0      0
 TEMP0    190001 200000  300.000000  300.000000      0      0
 DUMPFREQ  10000      0    0.000000    0.000000      0      0

 RESTRAINTS:
                          ** No restraint defined **

                  Done reading weight changes/NMR restraints


 
 Number of triangulated 3-point waters found:     6981
 Number of shake restraints removed in TI region  1 :        0
 Number of shake restraints removed in TI region  2 :        0

     Sum of charges for TI region  1 =  -0.00000000
     Forcing neutrality...


     Sum of charges for TI region  2 =   0.00000000
     Forcing neutrality...

| Dynamic Memory, Types Used:
| Reals              918940
| Integers           797059

| Nonbonded Pairs Initial Allocation:     6338363

| GPU memory information (estimate):
| KB of GPU memory in use:         0
| KB of CPU memory in use:         0

--------------------------------------------------------------------------------
   4.  RESULTS
--------------------------------------------------------------------------------

   DOF for the SC part  1 of the system:   36

| TI region  1


 NSTEP =        0   TIME(PS) =       0.000  TEMP(K) =     0.00  PRESS =     0.0
 Etot   =    -63488.0668  EKtot   =         0.0000  EPtot      =    -63488.0668
 BOND   =      3641.9196  ANGLE   =         0.0000  DIHED      =        -0.0000
 1-4 NB =         0.0000  1-4 EEL =         0.0000  VDWAALS    =      3827.0281
 EELEC  =    -70957.0145  EHBOND  =         0.0000  RESTRAINT  =         0.0000
 DV/DL  =         7.3409
 ------------------------------------------------------------------------------

  Softcore part of the system:      12 atoms,       TEMP(K)    =           0.00
 SC_Etot=        13.8024  SC_EKtot=         0.0000  SC_EPtot   =        13.8024
 SC_BOND=         0.0451  SC_ANGLE=         0.1399  SC_DIHED   =         0.3254
 SC_14NB=         0.4074  SC_14EEL=        40.4513  SC_VDW     =        -0.0884
 SC_EEL =       -27.4785
 SC_RES_DIST=     0.0000  SC_RES_ANG=       0.0000  SC_RES_TORS=         0.0000
 SC_EEL_DER=      0.0409  SC_VDW_DER=       0.0142  SC_DERIV   =         0.0550
 ------------------------------------------------------------------------------


| TI region  2


 NSTEP =        0   TIME(PS) =       0.000  TEMP(K) =     0.00  PRESS =     0.0
 Etot   =    -63488.0668  EKtot   =         0.0000  EPtot      =    -63488.0668
 BOND   =      3641.9196  ANGLE   =         0.0000  DIHED      =        -0.0000
 1-4 NB =         0.0000  1-4 EEL =         0.0000  VDWAALS    =      3827.0281
 EELEC  =    -70957.0145  EHBOND  =         0.0000  RESTRAINT  =         0.0000
 DV/DL  =         7.3409
 ------------------------------------------------------------------------------

 NMR restraints: Bond =    0.000   Angle =     0.000   Torsion =     0.000
===============================================================================

| TI region  1


 NSTEP =     5000   TIME(PS) =       5.000  TEMP(K) =     7.30  PRESS =     0.0
 Etot   =    -63352.7667  EKtot   =       456.0887  EPtot      =    -63808.8554
 BOND   =      3933.7674  ANGLE   =         0.0000  DIHED      =        -0.0000
 1-4 NB =         0.0000  1-4 EEL =         0.0000  VDWAALS    =      4223.8161
 EELEC  =    -71966.4389  EHBOND  =         0.0000  RESTRAINT  =         0.0000
 DV/DL  =         7.8117
 ------------------------------------------------------------------------------

  Softcore part of the system:      12 atoms,       TEMP(K)    =           5.23
 SC_Etot=        14.2456  SC_EKtot=         0.1872  SC_EPtot   =        14.0584
 SC_BOND=         0.1296  SC_ANGLE=         0.2340  SC_DIHED   =         0.3508
 SC_14NB=         0.4608  SC_14EEL=        41.2032  SC_VDW     =        -0.0926
 SC_EEL =       -28.2275
 SC_RES_DIST=     0.0000  SC_RES_ANG=       0.0000  SC_RES_TORS=         0.0000
 SC_EEL_DER=      0.0250  SC_VDW_DER=      -0.1042  SC_DERIV   =        -0.0792
 ------------------------------------------------------------------------------


| TI region  2


 NSTEP =     5000   TIME(PS) =       5.000  TEMP(K) =     7.30  PRESS =     0.0
 Etot   =    -63352.9539  EKtot   =       455.9015  EPtot      =    -63808.8554
 BOND   =      3933.7674  ANGLE   =         0.0000  DIHED      =        -0.0000
 1-4 NB =         0.0000  1-4 EEL =         0.0000  VDWAALS    =      4223.8161
 EELEC  =    -71966.4389  EHBOND  =         0.0000  RESTRAINT  =         0.0000
 DV/DL  =         7.8117
 ------------------------------------------------------------------------------

 NMR restraints: Bond =    0.000   Angle =     0.000   Torsion =     0.000
===============================================================================

| TI region  1


 NSTEP =    10000   TIME(PS) =      10.000  TEMP(K) =    14.99  PRESS =     0.0
 Etot   =    -62486.3922  EKtot   =       936.2256  EPtot      =    -63422.6179
 BOND   =      4120.7599  ANGLE   =        -0.0000  DIHED      =        -0.0000
 1-4 NB =         0.0000  1-4 EEL =         0.0000  VDWAALS    =      4186.5622
 EELEC  =    -71729.9400  EHBOND  =         0.0000  RESTRAINT  =         0.0000
 DV/DL  =         7.8945
 ------------------------------------------------------------------------------

  Softcore part of the system:      12 atoms,       TEMP(K)    =          18.30
 SC_Etot=        14.8244  SC_EKtot=         0.6545  SC_EPtot   =        14.1699
 SC_BOND=         0.2079  SC_ANGLE=         0.1900  SC_DIHED   =         0.3125
 SC_14NB=         0.4086  SC_14EEL=        41.0858  SC_VDW     =        -0.0867
 SC_EEL =       -27.9483
 SC_RES_DIST=     0.0000  SC_RES_ANG=       0.0000  SC_RES_TORS=         0.0000
 SC_EEL_DER=      0.0157  SC_VDW_DER=      -0.3734  SC_DERIV   =        -0.3577
 ------------------------------------------------------------------------------


| TI region  2


 NSTEP =    10000   TIME(PS) =      10.000  TEMP(K) =    14.99  PRESS =     0.0
 Etot   =    -62487.0467  EKtot   =       935.5712  EPtot      =    -63422.6179
 BOND   =      4120.7599  ANGLE   =        -0.0000  DIHED      =        -0.0000
 1-4 NB =         0.0000  1-4 EEL =         0.0000  VDWAALS    =      4186.5622
 EELEC  =    -71729.9400  EHBOND  =         0.0000  RESTRAINT  =         0.0000
 DV/DL  =         7.8945
 ------------------------------------------------------------------------------

 NMR restraints: Bond =    0.000   Angle =     0.000   Torsion =     0.000
===============================================================================

| TI region  1


 NSTEP =    15000   TIME(PS) =      15.000  TEMP(K) =    23.11  PRESS =     0.0
 Etot   =    -61584.0253  EKtot   =      1443.5458  EPtot      =    -63027.5711
 BOND   =      4313.9091  ANGLE   =        -0.0000  DIHED      =        -0.0000
 1-4 NB =         0.0000  1-4 EEL =        -0.0000  VDWAALS    =      4197.3298
 EELEC  =    -71538.8100  EHBOND  =         0.0000  RESTRAINT  =         0.0000
 DV/DL  =         8.0236
 ------------------------------------------------------------------------------

  Softcore part of the system:      12 atoms,       TEMP(K)    =          16.72
 SC_Etot=        15.1473  SC_EKtot=         0.5979  SC_EPtot   =        14.5494
 SC_BOND=         0.2030  SC_ANGLE=         0.5797  SC_DIHED   =         0.1549
 SC_14NB=         0.4239  SC_14EEL=        40.5777  SC_VDW     =        -0.0839
 SC_EEL =       -27.3060
 SC_RES_DIST=     0.0000  SC_RES_ANG=       0.0000  SC_RES_TORS=         0.0000
 SC_EEL_DER=     -0.0043  SC_VDW_DER=      -0.2601  SC_DERIV   =        -0.2644
 ------------------------------------------------------------------------------


| TI region  2


 NSTEP =    15000   TIME(PS) =      15.000  TEMP(K) =    23.11  PRESS =     0.0
 Etot   =    -61584.6232  EKtot   =      1442.9478  EPtot      =    -63027.5711
 BOND   =      4313.9091  ANGLE   =        -0.0000  DIHED      =        -0.0000
 1-4 NB =         0.0000  1-4 EEL =        -0.0000  VDWAALS    =      4197.3298
 EELEC  =    -71538.8100  EHBOND  =         0.0000  RESTRAINT  =         0.0000
 DV/DL  =         8.0236
 ------------------------------------------------------------------------------

 NMR restraints: Bond =    0.000   Angle =     0.000   Torsion =     0.000
===============================================================================

| TI region  1


 NSTEP =    20000   TIME(PS) =      20.000  TEMP(K) =    30.91  PRESS =     0.0
 Etot   =    -60679.4617  EKtot   =      1930.8599  EPtot      =    -62610.3216
 BOND   =      4500.1230  ANGLE   =         0.0000  DIHED      =         0.0000
 1-4 NB =         0.0000  1-4 EEL =         0.0000  VDWAALS    =      4203.5167
 EELEC  =    -71313.9613  EHBOND  =         0.0000  RESTRAINT  =         0.0000
 DV/DL  =         8.6928
 ------------------------------------------------------------------------------

  Softcore part of the system:      12 atoms,       TEMP(K)    =          30.51
 SC_Etot=        15.8539  SC_EKtot=         1.0912  SC_EPtot   =        14.7626
 SC_BOND=         0.3845  SC_ANGLE=         0.7197  SC_DIHED   =         0.3357
 SC_14NB=         0.6450  SC_14EEL=        41.1833  SC_VDW     =        -0.0945
 SC_EEL =       -28.4112
 SC_RES_DIST=     0.0000  SC_RES_ANG=       0.0000  SC_RES_TORS=         0.0000
 SC_EEL_DER=      0.0359  SC_VDW_DER=      -0.2212  SC_DERIV   =        -0.1854
 ------------------------------------------------------------------------------


| TI region  2


 NSTEP =    20000   TIME(PS) =      20.000  TEMP(K) =    30.91  PRESS =     0.0
 Etot   =    -60680.5530  EKtot   =      1929.7686  EPtot      =    -62610.3216
 BOND   =      4500.1230  ANGLE   =         0.0000  DIHED      =         0.0000
 1-4 NB =         0.0000  1-4 EEL =         0.0000  VDWAALS    =      4203.5167
 EELEC  =    -71313.9613  EHBOND  =         0.0000  RESTRAINT  =         0.0000
 DV/DL  =         8.6928
 ------------------------------------------------------------------------------

 NMR restraints: Bond =    0.000   Angle =     0.000   Torsion =     0.000
===============================================================================

| TI region  1


 NSTEP =    25000   TIME(PS) =      25.000  TEMP(K) =    38.49  PRESS =     0.0
 Etot   =    -59781.9842  EKtot   =      2404.4844  EPtot      =    -62186.4686
 BOND   =      4731.2959  ANGLE   =        -0.0000  DIHED      =        -0.0000
 1-4 NB =         0.0000  1-4 EEL =         0.0000  VDWAALS    =      4195.7035
 EELEC  =    -71113.4680  EHBOND  =         0.0000  RESTRAINT  =         0.0000
 DV/DL  =         8.5497
 ------------------------------------------------------------------------------

  Softcore part of the system:      12 atoms,       TEMP(K)    =          45.47
 SC_Etot=        16.4601  SC_EKtot=         1.6265  SC_EPtot   =        14.8336
 SC_BOND=         0.2490  SC_ANGLE=         0.8064  SC_DIHED   =         0.0948
 SC_14NB=         0.4061  SC_14EEL=        40.9829  SC_VDW     =        -0.0897
 SC_EEL =       -27.6159
 SC_RES_DIST=     0.0000  SC_RES_ANG=       0.0000  SC_RES_TORS=         0.0000
 SC_EEL_DER=      0.0691  SC_VDW_DER=      -1.3472  SC_DERIV   =        -1.2781
 ------------------------------------------------------------------------------


| TI region  2


 NSTEP =    25000   TIME(PS) =      25.000  TEMP(K) =    38.49  PRESS =     0.0
 Etot   =    -59783.6107  EKtot   =      2402.8579  EPtot      =    -62186.4686
 BOND   =      4731.2959  ANGLE   =        -0.0000  DIHED      =        -0.0000
 1-4 NB =         0.0000  1-4 EEL =         0.0000  VDWAALS    =      4195.7035
 EELEC  =    -71113.4680  EHBOND  =         0.0000  RESTRAINT  =         0.0000
 DV/DL  =         8.5497
 ------------------------------------------------------------------------------

 NMR restraints: Bond =    0.000   Angle =     0.000   Torsion =     0.000
===============================================================================

| TI region  1


 NSTEP =    30000   TIME(PS) =      30.000  TEMP(K) =    46.75  PRESS =     0.0
 Etot   =    -58857.0164  EKtot   =      2920.3477  EPtot      =    -61777.3641
 BOND   =      4894.8996  ANGLE   =         0.0000  DIHED      =        -0.0000
 1-4 NB =         0.0000  1-4 EEL =         0.0000  VDWAALS    =      4161.6319
 EELEC  =    -70833.8956  EHBOND  =         0.0000  RESTRAINT  =         0.0000
 DV/DL  =         6.9845
 ------------------------------------------------------------------------------

  Softcore part of the system:      12 atoms,       TEMP(K)    =          51.97
 SC_Etot=        16.6655  SC_EKtot=         1.8589  SC_EPtot   =        14.8066
 SC_BOND=         0.2607  SC_ANGLE=         0.5311  SC_DIHED   =         0.4990
 SC_14NB=         0.2927  SC_14EEL=        39.4691  SC_VDW     =        -0.0825
 SC_EEL =       -26.1635
 SC_RES_DIST=     0.0000  SC_RES_ANG=       0.0000  SC_RES_TORS=         0.0000
 SC_EEL_DER=     -0.0589  SC_VDW_DER=      -1.1896  SC_DERIV   =        -1.2485
 ------------------------------------------------------------------------------


| TI region  2


 NSTEP =    30000   TIME(PS) =      30.000  TEMP(K) =    46.75  PRESS =     0.0
 Etot   =    -58858.8754  EKtot   =      2918.4887  EPtot      =    -61777.3641
 BOND   =      4894.8996  ANGLE   =         0.0000  DIHED      =        -0.0000
 1-4 NB =         0.0000  1-4 EEL =         0.0000  VDWAALS    =      4161.6319
 EELEC  =    -70833.8956  EHBOND  =         0.0000  RESTRAINT  =         0.0000
 DV/DL  =         6.9845
 ------------------------------------------------------------------------------

 NMR restraints: Bond =    0.000   Angle =     0.000   Torsion =     0.000
===============================================================================

| TI region  1


 NSTEP =    35000   TIME(PS) =      35.000  TEMP(K) =    54.11  PRESS =     0.0
 Etot   =    -57926.8942  EKtot   =      3380.0403  EPtot      =    -61306.9344
 BOND   =      5058.4611  ANGLE   =        -0.0000  DIHED      =        -0.0000
 1-4 NB =         0.0000  1-4 EEL =         0.0000  VDWAALS    =      4047.6803
 EELEC  =    -70413.0758  EHBOND  =         0.0000  RESTRAINT  =         0.0000
 DV/DL  =        11.2474
 ------------------------------------------------------------------------------

  Softcore part of the system:      12 atoms,       TEMP(K)    =          70.52
 SC_Etot=        18.0479  SC_EKtot=         2.5225  SC_EPtot   =        15.5255
 SC_BOND=         0.6098  SC_ANGLE=         0.8547  SC_DIHED   =         0.2959
 SC_14NB=         0.3582  SC_14EEL=        40.4263  SC_VDW     =        -0.0802
 SC_EEL =       -26.9392
 SC_RES_DIST=     0.0000  SC_RES_ANG=       0.0000  SC_RES_TORS=         0.0000
 SC_EEL_DER=      0.0739  SC_VDW_DER=      -0.3762  SC_DERIV   =        -0.3023
 ------------------------------------------------------------------------------


| TI region  2


 NSTEP =    35000   TIME(PS) =      35.000  TEMP(K) =    54.10  PRESS =     0.0
 Etot   =    -57929.4166  EKtot   =      3377.5178  EPtot      =    -61306.9344
 BOND   =      5058.4611  ANGLE   =        -0.0000  DIHED      =        -0.0000
 1-4 NB =         0.0000  1-4 EEL =         0.0000  VDWAALS    =      4047.6803
 EELEC  =    -70413.0758  EHBOND  =         0.0000  RESTRAINT  =         0.0000
 DV/DL  =        11.2474
 ------------------------------------------------------------------------------

 NMR restraints: Bond =    0.000   Angle =     0.000   Torsion =     0.000
===============================================================================

| TI region  1


 NSTEP =    40000   TIME(PS) =      40.000  TEMP(K) =    62.92  PRESS =     0.0
 Etot   =    -56987.5520  EKtot   =      3930.1226  EPtot      =    -60917.6746
 BOND   =      5240.4856  ANGLE   =        -0.0000  DIHED      =        -0.0000
 1-4 NB =         0.0000  1-4 EEL =        -0.0000  VDWAALS    =      4025.2201
 EELEC  =    -70183.3803  EHBOND  =         0.0000  RESTRAINT  =         0.0000
 DV/DL  =         8.2835
 ------------------------------------------------------------------------------

  Softcore part of the system:      12 atoms,       TEMP(K)    =          57.32
 SC_Etot=        18.0246  SC_EKtot=         2.0503  SC_EPtot   =        15.9742
 SC_BOND=         1.1726  SC_ANGLE=         1.0622  SC_DIHED   =         0.5068
 SC_14NB=         0.3345  SC_14EEL=        39.6129  SC_VDW     =        -0.0842
 SC_EEL =       -26.6306
 SC_RES_DIST=     0.0000  SC_RES_ANG=       0.0000  SC_RES_TORS=         0.0000
 SC_EEL_DER=      0.1464  SC_VDW_DER=      -1.6615  SC_DERIV   =        -1.5151
 ------------------------------------------------------------------------------


| TI region  2


 NSTEP =    40000   TIME(PS) =      40.000  TEMP(K) =    62.92  PRESS =     0.0
 Etot   =    -56989.6023  EKtot   =      3928.0722  EPtot      =    -60917.6746
 BOND   =      5240.4856  ANGLE   =        -0.0000  DIHED      =        -0.0000
 1-4 NB =         0.0000  1-4 EEL =        -0.0000  VDWAALS    =      4025.2201
 EELEC  =    -70183.3803  EHBOND  =         0.0000  RESTRAINT  =         0.0000
 DV/DL  =         8.2835
 ------------------------------------------------------------------------------

 NMR restraints: Bond =    0.000   Angle =     0.000   Torsion =     0.000
===============================================================================

| TI region  1


 NSTEP =    45000   TIME(PS) =      45.000  TEMP(K) =    70.64  PRESS =     0.0
 Etot   =    -55937.6094  EKtot   =      4412.4878  EPtot      =    -60350.0972
 BOND   =      5466.3268  ANGLE   =         0.0000  DIHED      =        -0.0000
 1-4 NB =         0.0000  1-4 EEL =         0.0000  VDWAALS    =      3883.7035
 EELEC  =    -69700.1275  EHBOND  =         0.0000  RESTRAINT  =         0.0000
 DV/DL  =         7.8581
 ------------------------------------------------------------------------------

  Softcore part of the system:      12 atoms,       TEMP(K)    =          80.56
 SC_Etot=        18.9969  SC_EKtot=         2.8815  SC_EPtot   =        16.1155
 SC_BOND=         0.5181  SC_ANGLE=         2.1826  SC_DIHED   =         0.6016
 SC_14NB=         0.7015  SC_14EEL=        40.9474  SC_VDW     =        -0.0987
 SC_EEL =       -28.7371
 SC_RES_DIST=     0.0000  SC_RES_ANG=       0.0000  SC_RES_TORS=         0.0000
 SC_EEL_DER=     -0.0546  SC_VDW_DER=      -1.1856  SC_DERIV   =        -1.2402
 ------------------------------------------------------------------------------


| TI region  2


 NSTEP =    45000   TIME(PS) =      45.000  TEMP(K) =    70.64  PRESS =     0.0
 Etot   =    -55940.4909  EKtot   =      4409.6063  EPtot      =    -60350.0972
 BOND   =      5466.3268  ANGLE   =         0.0000  DIHED      =        -0.0000
 1-4 NB =         0.0000  1-4 EEL =         0.0000  VDWAALS    =      3883.7035
 EELEC  =    -69700.1275  EHBOND  =         0.0000  RESTRAINT  =         0.0000
 DV/DL  =         7.8581
 ------------------------------------------------------------------------------

 NMR restraints: Bond =    0.000   Angle =     0.000   Torsion =     0.000
===============================================================================

| TI region  1


 NSTEP =    50000   TIME(PS) =      50.000  TEMP(K) =    77.88  PRESS =     0.0
 Etot   =    -55080.9611  EKtot   =      4864.5708  EPtot      =    -59945.5319
 BOND   =      5637.3895  ANGLE   =        -0.0000  DIHED      =         0.0000
 1-4 NB =         0.0000  1-4 EEL =        -0.0000  VDWAALS    =      3815.5339
 EELEC  =    -69398.4553  EHBOND  =         0.0000  RESTRAINT  =         0.0000
 DV/DL  =         7.9398
 ------------------------------------------------------------------------------

  Softcore part of the system:      12 atoms,       TEMP(K)    =          88.81
 SC_Etot=        18.3434  SC_EKtot=         3.1766  SC_EPtot   =        15.1667
 SC_BOND=         0.7756  SC_ANGLE=         0.4443  SC_DIHED   =         0.1662
 SC_14NB=         0.4834  SC_14EEL=        41.2640  SC_VDW     =        -0.0902
 SC_EEL =       -27.8766
 SC_RES_DIST=     0.0000  SC_RES_ANG=       0.0000  SC_RES_TORS=         0.0000
 SC_EEL_DER=      0.0609  SC_VDW_DER=      -1.3733  SC_DERIV   =        -1.3125
 ------------------------------------------------------------------------------


| TI region  2


 NSTEP =    50000   TIME(PS) =      50.000  TEMP(K) =    77.87  PRESS =     0.0
 Etot   =    -55084.1378  EKtot   =      4861.3942  EPtot      =    -59945.5319
 BOND   =      5637.3895  ANGLE   =        -0.0000  DIHED      =         0.0000
 1-4 NB =         0.0000  1-4 EEL =        -0.0000  VDWAALS    =      3815.5339
 EELEC  =    -69398.4553  EHBOND  =         0.0000  RESTRAINT  =         0.0000
 DV/DL  =         7.9398
 ------------------------------------------------------------------------------

 NMR restraints: Bond =    0.000   Angle =     0.000   Torsion =     0.000
===============================================================================

| TI region  1


 NSTEP =    55000   TIME(PS) =      55.000  TEMP(K) =    85.91  PRESS =     0.0
 Etot   =    -54027.0285  EKtot   =      5366.0566  EPtot      =    -59393.0851
 BOND   =      5684.3122  ANGLE   =        -0.0000  DIHED      =        -0.0000
 1-4 NB =         0.0000  1-4 EEL =         0.0000  VDWAALS    =      3641.6238
 EELEC  =    -68719.0211  EHBOND  =         0.0000  RESTRAINT  =         0.0000
 DV/DL  =         4.1909
 ------------------------------------------------------------------------------

  Softcore part of the system:      12 atoms,       TEMP(K)    =          82.66
 SC_Etot=        19.1484  SC_EKtot=         2.9567  SC_EPtot   =        16.1917
 SC_BOND=         0.7577  SC_ANGLE=         1.3535  SC_DIHED   =         0.5692
 SC_14NB=         0.1960  SC_14EEL=        38.9765  SC_VDW     =        -0.0755
 SC_EEL =       -25.5859
 SC_RES_DIST=     0.0000  SC_RES_ANG=       0.0000  SC_RES_TORS=         0.0000
 SC_EEL_DER=      0.0980  SC_VDW_DER=      -2.7224  SC_DERIV   =        -2.6244
 ------------------------------------------------------------------------------


| TI region  2


 NSTEP =    55000   TIME(PS) =      55.000  TEMP(K) =    85.91  PRESS =     0.0
 Etot   =    -54029.9851  EKtot   =      5363.1000  EPtot      =    -59393.0851
 BOND   =      5684.3122  ANGLE   =        -0.0000  DIHED      =        -0.0000
 1-4 NB =         0.0000  1-4 EEL =         0.0000  VDWAALS    =      3641.6238
 EELEC  =    -68719.0211  EHBOND  =         0.0000  RESTRAINT  =         0.0000
 DV/DL  =         4.1909
 ------------------------------------------------------------------------------

 NMR restraints: Bond =    0.000   Angle =     0.000   Torsion =     0.000
===============================================================================

| TI region  1


 NSTEP =    60000   TIME(PS) =      60.000  TEMP(K) =    94.87  PRESS =     0.0
 Etot   =    -52924.7664  EKtot   =      5926.0112  EPtot      =    -58850.7776
 BOND   =      5996.7434  ANGLE   =         0.0000  DIHED      =        -0.0000
 1-4 NB =         0.0000  1-4 EEL =        -0.0000  VDWAALS    =      3447.2665
 EELEC  =    -68294.7875  EHBOND  =         0.0000  RESTRAINT  =         0.0000
 DV/DL  =         6.8955
 ------------------------------------------------------------------------------

  Softcore part of the system:      12 atoms,       TEMP(K)    =          50.42
 SC_Etot=        17.6716  SC_EKtot=         1.8036  SC_EPtot   =        15.8679
 SC_BOND=         0.4233  SC_ANGLE=         1.7793  SC_DIHED   =         0.6889
 SC_14NB=         0.5182  SC_14EEL=        39.1471  SC_VDW     =        -0.0849
 SC_EEL =       -26.6040
 SC_RES_DIST=     0.0000  SC_RES_ANG=       0.0000  SC_RES_TORS=         0.0000
 SC_EEL_DER=     -0.0178  SC_VDW_DER=      -0.3974  SC_DERIV   =        -0.4152
 ------------------------------------------------------------------------------


| TI region  2


 NSTEP =    60000   TIME(PS) =      60.000  TEMP(K) =    94.90  PRESS =     0.0
 Etot   =    -52926.5700  EKtot   =      5924.2076  EPtot      =    -58850.7776
 BOND   =      5996.7434  ANGLE   =         0.0000  DIHED      =        -0.0000
 1-4 NB =         0.0000  1-4 EEL =        -0.0000  VDWAALS    =      3447.2665
 EELEC  =    -68294.7875  EHBOND  =         0.0000  RESTRAINT  =         0.0000
 DV/DL  =         6.8955
 ------------------------------------------------------------------------------

 NMR restraints: Bond =    0.000   Angle =     0.000   Torsion =     0.000
===============================================================================

| TI region  1


 NSTEP =    65000   TIME(PS) =      65.000  TEMP(K) =   101.17  PRESS =     0.0
 Etot   =    -52019.7700  EKtot   =      6319.3193  EPtot      =    -58339.0894
 BOND   =      6091.1066  ANGLE   =        -0.0000  DIHED      =        -0.0000
 1-4 NB =         0.0000  1-4 EEL =         0.0000  VDWAALS    =      3315.1608
 EELEC  =    -67745.3567  EHBOND  =         0.0000  RESTRAINT  =         0.0000
 DV/DL  =         6.1132
 ------------------------------------------------------------------------------

  Softcore part of the system:      12 atoms,       TEMP(K)    =          93.87
 SC_Etot=        19.5825  SC_EKtot=         3.3578  SC_EPtot   =        16.2246
 SC_BOND=         0.6826  SC_ANGLE=         1.2004  SC_DIHED   =         0.4730
 SC_14NB=         0.6236  SC_14EEL=        40.6118  SC_VDW     =        -0.0904
 SC_EEL =       -27.2764
 SC_RES_DIST=     0.0000  SC_RES_ANG=       0.0000  SC_RES_TORS=         0.0000
 SC_EEL_DER=      0.1183  SC_VDW_DER=      -1.9768  SC_DERIV   =        -1.8585
 ------------------------------------------------------------------------------


| TI region  2


 NSTEP =    65000   TIME(PS) =      65.000  TEMP(K) =   101.17  PRESS =     0.0
 Etot   =    -52023.1279  EKtot   =      6315.9615  EPtot      =    -58339.0894
 BOND   =      6091.1066  ANGLE   =        -0.0000  DIHED      =        -0.0000
 1-4 NB =         0.0000  1-4 EEL =         0.0000  VDWAALS    =      3315.1608
 EELEC  =    -67745.3567  EHBOND  =         0.0000  RESTRAINT  =         0.0000
 DV/DL  =         6.1132
 ------------------------------------------------------------------------------

 NMR restraints: Bond =    0.000   Angle =     0.000   Torsion =     0.000
===============================================================================

| TI region  1


 NSTEP =    70000   TIME(PS) =      70.000  TEMP(K) =   109.42  PRESS =     0.0
 Etot   =    -50911.2839  EKtot   =      6834.3931  EPtot      =    -57745.6770
 BOND   =      6191.8688  ANGLE   =        -0.0000  DIHED      =        -0.0000
 1-4 NB =         0.0000  1-4 EEL =        -0.0000  VDWAALS    =      3201.0032
 EELEC  =    -67138.5490  EHBOND  =         0.0000  RESTRAINT  =         0.0000
 DV/DL  =         7.9077
 ------------------------------------------------------------------------------

  Softcore part of the system:      12 atoms,       TEMP(K)    =         149.35
 SC_Etot=        22.4746  SC_EKtot=         5.3423  SC_EPtot   =        17.1323
 SC_BOND=         0.7572  SC_ANGLE=         2.1431  SC_DIHED   =         0.9952
 SC_14NB=         0.3616  SC_14EEL=        39.3448  SC_VDW     =        -0.0813
 SC_EEL =       -26.3882
 SC_RES_DIST=     0.0000  SC_RES_ANG=       0.0000  SC_RES_TORS=         0.0000
 SC_EEL_DER=      0.0334  SC_VDW_DER=      -0.7426  SC_DERIV   =        -0.7092
 ------------------------------------------------------------------------------


| TI region  2


 NSTEP =    70000   TIME(PS) =      70.000  TEMP(K) =   109.39  PRESS =     0.0
 Etot   =    -50916.6262  EKtot   =      6829.0508  EPtot      =    -57745.6770
 BOND   =      6191.8688  ANGLE   =        -0.0000  DIHED      =        -0.0000
 1-4 NB =         0.0000  1-4 EEL =        -0.0000  VDWAALS    =      3201.0032
 EELEC  =    -67138.5490  EHBOND  =         0.0000  RESTRAINT  =         0.0000
 DV/DL  =         7.9077
 ------------------------------------------------------------------------------

 NMR restraints: Bond =    0.000   Angle =     0.000   Torsion =     0.000
===============================================================================

| TI region  1


 NSTEP =    75000   TIME(PS) =      75.000  TEMP(K) =   117.76  PRESS =     0.0
 Etot   =    -49740.8853  EKtot   =      7355.8779  EPtot      =    -57096.7632
 BOND   =      6350.7151  ANGLE   =        -0.0000  DIHED      =        -0.0000
 1-4 NB =         0.0000  1-4 EEL =        -0.0000  VDWAALS    =      3048.4229
 EELEC  =    -66495.9012  EHBOND  =         0.0000  RESTRAINT  =         0.0000
 DV/DL  =         8.2257
 ------------------------------------------------------------------------------

  Softcore part of the system:      12 atoms,       TEMP(K)    =         144.67
 SC_Etot=        22.6040  SC_EKtot=         5.1749  SC_EPtot   =        17.4291
 SC_BOND=         0.9784  SC_ANGLE=         1.6877  SC_DIHED   =         0.6477
 SC_14NB=         0.2924  SC_14EEL=        39.7875  SC_VDW     =        -0.0699
 SC_EEL =       -25.8947
 SC_RES_DIST=     0.0000  SC_RES_ANG=       0.0000  SC_RES_TORS=         0.0000
 SC_EEL_DER=      0.0160  SC_VDW_DER=       0.0447  SC_DERIV   =         0.0607
 ------------------------------------------------------------------------------


| TI region  2


 NSTEP =    75000   TIME(PS) =      75.000  TEMP(K) =   117.75  PRESS =     0.0
 Etot   =    -49746.0602  EKtot   =      7350.7030  EPtot      =    -57096.7632
 BOND   =      6350.7151  ANGLE   =        -0.0000  DIHED      =        -0.0000
 1-4 NB =         0.0000  1-4 EEL =        -0.0000  VDWAALS    =      3048.4229
 EELEC  =    -66495.9012  EHBOND  =         0.0000  RESTRAINT  =         0.0000
 DV/DL  =         8.2257
 ------------------------------------------------------------------------------

 NMR restraints: Bond =    0.000   Angle =     0.000   Torsion =     0.000
===============================================================================

| TI region  1


 NSTEP =    80000   TIME(PS) =      80.000  TEMP(K) =   126.77  PRESS =     0.0
 Etot   =    -48508.0365  EKtot   =      7918.1885  EPtot      =    -56426.2249
 BOND   =      6507.7290  ANGLE   =        -0.0000  DIHED      =         0.0000
 1-4 NB =         0.0000  1-4 EEL =         0.0000  VDWAALS    =      2847.6949
 EELEC  =    -65781.6488  EHBOND  =         0.0000  RESTRAINT  =         0.0000
 DV/DL  =         6.1894
 ------------------------------------------------------------------------------

  Softcore part of the system:      12 atoms,       TEMP(K)    =         121.94
 SC_Etot=        20.9810  SC_EKtot=         4.3617  SC_EPtot   =        16.6193
 SC_BOND=         1.5684  SC_ANGLE=         1.2578  SC_DIHED   =         0.5632
 SC_14NB=         0.2075  SC_14EEL=        38.8573  SC_VDW     =        -0.0767
 SC_EEL =       -25.7583
 SC_RES_DIST=     0.0000  SC_RES_ANG=       0.0000  SC_RES_TORS=         0.0000
 SC_EEL_DER=      0.0013  SC_VDW_DER=      -0.1811  SC_DERIV   =        -0.1799
 ------------------------------------------------------------------------------


| TI region  2


 NSTEP =    80000   TIME(PS) =      80.000  TEMP(K) =   126.77  PRESS =     0.0
 Etot   =    -48512.3982  EKtot   =      7913.8268  EPtot      =    -56426.2249
 BOND   =      6507.7290  ANGLE   =        -0.0000  DIHED      =         0.0000
 1-4 NB =         0.0000  1-4 EEL =         0.0000  VDWAALS    =      2847.6949
 EELEC  =    -65781.6488  EHBOND  =         0.0000  RESTRAINT  =         0.0000
 DV/DL  =         6.1894
 ------------------------------------------------------------------------------

 NMR restraints: Bond =    0.000   Angle =     0.000   Torsion =     0.000
===============================================================================

| TI region  1


 NSTEP =    85000   TIME(PS) =      85.000  TEMP(K) =   133.52  PRESS =     0.0
 Etot   =    -47262.7193  EKtot   =      8339.9697  EPtot      =    -55602.6890
 BOND   =      6689.2608  ANGLE   =         0.0000  DIHED      =         0.0000
 1-4 NB =         0.0000  1-4 EEL =         0.0000  VDWAALS    =      2377.5114
 EELEC  =    -64669.4612  EHBOND  =         0.0000  RESTRAINT  =         0.0000
 DV/DL  =         6.5721
 ------------------------------------------------------------------------------

  Softcore part of the system:      12 atoms,       TEMP(K)    =         137.22
 SC_Etot=        22.0899  SC_EKtot=         4.9081  SC_EPtot   =        17.1817
 SC_BOND=         1.2898  SC_ANGLE=         1.4947  SC_DIHED   =         0.9602
 SC_14NB=         0.2915  SC_14EEL=        41.6575  SC_VDW     =        -0.0871
 SC_EEL =       -28.4250
 SC_RES_DIST=     0.0000  SC_RES_ANG=       0.0000  SC_RES_TORS=         0.0000
 SC_EEL_DER=      0.0443  SC_VDW_DER=      -0.5124  SC_DERIV   =        -0.4681
 ------------------------------------------------------------------------------


| TI region  2


 NSTEP =    85000   TIME(PS) =      85.000  TEMP(K) =   133.52  PRESS =     0.0
 Etot   =    -47267.6274  EKtot   =      8335.0616  EPtot      =    -55602.6890
 BOND   =      6689.2608  ANGLE   =         0.0000  DIHED      =         0.0000
 1-4 NB =         0.0000  1-4 EEL =         0.0000  VDWAALS    =      2377.5114
 EELEC  =    -64669.4612  EHBOND  =         0.0000  RESTRAINT  =         0.0000
 DV/DL  =         6.5721
 ------------------------------------------------------------------------------

 NMR restraints: Bond =    0.000   Angle =     0.000   Torsion =     0.000
===============================================================================

| TI region  1


 NSTEP =    90000   TIME(PS) =      90.000  TEMP(K) =   140.61  PRESS =     0.0
 Etot   =    -46044.6573  EKtot   =      8782.6660  EPtot      =    -54827.3233
 BOND   =      6796.3659  ANGLE   =        -0.0000  DIHED      =        -0.0000
 1-4 NB =         0.0000  1-4 EEL =        -0.0000  VDWAALS    =      2275.0443
 EELEC  =    -63898.7335  EHBOND  =         0.0000  RESTRAINT  =         0.0000
 DV/DL  =         6.6512
 ------------------------------------------------------------------------------

  Softcore part of the system:      12 atoms,       TEMP(K)    =         142.60
 SC_Etot=        22.0504  SC_EKtot=         5.1008  SC_EPtot   =        16.9496
 SC_BOND=         1.1118  SC_ANGLE=         1.8837  SC_DIHED   =         0.4058
 SC_14NB=         0.5543  SC_14EEL=        40.1798  SC_VDW     =        -0.0897
 SC_EEL =       -27.0960
 SC_RES_DIST=     0.0000  SC_RES_ANG=       0.0000  SC_RES_TORS=         0.0000
 SC_EEL_DER=      0.0867  SC_VDW_DER=      -0.7086  SC_DERIV   =        -0.6219
 ------------------------------------------------------------------------------


| TI region  2


 NSTEP =    90000   TIME(PS) =      90.000  TEMP(K) =   140.61  PRESS =     0.0
 Etot   =    -46049.7582  EKtot   =      8777.5652  EPtot      =    -54827.3233
 BOND   =      6796.3659  ANGLE   =        -0.0000  DIHED      =        -0.0000
 1-4 NB =         0.0000  1-4 EEL =        -0.0000  VDWAALS    =      2275.0443
 EELEC  =    -63898.7335  EHBOND  =         0.0000  RESTRAINT  =         0.0000
 DV/DL  =         6.6512
 ------------------------------------------------------------------------------

 NMR restraints: Bond =    0.000   Angle =     0.000   Torsion =     0.000
===============================================================================

| TI region  1


 NSTEP =    95000   TIME(PS) =      95.000  TEMP(K) =   148.96  PRESS =     0.0
 Etot   =    -44477.3344  EKtot   =      9304.6582  EPtot      =    -53781.9926
 BOND   =      7017.5633  ANGLE   =        -0.0000  DIHED      =         0.0000
 1-4 NB =         0.0000  1-4 EEL =         0.0000  VDWAALS    =      2031.1647
 EELEC  =    -62830.7206  EHBOND  =         0.0000  RESTRAINT  =         0.0000
 DV/DL  =         5.6999
 ------------------------------------------------------------------------------

  Softcore part of the system:      12 atoms,       TEMP(K)    =         167.01
 SC_Etot=        24.0427  SC_EKtot=         5.9740  SC_EPtot   =        18.0687
 SC_BOND=         2.3802  SC_ANGLE=         1.9180  SC_DIHED   =         1.0974
 SC_14NB=         0.3992  SC_14EEL=        40.7652  SC_VDW     =        -0.0950
 SC_EEL =       -28.3964
 SC_RES_DIST=     0.0000  SC_RES_ANG=       0.0000  SC_RES_TORS=         0.0000
 SC_EEL_DER=      0.0499  SC_VDW_DER=      -1.6325  SC_DERIV   =        -1.5827
 ------------------------------------------------------------------------------


| TI region  2


 NSTEP =    95000   TIME(PS) =      95.000  TEMP(K) =   148.95  PRESS =     0.0
 Etot   =    -44483.3083  EKtot   =      9298.6842  EPtot      =    -53781.9926
 BOND   =      7017.5633  ANGLE   =        -0.0000  DIHED      =         0.0000
 1-4 NB =         0.0000  1-4 EEL =         0.0000  VDWAALS    =      2031.1647
 EELEC  =    -62830.7206  EHBOND  =         0.0000  RESTRAINT  =         0.0000
 DV/DL  =         5.6999
 ------------------------------------------------------------------------------

 NMR restraints: Bond =    0.000   Angle =     0.000   Torsion =     0.000
===============================================================================

| TI region  1


 NSTEP =   100000   TIME(PS) =     100.000  TEMP(K) =   157.29  PRESS =     0.0
 Etot   =    -42885.5689  EKtot   =      9824.4746  EPtot      =    -52710.0435
 BOND   =      7110.5614  ANGLE   =         0.0000  DIHED      =        -0.0000
 1-4 NB =         0.0000  1-4 EEL =        -0.0000  VDWAALS    =      1615.1122
 EELEC  =    -61435.7171  EHBOND  =         0.0000  RESTRAINT  =         0.0000
 DV/DL  =         8.3384
 ------------------------------------------------------------------------------

  Softcore part of the system:      12 atoms,       TEMP(K)    =         134.98
 SC_Etot=        22.9115  SC_EKtot=         4.8282  SC_EPtot   =        18.0834
 SC_BOND=         1.6428  SC_ANGLE=         2.2225  SC_DIHED   =         1.4358
 SC_14NB=         0.6646  SC_14EEL=        38.8284  SC_VDW     =        -0.0909
 SC_EEL =       -26.6197
 SC_RES_DIST=     0.0000  SC_RES_ANG=       0.0000  SC_RES_TORS=         0.0000
 SC_EEL_DER=      0.0942  SC_VDW_DER=      -0.9629  SC_DERIV   =        -0.8687
 ------------------------------------------------------------------------------


| TI region  2


 NSTEP =   100000   TIME(PS) =     100.000  TEMP(K) =   157.30  PRESS =     0.0
 Etot   =    -42890.3971  EKtot   =      9819.6465  EPtot      =    -52710.0435
 BOND   =      7110.5614  ANGLE   =         0.0000  DIHED      =        -0.0000
 1-4 NB =         0.0000  1-4 EEL =        -0.0000  VDWAALS    =      1615.1122
 EELEC  =    -61435.7171  EHBOND  =         0.0000  RESTRAINT  =         0.0000
 DV/DL  =         8.3384
 ------------------------------------------------------------------------------

 NMR restraints: Bond =    0.000   Angle =     0.000   Torsion =     0.000
===============================================================================

| TI region  1


 NSTEP =   105000   TIME(PS) =     105.000  TEMP(K) =   164.01  PRESS =     0.0
 Etot   =    -41835.1499  EKtot   =     10244.1465  EPtot      =    -52079.2963
 BOND   =      7121.1969  ANGLE   =        -0.0000  DIHED      =         0.0000
 1-4 NB =         0.0000  1-4 EEL =         0.0000  VDWAALS    =      1365.4182
 EELEC  =    -60565.9114  EHBOND  =         0.0000  RESTRAINT  =         0.0000
 DV/DL  =         8.5055
 ------------------------------------------------------------------------------

  Softcore part of the system:      12 atoms,       TEMP(K)    =         146.20
 SC_Etot=        27.4270  SC_EKtot=         5.2296  SC_EPtot   =        22.1974
 SC_BOND=         3.6175  SC_ANGLE=         3.8742  SC_DIHED   =         0.5566
 SC_14NB=         0.6303  SC_14EEL=        41.9385  SC_VDW     =        -0.0998
 SC_EEL =       -28.3200
 SC_RES_DIST=     0.0000  SC_RES_ANG=       0.0000  SC_RES_TORS=         0.0000
 SC_EEL_DER=     -0.0702  SC_VDW_DER=      -0.2359  SC_DERIV   =        -0.3061
 ------------------------------------------------------------------------------


| TI region  2


 NSTEP =   105000   TIME(PS) =     105.000  TEMP(K) =   164.02  PRESS =     0.0
 Etot   =    -41840.3795  EKtot   =     10238.9169  EPtot      =    -52079.2963
 BOND   =      7121.1969  ANGLE   =        -0.0000  DIHED      =         0.0000
 1-4 NB =         0.0000  1-4 EEL =         0.0000  VDWAALS    =      1365.4182
 EELEC  =    -60565.9114  EHBOND  =         0.0000  RESTRAINT  =         0.0000
 DV/DL  =         8.5055
 ------------------------------------------------------------------------------

 NMR restraints: Bond =    0.000   Angle =     0.000   Torsion =     0.000
===============================================================================

| TI region  1


 NSTEP =   110000   TIME(PS) =     110.000  TEMP(K) =   173.71  PRESS =     0.0
 Etot   =    -40322.0962  EKtot   =     10850.4814  EPtot      =    -51172.5777
 BOND   =      7328.0393  ANGLE   =         0.0000  DIHED      =        -0.0000
 1-4 NB =         0.0000  1-4 EEL =        -0.0000  VDWAALS    =      1161.0927
 EELEC  =    -59661.7097  EHBOND  =         0.0000  RESTRAINT  =         0.0000
 DV/DL  =         6.5416
 ------------------------------------------------------------------------------

  Softcore part of the system:      12 atoms,       TEMP(K)    =         173.53
 SC_Etot=        28.4037  SC_EKtot=         6.2071  SC_EPtot   =        22.1967
 SC_BOND=         3.2354  SC_ANGLE=         3.4195  SC_DIHED   =         1.7994
 SC_14NB=         0.6953  SC_14EEL=        37.9923  SC_VDW     =        -0.0686
 SC_EEL =       -24.8767
 SC_RES_DIST=     0.0000  SC_RES_ANG=       0.0000  SC_RES_TORS=         0.0000
 SC_EEL_DER=      0.1279  SC_VDW_DER=      -2.3595  SC_DERIV   =        -2.2316
 ------------------------------------------------------------------------------


| TI region  2


 NSTEP =   110000   TIME(PS) =     110.000  TEMP(K) =   173.71  PRESS =     0.0
 Etot   =    -40328.3033  EKtot   =     10844.2744  EPtot      =    -51172.5777
 BOND   =      7328.0393  ANGLE   =         0.0000  DIHED      =        -0.0000
 1-4 NB =         0.0000  1-4 EEL =        -0.0000  VDWAALS    =      1161.0927
 EELEC  =    -59661.7097  EHBOND  =         0.0000  RESTRAINT  =         0.0000
 DV/DL  =         6.5416
 ------------------------------------------------------------------------------

 NMR restraints: Bond =    0.000   Angle =     0.000   Torsion =     0.000
===============================================================================

| TI region  1


 NSTEP =   115000   TIME(PS) =     115.000  TEMP(K) =   180.84  PRESS =     0.0
 Etot   =    -39019.4044  EKtot   =     11295.8203  EPtot      =    -50315.2247
 BOND   =      7501.0867  ANGLE   =        -0.0000  DIHED      =         0.0000
 1-4 NB =         0.0000  1-4 EEL =        -0.0000  VDWAALS    =      1135.8839
 EELEC  =    -58952.1952  EHBOND  =         0.0000  RESTRAINT  =         0.0000
 DV/DL  =         5.8875
 ------------------------------------------------------------------------------

  Softcore part of the system:      12 atoms,       TEMP(K)    =         196.64
 SC_Etot=        26.1701  SC_EKtot=         7.0335  SC_EPtot   =        19.1365
 SC_BOND=         2.4741  SC_ANGLE=         2.5145  SC_DIHED   =         0.7486
 SC_14NB=         0.5533  SC_14EEL=        39.8204  SC_VDW     =        -0.0921
 SC_EEL =       -26.8824
 SC_RES_DIST=     0.0000  SC_RES_ANG=       0.0000  SC_RES_TORS=         0.0000
 SC_EEL_DER=      0.0321  SC_VDW_DER=      -2.9483  SC_DERIV   =        -2.9161
 ------------------------------------------------------------------------------


| TI region  2


 NSTEP =   115000   TIME(PS) =     115.000  TEMP(K) =   180.83  PRESS =     0.0
 Etot   =    -39026.4379  EKtot   =     11288.7868  EPtot      =    -50315.2247
 BOND   =      7501.0867  ANGLE   =        -0.0000  DIHED      =         0.0000
 1-4 NB =         0.0000  1-4 EEL =        -0.0000  VDWAALS    =      1135.8839
 EELEC  =    -58952.1952  EHBOND  =         0.0000  RESTRAINT  =         0.0000
 DV/DL  =         5.8875
 ------------------------------------------------------------------------------

 NMR restraints: Bond =    0.000   Angle =     0.000   Torsion =     0.000
===============================================================================

| TI region  1


 NSTEP =   120000   TIME(PS) =     120.000  TEMP(K) =   190.28  PRESS =     0.0
 Etot   =    -37558.2640  EKtot   =     11885.4434  EPtot      =    -49443.7073
 BOND   =      7597.0315  ANGLE   =        -0.0000  DIHED      =         0.0000
 1-4 NB =         0.0000  1-4 EEL =         0.0000  VDWAALS    =       799.9323
 EELEC  =    -57840.6712  EHBOND  =         0.0000  RESTRAINT  =         0.0000
 DV/DL  =         4.7814
 ------------------------------------------------------------------------------

  Softcore part of the system:      12 atoms,       TEMP(K)    =         155.10
 SC_Etot=        27.7844  SC_EKtot=         5.5480  SC_EPtot   =        22.2364
 SC_BOND=         1.6163  SC_ANGLE=         5.7054  SC_DIHED   =         0.9163
 SC_14NB=         0.5043  SC_14EEL=        42.2530  SC_VDW     =        -0.0944
 SC_EEL =       -28.6644
 SC_RES_DIST=     0.0000  SC_RES_ANG=       0.0000  SC_RES_TORS=         0.0000
 SC_EEL_DER=      0.5494  SC_VDW_DER=      -4.6525  SC_DERIV   =        -4.1031
 ------------------------------------------------------------------------------


| TI region  2


 NSTEP =   120000   TIME(PS) =     120.000  TEMP(K) =   190.30  PRESS =     0.0
 Etot   =    -37563.8119  EKtot   =     11879.8954  EPtot      =    -49443.7073
 BOND   =      7597.0315  ANGLE   =        -0.0000  DIHED      =         0.0000
 1-4 NB =         0.0000  1-4 EEL =         0.0000  VDWAALS    =       799.9323
 EELEC  =    -57840.6712  EHBOND  =         0.0000  RESTRAINT  =         0.0000
 DV/DL  =         4.7814
 ------------------------------------------------------------------------------

 NMR restraints: Bond =    0.000   Angle =     0.000   Torsion =     0.000
===============================================================================

| TI region  1


 NSTEP =   125000   TIME(PS) =     125.000  TEMP(K) =   197.28  PRESS =     0.0
 Etot   =    -36476.0343  EKtot   =     12322.3877  EPtot      =    -48798.4220
 BOND   =      7664.2116  ANGLE   =        -0.0000  DIHED      =        -0.0000
 1-4 NB =         0.0000  1-4 EEL =         0.0000  VDWAALS    =       913.3833
 EELEC  =    -57376.0168  EHBOND  =         0.0000  RESTRAINT  =         0.0000
 DV/DL  =         0.0712
 ------------------------------------------------------------------------------

  Softcore part of the system:      12 atoms,       TEMP(K)    =         130.42
 SC_Etot=        25.5834  SC_EKtot=         4.6652  SC_EPtot   =        20.9182
 SC_BOND=         2.4501  SC_ANGLE=         4.4714  SC_DIHED   =         0.5048
 SC_14NB=         0.3774  SC_14EEL=        40.0729  SC_VDW     =        -0.0851
 SC_EEL =       -26.8733
 SC_RES_DIST=     0.0000  SC_RES_ANG=       0.0000  SC_RES_TORS=         0.0000
 SC_EEL_DER=      0.6817  SC_VDW_DER=      -6.8844  SC_DERIV   =        -6.2027
 ------------------------------------------------------------------------------


| TI region  2


 NSTEP =   125000   TIME(PS) =     125.000  TEMP(K) =   197.32  PRESS =     0.0
 Etot   =    -36480.6995  EKtot   =     12317.7225  EPtot      =    -48798.4220
 BOND   =      7664.2116  ANGLE   =        -0.0000  DIHED      =        -0.0000
 1-4 NB =         0.0000  1-4 EEL =         0.0000  VDWAALS    =       913.3833
 EELEC  =    -57376.0168  EHBOND  =         0.0000  RESTRAINT  =         0.0000
 DV/DL  =         0.0712
 ------------------------------------------------------------------------------

 NMR restraints: Bond =    0.000   Angle =     0.000   Torsion =     0.000
===============================================================================

| TI region  1


 NSTEP =   130000   TIME(PS) =     130.000  TEMP(K) =   203.94  PRESS =     0.0
 Etot   =    -35408.9265  EKtot   =     12738.4531  EPtot      =    -48147.3796
 BOND   =      7961.1039  ANGLE   =        -0.0000  DIHED      =        -0.0000
 1-4 NB =         0.0000  1-4 EEL =         0.0000  VDWAALS    =       762.0646
 EELEC  =    -56870.5482  EHBOND  =         0.0000  RESTRAINT  =         0.0000
 DV/DL  =       -21.5593
 ------------------------------------------------------------------------------

  Softcore part of the system:      12 atoms,       TEMP(K)    =         178.27
 SC_Etot=        30.4454  SC_EKtot=         6.3767  SC_EPtot   =        24.0686
 SC_BOND=         1.3649  SC_ANGLE=         5.9144  SC_DIHED   =         2.6099
 SC_14NB=         0.3140  SC_14EEL=        31.5900  SC_VDW     =        -0.0375
 SC_EEL =       -17.6871
 SC_RES_DIST=     0.0000  SC_RES_ANG=       0.0000  SC_RES_TORS=         0.0000
 SC_EEL_DER=     -0.0149  SC_VDW_DER=     -12.8044  SC_DERIV   =       -12.8193
 ------------------------------------------------------------------------------


| TI region  2


 NSTEP =   130000   TIME(PS) =     130.000  TEMP(K) =   203.95  PRESS =     0.0
 Etot   =    -35415.3032  EKtot   =     12732.0764  EPtot      =    -48147.3796
 BOND   =      7961.1039  ANGLE   =        -0.0000  DIHED      =        -0.0000
 1-4 NB =         0.0000  1-4 EEL =         0.0000  VDWAALS    =       762.0646
 EELEC  =    -56870.5482  EHBOND  =         0.0000  RESTRAINT  =         0.0000
 DV/DL  =       -21.5593
 ------------------------------------------------------------------------------

 NMR restraints: Bond =    0.000   Angle =     0.000   Torsion =     0.000
===============================================================================

| TI region  1


 NSTEP =   135000   TIME(PS) =     135.000  TEMP(K) =   210.80  PRESS =     0.0
 Etot   =    -34052.4642  EKtot   =     13166.8623  EPtot      =    -47219.3265
 BOND   =      8261.4812  ANGLE   =         0.0000  DIHED      =        -0.0000
 1-4 NB =         0.0000  1-4 EEL =         0.0000  VDWAALS    =       511.9775
 EELEC  =    -55992.7853  EHBOND  =         0.0000  RESTRAINT  =         0.0000
 DV/DL  =       -20.1942
 ------------------------------------------------------------------------------

  Softcore part of the system:      12 atoms,       TEMP(K)    =         219.63
 SC_Etot=        29.0911  SC_EKtot=         7.8559  SC_EPtot   =        21.2351
 SC_BOND=         3.3418  SC_ANGLE=         4.1507  SC_DIHED   =         0.3534
 SC_14NB=         0.1088  SC_14EEL=        28.7967  SC_VDW     =        -0.0368
 SC_EEL =       -15.4794
 SC_RES_DIST=     0.0000  SC_RES_ANG=       0.0000  SC_RES_TORS=         0.0000
 SC_EEL_DER=      0.2003  SC_VDW_DER=     -12.7973  SC_DERIV   =       -12.5970
 ------------------------------------------------------------------------------


| TI region  2


 NSTEP =   135000   TIME(PS) =     135.000  TEMP(K) =   210.79  PRESS =     0.0
 Etot   =    -34060.3202  EKtot   =     13159.0064  EPtot      =    -47219.3265
 BOND   =      8261.4812  ANGLE   =         0.0000  DIHED      =        -0.0000
 1-4 NB =         0.0000  1-4 EEL =         0.0000  VDWAALS    =       511.9775
 EELEC  =    -55992.7853  EHBOND  =         0.0000  RESTRAINT  =         0.0000
 DV/DL  =       -20.1942
 ------------------------------------------------------------------------------

 NMR restraints: Bond =    0.000   Angle =     0.000   Torsion =     0.000
===============================================================================

| TI region  1


 NSTEP =   140000   TIME(PS) =     140.000  TEMP(K) =   220.59  PRESS =     0.0
 Etot   =    -32716.7714  EKtot   =     13778.5244  EPtot      =    -46495.2958
 BOND   =      8292.1411  ANGLE   =        -0.0000  DIHED      =         0.0000
 1-4 NB =         0.0000  1-4 EEL =         0.0000  VDWAALS    =       585.8440
 EELEC  =    -55373.2809  EHBOND  =         0.0000  RESTRAINT  =         0.0000
 DV/DL  =        -6.6549
 ------------------------------------------------------------------------------

  Softcore part of the system:      12 atoms,       TEMP(K)    =         273.71
 SC_Etot=        28.9069  SC_EKtot=         9.7906  SC_EPtot   =        19.1163
 SC_BOND=         1.2886  SC_ANGLE=         3.8960  SC_DIHED   =         0.6419
 SC_14NB=         0.4941  SC_14EEL=        28.8762  SC_VDW     =        -0.0542
 SC_EEL =       -16.0263
 SC_RES_DIST=     0.0000  SC_RES_ANG=       0.0000  SC_RES_TORS=         0.0000
 SC_EEL_DER=      0.4434  SC_VDW_DER=      -9.0385  SC_DERIV   =        -8.5951
 ------------------------------------------------------------------------------


| TI region  2


 NSTEP =   140000   TIME(PS) =     140.000  TEMP(K) =   220.56  PRESS =     0.0
 Etot   =    -32726.5620  EKtot   =     13768.7338  EPtot      =    -46495.2958
 BOND   =      8292.1411  ANGLE   =        -0.0000  DIHED      =         0.0000
 1-4 NB =         0.0000  1-4 EEL =         0.0000  VDWAALS    =       585.8440
 EELEC  =    -55373.2809  EHBOND  =         0.0000  RESTRAINT  =         0.0000
 DV/DL  =        -6.6549
 ------------------------------------------------------------------------------

 NMR restraints: Bond =    0.000   Angle =     0.000   Torsion =     0.000
===============================================================================

| TI region  1


 NSTEP =   145000   TIME(PS) =     145.000  TEMP(K) =   227.73  PRESS =     0.0
 Etot   =    -31580.6339  EKtot   =     14224.6934  EPtot      =    -45805.3273
 BOND   =      8402.7416  ANGLE   =         0.0000  DIHED      =        -0.0000
 1-4 NB =         0.0000  1-4 EEL =        -0.0000  VDWAALS    =       521.0093
 EELEC  =    -54729.0781  EHBOND  =         0.0000  RESTRAINT  =         0.0000
 DV/DL  =       -16.3991
 ------------------------------------------------------------------------------

  Softcore part of the system:      12 atoms,       TEMP(K)    =         254.03
 SC_Etot=        30.4956  SC_EKtot=         9.0863  SC_EPtot   =        21.4092
 SC_BOND=         3.5138  SC_ANGLE=         4.1869  SC_DIHED   =         1.0113
 SC_14NB=         0.4083  SC_14EEL=        27.3614  SC_VDW     =        -0.0393
 SC_EEL =       -15.0332
 SC_RES_DIST=     0.0000  SC_RES_ANG=       0.0000  SC_RES_TORS=         0.0000
 SC_EEL_DER=     -0.2273  SC_VDW_DER=     -11.0326  SC_DERIV   =       -11.2599
 ------------------------------------------------------------------------------


| TI region  2


 NSTEP =   145000   TIME(PS) =     145.000  TEMP(K) =   227.72  PRESS =     0.0
 Etot   =    -31589.7202  EKtot   =     14215.6070  EPtot      =    -45805.3273
 BOND   =      8402.7416  ANGLE   =         0.0000  DIHED      =        -0.0000
 1-4 NB =         0.0000  1-4 EEL =        -0.0000  VDWAALS    =       521.0093
 EELEC  =    -54729.0781  EHBOND  =         0.0000  RESTRAINT  =         0.0000
 DV/DL  =       -16.3991
 ------------------------------------------------------------------------------

 NMR restraints: Bond =    0.000   Angle =     0.000   Torsion =     0.000
===============================================================================

| TI region  1


 NSTEP =   150000   TIME(PS) =     150.000  TEMP(K) =   237.20  PRESS =     0.0
 Etot   =    -30096.5253  EKtot   =     14815.9756  EPtot      =    -44912.5008
 BOND   =      8462.1472  ANGLE   =        -0.0000  DIHED      =         0.0000
 1-4 NB =         0.0000  1-4 EEL =        -0.0000  VDWAALS    =       188.4233
 EELEC  =    -53563.0714  EHBOND  =         0.0000  RESTRAINT  =         0.0000
 DV/DL  =       -18.6843
 ------------------------------------------------------------------------------

  Softcore part of the system:      12 atoms,       TEMP(K)    =         288.82
 SC_Etot=        33.9183  SC_EKtot=        10.3309  SC_EPtot   =        23.5873
 SC_BOND=         2.8778  SC_ANGLE=         5.8963  SC_DIHED   =         1.3822
 SC_14NB=         0.0594  SC_14EEL=        29.5091  SC_VDW     =        -0.0344
 SC_EEL =       -16.1031
 SC_RES_DIST=     0.0000  SC_RES_ANG=       0.0000  SC_RES_TORS=         0.0000
 SC_EEL_DER=      0.0767  SC_VDW_DER=     -12.2040  SC_DERIV   =       -12.1272
 ------------------------------------------------------------------------------


| TI region  2


 NSTEP =   150000   TIME(PS) =     150.000  TEMP(K) =   237.17  PRESS =     0.0
 Etot   =    -30106.8562  EKtot   =     14805.6446  EPtot      =    -44912.5008
 BOND   =      8462.1472  ANGLE   =        -0.0000  DIHED      =         0.0000
 1-4 NB =         0.0000  1-4 EEL =        -0.0000  VDWAALS    =       188.4233
 EELEC  =    -53563.0714  EHBOND  =         0.0000  RESTRAINT  =         0.0000
 DV/DL  =       -18.6843
 ------------------------------------------------------------------------------

 NMR restraints: Bond =    0.000   Angle =     0.000   Torsion =     0.000
===============================================================================

| TI region  1


 NSTEP =   155000   TIME(PS) =     155.000  TEMP(K) =   241.72  PRESS =     0.0
 Etot   =    -28905.0490  EKtot   =     15098.1807  EPtot      =    -44003.2297
 BOND   =      8876.5627  ANGLE   =         0.0000  DIHED      =         0.0000
 1-4 NB =         0.0000  1-4 EEL =         0.0000  VDWAALS    =       232.2164
 EELEC  =    -53112.0088  EHBOND  =         0.0000  RESTRAINT  =         0.0000
 DV/DL  =       -17.3925
 ------------------------------------------------------------------------------

  Softcore part of the system:      12 atoms,       TEMP(K)    =         314.24
 SC_Etot=        33.3528  SC_EKtot=        11.2402  SC_EPtot   =        22.1126
 SC_BOND=         2.0030  SC_ANGLE=         6.5430  SC_DIHED   =         0.5028
 SC_14NB=         0.4231  SC_14EEL=        28.8804  SC_VDW     =        -0.0417
 SC_EEL =       -16.1979
 SC_RES_DIST=     0.0000  SC_RES_ANG=       0.0000  SC_RES_TORS=         0.0000
 SC_EEL_DER=      0.2601  SC_VDW_DER=     -12.5210  SC_DERIV   =       -12.2610
 ------------------------------------------------------------------------------


| TI region  2


 NSTEP =   155000   TIME(PS) =     155.000  TEMP(K) =   241.67  PRESS =     0.0
 Etot   =    -28916.2892  EKtot   =     15086.9404  EPtot      =    -44003.2297
 BOND   =      8876.5627  ANGLE   =         0.0000  DIHED      =         0.0000
 1-4 NB =         0.0000  1-4 EEL =         0.0000  VDWAALS    =       232.2164
 EELEC  =    -53112.0088  EHBOND  =         0.0000  RESTRAINT  =         0.0000
 DV/DL  =       -17.3925
 ------------------------------------------------------------------------------

 NMR restraints: Bond =    0.000   Angle =     0.000   Torsion =     0.000
===============================================================================

| TI region  1


 NSTEP =   160000   TIME(PS) =     160.000  TEMP(K) =   251.36  PRESS =     0.0
 Etot   =    -27944.8541  EKtot   =     15700.7148  EPtot      =    -43645.5690
 BOND   =      8831.7501  ANGLE   =         0.0000  DIHED      =         0.0000
 1-4 NB =         0.0000  1-4 EEL =        -0.0000  VDWAALS    =       253.2566
 EELEC  =    -52730.5757  EHBOND  =         0.0000  RESTRAINT  =         0.0000
 DV/DL  =       -18.6334
 ------------------------------------------------------------------------------

  Softcore part of the system:      12 atoms,       TEMP(K)    =         340.39
 SC_Etot=        32.6602  SC_EKtot=        12.1755  SC_EPtot   =        20.4847
 SC_BOND=         3.9963  SC_ANGLE=         1.9293  SC_DIHED   =         1.4311
 SC_14NB=         0.0964  SC_14EEL=        28.5145  SC_VDW     =        -0.0485
 SC_EEL =       -15.4344
 SC_RES_DIST=     0.0000  SC_RES_ANG=       0.0000  SC_RES_TORS=         0.0000
 SC_EEL_DER=      0.0946  SC_VDW_DER=     -12.0666  SC_DERIV   =       -11.9720
 ------------------------------------------------------------------------------


| TI region  2


 NSTEP =   160000   TIME(PS) =     160.000  TEMP(K) =   251.31  PRESS =     0.0
 Etot   =    -27957.0297  EKtot   =     15688.5393  EPtot      =    -43645.5690
 BOND   =      8831.7501  ANGLE   =         0.0000  DIHED      =         0.0000
 1-4 NB =         0.0000  1-4 EEL =        -0.0000  VDWAALS    =       253.2566
 EELEC  =    -52730.5757  EHBOND  =         0.0000  RESTRAINT  =         0.0000
 DV/DL  =       -18.6334
 ------------------------------------------------------------------------------

 NMR restraints: Bond =    0.000   Angle =     0.000   Torsion =     0.000
===============================================================================

| TI region  1


 NSTEP =   165000   TIME(PS) =     165.000  TEMP(K) =   259.34  PRESS =     0.0
 Etot   =    -26633.1372  EKtot   =     16198.9316  EPtot      =    -42832.0688
 BOND   =      8955.4356  ANGLE   =        -0.0000  DIHED      =        -0.0000
 1-4 NB =         0.0000  1-4 EEL =        -0.0000  VDWAALS    =       225.6602
 EELEC  =    -52013.1646  EHBOND  =         0.0000  RESTRAINT  =         0.0000
 DV/DL  =       -12.9790
 ------------------------------------------------------------------------------

  Softcore part of the system:      12 atoms,       TEMP(K)    =         208.21
 SC_Etot=        27.9137  SC_EKtot=         7.4474  SC_EPtot   =        20.4662
 SC_BOND=         3.0931  SC_ANGLE=         3.7811  SC_DIHED   =         0.3840
 SC_14NB=         0.1504  SC_14EEL=        29.0258  SC_VDW     =        -0.0374
 SC_EEL =       -15.9309
 SC_RES_DIST=     0.0000  SC_RES_ANG=       0.0000  SC_RES_TORS=         0.0000
 SC_EEL_DER=      0.6940  SC_VDW_DER=     -11.5092  SC_DERIV   =       -10.8152
 ------------------------------------------------------------------------------


| TI region  2


 NSTEP =   165000   TIME(PS) =     165.000  TEMP(K) =   259.37  PRESS =     0.0
 Etot   =    -26640.5846  EKtot   =     16191.4842  EPtot      =    -42832.0688
 BOND   =      8955.4356  ANGLE   =        -0.0000  DIHED      =        -0.0000
 1-4 NB =         0.0000  1-4 EEL =        -0.0000  VDWAALS    =       225.6602
 EELEC  =    -52013.1646  EHBOND  =         0.0000  RESTRAINT  =         0.0000
 DV/DL  =       -12.9790
 ------------------------------------------------------------------------------

 NMR restraints: Bond =    0.000   Angle =     0.000   Torsion =     0.000
===============================================================================

| TI region  1


 NSTEP =   170000   TIME(PS) =     170.000  TEMP(K) =   267.26  PRESS =     0.0
 Etot   =    -25557.8298  EKtot   =     16693.8750  EPtot      =    -42251.7048
 BOND   =      9351.0746  ANGLE   =        -0.0000  DIHED      =         0.0000
 1-4 NB =         0.0000  1-4 EEL =         0.0000  VDWAALS    =        73.1902
 EELEC  =    -51675.9695  EHBOND  =         0.0000  RESTRAINT  =         0.0000
 DV/DL  =         0.5875
 ------------------------------------------------------------------------------

  Softcore part of the system:      12 atoms,       TEMP(K)    =         207.10
 SC_Etot=        29.7089  SC_EKtot=         7.4079  SC_EPtot   =        22.3011
 SC_BOND=         3.2643  SC_ANGLE=         4.9153  SC_DIHED   =         1.0475
 SC_14NB=         0.1370  SC_14EEL=        28.7787  SC_VDW     =        -0.0438
 SC_EEL =       -15.7980
 SC_RES_DIST=     0.0000  SC_RES_ANG=       0.0000  SC_RES_TORS=         0.0000
 SC_EEL_DER=      0.4891  SC_VDW_DER=      -5.5335  SC_DERIV   =        -5.0444
 ------------------------------------------------------------------------------


| TI region  2


 NSTEP =   170000   TIME(PS) =     170.000  TEMP(K) =   267.30  PRESS =     0.0
 Etot   =    -25565.2377  EKtot   =     16686.4671  EPtot      =    -42251.7048
 BOND   =      9351.0746  ANGLE   =        -0.0000  DIHED      =         0.0000
 1-4 NB =         0.0000  1-4 EEL =         0.0000  VDWAALS    =        73.1902
 EELEC  =    -51675.9695  EHBOND  =         0.0000  RESTRAINT  =         0.0000
 DV/DL  =         0.5875
 ------------------------------------------------------------------------------

 NMR restraints: Bond =    0.000   Angle =     0.000   Torsion =     0.000
===============================================================================

| TI region  1


 NSTEP =   175000   TIME(PS) =     175.000  TEMP(K) =   274.55  PRESS =     0.0
 Etot   =    -24523.5310  EKtot   =     17149.3594  EPtot      =    -41672.8904
 BOND   =      9202.2348  ANGLE   =         0.0000  DIHED      =         0.0000
 1-4 NB =         0.0000  1-4 EEL =         0.0000  VDWAALS    =        95.1758
 EELEC  =    -50970.3010  EHBOND  =         0.0000  RESTRAINT  =         0.0000
 DV/DL  =       -19.8945
 ------------------------------------------------------------------------------

  Softcore part of the system:      12 atoms,       TEMP(K)    =         198.29
 SC_Etot=        32.2197  SC_EKtot=         7.0927  SC_EPtot   =        25.1269
 SC_BOND=         4.8340  SC_ANGLE=         6.3764  SC_DIHED   =         1.1536
 SC_14NB=         0.2686  SC_14EEL=        28.1663  SC_VDW     =        -0.0454
 SC_EEL =       -15.6265
 SC_RES_DIST=     0.0000  SC_RES_ANG=       0.0000  SC_RES_TORS=         0.0000
 SC_EEL_DER=      0.0152  SC_VDW_DER=     -12.0686  SC_DERIV   =       -12.0534
 ------------------------------------------------------------------------------


| TI region  2


 NSTEP =   175000   TIME(PS) =     175.000  TEMP(K) =   274.60  PRESS =     0.0
 Etot   =    -24530.6238  EKtot   =     17142.2666  EPtot      =    -41672.8904
 BOND   =      9202.2348  ANGLE   =         0.0000  DIHED      =         0.0000
 1-4 NB =         0.0000  1-4 EEL =         0.0000  VDWAALS    =        95.1758
 EELEC  =    -50970.3010  EHBOND  =         0.0000  RESTRAINT  =         0.0000
 DV/DL  =       -19.8945
 ------------------------------------------------------------------------------

 NMR restraints: Bond =    0.000   Angle =     0.000   Torsion =     0.000
===============================================================================

| TI region  1


 NSTEP =   180000   TIME(PS) =     180.000  TEMP(K) =   285.12  PRESS =     0.0
 Etot   =    -23425.0553  EKtot   =     17809.1836  EPtot      =    -41234.2389
 BOND   =      9495.4877  ANGLE   =        -0.0000  DIHED      =         0.0000
 1-4 NB =         0.0000  1-4 EEL =         0.0000  VDWAALS    =        31.2196
 EELEC  =    -50760.9462  EHBOND  =         0.0000  RESTRAINT  =         0.0000
 DV/DL  =       -27.6759
 ------------------------------------------------------------------------------

  Softcore part of the system:      12 atoms,       TEMP(K)    =         421.16
 SC_Etot=        35.3408  SC_EKtot=        15.0648  SC_EPtot   =        20.2760
 SC_BOND=         3.7141  SC_ANGLE=         2.7180  SC_DIHED   =         0.3200
 SC_14NB=         0.0456  SC_14EEL=        29.6456  SC_VDW     =        -0.0380
 SC_EEL =       -16.1293
 SC_RES_DIST=     0.0000  SC_RES_ANG=       0.0000  SC_RES_TORS=         0.0000
 SC_EEL_DER=      0.6691  SC_VDW_DER=     -17.5055  SC_DERIV   =       -16.8365
 ------------------------------------------------------------------------------


| TI region  2


 NSTEP =   180000   TIME(PS) =     180.000  TEMP(K) =   285.04  PRESS =     0.0
 Etot   =    -23440.1201  EKtot   =     17794.1188  EPtot      =    -41234.2389
 BOND   =      9495.4877  ANGLE   =        -0.0000  DIHED      =         0.0000
 1-4 NB =         0.0000  1-4 EEL =         0.0000  VDWAALS    =        31.2196
 EELEC  =    -50760.9462  EHBOND  =         0.0000  RESTRAINT  =         0.0000
 DV/DL  =       -27.6759
 ------------------------------------------------------------------------------

 NMR restraints: Bond =    0.000   Angle =     0.000   Torsion =     0.000
===============================================================================

| TI region  1


 NSTEP =   185000   TIME(PS) =     185.000  TEMP(K) =   288.14  PRESS =     0.0
 Etot   =    -22521.6739  EKtot   =     17997.6934  EPtot      =    -40519.3672
 BOND   =      9887.3975  ANGLE   =         0.0000  DIHED      =        -0.0000
 1-4 NB =         0.0000  1-4 EEL =         0.0000  VDWAALS    =       124.5418
 EELEC  =    -50531.3065  EHBOND  =         0.0000  RESTRAINT  =         0.0000
 DV/DL  =        -8.7765
 ------------------------------------------------------------------------------

  Softcore part of the system:      12 atoms,       TEMP(K)    =         255.68
 SC_Etot=        33.1061  SC_EKtot=         9.1457  SC_EPtot   =        23.9605
 SC_BOND=         5.9481  SC_ANGLE=         4.8240  SC_DIHED   =         1.1391
 SC_14NB=         0.3385  SC_14EEL=        39.0544  SC_VDW     =        -0.0894
 SC_EEL =       -27.2544
 SC_RES_DIST=     0.0000  SC_RES_ANG=       0.0000  SC_RES_TORS=         0.0000
 SC_EEL_DER=      0.7392  SC_VDW_DER=      -9.8921  SC_DERIV   =        -9.1529
 ------------------------------------------------------------------------------


| TI region  2


 NSTEP =   185000   TIME(PS) =     185.000  TEMP(K) =   288.16  PRESS =     0.0
 Etot   =    -22530.8195  EKtot   =     17988.5477  EPtot      =    -40519.3672
 BOND   =      9887.3975  ANGLE   =         0.0000  DIHED      =        -0.0000
 1-4 NB =         0.0000  1-4 EEL =         0.0000  VDWAALS    =       124.5418
 EELEC  =    -50531.3065  EHBOND  =         0.0000  RESTRAINT  =         0.0000
 DV/DL  =        -8.7765
 ------------------------------------------------------------------------------

 NMR restraints: Bond =    0.000   Angle =     0.000   Torsion =     0.000
===============================================================================

| TI region  1


 NSTEP =   190000   TIME(PS) =     190.000  TEMP(K) =   298.39  PRESS =     0.0
 Etot   =    -21429.3060  EKtot   =     18638.0840  EPtot      =    -40067.3900
 BOND   =      9797.5481  ANGLE   =        -0.0000  DIHED      =        -0.0000
 1-4 NB =         0.0000  1-4 EEL =         0.0000  VDWAALS    =       -67.2368
 EELEC  =    -49797.7012  EHBOND  =         0.0000  RESTRAINT  =         0.0000
 DV/DL  =        -9.9687
 ------------------------------------------------------------------------------

  Softcore part of the system:      12 atoms,       TEMP(K)    =         208.76
 SC_Etot=        27.2483  SC_EKtot=         7.4674  SC_EPtot   =        19.7810
 SC_BOND=         1.8462  SC_ANGLE=         4.1127  SC_DIHED   =         1.0921
 SC_14NB=         0.5728  SC_14EEL=        41.2501  SC_VDW     =        -0.1000
 SC_EEL =       -28.9930
 SC_RES_DIST=     0.0000  SC_RES_ANG=       0.0000  SC_RES_TORS=         0.0000
 SC_EEL_DER=      0.6567  SC_VDW_DER=     -10.0332  SC_DERIV   =        -9.3764
 ------------------------------------------------------------------------------


| TI region  2


 NSTEP =   190000   TIME(PS) =     190.000  TEMP(K) =   298.44  PRESS =     0.0
 Etot   =    -21436.7734  EKtot   =     18630.6166  EPtot      =    -40067.3900
 BOND   =      9797.5481  ANGLE   =        -0.0000  DIHED      =        -0.0000
 1-4 NB =         0.0000  1-4 EEL =         0.0000  VDWAALS    =       -67.2368
 EELEC  =    -49797.7012  EHBOND  =         0.0000  RESTRAINT  =         0.0000
 DV/DL  =        -9.9687
 ------------------------------------------------------------------------------

 NMR restraints: Bond =    0.000   Angle =     0.000   Torsion =     0.000
===============================================================================

| TI region  1


 NSTEP =   195000   TIME(PS) =     195.000  TEMP(K) =   300.48  PRESS =     0.0
 Etot   =    -21092.5410  EKtot   =     18768.7598  EPtot      =    -39861.3007
 BOND   =      9932.0201  ANGLE   =         0.0000  DIHED      =        -0.0000
 1-4 NB =         0.0000  1-4 EEL =        -0.0000  VDWAALS    =       116.4589
 EELEC  =    -49909.7797  EHBOND  =         0.0000  RESTRAINT  =         0.0000
 DV/DL  =         1.5689
 ------------------------------------------------------------------------------

  Softcore part of the system:      12 atoms,       TEMP(K)    =         292.95
 SC_Etot=        32.9286  SC_EKtot=        10.4785  SC_EPtot   =        22.4501
 SC_BOND=         4.5476  SC_ANGLE=         3.6739  SC_DIHED   =         0.4215
 SC_14NB=         0.1164  SC_14EEL=        39.7971  SC_VDW     =        -0.0648
 SC_EEL =       -26.0416
 SC_RES_DIST=     0.0000  SC_RES_ANG=       0.0000  SC_RES_TORS=         0.0000
 SC_EEL_DER=      0.5464  SC_VDW_DER=      -6.2738  SC_DERIV   =        -5.7274
 ------------------------------------------------------------------------------


| TI region  2


 NSTEP =   195000   TIME(PS) =     195.000  TEMP(K) =   300.49  PRESS =     0.0
 Etot   =    -21103.0195  EKtot   =     18758.2812  EPtot      =    -39861.3007
 BOND   =      9932.0201  ANGLE   =         0.0000  DIHED      =        -0.0000
 1-4 NB =         0.0000  1-4 EEL =        -0.0000  VDWAALS    =       116.4589
 EELEC  =    -49909.7797  EHBOND  =         0.0000  RESTRAINT  =         0.0000
 DV/DL  =         1.5689
 ------------------------------------------------------------------------------

 NMR restraints: Bond =    0.000   Angle =     0.000   Torsion =     0.000
===============================================================================

| TI region  1


 NSTEP =   200000   TIME(PS) =     200.000  TEMP(K) =   299.66  PRESS =     0.0
 Etot   =    -21095.8714  EKtot   =     18717.2734  EPtot      =    -39813.1448
 BOND   =      9834.6650  ANGLE   =        -0.0000  DIHED      =        -0.0000
 1-4 NB =         0.0000  1-4 EEL =         0.0000  VDWAALS    =       -63.3473
 EELEC  =    -49584.4625  EHBOND  =         0.0000  RESTRAINT  =         0.0000
 DV/DL  =       -12.8804
 ------------------------------------------------------------------------------

  Softcore part of the system:      12 atoms,       TEMP(K)    =         277.85
 SC_Etot=        33.7539  SC_EKtot=         9.9386  SC_EPtot   =        23.8153
 SC_BOND=         3.0098  SC_ANGLE=         6.3815  SC_DIHED   =         1.4820
 SC_14NB=         0.2441  SC_14EEL=        36.5761  SC_VDW     =        -0.0752
 SC_EEL =       -23.8031
 SC_RES_DIST=     0.0000  SC_RES_ANG=       0.0000  SC_RES_TORS=         0.0000
 SC_EEL_DER=     -0.3035  SC_VDW_DER=      -9.3390  SC_DERIV   =        -9.6426
 ------------------------------------------------------------------------------


| TI region  2


 NSTEP =   200000   TIME(PS) =     200.000  TEMP(K) =   299.67  PRESS =     0.0
 Etot   =    -21105.8100  EKtot   =     18707.3348  EPtot      =    -39813.1448
 BOND   =      9834.6650  ANGLE   =        -0.0000  DIHED      =        -0.0000
 1-4 NB =         0.0000  1-4 EEL =         0.0000  VDWAALS    =       -63.3473
 EELEC  =    -49584.4625  EHBOND  =         0.0000  RESTRAINT  =         0.0000
 DV/DL  =       -12.8804
 ------------------------------------------------------------------------------

 NMR restraints: Bond =    0.000   Angle =     0.000   Torsion =     0.000
===============================================================================

| TI region  1


      A V E R A G E S   O V E R      40 S T E P S


 NSTEP =   200000   TIME(PS) =     200.000  TEMP(K) =   160.39  PRESS =     0.0
 Etot   =    -42091.7958  EKtot   =     10018.6308  EPtot      =    -52110.4266
 BOND   =      7127.2250  ANGLE   =        -0.0000  DIHED      =        -0.0000
 1-4 NB =         0.0000  1-4 EEL =         0.0000  VDWAALS    =      1942.6717
 EELEC  =    -61180.3233  EHBOND  =         0.0000  RESTRAINT  =         0.0000
 DV/DL  =        -0.8420
 ------------------------------------------------------------------------------

 NMR restraints: Bond =    0.000   Angle =     0.000   Torsion =     0.000
===============================================================================
  Softcore part of the system:      12 atoms,       TEMP(K)    =         160.78
 SC_Etot=        24.6656  SC_EKtot=         5.7509  SC_EPtot   =        18.9147
 SC_BOND=         1.9535  SC_ANGLE=         2.8457  SC_DIHED   =         0.7663
 SC_14NB=         0.3790  SC_14EEL=        37.0702  SC_VDW     =        -0.0738
 SC_EEL =       -24.0264
 SC_RES_DIST=     0.0000  SC_RES_ANG=       0.0000  SC_RES_TORS=         0.0000
 SC_EEL_DER=      0.1623  SC_VDW_DER=      -4.9896  SC_DERIV   =        -4.8273
 ------------------------------------------------------------------------------


      R M S  F L U C T U A T I O N S


 NSTEP =   200000   TIME(PS) =     200.000  TEMP(K) =    90.03  PRESS =     0.0
 Etot   =     13561.4059  EKtot   =      5623.3408  EPtot      =      7951.9632
 BOND   =      1773.0964  ANGLE   =         0.0000  DIHED      =         0.0000
 1-4 NB =         0.0000  1-4 EEL =         0.0000  VDWAALS    =      1627.0014
 EELEC  =      7800.6155  EHBOND  =         0.0000  RESTRAINT  =         0.0000
 DV/DL  =        11.3686
 ------------------------------------------------------------------------------

  Softcore part of the system:      12 atoms,       TEMP(K)    =          97.49
 SC_Etot=         6.3442  SC_EKtot=         3.4872  SC_EPtot   =         3.2681
 SC_BOND=         1.4691  SC_ANGLE=         1.9191  SC_DIHED   =         0.5072
 SC_14NB=         0.1817  SC_14EEL=         5.0986  SC_VDW     =         0.0215
 SC_EEL =         5.0925
 SC_RES_DIST=     0.0000  SC_RES_ANG=       0.0000  SC_RES_TORS=         0.0000
 SC_EEL_DER=      0.2614  SC_VDW_DER=       5.0901  SC_DERIV   =         4.9846
 ------------------------------------------------------------------------------


| TI region  2


      A V E R A G E S   O V E R      40 S T E P S


 NSTEP =   200000   TIME(PS) =     200.000  TEMP(K) =   160.39  PRESS =     0.0
 Etot   =    -42097.5468  EKtot   =     10012.8799  EPtot      =    -52110.4266
 BOND   =      7127.2250  ANGLE   =        -0.0000  DIHED      =        -0.0000
 1-4 NB =         0.0000  1-4 EEL =         0.0000  VDWAALS    =      1942.6717
 EELEC  =    -61180.3233  EHBOND  =         0.0000  RESTRAINT  =         0.0000
 DV/DL  =        -0.8420
 ------------------------------------------------------------------------------

 NMR restraints: Bond =    0.000   Angle =     0.000   Torsion =     0.000
===============================================================================

      R M S  F L U C T U A T I O N S


 NSTEP =   200000   TIME(PS) =     200.000  TEMP(K) =    90.03  PRESS =     0.0
 Etot   =     13558.2705  EKtot   =      5620.2023  EPtot      =      7951.9632
 BOND   =      1773.0964  ANGLE   =         0.0000  DIHED      =         0.0000
 1-4 NB =         0.0000  1-4 EEL =         0.0000  VDWAALS    =      1627.0014
 EELEC  =      7800.6155  EHBOND  =         0.0000  RESTRAINT  =         0.0000
 DV/DL  =        11.3686
 ------------------------------------------------------------------------------


      DV/DL, AVERAGES OVER      40 STEPS


 NSTEP =   200000   TIME(PS) =     200.000  TEMP(K) =    90.03  PRESS =     0.0
 Etot   =         0.0000  EKtot   =         0.0000  EPtot      =        -0.8420
 BOND   =         0.0000  ANGLE   =         0.0000  DIHED      =         0.0000
 1-4 NB =         0.0000  1-4 EEL =         0.0000  VDWAALS    =         2.4422
 EELEC  =         1.5431  EHBOND  =         0.0000  RESTRAINT  =         0.0000
 DV/DL  =        -0.8420
 ------------------------------------------------------------------------------


 NMR restraints on final step:

--------------------------------------------------------------------------------
   5.  TIMINGS
--------------------------------------------------------------------------------

|  NonSetup CPU Time in Major Routines:
|
|     Routine           Sec        %
|     ------------------------------
|     Nonbond         146.66   29.59
|     Bond              0.00    0.00
|     Angle             0.00    0.00
|     Dihedral          0.00    0.00
|     Shake             0.00    0.00
|     RunMD           348.20   70.26
|     Other             0.70    0.14
|     ------------------------------
|     Total           495.56

|  PME Nonbond Pairlist CPU Time:
|
|     Routine              Sec        %
|     ---------------------------------
|     Set Up Cit           0.00    0.00
|     Build List           0.00    0.00
|     ---------------------------------
|     Total                0.00    0.00

|  PME Direct Force CPU Time:
|
|     Routine              Sec        %
|     ---------------------------------
|     NonBonded Calc       0.00    0.00
|     Exclude Masked       0.00    0.00
|     Other                0.47    0.09
|     ---------------------------------
|     Total                0.47    0.09

|  PME Reciprocal Force CPU Time:
|
|     Routine              Sec        %
|     ---------------------------------
|     1D bspline           0.00    0.00
|     Grid Charges         0.00    0.00
|     Scalar Sum           0.00    0.00
|     Gradient Sum         0.00    0.00
|     FFT                  0.00    0.00
|     ---------------------------------
|     Total                0.00    0.00

|  Final Performance Info:
|     -----------------------------------------------------
|     Average timings for last       1 steps:
|     Elapsed(s) =       0.00 Per Step(ms) =       2.13
|         ns/day =      40.49   seconds/ns =    2134.03
|
|     Average timings for all steps:
|     Elapsed(s) =     497.45 Per Step(ms) =       2.49
|         ns/day =      34.74   seconds/ns =    2487.27
|     -----------------------------------------------------

|  Setup CPU time:            0.51 seconds
|  NonSetup CPU time:       495.56 seconds
|  Total CPU time:          496.07 seconds     0.14 hours

|  Setup wall time:           1    seconds
|  NonSetup wall time:      497    seconds
|  Total wall time:         498    seconds     0.14 hours
