
          -------------------------------------------------------
          Amber 18 PMEMD                              2018
          -------------------------------------------------------

| PMEMD implementation of SANDER, Release 18

| Run on 07/20/2020 at 15:02:55

|   Executable path: /opt/software/Amber/18-foss-2018b-AmberTools-19/bin/pmemd.cuda
| Working directory: /mnt/gs18/scratch/users/songlin3/run/ti_en/tip3p_gas/step1/0.99078
|          Hostname: lac-140

  [-O]verwriting output

File Assignments:
|   MDIN: heat.in                                                               
|  MDOUT: heat.out                                                              
| INPCRD: min.rst                                                               
|   PARM: en_step1_final.prmtop                                                 
| RESTRT: heat.rst                                                              
|   REFC: min.rst                                                               
|  MDVEL: mdvel                                                                 
|   MDEN: mden                                                                  
|  MDCRD: heat.netcdf                                                           
| MDINFO: heat.mdinfo                                                           
|  MDFRC: mdfrc                                                                 


 Here is the input file:

nvt for free MD                                                                
 &cntrl                                                                        
  imin=0,                                                                      
  irest=0,                                                                     
  ntx=1,                                                                       
  ig=-1,                                                                       
  nstlim=100000,                                                               
  dt=0.002,                                                                    
  cut=10.0,                                                                    
  ntc=2,                                                                       
  ntf=2,                                                                       
  ntb=1,                                                                       
  ntt=3,                                                                       
  gamma_ln=2.0,                                                                
  tempi=0.0,                                                                   
  temp0=300.0,                                                                 
  ntpr=5000,                                                                   
  ntwr=5000,                                                                   
  ntwx=10000,                                                                  
  ntwv=0,                                                                      
  ioutfm=1,                                                                    
  iwrap=0,                                                                     
  nmropt=1,                                                                    
  ifsc = 0, icfe=1,                                                            
  clambda=0.99078,                                                             
  timask1=':1',                                                                
  timask2=':2', crgmask = ':2',                                                
/                                                                              
&wt TYPE='TEMP0', istep1=0, istep2=90000, value1=0.0, value2=300.0 /           
&wt TYPE='TEMP0', istep1=90001, istep2=100000, value1=300.0, value2=300.0 /    
&wt TYPE='DUMPFREQ', istep1=10000, /                                           
&wt TYPE='END', /                                                              


Note: ig = -1. Setting random seed to   624285 based on wallclock time in 
      microseconds.
| irandom = 1, using AMBER's internal random number generator (default).
 
|--------------------- INFORMATION ----------------------
| GPU (CUDA) Version of PMEMD in use: NVIDIA GPU IN USE.
|                    Version 18.0.0
| 
|                      03/25/2018
| 
| Implementation by:
|                    Ross C. Walker     (SDSC)
|                    Scott Le Grand     (nVIDIA)
| 
| Version 18 performance extensions by:
|                    David Cerutti     (Rutgers)
| 
| Precision model in use:
|      [SPFP] - Single Precision Forces, 64-bit Fixed Point
|               Accumulation. (Default)
| 
|--------------------------------------------------------
 
|----------------- CITATION INFORMATION -----------------
|
|    When publishing work that utilized the CUDA version
|    of AMBER, please cite the following in addition to
|    the regular AMBER citations:
|
|  - Romelia Salomon-Ferrer; Andreas W. Goetz; Duncan
|    Poole; Scott Le Grand; Ross C. Walker "Routine
|    microsecond molecular dynamics simulations with
|    AMBER - Part II: Particle Mesh Ewald", J. Chem.
|    Theory Comput., 2013, 9 (9), pp3878-3888,
|    DOI: 10.1021/ct400314y.
|
|  - Andreas W. Goetz; Mark J. Williamson; Dong Xu;
|    Duncan Poole; Scott Le Grand; Ross C. Walker
|    "Routine microsecond molecular dynamics simulations
|    with AMBER - Part I: Generalized Born", J. Chem.
|    Theory Comput., 2012, 8 (5), pp1542-1555.
|
|  - Scott Le Grand; Andreas W. Goetz; Ross C. Walker
|    "SPFP: Speed without compromise - a mixed precision
|    model for GPU accelerated molecular dynamics
|    simulations.", Comp. Phys. Comm., 2013, 184
|    pp374-380, DOI: 10.1016/j.cpc.2012.09.022
|
|    When publishing work that utilized the CUDA version
|    of TI, BAR, MBAR or FEP please cite the following 
|    three publications in addition to the regular AMBER 
|    GPU citations:
|
|  - Daniel J. Mermelstein; Charles Lin; Gard Nelson; 
|    Rachael Kretsch; J. Andrew McCammon; Ross C. Walker
|    "Fast and Flexible GPU Accelerated Binding 
|    Free Energy Calculations within the AMBER Molecular
|    Dynamics Package" J. Comp. Chem., 2018,
|    DOI: 10.1002/jcc.25187
|
|  - Tai-Sung Lee; Yuan Hu; Brad Sherborne; Zhuyan Guo;
|    Darrin M. York
|    "Toward Fast and Accurate Binding Affinity Prediction with
|    pmemdGTI: An Efficient Implementation of GPU-Accelerated
|    Thermodynamic Integration"
|    J. Chem. Theory Comput., 2017, 13 (7), 3077
|
|
|--------------------------------------------------------
 
|------------------- GPU DEVICE INFO --------------------
|
|            CUDA_VISIBLE_DEVICES: 0
|   CUDA Capable Devices Detected:      1
|           CUDA Device ID in use:      0
|                CUDA Device Name: Tesla K80
|     CUDA Device Global Mem Size:  11441 MB
| CUDA Device Num Multiprocessors:     13
|           CUDA Device Core Freq:   0.82 GHz
|
|--------------------------------------------------------
 
 
| Conditional Compilation Defines Used:
| PUBFFT
| BINTRAJ
| CUDA
| EMIL

| Largest sphere to fit in unit cell has radius =    27.375

| New format PARM file being parsed.
| Version =    1.000 Date = 07/20/20 Time = 14:54:09

| Note: 1-4 EEL scale factors are being read from the topology file.

| Note: 1-4 VDW scale factors are being read from the topology file.
| Duplicated    0 dihedrals

| Duplicated    0 dihedrals

--------------------------------------------------------------------------------
   1.  RESOURCE   USE: 
--------------------------------------------------------------------------------

 getting box info from netcdf restart file
 NATOM  =      24 NTYPES =       6 NBONH =      16 MBONA  =       6
 NTHETH =      32 MTHETA =       4 NPHIH =      40 MPHIA  =       2
 NHPARM =       0 NPARM  =       0 NNB   =     102 NRES   =       2
 NBONA  =       6 NTHETA =       4 NPHIA =       2 NUMBND =       4
 NUMANG =       6 NPTRA  =       2 NATYP =       6 NPHB   =       1
 IFBOX  =       2 NMXRS  =      12 IFCAP =       0 NEXTRA =       0
 NCOPY  =       0

| Coordinate Index Table dimensions:    10   10   10
| Direct force subcell size =     6.7054    6.7054    6.7054

     BOX TYPE: TRUNCATED OCTAHEDRON

--------------------------------------------------------------------------------
   2.  CONTROL  DATA  FOR  THE  RUN
--------------------------------------------------------------------------------

default_name                                                                    

General flags:
     imin    =       0, nmropt  =       1

Nature and format of input:
     ntx     =       1, irest   =       0, ntrx    =       1

Nature and format of output:
     ntxo    =       2, ntpr    =    5000, ntrx    =       1, ntwr    =    5000
     iwrap   =       0, ntwx    =   10000, ntwv    =       0, ntwe    =       0
     ioutfm  =       1, ntwprt  =       0, idecomp =       0, rbornstat=      0

Potential function:
     ntf     =       2, ntb     =       1, igb     =       0, nsnb    =      25
     ipol    =       0, gbsa    =       0, iesp    =       0
     dielc   =   1.00000, cut     =  10.00000, intdiel =   1.00000

Frozen or restrained atoms:
     ibelly  =       0, ntr     =       0

Molecular dynamics:
     nstlim  =    100000, nscm    =      1000, nrespa  =         1
     t       =   0.00000, dt      =   0.00200, vlimit  =  -1.00000

Langevin dynamics temperature regulation:
     ig      =  624285
     temp0   = 300.00000, tempi   =   0.00000, gamma_ln=   2.00000

SHAKE:
     ntc     =       2, jfastw  =       0
     tol     =   0.00001

NMR refinement options:
     iscale  =       0, noeskp  =       1, ipnlty  =       1, mxsub   =       1
     scalm   = 100.00000, pencut  =   0.10000, tausw   =   0.10000

Free energy options:
     icfe    =       1, ifsc    =       0, klambda =       1
     clambda =  0.9908, scalpha =  0.5000, scbeta  = 12.0000
     sceeorder =       2
     dynlmb =  0.0000 logdvdl =       0

| Intermolecular bonds treatment:
|     no_intermolecular_bonds =       1

| Energy averages sample interval:
|     ene_avg_sampling =    5000

Ewald parameters:
     verbose =       0, ew_type =       0, nbflag  =       1, use_pme =       1
     vdwmeth =       1, eedmeth =       1, netfrc  =       1
     Box X =   67.054   Box Y =   67.054   Box Z =   67.054
     Alpha =  109.471   Beta  =  109.471   Gamma =  109.471
     NFFT1 =   64       NFFT2 =   64       NFFT3 =   64
     Cutoff=   10.000   Tol   =0.100E-04
     Ewald Coefficient =  0.27511
     Interpolation order =    4
     TI Mask 1 :1; matches     12 atoms
     TI Mask 2 :2; matches     12 atoms
     TI region 1:      12 atoms
     TI region 2:      12 atoms
Removing charge of      -0.6664 from atom      13
Removing charge of      -0.6664 from atom      14
Removing charge of      -0.0664 from atom      15
Removing charge of      -0.0664 from atom      16
Removing charge of       0.2792 from atom      17
Removing charge of       0.2802 from atom      18
Removing charge of       0.2802 from atom      19
Removing charge of       0.2792 from atom      20
Removing charge of       0.0898 from atom      21
Removing charge of       0.0837 from atom      22
Removing charge of       0.0898 from atom      23
Removing charge of       0.0837 from atom      24
Total charge of  -0.00000000 removed from      12 atoms
     Checking for mismatched coordinates.

--------------------------------------------------------------------------------
   3.  ATOMIC COORDINATES AND VELOCITIES
--------------------------------------------------------------------------------

default_name                                                                    
 begin time read from input coords =     0.000 ps



           Begin reading energy term weight changes/NMR restraints
 WEIGHT CHANGES:
 TEMP0         0  90000    0.000000  300.000000      0      0
 TEMP0     90001 100000  300.000000  300.000000      0      0
 DUMPFREQ  10000      0    0.000000    0.000000      0      0

 RESTRAINTS:
                          ** No restraint defined **

                  Done reading weight changes/NMR restraints


 
 Number of triangulated 3-point waters found:        0

     Sum of charges for TI region  1 =  -0.00000000
     Forcing neutrality...


     Sum of charges for TI region  2 =   0.00000000
     Forcing neutrality...

| Dynamic Memory, Types Used:
| Reals              144505
| Integers             2423

| Nonbonded Pairs Initial Allocation:        7259

| GPU memory information (estimate):
| KB of GPU memory in use:         0
| KB of CPU memory in use:         0

--------------------------------------------------------------------------------
   4.  RESULTS
--------------------------------------------------------------------------------


| TI region  1


 NSTEP =        0   TIME(PS) =       0.000  TEMP(K) =     0.00  PRESS =     0.0
 Etot   =         0.4628  EKtot   =         0.0000  EPtot      =         0.4628
 BOND   =         0.0107  ANGLE   =         0.0703  DIHED      =         0.0507
 1-4 NB =         0.2810  1-4 EEL =         0.3769  VDWAALS    =        -0.0789
 EELEC  =        -0.2479  EHBOND  =         0.0000  RESTRAINT  =         0.0000
 DV/DL  =       -13.9890
 ------------------------------------------------------------------------------


| TI region  2


 NSTEP =        0   TIME(PS) =       0.000  TEMP(K) =     0.00  PRESS =     0.0
 Etot   =         0.4628  EKtot   =         0.0000  EPtot      =         0.4628
 BOND   =         0.0107  ANGLE   =         0.0703  DIHED      =         0.0507
 1-4 NB =         0.2810  1-4 EEL =         0.3769  VDWAALS    =        -0.0789
 EELEC  =        -0.2479  EHBOND  =         0.0000  RESTRAINT  =         0.0000
 DV/DL  =       -13.9890
 ------------------------------------------------------------------------------

 NMR restraints: Bond =    0.000   Angle =     0.000   Torsion =     0.000
===============================================================================

| TI region  1


 NSTEP =     5000   TIME(PS) =      10.000  TEMP(K) =    19.69  PRESS =     0.0
 Etot   =         1.3912  EKtot   =         0.5477  EPtot      =         0.8435
 BOND   =         0.0899  ANGLE   =         0.3615  DIHED      =         0.0824
 1-4 NB =         0.2631  1-4 EEL =         0.3763  VDWAALS    =        -0.0818
 EELEC  =        -0.2479  EHBOND  =         0.0000  RESTRAINT  =         0.0000
 DV/DL  =       -13.9246
 ------------------------------------------------------------------------------


| TI region  2


 NSTEP =     5000   TIME(PS) =      10.000  TEMP(K) =    19.69  PRESS =     0.0
 Etot   =         1.3912  EKtot   =         0.5477  EPtot      =         0.8435
 BOND   =         0.0899  ANGLE   =         0.3615  DIHED      =         0.0824
 1-4 NB =         0.2631  1-4 EEL =         0.3763  VDWAALS    =        -0.0818
 EELEC  =        -0.2479  EHBOND  =         0.0000  RESTRAINT  =         0.0000
 DV/DL  =       -13.9246
 ------------------------------------------------------------------------------

 NMR restraints: Bond =    0.000   Angle =     0.000   Torsion =     0.000
===============================================================================

| TI region  1


 NSTEP =    10000   TIME(PS) =      20.000  TEMP(K) =    35.41  PRESS =     0.0
 Etot   =         2.6201  EKtot   =         0.9851  EPtot      =         1.6350
 BOND   =         0.1093  ANGLE   =         0.9706  DIHED      =         0.1518
 1-4 NB =         0.3523  1-4 EEL =         0.3767  VDWAALS    =        -0.0788
 EELEC  =        -0.2468  EHBOND  =         0.0000  RESTRAINT  =         0.0000
 DV/DL  =       -14.0870
 ------------------------------------------------------------------------------


| TI region  2


 NSTEP =    10000   TIME(PS) =      20.000  TEMP(K) =    35.41  PRESS =     0.0
 Etot   =         2.6201  EKtot   =         0.9851  EPtot      =         1.6350
 BOND   =         0.1093  ANGLE   =         0.9706  DIHED      =         0.1518
 1-4 NB =         0.3523  1-4 EEL =         0.3767  VDWAALS    =        -0.0788
 EELEC  =        -0.2468  EHBOND  =         0.0000  RESTRAINT  =         0.0000
 DV/DL  =       -14.0870
 ------------------------------------------------------------------------------

 NMR restraints: Bond =    0.000   Angle =     0.000   Torsion =     0.000
===============================================================================

| TI region  1


 NSTEP =    15000   TIME(PS) =      30.000  TEMP(K) =    38.92  PRESS =     0.0
 Etot   =         3.3725  EKtot   =         1.0827  EPtot      =         2.2898
 BOND   =         0.0996  ANGLE   =         1.5613  DIHED      =         0.2789
 1-4 NB =         0.3017  1-4 EEL =         0.3685  VDWAALS    =        -0.0790
 EELEC  =        -0.2412  EHBOND  =         0.0000  RESTRAINT  =         0.0000
 DV/DL  =       -13.8004
 ------------------------------------------------------------------------------


| TI region  2


 NSTEP =    15000   TIME(PS) =      30.000  TEMP(K) =    38.92  PRESS =     0.0
 Etot   =         3.3725  EKtot   =         1.0827  EPtot      =         2.2898
 BOND   =         0.0996  ANGLE   =         1.5613  DIHED      =         0.2789
 1-4 NB =         0.3017  1-4 EEL =         0.3685  VDWAALS    =        -0.0790
 EELEC  =        -0.2412  EHBOND  =         0.0000  RESTRAINT  =         0.0000
 DV/DL  =       -13.8004
 ------------------------------------------------------------------------------

 NMR restraints: Bond =    0.000   Angle =     0.000   Torsion =     0.000
===============================================================================

| TI region  1


 NSTEP =    20000   TIME(PS) =      40.000  TEMP(K) =    87.73  PRESS =     0.0
 Etot   =         4.2111  EKtot   =         2.4408  EPtot      =         1.7703
 BOND   =         0.1872  ANGLE   =         0.9664  DIHED      =         0.2613
 1-4 NB =         0.3042  1-4 EEL =         0.3739  VDWAALS    =        -0.0796
 EELEC  =        -0.2429  EHBOND  =         0.0000  RESTRAINT  =         0.0000
 DV/DL  =       -14.2047
 ------------------------------------------------------------------------------


| TI region  2


 NSTEP =    20000   TIME(PS) =      40.000  TEMP(K) =    87.73  PRESS =     0.0
 Etot   =         4.2111  EKtot   =         2.4408  EPtot      =         1.7703
 BOND   =         0.1872  ANGLE   =         0.9664  DIHED      =         0.2613
 1-4 NB =         0.3042  1-4 EEL =         0.3739  VDWAALS    =        -0.0796
 EELEC  =        -0.2429  EHBOND  =         0.0000  RESTRAINT  =         0.0000
 DV/DL  =       -14.2047
 ------------------------------------------------------------------------------

 NMR restraints: Bond =    0.000   Angle =     0.000   Torsion =     0.000
===============================================================================

| TI region  1


 NSTEP =    25000   TIME(PS) =      50.000  TEMP(K) =    46.92  PRESS =     0.0
 Etot   =         4.4229  EKtot   =         1.3053  EPtot      =         3.1175
 BOND   =         0.0959  ANGLE   =         1.9315  DIHED      =         0.4349
 1-4 NB =         0.6076  1-4 EEL =         0.3963  VDWAALS    =        -0.0844
 EELEC  =        -0.2642  EHBOND  =         0.0000  RESTRAINT  =         0.0000
 DV/DL  =       -14.3261
 ------------------------------------------------------------------------------


| TI region  2


 NSTEP =    25000   TIME(PS) =      50.000  TEMP(K) =    46.92  PRESS =     0.0
 Etot   =         4.4229  EKtot   =         1.3053  EPtot      =         3.1175
 BOND   =         0.0959  ANGLE   =         1.9315  DIHED      =         0.4349
 1-4 NB =         0.6076  1-4 EEL =         0.3963  VDWAALS    =        -0.0844
 EELEC  =        -0.2642  EHBOND  =         0.0000  RESTRAINT  =         0.0000
 DV/DL  =       -14.3261
 ------------------------------------------------------------------------------

 NMR restraints: Bond =    0.000   Angle =     0.000   Torsion =     0.000
===============================================================================

| TI region  1


 NSTEP =    30000   TIME(PS) =      60.000  TEMP(K) =   103.73  PRESS =     0.0
 Etot   =         7.6144  EKtot   =         2.8859  EPtot      =         4.7285
 BOND   =         1.3206  ANGLE   =         2.8594  DIHED      =         0.0694
 1-4 NB =         0.4478  1-4 EEL =         0.3860  VDWAALS    =        -0.0949
 EELEC  =        -0.2597  EHBOND  =         0.0000  RESTRAINT  =         0.0000
 DV/DL  =       -13.6938
 ------------------------------------------------------------------------------


| TI region  2


 NSTEP =    30000   TIME(PS) =      60.000  TEMP(K) =   103.73  PRESS =     0.0
 Etot   =         7.6144  EKtot   =         2.8859  EPtot      =         4.7285
 BOND   =         1.3206  ANGLE   =         2.8594  DIHED      =         0.0694
 1-4 NB =         0.4478  1-4 EEL =         0.3860  VDWAALS    =        -0.0949
 EELEC  =        -0.2597  EHBOND  =         0.0000  RESTRAINT  =         0.0000
 DV/DL  =       -13.6938
 ------------------------------------------------------------------------------

 NMR restraints: Bond =    0.000   Angle =     0.000   Torsion =     0.000
===============================================================================

| TI region  1


 NSTEP =    35000   TIME(PS) =      70.000  TEMP(K) =   109.68  PRESS =     0.0
 Etot   =         6.6330  EKtot   =         3.0514  EPtot      =         3.5816
 BOND   =         0.9958  ANGLE   =         1.4109  DIHED      =         0.2249
 1-4 NB =         0.9131  1-4 EEL =         0.3931  VDWAALS    =        -0.0905
 EELEC  =        -0.2657  EHBOND  =         0.0000  RESTRAINT  =         0.0000
 DV/DL  =       -13.8161
 ------------------------------------------------------------------------------


| TI region  2


 NSTEP =    35000   TIME(PS) =      70.000  TEMP(K) =   109.68  PRESS =     0.0
 Etot   =         6.6330  EKtot   =         3.0514  EPtot      =         3.5816
 BOND   =         0.9958  ANGLE   =         1.4109  DIHED      =         0.2249
 1-4 NB =         0.9131  1-4 EEL =         0.3931  VDWAALS    =        -0.0905
 EELEC  =        -0.2657  EHBOND  =         0.0000  RESTRAINT  =         0.0000
 DV/DL  =       -13.8161
 ------------------------------------------------------------------------------

 NMR restraints: Bond =    0.000   Angle =     0.000   Torsion =     0.000
===============================================================================

| TI region  1


 NSTEP =    40000   TIME(PS) =      80.000  TEMP(K) =   157.54  PRESS =     0.0
 Etot   =         7.4867  EKtot   =         4.3827  EPtot      =         3.1040
 BOND   =         0.0508  ANGLE   =         1.9709  DIHED      =         0.5958
 1-4 NB =         0.4352  1-4 EEL =         0.3631  VDWAALS    =        -0.0754
 EELEC  =        -0.2363  EHBOND  =         0.0000  RESTRAINT  =         0.0000
 DV/DL  =       -13.7441
 ------------------------------------------------------------------------------


| TI region  2


 NSTEP =    40000   TIME(PS) =      80.000  TEMP(K) =   157.54  PRESS =     0.0
 Etot   =         7.4867  EKtot   =         4.3827  EPtot      =         3.1040
 BOND   =         0.0508  ANGLE   =         1.9709  DIHED      =         0.5958
 1-4 NB =         0.4352  1-4 EEL =         0.3631  VDWAALS    =        -0.0754
 EELEC  =        -0.2363  EHBOND  =         0.0000  RESTRAINT  =         0.0000
 DV/DL  =       -13.7441
 ------------------------------------------------------------------------------

 NMR restraints: Bond =    0.000   Angle =     0.000   Torsion =     0.000
===============================================================================

| TI region  1


 NSTEP =    45000   TIME(PS) =      90.000  TEMP(K) =   104.02  PRESS =     0.0
 Etot   =         8.0925  EKtot   =         2.8938  EPtot      =         5.1987
 BOND   =         0.5419  ANGLE   =         3.8522  DIHED      =         0.1279
 1-4 NB =         0.6300  1-4 EEL =         0.3910  VDWAALS    =        -0.0840
 EELEC  =        -0.2602  EHBOND  =         0.0000  RESTRAINT  =         0.0000
 DV/DL  =       -14.1896
 ------------------------------------------------------------------------------


| TI region  2


 NSTEP =    45000   TIME(PS) =      90.000  TEMP(K) =   104.02  PRESS =     0.0
 Etot   =         8.0925  EKtot   =         2.8938  EPtot      =         5.1987
 BOND   =         0.5419  ANGLE   =         3.8522  DIHED      =         0.1279
 1-4 NB =         0.6300  1-4 EEL =         0.3910  VDWAALS    =        -0.0840
 EELEC  =        -0.2602  EHBOND  =         0.0000  RESTRAINT  =         0.0000
 DV/DL  =       -14.1896
 ------------------------------------------------------------------------------

 NMR restraints: Bond =    0.000   Angle =     0.000   Torsion =     0.000
===============================================================================

| TI region  1


 NSTEP =    50000   TIME(PS) =     100.000  TEMP(K) =   204.55  PRESS =     0.0
 Etot   =         9.8512  EKtot   =         5.6906  EPtot      =         4.1606
 BOND   =         0.2061  ANGLE   =         1.9549  DIHED      =         1.5400
 1-4 NB =         0.3882  1-4 EEL =         0.3359  VDWAALS    =        -0.0575
 EELEC  =        -0.2069  EHBOND  =         0.0000  RESTRAINT  =         0.0000
 DV/DL  =       -13.9860
 ------------------------------------------------------------------------------


| TI region  2


 NSTEP =    50000   TIME(PS) =     100.000  TEMP(K) =   204.55  PRESS =     0.0
 Etot   =         9.8512  EKtot   =         5.6906  EPtot      =         4.1606
 BOND   =         0.2061  ANGLE   =         1.9549  DIHED      =         1.5400
 1-4 NB =         0.3882  1-4 EEL =         0.3359  VDWAALS    =        -0.0575
 EELEC  =        -0.2069  EHBOND  =         0.0000  RESTRAINT  =         0.0000
 DV/DL  =       -13.9860
 ------------------------------------------------------------------------------

 NMR restraints: Bond =    0.000   Angle =     0.000   Torsion =     0.000
===============================================================================

| TI region  1


 NSTEP =    55000   TIME(PS) =     110.000  TEMP(K) =   179.38  PRESS =     0.0
 Etot   =         9.9121  EKtot   =         4.9904  EPtot      =         4.9217
 BOND   =         0.2467  ANGLE   =         4.0746  DIHED      =         0.3749
 1-4 NB =         0.1840  1-4 EEL =         0.3801  VDWAALS    =        -0.0898
 EELEC  =        -0.2488  EHBOND  =         0.0000  RESTRAINT  =         0.0000
 DV/DL  =       -14.2335
 ------------------------------------------------------------------------------


| TI region  2


 NSTEP =    55000   TIME(PS) =     110.000  TEMP(K) =   179.38  PRESS =     0.0
 Etot   =         9.9121  EKtot   =         4.9904  EPtot      =         4.9217
 BOND   =         0.2467  ANGLE   =         4.0746  DIHED      =         0.3749
 1-4 NB =         0.1840  1-4 EEL =         0.3801  VDWAALS    =        -0.0898
 EELEC  =        -0.2488  EHBOND  =         0.0000  RESTRAINT  =         0.0000
 DV/DL  =       -14.2335
 ------------------------------------------------------------------------------

 NMR restraints: Bond =    0.000   Angle =     0.000   Torsion =     0.000
===============================================================================

| TI region  1


 NSTEP =    60000   TIME(PS) =     120.000  TEMP(K) =   127.68  PRESS =     0.0
 Etot   =         8.6446  EKtot   =         3.5520  EPtot      =         5.0926
 BOND   =         0.5791  ANGLE   =         3.0627  DIHED      =         1.2080
 1-4 NB =         0.1763  1-4 EEL =         0.3331  VDWAALS    =        -0.0578
 EELEC  =        -0.2088  EHBOND  =         0.0000  RESTRAINT  =         0.0000
 DV/DL  =       -13.4848
 ------------------------------------------------------------------------------


| TI region  2


 NSTEP =    60000   TIME(PS) =     120.000  TEMP(K) =   127.68  PRESS =     0.0
 Etot   =         8.6446  EKtot   =         3.5520  EPtot      =         5.0926
 BOND   =         0.5791  ANGLE   =         3.0627  DIHED      =         1.2080
 1-4 NB =         0.1763  1-4 EEL =         0.3331  VDWAALS    =        -0.0578
 EELEC  =        -0.2088  EHBOND  =         0.0000  RESTRAINT  =         0.0000
 DV/DL  =       -13.4848
 ------------------------------------------------------------------------------

 NMR restraints: Bond =    0.000   Angle =     0.000   Torsion =     0.000
===============================================================================

| TI region  1


 NSTEP =    65000   TIME(PS) =     130.000  TEMP(K) =   206.34  PRESS =     0.0
 Etot   =        13.5797  EKtot   =         5.7405  EPtot      =         7.8392
 BOND   =         0.3108  ANGLE   =         5.2567  DIHED      =         1.1625
 1-4 NB =         1.0715  1-4 EEL =         0.4157  VDWAALS    =        -0.0952
 EELEC  =        -0.2827  EHBOND  =         0.0000  RESTRAINT  =         0.0000
 DV/DL  =       -14.4227
 ------------------------------------------------------------------------------


| TI region  2


 NSTEP =    65000   TIME(PS) =     130.000  TEMP(K) =   206.34  PRESS =     0.0
 Etot   =        13.5797  EKtot   =         5.7405  EPtot      =         7.8392
 BOND   =         0.3108  ANGLE   =         5.2567  DIHED      =         1.1625
 1-4 NB =         1.0715  1-4 EEL =         0.4157  VDWAALS    =        -0.0952
 EELEC  =        -0.2827  EHBOND  =         0.0000  RESTRAINT  =         0.0000
 DV/DL  =       -14.4227
 ------------------------------------------------------------------------------

 NMR restraints: Bond =    0.000   Angle =     0.000   Torsion =     0.000
===============================================================================

| TI region  1


 NSTEP =    70000   TIME(PS) =     140.000  TEMP(K) =   214.55  PRESS =     0.0
 Etot   =        10.1728  EKtot   =         5.9688  EPtot      =         4.2040
 BOND   =         0.6810  ANGLE   =         3.1963  DIHED      =         0.1729
 1-4 NB =         0.0723  1-4 EEL =         0.2663  VDWAALS    =        -0.0397
 EELEC  =        -0.1451  EHBOND  =         0.0000  RESTRAINT  =         0.0000
 DV/DL  =       -13.1529
 ------------------------------------------------------------------------------


| TI region  2


 NSTEP =    70000   TIME(PS) =     140.000  TEMP(K) =   214.55  PRESS =     0.0
 Etot   =        10.1728  EKtot   =         5.9688  EPtot      =         4.2040
 BOND   =         0.6810  ANGLE   =         3.1963  DIHED      =         0.1729
 1-4 NB =         0.0723  1-4 EEL =         0.2663  VDWAALS    =        -0.0397
 EELEC  =        -0.1451  EHBOND  =         0.0000  RESTRAINT  =         0.0000
 DV/DL  =       -13.1529
 ------------------------------------------------------------------------------

 NMR restraints: Bond =    0.000   Angle =     0.000   Torsion =     0.000
===============================================================================

| TI region  1


 NSTEP =    75000   TIME(PS) =     150.000  TEMP(K) =   160.83  PRESS =     0.0
 Etot   =        11.5454  EKtot   =         4.4744  EPtot      =         7.0709
 BOND   =         0.5801  ANGLE   =         4.9955  DIHED      =         1.1848
 1-4 NB =         0.2244  1-4 EEL =         0.2714  VDWAALS    =        -0.0343
 EELEC  =        -0.1509  EHBOND  =         0.0000  RESTRAINT  =         0.0000
 DV/DL  =       -13.0698
 ------------------------------------------------------------------------------


| TI region  2


 NSTEP =    75000   TIME(PS) =     150.000  TEMP(K) =   160.83  PRESS =     0.0
 Etot   =        11.5454  EKtot   =         4.4744  EPtot      =         7.0709
 BOND   =         0.5801  ANGLE   =         4.9955  DIHED      =         1.1848
 1-4 NB =         0.2244  1-4 EEL =         0.2714  VDWAALS    =        -0.0343
 EELEC  =        -0.1509  EHBOND  =         0.0000  RESTRAINT  =         0.0000
 DV/DL  =       -13.0698
 ------------------------------------------------------------------------------

 NMR restraints: Bond =    0.000   Angle =     0.000   Torsion =     0.000
===============================================================================

| TI region  1


 NSTEP =    80000   TIME(PS) =     160.000  TEMP(K) =   334.05  PRESS =     0.0
 Etot   =        18.6118  EKtot   =         9.2934  EPtot      =         9.3183
 BOND   =         1.7866  ANGLE   =         5.4101  DIHED      =         1.9850
 1-4 NB =         0.0578  1-4 EEL =         0.2662  VDWAALS    =        -0.0488
 EELEC  =        -0.1386  EHBOND  =         0.0000  RESTRAINT  =         0.0000
 DV/DL  =       -13.8447
 ------------------------------------------------------------------------------


| TI region  2


 NSTEP =    80000   TIME(PS) =     160.000  TEMP(K) =   334.05  PRESS =     0.0
 Etot   =        18.6118  EKtot   =         9.2934  EPtot      =         9.3183
 BOND   =         1.7866  ANGLE   =         5.4101  DIHED      =         1.9850
 1-4 NB =         0.0578  1-4 EEL =         0.2662  VDWAALS    =        -0.0488
 EELEC  =        -0.1386  EHBOND  =         0.0000  RESTRAINT  =         0.0000
 DV/DL  =       -13.8447
 ------------------------------------------------------------------------------

 NMR restraints: Bond =    0.000   Angle =     0.000   Torsion =     0.000
===============================================================================

| TI region  1


 NSTEP =    85000   TIME(PS) =     170.000  TEMP(K) =   297.65  PRESS =     0.0
 Etot   =        12.7951  EKtot   =         8.2808  EPtot      =         4.5143
 BOND   =         0.4165  ANGLE   =         2.6522  DIHED      =         1.2438
 1-4 NB =         0.1385  1-4 EEL =         0.2570  VDWAALS    =        -0.0607
 EELEC  =        -0.1331  EHBOND  =         0.0000  RESTRAINT  =         0.0000
 DV/DL  =       -13.4429
 ------------------------------------------------------------------------------


| TI region  2


 NSTEP =    85000   TIME(PS) =     170.000  TEMP(K) =   297.65  PRESS =     0.0
 Etot   =        12.7951  EKtot   =         8.2808  EPtot      =         4.5143
 BOND   =         0.4165  ANGLE   =         2.6522  DIHED      =         1.2438
 1-4 NB =         0.1385  1-4 EEL =         0.2570  VDWAALS    =        -0.0607
 EELEC  =        -0.1331  EHBOND  =         0.0000  RESTRAINT  =         0.0000
 DV/DL  =       -13.4429
 ------------------------------------------------------------------------------

 NMR restraints: Bond =    0.000   Angle =     0.000   Torsion =     0.000
===============================================================================

| TI region  1


 NSTEP =    90000   TIME(PS) =     180.000  TEMP(K) =   361.28  PRESS =     0.0
 Etot   =        12.0352  EKtot   =        10.0512  EPtot      =         1.9840
 BOND   =         0.1876  ANGLE   =         1.3505  DIHED      =         0.3565
 1-4 NB =         0.0103  1-4 EEL =         0.2581  VDWAALS    =        -0.0457
 EELEC  =        -0.1332  EHBOND  =         0.0000  RESTRAINT  =         0.0000
 DV/DL  =       -13.5416
 ------------------------------------------------------------------------------


| TI region  2


 NSTEP =    90000   TIME(PS) =     180.000  TEMP(K) =   361.28  PRESS =     0.0
 Etot   =        12.0352  EKtot   =        10.0512  EPtot      =         1.9840
 BOND   =         0.1876  ANGLE   =         1.3505  DIHED      =         0.3565
 1-4 NB =         0.0103  1-4 EEL =         0.2581  VDWAALS    =        -0.0457
 EELEC  =        -0.1332  EHBOND  =         0.0000  RESTRAINT  =         0.0000
 DV/DL  =       -13.5416
 ------------------------------------------------------------------------------

 NMR restraints: Bond =    0.000   Angle =     0.000   Torsion =     0.000
===============================================================================

| TI region  1


 NSTEP =    95000   TIME(PS) =     190.000  TEMP(K) =   235.04  PRESS =     0.0
 Etot   =        15.6345  EKtot   =         6.5390  EPtot      =         9.0956
 BOND   =         2.1109  ANGLE   =         5.1691  DIHED      =         1.7612
 1-4 NB =        -0.0125  1-4 EEL =         0.2527  VDWAALS    =        -0.0598
 EELEC  =        -0.1261  EHBOND  =         0.0000  RESTRAINT  =         0.0000
 DV/DL  =       -13.7308
 ------------------------------------------------------------------------------


| TI region  2


 NSTEP =    95000   TIME(PS) =     190.000  TEMP(K) =   235.04  PRESS =     0.0
 Etot   =        15.6345  EKtot   =         6.5390  EPtot      =         9.0956
 BOND   =         2.1109  ANGLE   =         5.1691  DIHED      =         1.7612
 1-4 NB =        -0.0125  1-4 EEL =         0.2527  VDWAALS    =        -0.0598
 EELEC  =        -0.1261  EHBOND  =         0.0000  RESTRAINT  =         0.0000
 DV/DL  =       -13.7308
 ------------------------------------------------------------------------------

 NMR restraints: Bond =    0.000   Angle =     0.000   Torsion =     0.000
===============================================================================

| TI region  1


 NSTEP =   100000   TIME(PS) =     200.000  TEMP(K) =   301.62  PRESS =     0.0
 Etot   =        13.3475  EKtot   =         8.3912  EPtot      =         4.9563
 BOND   =         0.9432  ANGLE   =         3.6692  DIHED      =         0.1304
 1-4 NB =         0.1393  1-4 EEL =         0.2586  VDWAALS    =        -0.0495
 EELEC  =        -0.1349  EHBOND  =         0.0000  RESTRAINT  =         0.0000
 DV/DL  =       -13.4183
 ------------------------------------------------------------------------------


| TI region  2


 NSTEP =   100000   TIME(PS) =     200.000  TEMP(K) =   301.62  PRESS =     0.0
 Etot   =        13.3475  EKtot   =         8.3912  EPtot      =         4.9563
 BOND   =         0.9432  ANGLE   =         3.6692  DIHED      =         0.1304
 1-4 NB =         0.1393  1-4 EEL =         0.2586  VDWAALS    =        -0.0495
 EELEC  =        -0.1349  EHBOND  =         0.0000  RESTRAINT  =         0.0000
 DV/DL  =       -13.4183
 ------------------------------------------------------------------------------

 NMR restraints: Bond =    0.000   Angle =     0.000   Torsion =     0.000
===============================================================================

| TI region  1


      A V E R A G E S   O V E R      20 S T E P S


 NSTEP =   100000   TIME(PS) =     200.000  TEMP(K) =   166.33  PRESS =     0.0
 Etot   =         9.0987  EKtot   =         4.6274  EPtot      =         4.4713
 BOND   =         0.5770  ANGLE   =         2.8338  DIHED      =         0.6673
 1-4 NB =         0.3353  1-4 EEL =         0.3360  VDWAALS    =        -0.0694
 EELEC  =        -0.2087  EHBOND  =         0.0000  RESTRAINT  =         0.0000
 DV/DL  =       -13.8057
 ------------------------------------------------------------------------------

 NMR restraints: Bond =    0.000   Angle =     0.000   Torsion =     0.000
===============================================================================

      R M S  F L U C T U A T I O N S


 NSTEP =   100000   TIME(PS) =     200.000  TEMP(K) =    99.97  PRESS =     0.0
 Etot   =         4.4386  EKtot   =         2.7813  EPtot      =         2.3292
 BOND   =         0.5714  ANGLE   =         1.5390  DIHED      =         0.6072
 1-4 NB =         0.2811  1-4 EEL =         0.0576  VDWAALS    =         0.0187
 EELEC  =         0.0551  EHBOND  =         0.0000  RESTRAINT  =         0.0000
 DV/DL  =         0.3683
 ------------------------------------------------------------------------------


| TI region  2


      A V E R A G E S   O V E R      20 S T E P S


 NSTEP =   100000   TIME(PS) =     200.000  TEMP(K) =   166.33  PRESS =     0.0
 Etot   =         9.0987  EKtot   =         4.6274  EPtot      =         4.4713
 BOND   =         0.5770  ANGLE   =         2.8338  DIHED      =         0.6673
 1-4 NB =         0.3353  1-4 EEL =         0.3360  VDWAALS    =        -0.0694
 EELEC  =        -0.2087  EHBOND  =         0.0000  RESTRAINT  =         0.0000
 DV/DL  =       -13.8057
 ------------------------------------------------------------------------------

 NMR restraints: Bond =    0.000   Angle =     0.000   Torsion =     0.000
===============================================================================

      R M S  F L U C T U A T I O N S


 NSTEP =   100000   TIME(PS) =     200.000  TEMP(K) =    99.97  PRESS =     0.0
 Etot   =         4.4386  EKtot   =         2.7813  EPtot      =         2.3292
 BOND   =         0.5714  ANGLE   =         1.5390  DIHED      =         0.6072
 1-4 NB =         0.2811  1-4 EEL =         0.0576  VDWAALS    =         0.0187
 EELEC  =         0.0551  EHBOND  =         0.0000  RESTRAINT  =         0.0000
 DV/DL  =         0.3683
 ------------------------------------------------------------------------------


      DV/DL, AVERAGES OVER      20 STEPS


 NSTEP =   100000   TIME(PS) =     200.000  TEMP(K) =    99.97  PRESS =     0.0
 Etot   =         0.0000  EKtot   =         0.0000  EPtot      =       -13.8057
 BOND   =         0.0000  ANGLE   =         0.0000  DIHED      =         0.0000
 1-4 NB =         0.0000  1-4 EEL =       -36.4411  VDWAALS    =         0.0000
 EELEC  =        22.6353  EHBOND  =         0.0000  RESTRAINT  =         0.0000
 DV/DL  =       -13.8057
 ------------------------------------------------------------------------------


 NMR restraints on final step:

--------------------------------------------------------------------------------
   5.  TIMINGS
--------------------------------------------------------------------------------

|  NonSetup CPU Time in Major Routines:
|
|     Routine           Sec        %
|     ------------------------------
|     Nonbond          25.52   34.99
|     Bond              0.00    0.00
|     Angle             0.00    0.00
|     Dihedral          0.00    0.00
|     Shake             0.76    1.04
|     RunMD            46.38   63.60
|     Other             0.27    0.37
|     ------------------------------
|     Total            72.92

|  PME Nonbond Pairlist CPU Time:
|
|     Routine              Sec        %
|     ---------------------------------
|     Set Up Cit           0.00    0.00
|     Build List           0.00    0.00
|     ---------------------------------
|     Total                0.00    0.00

|  PME Direct Force CPU Time:
|
|     Routine              Sec        %
|     ---------------------------------
|     NonBonded Calc       0.00    0.00
|     Exclude Masked       0.00    0.00
|     Other                0.18    0.25
|     ---------------------------------
|     Total                0.18    0.25

|  PME Reciprocal Force CPU Time:
|
|     Routine              Sec        %
|     ---------------------------------
|     1D bspline           0.00    0.00
|     Grid Charges         0.00    0.00
|     Scalar Sum           0.00    0.00
|     Gradient Sum         0.00    0.00
|     FFT                  0.00    0.00
|     ---------------------------------
|     Total                0.00    0.00

|  Final Performance Info:
|     -----------------------------------------------------
|     Average timings for last   15000 steps:
|     Elapsed(s) =      10.98 Per Step(ms) =       0.73
|         ns/day =     236.00   seconds/ns =     366.09
|
|     Average timings for all steps:
|     Elapsed(s) =      73.03 Per Step(ms) =       0.73
|         ns/day =     236.63   seconds/ns =     365.13
|     -----------------------------------------------------

|  Setup CPU time:            0.44 seconds
|  NonSetup CPU time:        72.92 seconds
|  Total CPU time:           73.37 seconds     0.02 hours

|  Setup wall time:           0    seconds
|  NonSetup wall time:       73    seconds
|  Total wall time:          73    seconds     0.02 hours
