
          -------------------------------------------------------
          Amber 18 PMEMD                              2018
          -------------------------------------------------------

| PMEMD implementation of SANDER, Release 18

| Run on 05/26/2020 at 15:51:34

|   Executable path: /opt/software/Amber/18-foss-2018b-AmberTools-19/bin/pmemd.cuda
| Working directory: /mnt/gs18/scratch/users/songlin3/run/ti_en/tip3p/step1/0.31608
|          Hostname: lac-136

  [-O]verwriting output

File Assignments:
|   MDIN: heat.in                                                               
|  MDOUT: heat.out                                                              
| INPCRD: min.rst                                                               
|   PARM: en_step1_final.prmtop                                                 
| RESTRT: heat.rst                                                              
|   REFC: min.rst                                                               
|  MDVEL: mdvel                                                                 
|   MDEN: mden                                                                  
|  MDCRD: heat.netcdf                                                           
| MDINFO: heat.mdinfo                                                           
|  MDFRC: mdfrc                                                                 


 Here is the input file:

nvt for free MD                                                                
 &cntrl                                                                        
  imin=0,                                                                      
  irest=0,                                                                     
  ntx=1,                                                                       
  ig=-1,                                                                       
  nstlim=100000,                                                               
  dt=0.002,                                                                    
  cut=10.0,                                                                    
  ntc=2,                                                                       
  ntf=2,                                                                       
  ntb=1,                                                                       
  ntt=3,                                                                       
  gamma_ln=2.0,                                                                
  tempi=0.0,                                                                   
  temp0=300.0,                                                                 
  ntpr=5000,                                                                   
  ntwr=5000,                                                                   
  ntwx=10000,                                                                  
  ntwv=0,                                                                      
  ioutfm=1,                                                                    
  iwrap=0,                                                                     
  nmropt=1,                                                                    
  ifsc = 0, icfe=1,                                                            
  clambda=0.31608,                                                             
  timask1=':1',                                                                
  timask2=':2', crgmask = ':2',                                                
/                                                                              
&wt TYPE='TEMP0', istep1=0, istep2=90000, value1=0.0, value2=300.0 /           
&wt TYPE='TEMP0', istep1=90001, istep2=100000, value1=300.0, value2=300.0 /    
&wt TYPE='DUMPFREQ', istep1=10000, /                                           
&wt TYPE='END', /                                                              


Note: ig = -1. Setting random seed to   943381 based on wallclock time in 
      microseconds.
| irandom = 1, using AMBER's internal random number generator (default).
 
|--------------------- INFORMATION ----------------------
| GPU (CUDA) Version of PMEMD in use: NVIDIA GPU IN USE.
|                    Version 18.0.0
| 
|                      03/25/2018
| 
| Implementation by:
|                    Ross C. Walker     (SDSC)
|                    Scott Le Grand     (nVIDIA)
| 
| Version 18 performance extensions by:
|                    David Cerutti     (Rutgers)
| 
| Precision model in use:
|      [SPFP] - Single Precision Forces, 64-bit Fixed Point
|               Accumulation. (Default)
| 
|--------------------------------------------------------
 
|----------------- CITATION INFORMATION -----------------
|
|    When publishing work that utilized the CUDA version
|    of AMBER, please cite the following in addition to
|    the regular AMBER citations:
|
|  - Romelia Salomon-Ferrer; Andreas W. Goetz; Duncan
|    Poole; Scott Le Grand; Ross C. Walker "Routine
|    microsecond molecular dynamics simulations with
|    AMBER - Part II: Particle Mesh Ewald", J. Chem.
|    Theory Comput., 2013, 9 (9), pp3878-3888,
|    DOI: 10.1021/ct400314y.
|
|  - Andreas W. Goetz; Mark J. Williamson; Dong Xu;
|    Duncan Poole; Scott Le Grand; Ross C. Walker
|    "Routine microsecond molecular dynamics simulations
|    with AMBER - Part I: Generalized Born", J. Chem.
|    Theory Comput., 2012, 8 (5), pp1542-1555.
|
|  - Scott Le Grand; Andreas W. Goetz; Ross C. Walker
|    "SPFP: Speed without compromise - a mixed precision
|    model for GPU accelerated molecular dynamics
|    simulations.", Comp. Phys. Comm., 2013, 184
|    pp374-380, DOI: 10.1016/j.cpc.2012.09.022
|
|    When publishing work that utilized the CUDA version
|    of TI, BAR, MBAR or FEP please cite the following 
|    three publications in addition to the regular AMBER 
|    GPU citations:
|
|  - Daniel J. Mermelstein; Charles Lin; Gard Nelson; 
|    Rachael Kretsch; J. Andrew McCammon; Ross C. Walker
|    "Fast and Flexible GPU Accelerated Binding 
|    Free Energy Calculations within the AMBER Molecular
|    Dynamics Package" J. Comp. Chem., 2018,
|    DOI: 10.1002/jcc.25187
|
|  - Tai-Sung Lee; Yuan Hu; Brad Sherborne; Zhuyan Guo;
|    Darrin M. York
|    "Toward Fast and Accurate Binding Affinity Prediction with
|    pmemdGTI: An Efficient Implementation of GPU-Accelerated
|    Thermodynamic Integration"
|    J. Chem. Theory Comput., 2017, 13 (7), 3077
|
|
|--------------------------------------------------------
 
|------------------- GPU DEVICE INFO --------------------
|
|            CUDA_VISIBLE_DEVICES: 0
|   CUDA Capable Devices Detected:      1
|           CUDA Device ID in use:      0
|                CUDA Device Name: Tesla K80
|     CUDA Device Global Mem Size:  12206 MB
| CUDA Device Num Multiprocessors:     13
|           CUDA Device Core Freq:   0.82 GHz
|
|--------------------------------------------------------
 
 
| Conditional Compilation Defines Used:
| PUBFFT
| BINTRAJ
| CUDA
| EMIL

| Largest sphere to fit in unit cell has radius =    27.375

| New format PARM file being parsed.
| Version =    1.000 Date = 05/26/20 Time = 15:44:31

| Note: 1-4 EEL scale factors are being read from the topology file.

| Note: 1-4 VDW scale factors are being read from the topology file.
| Duplicated    0 dihedrals

| Duplicated    0 dihedrals

--------------------------------------------------------------------------------
   1.  RESOURCE   USE: 
--------------------------------------------------------------------------------

 getting box info from netcdf restart file
 NATOM  =   20967 NTYPES =       6 NBONH =   20959 MBONA  =       6
 NTHETH =      32 MTHETA =       4 NPHIH =      40 MPHIA  =       2
 NHPARM =       0 NPARM  =       0 NNB   =   28026 NRES   =    6983
 NBONA  =       6 NTHETA =       4 NPHIA =       2 NUMBND =       6
 NUMANG =       6 NPTRA  =       2 NATYP =       6 NPHB   =       1
 IFBOX  =       2 NMXRS  =      12 IFCAP =       0 NEXTRA =       0
 NCOPY  =       0

| Coordinate Index Table dimensions:    10   10   10
| Direct force subcell size =     6.7054    6.7054    6.7054

     BOX TYPE: TRUNCATED OCTAHEDRON

--------------------------------------------------------------------------------
   2.  CONTROL  DATA  FOR  THE  RUN
--------------------------------------------------------------------------------

default_name                                                                    

General flags:
     imin    =       0, nmropt  =       1

Nature and format of input:
     ntx     =       1, irest   =       0, ntrx    =       1

Nature and format of output:
     ntxo    =       2, ntpr    =    5000, ntrx    =       1, ntwr    =    5000
     iwrap   =       0, ntwx    =   10000, ntwv    =       0, ntwe    =       0
     ioutfm  =       1, ntwprt  =       0, idecomp =       0, rbornstat=      0

Potential function:
     ntf     =       2, ntb     =       1, igb     =       0, nsnb    =      25
     ipol    =       0, gbsa    =       0, iesp    =       0
     dielc   =   1.00000, cut     =  10.00000, intdiel =   1.00000

Frozen or restrained atoms:
     ibelly  =       0, ntr     =       0

Molecular dynamics:
     nstlim  =    100000, nscm    =      1000, nrespa  =         1
     t       =   0.00000, dt      =   0.00200, vlimit  =  -1.00000

Langevin dynamics temperature regulation:
     ig      =  943381
     temp0   = 300.00000, tempi   =   0.00000, gamma_ln=   2.00000

SHAKE:
     ntc     =       2, jfastw  =       0
     tol     =   0.00001

NMR refinement options:
     iscale  =       0, noeskp  =       1, ipnlty  =       1, mxsub   =       1
     scalm   = 100.00000, pencut  =   0.10000, tausw   =   0.10000

Free energy options:
     icfe    =       1, ifsc    =       0, klambda =       1
     clambda =  0.3161, scalpha =  0.5000, scbeta  = 12.0000
     sceeorder =       2
     dynlmb =  0.0000 logdvdl =       0

| Intermolecular bonds treatment:
|     no_intermolecular_bonds =       1

| Energy averages sample interval:
|     ene_avg_sampling =    5000

Ewald parameters:
     verbose =       0, ew_type =       0, nbflag  =       1, use_pme =       1
     vdwmeth =       1, eedmeth =       1, netfrc  =       1
     Box X =   67.054   Box Y =   67.054   Box Z =   67.054
     Alpha =  109.471   Beta  =  109.471   Gamma =  109.471
     NFFT1 =   64       NFFT2 =   64       NFFT3 =   64
     Cutoff=   10.000   Tol   =0.100E-04
     Ewald Coefficient =  0.27511
     Interpolation order =    4
     TI Mask 1 :1; matches     12 atoms
     TI Mask 2 :2; matches     12 atoms
     TI region 1:   20955 atoms
     TI region 2:   20955 atoms
Removing charge of      -0.6664 from atom      13
Removing charge of      -0.6664 from atom      14
Removing charge of      -0.0664 from atom      15
Removing charge of      -0.0664 from atom      16
Removing charge of       0.2792 from atom      17
Removing charge of       0.2802 from atom      18
Removing charge of       0.2802 from atom      19
Removing charge of       0.2792 from atom      20
Removing charge of       0.0898 from atom      21
Removing charge of       0.0837 from atom      22
Removing charge of       0.0898 from atom      23
Removing charge of       0.0837 from atom      24
Total charge of  -0.00000000 removed from      12 atoms
     Checking for mismatched coordinates.

--------------------------------------------------------------------------------
   3.  ATOMIC COORDINATES AND VELOCITIES
--------------------------------------------------------------------------------

default_name                                                                    
 begin time read from input coords =     0.000 ps



           Begin reading energy term weight changes/NMR restraints
 WEIGHT CHANGES:
 TEMP0         0  90000    0.000000  300.000000      0      0
 TEMP0     90001 100000  300.000000  300.000000      0      0
 DUMPFREQ  10000      0    0.000000    0.000000      0      0

 RESTRAINTS:
                          ** No restraint defined **

                  Done reading weight changes/NMR restraints


 
 Number of triangulated 3-point waters found:     6981

     Sum of charges for TI region  1 =  -0.00000000
     Forcing neutrality...


     Sum of charges for TI region  2 =   0.00000000
     Forcing neutrality...

| Dynamic Memory, Types Used:
| Reals              919400
| Integers           798257

| Nonbonded Pairs Initial Allocation:     6341993

| GPU memory information (estimate):
| KB of GPU memory in use:         0
| KB of CPU memory in use:         0

--------------------------------------------------------------------------------
   4.  RESULTS
--------------------------------------------------------------------------------


| TI region  1


 NSTEP =        0   TIME(PS) =       0.000  TEMP(K) =     0.00  PRESS =     0.0
 Etot   =    -65216.6839  EKtot   =         0.0000  EPtot      =    -65216.6839
 BOND   =         0.0598  ANGLE   =         0.3689  DIHED      =         0.7460
 1-4 NB =         0.4350  1-4 EEL =        29.3074  VDWAALS    =      5151.0306
 EELEC  =    -70398.6317  EHBOND  =         0.0000  RESTRAINT  =         0.0000
 DV/DL  =       -14.4230
 ------------------------------------------------------------------------------


| TI region  2


 NSTEP =        0   TIME(PS) =       0.000  TEMP(K) =     0.00  PRESS =     0.0
 Etot   =    -65216.6839  EKtot   =         0.0000  EPtot      =    -65216.6839
 BOND   =         0.0598  ANGLE   =         0.3689  DIHED      =         0.7460
 1-4 NB =         0.4350  1-4 EEL =        29.3074  VDWAALS    =      5151.0306
 EELEC  =    -70398.6317  EHBOND  =         0.0000  RESTRAINT  =         0.0000
 DV/DL  =       -14.4230
 ------------------------------------------------------------------------------

 NMR restraints: Bond =    0.000   Angle =     0.000   Torsion =     0.000
===============================================================================

| TI region  1


 NSTEP =     5000   TIME(PS) =      10.000  TEMP(K) =    16.12  PRESS =     0.0
 Etot   =    -82198.1582  EKtot   =       671.5110  EPtot      =    -82869.6693
 BOND   =         0.0446  ANGLE   =         0.3170  DIHED      =         0.4501
 1-4 NB =         0.2710  1-4 EEL =        27.1887  VDWAALS    =     15112.5177
 EELEC  =    -98010.4585  EHBOND  =         0.0000  RESTRAINT  =         0.0000
 DV/DL  =        -0.8287
 ------------------------------------------------------------------------------


| TI region  2


 NSTEP =     5000   TIME(PS) =      10.000  TEMP(K) =    16.12  PRESS =     0.0
 Etot   =    -82198.1582  EKtot   =       671.5110  EPtot      =    -82869.6693
 BOND   =         0.0446  ANGLE   =         0.3170  DIHED      =         0.4501
 1-4 NB =         0.2710  1-4 EEL =        27.1887  VDWAALS    =     15112.5177
 EELEC  =    -98010.4585  EHBOND  =         0.0000  RESTRAINT  =         0.0000
 DV/DL  =        -0.8287
 ------------------------------------------------------------------------------

 NMR restraints: Bond =    0.000   Angle =     0.000   Torsion =     0.000
===============================================================================

| TI region  1


 NSTEP =    10000   TIME(PS) =      20.000  TEMP(K) =    32.93  PRESS =     0.0
 Etot   =    -81063.5530  EKtot   =      1371.1835  EPtot      =    -82434.7365
 BOND   =         0.0287  ANGLE   =         0.5203  DIHED      =         0.2542
 1-4 NB =         0.2925  1-4 EEL =        27.7366  VDWAALS    =     15138.7177
 EELEC  =    -97602.2865  EHBOND  =         0.0000  RESTRAINT  =         0.0000
 DV/DL  =        -1.7662
 ------------------------------------------------------------------------------


| TI region  2


 NSTEP =    10000   TIME(PS) =      20.000  TEMP(K) =    32.93  PRESS =     0.0
 Etot   =    -81063.5530  EKtot   =      1371.1835  EPtot      =    -82434.7365
 BOND   =         0.0287  ANGLE   =         0.5203  DIHED      =         0.2542
 1-4 NB =         0.2925  1-4 EEL =        27.7366  VDWAALS    =     15138.7177
 EELEC  =    -97602.2865  EHBOND  =         0.0000  RESTRAINT  =         0.0000
 DV/DL  =        -1.7662
 ------------------------------------------------------------------------------

 NMR restraints: Bond =    0.000   Angle =     0.000   Torsion =     0.000
===============================================================================

| TI region  1


 NSTEP =    15000   TIME(PS) =      30.000  TEMP(K) =    49.29  PRESS =     0.0
 Etot   =    -79910.6083  EKtot   =      2052.6301  EPtot      =    -81963.2384
 BOND   =         0.1664  ANGLE   =         1.1834  DIHED      =         0.7663
 1-4 NB =         0.1306  1-4 EEL =        25.7057  VDWAALS    =     15113.3064
 EELEC  =    -97104.4972  EHBOND  =         0.0000  RESTRAINT  =         0.0000
 DV/DL  =         1.2734
 ------------------------------------------------------------------------------


| TI region  2


 NSTEP =    15000   TIME(PS) =      30.000  TEMP(K) =    49.29  PRESS =     0.0
 Etot   =    -79910.6083  EKtot   =      2052.6301  EPtot      =    -81963.2384
 BOND   =         0.1664  ANGLE   =         1.1834  DIHED      =         0.7663
 1-4 NB =         0.1306  1-4 EEL =        25.7057  VDWAALS    =     15113.3064
 EELEC  =    -97104.4972  EHBOND  =         0.0000  RESTRAINT  =         0.0000
 DV/DL  =         1.2734
 ------------------------------------------------------------------------------

 NMR restraints: Bond =    0.000   Angle =     0.000   Torsion =     0.000
===============================================================================

| TI region  1


 NSTEP =    20000   TIME(PS) =      40.000  TEMP(K) =    66.11  PRESS =     0.0
 Etot   =    -78729.0326  EKtot   =      2753.3119  EPtot      =    -81482.3444
 BOND   =         0.3511  ANGLE   =         1.2447  DIHED      =         0.1481
 1-4 NB =         0.4908  1-4 EEL =        27.9517  VDWAALS    =     15150.5799
 EELEC  =    -96663.1106  EHBOND  =         0.0000  RESTRAINT  =         0.0000
 DV/DL  =        -1.3123
 ------------------------------------------------------------------------------


| TI region  2


 NSTEP =    20000   TIME(PS) =      40.000  TEMP(K) =    66.11  PRESS =     0.0
 Etot   =    -78729.0326  EKtot   =      2753.3119  EPtot      =    -81482.3444
 BOND   =         0.3511  ANGLE   =         1.2447  DIHED      =         0.1481
 1-4 NB =         0.4908  1-4 EEL =        27.9517  VDWAALS    =     15150.5799
 EELEC  =    -96663.1106  EHBOND  =         0.0000  RESTRAINT  =         0.0000
 DV/DL  =        -1.3123
 ------------------------------------------------------------------------------

 NMR restraints: Bond =    0.000   Angle =     0.000   Torsion =     0.000
===============================================================================

| TI region  1


 NSTEP =    25000   TIME(PS) =      50.000  TEMP(K) =    82.59  PRESS =     0.0
 Etot   =    -77513.1724  EKtot   =      3439.3650  EPtot      =    -80952.5374
 BOND   =         0.1566  ANGLE   =         1.8757  DIHED      =         0.8928
 1-4 NB =         0.1738  1-4 EEL =        26.6662  VDWAALS    =     15146.0409
 EELEC  =    -96128.3433  EHBOND  =         0.0000  RESTRAINT  =         0.0000
 DV/DL  =        -0.9447
 ------------------------------------------------------------------------------


| TI region  2


 NSTEP =    25000   TIME(PS) =      50.000  TEMP(K) =    82.59  PRESS =     0.0
 Etot   =    -77513.1724  EKtot   =      3439.3650  EPtot      =    -80952.5374
 BOND   =         0.1566  ANGLE   =         1.8757  DIHED      =         0.8928
 1-4 NB =         0.1738  1-4 EEL =        26.6662  VDWAALS    =     15146.0409
 EELEC  =    -96128.3433  EHBOND  =         0.0000  RESTRAINT  =         0.0000
 DV/DL  =        -0.9447
 ------------------------------------------------------------------------------

 NMR restraints: Bond =    0.000   Angle =     0.000   Torsion =     0.000
===============================================================================

| TI region  1


 NSTEP =    30000   TIME(PS) =      60.000  TEMP(K) =    99.56  PRESS =     0.0
 Etot   =    -76309.2974  EKtot   =      4146.2841  EPtot      =    -80455.5814
 BOND   =         0.0436  ANGLE   =         1.2430  DIHED      =         0.9185
 1-4 NB =         0.1949  1-4 EEL =        26.6751  VDWAALS    =     14908.0821
 EELEC  =    -95392.7386  EHBOND  =         0.0000  RESTRAINT  =         0.0000
 DV/DL  =        -5.4952
 ------------------------------------------------------------------------------


| TI region  2


 NSTEP =    30000   TIME(PS) =      60.000  TEMP(K) =    99.56  PRESS =     0.0
 Etot   =    -76309.2974  EKtot   =      4146.2841  EPtot      =    -80455.5814
 BOND   =         0.0436  ANGLE   =         1.2430  DIHED      =         0.9185
 1-4 NB =         0.1949  1-4 EEL =        26.6751  VDWAALS    =     14908.0821
 EELEC  =    -95392.7386  EHBOND  =         0.0000  RESTRAINT  =         0.0000
 DV/DL  =        -5.4952
 ------------------------------------------------------------------------------

 NMR restraints: Bond =    0.000   Angle =     0.000   Torsion =     0.000
===============================================================================

| TI region  1


 NSTEP =    35000   TIME(PS) =      70.000  TEMP(K) =   115.47  PRESS =     0.0
 Etot   =    -75015.4542  EKtot   =      4808.8436  EPtot      =    -79824.2977
 BOND   =         0.5115  ANGLE   =         2.6001  DIHED      =         0.9559
 1-4 NB =         0.2008  1-4 EEL =        26.2592  VDWAALS    =     14739.8395
 EELEC  =    -94594.6646  EHBOND  =         0.0000  RESTRAINT  =         0.0000
 DV/DL  =        -3.2845
 ------------------------------------------------------------------------------


| TI region  2


 NSTEP =    35000   TIME(PS) =      70.000  TEMP(K) =   115.47  PRESS =     0.0
 Etot   =    -75015.4542  EKtot   =      4808.8436  EPtot      =    -79824.2977
 BOND   =         0.5115  ANGLE   =         2.6001  DIHED      =         0.9559
 1-4 NB =         0.2008  1-4 EEL =        26.2592  VDWAALS    =     14739.8395
 EELEC  =    -94594.6646  EHBOND  =         0.0000  RESTRAINT  =         0.0000
 DV/DL  =        -3.2845
 ------------------------------------------------------------------------------

 NMR restraints: Bond =    0.000   Angle =     0.000   Torsion =     0.000
===============================================================================

| TI region  1


 NSTEP =    40000   TIME(PS) =      80.000  TEMP(K) =   132.20  PRESS =     0.0
 Etot   =    -73723.3659  EKtot   =      5505.6962  EPtot      =    -79229.0621
 BOND   =         0.8485  ANGLE   =         3.3939  DIHED      =         1.0271
 1-4 NB =         0.2680  1-4 EEL =        27.4449  VDWAALS    =     14665.3457
 EELEC  =    -93927.3902  EHBOND  =         0.0000  RESTRAINT  =         0.0000
 DV/DL  =        -0.6901
 ------------------------------------------------------------------------------


| TI region  2


 NSTEP =    40000   TIME(PS) =      80.000  TEMP(K) =   132.20  PRESS =     0.0
 Etot   =    -73723.3659  EKtot   =      5505.6962  EPtot      =    -79229.0621
 BOND   =         0.8485  ANGLE   =         3.3939  DIHED      =         1.0271
 1-4 NB =         0.2680  1-4 EEL =        27.4449  VDWAALS    =     14665.3457
 EELEC  =    -93927.3902  EHBOND  =         0.0000  RESTRAINT  =         0.0000
 DV/DL  =        -0.6901
 ------------------------------------------------------------------------------

 NMR restraints: Bond =    0.000   Angle =     0.000   Torsion =     0.000
===============================================================================

| TI region  1


 NSTEP =    45000   TIME(PS) =      90.000  TEMP(K) =   150.32  PRESS =     0.0
 Etot   =    -72377.8934  EKtot   =      6260.0912  EPtot      =    -78637.9846
 BOND   =         0.3493  ANGLE   =         1.8620  DIHED      =         0.5014
 1-4 NB =         0.3181  1-4 EEL =        27.3854  VDWAALS    =     14357.4388
 EELEC  =    -93025.8397  EHBOND  =         0.0000  RESTRAINT  =         0.0000
 DV/DL  =        -1.1717
 ------------------------------------------------------------------------------


| TI region  2


 NSTEP =    45000   TIME(PS) =      90.000  TEMP(K) =   150.32  PRESS =     0.0
 Etot   =    -72377.8934  EKtot   =      6260.0912  EPtot      =    -78637.9846
 BOND   =         0.3493  ANGLE   =         1.8620  DIHED      =         0.5014
 1-4 NB =         0.3181  1-4 EEL =        27.3854  VDWAALS    =     14357.4388
 EELEC  =    -93025.8397  EHBOND  =         0.0000  RESTRAINT  =         0.0000
 DV/DL  =        -1.1717
 ------------------------------------------------------------------------------

 NMR restraints: Bond =    0.000   Angle =     0.000   Torsion =     0.000
===============================================================================

| TI region  1


 NSTEP =    50000   TIME(PS) =     100.000  TEMP(K) =   167.79  PRESS =     0.0
 Etot   =    -70821.6280  EKtot   =      6987.8284  EPtot      =    -77809.4564
 BOND   =         0.4341  ANGLE   =         2.6914  DIHED      =         0.2957
 1-4 NB =         0.3286  1-4 EEL =        28.6779  VDWAALS    =     14118.5982
 EELEC  =    -91960.4824  EHBOND  =         0.0000  RESTRAINT  =         0.0000
 DV/DL  =        -2.2266
 ------------------------------------------------------------------------------


| TI region  2


 NSTEP =    50000   TIME(PS) =     100.000  TEMP(K) =   167.79  PRESS =     0.0
 Etot   =    -70821.6280  EKtot   =      6987.8284  EPtot      =    -77809.4564
 BOND   =         0.4341  ANGLE   =         2.6914  DIHED      =         0.2957
 1-4 NB =         0.3286  1-4 EEL =        28.6779  VDWAALS    =     14118.5982
 EELEC  =    -91960.4824  EHBOND  =         0.0000  RESTRAINT  =         0.0000
 DV/DL  =        -2.2266
 ------------------------------------------------------------------------------

 NMR restraints: Bond =    0.000   Angle =     0.000   Torsion =     0.000
===============================================================================

| TI region  1


 NSTEP =    55000   TIME(PS) =     110.000  TEMP(K) =   179.22  PRESS =     0.0
 Etot   =    -69512.2651  EKtot   =      7463.8835  EPtot      =    -76976.1486
 BOND   =         0.3728  ANGLE   =         1.8369  DIHED      =         1.0903
 1-4 NB =         0.2424  1-4 EEL =        28.7308  VDWAALS    =     13918.5486
 EELEC  =    -90926.9704  EHBOND  =         0.0000  RESTRAINT  =         0.0000
 DV/DL  =        -6.9979
 ------------------------------------------------------------------------------


| TI region  2


 NSTEP =    55000   TIME(PS) =     110.000  TEMP(K) =   179.22  PRESS =     0.0
 Etot   =    -69512.2651  EKtot   =      7463.8835  EPtot      =    -76976.1486
 BOND   =         0.3728  ANGLE   =         1.8369  DIHED      =         1.0903
 1-4 NB =         0.2424  1-4 EEL =        28.7308  VDWAALS    =     13918.5486
 EELEC  =    -90926.9704  EHBOND  =         0.0000  RESTRAINT  =         0.0000
 DV/DL  =        -6.9979
 ------------------------------------------------------------------------------

 NMR restraints: Bond =    0.000   Angle =     0.000   Torsion =     0.000
===============================================================================

| TI region  1


 NSTEP =    60000   TIME(PS) =     120.000  TEMP(K) =   199.37  PRESS =     0.0
 Etot   =    -67587.5096  EKtot   =      8302.9332  EPtot      =    -75890.4428
 BOND   =         0.3209  ANGLE   =         3.5381  DIHED      =         1.2192
 1-4 NB =         0.1883  1-4 EEL =        27.9492  VDWAALS    =     13467.6490
 EELEC  =    -89391.3075  EHBOND  =         0.0000  RESTRAINT  =         0.0000
 DV/DL  =        -3.4443
 ------------------------------------------------------------------------------


| TI region  2


 NSTEP =    60000   TIME(PS) =     120.000  TEMP(K) =   199.37  PRESS =     0.0
 Etot   =    -67587.5096  EKtot   =      8302.9332  EPtot      =    -75890.4428
 BOND   =         0.3209  ANGLE   =         3.5381  DIHED      =         1.2192
 1-4 NB =         0.1883  1-4 EEL =        27.9492  VDWAALS    =     13467.6490
 EELEC  =    -89391.3075  EHBOND  =         0.0000  RESTRAINT  =         0.0000
 DV/DL  =        -3.4443
 ------------------------------------------------------------------------------

 NMR restraints: Bond =    0.000   Angle =     0.000   Torsion =     0.000
===============================================================================

| TI region  1


 NSTEP =    65000   TIME(PS) =     130.000  TEMP(K) =   217.14  PRESS =     0.0
 Etot   =    -65238.8293  EKtot   =      9043.0464  EPtot      =    -74281.8757
 BOND   =         0.9992  ANGLE   =         4.0886  DIHED      =         0.5176
 1-4 NB =         0.7933  1-4 EEL =        28.9544  VDWAALS    =     12758.6357
 EELEC  =    -87075.8645  EHBOND  =         0.0000  RESTRAINT  =         0.0000
 DV/DL  =        -0.7455
 ------------------------------------------------------------------------------


| TI region  2


 NSTEP =    65000   TIME(PS) =     130.000  TEMP(K) =   217.14  PRESS =     0.0
 Etot   =    -65238.8293  EKtot   =      9043.0464  EPtot      =    -74281.8757
 BOND   =         0.9992  ANGLE   =         4.0886  DIHED      =         0.5176
 1-4 NB =         0.7933  1-4 EEL =        28.9544  VDWAALS    =     12758.6357
 EELEC  =    -87075.8645  EHBOND  =         0.0000  RESTRAINT  =         0.0000
 DV/DL  =        -0.7455
 ------------------------------------------------------------------------------

 NMR restraints: Bond =    0.000   Angle =     0.000   Torsion =     0.000
===============================================================================

| TI region  1


 NSTEP =    70000   TIME(PS) =     140.000  TEMP(K) =   234.89  PRESS =     0.0
 Etot   =    -62699.9367  EKtot   =      9782.2266  EPtot      =    -72482.1633
 BOND   =         0.5509  ANGLE   =         4.4846  DIHED      =         0.3490
 1-4 NB =         0.1729  1-4 EEL =        27.8833  VDWAALS    =     12067.8351
 EELEC  =    -84583.4391  EHBOND  =         0.0000  RESTRAINT  =         0.0000
 DV/DL  =        -6.2426
 ------------------------------------------------------------------------------


| TI region  2


 NSTEP =    70000   TIME(PS) =     140.000  TEMP(K) =   234.89  PRESS =     0.0
 Etot   =    -62699.9367  EKtot   =      9782.2266  EPtot      =    -72482.1633
 BOND   =         0.5509  ANGLE   =         4.4846  DIHED      =         0.3490
 1-4 NB =         0.1729  1-4 EEL =        27.8833  VDWAALS    =     12067.8351
 EELEC  =    -84583.4391  EHBOND  =         0.0000  RESTRAINT  =         0.0000
 DV/DL  =        -6.2426
 ------------------------------------------------------------------------------

 NMR restraints: Bond =    0.000   Angle =     0.000   Torsion =     0.000
===============================================================================

| TI region  1


 NSTEP =    75000   TIME(PS) =     150.000  TEMP(K) =   248.40  PRESS =     0.0
 Etot   =    -59974.2091  EKtot   =     10344.8075  EPtot      =    -70319.0167
 BOND   =         1.1392  ANGLE   =         3.8797  DIHED      =         1.2954
 1-4 NB =         0.1235  1-4 EEL =        27.1082  VDWAALS    =     11048.7724
 EELEC  =    -81401.3351  EHBOND  =         0.0000  RESTRAINT  =         0.0000
 DV/DL  =        -1.3144
 ------------------------------------------------------------------------------


| TI region  2


 NSTEP =    75000   TIME(PS) =     150.000  TEMP(K) =   248.40  PRESS =     0.0
 Etot   =    -59974.2091  EKtot   =     10344.8075  EPtot      =    -70319.0167
 BOND   =         1.1392  ANGLE   =         3.8797  DIHED      =         1.2954
 1-4 NB =         0.1235  1-4 EEL =        27.1082  VDWAALS    =     11048.7724
 EELEC  =    -81401.3351  EHBOND  =         0.0000  RESTRAINT  =         0.0000
 DV/DL  =        -1.3144
 ------------------------------------------------------------------------------

 NMR restraints: Bond =    0.000   Angle =     0.000   Torsion =     0.000
===============================================================================

| TI region  1


 NSTEP =    80000   TIME(PS) =     160.000  TEMP(K) =   263.01  PRESS =     0.0
 Etot   =    -57815.5981  EKtot   =     10953.1954  EPtot      =    -68768.7935
 BOND   =         0.6961  ANGLE   =         4.0674  DIHED      =         0.8428
 1-4 NB =         0.2539  1-4 EEL =        19.5663  VDWAALS    =     10615.4228
 EELEC  =    -79409.6427  EHBOND  =         0.0000  RESTRAINT  =         0.0000
 DV/DL  =        -3.0953
 ------------------------------------------------------------------------------


| TI region  2


 NSTEP =    80000   TIME(PS) =     160.000  TEMP(K) =   263.01  PRESS =     0.0
 Etot   =    -57815.5981  EKtot   =     10953.1954  EPtot      =    -68768.7935
 BOND   =         0.6961  ANGLE   =         4.0674  DIHED      =         0.8428
 1-4 NB =         0.2539  1-4 EEL =        19.5663  VDWAALS    =     10615.4228
 EELEC  =    -79409.6427  EHBOND  =         0.0000  RESTRAINT  =         0.0000
 DV/DL  =        -3.0953
 ------------------------------------------------------------------------------

 NMR restraints: Bond =    0.000   Angle =     0.000   Torsion =     0.000
===============================================================================

| TI region  1


 NSTEP =    85000   TIME(PS) =     170.000  TEMP(K) =   284.76  PRESS =     0.0
 Etot   =    -55114.3929  EKtot   =     11859.0868  EPtot      =    -66973.4797
 BOND   =         0.1923  ANGLE   =         4.6141  DIHED      =         2.3144
 1-4 NB =         0.1001  1-4 EEL =        19.5394  VDWAALS    =      9972.0261
 EELEC  =    -76972.2661  EHBOND  =         0.0000  RESTRAINT  =         0.0000
 DV/DL  =        -6.9131
 ------------------------------------------------------------------------------


| TI region  2


 NSTEP =    85000   TIME(PS) =     170.000  TEMP(K) =   284.76  PRESS =     0.0
 Etot   =    -55114.3929  EKtot   =     11859.0868  EPtot      =    -66973.4797
 BOND   =         0.1923  ANGLE   =         4.6141  DIHED      =         2.3144
 1-4 NB =         0.1001  1-4 EEL =        19.5394  VDWAALS    =      9972.0261
 EELEC  =    -76972.2661  EHBOND  =         0.0000  RESTRAINT  =         0.0000
 DV/DL  =        -6.9131
 ------------------------------------------------------------------------------

 NMR restraints: Bond =    0.000   Angle =     0.000   Torsion =     0.000
===============================================================================

| TI region  1


 NSTEP =    90000   TIME(PS) =     180.000  TEMP(K) =   300.11  PRESS =     0.0
 Etot   =    -52994.7900  EKtot   =     12498.2512  EPtot      =    -65493.0413
 BOND   =         0.4411  ANGLE   =         7.3077  DIHED      =         1.6873
 1-4 NB =         0.2687  1-4 EEL =        18.8203  VDWAALS    =      9682.7576
 EELEC  =    -75204.3240  EHBOND  =         0.0000  RESTRAINT  =         0.0000
 DV/DL  =        -9.8032
 ------------------------------------------------------------------------------


| TI region  2


 NSTEP =    90000   TIME(PS) =     180.000  TEMP(K) =   300.11  PRESS =     0.0
 Etot   =    -52994.7900  EKtot   =     12498.2512  EPtot      =    -65493.0413
 BOND   =         0.4411  ANGLE   =         7.3077  DIHED      =         1.6873
 1-4 NB =         0.2687  1-4 EEL =        18.8203  VDWAALS    =      9682.7576
 EELEC  =    -75204.3240  EHBOND  =         0.0000  RESTRAINT  =         0.0000
 DV/DL  =        -9.8032
 ------------------------------------------------------------------------------

 NMR restraints: Bond =    0.000   Angle =     0.000   Torsion =     0.000
===============================================================================

| TI region  1


 NSTEP =    95000   TIME(PS) =     190.000  TEMP(K) =   297.10  PRESS =     0.0
 Etot   =    -53048.3097  EKtot   =     12373.0469  EPtot      =    -65421.3566
 BOND   =         0.4281  ANGLE   =         3.2752  DIHED      =         0.4843
 1-4 NB =         0.0427  1-4 EEL =        19.1229  VDWAALS    =      9551.7985
 EELEC  =    -74996.5082  EHBOND  =         0.0000  RESTRAINT  =         0.0000
 DV/DL  =        -2.4012
 ------------------------------------------------------------------------------


| TI region  2


 NSTEP =    95000   TIME(PS) =     190.000  TEMP(K) =   297.10  PRESS =     0.0
 Etot   =    -53048.3097  EKtot   =     12373.0469  EPtot      =    -65421.3566
 BOND   =         0.4281  ANGLE   =         3.2752  DIHED      =         0.4843
 1-4 NB =         0.0427  1-4 EEL =        19.1229  VDWAALS    =      9551.7985
 EELEC  =    -74996.5082  EHBOND  =         0.0000  RESTRAINT  =         0.0000
 DV/DL  =        -2.4012
 ------------------------------------------------------------------------------

 NMR restraints: Bond =    0.000   Angle =     0.000   Torsion =     0.000
===============================================================================

| TI region  1


 NSTEP =   100000   TIME(PS) =     200.000  TEMP(K) =   299.59  PRESS =     0.0
 Etot   =    -53071.1073  EKtot   =     12476.7249  EPtot      =    -65547.8322
 BOND   =         0.7610  ANGLE   =         5.8583  DIHED      =         0.5466
 1-4 NB =         0.2530  1-4 EEL =        18.3762  VDWAALS    =      9602.7714
 EELEC  =    -75176.3987  EHBOND  =         0.0000  RESTRAINT  =         0.0000
 DV/DL  =       -10.2923
 ------------------------------------------------------------------------------


| TI region  2


 NSTEP =   100000   TIME(PS) =     200.000  TEMP(K) =   299.59  PRESS =     0.0
 Etot   =    -53071.1073  EKtot   =     12476.7249  EPtot      =    -65547.8322
 BOND   =         0.7610  ANGLE   =         5.8583  DIHED      =         0.5466
 1-4 NB =         0.2530  1-4 EEL =        18.3762  VDWAALS    =      9602.7714
 EELEC  =    -75176.3987  EHBOND  =         0.0000  RESTRAINT  =         0.0000
 DV/DL  =       -10.2923
 ------------------------------------------------------------------------------

 NMR restraints: Bond =    0.000   Angle =     0.000   Torsion =     0.000
===============================================================================

| TI region  1


      A V E R A G E S   O V E R      20 S T E P S


 NSTEP =   100000   TIME(PS) =     200.000  TEMP(K) =   171.80  PRESS =     0.0
 Etot   =    -68235.9556  EKtot   =      7154.6974  EPtot      =    -75390.6529
 BOND   =         0.4418  ANGLE   =         2.9941  DIHED      =         0.8279
 1-4 NB =         0.2554  1-4 EEL =        25.3871  VDWAALS    =     13056.8342
 EELEC  =    -88477.3934  EHBOND  =         0.0000  RESTRAINT  =         0.0000
 DV/DL  =        -3.3848
 ------------------------------------------------------------------------------

 NMR restraints: Bond =    0.000   Angle =     0.000   Torsion =     0.000
===============================================================================

      R M S  F L U C T U A T I O N S


 NSTEP =   100000   TIME(PS) =     200.000  TEMP(K) =    92.30  PRESS =     0.0
 Etot   =      9850.5800  EKtot   =      3843.9424  EPtot      =      6084.1562
 BOND   =         0.3073  ANGLE   =         1.7626  DIHED      =         0.5152
 1-4 NB =         0.1554  1-4 EEL =         3.7270  VDWAALS    =      2124.7468
 EELEC  =      8201.6134  EHBOND  =         0.0000  RESTRAINT  =         0.0000
 DV/DL  =         3.1141
 ------------------------------------------------------------------------------


| TI region  2


      A V E R A G E S   O V E R      20 S T E P S


 NSTEP =   100000   TIME(PS) =     200.000  TEMP(K) =   171.80  PRESS =     0.0
 Etot   =    -68235.9556  EKtot   =      7154.6974  EPtot      =    -75390.6529
 BOND   =         0.4418  ANGLE   =         2.9941  DIHED      =         0.8279
 1-4 NB =         0.2554  1-4 EEL =        25.3871  VDWAALS    =     13056.8342
 EELEC  =    -88477.3934  EHBOND  =         0.0000  RESTRAINT  =         0.0000
 DV/DL  =        -3.3848
 ------------------------------------------------------------------------------

 NMR restraints: Bond =    0.000   Angle =     0.000   Torsion =     0.000
===============================================================================

      R M S  F L U C T U A T I O N S


 NSTEP =   100000   TIME(PS) =     200.000  TEMP(K) =    92.30  PRESS =     0.0
 Etot   =      9850.5800  EKtot   =      3843.9424  EPtot      =      6084.1562
 BOND   =         0.3073  ANGLE   =         1.7626  DIHED      =         0.5152
 1-4 NB =         0.1554  1-4 EEL =         3.7270  VDWAALS    =      2124.7468
 EELEC  =      8201.6134  EHBOND  =         0.0000  RESTRAINT  =         0.0000
 DV/DL  =         3.1141
 ------------------------------------------------------------------------------


      DV/DL, AVERAGES OVER      20 STEPS


 NSTEP =   100000   TIME(PS) =     200.000  TEMP(K) =    92.30  PRESS =     0.0
 Etot   =         0.0000  EKtot   =         0.0000  EPtot      =        -3.3848
 BOND   =         0.0000  ANGLE   =         0.0000  DIHED      =         0.0000
 1-4 NB =         0.0000  1-4 EEL =       -37.1200  VDWAALS    =         0.0000
 EELEC  =        33.7352  EHBOND  =         0.0000  RESTRAINT  =         0.0000
 DV/DL  =        -3.3848
 ------------------------------------------------------------------------------


 NMR restraints on final step:

--------------------------------------------------------------------------------
   5.  TIMINGS
--------------------------------------------------------------------------------

|  NonSetup CPU Time in Major Routines:
|
|     Routine           Sec        %
|     ------------------------------
|     Nonbond          85.57   33.34
|     Bond              0.00    0.00
|     Angle             0.00    0.00
|     Dihedral          0.00    0.00
|     Shake             0.78    0.30
|     RunMD           169.97   66.24
|     Other             0.30    0.12
|     ------------------------------
|     Total           256.62

|  PME Nonbond Pairlist CPU Time:
|
|     Routine              Sec        %
|     ---------------------------------
|     Set Up Cit           0.00    0.00
|     Build List           0.00    0.00
|     ---------------------------------
|     Total                0.00    0.00

|  PME Direct Force CPU Time:
|
|     Routine              Sec        %
|     ---------------------------------
|     NonBonded Calc       0.00    0.00
|     Exclude Masked       0.00    0.00
|     Other                0.19    0.08
|     ---------------------------------
|     Total                0.19    0.08

|  PME Reciprocal Force CPU Time:
|
|     Routine              Sec        %
|     ---------------------------------
|     1D bspline           0.00    0.00
|     Grid Charges         0.00    0.00
|     Scalar Sum           0.00    0.00
|     Gradient Sum         0.00    0.00
|     FFT                  0.00    0.00
|     ---------------------------------
|     Total                0.00    0.00

|  Final Performance Info:
|     -----------------------------------------------------
|     Average timings for last       1 steps:
|     Elapsed(s) =       0.00 Per Step(ms) =       1.15
|         ns/day =     150.53   seconds/ns =     573.97
|
|     Average timings for all steps:
|     Elapsed(s) =     256.70 Per Step(ms) =       2.57
|         ns/day =      67.32   seconds/ns =    1283.50
|     -----------------------------------------------------

|  Setup CPU time:            0.54 seconds
|  NonSetup CPU time:       256.62 seconds
|  Total CPU time:          257.16 seconds     0.07 hours

|  Setup wall time:           0    seconds
|  NonSetup wall time:      257    seconds
|  Total wall time:         257    seconds     0.07 hours
