
          -------------------------------------------------------
          Amber 18 PMEMD                              2018
          -------------------------------------------------------

| PMEMD implementation of SANDER, Release 18

| Run on 07/30/2020 at 15:51:57

|   Executable path: /opt/software/Amber/18-foss-2018b-AmberTools-19/bin/pmemd.cuda
| Working directory: /mnt/gs18/scratch/users/songlin3/run/ti_en/tip3p_onestep_gas/0.68392
|          Hostname: lac-031

  [-O]verwriting output

File Assignments:
|   MDIN: heat.in                                                               
|  MDOUT: heat.out                                                              
| INPCRD: min.rst                                                               
|   PARM: en_step2_final.prmtop                                                 
| RESTRT: heat.rst                                                              
|   REFC: min.rst                                                               
|  MDVEL: mdvel                                                                 
|   MDEN: mden                                                                  
|  MDCRD: heat.netcdf                                                           
| MDINFO: heat.mdinfo                                                           
|  MDFRC: mdfrc                                                                 


 Here is the input file:

nvt for free MD                                                                
 &cntrl                                                                        
  imin=0,                                                                      
  irest=0,                                                                     
  ntx=1,                                                                       
  ig=-1,                                                                       
  nstlim=200000,                                                               
  dt=0.001,                                                                    
  cut=10.0,                                                                    
  ntc=1,                                                                       
  ntf=1,                                                                       
  ntb=1,                                                                       
  ntt=3,                                                                       
  gamma_ln=2.0,                                                                
  tempi=0.0,                                                                   
  temp0=300.0,                                                                 
  ntpr=5000,                                                                   
  ntwr=5000,                                                                   
  ntwx=10000,                                                                  
  ntwv=0,                                                                      
  ioutfm=1,                                                                    
  iwrap=0,                                                                     
  nmropt=1,                                                                    
  ifsc = 1, icfe=1,                                                            
  clambda=0.68392,                                                             
  timask1=':1', scmask1=':1', scmask2='',                                      
  timask2='',                                                                  
/                                                                              
&wt TYPE='TEMP0', istep1=0, istep2=190000, value1=0.0, value2=300.0 /          
&wt TYPE='TEMP0', istep1=190001, istep2=200000, value1=300.0, value2=300.0 /   
&wt TYPE='DUMPFREQ', istep1=10000, /                                           
&wt TYPE='END', /                                                              


Note: ig = -1. Setting random seed to   559542 based on wallclock time in 
      microseconds.
| irandom = 1, using AMBER's internal random number generator (default).
 
|--------------------- INFORMATION ----------------------
| GPU (CUDA) Version of PMEMD in use: NVIDIA GPU IN USE.
|                    Version 18.0.0
| 
|                      03/25/2018
| 
| Implementation by:
|                    Ross C. Walker     (SDSC)
|                    Scott Le Grand     (nVIDIA)
| 
| Version 18 performance extensions by:
|                    David Cerutti     (Rutgers)
| 
| Precision model in use:
|      [SPFP] - Single Precision Forces, 64-bit Fixed Point
|               Accumulation. (Default)
| 
|--------------------------------------------------------
 
|----------------- CITATION INFORMATION -----------------
|
|    When publishing work that utilized the CUDA version
|    of AMBER, please cite the following in addition to
|    the regular AMBER citations:
|
|  - Romelia Salomon-Ferrer; Andreas W. Goetz; Duncan
|    Poole; Scott Le Grand; Ross C. Walker "Routine
|    microsecond molecular dynamics simulations with
|    AMBER - Part II: Particle Mesh Ewald", J. Chem.
|    Theory Comput., 2013, 9 (9), pp3878-3888,
|    DOI: 10.1021/ct400314y.
|
|  - Andreas W. Goetz; Mark J. Williamson; Dong Xu;
|    Duncan Poole; Scott Le Grand; Ross C. Walker
|    "Routine microsecond molecular dynamics simulations
|    with AMBER - Part I: Generalized Born", J. Chem.
|    Theory Comput., 2012, 8 (5), pp1542-1555.
|
|  - Scott Le Grand; Andreas W. Goetz; Ross C. Walker
|    "SPFP: Speed without compromise - a mixed precision
|    model for GPU accelerated molecular dynamics
|    simulations.", Comp. Phys. Comm., 2013, 184
|    pp374-380, DOI: 10.1016/j.cpc.2012.09.022
|
|    When publishing work that utilized the CUDA version
|    of TI, BAR, MBAR or FEP please cite the following 
|    three publications in addition to the regular AMBER 
|    GPU citations:
|
|  - Daniel J. Mermelstein; Charles Lin; Gard Nelson; 
|    Rachael Kretsch; J. Andrew McCammon; Ross C. Walker
|    "Fast and Flexible GPU Accelerated Binding 
|    Free Energy Calculations within the AMBER Molecular
|    Dynamics Package" J. Comp. Chem., 2018,
|    DOI: 10.1002/jcc.25187
|
|  - Tai-Sung Lee; Yuan Hu; Brad Sherborne; Zhuyan Guo;
|    Darrin M. York
|    "Toward Fast and Accurate Binding Affinity Prediction with
|    pmemdGTI: An Efficient Implementation of GPU-Accelerated
|    Thermodynamic Integration"
|    J. Chem. Theory Comput., 2017, 13 (7), 3077
|
|
|--------------------------------------------------------
 
|------------------- GPU DEVICE INFO --------------------
|
|            CUDA_VISIBLE_DEVICES: 0
|   CUDA Capable Devices Detected:      1
|           CUDA Device ID in use:      0
|                CUDA Device Name: Tesla K80
|     CUDA Device Global Mem Size:  12206 MB
| CUDA Device Num Multiprocessors:     13
|           CUDA Device Core Freq:   0.82 GHz
|
|--------------------------------------------------------
 
 
| Conditional Compilation Defines Used:
| PUBFFT
| BINTRAJ
| CUDA
| EMIL

| Largest sphere to fit in unit cell has radius =    27.375

| New format PARM file being parsed.
| Version =    1.000 Date = 07/20/20 Time = 14:57:51

| Note: 1-4 EEL scale factors are being read from the topology file.

| Note: 1-4 VDW scale factors are being read from the topology file.
| Duplicated    0 dihedrals

| Duplicated    0 dihedrals

--------------------------------------------------------------------------------
   1.  RESOURCE   USE: 
--------------------------------------------------------------------------------

 getting box info from netcdf restart file
 NATOM  =      12 NTYPES =       6 NBONH =       8 MBONA  =       3
 NTHETH =      16 MTHETA =       2 NPHIH =      20 MPHIA  =       1
 NHPARM =       0 NPARM  =       0 NNB   =      51 NRES   =       1
 NBONA  =       3 NTHETA =       2 NPHIA =       1 NUMBND =       4
 NUMANG =       6 NPTRA  =       2 NATYP =       6 NPHB   =       1
 IFBOX  =       2 NMXRS  =      12 IFCAP =       0 NEXTRA =       0
 NCOPY  =       0

| Coordinate Index Table dimensions:    10   10   10
| Direct force subcell size =     6.7054    6.7054    6.7054

     BOX TYPE: TRUNCATED OCTAHEDRON

--------------------------------------------------------------------------------
   2.  CONTROL  DATA  FOR  THE  RUN
--------------------------------------------------------------------------------

default_name                                                                    

General flags:
     imin    =       0, nmropt  =       1

Nature and format of input:
     ntx     =       1, irest   =       0, ntrx    =       1

Nature and format of output:
     ntxo    =       2, ntpr    =    5000, ntrx    =       1, ntwr    =    5000
     iwrap   =       0, ntwx    =   10000, ntwv    =       0, ntwe    =       0
     ioutfm  =       1, ntwprt  =       0, idecomp =       0, rbornstat=      0

Potential function:
     ntf     =       1, ntb     =       1, igb     =       0, nsnb    =      25
     ipol    =       0, gbsa    =       0, iesp    =       0
     dielc   =   1.00000, cut     =  10.00000, intdiel =   1.00000

Frozen or restrained atoms:
     ibelly  =       0, ntr     =       0

Molecular dynamics:
     nstlim  =    200000, nscm    =      1000, nrespa  =         1
     t       =   0.00000, dt      =   0.00100, vlimit  =  -1.00000

Langevin dynamics temperature regulation:
     ig      =  559542
     temp0   = 300.00000, tempi   =   0.00000, gamma_ln=   2.00000

NMR refinement options:
     iscale  =       0, noeskp  =       1, ipnlty  =       1, mxsub   =       1
     scalm   = 100.00000, pencut  =   0.10000, tausw   =   0.10000

Free energy options:
     icfe    =       1, ifsc    =       1, klambda =       1
     clambda =  0.6839, scalpha =  0.5000, scbeta  = 12.0000
     sceeorder =       2
     dynlmb =  0.0000 logdvdl =       0

| Intermolecular bonds treatment:
|     no_intermolecular_bonds =       1

| Energy averages sample interval:
|     ene_avg_sampling =    5000

Ewald parameters:
     verbose =       0, ew_type =       0, nbflag  =       1, use_pme =       1
     vdwmeth =       1, eedmeth =       1, netfrc  =       1
     Box X =   67.054   Box Y =   67.054   Box Z =   67.054
     Alpha =  109.471   Beta  =  109.471   Gamma =  109.471
     NFFT1 =   64       NFFT2 =   64       NFFT3 =   64
     Cutoff=   10.000   Tol   =0.100E-04
     Ewald Coefficient =  0.27511
     Interpolation order =    4
     TI Mask 1 :1; matches     12 atoms
     TI Mask 2  matches      0 atoms
     TI region 1:      12 atoms
     TI region 2:       0 atoms
     SC Mask 1 :1; matches     12 atoms

--------------------------------------------------------------------------------
   3.  ATOMIC COORDINATES AND VELOCITIES
--------------------------------------------------------------------------------

default_name                                                                    
 begin time read from input coords =     0.000 ps



           Begin reading energy term weight changes/NMR restraints
 WEIGHT CHANGES:
 TEMP0         0 190000    0.000000  300.000000      0      0
 TEMP0    190001 200000  300.000000  300.000000      0      0
 DUMPFREQ  10000      0    0.000000    0.000000      0      0

 RESTRAINTS:
                          ** No restraint defined **

                  Done reading weight changes/NMR restraints


 
 Number of triangulated 3-point waters found:        0
 Number of shake restraints removed in TI region  1 :        0
 Number of shake restraints removed in TI region  2 :        0

     Sum of charges for TI region  1 =  -0.00000000
     Forcing neutrality...


     Sum of charges for TI region  2 =   0.00000000
     Forcing neutrality...

| Dynamic Memory, Types Used:
| Reals              144045
| Integers             1225

| Nonbonded Pairs Initial Allocation:        3629

| GPU memory information (estimate):
| KB of GPU memory in use:         0
| KB of CPU memory in use:         0

--------------------------------------------------------------------------------
   4.  RESULTS
--------------------------------------------------------------------------------

   DOF for the SC part  1 of the system:   36

| TI region  1


 NSTEP =        0   TIME(PS) =       0.000  TEMP(K) =     0.00  PRESS =     0.0
 Etot   =        -0.0004  EKtot   =         0.0000  EPtot      =        -0.0004
 BOND   =         0.0000  ANGLE   =         0.0000  DIHED      =         0.0000
 1-4 NB =         0.0000  1-4 EEL =         0.0000  VDWAALS    =        -0.0000
 EELEC  =        -0.0004  EHBOND  =         0.0000  RESTRAINT  =         0.0000
 DV/DL  =         0.0013
 ------------------------------------------------------------------------------

  Softcore part of the system:      12 atoms,       TEMP(K)    =           0.00
 SC_Etot=        13.8015  SC_EKtot=         0.0000  SC_EPtot   =        13.8015
 SC_BOND=         0.0444  SC_ANGLE=         0.1434  SC_DIHED   =         0.3280
 SC_14NB=         0.4103  SC_14EEL=        40.4520  SC_VDW     =        -0.0883
 SC_EEL =       -27.4883
 SC_RES_DIST=     0.0000  SC_RES_ANG=       0.0000  SC_RES_TORS=         0.0000
 SC_EEL_DER=      0.0000  SC_VDW_DER=       0.0000  SC_DERIV   =         0.0000
 ------------------------------------------------------------------------------


| TI region  2


 NSTEP =        0   TIME(PS) =       0.000  TEMP(K) =      NaN  PRESS =     0.0
 Etot   =        -0.0004  EKtot   =         0.0000  EPtot      =        -0.0004
 BOND   =         0.0000  ANGLE   =         0.0000  DIHED      =         0.0000
 1-4 NB =         0.0000  1-4 EEL =         0.0000  VDWAALS    =        -0.0000
 EELEC  =        -0.0004  EHBOND  =         0.0000  RESTRAINT  =         0.0000
 DV/DL  =         0.0013
 ------------------------------------------------------------------------------

 NMR restraints: Bond =    0.000   Angle =     0.000   Torsion =     0.000
===============================================================================

| TI region  1


 NSTEP =     5000   TIME(PS) =       5.000  TEMP(K) =     2.79  PRESS =     0.0
 Etot   =         0.1000  EKtot   =         0.1000  EPtot      =         0.0000
 BOND   =        -0.0000  ANGLE   =        -0.0000  DIHED      =         0.0000
 1-4 NB =         0.0000  1-4 EEL =        -0.0000  VDWAALS    =        -0.0000
 EELEC  =         0.0001  EHBOND  =         0.0000  RESTRAINT  =         0.0000
 DV/DL  =        -0.0001
 ------------------------------------------------------------------------------

  Softcore part of the system:      12 atoms,       TEMP(K)    =           2.79
 SC_Etot=        14.1245  SC_EKtot=         0.1000  SC_EPtot   =        14.0245
 SC_BOND=         0.1652  SC_ANGLE=         0.2749  SC_DIHED   =         0.3018
 SC_14NB=         0.3134  SC_14EEL=        39.8922  SC_VDW     =        -0.0838
 SC_EEL =       -26.8390
 SC_RES_DIST=     0.0000  SC_RES_ANG=       0.0000  SC_RES_TORS=         0.0000
 SC_EEL_DER=      0.0000  SC_VDW_DER=       0.0000  SC_DERIV   =         0.0000
 ------------------------------------------------------------------------------


| TI region  2


 NSTEP =     5000   TIME(PS) =       5.000  TEMP(K) =-Infinity  PRESS =     0.0
 Etot   =         0.0000  EKtot   =        -0.0000  EPtot      =         0.0000
 BOND   =        -0.0000  ANGLE   =        -0.0000  DIHED      =         0.0000
 1-4 NB =         0.0000  1-4 EEL =        -0.0000  VDWAALS    =        -0.0000
 EELEC  =         0.0001  EHBOND  =         0.0000  RESTRAINT  =         0.0000
 DV/DL  =        -0.0001
 ------------------------------------------------------------------------------

 NMR restraints: Bond =    0.000   Angle =     0.000   Torsion =     0.000
===============================================================================

| TI region  1


 NSTEP =    10000   TIME(PS) =      10.000  TEMP(K) =    14.85  PRESS =     0.0
 Etot   =         0.5311  EKtot   =         0.5312  EPtot      =        -0.0000
 BOND   =         0.0000  ANGLE   =        -0.0000  DIHED      =         0.0000
 1-4 NB =         0.0000  1-4 EEL =         0.0000  VDWAALS    =        -0.0000
 EELEC  =         0.0000  EHBOND  =         0.0000  RESTRAINT  =         0.0000
 DV/DL  =         0.0001
 ------------------------------------------------------------------------------

  Softcore part of the system:      12 atoms,       TEMP(K)    =          14.85
 SC_Etot=        14.8625  SC_EKtot=         0.5312  SC_EPtot   =        14.3313
 SC_BOND=         0.2166  SC_ANGLE=         0.4618  SC_DIHED   =         0.4691
 SC_14NB=         0.4700  SC_14EEL=        40.6082  SC_VDW     =        -0.0931
 SC_EEL =       -27.8014
 SC_RES_DIST=     0.0000  SC_RES_ANG=       0.0000  SC_RES_TORS=         0.0000
 SC_EEL_DER=      0.0000  SC_VDW_DER=       0.0000  SC_DERIV   =         0.0000
 ------------------------------------------------------------------------------


| TI region  2


 NSTEP =    10000   TIME(PS) =      10.000  TEMP(K) = Infinity  PRESS =     0.0
 Etot   =        -0.0000  EKtot   =         0.0000  EPtot      =        -0.0000
 BOND   =         0.0000  ANGLE   =        -0.0000  DIHED      =         0.0000
 1-4 NB =         0.0000  1-4 EEL =         0.0000  VDWAALS    =        -0.0000
 EELEC  =         0.0000  EHBOND  =         0.0000  RESTRAINT  =         0.0000
 DV/DL  =         0.0001
 ------------------------------------------------------------------------------

 NMR restraints: Bond =    0.000   Angle =     0.000   Torsion =     0.000
===============================================================================

| TI region  1


 NSTEP =    15000   TIME(PS) =      15.000  TEMP(K) =    20.14  PRESS =     0.0
 Etot   =         0.7200  EKtot   =         0.7203  EPtot      =        -0.0003
 BOND   =        -0.0000  ANGLE   =         0.0000  DIHED      =        -0.0000
 1-4 NB =         0.0000  1-4 EEL =         0.0000  VDWAALS    =        -0.0000
 EELEC  =        -0.0002  EHBOND  =         0.0000  RESTRAINT  =         0.0000
 DV/DL  =         0.0009
 ------------------------------------------------------------------------------

  Softcore part of the system:      12 atoms,       TEMP(K)    =          20.14
 SC_Etot=        15.0221  SC_EKtot=         0.7203  SC_EPtot   =        14.3017
 SC_BOND=         0.2039  SC_ANGLE=         0.4496  SC_DIHED   =         0.3752
 SC_14NB=         0.7181  SC_14EEL=        41.9646  SC_VDW     =        -0.0972
 SC_EEL =       -29.3125
 SC_RES_DIST=     0.0000  SC_RES_ANG=       0.0000  SC_RES_TORS=         0.0000
 SC_EEL_DER=      0.0000  SC_VDW_DER=       0.0000  SC_DERIV   =         0.0000
 ------------------------------------------------------------------------------


| TI region  2


 NSTEP =    15000   TIME(PS) =      15.000  TEMP(K) = Infinity  PRESS =     0.0
 Etot   =        -0.0003  EKtot   =         0.0000  EPtot      =        -0.0003
 BOND   =        -0.0000  ANGLE   =         0.0000  DIHED      =        -0.0000
 1-4 NB =         0.0000  1-4 EEL =         0.0000  VDWAALS    =        -0.0000
 EELEC  =        -0.0002  EHBOND  =         0.0000  RESTRAINT  =         0.0000
 DV/DL  =         0.0009
 ------------------------------------------------------------------------------

 NMR restraints: Bond =    0.000   Angle =     0.000   Torsion =     0.000
===============================================================================

| TI region  1


 NSTEP =    20000   TIME(PS) =      20.000  TEMP(K) =    27.27  PRESS =     0.0
 Etot   =         0.9751  EKtot   =         0.9756  EPtot      =        -0.0005
 BOND   =        -0.0000  ANGLE   =        -0.0000  DIHED      =        -0.0000
 1-4 NB =         0.0000  1-4 EEL =         0.0000  VDWAALS    =        -0.0000
 EELEC  =        -0.0005  EHBOND  =         0.0000  RESTRAINT  =         0.0000
 DV/DL  =         0.0016
 ------------------------------------------------------------------------------

  Softcore part of the system:      12 atoms,       TEMP(K)    =          27.27
 SC_Etot=        15.6929  SC_EKtot=         0.9756  SC_EPtot   =        14.7173
 SC_BOND=         0.5513  SC_ANGLE=         0.5126  SC_DIHED   =         0.1470
 SC_14NB=         0.6691  SC_14EEL=        41.2086  SC_VDW     =        -0.0952
 SC_EEL =       -28.2761
 SC_RES_DIST=     0.0000  SC_RES_ANG=       0.0000  SC_RES_TORS=         0.0000
 SC_EEL_DER=      0.0000  SC_VDW_DER=       0.0000  SC_DERIV   =         0.0000
 ------------------------------------------------------------------------------


| TI region  2


 NSTEP =    20000   TIME(PS) =      20.000  TEMP(K) = Infinity  PRESS =     0.0
 Etot   =        -0.0005  EKtot   =         0.0000  EPtot      =        -0.0005
 BOND   =        -0.0000  ANGLE   =        -0.0000  DIHED      =        -0.0000
 1-4 NB =         0.0000  1-4 EEL =         0.0000  VDWAALS    =        -0.0000
 EELEC  =        -0.0005  EHBOND  =         0.0000  RESTRAINT  =         0.0000
 DV/DL  =         0.0016
 ------------------------------------------------------------------------------

 NMR restraints: Bond =    0.000   Angle =     0.000   Torsion =     0.000
===============================================================================

| TI region  1


 NSTEP =    25000   TIME(PS) =      25.000  TEMP(K) =    34.22  PRESS =     0.0
 Etot   =         1.2233  EKtot   =         1.2241  EPtot      =        -0.0008
 BOND   =         0.0000  ANGLE   =        -0.0000  DIHED      =         0.0000
 1-4 NB =         0.0000  1-4 EEL =        -0.0000  VDWAALS    =        -0.0000
 EELEC  =        -0.0007  EHBOND  =         0.0000  RESTRAINT  =         0.0000
 DV/DL  =         0.0024
 ------------------------------------------------------------------------------

  Softcore part of the system:      12 atoms,       TEMP(K)    =          34.22
 SC_Etot=        15.8874  SC_EKtot=         1.2241  SC_EPtot   =        14.6633
 SC_BOND=         0.3383  SC_ANGLE=         0.5579  SC_DIHED   =         0.6342
 SC_14NB=         0.6157  SC_14EEL=        39.7094  SC_VDW     =        -0.0958
 SC_EEL =       -27.0964
 SC_RES_DIST=     0.0000  SC_RES_ANG=       0.0000  SC_RES_TORS=         0.0000
 SC_EEL_DER=      0.0000  SC_VDW_DER=       0.0000  SC_DERIV   =         0.0000
 ------------------------------------------------------------------------------


| TI region  2


 NSTEP =    25000   TIME(PS) =      25.000  TEMP(K) = Infinity  PRESS =     0.0
 Etot   =        -0.0008  EKtot   =         0.0000  EPtot      =        -0.0008
 BOND   =         0.0000  ANGLE   =        -0.0000  DIHED      =         0.0000
 1-4 NB =         0.0000  1-4 EEL =        -0.0000  VDWAALS    =        -0.0000
 EELEC  =        -0.0007  EHBOND  =         0.0000  RESTRAINT  =         0.0000
 DV/DL  =         0.0024
 ------------------------------------------------------------------------------

 NMR restraints: Bond =    0.000   Angle =     0.000   Torsion =     0.000
===============================================================================

| TI region  1


 NSTEP =    30000   TIME(PS) =      30.000  TEMP(K) =    62.46  PRESS =     0.0
 Etot   =         2.2338  EKtot   =         2.2340  EPtot      =        -0.0002
 BOND   =         0.0000  ANGLE   =         0.0000  DIHED      =        -0.0000
 1-4 NB =         0.0000  1-4 EEL =         0.0000  VDWAALS    =        -0.0000
 EELEC  =        -0.0002  EHBOND  =         0.0000  RESTRAINT  =         0.0000
 DV/DL  =         0.0007
 ------------------------------------------------------------------------------

  Softcore part of the system:      12 atoms,       TEMP(K)    =          62.46
 SC_Etot=        18.6059  SC_EKtot=         2.2340  SC_EPtot   =        16.3719
 SC_BOND=         1.1945  SC_ANGLE=         1.5818  SC_DIHED   =         0.8751
 SC_14NB=         0.2613  SC_14EEL=        38.7731  SC_VDW     =        -0.0845
 SC_EEL =       -26.2294
 SC_RES_DIST=     0.0000  SC_RES_ANG=       0.0000  SC_RES_TORS=         0.0000
 SC_EEL_DER=      0.0000  SC_VDW_DER=       0.0000  SC_DERIV   =         0.0000
 ------------------------------------------------------------------------------


| TI region  2


 NSTEP =    30000   TIME(PS) =      30.000  TEMP(K) =-Infinity  PRESS =     0.0
 Etot   =        -0.0002  EKtot   =        -0.0000  EPtot      =        -0.0002
 BOND   =         0.0000  ANGLE   =         0.0000  DIHED      =        -0.0000
 1-4 NB =         0.0000  1-4 EEL =         0.0000  VDWAALS    =        -0.0000
 EELEC  =        -0.0002  EHBOND  =         0.0000  RESTRAINT  =         0.0000
 DV/DL  =         0.0007
 ------------------------------------------------------------------------------

 NMR restraints: Bond =    0.000   Angle =     0.000   Torsion =     0.000
===============================================================================

| TI region  1


 NSTEP =    35000   TIME(PS) =      35.000  TEMP(K) =    35.78  PRESS =     0.0
 Etot   =         1.2794  EKtot   =         1.2799  EPtot      =        -0.0004
 BOND   =        -0.0000  ANGLE   =         0.0000  DIHED      =        -0.0000
 1-4 NB =         0.0000  1-4 EEL =        -0.0000  VDWAALS    =        -0.0000
 EELEC  =        -0.0004  EHBOND  =         0.0000  RESTRAINT  =         0.0000
 DV/DL  =         0.0014
 ------------------------------------------------------------------------------

  Softcore part of the system:      12 atoms,       TEMP(K)    =          35.78
 SC_Etot=        17.2512  SC_EKtot=         1.2799  SC_EPtot   =        15.9713
 SC_BOND=         1.4545  SC_ANGLE=         0.9920  SC_DIHED   =         0.2535
 SC_14NB=         0.3272  SC_14EEL=        41.0330  SC_VDW     =        -0.0891
 SC_EEL =       -27.9998
 SC_RES_DIST=     0.0000  SC_RES_ANG=       0.0000  SC_RES_TORS=         0.0000
 SC_EEL_DER=      0.0000  SC_VDW_DER=       0.0000  SC_DERIV   =         0.0000
 ------------------------------------------------------------------------------


| TI region  2


 NSTEP =    35000   TIME(PS) =      35.000  TEMP(K) = Infinity  PRESS =     0.0
 Etot   =        -0.0004  EKtot   =         0.0000  EPtot      =        -0.0004
 BOND   =        -0.0000  ANGLE   =         0.0000  DIHED      =        -0.0000
 1-4 NB =         0.0000  1-4 EEL =        -0.0000  VDWAALS    =        -0.0000
 EELEC  =        -0.0004  EHBOND  =         0.0000  RESTRAINT  =         0.0000
 DV/DL  =         0.0014
 ------------------------------------------------------------------------------

 NMR restraints: Bond =    0.000   Angle =     0.000   Torsion =     0.000
===============================================================================

| TI region  1


 NSTEP =    40000   TIME(PS) =      40.000  TEMP(K) =    68.22  PRESS =     0.0
 Etot   =         2.4400  EKtot   =         2.4402  EPtot      =        -0.0002
 BOND   =        -0.0000  ANGLE   =         0.0000  DIHED      =        -0.0000
 1-4 NB =         0.0000  1-4 EEL =         0.0000  VDWAALS    =        -0.0000
 EELEC  =        -0.0001  EHBOND  =         0.0000  RESTRAINT  =         0.0000
 DV/DL  =         0.0005
 ------------------------------------------------------------------------------

  Softcore part of the system:      12 atoms,       TEMP(K)    =          68.22
 SC_Etot=        18.0471  SC_EKtot=         2.4402  SC_EPtot   =        15.6070
 SC_BOND=         0.7436  SC_ANGLE=         1.1952  SC_DIHED   =         0.0909
 SC_14NB=         0.4133  SC_14EEL=        40.4310  SC_VDW     =        -0.0831
 SC_EEL =       -27.1839
 SC_RES_DIST=     0.0000  SC_RES_ANG=       0.0000  SC_RES_TORS=         0.0000
 SC_EEL_DER=      0.0000  SC_VDW_DER=       0.0000  SC_DERIV   =         0.0000
 ------------------------------------------------------------------------------


| TI region  2


 NSTEP =    40000   TIME(PS) =      40.000  TEMP(K) =-Infinity  PRESS =     0.0
 Etot   =        -0.0002  EKtot   =        -0.0000  EPtot      =        -0.0002
 BOND   =        -0.0000  ANGLE   =         0.0000  DIHED      =        -0.0000
 1-4 NB =         0.0000  1-4 EEL =         0.0000  VDWAALS    =        -0.0000
 EELEC  =        -0.0001  EHBOND  =         0.0000  RESTRAINT  =         0.0000
 DV/DL  =         0.0005
 ------------------------------------------------------------------------------

 NMR restraints: Bond =    0.000   Angle =     0.000   Torsion =     0.000
===============================================================================

| TI region  1


 NSTEP =    45000   TIME(PS) =      45.000  TEMP(K) =    37.60  PRESS =     0.0
 Etot   =         1.3447  EKtot   =         1.3449  EPtot      =        -0.0002
 BOND   =         0.0000  ANGLE   =         0.0000  DIHED      =        -0.0000
 1-4 NB =         0.0000  1-4 EEL =        -0.0000  VDWAALS    =        -0.0000
 EELEC  =        -0.0002  EHBOND  =         0.0000  RESTRAINT  =         0.0000
 DV/DL  =         0.0007
 ------------------------------------------------------------------------------

  Softcore part of the system:      12 atoms,       TEMP(K)    =          37.60
 SC_Etot=        17.4478  SC_EKtot=         1.3449  SC_EPtot   =        16.1028
 SC_BOND=         1.2720  SC_ANGLE=         1.0276  SC_DIHED   =         0.6894
 SC_14NB=         0.5253  SC_14EEL=        41.1391  SC_VDW     =        -0.0935
 SC_EEL =       -28.4571
 SC_RES_DIST=     0.0000  SC_RES_ANG=       0.0000  SC_RES_TORS=         0.0000
 SC_EEL_DER=      0.0000  SC_VDW_DER=       0.0000  SC_DERIV   =         0.0000
 ------------------------------------------------------------------------------


| TI region  2


 NSTEP =    45000   TIME(PS) =      45.000  TEMP(K) = Infinity  PRESS =     0.0
 Etot   =        -0.0002  EKtot   =         0.0000  EPtot      =        -0.0002
 BOND   =         0.0000  ANGLE   =         0.0000  DIHED      =        -0.0000
 1-4 NB =         0.0000  1-4 EEL =        -0.0000  VDWAALS    =        -0.0000
 EELEC  =        -0.0002  EHBOND  =         0.0000  RESTRAINT  =         0.0000
 DV/DL  =         0.0007
 ------------------------------------------------------------------------------

 NMR restraints: Bond =    0.000   Angle =     0.000   Torsion =     0.000
===============================================================================

| TI region  1


 NSTEP =    50000   TIME(PS) =      50.000  TEMP(K) =    72.09  PRESS =     0.0
 Etot   =         2.5785  EKtot   =         2.5785  EPtot      =        -0.0001
 BOND   =         0.0000  ANGLE   =         0.0000  DIHED      =        -0.0000
 1-4 NB =         0.0000  1-4 EEL =         0.0000  VDWAALS    =        -0.0000
 EELEC  =        -0.0000  EHBOND  =         0.0000  RESTRAINT  =         0.0000
 DV/DL  =         0.0002
 ------------------------------------------------------------------------------

  Softcore part of the system:      12 atoms,       TEMP(K)    =          72.09
 SC_Etot=        18.8301  SC_EKtot=         2.5785  SC_EPtot   =        16.2516
 SC_BOND=         0.7277  SC_ANGLE=         1.6620  SC_DIHED   =         0.9301
 SC_14NB=         0.3246  SC_14EEL=        38.3050  SC_VDW     =        -0.0780
 SC_EEL =       -25.6198
 SC_RES_DIST=     0.0000  SC_RES_ANG=       0.0000  SC_RES_TORS=         0.0000
 SC_EEL_DER=      0.0000  SC_VDW_DER=       0.0000  SC_DERIV   =         0.0000
 ------------------------------------------------------------------------------


| TI region  2


 NSTEP =    50000   TIME(PS) =      50.000  TEMP(K) = Infinity  PRESS =     0.0
 Etot   =        -0.0001  EKtot   =         0.0000  EPtot      =        -0.0001
 BOND   =         0.0000  ANGLE   =         0.0000  DIHED      =        -0.0000
 1-4 NB =         0.0000  1-4 EEL =         0.0000  VDWAALS    =        -0.0000
 EELEC  =        -0.0000  EHBOND  =         0.0000  RESTRAINT  =         0.0000
 DV/DL  =         0.0002
 ------------------------------------------------------------------------------

 NMR restraints: Bond =    0.000   Angle =     0.000   Torsion =     0.000
===============================================================================

| TI region  1


 NSTEP =    55000   TIME(PS) =      55.000  TEMP(K) =    87.80  PRESS =     0.0
 Etot   =         3.1405  EKtot   =         3.1404  EPtot      =         0.0001
 BOND   =        -0.0000  ANGLE   =         0.0000  DIHED      =         0.0000
 1-4 NB =         0.0000  1-4 EEL =         0.0000  VDWAALS    =        -0.0000
 EELEC  =         0.0001  EHBOND  =         0.0000  RESTRAINT  =         0.0000
 DV/DL  =        -0.0003
 ------------------------------------------------------------------------------

  Softcore part of the system:      12 atoms,       TEMP(K)    =          87.80
 SC_Etot=        19.7238  SC_EKtot=         3.1404  SC_EPtot   =        16.5835
 SC_BOND=         0.6159  SC_ANGLE=         2.0400  SC_DIHED   =         0.8018
 SC_14NB=         0.7384  SC_14EEL=        41.2755  SC_VDW     =        -0.0999
 SC_EEL =       -28.7882
 SC_RES_DIST=     0.0000  SC_RES_ANG=       0.0000  SC_RES_TORS=         0.0000
 SC_EEL_DER=      0.0000  SC_VDW_DER=       0.0000  SC_DERIV   =         0.0000
 ------------------------------------------------------------------------------


| TI region  2


 NSTEP =    55000   TIME(PS) =      55.000  TEMP(K) = Infinity  PRESS =     0.0
 Etot   =         0.0001  EKtot   =         0.0000  EPtot      =         0.0001
 BOND   =        -0.0000  ANGLE   =         0.0000  DIHED      =         0.0000
 1-4 NB =         0.0000  1-4 EEL =         0.0000  VDWAALS    =        -0.0000
 EELEC  =         0.0001  EHBOND  =         0.0000  RESTRAINT  =         0.0000
 DV/DL  =        -0.0003
 ------------------------------------------------------------------------------

 NMR restraints: Bond =    0.000   Angle =     0.000   Torsion =     0.000
===============================================================================

| TI region  1


 NSTEP =    60000   TIME(PS) =      60.000  TEMP(K) =    69.97  PRESS =     0.0
 Etot   =         2.5027  EKtot   =         2.5027  EPtot      =        -0.0001
 BOND   =        -0.0000  ANGLE   =        -0.0000  DIHED      =         0.0000
 1-4 NB =         0.0000  1-4 EEL =        -0.0000  VDWAALS    =        -0.0000
 EELEC  =        -0.0000  EHBOND  =         0.0000  RESTRAINT  =         0.0000
 DV/DL  =         0.0002
 ------------------------------------------------------------------------------

  Softcore part of the system:      12 atoms,       TEMP(K)    =          69.97
 SC_Etot=        19.5463  SC_EKtot=         2.5027  SC_EPtot   =        17.0435
 SC_BOND=         1.1539  SC_ANGLE=         1.9670  SC_DIHED   =         0.1265
 SC_14NB=         0.1798  SC_14EEL=        40.2028  SC_VDW     =        -0.0809
 SC_EEL =       -26.5056
 SC_RES_DIST=     0.0000  SC_RES_ANG=       0.0000  SC_RES_TORS=         0.0000
 SC_EEL_DER=      0.0000  SC_VDW_DER=       0.0000  SC_DERIV   =         0.0000
 ------------------------------------------------------------------------------


| TI region  2


 NSTEP =    60000   TIME(PS) =      60.000  TEMP(K) =-Infinity  PRESS =     0.0
 Etot   =        -0.0001  EKtot   =        -0.0000  EPtot      =        -0.0001
 BOND   =        -0.0000  ANGLE   =        -0.0000  DIHED      =         0.0000
 1-4 NB =         0.0000  1-4 EEL =        -0.0000  VDWAALS    =        -0.0000
 EELEC  =        -0.0000  EHBOND  =         0.0000  RESTRAINT  =         0.0000
 DV/DL  =         0.0002
 ------------------------------------------------------------------------------

 NMR restraints: Bond =    0.000   Angle =     0.000   Torsion =     0.000
===============================================================================

| TI region  1


 NSTEP =    65000   TIME(PS) =      65.000  TEMP(K) =    99.49  PRESS =     0.0
 Etot   =         3.5587  EKtot   =         3.5586  EPtot      =         0.0001
 BOND   =        -0.0000  ANGLE   =         0.0000  DIHED      =         0.0000
 1-4 NB =         0.0000  1-4 EEL =         0.0000  VDWAALS    =        -0.0000
 EELEC  =         0.0001  EHBOND  =         0.0000  RESTRAINT  =         0.0000
 DV/DL  =        -0.0001
 ------------------------------------------------------------------------------

  Softcore part of the system:      12 atoms,       TEMP(K)    =          99.49
 SC_Etot=        19.4305  SC_EKtot=         3.5586  SC_EPtot   =        15.8719
 SC_BOND=         0.7247  SC_ANGLE=         1.3358  SC_DIHED   =         0.0898
 SC_14NB=         0.2783  SC_14EEL=        40.4146  SC_VDW     =        -0.0811
 SC_EEL =       -26.8903
 SC_RES_DIST=     0.0000  SC_RES_ANG=       0.0000  SC_RES_TORS=         0.0000
 SC_EEL_DER=      0.0000  SC_VDW_DER=       0.0000  SC_DERIV   =         0.0000
 ------------------------------------------------------------------------------


| TI region  2


 NSTEP =    65000   TIME(PS) =      65.000  TEMP(K) = Infinity  PRESS =     0.0
 Etot   =         0.0001  EKtot   =         0.0000  EPtot      =         0.0001
 BOND   =        -0.0000  ANGLE   =         0.0000  DIHED      =         0.0000
 1-4 NB =         0.0000  1-4 EEL =         0.0000  VDWAALS    =        -0.0000
 EELEC  =         0.0001  EHBOND  =         0.0000  RESTRAINT  =         0.0000
 DV/DL  =        -0.0001
 ------------------------------------------------------------------------------

 NMR restraints: Bond =    0.000   Angle =     0.000   Torsion =     0.000
===============================================================================

| TI region  1


 NSTEP =    70000   TIME(PS) =      70.000  TEMP(K) =   131.71  PRESS =     0.0
 Etot   =         4.7109  EKtot   =         4.7113  EPtot      =        -0.0004
 BOND   =        -0.0000  ANGLE   =        -0.0000  DIHED      =        -0.0000
 1-4 NB =         0.0000  1-4 EEL =         0.0000  VDWAALS    =        -0.0000
 EELEC  =        -0.0003  EHBOND  =         0.0000  RESTRAINT  =         0.0000
 DV/DL  =         0.0012
 ------------------------------------------------------------------------------

  Softcore part of the system:      12 atoms,       TEMP(K)    =         131.71
 SC_Etot=        23.8715  SC_EKtot=         4.7113  SC_EPtot   =        19.1602
 SC_BOND=         2.2687  SC_ANGLE=         2.6186  SC_DIHED   =         1.0116
 SC_14NB=         1.0102  SC_14EEL=        42.6917  SC_VDW     =        -0.0960
 SC_EEL =       -30.3447
 SC_RES_DIST=     0.0000  SC_RES_ANG=       0.0000  SC_RES_TORS=         0.0000
 SC_EEL_DER=      0.0000  SC_VDW_DER=       0.0000  SC_DERIV   =         0.0000
 ------------------------------------------------------------------------------


| TI region  2


 NSTEP =    70000   TIME(PS) =      70.000  TEMP(K) = Infinity  PRESS =     0.0
 Etot   =        -0.0004  EKtot   =         0.0000  EPtot      =        -0.0004
 BOND   =        -0.0000  ANGLE   =        -0.0000  DIHED      =        -0.0000
 1-4 NB =         0.0000  1-4 EEL =         0.0000  VDWAALS    =        -0.0000
 EELEC  =        -0.0003  EHBOND  =         0.0000  RESTRAINT  =         0.0000
 DV/DL  =         0.0012
 ------------------------------------------------------------------------------

 NMR restraints: Bond =    0.000   Angle =     0.000   Torsion =     0.000
===============================================================================

| TI region  1


 NSTEP =    75000   TIME(PS) =      75.000  TEMP(K) =   138.02  PRESS =     0.0
 Etot   =         4.9371  EKtot   =         4.9370  EPtot      =         0.0001
 BOND   =        -0.0000  ANGLE   =        -0.0000  DIHED      =        -0.0000
 1-4 NB =         0.0000  1-4 EEL =        -0.0000  VDWAALS    =        -0.0000
 EELEC  =         0.0001  EHBOND  =         0.0000  RESTRAINT  =         0.0000
 DV/DL  =        -0.0003
 ------------------------------------------------------------------------------

  Softcore part of the system:      12 atoms,       TEMP(K)    =         138.02
 SC_Etot=        21.9586  SC_EKtot=         4.9370  SC_EPtot   =        17.0215
 SC_BOND=         0.8923  SC_ANGLE=         1.8643  SC_DIHED   =         0.0596
 SC_14NB=         0.6933  SC_14EEL=        42.4597  SC_VDW     =        -0.0906
 SC_EEL =       -28.8571
 SC_RES_DIST=     0.0000  SC_RES_ANG=       0.0000  SC_RES_TORS=         0.0000
 SC_EEL_DER=      0.0000  SC_VDW_DER=       0.0000  SC_DERIV   =         0.0000
 ------------------------------------------------------------------------------


| TI region  2


 NSTEP =    75000   TIME(PS) =      75.000  TEMP(K) = Infinity  PRESS =     0.0
 Etot   =         0.0001  EKtot   =         0.0000  EPtot      =         0.0001
 BOND   =        -0.0000  ANGLE   =        -0.0000  DIHED      =        -0.0000
 1-4 NB =         0.0000  1-4 EEL =        -0.0000  VDWAALS    =        -0.0000
 EELEC  =         0.0001  EHBOND  =         0.0000  RESTRAINT  =         0.0000
 DV/DL  =        -0.0003
 ------------------------------------------------------------------------------

 NMR restraints: Bond =    0.000   Angle =     0.000   Torsion =     0.000
===============================================================================

| TI region  1


 NSTEP =    80000   TIME(PS) =      80.000  TEMP(K) =   104.93  PRESS =     0.0
 Etot   =         3.7527  EKtot   =         3.7533  EPtot      =        -0.0006
 BOND   =         0.0000  ANGLE   =         0.0000  DIHED      =         0.0000
 1-4 NB =         0.0000  1-4 EEL =         0.0000  VDWAALS    =        -0.0000
 EELEC  =        -0.0005  EHBOND  =         0.0000  RESTRAINT  =         0.0000
 DV/DL  =         0.0018
 ------------------------------------------------------------------------------

  Softcore part of the system:      12 atoms,       TEMP(K)    =         104.93
 SC_Etot=        23.5367  SC_EKtot=         3.7533  SC_EPtot   =        19.7834
 SC_BOND=         2.7116  SC_ANGLE=         2.6271  SC_DIHED   =         0.8221
 SC_14NB=         0.4065  SC_14EEL=        39.5503  SC_VDW     =        -0.0833
 SC_EEL =       -26.2508
 SC_RES_DIST=     0.0000  SC_RES_ANG=       0.0000  SC_RES_TORS=         0.0000
 SC_EEL_DER=      0.0000  SC_VDW_DER=       0.0000  SC_DERIV   =         0.0000
 ------------------------------------------------------------------------------


| TI region  2


 NSTEP =    80000   TIME(PS) =      80.000  TEMP(K) = Infinity  PRESS =     0.0
 Etot   =        -0.0006  EKtot   =         0.0000  EPtot      =        -0.0006
 BOND   =         0.0000  ANGLE   =         0.0000  DIHED      =         0.0000
 1-4 NB =         0.0000  1-4 EEL =         0.0000  VDWAALS    =        -0.0000
 EELEC  =        -0.0005  EHBOND  =         0.0000  RESTRAINT  =         0.0000
 DV/DL  =         0.0018
 ------------------------------------------------------------------------------

 NMR restraints: Bond =    0.000   Angle =     0.000   Torsion =     0.000
===============================================================================

| TI region  1


 NSTEP =    85000   TIME(PS) =      85.000  TEMP(K) =   157.98  PRESS =     0.0
 Etot   =         5.6503  EKtot   =         5.6507  EPtot      =        -0.0004
 BOND   =         0.0000  ANGLE   =        -0.0000  DIHED      =         0.0000
 1-4 NB =         0.0000  1-4 EEL =         0.0000  VDWAALS    =        -0.0000
 EELEC  =        -0.0004  EHBOND  =         0.0000  RESTRAINT  =         0.0000
 DV/DL  =         0.0013
 ------------------------------------------------------------------------------

  Softcore part of the system:      12 atoms,       TEMP(K)    =         157.98
 SC_Etot=        23.8317  SC_EKtot=         5.6507  SC_EPtot   =        18.1810
 SC_BOND=         2.5687  SC_ANGLE=         2.2225  SC_DIHED   =         0.4807
 SC_14NB=         0.6498  SC_14EEL=        41.0889  SC_VDW     =        -0.0953
 SC_EEL =       -28.7344
 SC_RES_DIST=     0.0000  SC_RES_ANG=       0.0000  SC_RES_TORS=         0.0000
 SC_EEL_DER=      0.0000  SC_VDW_DER=       0.0000  SC_DERIV   =         0.0000
 ------------------------------------------------------------------------------


| TI region  2


 NSTEP =    85000   TIME(PS) =      85.000  TEMP(K) =-Infinity  PRESS =     0.0
 Etot   =        -0.0004  EKtot   =        -0.0000  EPtot      =        -0.0004
 BOND   =         0.0000  ANGLE   =        -0.0000  DIHED      =         0.0000
 1-4 NB =         0.0000  1-4 EEL =         0.0000  VDWAALS    =        -0.0000
 EELEC  =        -0.0004  EHBOND  =         0.0000  RESTRAINT  =         0.0000
 DV/DL  =         0.0013
 ------------------------------------------------------------------------------

 NMR restraints: Bond =    0.000   Angle =     0.000   Torsion =     0.000
===============================================================================

| TI region  1


 NSTEP =    90000   TIME(PS) =      90.000  TEMP(K) =   105.30  PRESS =     0.0
 Etot   =         3.7663  EKtot   =         3.7665  EPtot      =        -0.0002
 BOND   =        -0.0000  ANGLE   =         0.0000  DIHED      =        -0.0000
 1-4 NB =         0.0000  1-4 EEL =         0.0000  VDWAALS    =        -0.0000
 EELEC  =        -0.0001  EHBOND  =         0.0000  RESTRAINT  =         0.0000
 DV/DL  =         0.0006
 ------------------------------------------------------------------------------

  Softcore part of the system:      12 atoms,       TEMP(K)    =         105.30
 SC_Etot=        20.8274  SC_EKtot=         3.7665  SC_EPtot   =        17.0610
 SC_BOND=         1.0391  SC_ANGLE=         2.2415  SC_DIHED   =         0.5203
 SC_14NB=         0.6445  SC_14EEL=        41.2035  SC_VDW     =        -0.0933
 SC_EEL =       -28.4946
 SC_RES_DIST=     0.0000  SC_RES_ANG=       0.0000  SC_RES_TORS=         0.0000
 SC_EEL_DER=      0.0000  SC_VDW_DER=       0.0000  SC_DERIV   =         0.0000
 ------------------------------------------------------------------------------


| TI region  2


 NSTEP =    90000   TIME(PS) =      90.000  TEMP(K) = Infinity  PRESS =     0.0
 Etot   =        -0.0002  EKtot   =         0.0000  EPtot      =        -0.0002
 BOND   =        -0.0000  ANGLE   =         0.0000  DIHED      =        -0.0000
 1-4 NB =         0.0000  1-4 EEL =         0.0000  VDWAALS    =        -0.0000
 EELEC  =        -0.0001  EHBOND  =         0.0000  RESTRAINT  =         0.0000
 DV/DL  =         0.0006
 ------------------------------------------------------------------------------

 NMR restraints: Bond =    0.000   Angle =     0.000   Torsion =     0.000
===============================================================================

| TI region  1


 NSTEP =    95000   TIME(PS) =      95.000  TEMP(K) =   170.36  PRESS =     0.0
 Etot   =         6.0936  EKtot   =         6.0937  EPtot      =        -0.0001
 BOND   =         0.0000  ANGLE   =        -0.0000  DIHED      =        -0.0000
 1-4 NB =         0.0000  1-4 EEL =         0.0000  VDWAALS    =        -0.0000
 EELEC  =        -0.0001  EHBOND  =         0.0000  RESTRAINT  =         0.0000
 DV/DL  =         0.0003
 ------------------------------------------------------------------------------

  Softcore part of the system:      12 atoms,       TEMP(K)    =         170.36
 SC_Etot=        22.6068  SC_EKtot=         6.0937  SC_EPtot   =        16.5131
 SC_BOND=         1.3057  SC_ANGLE=         1.1424  SC_DIHED   =         0.4565
 SC_14NB=         0.3991  SC_14EEL=        40.4493  SC_VDW     =        -0.0762
 SC_EEL =       -27.1638
 SC_RES_DIST=     0.0000  SC_RES_ANG=       0.0000  SC_RES_TORS=         0.0000
 SC_EEL_DER=      0.0000  SC_VDW_DER=       0.0000  SC_DERIV   =         0.0000
 ------------------------------------------------------------------------------


| TI region  2


 NSTEP =    95000   TIME(PS) =      95.000  TEMP(K) = Infinity  PRESS =     0.0
 Etot   =        -0.0001  EKtot   =         0.0000  EPtot      =        -0.0001
 BOND   =         0.0000  ANGLE   =        -0.0000  DIHED      =        -0.0000
 1-4 NB =         0.0000  1-4 EEL =         0.0000  VDWAALS    =        -0.0000
 EELEC  =        -0.0001  EHBOND  =         0.0000  RESTRAINT  =         0.0000
 DV/DL  =         0.0003
 ------------------------------------------------------------------------------

 NMR restraints: Bond =    0.000   Angle =     0.000   Torsion =     0.000
===============================================================================

| TI region  1


 NSTEP =   100000   TIME(PS) =     100.000  TEMP(K) =   102.85  PRESS =     0.0
 Etot   =         3.6786  EKtot   =         3.6788  EPtot      =        -0.0002
 BOND   =         0.0000  ANGLE   =        -0.0000  DIHED      =        -0.0000
 1-4 NB =         0.0000  1-4 EEL =         0.0000  VDWAALS    =        -0.0000
 EELEC  =        -0.0002  EHBOND  =         0.0000  RESTRAINT  =         0.0000
 DV/DL  =         0.0006
 ------------------------------------------------------------------------------

  Softcore part of the system:      12 atoms,       TEMP(K)    =         102.85
 SC_Etot=        22.8933  SC_EKtot=         3.6788  SC_EPtot   =        19.2145
 SC_BOND=         1.7597  SC_ANGLE=         2.7537  SC_DIHED   =         0.8966
 SC_14NB=         0.7798  SC_14EEL=        40.5477  SC_VDW     =        -0.0923
 SC_EEL =       -27.4306
 SC_RES_DIST=     0.0000  SC_RES_ANG=       0.0000  SC_RES_TORS=         0.0000
 SC_EEL_DER=      0.0000  SC_VDW_DER=       0.0000  SC_DERIV   =         0.0000
 ------------------------------------------------------------------------------


| TI region  2


 NSTEP =   100000   TIME(PS) =     100.000  TEMP(K) = Infinity  PRESS =     0.0
 Etot   =        -0.0002  EKtot   =         0.0000  EPtot      =        -0.0002
 BOND   =         0.0000  ANGLE   =        -0.0000  DIHED      =        -0.0000
 1-4 NB =         0.0000  1-4 EEL =         0.0000  VDWAALS    =        -0.0000
 EELEC  =        -0.0002  EHBOND  =         0.0000  RESTRAINT  =         0.0000
 DV/DL  =         0.0006
 ------------------------------------------------------------------------------

 NMR restraints: Bond =    0.000   Angle =     0.000   Torsion =     0.000
===============================================================================

| TI region  1


 NSTEP =   105000   TIME(PS) =     105.000  TEMP(K) =   181.46  PRESS =     0.0
 Etot   =         6.4902  EKtot   =         6.4906  EPtot      =        -0.0004
 BOND   =         0.0000  ANGLE   =        -0.0000  DIHED      =        -0.0000
 1-4 NB =         0.0000  1-4 EEL =         0.0000  VDWAALS    =        -0.0000
 EELEC  =        -0.0003  EHBOND  =         0.0000  RESTRAINT  =         0.0000
 DV/DL  =         0.0013
 ------------------------------------------------------------------------------

  Softcore part of the system:      12 atoms,       TEMP(K)    =         181.46
 SC_Etot=        25.1237  SC_EKtot=         6.4906  SC_EPtot   =        18.6331
 SC_BOND=         2.3157  SC_ANGLE=         2.2328  SC_DIHED   =         1.3370
 SC_14NB=         0.3034  SC_14EEL=        38.7528  SC_VDW     =        -0.0855
 SC_EEL =       -26.2231
 SC_RES_DIST=     0.0000  SC_RES_ANG=       0.0000  SC_RES_TORS=         0.0000
 SC_EEL_DER=      0.0000  SC_VDW_DER=       0.0000  SC_DERIV   =         0.0000
 ------------------------------------------------------------------------------


| TI region  2


 NSTEP =   105000   TIME(PS) =     105.000  TEMP(K) = Infinity  PRESS =     0.0
 Etot   =        -0.0004  EKtot   =         0.0000  EPtot      =        -0.0004
 BOND   =         0.0000  ANGLE   =        -0.0000  DIHED      =        -0.0000
 1-4 NB =         0.0000  1-4 EEL =         0.0000  VDWAALS    =        -0.0000
 EELEC  =        -0.0003  EHBOND  =         0.0000  RESTRAINT  =         0.0000
 DV/DL  =         0.0013
 ------------------------------------------------------------------------------

 NMR restraints: Bond =    0.000   Angle =     0.000   Torsion =     0.000
===============================================================================

| TI region  1


 NSTEP =   110000   TIME(PS) =     110.000  TEMP(K) =   222.43  PRESS =     0.0
 Etot   =         7.9558  EKtot   =         7.9561  EPtot      =        -0.0003
 BOND   =        -0.0000  ANGLE   =         0.0000  DIHED      =        -0.0000
 1-4 NB =         0.0000  1-4 EEL =         0.0000  VDWAALS    =        -0.0000
 EELEC  =        -0.0003  EHBOND  =         0.0000  RESTRAINT  =         0.0000
 DV/DL  =         0.0010
 ------------------------------------------------------------------------------

  Softcore part of the system:      12 atoms,       TEMP(K)    =         222.43
 SC_Etot=        26.5379  SC_EKtot=         7.9561  SC_EPtot   =        18.5819
 SC_BOND=         3.1296  SC_ANGLE=         2.1622  SC_DIHED   =         1.0046
 SC_14NB=         0.7287  SC_14EEL=        39.9348  SC_VDW     =        -0.0928
 SC_EEL =       -28.2853
 SC_RES_DIST=     0.0000  SC_RES_ANG=       0.0000  SC_RES_TORS=         0.0000
 SC_EEL_DER=      0.0000  SC_VDW_DER=       0.0000  SC_DERIV   =         0.0000
 ------------------------------------------------------------------------------


| TI region  2


 NSTEP =   110000   TIME(PS) =     110.000  TEMP(K) = Infinity  PRESS =     0.0
 Etot   =        -0.0003  EKtot   =         0.0000  EPtot      =        -0.0003
 BOND   =        -0.0000  ANGLE   =         0.0000  DIHED      =        -0.0000
 1-4 NB =         0.0000  1-4 EEL =         0.0000  VDWAALS    =        -0.0000
 EELEC  =        -0.0003  EHBOND  =         0.0000  RESTRAINT  =         0.0000
 DV/DL  =         0.0010
 ------------------------------------------------------------------------------

 NMR restraints: Bond =    0.000   Angle =     0.000   Torsion =     0.000
===============================================================================

| TI region  1


 NSTEP =   115000   TIME(PS) =     115.000  TEMP(K) =   115.56  PRESS =     0.0
 Etot   =         4.1332  EKtot   =         4.1337  EPtot      =        -0.0005
 BOND   =         0.0000  ANGLE   =        -0.0000  DIHED      =         0.0000
 1-4 NB =         0.0000  1-4 EEL =        -0.0000  VDWAALS    =        -0.0000
 EELEC  =        -0.0005  EHBOND  =         0.0000  RESTRAINT  =         0.0000
 DV/DL  =         0.0016
 ------------------------------------------------------------------------------

  Softcore part of the system:      12 atoms,       TEMP(K)    =         115.56
 SC_Etot=        24.4268  SC_EKtot=         4.1337  SC_EPtot   =        20.2931
 SC_BOND=         2.0495  SC_ANGLE=         2.9929  SC_DIHED   =         1.3626
 SC_14NB=         0.1457  SC_14EEL=        35.9959  SC_VDW     =        -0.0581
 SC_EEL =       -22.1952
 SC_RES_DIST=     0.0000  SC_RES_ANG=       0.0000  SC_RES_TORS=         0.0000
 SC_EEL_DER=      0.0000  SC_VDW_DER=       0.0000  SC_DERIV   =         0.0000
 ------------------------------------------------------------------------------


| TI region  2


 NSTEP =   115000   TIME(PS) =     115.000  TEMP(K) = Infinity  PRESS =     0.0
 Etot   =        -0.0005  EKtot   =         0.0000  EPtot      =        -0.0005
 BOND   =         0.0000  ANGLE   =        -0.0000  DIHED      =         0.0000
 1-4 NB =         0.0000  1-4 EEL =        -0.0000  VDWAALS    =        -0.0000
 EELEC  =        -0.0005  EHBOND  =         0.0000  RESTRAINT  =         0.0000
 DV/DL  =         0.0016
 ------------------------------------------------------------------------------

 NMR restraints: Bond =    0.000   Angle =     0.000   Torsion =     0.000
===============================================================================

| TI region  1


 NSTEP =   120000   TIME(PS) =     120.000  TEMP(K) =   241.60  PRESS =     0.0
 Etot   =         8.6412  EKtot   =         8.6419  EPtot      =        -0.0007
 BOND   =        -0.0000  ANGLE   =         0.0000  DIHED      =         0.0000
 1-4 NB =         0.0000  1-4 EEL =         0.0000  VDWAALS    =        -0.0000
 EELEC  =        -0.0007  EHBOND  =         0.0000  RESTRAINT  =         0.0000
 DV/DL  =         0.0023
 ------------------------------------------------------------------------------

  Softcore part of the system:      12 atoms,       TEMP(K)    =         241.60
 SC_Etot=        31.1307  SC_EKtot=         8.6419  SC_EPtot   =        22.4888
 SC_BOND=         4.6398  SC_ANGLE=         4.4493  SC_DIHED   =         0.3238
 SC_14NB=         0.1824  SC_14EEL=        39.7776  SC_VDW     =        -0.0827
 SC_EEL =       -26.8015
 SC_RES_DIST=     0.0000  SC_RES_ANG=       0.0000  SC_RES_TORS=         0.0000
 SC_EEL_DER=      0.0000  SC_VDW_DER=       0.0000  SC_DERIV   =         0.0000
 ------------------------------------------------------------------------------


| TI region  2


 NSTEP =   120000   TIME(PS) =     120.000  TEMP(K) = Infinity  PRESS =     0.0
 Etot   =        -0.0007  EKtot   =         0.0000  EPtot      =        -0.0007
 BOND   =        -0.0000  ANGLE   =         0.0000  DIHED      =         0.0000
 1-4 NB =         0.0000  1-4 EEL =         0.0000  VDWAALS    =        -0.0000
 EELEC  =        -0.0007  EHBOND  =         0.0000  RESTRAINT  =         0.0000
 DV/DL  =         0.0023
 ------------------------------------------------------------------------------

 NMR restraints: Bond =    0.000   Angle =     0.000   Torsion =     0.000
===============================================================================

| TI region  1


 NSTEP =   125000   TIME(PS) =     125.000  TEMP(K) =   210.33  PRESS =     0.0
 Etot   =         7.5232  EKtot   =         7.5233  EPtot      =        -0.0002
 BOND   =         0.0000  ANGLE   =        -0.0000  DIHED      =        -0.0000
 1-4 NB =         0.0000  1-4 EEL =         0.0000  VDWAALS    =        -0.0000
 EELEC  =        -0.0001  EHBOND  =         0.0000  RESTRAINT  =         0.0000
 DV/DL  =         0.0006
 ------------------------------------------------------------------------------

  Softcore part of the system:      12 atoms,       TEMP(K)    =         210.33
 SC_Etot=        27.1780  SC_EKtot=         7.5233  SC_EPtot   =        19.6547
 SC_BOND=         1.2417  SC_ANGLE=         4.6047  SC_DIHED   =         0.2232
 SC_14NB=         0.2889  SC_14EEL=        38.9549  SC_VDW     =        -0.0727
 SC_EEL =       -25.5860
 SC_RES_DIST=     0.0000  SC_RES_ANG=       0.0000  SC_RES_TORS=         0.0000
 SC_EEL_DER=      0.0000  SC_VDW_DER=       0.0000  SC_DERIV   =         0.0000
 ------------------------------------------------------------------------------


| TI region  2


 NSTEP =   125000   TIME(PS) =     125.000  TEMP(K) = Infinity  PRESS =     0.0
 Etot   =        -0.0002  EKtot   =         0.0000  EPtot      =        -0.0002
 BOND   =         0.0000  ANGLE   =        -0.0000  DIHED      =        -0.0000
 1-4 NB =         0.0000  1-4 EEL =         0.0000  VDWAALS    =        -0.0000
 EELEC  =        -0.0001  EHBOND  =         0.0000  RESTRAINT  =         0.0000
 DV/DL  =         0.0006
 ------------------------------------------------------------------------------

 NMR restraints: Bond =    0.000   Angle =     0.000   Torsion =     0.000
===============================================================================

| TI region  1


 NSTEP =   130000   TIME(PS) =     130.000  TEMP(K) =   208.30  PRESS =     0.0
 Etot   =         7.4506  EKtot   =         7.4507  EPtot      =        -0.0000
 BOND   =         0.0000  ANGLE   =        -0.0000  DIHED      =        -0.0000
 1-4 NB =         0.0000  1-4 EEL =         0.0000  VDWAALS    =        -0.0000
 EELEC  =         0.0000  EHBOND  =         0.0000  RESTRAINT  =         0.0000
 DV/DL  =         0.0001
 ------------------------------------------------------------------------------

  Softcore part of the system:      12 atoms,       TEMP(K)    =         208.30
 SC_Etot=        27.4549  SC_EKtot=         7.4507  SC_EPtot   =        20.0042
 SC_BOND=         3.3368  SC_ANGLE=         2.8658  SC_DIHED   =         0.2973
 SC_14NB=         0.1822  SC_14EEL=        38.7841  SC_VDW     =        -0.0705
 SC_EEL =       -25.3914
 SC_RES_DIST=     0.0000  SC_RES_ANG=       0.0000  SC_RES_TORS=         0.0000
 SC_EEL_DER=      0.0000  SC_VDW_DER=       0.0000  SC_DERIV   =         0.0000
 ------------------------------------------------------------------------------


| TI region  2


 NSTEP =   130000   TIME(PS) =     130.000  TEMP(K) = Infinity  PRESS =     0.0
 Etot   =        -0.0000  EKtot   =         0.0000  EPtot      =        -0.0000
 BOND   =         0.0000  ANGLE   =        -0.0000  DIHED      =        -0.0000
 1-4 NB =         0.0000  1-4 EEL =         0.0000  VDWAALS    =        -0.0000
 EELEC  =         0.0000  EHBOND  =         0.0000  RESTRAINT  =         0.0000
 DV/DL  =         0.0001
 ------------------------------------------------------------------------------

 NMR restraints: Bond =    0.000   Angle =     0.000   Torsion =     0.000
===============================================================================

| TI region  1


 NSTEP =   135000   TIME(PS) =     135.000  TEMP(K) =   336.27  PRESS =     0.0
 Etot   =        12.0280  EKtot   =        12.0281  EPtot      =        -0.0001
 BOND   =        -0.0000  ANGLE   =         0.0000  DIHED      =         0.0000
 1-4 NB =         0.0000  1-4 EEL =         0.0000  VDWAALS    =        -0.0000
 EELEC  =        -0.0000  EHBOND  =         0.0000  RESTRAINT  =         0.0000
 DV/DL  =         0.0002
 ------------------------------------------------------------------------------

  Softcore part of the system:      12 atoms,       TEMP(K)    =         336.27
 SC_Etot=        30.8936  SC_EKtot=        12.0281  SC_EPtot   =        18.8655
 SC_BOND=         0.4867  SC_ANGLE=         2.3144  SC_DIHED   =         1.9063
 SC_14NB=         0.1959  SC_14EEL=        38.5336  SC_VDW     =        -0.0781
 SC_EEL =       -24.4934
 SC_RES_DIST=     0.0000  SC_RES_ANG=       0.0000  SC_RES_TORS=         0.0000
 SC_EEL_DER=      0.0000  SC_VDW_DER=       0.0000  SC_DERIV   =         0.0000
 ------------------------------------------------------------------------------


| TI region  2


 NSTEP =   135000   TIME(PS) =     135.000  TEMP(K) = Infinity  PRESS =     0.0
 Etot   =        -0.0001  EKtot   =         0.0000  EPtot      =        -0.0001
 BOND   =        -0.0000  ANGLE   =         0.0000  DIHED      =         0.0000
 1-4 NB =         0.0000  1-4 EEL =         0.0000  VDWAALS    =        -0.0000
 EELEC  =        -0.0000  EHBOND  =         0.0000  RESTRAINT  =         0.0000
 DV/DL  =         0.0002
 ------------------------------------------------------------------------------

 NMR restraints: Bond =    0.000   Angle =     0.000   Torsion =     0.000
===============================================================================

| TI region  1


 NSTEP =   140000   TIME(PS) =     140.000  TEMP(K) =   303.90  PRESS =     0.0
 Etot   =        10.8699  EKtot   =        10.8702  EPtot      =        -0.0002
 BOND   =        -0.0000  ANGLE   =         0.0000  DIHED      =         0.0000
 1-4 NB =         0.0000  1-4 EEL =        -0.0000  VDWAALS    =        -0.0000
 EELEC  =        -0.0002  EHBOND  =         0.0000  RESTRAINT  =         0.0000
 DV/DL  =         0.0008
 ------------------------------------------------------------------------------

  Softcore part of the system:      12 atoms,       TEMP(K)    =         303.90
 SC_Etot=        31.9980  SC_EKtot=        10.8702  SC_EPtot   =        21.1278
 SC_BOND=         2.1489  SC_ANGLE=         3.8211  SC_DIHED   =         1.7037
 SC_14NB=         0.7144  SC_14EEL=        37.4633  SC_VDW     =        -0.0791
 SC_EEL =       -24.6445
 SC_RES_DIST=     0.0000  SC_RES_ANG=       0.0000  SC_RES_TORS=         0.0000
 SC_EEL_DER=      0.0000  SC_VDW_DER=       0.0000  SC_DERIV   =         0.0000
 ------------------------------------------------------------------------------


| TI region  2


 NSTEP =   140000   TIME(PS) =     140.000  TEMP(K) =-Infinity  PRESS =     0.0
 Etot   =        -0.0002  EKtot   =        -0.0000  EPtot      =        -0.0002
 BOND   =        -0.0000  ANGLE   =         0.0000  DIHED      =         0.0000
 1-4 NB =         0.0000  1-4 EEL =        -0.0000  VDWAALS    =        -0.0000
 EELEC  =        -0.0002  EHBOND  =         0.0000  RESTRAINT  =         0.0000
 DV/DL  =         0.0008
 ------------------------------------------------------------------------------

 NMR restraints: Bond =    0.000   Angle =     0.000   Torsion =     0.000
===============================================================================

| TI region  1


 NSTEP =   145000   TIME(PS) =     145.000  TEMP(K) =   216.71  PRESS =     0.0
 Etot   =         7.7514  EKtot   =         7.7517  EPtot      =        -0.0002
 BOND   =         0.0000  ANGLE   =         0.0000  DIHED      =        -0.0000
 1-4 NB =         0.0000  1-4 EEL =        -0.0000  VDWAALS    =        -0.0000
 EELEC  =        -0.0002  EHBOND  =         0.0000  RESTRAINT  =         0.0000
 DV/DL  =         0.0007
 ------------------------------------------------------------------------------

  Softcore part of the system:      12 atoms,       TEMP(K)    =         216.71
 SC_Etot=        26.0016  SC_EKtot=         7.7517  SC_EPtot   =        18.2499
 SC_BOND=         3.1892  SC_ANGLE=         1.8149  SC_DIHED   =         0.2786
 SC_14NB=         0.2193  SC_14EEL=        40.0577  SC_VDW     =        -0.0860
 SC_EEL =       -27.2237
 SC_RES_DIST=     0.0000  SC_RES_ANG=       0.0000  SC_RES_TORS=         0.0000
 SC_EEL_DER=      0.0000  SC_VDW_DER=       0.0000  SC_DERIV   =         0.0000
 ------------------------------------------------------------------------------


| TI region  2


 NSTEP =   145000   TIME(PS) =     145.000  TEMP(K) = Infinity  PRESS =     0.0
 Etot   =        -0.0002  EKtot   =         0.0000  EPtot      =        -0.0002
 BOND   =         0.0000  ANGLE   =         0.0000  DIHED      =        -0.0000
 1-4 NB =         0.0000  1-4 EEL =        -0.0000  VDWAALS    =        -0.0000
 EELEC  =        -0.0002  EHBOND  =         0.0000  RESTRAINT  =         0.0000
 DV/DL  =         0.0007
 ------------------------------------------------------------------------------

 NMR restraints: Bond =    0.000   Angle =     0.000   Torsion =     0.000
===============================================================================

| TI region  1


 NSTEP =   150000   TIME(PS) =     150.000  TEMP(K) =   201.69  PRESS =     0.0
 Etot   =         7.2147  EKtot   =         7.2145  EPtot      =         0.0003
 BOND   =         0.0000  ANGLE   =        -0.0000  DIHED      =        -0.0000
 1-4 NB =         0.0000  1-4 EEL =        -0.0000  VDWAALS    =        -0.0000
 EELEC  =         0.0003  EHBOND  =         0.0000  RESTRAINT  =         0.0000
 DV/DL  =        -0.0008
 ------------------------------------------------------------------------------

  Softcore part of the system:      12 atoms,       TEMP(K)    =         201.69
 SC_Etot=        26.8830  SC_EKtot=         7.2145  SC_EPtot   =        19.6685
 SC_BOND=         3.4129  SC_ANGLE=         2.9029  SC_DIHED   =         0.3044
 SC_14NB=         0.2482  SC_14EEL=        28.7540  SC_VDW     =        -0.0355
 SC_EEL =       -15.9183
 SC_RES_DIST=     0.0000  SC_RES_ANG=       0.0000  SC_RES_TORS=         0.0000
 SC_EEL_DER=      0.0000  SC_VDW_DER=       0.0000  SC_DERIV   =         0.0000
 ------------------------------------------------------------------------------


| TI region  2


 NSTEP =   150000   TIME(PS) =     150.000  TEMP(K) = Infinity  PRESS =     0.0
 Etot   =         0.0003  EKtot   =         0.0000  EPtot      =         0.0003
 BOND   =         0.0000  ANGLE   =        -0.0000  DIHED      =        -0.0000
 1-4 NB =         0.0000  1-4 EEL =        -0.0000  VDWAALS    =        -0.0000
 EELEC  =         0.0003  EHBOND  =         0.0000  RESTRAINT  =         0.0000
 DV/DL  =        -0.0008
 ------------------------------------------------------------------------------

 NMR restraints: Bond =    0.000   Angle =     0.000   Torsion =     0.000
===============================================================================

| TI region  1


 NSTEP =   155000   TIME(PS) =     155.000  TEMP(K) =   188.15  PRESS =     0.0
 Etot   =         6.7299  EKtot   =         6.7302  EPtot      =        -0.0003
 BOND   =        -0.0000  ANGLE   =        -0.0000  DIHED      =        -0.0000
 1-4 NB =         0.0000  1-4 EEL =         0.0000  VDWAALS    =        -0.0000
 EELEC  =        -0.0002  EHBOND  =         0.0000  RESTRAINT  =         0.0000
 DV/DL  =         0.0009
 ------------------------------------------------------------------------------

  Softcore part of the system:      12 atoms,       TEMP(K)    =         188.15
 SC_Etot=        26.4105  SC_EKtot=         6.7302  SC_EPtot   =        19.6803
 SC_BOND=         3.1629  SC_ANGLE=         2.3503  SC_DIHED   =         1.0474
 SC_14NB=         0.0852  SC_14EEL=        28.6645  SC_VDW     =        -0.0418
 SC_EEL =       -15.5881
 SC_RES_DIST=     0.0000  SC_RES_ANG=       0.0000  SC_RES_TORS=         0.0000
 SC_EEL_DER=      0.0000  SC_VDW_DER=       0.0000  SC_DERIV   =         0.0000
 ------------------------------------------------------------------------------


| TI region  2


 NSTEP =   155000   TIME(PS) =     155.000  TEMP(K) = Infinity  PRESS =     0.0
 Etot   =        -0.0003  EKtot   =         0.0000  EPtot      =        -0.0003
 BOND   =        -0.0000  ANGLE   =        -0.0000  DIHED      =        -0.0000
 1-4 NB =         0.0000  1-4 EEL =         0.0000  VDWAALS    =        -0.0000
 EELEC  =        -0.0002  EHBOND  =         0.0000  RESTRAINT  =         0.0000
 DV/DL  =         0.0009
 ------------------------------------------------------------------------------

 NMR restraints: Bond =    0.000   Angle =     0.000   Torsion =     0.000
===============================================================================

| TI region  1


 NSTEP =   160000   TIME(PS) =     160.000  TEMP(K) =   262.77  PRESS =     0.0
 Etot   =         9.3990  EKtot   =         9.3991  EPtot      =        -0.0001
 BOND   =         0.0000  ANGLE   =         0.0000  DIHED      =         0.0000
 1-4 NB =         0.0000  1-4 EEL =         0.0000  VDWAALS    =        -0.0000
 EELEC  =        -0.0001  EHBOND  =         0.0000  RESTRAINT  =         0.0000
 DV/DL  =         0.0004
 ------------------------------------------------------------------------------

  Softcore part of the system:      12 atoms,       TEMP(K)    =         262.77
 SC_Etot=        31.3974  SC_EKtot=         9.3991  SC_EPtot   =        21.9984
 SC_BOND=         5.3566  SC_ANGLE=         3.1120  SC_DIHED   =         0.5826
 SC_14NB=         0.0372  SC_14EEL=        28.6175  SC_VDW     =        -0.0414
 SC_EEL =       -15.6662
 SC_RES_DIST=     0.0000  SC_RES_ANG=       0.0000  SC_RES_TORS=         0.0000
 SC_EEL_DER=      0.0000  SC_VDW_DER=       0.0000  SC_DERIV   =         0.0000
 ------------------------------------------------------------------------------


| TI region  2


 NSTEP =   160000   TIME(PS) =     160.000  TEMP(K) = Infinity  PRESS =     0.0
 Etot   =        -0.0001  EKtot   =         0.0000  EPtot      =        -0.0001
 BOND   =         0.0000  ANGLE   =         0.0000  DIHED      =         0.0000
 1-4 NB =         0.0000  1-4 EEL =         0.0000  VDWAALS    =        -0.0000
 EELEC  =        -0.0001  EHBOND  =         0.0000  RESTRAINT  =         0.0000
 DV/DL  =         0.0004
 ------------------------------------------------------------------------------

 NMR restraints: Bond =    0.000   Angle =     0.000   Torsion =     0.000
===============================================================================

| TI region  1


 NSTEP =   165000   TIME(PS) =     165.000  TEMP(K) =   180.55  PRESS =     0.0
 Etot   =         6.4578  EKtot   =         6.4581  EPtot      =        -0.0004
 BOND   =        -0.0000  ANGLE   =        -0.0000  DIHED      =         0.0000
 1-4 NB =         0.0000  1-4 EEL =        -0.0000  VDWAALS    =        -0.0000
 EELEC  =        -0.0003  EHBOND  =         0.0000  RESTRAINT  =         0.0000
 DV/DL  =         0.0011
 ------------------------------------------------------------------------------

  Softcore part of the system:      12 atoms,       TEMP(K)    =         180.55
 SC_Etot=        30.9139  SC_EKtot=         6.4581  SC_EPtot   =        24.4558
 SC_BOND=         5.4412  SC_ANGLE=         5.2776  SC_DIHED   =         0.7190
 SC_14NB=         0.3515  SC_14EEL=        26.3383  SC_VDW     =        -0.0577
 SC_EEL =       -13.6140
 SC_RES_DIST=     0.0000  SC_RES_ANG=       0.0000  SC_RES_TORS=         0.0000
 SC_EEL_DER=      0.0000  SC_VDW_DER=       0.0000  SC_DERIV   =         0.0000
 ------------------------------------------------------------------------------


| TI region  2


 NSTEP =   165000   TIME(PS) =     165.000  TEMP(K) = Infinity  PRESS =     0.0
 Etot   =        -0.0004  EKtot   =         0.0000  EPtot      =        -0.0004
 BOND   =        -0.0000  ANGLE   =        -0.0000  DIHED      =         0.0000
 1-4 NB =         0.0000  1-4 EEL =        -0.0000  VDWAALS    =        -0.0000
 EELEC  =        -0.0003  EHBOND  =         0.0000  RESTRAINT  =         0.0000
 DV/DL  =         0.0011
 ------------------------------------------------------------------------------

 NMR restraints: Bond =    0.000   Angle =     0.000   Torsion =     0.000
===============================================================================

| TI region  1


 NSTEP =   170000   TIME(PS) =     170.000  TEMP(K) =   317.20  PRESS =     0.0
 Etot   =        11.3457  EKtot   =        11.3460  EPtot      =        -0.0002
 BOND   =         0.0000  ANGLE   =         0.0000  DIHED      =         0.0000
 1-4 NB =         0.0000  1-4 EEL =        -0.0000  VDWAALS    =        -0.0000
 EELEC  =        -0.0002  EHBOND  =         0.0000  RESTRAINT  =         0.0000
 DV/DL  =         0.0007
 ------------------------------------------------------------------------------

  Softcore part of the system:      12 atoms,       TEMP(K)    =         317.20
 SC_Etot=        31.4337  SC_EKtot=        11.3460  SC_EPtot   =        20.0877
 SC_BOND=         2.8850  SC_ANGLE=         3.9539  SC_DIHED   =         0.1881
 SC_14NB=         0.2223  SC_14EEL=        27.3464  SC_VDW     =        -0.0490
 SC_EEL =       -14.4588
 SC_RES_DIST=     0.0000  SC_RES_ANG=       0.0000  SC_RES_TORS=         0.0000
 SC_EEL_DER=      0.0000  SC_VDW_DER=       0.0000  SC_DERIV   =         0.0000
 ------------------------------------------------------------------------------


| TI region  2


 NSTEP =   170000   TIME(PS) =     170.000  TEMP(K) = Infinity  PRESS =     0.0
 Etot   =        -0.0002  EKtot   =         0.0000  EPtot      =        -0.0002
 BOND   =         0.0000  ANGLE   =         0.0000  DIHED      =         0.0000
 1-4 NB =         0.0000  1-4 EEL =        -0.0000  VDWAALS    =        -0.0000
 EELEC  =        -0.0002  EHBOND  =         0.0000  RESTRAINT  =         0.0000
 DV/DL  =         0.0007
 ------------------------------------------------------------------------------

 NMR restraints: Bond =    0.000   Angle =     0.000   Torsion =     0.000
===============================================================================

| TI region  1


 NSTEP =   175000   TIME(PS) =     175.000  TEMP(K) =   303.16  PRESS =     0.0
 Etot   =        10.8434  EKtot   =        10.8438  EPtot      =        -0.0004
 BOND   =         0.0000  ANGLE   =         0.0000  DIHED      =        -0.0000
 1-4 NB =         0.0000  1-4 EEL =        -0.0000  VDWAALS    =        -0.0000
 EELEC  =        -0.0003  EHBOND  =         0.0000  RESTRAINT  =         0.0000
 DV/DL  =         0.0011
 ------------------------------------------------------------------------------

  Softcore part of the system:      12 atoms,       TEMP(K)    =         303.16
 SC_Etot=        33.2142  SC_EKtot=        10.8438  SC_EPtot   =        22.3704
 SC_BOND=         2.1658  SC_ANGLE=         3.8812  SC_DIHED   =         2.4958
 SC_14NB=        -0.0154  SC_14EEL=        28.4836  SC_VDW     =        -0.0424
 SC_EEL =       -14.5980
 SC_RES_DIST=     0.0000  SC_RES_ANG=       0.0000  SC_RES_TORS=         0.0000
 SC_EEL_DER=      0.0000  SC_VDW_DER=       0.0000  SC_DERIV   =         0.0000
 ------------------------------------------------------------------------------


| TI region  2


 NSTEP =   175000   TIME(PS) =     175.000  TEMP(K) = Infinity  PRESS =     0.0
 Etot   =        -0.0004  EKtot   =         0.0000  EPtot      =        -0.0004
 BOND   =         0.0000  ANGLE   =         0.0000  DIHED      =        -0.0000
 1-4 NB =         0.0000  1-4 EEL =        -0.0000  VDWAALS    =        -0.0000
 EELEC  =        -0.0003  EHBOND  =         0.0000  RESTRAINT  =         0.0000
 DV/DL  =         0.0011
 ------------------------------------------------------------------------------

 NMR restraints: Bond =    0.000   Angle =     0.000   Torsion =     0.000
===============================================================================

| TI region  1


 NSTEP =   180000   TIME(PS) =     180.000  TEMP(K) =   274.58  PRESS =     0.0
 Etot   =         9.8211  EKtot   =         9.8215  EPtot      =        -0.0004
 BOND   =         0.0000  ANGLE   =        -0.0000  DIHED      =         0.0000
 1-4 NB =         0.0000  1-4 EEL =        -0.0000  VDWAALS    =        -0.0000
 EELEC  =        -0.0004  EHBOND  =         0.0000  RESTRAINT  =         0.0000
 DV/DL  =         0.0014
 ------------------------------------------------------------------------------

  Softcore part of the system:      12 atoms,       TEMP(K)    =         274.58
 SC_Etot=        33.2019  SC_EKtot=         9.8215  SC_EPtot   =        23.3804
 SC_BOND=         2.6435  SC_ANGLE=         4.7335  SC_DIHED   =         3.0022
 SC_14NB=         0.2349  SC_14EEL=        27.8545  SC_VDW     =        -0.0557
 SC_EEL =       -15.0325
 SC_RES_DIST=     0.0000  SC_RES_ANG=       0.0000  SC_RES_TORS=         0.0000
 SC_EEL_DER=      0.0000  SC_VDW_DER=       0.0000  SC_DERIV   =         0.0000
 ------------------------------------------------------------------------------


| TI region  2


 NSTEP =   180000   TIME(PS) =     180.000  TEMP(K) =-Infinity  PRESS =     0.0
 Etot   =        -0.0004  EKtot   =        -0.0000  EPtot      =        -0.0004
 BOND   =         0.0000  ANGLE   =        -0.0000  DIHED      =         0.0000
 1-4 NB =         0.0000  1-4 EEL =        -0.0000  VDWAALS    =        -0.0000
 EELEC  =        -0.0004  EHBOND  =         0.0000  RESTRAINT  =         0.0000
 DV/DL  =         0.0014
 ------------------------------------------------------------------------------

 NMR restraints: Bond =    0.000   Angle =     0.000   Torsion =     0.000
===============================================================================

| TI region  1


 NSTEP =   185000   TIME(PS) =     185.000  TEMP(K) =   246.15  PRESS =     0.0
 Etot   =         8.8044  EKtot   =         8.8045  EPtot      =        -0.0001
 BOND   =         0.0000  ANGLE   =         0.0000  DIHED      =        -0.0000
 1-4 NB =         0.0000  1-4 EEL =         0.0000  VDWAALS    =        -0.0000
 EELEC  =        -0.0001  EHBOND  =         0.0000  RESTRAINT  =         0.0000
 DV/DL  =         0.0004
 ------------------------------------------------------------------------------

  Softcore part of the system:      12 atoms,       TEMP(K)    =         246.15
 SC_Etot=        27.0339  SC_EKtot=         8.8045  SC_EPtot   =        18.2294
 SC_BOND=         1.4393  SC_ANGLE=         3.4905  SC_DIHED   =         0.2590
 SC_14NB=         0.1500  SC_14EEL=        28.2793  SC_VDW     =        -0.0367
 SC_EEL =       -15.3521
 SC_RES_DIST=     0.0000  SC_RES_ANG=       0.0000  SC_RES_TORS=         0.0000
 SC_EEL_DER=      0.0000  SC_VDW_DER=       0.0000  SC_DERIV   =         0.0000
 ------------------------------------------------------------------------------


| TI region  2


 NSTEP =   185000   TIME(PS) =     185.000  TEMP(K) = Infinity  PRESS =     0.0
 Etot   =        -0.0001  EKtot   =         0.0000  EPtot      =        -0.0001
 BOND   =         0.0000  ANGLE   =         0.0000  DIHED      =        -0.0000
 1-4 NB =         0.0000  1-4 EEL =         0.0000  VDWAALS    =        -0.0000
 EELEC  =        -0.0001  EHBOND  =         0.0000  RESTRAINT  =         0.0000
 DV/DL  =         0.0004
 ------------------------------------------------------------------------------

 NMR restraints: Bond =    0.000   Angle =     0.000   Torsion =     0.000
===============================================================================

| TI region  1


 NSTEP =   190000   TIME(PS) =     190.000  TEMP(K) =   324.23  PRESS =     0.0
 Etot   =        11.5970  EKtot   =        11.5975  EPtot      =        -0.0005
 BOND   =         0.0000  ANGLE   =         0.0000  DIHED      =         0.0000
 1-4 NB =         0.0000  1-4 EEL =         0.0000  VDWAALS    =        -0.0000
 EELEC  =        -0.0005  EHBOND  =         0.0000  RESTRAINT  =         0.0000
 DV/DL  =         0.0017
 ------------------------------------------------------------------------------

  Softcore part of the system:      12 atoms,       TEMP(K)    =         324.23
 SC_Etot=        32.0463  SC_EKtot=        11.5975  SC_EPtot   =        20.4488
 SC_BOND=         2.1042  SC_ANGLE=         3.9028  SC_DIHED   =         1.0076
 SC_14NB=         0.8585  SC_14EEL=        27.1559  SC_VDW     =        -0.0650
 SC_EEL =       -14.5150
 SC_RES_DIST=     0.0000  SC_RES_ANG=       0.0000  SC_RES_TORS=         0.0000
 SC_EEL_DER=      0.0000  SC_VDW_DER=       0.0000  SC_DERIV   =         0.0000
 ------------------------------------------------------------------------------


| TI region  2


 NSTEP =   190000   TIME(PS) =     190.000  TEMP(K) = Infinity  PRESS =     0.0
 Etot   =        -0.0005  EKtot   =         0.0000  EPtot      =        -0.0005
 BOND   =         0.0000  ANGLE   =         0.0000  DIHED      =         0.0000
 1-4 NB =         0.0000  1-4 EEL =         0.0000  VDWAALS    =        -0.0000
 EELEC  =        -0.0005  EHBOND  =         0.0000  RESTRAINT  =         0.0000
 DV/DL  =         0.0017
 ------------------------------------------------------------------------------

 NMR restraints: Bond =    0.000   Angle =     0.000   Torsion =     0.000
===============================================================================

| TI region  1


 NSTEP =   195000   TIME(PS) =     195.000  TEMP(K) =   434.47  PRESS =     0.0
 Etot   =        15.5407  EKtot   =        15.5409  EPtot      =        -0.0002
 BOND   =        -0.0000  ANGLE   =         0.0000  DIHED      =         0.0000
 1-4 NB =         0.0000  1-4 EEL =         0.0000  VDWAALS    =        -0.0000
 EELEC  =        -0.0002  EHBOND  =         0.0000  RESTRAINT  =         0.0000
 DV/DL  =         0.0007
 ------------------------------------------------------------------------------

  Softcore part of the system:      12 atoms,       TEMP(K)    =         434.47
 SC_Etot=        43.4477  SC_EKtot=        15.5409  SC_EPtot   =        27.9068
 SC_BOND=         3.1563  SC_ANGLE=         7.8122  SC_DIHED   =         4.3602
 SC_14NB=         0.1885  SC_14EEL=        26.6204  SC_VDW     =        -0.0453
 SC_EEL =       -14.1855
 SC_RES_DIST=     0.0000  SC_RES_ANG=       0.0000  SC_RES_TORS=         0.0000
 SC_EEL_DER=      0.0000  SC_VDW_DER=       0.0000  SC_DERIV   =         0.0000
 ------------------------------------------------------------------------------


| TI region  2


 NSTEP =   195000   TIME(PS) =     195.000  TEMP(K) = Infinity  PRESS =     0.0
 Etot   =        -0.0002  EKtot   =         0.0000  EPtot      =        -0.0002
 BOND   =        -0.0000  ANGLE   =         0.0000  DIHED      =         0.0000
 1-4 NB =         0.0000  1-4 EEL =         0.0000  VDWAALS    =        -0.0000
 EELEC  =        -0.0002  EHBOND  =         0.0000  RESTRAINT  =         0.0000
 DV/DL  =         0.0007
 ------------------------------------------------------------------------------

 NMR restraints: Bond =    0.000   Angle =     0.000   Torsion =     0.000
===============================================================================

| TI region  1


 NSTEP =   200000   TIME(PS) =     200.000  TEMP(K) =   243.95  PRESS =     0.0
 Etot   =         8.7260  EKtot   =         8.7260  EPtot      =         0.0000
 BOND   =         0.0000  ANGLE   =        -0.0000  DIHED      =         0.0000
 1-4 NB =         0.0000  1-4 EEL =        -0.0000  VDWAALS    =        -0.0000
 EELEC  =         0.0001  EHBOND  =         0.0000  RESTRAINT  =         0.0000
 DV/DL  =        -0.0000
 ------------------------------------------------------------------------------

  Softcore part of the system:      12 atoms,       TEMP(K)    =         243.95
 SC_Etot=        27.7457  SC_EKtot=         8.7260  SC_EPtot   =        19.0197
 SC_BOND=         2.0631  SC_ANGLE=         3.1650  SC_DIHED   =         1.0115
 SC_14NB=         0.4827  SC_14EEL=        37.0165  SC_VDW     =        -0.1312
 SC_EEL =       -24.5879
 SC_RES_DIST=     0.0000  SC_RES_ANG=       0.0000  SC_RES_TORS=         0.0000
 SC_EEL_DER=      0.0000  SC_VDW_DER=       0.0000  SC_DERIV   =         0.0000
 ------------------------------------------------------------------------------


| TI region  2


 NSTEP =   200000   TIME(PS) =     200.000  TEMP(K) = Infinity  PRESS =     0.0
 Etot   =         0.0000  EKtot   =         0.0000  EPtot      =         0.0000
 BOND   =         0.0000  ANGLE   =        -0.0000  DIHED      =         0.0000
 1-4 NB =         0.0000  1-4 EEL =        -0.0000  VDWAALS    =        -0.0000
 EELEC  =         0.0001  EHBOND  =         0.0000  RESTRAINT  =         0.0000
 DV/DL  =        -0.0000
 ------------------------------------------------------------------------------

 NMR restraints: Bond =    0.000   Angle =     0.000   Torsion =     0.000
===============================================================================

| TI region  1


      A V E R A G E S   O V E R      40 S T E P S


 NSTEP =   200000   TIME(PS) =     200.000  TEMP(K) =   163.93  PRESS =     0.0
 Etot   =         5.8635  EKtot   =         5.8637  EPtot      =        -0.0002
 BOND   =         0.0000  ANGLE   =        -0.0000  DIHED      =        -0.0000
 1-4 NB =         0.0000  1-4 EEL =         0.0000  VDWAALS    =        -0.0000
 EELEC  =        -0.0002  EHBOND  =         0.0000  RESTRAINT  =         0.0000
 DV/DL  =         0.0007
 ------------------------------------------------------------------------------

 NMR restraints: Bond =    0.000   Angle =     0.000   Torsion =     0.000
===============================================================================
  Softcore part of the system:      12 atoms,       TEMP(K)    =         163.93
 SC_Etot=        24.4618  SC_EKtot=         5.8637  SC_EPtot   =        18.5980
 SC_BOND=         1.9569  SC_ANGLE=         2.5342  SC_DIHED   =         0.8362
 SC_14NB=         0.4056  SC_14EEL=        36.9083  SC_VDW     =        -0.0772
 SC_EEL =       -23.9659
 SC_RES_DIST=     0.0000  SC_RES_ANG=       0.0000  SC_RES_TORS=         0.0000
 SC_EEL_DER=      0.0000  SC_VDW_DER=       0.0000  SC_DERIV   =         0.0000
 ------------------------------------------------------------------------------


      R M S  F L U C T U A T I O N S


 NSTEP =   200000   TIME(PS) =     200.000  TEMP(K) =   105.28  PRESS =     0.0
 Etot   =         3.7659  EKtot   =         3.7659  EPtot      =         0.0002
 BOND   =         0.0000  ANGLE   =         0.0000  DIHED      =         0.0000
 1-4 NB =         0.0000  1-4 EEL =         0.0000  VDWAALS    =         0.0000
 EELEC  =         0.0002  EHBOND  =         0.0000  RESTRAINT  =         0.0000
 DV/DL  =         0.0007
 ------------------------------------------------------------------------------

  Softcore part of the system:      12 atoms,       TEMP(K)    =         105.28
 SC_Etot=         6.4192  SC_EKtot=         3.7659  SC_EPtot   =         2.9650
 SC_BOND=         1.3310  SC_ANGLE=         1.5244  SC_DIHED   =         0.8503
 SC_14NB=         0.2477  SC_14EEL=         5.4299  SC_VDW     =         0.0209
 SC_EEL =         5.4489
 SC_RES_DIST=     0.0000  SC_RES_ANG=       0.0000  SC_RES_TORS=         0.0000
 SC_EEL_DER=      0.0000  SC_VDW_DER=       0.0000  SC_DERIV   =         0.0000
 ------------------------------------------------------------------------------


| TI region  2


      A V E R A G E S   O V E R      40 S T E P S


 NSTEP =   200000   TIME(PS) =     200.000  TEMP(K) =      NaN  PRESS =     0.0
 Etot   =        -0.0002  EKtot   =         0.0000  EPtot      =        -0.0002
 BOND   =         0.0000  ANGLE   =        -0.0000  DIHED      =        -0.0000
 1-4 NB =         0.0000  1-4 EEL =         0.0000  VDWAALS    =        -0.0000
 EELEC  =        -0.0002  EHBOND  =         0.0000  RESTRAINT  =         0.0000
 DV/DL  =         0.0007
 ------------------------------------------------------------------------------

 NMR restraints: Bond =    0.000   Angle =     0.000   Torsion =     0.000
===============================================================================

      R M S  F L U C T U A T I O N S


 NSTEP =   200000   TIME(PS) =     200.000  TEMP(K) =      NaN  PRESS =     0.0
 Etot   =         0.0002  EKtot   =         0.0000  EPtot      =         0.0002
 BOND   =         0.0000  ANGLE   =         0.0000  DIHED      =         0.0000
 1-4 NB =         0.0000  1-4 EEL =         0.0000  VDWAALS    =         0.0000
 EELEC  =         0.0002  EHBOND  =         0.0000  RESTRAINT  =         0.0000
 DV/DL  =         0.0007
 ------------------------------------------------------------------------------


      DV/DL, AVERAGES OVER      40 STEPS


 NSTEP =   200000   TIME(PS) =     200.000  TEMP(K) =      NaN  PRESS =     0.0
 Etot   =         0.0000  EKtot   =         0.0000  EPtot      =         0.0007
 BOND   =         0.0000  ANGLE   =         0.0000  DIHED      =         0.0000
 1-4 NB =         0.0000  1-4 EEL =         0.0000  VDWAALS    =         0.0001
 EELEC  =         0.0006  EHBOND  =         0.0000  RESTRAINT  =         0.0000
 DV/DL  =         0.0007
 ------------------------------------------------------------------------------


 NMR restraints on final step:

--------------------------------------------------------------------------------
   5.  TIMINGS
--------------------------------------------------------------------------------

|  NonSetup CPU Time in Major Routines:
|
|     Routine           Sec        %
|     ------------------------------
|     Nonbond          55.49   42.52
|     Bond              0.00    0.00
|     Angle             0.00    0.00
|     Dihedral          0.00    0.00
|     Shake             0.00    0.00
|     RunMD            74.51   57.09
|     Other             0.52    0.40
|     ------------------------------
|     Total           130.52

|  PME Nonbond Pairlist CPU Time:
|
|     Routine              Sec        %
|     ---------------------------------
|     Set Up Cit           0.00    0.00
|     Build List           0.00    0.00
|     ---------------------------------
|     Total                0.00    0.00

|  PME Direct Force CPU Time:
|
|     Routine              Sec        %
|     ---------------------------------
|     NonBonded Calc       0.00    0.00
|     Exclude Masked       0.00    0.00
|     Other                0.37    0.28
|     ---------------------------------
|     Total                0.37    0.28

|  PME Reciprocal Force CPU Time:
|
|     Routine              Sec        %
|     ---------------------------------
|     1D bspline           0.00    0.00
|     Grid Charges         0.00    0.00
|     Scalar Sum           0.00    0.00
|     Gradient Sum         0.00    0.00
|     FFT                  0.00    0.00
|     ---------------------------------
|     Total                0.00    0.00

|  Final Performance Info:
|     -----------------------------------------------------
|     Average timings for last   10000 steps:
|     Elapsed(s) =       6.56 Per Step(ms) =       0.66
|         ns/day =     131.68   seconds/ns =     656.15
|
|     Average timings for all steps:
|     Elapsed(s) =     130.83 Per Step(ms) =       0.65
|         ns/day =     132.08   seconds/ns =     654.17
|     -----------------------------------------------------

|  Setup CPU time:            0.43 seconds
|  NonSetup CPU time:       130.52 seconds
|  Total CPU time:          130.95 seconds     0.04 hours

|  Setup wall time:           0    seconds
|  NonSetup wall time:      131    seconds
|  Total wall time:         131    seconds     0.04 hours
