
          -------------------------------------------------------
          Amber 18 PMEMD                              2018
          -------------------------------------------------------

| PMEMD implementation of SANDER, Release 18

| Run on 05/26/2020 at 15:51:37

|   Executable path: /opt/software/Amber/18-foss-2018b-AmberTools-19/bin/pmemd.cuda
| Working directory: /mnt/gs18/scratch/users/songlin3/run/ti_en/tip3p/step1/0.68392
|          Hostname: lac-346

  [-O]verwriting output

File Assignments:
|   MDIN: heat.in                                                               
|  MDOUT: heat.out                                                              
| INPCRD: min.rst                                                               
|   PARM: en_step1_final.prmtop                                                 
| RESTRT: heat.rst                                                              
|   REFC: min.rst                                                               
|  MDVEL: mdvel                                                                 
|   MDEN: mden                                                                  
|  MDCRD: heat.netcdf                                                           
| MDINFO: heat.mdinfo                                                           
|  MDFRC: mdfrc                                                                 


 Here is the input file:

nvt for free MD                                                                
 &cntrl                                                                        
  imin=0,                                                                      
  irest=0,                                                                     
  ntx=1,                                                                       
  ig=-1,                                                                       
  nstlim=100000,                                                               
  dt=0.002,                                                                    
  cut=10.0,                                                                    
  ntc=2,                                                                       
  ntf=2,                                                                       
  ntb=1,                                                                       
  ntt=3,                                                                       
  gamma_ln=2.0,                                                                
  tempi=0.0,                                                                   
  temp0=300.0,                                                                 
  ntpr=5000,                                                                   
  ntwr=5000,                                                                   
  ntwx=10000,                                                                  
  ntwv=0,                                                                      
  ioutfm=1,                                                                    
  iwrap=0,                                                                     
  nmropt=1,                                                                    
  ifsc = 0, icfe=1,                                                            
  clambda=0.68392,                                                             
  timask1=':1',                                                                
  timask2=':2', crgmask = ':2',                                                
/                                                                              
&wt TYPE='TEMP0', istep1=0, istep2=90000, value1=0.0, value2=300.0 /           
&wt TYPE='TEMP0', istep1=90001, istep2=100000, value1=300.0, value2=300.0 /    
&wt TYPE='DUMPFREQ', istep1=10000, /                                           
&wt TYPE='END', /                                                              


Note: ig = -1. Setting random seed to   179935 based on wallclock time in 
      microseconds.
| irandom = 1, using AMBER's internal random number generator (default).
 
|--------------------- INFORMATION ----------------------
| GPU (CUDA) Version of PMEMD in use: NVIDIA GPU IN USE.
|                    Version 18.0.0
| 
|                      03/25/2018
| 
| Implementation by:
|                    Ross C. Walker     (SDSC)
|                    Scott Le Grand     (nVIDIA)
| 
| Version 18 performance extensions by:
|                    David Cerutti     (Rutgers)
| 
| Precision model in use:
|      [SPFP] - Single Precision Forces, 64-bit Fixed Point
|               Accumulation. (Default)
| 
|--------------------------------------------------------
 
|----------------- CITATION INFORMATION -----------------
|
|    When publishing work that utilized the CUDA version
|    of AMBER, please cite the following in addition to
|    the regular AMBER citations:
|
|  - Romelia Salomon-Ferrer; Andreas W. Goetz; Duncan
|    Poole; Scott Le Grand; Ross C. Walker "Routine
|    microsecond molecular dynamics simulations with
|    AMBER - Part II: Particle Mesh Ewald", J. Chem.
|    Theory Comput., 2013, 9 (9), pp3878-3888,
|    DOI: 10.1021/ct400314y.
|
|  - Andreas W. Goetz; Mark J. Williamson; Dong Xu;
|    Duncan Poole; Scott Le Grand; Ross C. Walker
|    "Routine microsecond molecular dynamics simulations
|    with AMBER - Part I: Generalized Born", J. Chem.
|    Theory Comput., 2012, 8 (5), pp1542-1555.
|
|  - Scott Le Grand; Andreas W. Goetz; Ross C. Walker
|    "SPFP: Speed without compromise - a mixed precision
|    model for GPU accelerated molecular dynamics
|    simulations.", Comp. Phys. Comm., 2013, 184
|    pp374-380, DOI: 10.1016/j.cpc.2012.09.022
|
|    When publishing work that utilized the CUDA version
|    of TI, BAR, MBAR or FEP please cite the following 
|    three publications in addition to the regular AMBER 
|    GPU citations:
|
|  - Daniel J. Mermelstein; Charles Lin; Gard Nelson; 
|    Rachael Kretsch; J. Andrew McCammon; Ross C. Walker
|    "Fast and Flexible GPU Accelerated Binding 
|    Free Energy Calculations within the AMBER Molecular
|    Dynamics Package" J. Comp. Chem., 2018,
|    DOI: 10.1002/jcc.25187
|
|  - Tai-Sung Lee; Yuan Hu; Brad Sherborne; Zhuyan Guo;
|    Darrin M. York
|    "Toward Fast and Accurate Binding Affinity Prediction with
|    pmemdGTI: An Efficient Implementation of GPU-Accelerated
|    Thermodynamic Integration"
|    J. Chem. Theory Comput., 2017, 13 (7), 3077
|
|
|--------------------------------------------------------
 
|------------------- GPU DEVICE INFO --------------------
|
|            CUDA_VISIBLE_DEVICES: 0
|   CUDA Capable Devices Detected:      1
|           CUDA Device ID in use:      0
|                CUDA Device Name: Tesla K80
|     CUDA Device Global Mem Size:  12206 MB
| CUDA Device Num Multiprocessors:     13
|           CUDA Device Core Freq:   0.82 GHz
|
|--------------------------------------------------------
 
 
| Conditional Compilation Defines Used:
| PUBFFT
| BINTRAJ
| CUDA
| EMIL

| Largest sphere to fit in unit cell has radius =    27.375

| New format PARM file being parsed.
| Version =    1.000 Date = 05/26/20 Time = 15:44:31

| Note: 1-4 EEL scale factors are being read from the topology file.

| Note: 1-4 VDW scale factors are being read from the topology file.
| Duplicated    0 dihedrals

| Duplicated    0 dihedrals

--------------------------------------------------------------------------------
   1.  RESOURCE   USE: 
--------------------------------------------------------------------------------

 getting box info from netcdf restart file
 NATOM  =   20967 NTYPES =       6 NBONH =   20959 MBONA  =       6
 NTHETH =      32 MTHETA =       4 NPHIH =      40 MPHIA  =       2
 NHPARM =       0 NPARM  =       0 NNB   =   28026 NRES   =    6983
 NBONA  =       6 NTHETA =       4 NPHIA =       2 NUMBND =       6
 NUMANG =       6 NPTRA  =       2 NATYP =       6 NPHB   =       1
 IFBOX  =       2 NMXRS  =      12 IFCAP =       0 NEXTRA =       0
 NCOPY  =       0

| Coordinate Index Table dimensions:    10   10   10
| Direct force subcell size =     6.7054    6.7054    6.7054

     BOX TYPE: TRUNCATED OCTAHEDRON

--------------------------------------------------------------------------------
   2.  CONTROL  DATA  FOR  THE  RUN
--------------------------------------------------------------------------------

default_name                                                                    

General flags:
     imin    =       0, nmropt  =       1

Nature and format of input:
     ntx     =       1, irest   =       0, ntrx    =       1

Nature and format of output:
     ntxo    =       2, ntpr    =    5000, ntrx    =       1, ntwr    =    5000
     iwrap   =       0, ntwx    =   10000, ntwv    =       0, ntwe    =       0
     ioutfm  =       1, ntwprt  =       0, idecomp =       0, rbornstat=      0

Potential function:
     ntf     =       2, ntb     =       1, igb     =       0, nsnb    =      25
     ipol    =       0, gbsa    =       0, iesp    =       0
     dielc   =   1.00000, cut     =  10.00000, intdiel =   1.00000

Frozen or restrained atoms:
     ibelly  =       0, ntr     =       0

Molecular dynamics:
     nstlim  =    100000, nscm    =      1000, nrespa  =         1
     t       =   0.00000, dt      =   0.00200, vlimit  =  -1.00000

Langevin dynamics temperature regulation:
     ig      =  179935
     temp0   = 300.00000, tempi   =   0.00000, gamma_ln=   2.00000

SHAKE:
     ntc     =       2, jfastw  =       0
     tol     =   0.00001

NMR refinement options:
     iscale  =       0, noeskp  =       1, ipnlty  =       1, mxsub   =       1
     scalm   = 100.00000, pencut  =   0.10000, tausw   =   0.10000

Free energy options:
     icfe    =       1, ifsc    =       0, klambda =       1
     clambda =  0.6839, scalpha =  0.5000, scbeta  = 12.0000
     sceeorder =       2
     dynlmb =  0.0000 logdvdl =       0

| Intermolecular bonds treatment:
|     no_intermolecular_bonds =       1

| Energy averages sample interval:
|     ene_avg_sampling =    5000

Ewald parameters:
     verbose =       0, ew_type =       0, nbflag  =       1, use_pme =       1
     vdwmeth =       1, eedmeth =       1, netfrc  =       1
     Box X =   67.054   Box Y =   67.054   Box Z =   67.054
     Alpha =  109.471   Beta  =  109.471   Gamma =  109.471
     NFFT1 =   64       NFFT2 =   64       NFFT3 =   64
     Cutoff=   10.000   Tol   =0.100E-04
     Ewald Coefficient =  0.27511
     Interpolation order =    4
     TI Mask 1 :1; matches     12 atoms
     TI Mask 2 :2; matches     12 atoms
     TI region 1:   20955 atoms
     TI region 2:   20955 atoms
Removing charge of      -0.6664 from atom      13
Removing charge of      -0.6664 from atom      14
Removing charge of      -0.0664 from atom      15
Removing charge of      -0.0664 from atom      16
Removing charge of       0.2792 from atom      17
Removing charge of       0.2802 from atom      18
Removing charge of       0.2802 from atom      19
Removing charge of       0.2792 from atom      20
Removing charge of       0.0898 from atom      21
Removing charge of       0.0837 from atom      22
Removing charge of       0.0898 from atom      23
Removing charge of       0.0837 from atom      24
Total charge of  -0.00000000 removed from      12 atoms
     Checking for mismatched coordinates.

--------------------------------------------------------------------------------
   3.  ATOMIC COORDINATES AND VELOCITIES
--------------------------------------------------------------------------------

default_name                                                                    
 begin time read from input coords =     0.000 ps



           Begin reading energy term weight changes/NMR restraints
 WEIGHT CHANGES:
 TEMP0         0  90000    0.000000  300.000000      0      0
 TEMP0     90001 100000  300.000000  300.000000      0      0
 DUMPFREQ  10000      0    0.000000    0.000000      0      0

 RESTRAINTS:
                          ** No restraint defined **

                  Done reading weight changes/NMR restraints


 
 Number of triangulated 3-point waters found:     6981

     Sum of charges for TI region  1 =  -0.00000000
     Forcing neutrality...


     Sum of charges for TI region  2 =   0.00000000
     Forcing neutrality...

| Dynamic Memory, Types Used:
| Reals              919400
| Integers           798257

| Nonbonded Pairs Initial Allocation:     6341993

| GPU memory information (estimate):
| KB of GPU memory in use:         0
| KB of CPU memory in use:         0

--------------------------------------------------------------------------------
   4.  RESULTS
--------------------------------------------------------------------------------


| TI region  1


 NSTEP =        0   TIME(PS) =       0.000  TEMP(K) =     0.00  PRESS =     0.0
 Etot   =    -65221.9417  EKtot   =         0.0000  EPtot      =    -65221.9417
 BOND   =         0.0479  ANGLE   =         0.2797  DIHED      =         0.7927
 1-4 NB =         0.4952  1-4 EEL =        13.6346  VDWAALS    =      5151.0478
 EELEC  =    -70388.2396  EHBOND  =         0.0000  RESTRAINT  =         0.0000
 DV/DL  =       -14.7376
 ------------------------------------------------------------------------------


| TI region  2


 NSTEP =        0   TIME(PS) =       0.000  TEMP(K) =     0.00  PRESS =     0.0
 Etot   =    -65221.9417  EKtot   =         0.0000  EPtot      =    -65221.9417
 BOND   =         0.0479  ANGLE   =         0.2797  DIHED      =         0.7927
 1-4 NB =         0.4952  1-4 EEL =        13.6346  VDWAALS    =      5151.0478
 EELEC  =    -70388.2396  EHBOND  =         0.0000  RESTRAINT  =         0.0000
 DV/DL  =       -14.7376
 ------------------------------------------------------------------------------

 NMR restraints: Bond =    0.000   Angle =     0.000   Torsion =     0.000
===============================================================================

| TI region  1


 NSTEP =     5000   TIME(PS) =      10.000  TEMP(K) =    15.90  PRESS =     0.0
 Etot   =    -82145.3294  EKtot   =       662.0492  EPtot      =    -82807.3786
 BOND   =         0.1001  ANGLE   =         0.2637  DIHED      =         0.1357
 1-4 NB =         0.3099  1-4 EEL =        12.9561  VDWAALS    =     15071.4862
 EELEC  =    -97892.6303  EHBOND  =         0.0000  RESTRAINT  =         0.0000
 DV/DL  =       -11.8328
 ------------------------------------------------------------------------------


| TI region  2


 NSTEP =     5000   TIME(PS) =      10.000  TEMP(K) =    15.90  PRESS =     0.0
 Etot   =    -82145.3294  EKtot   =       662.0492  EPtot      =    -82807.3786
 BOND   =         0.1001  ANGLE   =         0.2637  DIHED      =         0.1357
 1-4 NB =         0.3099  1-4 EEL =        12.9561  VDWAALS    =     15071.4862
 EELEC  =    -97892.6303  EHBOND  =         0.0000  RESTRAINT  =         0.0000
 DV/DL  =       -11.8328
 ------------------------------------------------------------------------------

 NMR restraints: Bond =    0.000   Angle =     0.000   Torsion =     0.000
===============================================================================

| TI region  1


 NSTEP =    10000   TIME(PS) =      20.000  TEMP(K) =    32.86  PRESS =     0.0
 Etot   =    -81003.4717  EKtot   =      1368.3753  EPtot      =    -82371.8471
 BOND   =         0.0953  ANGLE   =         0.4123  DIHED      =         0.1190
 1-4 NB =         0.4233  1-4 EEL =        13.1530  VDWAALS    =     15129.8364
 EELEC  =    -97515.8864  EHBOND  =         0.0000  RESTRAINT  =         0.0000
 DV/DL  =        -6.1852
 ------------------------------------------------------------------------------


| TI region  2


 NSTEP =    10000   TIME(PS) =      20.000  TEMP(K) =    32.86  PRESS =     0.0
 Etot   =    -81003.4717  EKtot   =      1368.3753  EPtot      =    -82371.8471
 BOND   =         0.0953  ANGLE   =         0.4123  DIHED      =         0.1190
 1-4 NB =         0.4233  1-4 EEL =        13.1530  VDWAALS    =     15129.8364
 EELEC  =    -97515.8864  EHBOND  =         0.0000  RESTRAINT  =         0.0000
 DV/DL  =        -6.1852
 ------------------------------------------------------------------------------

 NMR restraints: Bond =    0.000   Angle =     0.000   Torsion =     0.000
===============================================================================

| TI region  1


 NSTEP =    15000   TIME(PS) =      30.000  TEMP(K) =    49.29  PRESS =     0.0
 Etot   =    -79830.7013  EKtot   =      2052.7758  EPtot      =    -81883.4771
 BOND   =         0.0025  ANGLE   =         0.7154  DIHED      =         0.1567
 1-4 NB =         0.3877  1-4 EEL =        13.0420  VDWAALS    =     15139.9329
 EELEC  =    -97037.7143  EHBOND  =         0.0000  RESTRAINT  =         0.0000
 DV/DL  =        -7.7980
 ------------------------------------------------------------------------------


| TI region  2


 NSTEP =    15000   TIME(PS) =      30.000  TEMP(K) =    49.29  PRESS =     0.0
 Etot   =    -79830.7013  EKtot   =      2052.7758  EPtot      =    -81883.4771
 BOND   =         0.0025  ANGLE   =         0.7154  DIHED      =         0.1567
 1-4 NB =         0.3877  1-4 EEL =        13.0420  VDWAALS    =     15139.9329
 EELEC  =    -97037.7143  EHBOND  =         0.0000  RESTRAINT  =         0.0000
 DV/DL  =        -7.7980
 ------------------------------------------------------------------------------

 NMR restraints: Bond =    0.000   Angle =     0.000   Torsion =     0.000
===============================================================================

| TI region  1


 NSTEP =    20000   TIME(PS) =      40.000  TEMP(K) =    66.49  PRESS =     0.0
 Etot   =    -78636.2193  EKtot   =      2769.1524  EPtot      =    -81405.3717
 BOND   =         0.1766  ANGLE   =         0.9465  DIHED      =         0.1862
 1-4 NB =         0.4818  1-4 EEL =        13.0069  VDWAALS    =     15143.9248
 EELEC  =    -96564.0945  EHBOND  =         0.0000  RESTRAINT  =         0.0000
 DV/DL  =        -9.3276
 ------------------------------------------------------------------------------


| TI region  2


 NSTEP =    20000   TIME(PS) =      40.000  TEMP(K) =    66.49  PRESS =     0.0
 Etot   =    -78636.2193  EKtot   =      2769.1524  EPtot      =    -81405.3717
 BOND   =         0.1766  ANGLE   =         0.9465  DIHED      =         0.1862
 1-4 NB =         0.4818  1-4 EEL =        13.0069  VDWAALS    =     15143.9248
 EELEC  =    -96564.0945  EHBOND  =         0.0000  RESTRAINT  =         0.0000
 DV/DL  =        -9.3276
 ------------------------------------------------------------------------------

 NMR restraints: Bond =    0.000   Angle =     0.000   Torsion =     0.000
===============================================================================

| TI region  1


 NSTEP =    25000   TIME(PS) =      50.000  TEMP(K) =    82.30  PRESS =     0.0
 Etot   =    -77533.1942  EKtot   =      3427.6210  EPtot      =    -80960.8152
 BOND   =         0.1330  ANGLE   =         1.3498  DIHED      =         0.6019
 1-4 NB =         0.1312  1-4 EEL =        12.7787  VDWAALS    =     15102.8813
 EELEC  =    -96078.6911  EHBOND  =         0.0000  RESTRAINT  =         0.0000
 DV/DL  =        -6.8634
 ------------------------------------------------------------------------------


| TI region  2


 NSTEP =    25000   TIME(PS) =      50.000  TEMP(K) =    82.30  PRESS =     0.0
 Etot   =    -77533.1942  EKtot   =      3427.6210  EPtot      =    -80960.8152
 BOND   =         0.1330  ANGLE   =         1.3498  DIHED      =         0.6019
 1-4 NB =         0.1312  1-4 EEL =        12.7787  VDWAALS    =     15102.8813
 EELEC  =    -96078.6911  EHBOND  =         0.0000  RESTRAINT  =         0.0000
 DV/DL  =        -6.8634
 ------------------------------------------------------------------------------

 NMR restraints: Bond =    0.000   Angle =     0.000   Torsion =     0.000
===============================================================================

| TI region  1


 NSTEP =    30000   TIME(PS) =      60.000  TEMP(K) =    99.47  PRESS =     0.0
 Etot   =    -76308.8226  EKtot   =      4142.4762  EPtot      =    -80451.2989
 BOND   =         0.1563  ANGLE   =         1.3242  DIHED      =         0.4388
 1-4 NB =         0.4130  1-4 EEL =        13.3153  VDWAALS    =     14912.3652
 EELEC  =    -95379.3116  EHBOND  =         0.0000  RESTRAINT  =         0.0000
 DV/DL  =        -8.8971
 ------------------------------------------------------------------------------


| TI region  2


 NSTEP =    30000   TIME(PS) =      60.000  TEMP(K) =    99.47  PRESS =     0.0
 Etot   =    -76308.8226  EKtot   =      4142.4762  EPtot      =    -80451.2989
 BOND   =         0.1563  ANGLE   =         1.3242  DIHED      =         0.4388
 1-4 NB =         0.4130  1-4 EEL =        13.3153  VDWAALS    =     14912.3652
 EELEC  =    -95379.3116  EHBOND  =         0.0000  RESTRAINT  =         0.0000
 DV/DL  =        -8.8971
 ------------------------------------------------------------------------------

 NMR restraints: Bond =    0.000   Angle =     0.000   Torsion =     0.000
===============================================================================

| TI region  1


 NSTEP =    35000   TIME(PS) =      70.000  TEMP(K) =   115.19  PRESS =     0.0
 Etot   =    -75116.3140  EKtot   =      4796.9556  EPtot      =    -79913.2697
 BOND   =         0.0208  ANGLE   =         1.0412  DIHED      =         0.7426
 1-4 NB =         0.2253  1-4 EEL =        12.5310  VDWAALS    =     14954.0837
 EELEC  =    -94881.9143  EHBOND  =         0.0000  RESTRAINT  =         0.0000
 DV/DL  =        -8.4373
 ------------------------------------------------------------------------------


| TI region  2


 NSTEP =    35000   TIME(PS) =      70.000  TEMP(K) =   115.19  PRESS =     0.0
 Etot   =    -75116.3140  EKtot   =      4796.9556  EPtot      =    -79913.2697
 BOND   =         0.0208  ANGLE   =         1.0412  DIHED      =         0.7426
 1-4 NB =         0.2253  1-4 EEL =        12.5310  VDWAALS    =     14954.0837
 EELEC  =    -94881.9143  EHBOND  =         0.0000  RESTRAINT  =         0.0000
 DV/DL  =        -8.4373
 ------------------------------------------------------------------------------

 NMR restraints: Bond =    0.000   Angle =     0.000   Torsion =     0.000
===============================================================================

| TI region  1


 NSTEP =    40000   TIME(PS) =      80.000  TEMP(K) =   132.00  PRESS =     0.0
 Etot   =    -73813.4529  EKtot   =      5497.2511  EPtot      =    -79310.7041
 BOND   =         0.3297  ANGLE   =         2.4002  DIHED      =         0.2946
 1-4 NB =         0.1705  1-4 EEL =        13.1081  VDWAALS    =     14663.0885
 EELEC  =    -93990.0956  EHBOND  =         0.0000  RESTRAINT  =         0.0000
 DV/DL  =        -9.3277
 ------------------------------------------------------------------------------


| TI region  2


 NSTEP =    40000   TIME(PS) =      80.000  TEMP(K) =   132.00  PRESS =     0.0
 Etot   =    -73813.4529  EKtot   =      5497.2511  EPtot      =    -79310.7041
 BOND   =         0.3297  ANGLE   =         2.4002  DIHED      =         0.2946
 1-4 NB =         0.1705  1-4 EEL =        13.1081  VDWAALS    =     14663.0885
 EELEC  =    -93990.0956  EHBOND  =         0.0000  RESTRAINT  =         0.0000
 DV/DL  =        -9.3277
 ------------------------------------------------------------------------------

 NMR restraints: Bond =    0.000   Angle =     0.000   Torsion =     0.000
===============================================================================

| TI region  1


 NSTEP =    45000   TIME(PS) =      90.000  TEMP(K) =   149.71  PRESS =     0.0
 Etot   =    -72393.0656  EKtot   =      6234.9305  EPtot      =    -78627.9961
 BOND   =         0.2667  ANGLE   =         3.4294  DIHED      =         0.5750
 1-4 NB =         0.5775  1-4 EEL =        13.8443  VDWAALS    =     14513.1430
 EELEC  =    -93159.8321  EHBOND  =         0.0000  RESTRAINT  =         0.0000
 DV/DL  =        -6.6539
 ------------------------------------------------------------------------------


| TI region  2


 NSTEP =    45000   TIME(PS) =      90.000  TEMP(K) =   149.71  PRESS =     0.0
 Etot   =    -72393.0656  EKtot   =      6234.9305  EPtot      =    -78627.9961
 BOND   =         0.2667  ANGLE   =         3.4294  DIHED      =         0.5750
 1-4 NB =         0.5775  1-4 EEL =        13.8443  VDWAALS    =     14513.1430
 EELEC  =    -93159.8321  EHBOND  =         0.0000  RESTRAINT  =         0.0000
 DV/DL  =        -6.6539
 ------------------------------------------------------------------------------

 NMR restraints: Bond =    0.000   Angle =     0.000   Torsion =     0.000
===============================================================================

| TI region  1


 NSTEP =    50000   TIME(PS) =     100.000  TEMP(K) =   167.38  PRESS =     0.0
 Etot   =    -70720.0572  EKtot   =      6970.4454  EPtot      =    -77690.5025
 BOND   =         0.4154  ANGLE   =         2.6313  DIHED      =         1.3781
 1-4 NB =         0.3360  1-4 EEL =        11.6970  VDWAALS    =     14124.5127
 EELEC  =    -91831.4729  EHBOND  =         0.0000  RESTRAINT  =         0.0000
 DV/DL  =       -12.5124
 ------------------------------------------------------------------------------


| TI region  2


 NSTEP =    50000   TIME(PS) =     100.000  TEMP(K) =   167.38  PRESS =     0.0
 Etot   =    -70720.0572  EKtot   =      6970.4454  EPtot      =    -77690.5025
 BOND   =         0.4154  ANGLE   =         2.6313  DIHED      =         1.3781
 1-4 NB =         0.3360  1-4 EEL =        11.6970  VDWAALS    =     14124.5127
 EELEC  =    -91831.4729  EHBOND  =         0.0000  RESTRAINT  =         0.0000
 DV/DL  =       -12.5124
 ------------------------------------------------------------------------------

 NMR restraints: Bond =    0.000   Angle =     0.000   Torsion =     0.000
===============================================================================

| TI region  1


 NSTEP =    55000   TIME(PS) =     110.000  TEMP(K) =   181.35  PRESS =     0.0
 Etot   =    -69245.3555  EKtot   =      7552.6038  EPtot      =    -76797.9593
 BOND   =         0.7173  ANGLE   =         2.5895  DIHED      =         0.6633
 1-4 NB =         0.2416  1-4 EEL =        12.3642  VDWAALS    =     13691.9451
 EELEC  =    -90506.4802  EHBOND  =         0.0000  RESTRAINT  =         0.0000
 DV/DL  =       -13.7562
 ------------------------------------------------------------------------------


| TI region  2


 NSTEP =    55000   TIME(PS) =     110.000  TEMP(K) =   181.35  PRESS =     0.0
 Etot   =    -69245.3555  EKtot   =      7552.6038  EPtot      =    -76797.9593
 BOND   =         0.7173  ANGLE   =         2.5895  DIHED      =         0.6633
 1-4 NB =         0.2416  1-4 EEL =        12.3642  VDWAALS    =     13691.9451
 EELEC  =    -90506.4802  EHBOND  =         0.0000  RESTRAINT  =         0.0000
 DV/DL  =       -13.7562
 ------------------------------------------------------------------------------

 NMR restraints: Bond =    0.000   Angle =     0.000   Torsion =     0.000
===============================================================================

| TI region  1


 NSTEP =    60000   TIME(PS) =     120.000  TEMP(K) =   197.83  PRESS =     0.0
 Etot   =    -67603.1085  EKtot   =      8238.6833  EPtot      =    -75841.7918
 BOND   =         0.3930  ANGLE   =         2.6985  DIHED      =         0.6143
 1-4 NB =         0.6174  1-4 EEL =        13.0028  VDWAALS    =     13616.4569
 EELEC  =    -89475.5748  EHBOND  =         0.0000  RESTRAINT  =         0.0000
 DV/DL  =       -13.1258
 ------------------------------------------------------------------------------


| TI region  2


 NSTEP =    60000   TIME(PS) =     120.000  TEMP(K) =   197.83  PRESS =     0.0
 Etot   =    -67603.1085  EKtot   =      8238.6833  EPtot      =    -75841.7918
 BOND   =         0.3930  ANGLE   =         2.6985  DIHED      =         0.6143
 1-4 NB =         0.6174  1-4 EEL =        13.0028  VDWAALS    =     13616.4569
 EELEC  =    -89475.5748  EHBOND  =         0.0000  RESTRAINT  =         0.0000
 DV/DL  =       -13.1258
 ------------------------------------------------------------------------------

 NMR restraints: Bond =    0.000   Angle =     0.000   Torsion =     0.000
===============================================================================

| TI region  1


 NSTEP =    65000   TIME(PS) =     130.000  TEMP(K) =   216.07  PRESS =     0.0
 Etot   =    -65417.2225  EKtot   =      8998.3858  EPtot      =    -74415.6083
 BOND   =         1.0415  ANGLE   =         3.4628  DIHED      =         1.6547
 1-4 NB =         0.1571  1-4 EEL =        11.9963  VDWAALS    =     12817.6726
 EELEC  =    -87251.5933  EHBOND  =         0.0000  RESTRAINT  =         0.0000
 DV/DL  =       -13.4964
 ------------------------------------------------------------------------------


| TI region  2


 NSTEP =    65000   TIME(PS) =     130.000  TEMP(K) =   216.07  PRESS =     0.0
 Etot   =    -65417.2225  EKtot   =      8998.3858  EPtot      =    -74415.6083
 BOND   =         1.0415  ANGLE   =         3.4628  DIHED      =         1.6547
 1-4 NB =         0.1571  1-4 EEL =        11.9963  VDWAALS    =     12817.6726
 EELEC  =    -87251.5933  EHBOND  =         0.0000  RESTRAINT  =         0.0000
 DV/DL  =       -13.4964
 ------------------------------------------------------------------------------

 NMR restraints: Bond =    0.000   Angle =     0.000   Torsion =     0.000
===============================================================================

| TI region  1


 NSTEP =    70000   TIME(PS) =     140.000  TEMP(K) =   232.77  PRESS =     0.0
 Etot   =    -62631.3055  EKtot   =      9693.8910  EPtot      =    -72325.1964
 BOND   =         0.3203  ANGLE   =         2.4569  DIHED      =         4.6452
 1-4 NB =         0.8046  1-4 EEL =        13.7539  VDWAALS    =     12060.2059
 EELEC  =    -84407.3832  EHBOND  =         0.0000  RESTRAINT  =         0.0000
 DV/DL  =        -9.2758
 ------------------------------------------------------------------------------


| TI region  2


 NSTEP =    70000   TIME(PS) =     140.000  TEMP(K) =   232.77  PRESS =     0.0
 Etot   =    -62631.3055  EKtot   =      9693.8910  EPtot      =    -72325.1964
 BOND   =         0.3203  ANGLE   =         2.4569  DIHED      =         4.6452
 1-4 NB =         0.8046  1-4 EEL =        13.7539  VDWAALS    =     12060.2059
 EELEC  =    -84407.3832  EHBOND  =         0.0000  RESTRAINT  =         0.0000
 DV/DL  =        -9.2758
 ------------------------------------------------------------------------------

 NMR restraints: Bond =    0.000   Angle =     0.000   Torsion =     0.000
===============================================================================

| TI region  1


 NSTEP =    75000   TIME(PS) =     150.000  TEMP(K) =   249.70  PRESS =     0.0
 Etot   =    -59824.8381  EKtot   =     10399.0387  EPtot      =    -70223.8768
 BOND   =         0.4560  ANGLE   =         3.8154  DIHED      =         1.3178
 1-4 NB =         0.9582  1-4 EEL =        14.3907  VDWAALS    =     11250.3415
 EELEC  =    -81495.1564  EHBOND  =         0.0000  RESTRAINT  =         0.0000
 DV/DL  =        -8.2461
 ------------------------------------------------------------------------------


| TI region  2


 NSTEP =    75000   TIME(PS) =     150.000  TEMP(K) =   249.70  PRESS =     0.0
 Etot   =    -59824.8381  EKtot   =     10399.0387  EPtot      =    -70223.8768
 BOND   =         0.4560  ANGLE   =         3.8154  DIHED      =         1.3178
 1-4 NB =         0.9582  1-4 EEL =        14.3907  VDWAALS    =     11250.3415
 EELEC  =    -81495.1564  EHBOND  =         0.0000  RESTRAINT  =         0.0000
 DV/DL  =        -8.2461
 ------------------------------------------------------------------------------

 NMR restraints: Bond =    0.000   Angle =     0.000   Torsion =     0.000
===============================================================================

| TI region  1


 NSTEP =    80000   TIME(PS) =     160.000  TEMP(K) =   268.26  PRESS =     0.0
 Etot   =    -57513.0386  EKtot   =     11171.9004  EPtot      =    -68684.9390
 BOND   =         0.7433  ANGLE   =         5.1218  DIHED      =         0.5210
 1-4 NB =        -0.1080  1-4 EEL =         9.1215  VDWAALS    =     10507.2758
 EELEC  =    -79207.6145  EHBOND  =         0.0000  RESTRAINT  =         0.0000
 DV/DL  =        -9.5722
 ------------------------------------------------------------------------------


| TI region  2


 NSTEP =    80000   TIME(PS) =     160.000  TEMP(K) =   268.26  PRESS =     0.0
 Etot   =    -57513.0386  EKtot   =     11171.9004  EPtot      =    -68684.9390
 BOND   =         0.7433  ANGLE   =         5.1218  DIHED      =         0.5210
 1-4 NB =        -0.1080  1-4 EEL =         9.1215  VDWAALS    =     10507.2758
 EELEC  =    -79207.6145  EHBOND  =         0.0000  RESTRAINT  =         0.0000
 DV/DL  =        -9.5722
 ------------------------------------------------------------------------------

 NMR restraints: Bond =    0.000   Angle =     0.000   Torsion =     0.000
===============================================================================

| TI region  1


 NSTEP =    85000   TIME(PS) =     170.000  TEMP(K) =   284.95  PRESS =     0.0
 Etot   =    -55197.2862  EKtot   =     11866.8185  EPtot      =    -67064.1047
 BOND   =         1.4178  ANGLE   =         5.7271  DIHED      =         0.5599
 1-4 NB =         1.0547  1-4 EEL =         8.9724  VDWAALS    =     10051.3684
 EELEC  =    -77133.2050  EHBOND  =         0.0000  RESTRAINT  =         0.0000
 DV/DL  =       -10.1536
 ------------------------------------------------------------------------------


| TI region  2


 NSTEP =    85000   TIME(PS) =     170.000  TEMP(K) =   284.95  PRESS =     0.0
 Etot   =    -55197.2862  EKtot   =     11866.8185  EPtot      =    -67064.1047
 BOND   =         1.4178  ANGLE   =         5.7271  DIHED      =         0.5599
 1-4 NB =         1.0547  1-4 EEL =         8.9724  VDWAALS    =     10051.3684
 EELEC  =    -77133.2050  EHBOND  =         0.0000  RESTRAINT  =         0.0000
 DV/DL  =       -10.1536
 ------------------------------------------------------------------------------

 NMR restraints: Bond =    0.000   Angle =     0.000   Torsion =     0.000
===============================================================================

| TI region  1


 NSTEP =    90000   TIME(PS) =     180.000  TEMP(K) =   296.65  PRESS =     0.0
 Etot   =    -53036.5189  EKtot   =     12354.2398  EPtot      =    -65390.7587
 BOND   =         0.1790  ANGLE   =         4.9729  DIHED      =         0.9725
 1-4 NB =         0.9334  1-4 EEL =        12.7791  VDWAALS    =      9589.0817
 EELEC  =    -74999.6775  EHBOND  =         0.0000  RESTRAINT  =         0.0000
 DV/DL  =       -13.1572
 ------------------------------------------------------------------------------


| TI region  2


 NSTEP =    90000   TIME(PS) =     180.000  TEMP(K) =   296.65  PRESS =     0.0
 Etot   =    -53036.5189  EKtot   =     12354.2398  EPtot      =    -65390.7587
 BOND   =         0.1790  ANGLE   =         4.9729  DIHED      =         0.9725
 1-4 NB =         0.9334  1-4 EEL =        12.7791  VDWAALS    =      9589.0817
 EELEC  =    -74999.6775  EHBOND  =         0.0000  RESTRAINT  =         0.0000
 DV/DL  =       -13.1572
 ------------------------------------------------------------------------------

 NMR restraints: Bond =    0.000   Angle =     0.000   Torsion =     0.000
===============================================================================

| TI region  1


 NSTEP =    95000   TIME(PS) =     190.000  TEMP(K) =   299.72  PRESS =     0.0
 Etot   =    -52945.4064  EKtot   =     12481.9559  EPtot      =    -65427.3623
 BOND   =         2.0384  ANGLE   =         2.5262  DIHED      =         0.8959
 1-4 NB =         0.1870  1-4 EEL =         8.5648  VDWAALS    =      9453.4932
 EELEC  =    -74895.0677  EHBOND  =         0.0000  RESTRAINT  =         0.0000
 DV/DL  =        -9.2180
 ------------------------------------------------------------------------------


| TI region  2


 NSTEP =    95000   TIME(PS) =     190.000  TEMP(K) =   299.72  PRESS =     0.0
 Etot   =    -52945.4064  EKtot   =     12481.9559  EPtot      =    -65427.3623
 BOND   =         2.0384  ANGLE   =         2.5262  DIHED      =         0.8959
 1-4 NB =         0.1870  1-4 EEL =         8.5648  VDWAALS    =      9453.4932
 EELEC  =    -74895.0677  EHBOND  =         0.0000  RESTRAINT  =         0.0000
 DV/DL  =        -9.2180
 ------------------------------------------------------------------------------

 NMR restraints: Bond =    0.000   Angle =     0.000   Torsion =     0.000
===============================================================================

| TI region  1


 NSTEP =   100000   TIME(PS) =     200.000  TEMP(K) =   299.99  PRESS =     0.0
 Etot   =    -52660.6270  EKtot   =     12493.3518  EPtot      =    -65153.9789
 BOND   =         0.3048  ANGLE   =         5.1384  DIHED      =         1.3972
 1-4 NB =         0.2756  1-4 EEL =         8.7577  VDWAALS    =      9343.6895
 EELEC  =    -74513.5420  EHBOND  =         0.0000  RESTRAINT  =         0.0000
 DV/DL  =       -14.7820
 ------------------------------------------------------------------------------


| TI region  2


 NSTEP =   100000   TIME(PS) =     200.000  TEMP(K) =   299.99  PRESS =     0.0
 Etot   =    -52660.6270  EKtot   =     12493.3518  EPtot      =    -65153.9789
 BOND   =         0.3048  ANGLE   =         5.1384  DIHED      =         1.3972
 1-4 NB =         0.2756  1-4 EEL =         8.7577  VDWAALS    =      9343.6895
 EELEC  =    -74513.5420  EHBOND  =         0.0000  RESTRAINT  =         0.0000
 DV/DL  =       -14.7820
 ------------------------------------------------------------------------------

 NMR restraints: Bond =    0.000   Angle =     0.000   Torsion =     0.000
===============================================================================

| TI region  1


      A V E R A G E S   O V E R      20 S T E P S


 NSTEP =   100000   TIME(PS) =     200.000  TEMP(K) =   171.89  PRESS =     0.0
 Etot   =    -68178.7668  EKtot   =      7158.6451  EPtot      =    -75337.4119
 BOND   =         0.4654  ANGLE   =         2.6512  DIHED      =         0.8935
 1-4 NB =         0.4289  1-4 EEL =        12.1568  VDWAALS    =     13056.8393
 EELEC  =    -88410.8469  EHBOND  =         0.0000  RESTRAINT  =         0.0000
 DV/DL  =       -10.1309
 ------------------------------------------------------------------------------

 NMR restraints: Bond =    0.000   Angle =     0.000   Torsion =     0.000
===============================================================================

      R M S  F L U C T U A T I O N S


 NSTEP =   100000   TIME(PS) =     200.000  TEMP(K) =    92.53  PRESS =     0.0
 Etot   =      9890.5370  EKtot   =      3853.6530  EPtot      =      6114.8553
 BOND   =         0.5010  ANGLE   =         1.6324  DIHED      =         0.9670
 1-4 NB =         0.3024  1-4 EEL =         1.7535  VDWAALS    =      2161.9599
 EELEC  =      8266.1813  EHBOND  =         0.0000  RESTRAINT  =         0.0000
 DV/DL  =         2.5267
 ------------------------------------------------------------------------------


| TI region  2


      A V E R A G E S   O V E R      20 S T E P S


 NSTEP =   100000   TIME(PS) =     200.000  TEMP(K) =   171.89  PRESS =     0.0
 Etot   =    -68178.7668  EKtot   =      7158.6451  EPtot      =    -75337.4119
 BOND   =         0.4654  ANGLE   =         2.6512  DIHED      =         0.8935
 1-4 NB =         0.4289  1-4 EEL =        12.1568  VDWAALS    =     13056.8393
 EELEC  =    -88410.8469  EHBOND  =         0.0000  RESTRAINT  =         0.0000
 DV/DL  =       -10.1309
 ------------------------------------------------------------------------------

 NMR restraints: Bond =    0.000   Angle =     0.000   Torsion =     0.000
===============================================================================

      R M S  F L U C T U A T I O N S


 NSTEP =   100000   TIME(PS) =     200.000  TEMP(K) =    92.53  PRESS =     0.0
 Etot   =      9890.5370  EKtot   =      3853.6530  EPtot      =      6114.8553
 BOND   =         0.5010  ANGLE   =         1.6324  DIHED      =         0.9670
 1-4 NB =         0.3024  1-4 EEL =         1.7535  VDWAALS    =      2161.9599
 EELEC  =      8266.1813  EHBOND  =         0.0000  RESTRAINT  =         0.0000
 DV/DL  =         2.5267
 ------------------------------------------------------------------------------


      DV/DL, AVERAGES OVER      20 STEPS


 NSTEP =   100000   TIME(PS) =     200.000  TEMP(K) =    92.53  PRESS =     0.0
 Etot   =         0.0000  EKtot   =         0.0000  EPtot      =       -10.1309
 BOND   =         0.0000  ANGLE   =         0.0000  DIHED      =         0.0000
 1-4 NB =         0.0000  1-4 EEL =       -38.4611  VDWAALS    =         0.0000
 EELEC  =        28.3302  EHBOND  =         0.0000  RESTRAINT  =         0.0000
 DV/DL  =       -10.1309
 ------------------------------------------------------------------------------


 NMR restraints on final step:

--------------------------------------------------------------------------------
   5.  TIMINGS
--------------------------------------------------------------------------------

|  NonSetup CPU Time in Major Routines:
|
|     Routine           Sec        %
|     ------------------------------
|     Nonbond          87.03   34.30
|     Bond              0.00    0.00
|     Angle             0.00    0.00
|     Dihedral          0.00    0.00
|     Shake             0.86    0.34
|     RunMD           165.51   65.23
|     Other             0.33    0.13
|     ------------------------------
|     Total           253.74

|  PME Nonbond Pairlist CPU Time:
|
|     Routine              Sec        %
|     ---------------------------------
|     Set Up Cit           0.00    0.00
|     Build List           0.00    0.00
|     ---------------------------------
|     Total                0.00    0.00

|  PME Direct Force CPU Time:
|
|     Routine              Sec        %
|     ---------------------------------
|     NonBonded Calc       0.00    0.00
|     Exclude Masked       0.00    0.00
|     Other                0.22    0.09
|     ---------------------------------
|     Total                0.22    0.09

|  PME Reciprocal Force CPU Time:
|
|     Routine              Sec        %
|     ---------------------------------
|     1D bspline           0.00    0.00
|     Grid Charges         0.00    0.00
|     Scalar Sum           0.00    0.00
|     Gradient Sum         0.00    0.00
|     FFT                  0.00    0.00
|     ---------------------------------
|     Total                0.00    0.00

|  Final Performance Info:
|     -----------------------------------------------------
|     Average timings for last       1 steps:
|     Elapsed(s) =       0.00 Per Step(ms) =       1.52
|         ns/day =     113.32   seconds/ns =     762.45
|
|     Average timings for all steps:
|     Elapsed(s) =     253.87 Per Step(ms) =       2.54
|         ns/day =      68.07   seconds/ns =    1269.35
|     -----------------------------------------------------

|  Setup CPU time:            0.55 seconds
|  NonSetup CPU time:       253.74 seconds
|  Total CPU time:          254.29 seconds     0.07 hours

|  Setup wall time:           1    seconds
|  NonSetup wall time:      254    seconds
|  Total wall time:         255    seconds     0.07 hours
