
          -------------------------------------------------------
          Amber 18 PMEMD                              2018
          -------------------------------------------------------

| PMEMD implementation of SANDER, Release 18

| Run on 07/30/2020 at 15:50:29

|   Executable path: /opt/software/Amber/18-foss-2018b-AmberTools-19/bin/pmemd.cuda
| Working directory: /mnt/gs18/scratch/users/songlin3/run/ti_en/tip3p_onestep_gas/0.04794
|          Hostname: lac-083

  [-O]verwriting output

File Assignments:
|   MDIN: heat.in                                                               
|  MDOUT: heat.out                                                              
| INPCRD: min.rst                                                               
|   PARM: en_step2_final.prmtop                                                 
| RESTRT: heat.rst                                                              
|   REFC: min.rst                                                               
|  MDVEL: mdvel                                                                 
|   MDEN: mden                                                                  
|  MDCRD: heat.netcdf                                                           
| MDINFO: heat.mdinfo                                                           
|  MDFRC: mdfrc                                                                 


 Here is the input file:

nvt for free MD                                                                
 &cntrl                                                                        
  imin=0,                                                                      
  irest=0,                                                                     
  ntx=1,                                                                       
  ig=-1,                                                                       
  nstlim=200000,                                                               
  dt=0.001,                                                                    
  cut=10.0,                                                                    
  ntc=1,                                                                       
  ntf=1,                                                                       
  ntb=1,                                                                       
  ntt=3,                                                                       
  gamma_ln=2.0,                                                                
  tempi=0.0,                                                                   
  temp0=300.0,                                                                 
  ntpr=5000,                                                                   
  ntwr=5000,                                                                   
  ntwx=10000,                                                                  
  ntwv=0,                                                                      
  ioutfm=1,                                                                    
  iwrap=0,                                                                     
  nmropt=1,                                                                    
  ifsc = 1, icfe=1,                                                            
  clambda=0.04794,                                                             
  timask1=':1', scmask1=':1', scmask2='',                                      
  timask2='',                                                                  
/                                                                              
&wt TYPE='TEMP0', istep1=0, istep2=190000, value1=0.0, value2=300.0 /          
&wt TYPE='TEMP0', istep1=190001, istep2=200000, value1=300.0, value2=300.0 /   
&wt TYPE='DUMPFREQ', istep1=10000, /                                           
&wt TYPE='END', /                                                              


Note: ig = -1. Setting random seed to   503952 based on wallclock time in 
      microseconds.
| irandom = 1, using AMBER's internal random number generator (default).
 
|--------------------- INFORMATION ----------------------
| GPU (CUDA) Version of PMEMD in use: NVIDIA GPU IN USE.
|                    Version 18.0.0
| 
|                      03/25/2018
| 
| Implementation by:
|                    Ross C. Walker     (SDSC)
|                    Scott Le Grand     (nVIDIA)
| 
| Version 18 performance extensions by:
|                    David Cerutti     (Rutgers)
| 
| Precision model in use:
|      [SPFP] - Single Precision Forces, 64-bit Fixed Point
|               Accumulation. (Default)
| 
|--------------------------------------------------------
 
|----------------- CITATION INFORMATION -----------------
|
|    When publishing work that utilized the CUDA version
|    of AMBER, please cite the following in addition to
|    the regular AMBER citations:
|
|  - Romelia Salomon-Ferrer; Andreas W. Goetz; Duncan
|    Poole; Scott Le Grand; Ross C. Walker "Routine
|    microsecond molecular dynamics simulations with
|    AMBER - Part II: Particle Mesh Ewald", J. Chem.
|    Theory Comput., 2013, 9 (9), pp3878-3888,
|    DOI: 10.1021/ct400314y.
|
|  - Andreas W. Goetz; Mark J. Williamson; Dong Xu;
|    Duncan Poole; Scott Le Grand; Ross C. Walker
|    "Routine microsecond molecular dynamics simulations
|    with AMBER - Part I: Generalized Born", J. Chem.
|    Theory Comput., 2012, 8 (5), pp1542-1555.
|
|  - Scott Le Grand; Andreas W. Goetz; Ross C. Walker
|    "SPFP: Speed without compromise - a mixed precision
|    model for GPU accelerated molecular dynamics
|    simulations.", Comp. Phys. Comm., 2013, 184
|    pp374-380, DOI: 10.1016/j.cpc.2012.09.022
|
|    When publishing work that utilized the CUDA version
|    of TI, BAR, MBAR or FEP please cite the following 
|    three publications in addition to the regular AMBER 
|    GPU citations:
|
|  - Daniel J. Mermelstein; Charles Lin; Gard Nelson; 
|    Rachael Kretsch; J. Andrew McCammon; Ross C. Walker
|    "Fast and Flexible GPU Accelerated Binding 
|    Free Energy Calculations within the AMBER Molecular
|    Dynamics Package" J. Comp. Chem., 2018,
|    DOI: 10.1002/jcc.25187
|
|  - Tai-Sung Lee; Yuan Hu; Brad Sherborne; Zhuyan Guo;
|    Darrin M. York
|    "Toward Fast and Accurate Binding Affinity Prediction with
|    pmemdGTI: An Efficient Implementation of GPU-Accelerated
|    Thermodynamic Integration"
|    J. Chem. Theory Comput., 2017, 13 (7), 3077
|
|
|--------------------------------------------------------
 
|------------------- GPU DEVICE INFO --------------------
|
|            CUDA_VISIBLE_DEVICES: 0
|   CUDA Capable Devices Detected:      1
|           CUDA Device ID in use:      0
|                CUDA Device Name: Tesla K80
|     CUDA Device Global Mem Size:  12206 MB
| CUDA Device Num Multiprocessors:     13
|           CUDA Device Core Freq:   0.82 GHz
|
|--------------------------------------------------------
 
 
| Conditional Compilation Defines Used:
| PUBFFT
| BINTRAJ
| CUDA
| EMIL

| Largest sphere to fit in unit cell has radius =    27.375

| New format PARM file being parsed.
| Version =    1.000 Date = 07/20/20 Time = 14:57:51

| Note: 1-4 EEL scale factors are being read from the topology file.

| Note: 1-4 VDW scale factors are being read from the topology file.
| Duplicated    0 dihedrals

| Duplicated    0 dihedrals

--------------------------------------------------------------------------------
   1.  RESOURCE   USE: 
--------------------------------------------------------------------------------

 getting box info from netcdf restart file
 NATOM  =      12 NTYPES =       6 NBONH =       8 MBONA  =       3
 NTHETH =      16 MTHETA =       2 NPHIH =      20 MPHIA  =       1
 NHPARM =       0 NPARM  =       0 NNB   =      51 NRES   =       1
 NBONA  =       3 NTHETA =       2 NPHIA =       1 NUMBND =       4
 NUMANG =       6 NPTRA  =       2 NATYP =       6 NPHB   =       1
 IFBOX  =       2 NMXRS  =      12 IFCAP =       0 NEXTRA =       0
 NCOPY  =       0

| Coordinate Index Table dimensions:    10   10   10
| Direct force subcell size =     6.7054    6.7054    6.7054

     BOX TYPE: TRUNCATED OCTAHEDRON

--------------------------------------------------------------------------------
   2.  CONTROL  DATA  FOR  THE  RUN
--------------------------------------------------------------------------------

default_name                                                                    

General flags:
     imin    =       0, nmropt  =       1

Nature and format of input:
     ntx     =       1, irest   =       0, ntrx    =       1

Nature and format of output:
     ntxo    =       2, ntpr    =    5000, ntrx    =       1, ntwr    =    5000
     iwrap   =       0, ntwx    =   10000, ntwv    =       0, ntwe    =       0
     ioutfm  =       1, ntwprt  =       0, idecomp =       0, rbornstat=      0

Potential function:
     ntf     =       1, ntb     =       1, igb     =       0, nsnb    =      25
     ipol    =       0, gbsa    =       0, iesp    =       0
     dielc   =   1.00000, cut     =  10.00000, intdiel =   1.00000

Frozen or restrained atoms:
     ibelly  =       0, ntr     =       0

Molecular dynamics:
     nstlim  =    200000, nscm    =      1000, nrespa  =         1
     t       =   0.00000, dt      =   0.00100, vlimit  =  -1.00000

Langevin dynamics temperature regulation:
     ig      =  503952
     temp0   = 300.00000, tempi   =   0.00000, gamma_ln=   2.00000

NMR refinement options:
     iscale  =       0, noeskp  =       1, ipnlty  =       1, mxsub   =       1
     scalm   = 100.00000, pencut  =   0.10000, tausw   =   0.10000

Free energy options:
     icfe    =       1, ifsc    =       1, klambda =       1
     clambda =  0.0479, scalpha =  0.5000, scbeta  = 12.0000
     sceeorder =       2
     dynlmb =  0.0000 logdvdl =       0

| Intermolecular bonds treatment:
|     no_intermolecular_bonds =       1

| Energy averages sample interval:
|     ene_avg_sampling =    5000

Ewald parameters:
     verbose =       0, ew_type =       0, nbflag  =       1, use_pme =       1
     vdwmeth =       1, eedmeth =       1, netfrc  =       1
     Box X =   67.054   Box Y =   67.054   Box Z =   67.054
     Alpha =  109.471   Beta  =  109.471   Gamma =  109.471
     NFFT1 =   64       NFFT2 =   64       NFFT3 =   64
     Cutoff=   10.000   Tol   =0.100E-04
     Ewald Coefficient =  0.27511
     Interpolation order =    4
     TI Mask 1 :1; matches     12 atoms
     TI Mask 2  matches      0 atoms
     TI region 1:      12 atoms
     TI region 2:       0 atoms
     SC Mask 1 :1; matches     12 atoms

--------------------------------------------------------------------------------
   3.  ATOMIC COORDINATES AND VELOCITIES
--------------------------------------------------------------------------------

default_name                                                                    
 begin time read from input coords =     0.000 ps



           Begin reading energy term weight changes/NMR restraints
 WEIGHT CHANGES:
 TEMP0         0 190000    0.000000  300.000000      0      0
 TEMP0    190001 200000  300.000000  300.000000      0      0
 DUMPFREQ  10000      0    0.000000    0.000000      0      0

 RESTRAINTS:
                          ** No restraint defined **

                  Done reading weight changes/NMR restraints


 
 Number of triangulated 3-point waters found:        0
 Number of shake restraints removed in TI region  1 :        0
 Number of shake restraints removed in TI region  2 :        0

     Sum of charges for TI region  1 =  -0.00000000
     Forcing neutrality...


     Sum of charges for TI region  2 =   0.00000000
     Forcing neutrality...

| Dynamic Memory, Types Used:
| Reals              144045
| Integers             1225

| Nonbonded Pairs Initial Allocation:        3629

| GPU memory information (estimate):
| KB of GPU memory in use:         0
| KB of CPU memory in use:         0

--------------------------------------------------------------------------------
   4.  RESULTS
--------------------------------------------------------------------------------

   DOF for the SC part  1 of the system:   36

| TI region  1


 NSTEP =        0   TIME(PS) =       0.000  TEMP(K) =     0.00  PRESS =     0.0
 Etot   =        -0.0013  EKtot   =         0.0000  EPtot      =        -0.0013
 BOND   =        -0.0000  ANGLE   =         0.0000  DIHED      =        -0.0000
 1-4 NB =         0.0000  1-4 EEL =         0.0000  VDWAALS    =        -0.0001
 EELEC  =        -0.0012  EHBOND  =         0.0000  RESTRAINT  =         0.0000
 DV/DL  =         0.0014
 ------------------------------------------------------------------------------

  Softcore part of the system:      12 atoms,       TEMP(K)    =           0.00
 SC_Etot=        13.8015  SC_EKtot=         0.0000  SC_EPtot   =        13.8015
 SC_BOND=         0.0444  SC_ANGLE=         0.1434  SC_DIHED   =         0.3280
 SC_14NB=         0.4104  SC_14EEL=        40.4529  SC_VDW     =        -0.0883
 SC_EEL =       -27.4892
 SC_RES_DIST=     0.0000  SC_RES_ANG=       0.0000  SC_RES_TORS=         0.0000
 SC_EEL_DER=      0.0000  SC_VDW_DER=       0.0000  SC_DERIV   =         0.0000
 ------------------------------------------------------------------------------


| TI region  2


 NSTEP =        0   TIME(PS) =       0.000  TEMP(K) =      NaN  PRESS =     0.0
 Etot   =        -0.0013  EKtot   =         0.0000  EPtot      =        -0.0013
 BOND   =        -0.0000  ANGLE   =         0.0000  DIHED      =        -0.0000
 1-4 NB =         0.0000  1-4 EEL =         0.0000  VDWAALS    =        -0.0001
 EELEC  =        -0.0012  EHBOND  =         0.0000  RESTRAINT  =         0.0000
 DV/DL  =         0.0014
 ------------------------------------------------------------------------------

 NMR restraints: Bond =    0.000   Angle =     0.000   Torsion =     0.000
===============================================================================

| TI region  1


 NSTEP =     5000   TIME(PS) =       5.000  TEMP(K) =     5.69  PRESS =     0.0
 Etot   =         0.2042  EKtot   =         0.2037  EPtot      =         0.0006
 BOND   =        -0.0000  ANGLE   =         0.0000  DIHED      =        -0.0000
 1-4 NB =         0.0000  1-4 EEL =         0.0000  VDWAALS    =        -0.0001
 EELEC  =         0.0007  EHBOND  =         0.0000  RESTRAINT  =         0.0000
 DV/DL  =        -0.0006
 ------------------------------------------------------------------------------

  Softcore part of the system:      12 atoms,       TEMP(K)    =           5.69
 SC_Etot=        14.2410  SC_EKtot=         0.2037  SC_EPtot   =        14.0373
 SC_BOND=         0.2571  SC_ANGLE=         0.2759  SC_DIHED   =         0.3191
 SC_14NB=         0.4265  SC_14EEL=        40.4399  SC_VDW     =        -0.0887
 SC_EEL =       -27.5925
 SC_RES_DIST=     0.0000  SC_RES_ANG=       0.0000  SC_RES_TORS=         0.0000
 SC_EEL_DER=      0.0000  SC_VDW_DER=       0.0000  SC_DERIV   =         0.0000
 ------------------------------------------------------------------------------


| TI region  2


 NSTEP =     5000   TIME(PS) =       5.000  TEMP(K) = Infinity  PRESS =     0.0
 Etot   =         0.0006  EKtot   =         0.0000  EPtot      =         0.0006
 BOND   =        -0.0000  ANGLE   =         0.0000  DIHED      =        -0.0000
 1-4 NB =         0.0000  1-4 EEL =         0.0000  VDWAALS    =        -0.0001
 EELEC  =         0.0007  EHBOND  =         0.0000  RESTRAINT  =         0.0000
 DV/DL  =        -0.0006
 ------------------------------------------------------------------------------

 NMR restraints: Bond =    0.000   Angle =     0.000   Torsion =     0.000
===============================================================================

| TI region  1


 NSTEP =    10000   TIME(PS) =      10.000  TEMP(K) =    13.34  PRESS =     0.0
 Etot   =         0.4766  EKtot   =         0.4773  EPtot      =        -0.0006
 BOND   =         0.0000  ANGLE   =        -0.0000  DIHED      =        -0.0000
 1-4 NB =         0.0000  1-4 EEL =         0.0000  VDWAALS    =        -0.0001
 EELEC  =        -0.0005  EHBOND  =         0.0000  RESTRAINT  =         0.0000
 DV/DL  =         0.0006
 ------------------------------------------------------------------------------

  Softcore part of the system:      12 atoms,       TEMP(K)    =          13.34
 SC_Etot=        14.6925  SC_EKtot=         0.4773  SC_EPtot   =        14.2153
 SC_BOND=         0.0898  SC_ANGLE=         0.4083  SC_DIHED   =         0.3708
 SC_14NB=         0.2743  SC_14EEL=        39.9481  SC_VDW     =        -0.0840
 SC_EEL =       -26.7922
 SC_RES_DIST=     0.0000  SC_RES_ANG=       0.0000  SC_RES_TORS=         0.0000
 SC_EEL_DER=      0.0000  SC_VDW_DER=       0.0000  SC_DERIV   =         0.0000
 ------------------------------------------------------------------------------


| TI region  2


 NSTEP =    10000   TIME(PS) =      10.000  TEMP(K) = Infinity  PRESS =     0.0
 Etot   =        -0.0006  EKtot   =         0.0000  EPtot      =        -0.0006
 BOND   =         0.0000  ANGLE   =        -0.0000  DIHED      =        -0.0000
 1-4 NB =         0.0000  1-4 EEL =         0.0000  VDWAALS    =        -0.0001
 EELEC  =        -0.0005  EHBOND  =         0.0000  RESTRAINT  =         0.0000
 DV/DL  =         0.0006
 ------------------------------------------------------------------------------

 NMR restraints: Bond =    0.000   Angle =     0.000   Torsion =     0.000
===============================================================================

| TI region  1


 NSTEP =    15000   TIME(PS) =      15.000  TEMP(K) =    26.39  PRESS =     0.0
 Etot   =         0.9434  EKtot   =         0.9440  EPtot      =        -0.0006
 BOND   =         0.0000  ANGLE   =         0.0000  DIHED      =        -0.0000
 1-4 NB =         0.0000  1-4 EEL =         0.0000  VDWAALS    =        -0.0001
 EELEC  =        -0.0005  EHBOND  =         0.0000  RESTRAINT  =         0.0000
 DV/DL  =         0.0006
 ------------------------------------------------------------------------------

  Softcore part of the system:      12 atoms,       TEMP(K)    =          26.39
 SC_Etot=        15.4525  SC_EKtot=         0.9440  SC_EPtot   =        14.5086
 SC_BOND=         0.2013  SC_ANGLE=         0.1909  SC_DIHED   =         0.7719
 SC_14NB=         0.3066  SC_14EEL=        39.9451  SC_VDW     =        -0.0840
 SC_EEL =       -26.8234
 SC_RES_DIST=     0.0000  SC_RES_ANG=       0.0000  SC_RES_TORS=         0.0000
 SC_EEL_DER=      0.0000  SC_VDW_DER=       0.0000  SC_DERIV   =         0.0000
 ------------------------------------------------------------------------------


| TI region  2


 NSTEP =    15000   TIME(PS) =      15.000  TEMP(K) =-Infinity  PRESS =     0.0
 Etot   =        -0.0006  EKtot   =        -0.0000  EPtot      =        -0.0006
 BOND   =         0.0000  ANGLE   =         0.0000  DIHED      =        -0.0000
 1-4 NB =         0.0000  1-4 EEL =         0.0000  VDWAALS    =        -0.0001
 EELEC  =        -0.0005  EHBOND  =         0.0000  RESTRAINT  =         0.0000
 DV/DL  =         0.0006
 ------------------------------------------------------------------------------

 NMR restraints: Bond =    0.000   Angle =     0.000   Torsion =     0.000
===============================================================================

| TI region  1


 NSTEP =    20000   TIME(PS) =      20.000  TEMP(K) =    27.59  PRESS =     0.0
 Etot   =         0.9855  EKtot   =         0.9870  EPtot      =        -0.0016
 BOND   =         0.0000  ANGLE   =        -0.0000  DIHED      =        -0.0000
 1-4 NB =         0.0000  1-4 EEL =         0.0000  VDWAALS    =        -0.0001
 EELEC  =        -0.0014  EHBOND  =         0.0000  RESTRAINT  =         0.0000
 DV/DL  =         0.0016
 ------------------------------------------------------------------------------

  Softcore part of the system:      12 atoms,       TEMP(K)    =          27.59
 SC_Etot=        15.8598  SC_EKtot=         0.9870  SC_EPtot   =        14.8728
 SC_BOND=         0.2015  SC_ANGLE=         0.9183  SC_DIHED   =         0.7406
 SC_14NB=         0.4512  SC_14EEL=        40.6913  SC_VDW     =        -0.0888
 SC_EEL =       -28.0413
 SC_RES_DIST=     0.0000  SC_RES_ANG=       0.0000  SC_RES_TORS=         0.0000
 SC_EEL_DER=      0.0000  SC_VDW_DER=       0.0000  SC_DERIV   =         0.0000
 ------------------------------------------------------------------------------


| TI region  2


 NSTEP =    20000   TIME(PS) =      20.000  TEMP(K) = Infinity  PRESS =     0.0
 Etot   =        -0.0016  EKtot   =         0.0000  EPtot      =        -0.0016
 BOND   =         0.0000  ANGLE   =        -0.0000  DIHED      =        -0.0000
 1-4 NB =         0.0000  1-4 EEL =         0.0000  VDWAALS    =        -0.0001
 EELEC  =        -0.0014  EHBOND  =         0.0000  RESTRAINT  =         0.0000
 DV/DL  =         0.0016
 ------------------------------------------------------------------------------

 NMR restraints: Bond =    0.000   Angle =     0.000   Torsion =     0.000
===============================================================================

| TI region  1


 NSTEP =    25000   TIME(PS) =      25.000  TEMP(K) =    40.51  PRESS =     0.0
 Etot   =         1.4474  EKtot   =         1.4489  EPtot      =        -0.0015
 BOND   =        -0.0000  ANGLE   =         0.0000  DIHED      =        -0.0000
 1-4 NB =         0.0000  1-4 EEL =        -0.0000  VDWAALS    =        -0.0001
 EELEC  =        -0.0014  EHBOND  =         0.0000  RESTRAINT  =         0.0000
 DV/DL  =         0.0016
 ------------------------------------------------------------------------------

  Softcore part of the system:      12 atoms,       TEMP(K)    =          40.51
 SC_Etot=        16.7139  SC_EKtot=         1.4489  SC_EPtot   =        15.2650
 SC_BOND=         0.9857  SC_ANGLE=         0.4041  SC_DIHED   =         0.0770
 SC_14NB=         0.3435  SC_14EEL=        40.7797  SC_VDW     =        -0.0799
 SC_EEL =       -27.2451
 SC_RES_DIST=     0.0000  SC_RES_ANG=       0.0000  SC_RES_TORS=         0.0000
 SC_EEL_DER=      0.0000  SC_VDW_DER=       0.0000  SC_DERIV   =         0.0000
 ------------------------------------------------------------------------------


| TI region  2


 NSTEP =    25000   TIME(PS) =      25.000  TEMP(K) = Infinity  PRESS =     0.0
 Etot   =        -0.0015  EKtot   =         0.0000  EPtot      =        -0.0015
 BOND   =        -0.0000  ANGLE   =         0.0000  DIHED      =        -0.0000
 1-4 NB =         0.0000  1-4 EEL =        -0.0000  VDWAALS    =        -0.0001
 EELEC  =        -0.0014  EHBOND  =         0.0000  RESTRAINT  =         0.0000
 DV/DL  =         0.0016
 ------------------------------------------------------------------------------

 NMR restraints: Bond =    0.000   Angle =     0.000   Torsion =     0.000
===============================================================================

| TI region  1


 NSTEP =    30000   TIME(PS) =      30.000  TEMP(K) =    43.36  PRESS =     0.0
 Etot   =         1.5500  EKtot   =         1.5510  EPtot      =        -0.0010
 BOND   =         0.0000  ANGLE   =         0.0000  DIHED      =        -0.0000
 1-4 NB =         0.0000  1-4 EEL =         0.0000  VDWAALS    =        -0.0001
 EELEC  =        -0.0008  EHBOND  =         0.0000  RESTRAINT  =         0.0000
 DV/DL  =         0.0010
 ------------------------------------------------------------------------------

  Softcore part of the system:      12 atoms,       TEMP(K)    =          43.36
 SC_Etot=        16.7536  SC_EKtot=         1.5510  SC_EPtot   =        15.2026
 SC_BOND=         0.3181  SC_ANGLE=         0.9237  SC_DIHED   =         1.0135
 SC_14NB=         0.4928  SC_14EEL=        40.5824  SC_VDW     =        -0.0928
 SC_EEL =       -28.0350
 SC_RES_DIST=     0.0000  SC_RES_ANG=       0.0000  SC_RES_TORS=         0.0000
 SC_EEL_DER=      0.0000  SC_VDW_DER=       0.0000  SC_DERIV   =         0.0000
 ------------------------------------------------------------------------------


| TI region  2


 NSTEP =    30000   TIME(PS) =      30.000  TEMP(K) = Infinity  PRESS =     0.0
 Etot   =        -0.0010  EKtot   =         0.0000  EPtot      =        -0.0010
 BOND   =         0.0000  ANGLE   =         0.0000  DIHED      =        -0.0000
 1-4 NB =         0.0000  1-4 EEL =         0.0000  VDWAALS    =        -0.0001
 EELEC  =        -0.0008  EHBOND  =         0.0000  RESTRAINT  =         0.0000
 DV/DL  =         0.0010
 ------------------------------------------------------------------------------

 NMR restraints: Bond =    0.000   Angle =     0.000   Torsion =     0.000
===============================================================================

| TI region  1


 NSTEP =    35000   TIME(PS) =      35.000  TEMP(K) =    34.82  PRESS =     0.0
 Etot   =         1.2466  EKtot   =         1.2454  EPtot      =         0.0013
 BOND   =         0.0000  ANGLE   =         0.0000  DIHED      =         0.0000
 1-4 NB =         0.0000  1-4 EEL =         0.0000  VDWAALS    =        -0.0001
 EELEC  =         0.0014  EHBOND  =         0.0000  RESTRAINT  =         0.0000
 DV/DL  =        -0.0013
 ------------------------------------------------------------------------------

  Softcore part of the system:      12 atoms,       TEMP(K)    =          34.82
 SC_Etot=        16.9361  SC_EKtot=         1.2454  SC_EPtot   =        15.6907
 SC_BOND=         1.1263  SC_ANGLE=         0.5761  SC_DIHED   =         0.1258
 SC_14NB=         0.5418  SC_14EEL=        42.2352  SC_VDW     =        -0.0928
 SC_EEL =       -28.8216
 SC_RES_DIST=     0.0000  SC_RES_ANG=       0.0000  SC_RES_TORS=         0.0000
 SC_EEL_DER=      0.0000  SC_VDW_DER=       0.0000  SC_DERIV   =         0.0000
 ------------------------------------------------------------------------------


| TI region  2


 NSTEP =    35000   TIME(PS) =      35.000  TEMP(K) = Infinity  PRESS =     0.0
 Etot   =         0.0013  EKtot   =         0.0000  EPtot      =         0.0013
 BOND   =         0.0000  ANGLE   =         0.0000  DIHED      =         0.0000
 1-4 NB =         0.0000  1-4 EEL =         0.0000  VDWAALS    =        -0.0001
 EELEC  =         0.0014  EHBOND  =         0.0000  RESTRAINT  =         0.0000
 DV/DL  =        -0.0013
 ------------------------------------------------------------------------------

 NMR restraints: Bond =    0.000   Angle =     0.000   Torsion =     0.000
===============================================================================

| TI region  1


 NSTEP =    40000   TIME(PS) =      40.000  TEMP(K) =    47.23  PRESS =     0.0
 Etot   =         1.6884  EKtot   =         1.6895  EPtot      =        -0.0011
 BOND   =         0.0000  ANGLE   =        -0.0000  DIHED      =        -0.0000
 1-4 NB =         0.0000  1-4 EEL =        -0.0000  VDWAALS    =        -0.0001
 EELEC  =        -0.0009  EHBOND  =         0.0000  RESTRAINT  =         0.0000
 DV/DL  =         0.0011
 ------------------------------------------------------------------------------

  Softcore part of the system:      12 atoms,       TEMP(K)    =          47.23
 SC_Etot=        17.5147  SC_EKtot=         1.6895  SC_EPtot   =        15.8251
 SC_BOND=         0.6254  SC_ANGLE=         1.3163  SC_DIHED   =         0.5313
 SC_14NB=         0.3197  SC_14EEL=        38.1046  SC_VDW     =        -0.0743
 SC_EEL =       -24.9978
 SC_RES_DIST=     0.0000  SC_RES_ANG=       0.0000  SC_RES_TORS=         0.0000
 SC_EEL_DER=      0.0000  SC_VDW_DER=       0.0000  SC_DERIV   =         0.0000
 ------------------------------------------------------------------------------


| TI region  2


 NSTEP =    40000   TIME(PS) =      40.000  TEMP(K) = Infinity  PRESS =     0.0
 Etot   =        -0.0011  EKtot   =         0.0000  EPtot      =        -0.0011
 BOND   =         0.0000  ANGLE   =        -0.0000  DIHED      =        -0.0000
 1-4 NB =         0.0000  1-4 EEL =        -0.0000  VDWAALS    =        -0.0001
 EELEC  =        -0.0009  EHBOND  =         0.0000  RESTRAINT  =         0.0000
 DV/DL  =         0.0011
 ------------------------------------------------------------------------------

 NMR restraints: Bond =    0.000   Angle =     0.000   Torsion =     0.000
===============================================================================

| TI region  1


 NSTEP =    45000   TIME(PS) =      45.000  TEMP(K) =    46.13  PRESS =     0.0
 Etot   =         1.6490  EKtot   =         1.6500  EPtot      =        -0.0010
 BOND   =        -0.0000  ANGLE   =         0.0000  DIHED      =        -0.0000
 1-4 NB =         0.0000  1-4 EEL =         0.0000  VDWAALS    =        -0.0001
 EELEC  =        -0.0009  EHBOND  =         0.0000  RESTRAINT  =         0.0000
 DV/DL  =         0.0011
 ------------------------------------------------------------------------------

  Softcore part of the system:      12 atoms,       TEMP(K)    =          46.13
 SC_Etot=        17.8322  SC_EKtot=         1.6500  SC_EPtot   =        16.1822
 SC_BOND=         0.7109  SC_ANGLE=         1.9025  SC_DIHED   =         0.7848
 SC_14NB=         0.3854  SC_14EEL=        40.4870  SC_VDW     =        -0.0892
 SC_EEL =       -27.9992
 SC_RES_DIST=     0.0000  SC_RES_ANG=       0.0000  SC_RES_TORS=         0.0000
 SC_EEL_DER=      0.0000  SC_VDW_DER=       0.0000  SC_DERIV   =         0.0000
 ------------------------------------------------------------------------------


| TI region  2


 NSTEP =    45000   TIME(PS) =      45.000  TEMP(K) = Infinity  PRESS =     0.0
 Etot   =        -0.0010  EKtot   =         0.0000  EPtot      =        -0.0010
 BOND   =        -0.0000  ANGLE   =         0.0000  DIHED      =        -0.0000
 1-4 NB =         0.0000  1-4 EEL =         0.0000  VDWAALS    =        -0.0001
 EELEC  =        -0.0009  EHBOND  =         0.0000  RESTRAINT  =         0.0000
 DV/DL  =         0.0011
 ------------------------------------------------------------------------------

 NMR restraints: Bond =    0.000   Angle =     0.000   Torsion =     0.000
===============================================================================

| TI region  1


 NSTEP =    50000   TIME(PS) =      50.000  TEMP(K) =   119.42  PRESS =     0.0
 Etot   =         4.2701  EKtot   =         4.2716  EPtot      =        -0.0015
 BOND   =         0.0000  ANGLE   =         0.0000  DIHED      =         0.0000
 1-4 NB =         0.0000  1-4 EEL =         0.0000  VDWAALS    =        -0.0001
 EELEC  =        -0.0014  EHBOND  =         0.0000  RESTRAINT  =         0.0000
 DV/DL  =         0.0016
 ------------------------------------------------------------------------------

  Softcore part of the system:      12 atoms,       TEMP(K)    =         119.42
 SC_Etot=        21.6969  SC_EKtot=         4.2716  SC_EPtot   =        17.4252
 SC_BOND=         1.5262  SC_ANGLE=         1.6607  SC_DIHED   =         1.1264
 SC_14NB=         0.3862  SC_14EEL=        41.4714  SC_VDW     =        -0.0943
 SC_EEL =       -28.6513
 SC_RES_DIST=     0.0000  SC_RES_ANG=       0.0000  SC_RES_TORS=         0.0000
 SC_EEL_DER=      0.0000  SC_VDW_DER=       0.0000  SC_DERIV   =         0.0000
 ------------------------------------------------------------------------------


| TI region  2


 NSTEP =    50000   TIME(PS) =      50.000  TEMP(K) = Infinity  PRESS =     0.0
 Etot   =        -0.0015  EKtot   =         0.0000  EPtot      =        -0.0015
 BOND   =         0.0000  ANGLE   =         0.0000  DIHED      =         0.0000
 1-4 NB =         0.0000  1-4 EEL =         0.0000  VDWAALS    =        -0.0001
 EELEC  =        -0.0014  EHBOND  =         0.0000  RESTRAINT  =         0.0000
 DV/DL  =         0.0016
 ------------------------------------------------------------------------------

 NMR restraints: Bond =    0.000   Angle =     0.000   Torsion =     0.000
===============================================================================

| TI region  1


 NSTEP =    55000   TIME(PS) =      55.000  TEMP(K) =    89.67  PRESS =     0.0
 Etot   =         3.2079  EKtot   =         3.2075  EPtot      =         0.0005
 BOND   =         0.0000  ANGLE   =        -0.0000  DIHED      =        -0.0000
 1-4 NB =         0.0000  1-4 EEL =         0.0000  VDWAALS    =        -0.0001
 EELEC  =         0.0006  EHBOND  =         0.0000  RESTRAINT  =         0.0000
 DV/DL  =        -0.0005
 ------------------------------------------------------------------------------

  Softcore part of the system:      12 atoms,       TEMP(K)    =          89.67
 SC_Etot=        19.1317  SC_EKtot=         3.2075  SC_EPtot   =        15.9243
 SC_BOND=         0.8415  SC_ANGLE=         0.8790  SC_DIHED   =         0.6690
 SC_14NB=         0.1992  SC_14EEL=        38.7265  SC_VDW     =        -0.0741
 SC_EEL =       -25.3168
 SC_RES_DIST=     0.0000  SC_RES_ANG=       0.0000  SC_RES_TORS=         0.0000
 SC_EEL_DER=      0.0000  SC_VDW_DER=       0.0000  SC_DERIV   =         0.0000
 ------------------------------------------------------------------------------


| TI region  2


 NSTEP =    55000   TIME(PS) =      55.000  TEMP(K) = Infinity  PRESS =     0.0
 Etot   =         0.0005  EKtot   =         0.0000  EPtot      =         0.0005
 BOND   =         0.0000  ANGLE   =        -0.0000  DIHED      =        -0.0000
 1-4 NB =         0.0000  1-4 EEL =         0.0000  VDWAALS    =        -0.0001
 EELEC  =         0.0006  EHBOND  =         0.0000  RESTRAINT  =         0.0000
 DV/DL  =        -0.0005
 ------------------------------------------------------------------------------

 NMR restraints: Bond =    0.000   Angle =     0.000   Torsion =     0.000
===============================================================================

| TI region  1


 NSTEP =    60000   TIME(PS) =      60.000  TEMP(K) =    91.95  PRESS =     0.0
 Etot   =         3.2883  EKtot   =         3.2888  EPtot      =        -0.0006
 BOND   =         0.0000  ANGLE   =        -0.0000  DIHED      =        -0.0000
 1-4 NB =         0.0000  1-4 EEL =        -0.0000  VDWAALS    =        -0.0001
 EELEC  =        -0.0005  EHBOND  =         0.0000  RESTRAINT  =         0.0000
 DV/DL  =         0.0006
 ------------------------------------------------------------------------------

  Softcore part of the system:      12 atoms,       TEMP(K)    =          91.95
 SC_Etot=        20.1631  SC_EKtot=         3.2888  SC_EPtot   =        16.8743
 SC_BOND=         0.8063  SC_ANGLE=         2.1794  SC_DIHED   =         1.0206
 SC_14NB=         0.3842  SC_14EEL=        38.9075  SC_VDW     =        -0.0797
 SC_EEL =       -26.3439
 SC_RES_DIST=     0.0000  SC_RES_ANG=       0.0000  SC_RES_TORS=         0.0000
 SC_EEL_DER=      0.0000  SC_VDW_DER=       0.0000  SC_DERIV   =         0.0000
 ------------------------------------------------------------------------------


| TI region  2


 NSTEP =    60000   TIME(PS) =      60.000  TEMP(K) = Infinity  PRESS =     0.0
 Etot   =        -0.0006  EKtot   =         0.0000  EPtot      =        -0.0006
 BOND   =         0.0000  ANGLE   =        -0.0000  DIHED      =        -0.0000
 1-4 NB =         0.0000  1-4 EEL =        -0.0000  VDWAALS    =        -0.0001
 EELEC  =        -0.0005  EHBOND  =         0.0000  RESTRAINT  =         0.0000
 DV/DL  =         0.0006
 ------------------------------------------------------------------------------

 NMR restraints: Bond =    0.000   Angle =     0.000   Torsion =     0.000
===============================================================================

| TI region  1


 NSTEP =    65000   TIME(PS) =      65.000  TEMP(K) =   135.80  PRESS =     0.0
 Etot   =         4.8564  EKtot   =         4.8575  EPtot      =        -0.0011
 BOND   =         0.0000  ANGLE   =        -0.0000  DIHED      =        -0.0000
 1-4 NB =         0.0000  1-4 EEL =         0.0000  VDWAALS    =        -0.0001
 EELEC  =        -0.0010  EHBOND  =         0.0000  RESTRAINT  =         0.0000
 DV/DL  =         0.0012
 ------------------------------------------------------------------------------

  Softcore part of the system:      12 atoms,       TEMP(K)    =         135.80
 SC_Etot=        21.7325  SC_EKtot=         4.8575  SC_EPtot   =        16.8749
 SC_BOND=         1.4305  SC_ANGLE=         1.2715  SC_DIHED   =         0.3023
 SC_14NB=         0.2966  SC_14EEL=        39.8432  SC_VDW     =        -0.0802
 SC_EEL =       -26.1890
 SC_RES_DIST=     0.0000  SC_RES_ANG=       0.0000  SC_RES_TORS=         0.0000
 SC_EEL_DER=      0.0000  SC_VDW_DER=       0.0000  SC_DERIV   =         0.0000
 ------------------------------------------------------------------------------


| TI region  2


 NSTEP =    65000   TIME(PS) =      65.000  TEMP(K) = Infinity  PRESS =     0.0
 Etot   =        -0.0011  EKtot   =         0.0000  EPtot      =        -0.0011
 BOND   =         0.0000  ANGLE   =        -0.0000  DIHED      =        -0.0000
 1-4 NB =         0.0000  1-4 EEL =         0.0000  VDWAALS    =        -0.0001
 EELEC  =        -0.0010  EHBOND  =         0.0000  RESTRAINT  =         0.0000
 DV/DL  =         0.0012
 ------------------------------------------------------------------------------

 NMR restraints: Bond =    0.000   Angle =     0.000   Torsion =     0.000
===============================================================================

| TI region  1


 NSTEP =    70000   TIME(PS) =      70.000  TEMP(K) =    92.00  PRESS =     0.0
 Etot   =         3.2899  EKtot   =         3.2907  EPtot      =        -0.0008
 BOND   =         0.0000  ANGLE   =        -0.0000  DIHED      =         0.0000
 1-4 NB =         0.0000  1-4 EEL =         0.0000  VDWAALS    =        -0.0001
 EELEC  =        -0.0007  EHBOND  =         0.0000  RESTRAINT  =         0.0000
 DV/DL  =         0.0008
 ------------------------------------------------------------------------------

  Softcore part of the system:      12 atoms,       TEMP(K)    =          92.00
 SC_Etot=        20.3345  SC_EKtot=         3.2907  SC_EPtot   =        17.0438
 SC_BOND=         1.3501  SC_ANGLE=         1.6890  SC_DIHED   =         1.0657
 SC_14NB=         0.6605  SC_14EEL=        40.8140  SC_VDW     =        -0.1039
 SC_EEL =       -28.4316
 SC_RES_DIST=     0.0000  SC_RES_ANG=       0.0000  SC_RES_TORS=         0.0000
 SC_EEL_DER=      0.0000  SC_VDW_DER=       0.0000  SC_DERIV   =         0.0000
 ------------------------------------------------------------------------------


| TI region  2


 NSTEP =    70000   TIME(PS) =      70.000  TEMP(K) = Infinity  PRESS =     0.0
 Etot   =        -0.0008  EKtot   =         0.0000  EPtot      =        -0.0008
 BOND   =         0.0000  ANGLE   =        -0.0000  DIHED      =         0.0000
 1-4 NB =         0.0000  1-4 EEL =         0.0000  VDWAALS    =        -0.0001
 EELEC  =        -0.0007  EHBOND  =         0.0000  RESTRAINT  =         0.0000
 DV/DL  =         0.0008
 ------------------------------------------------------------------------------

 NMR restraints: Bond =    0.000   Angle =     0.000   Torsion =     0.000
===============================================================================

| TI region  1


 NSTEP =    75000   TIME(PS) =      75.000  TEMP(K) =   160.55  PRESS =     0.0
 Etot   =         5.7412  EKtot   =         5.7428  EPtot      =        -0.0016
 BOND   =         0.0000  ANGLE   =        -0.0000  DIHED      =         0.0000
 1-4 NB =         0.0000  1-4 EEL =         0.0000  VDWAALS    =        -0.0001
 EELEC  =        -0.0015  EHBOND  =         0.0000  RESTRAINT  =         0.0000
 DV/DL  =         0.0017
 ------------------------------------------------------------------------------

  Softcore part of the system:      12 atoms,       TEMP(K)    =         160.55
 SC_Etot=        23.0145  SC_EKtot=         5.7428  SC_EPtot   =        17.2717
 SC_BOND=         1.2592  SC_ANGLE=         1.2755  SC_DIHED   =         0.6328
 SC_14NB=         0.2918  SC_14EEL=        40.0309  SC_VDW     =        -0.0796
 SC_EEL =       -26.1388
 SC_RES_DIST=     0.0000  SC_RES_ANG=       0.0000  SC_RES_TORS=         0.0000
 SC_EEL_DER=      0.0000  SC_VDW_DER=       0.0000  SC_DERIV   =         0.0000
 ------------------------------------------------------------------------------


| TI region  2


 NSTEP =    75000   TIME(PS) =      75.000  TEMP(K) = Infinity  PRESS =     0.0
 Etot   =        -0.0016  EKtot   =         0.0000  EPtot      =        -0.0016
 BOND   =         0.0000  ANGLE   =        -0.0000  DIHED      =         0.0000
 1-4 NB =         0.0000  1-4 EEL =         0.0000  VDWAALS    =        -0.0001
 EELEC  =        -0.0015  EHBOND  =         0.0000  RESTRAINT  =         0.0000
 DV/DL  =         0.0017
 ------------------------------------------------------------------------------

 NMR restraints: Bond =    0.000   Angle =     0.000   Torsion =     0.000
===============================================================================

| TI region  1


 NSTEP =    80000   TIME(PS) =      80.000  TEMP(K) =   169.02  PRESS =     0.0
 Etot   =         6.0451  EKtot   =         6.0458  EPtot      =        -0.0007
 BOND   =        -0.0000  ANGLE   =         0.0000  DIHED      =        -0.0000
 1-4 NB =         0.0000  1-4 EEL =         0.0000  VDWAALS    =        -0.0001
 EELEC  =        -0.0006  EHBOND  =         0.0000  RESTRAINT  =         0.0000
 DV/DL  =         0.0008
 ------------------------------------------------------------------------------

  Softcore part of the system:      12 atoms,       TEMP(K)    =         169.02
 SC_Etot=        23.1251  SC_EKtot=         6.0458  SC_EPtot   =        17.0793
 SC_BOND=         1.6560  SC_ANGLE=         1.4517  SC_DIHED   =         0.5897
 SC_14NB=         0.4432  SC_14EEL=        40.8482  SC_VDW     =        -0.0907
 SC_EEL =       -27.8187
 SC_RES_DIST=     0.0000  SC_RES_ANG=       0.0000  SC_RES_TORS=         0.0000
 SC_EEL_DER=      0.0000  SC_VDW_DER=       0.0000  SC_DERIV   =         0.0000
 ------------------------------------------------------------------------------


| TI region  2


 NSTEP =    80000   TIME(PS) =      80.000  TEMP(K) = Infinity  PRESS =     0.0
 Etot   =        -0.0007  EKtot   =         0.0000  EPtot      =        -0.0007
 BOND   =        -0.0000  ANGLE   =         0.0000  DIHED      =        -0.0000
 1-4 NB =         0.0000  1-4 EEL =         0.0000  VDWAALS    =        -0.0001
 EELEC  =        -0.0006  EHBOND  =         0.0000  RESTRAINT  =         0.0000
 DV/DL  =         0.0008
 ------------------------------------------------------------------------------

 NMR restraints: Bond =    0.000   Angle =     0.000   Torsion =     0.000
===============================================================================

| TI region  1


 NSTEP =    85000   TIME(PS) =      85.000  TEMP(K) =   239.82  PRESS =     0.0
 Etot   =         8.5773  EKtot   =         8.5782  EPtot      =        -0.0009
 BOND   =        -0.0000  ANGLE   =        -0.0000  DIHED      =         0.0000
 1-4 NB =         0.0000  1-4 EEL =        -0.0000  VDWAALS    =        -0.0001
 EELEC  =        -0.0008  EHBOND  =         0.0000  RESTRAINT  =         0.0000
 DV/DL  =         0.0010
 ------------------------------------------------------------------------------

  Softcore part of the system:      12 atoms,       TEMP(K)    =         239.82
 SC_Etot=        28.8305  SC_EKtot=         8.5782  SC_EPtot   =        20.2522
 SC_BOND=         2.4999  SC_ANGLE=         4.6045  SC_DIHED   =         0.3748
 SC_14NB=         0.4541  SC_14EEL=        39.0677  SC_VDW     =        -0.0791
 SC_EEL =       -26.6697
 SC_RES_DIST=     0.0000  SC_RES_ANG=       0.0000  SC_RES_TORS=         0.0000
 SC_EEL_DER=      0.0000  SC_VDW_DER=       0.0000  SC_DERIV   =         0.0000
 ------------------------------------------------------------------------------


| TI region  2


 NSTEP =    85000   TIME(PS) =      85.000  TEMP(K) = Infinity  PRESS =     0.0
 Etot   =        -0.0009  EKtot   =         0.0000  EPtot      =        -0.0009
 BOND   =        -0.0000  ANGLE   =        -0.0000  DIHED      =         0.0000
 1-4 NB =         0.0000  1-4 EEL =        -0.0000  VDWAALS    =        -0.0001
 EELEC  =        -0.0008  EHBOND  =         0.0000  RESTRAINT  =         0.0000
 DV/DL  =         0.0010
 ------------------------------------------------------------------------------

 NMR restraints: Bond =    0.000   Angle =     0.000   Torsion =     0.000
===============================================================================

| TI region  1


 NSTEP =    90000   TIME(PS) =      90.000  TEMP(K) =   170.21  PRESS =     0.0
 Etot   =         6.0879  EKtot   =         6.0884  EPtot      =        -0.0006
 BOND   =        -0.0000  ANGLE   =         0.0000  DIHED      =        -0.0000
 1-4 NB =         0.0000  1-4 EEL =         0.0000  VDWAALS    =        -0.0001
 EELEC  =        -0.0004  EHBOND  =         0.0000  RESTRAINT  =         0.0000
 DV/DL  =         0.0006
 ------------------------------------------------------------------------------

  Softcore part of the system:      12 atoms,       TEMP(K)    =         170.21
 SC_Etot=        23.2079  SC_EKtot=         6.0884  SC_EPtot   =        17.1195
 SC_BOND=         1.1430  SC_ANGLE=         1.4428  SC_DIHED   =         1.8117
 SC_14NB=         0.4295  SC_14EEL=        40.8787  SC_VDW     =        -0.0934
 SC_EEL =       -28.4928
 SC_RES_DIST=     0.0000  SC_RES_ANG=       0.0000  SC_RES_TORS=         0.0000
 SC_EEL_DER=      0.0000  SC_VDW_DER=       0.0000  SC_DERIV   =         0.0000
 ------------------------------------------------------------------------------


| TI region  2


 NSTEP =    90000   TIME(PS) =      90.000  TEMP(K) = Infinity  PRESS =     0.0
 Etot   =        -0.0006  EKtot   =         0.0000  EPtot      =        -0.0006
 BOND   =        -0.0000  ANGLE   =         0.0000  DIHED      =        -0.0000
 1-4 NB =         0.0000  1-4 EEL =         0.0000  VDWAALS    =        -0.0001
 EELEC  =        -0.0004  EHBOND  =         0.0000  RESTRAINT  =         0.0000
 DV/DL  =         0.0006
 ------------------------------------------------------------------------------

 NMR restraints: Bond =    0.000   Angle =     0.000   Torsion =     0.000
===============================================================================

| TI region  1


 NSTEP =    95000   TIME(PS) =      95.000  TEMP(K) =   157.39  PRESS =     0.0
 Etot   =         5.6284  EKtot   =         5.6298  EPtot      =        -0.0014
 BOND   =         0.0000  ANGLE   =         0.0000  DIHED      =        -0.0000
 1-4 NB =         0.0000  1-4 EEL =        -0.0000  VDWAALS    =        -0.0001
 EELEC  =        -0.0013  EHBOND  =         0.0000  RESTRAINT  =         0.0000
 DV/DL  =         0.0015
 ------------------------------------------------------------------------------

  Softcore part of the system:      12 atoms,       TEMP(K)    =         157.39
 SC_Etot=        24.4747  SC_EKtot=         5.6298  SC_EPtot   =        18.8449
 SC_BOND=         2.9198  SC_ANGLE=         2.1679  SC_DIHED   =         0.3219
 SC_14NB=         0.4742  SC_14EEL=        39.5316  SC_VDW     =        -0.0851
 SC_EEL =       -26.4853
 SC_RES_DIST=     0.0000  SC_RES_ANG=       0.0000  SC_RES_TORS=         0.0000
 SC_EEL_DER=      0.0000  SC_VDW_DER=       0.0000  SC_DERIV   =         0.0000
 ------------------------------------------------------------------------------


| TI region  2


 NSTEP =    95000   TIME(PS) =      95.000  TEMP(K) = Infinity  PRESS =     0.0
 Etot   =        -0.0014  EKtot   =         0.0000  EPtot      =        -0.0014
 BOND   =         0.0000  ANGLE   =         0.0000  DIHED      =        -0.0000
 1-4 NB =         0.0000  1-4 EEL =        -0.0000  VDWAALS    =        -0.0001
 EELEC  =        -0.0013  EHBOND  =         0.0000  RESTRAINT  =         0.0000
 DV/DL  =         0.0015
 ------------------------------------------------------------------------------

 NMR restraints: Bond =    0.000   Angle =     0.000   Torsion =     0.000
===============================================================================

| TI region  1


 NSTEP =   100000   TIME(PS) =     100.000  TEMP(K) =   145.47  PRESS =     0.0
 Etot   =         5.2016  EKtot   =         5.2034  EPtot      =        -0.0019
 BOND   =         0.0000  ANGLE   =         0.0000  DIHED      =        -0.0000
 1-4 NB =         0.0000  1-4 EEL =         0.0000  VDWAALS    =        -0.0001
 EELEC  =        -0.0017  EHBOND  =         0.0000  RESTRAINT  =         0.0000
 DV/DL  =         0.0020
 ------------------------------------------------------------------------------

  Softcore part of the system:      12 atoms,       TEMP(K)    =         145.47
 SC_Etot=        25.8121  SC_EKtot=         5.2034  SC_EPtot   =        20.6087
 SC_BOND=         4.0119  SC_ANGLE=         3.4050  SC_DIHED   =         0.3341
 SC_14NB=         0.4863  SC_14EEL=        40.6183  SC_VDW     =        -0.0914
 SC_EEL =       -28.1555
 SC_RES_DIST=     0.0000  SC_RES_ANG=       0.0000  SC_RES_TORS=         0.0000
 SC_EEL_DER=      0.0000  SC_VDW_DER=       0.0000  SC_DERIV   =         0.0000
 ------------------------------------------------------------------------------


| TI region  2


 NSTEP =   100000   TIME(PS) =     100.000  TEMP(K) = Infinity  PRESS =     0.0
 Etot   =        -0.0019  EKtot   =         0.0000  EPtot      =        -0.0019
 BOND   =         0.0000  ANGLE   =         0.0000  DIHED      =        -0.0000
 1-4 NB =         0.0000  1-4 EEL =         0.0000  VDWAALS    =        -0.0001
 EELEC  =        -0.0017  EHBOND  =         0.0000  RESTRAINT  =         0.0000
 DV/DL  =         0.0020
 ------------------------------------------------------------------------------

 NMR restraints: Bond =    0.000   Angle =     0.000   Torsion =     0.000
===============================================================================

| TI region  1


 NSTEP =   105000   TIME(PS) =     105.000  TEMP(K) =   223.70  PRESS =     0.0
 Etot   =         8.0009  EKtot   =         8.0016  EPtot      =        -0.0008
 BOND   =        -0.0000  ANGLE   =         0.0000  DIHED      =        -0.0000
 1-4 NB =         0.0000  1-4 EEL =        -0.0000  VDWAALS    =        -0.0001
 EELEC  =        -0.0006  EHBOND  =         0.0000  RESTRAINT  =         0.0000
 DV/DL  =         0.0008
 ------------------------------------------------------------------------------

  Softcore part of the system:      12 atoms,       TEMP(K)    =         223.70
 SC_Etot=        26.6863  SC_EKtot=         8.0016  SC_EPtot   =        18.6846
 SC_BOND=         2.0567  SC_ANGLE=         2.3016  SC_DIHED   =         0.8423
 SC_14NB=         0.4609  SC_14EEL=        39.7794  SC_VDW     =        -0.0845
 SC_EEL =       -26.6717
 SC_RES_DIST=     0.0000  SC_RES_ANG=       0.0000  SC_RES_TORS=         0.0000
 SC_EEL_DER=      0.0000  SC_VDW_DER=       0.0000  SC_DERIV   =         0.0000
 ------------------------------------------------------------------------------


| TI region  2


 NSTEP =   105000   TIME(PS) =     105.000  TEMP(K) =-Infinity  PRESS =     0.0
 Etot   =        -0.0008  EKtot   =        -0.0000  EPtot      =        -0.0008
 BOND   =        -0.0000  ANGLE   =         0.0000  DIHED      =        -0.0000
 1-4 NB =         0.0000  1-4 EEL =        -0.0000  VDWAALS    =        -0.0001
 EELEC  =        -0.0006  EHBOND  =         0.0000  RESTRAINT  =         0.0000
 DV/DL  =         0.0008
 ------------------------------------------------------------------------------

 NMR restraints: Bond =    0.000   Angle =     0.000   Torsion =     0.000
===============================================================================

| TI region  1


 NSTEP =   110000   TIME(PS) =     110.000  TEMP(K) =   173.04  PRESS =     0.0
 Etot   =         6.1899  EKtot   =         6.1895  EPtot      =         0.0004
 BOND   =         0.0000  ANGLE   =         0.0000  DIHED      =        -0.0000
 1-4 NB =         0.0000  1-4 EEL =         0.0000  VDWAALS    =        -0.0001
 EELEC  =         0.0006  EHBOND  =         0.0000  RESTRAINT  =         0.0000
 DV/DL  =        -0.0004
 ------------------------------------------------------------------------------

  Softcore part of the system:      12 atoms,       TEMP(K)    =         173.04
 SC_Etot=        27.8091  SC_EKtot=         6.1895  SC_EPtot   =        21.6197
 SC_BOND=         2.5396  SC_ANGLE=         2.7852  SC_DIHED   =         2.9067
 SC_14NB=         0.6248  SC_14EEL=        30.9312  SC_VDW     =        -0.0439
 SC_EEL =       -18.1238
 SC_RES_DIST=     0.0000  SC_RES_ANG=       0.0000  SC_RES_TORS=         0.0000
 SC_EEL_DER=      0.0000  SC_VDW_DER=       0.0000  SC_DERIV   =         0.0000
 ------------------------------------------------------------------------------


| TI region  2


 NSTEP =   110000   TIME(PS) =     110.000  TEMP(K) = Infinity  PRESS =     0.0
 Etot   =         0.0004  EKtot   =         0.0000  EPtot      =         0.0004
 BOND   =         0.0000  ANGLE   =         0.0000  DIHED      =        -0.0000
 1-4 NB =         0.0000  1-4 EEL =         0.0000  VDWAALS    =        -0.0001
 EELEC  =         0.0006  EHBOND  =         0.0000  RESTRAINT  =         0.0000
 DV/DL  =        -0.0004
 ------------------------------------------------------------------------------

 NMR restraints: Bond =    0.000   Angle =     0.000   Torsion =     0.000
===============================================================================

| TI region  1


 NSTEP =   115000   TIME(PS) =     115.000  TEMP(K) =   219.96  PRESS =     0.0
 Etot   =         7.8670  EKtot   =         7.8679  EPtot      =        -0.0009
 BOND   =        -0.0000  ANGLE   =         0.0000  DIHED      =         0.0000
 1-4 NB =         0.0000  1-4 EEL =        -0.0000  VDWAALS    =        -0.0001
 EELEC  =        -0.0007  EHBOND  =         0.0000  RESTRAINT  =         0.0000
 DV/DL  =         0.0009
 ------------------------------------------------------------------------------

  Softcore part of the system:      12 atoms,       TEMP(K)    =         219.96
 SC_Etot=        28.4790  SC_EKtot=         7.8679  SC_EPtot   =        20.6111
 SC_BOND=         3.1909  SC_ANGLE=         2.2082  SC_DIHED   =         1.4387
 SC_14NB=         0.7793  SC_14EEL=        38.4188  SC_VDW     =        -0.0847
 SC_EEL =       -25.3402
 SC_RES_DIST=     0.0000  SC_RES_ANG=       0.0000  SC_RES_TORS=         0.0000
 SC_EEL_DER=      0.0000  SC_VDW_DER=       0.0000  SC_DERIV   =         0.0000
 ------------------------------------------------------------------------------


| TI region  2


 NSTEP =   115000   TIME(PS) =     115.000  TEMP(K) =-Infinity  PRESS =     0.0
 Etot   =        -0.0009  EKtot   =        -0.0000  EPtot      =        -0.0009
 BOND   =        -0.0000  ANGLE   =         0.0000  DIHED      =         0.0000
 1-4 NB =         0.0000  1-4 EEL =        -0.0000  VDWAALS    =        -0.0001
 EELEC  =        -0.0007  EHBOND  =         0.0000  RESTRAINT  =         0.0000
 DV/DL  =         0.0009
 ------------------------------------------------------------------------------

 NMR restraints: Bond =    0.000   Angle =     0.000   Torsion =     0.000
===============================================================================

| TI region  1


 NSTEP =   120000   TIME(PS) =     120.000  TEMP(K) =   123.99  PRESS =     0.0
 Etot   =         4.4337  EKtot   =         4.4350  EPtot      =        -0.0013
 BOND   =         0.0000  ANGLE   =        -0.0000  DIHED      =         0.0000
 1-4 NB =         0.0000  1-4 EEL =        -0.0000  VDWAALS    =        -0.0001
 EELEC  =        -0.0012  EHBOND  =         0.0000  RESTRAINT  =         0.0000
 DV/DL  =         0.0014
 ------------------------------------------------------------------------------

  Softcore part of the system:      12 atoms,       TEMP(K)    =         123.99
 SC_Etot=        24.3443  SC_EKtot=         4.4350  SC_EPtot   =        19.9094
 SC_BOND=         1.3100  SC_ANGLE=         5.0575  SC_DIHED   =         0.5752
 SC_14NB=         0.6946  SC_14EEL=        41.4530  SC_VDW     =        -0.1003
 SC_EEL =       -29.0806
 SC_RES_DIST=     0.0000  SC_RES_ANG=       0.0000  SC_RES_TORS=         0.0000
 SC_EEL_DER=      0.0000  SC_VDW_DER=       0.0000  SC_DERIV   =         0.0000
 ------------------------------------------------------------------------------


| TI region  2


 NSTEP =   120000   TIME(PS) =     120.000  TEMP(K) = Infinity  PRESS =     0.0
 Etot   =        -0.0013  EKtot   =         0.0000  EPtot      =        -0.0013
 BOND   =         0.0000  ANGLE   =        -0.0000  DIHED      =         0.0000
 1-4 NB =         0.0000  1-4 EEL =        -0.0000  VDWAALS    =        -0.0001
 EELEC  =        -0.0012  EHBOND  =         0.0000  RESTRAINT  =         0.0000
 DV/DL  =         0.0014
 ------------------------------------------------------------------------------

 NMR restraints: Bond =    0.000   Angle =     0.000   Torsion =     0.000
===============================================================================

| TI region  1


 NSTEP =   125000   TIME(PS) =     125.000  TEMP(K) =   186.55  PRESS =     0.0
 Etot   =         6.6714  EKtot   =         6.6729  EPtot      =        -0.0015
 BOND   =        -0.0000  ANGLE   =         0.0000  DIHED      =        -0.0000
 1-4 NB =         0.0000  1-4 EEL =         0.0000  VDWAALS    =        -0.0001
 EELEC  =        -0.0014  EHBOND  =         0.0000  RESTRAINT  =         0.0000
 DV/DL  =         0.0016
 ------------------------------------------------------------------------------

  Softcore part of the system:      12 atoms,       TEMP(K)    =         186.55
 SC_Etot=        27.5028  SC_EKtot=         6.6729  SC_EPtot   =        20.8300
 SC_BOND=         2.2272  SC_ANGLE=         4.2878  SC_DIHED   =         0.9782
 SC_14NB=         0.2836  SC_14EEL=        40.0336  SC_VDW     =        -0.0911
 SC_EEL =       -26.8893
 SC_RES_DIST=     0.0000  SC_RES_ANG=       0.0000  SC_RES_TORS=         0.0000
 SC_EEL_DER=      0.0000  SC_VDW_DER=       0.0000  SC_DERIV   =         0.0000
 ------------------------------------------------------------------------------


| TI region  2


 NSTEP =   125000   TIME(PS) =     125.000  TEMP(K) = Infinity  PRESS =     0.0
 Etot   =        -0.0015  EKtot   =         0.0000  EPtot      =        -0.0015
 BOND   =        -0.0000  ANGLE   =         0.0000  DIHED      =        -0.0000
 1-4 NB =         0.0000  1-4 EEL =         0.0000  VDWAALS    =        -0.0001
 EELEC  =        -0.0014  EHBOND  =         0.0000  RESTRAINT  =         0.0000
 DV/DL  =         0.0016
 ------------------------------------------------------------------------------

 NMR restraints: Bond =    0.000   Angle =     0.000   Torsion =     0.000
===============================================================================

| TI region  1


 NSTEP =   130000   TIME(PS) =     130.000  TEMP(K) =   244.37  PRESS =     0.0
 Etot   =         8.7401  EKtot   =         8.7411  EPtot      =        -0.0010
 BOND   =         0.0000  ANGLE   =         0.0000  DIHED      =        -0.0000
 1-4 NB =         0.0000  1-4 EEL =        -0.0000  VDWAALS    =        -0.0001
 EELEC  =        -0.0008  EHBOND  =         0.0000  RESTRAINT  =         0.0000
 DV/DL  =         0.0010
 ------------------------------------------------------------------------------

  Softcore part of the system:      12 atoms,       TEMP(K)    =         244.37
 SC_Etot=        28.6373  SC_EKtot=         8.7411  SC_EPtot   =        19.8962
 SC_BOND=         2.5476  SC_ANGLE=         3.3262  SC_DIHED   =         0.1110
 SC_14NB=         0.8670  SC_14EEL=        43.2764  SC_VDW     =        -0.0939
 SC_EEL =       -30.1381
 SC_RES_DIST=     0.0000  SC_RES_ANG=       0.0000  SC_RES_TORS=         0.0000
 SC_EEL_DER=      0.0000  SC_VDW_DER=       0.0000  SC_DERIV   =         0.0000
 ------------------------------------------------------------------------------


| TI region  2


 NSTEP =   130000   TIME(PS) =     130.000  TEMP(K) =-Infinity  PRESS =     0.0
 Etot   =        -0.0010  EKtot   =        -0.0000  EPtot      =        -0.0010
 BOND   =         0.0000  ANGLE   =         0.0000  DIHED      =        -0.0000
 1-4 NB =         0.0000  1-4 EEL =        -0.0000  VDWAALS    =        -0.0001
 EELEC  =        -0.0008  EHBOND  =         0.0000  RESTRAINT  =         0.0000
 DV/DL  =         0.0010
 ------------------------------------------------------------------------------

 NMR restraints: Bond =    0.000   Angle =     0.000   Torsion =     0.000
===============================================================================

| TI region  1


 NSTEP =   135000   TIME(PS) =     135.000  TEMP(K) =   177.15  PRESS =     0.0
 Etot   =         6.3359  EKtot   =         6.3367  EPtot      =        -0.0008
 BOND   =         0.0000  ANGLE   =        -0.0000  DIHED      =         0.0000
 1-4 NB =         0.0000  1-4 EEL =        -0.0000  VDWAALS    =        -0.0001
 EELEC  =        -0.0006  EHBOND  =         0.0000  RESTRAINT  =         0.0000
 DV/DL  =         0.0008
 ------------------------------------------------------------------------------

  Softcore part of the system:      12 atoms,       TEMP(K)    =         177.15
 SC_Etot=        24.2626  SC_EKtot=         6.3367  SC_EPtot   =        17.9259
 SC_BOND=         2.0755  SC_ANGLE=         2.0658  SC_DIHED   =         0.8594
 SC_14NB=         0.6128  SC_14EEL=        42.0960  SC_VDW     =        -0.0947
 SC_EEL =       -29.6888
 SC_RES_DIST=     0.0000  SC_RES_ANG=       0.0000  SC_RES_TORS=         0.0000
 SC_EEL_DER=      0.0000  SC_VDW_DER=       0.0000  SC_DERIV   =         0.0000
 ------------------------------------------------------------------------------


| TI region  2


 NSTEP =   135000   TIME(PS) =     135.000  TEMP(K) = Infinity  PRESS =     0.0
 Etot   =        -0.0008  EKtot   =         0.0000  EPtot      =        -0.0008
 BOND   =         0.0000  ANGLE   =        -0.0000  DIHED      =         0.0000
 1-4 NB =         0.0000  1-4 EEL =        -0.0000  VDWAALS    =        -0.0001
 EELEC  =        -0.0006  EHBOND  =         0.0000  RESTRAINT  =         0.0000
 DV/DL  =         0.0008
 ------------------------------------------------------------------------------

 NMR restraints: Bond =    0.000   Angle =     0.000   Torsion =     0.000
===============================================================================

| TI region  1


 NSTEP =   140000   TIME(PS) =     140.000  TEMP(K) =   154.99  PRESS =     0.0
 Etot   =         5.5432  EKtot   =         5.5438  EPtot      =        -0.0006
 BOND   =        -0.0000  ANGLE   =        -0.0000  DIHED      =         0.0000
 1-4 NB =         0.0000  1-4 EEL =         0.0000  VDWAALS    =        -0.0001
 EELEC  =        -0.0004  EHBOND  =         0.0000  RESTRAINT  =         0.0000
 DV/DL  =         0.0006
 ------------------------------------------------------------------------------

  Softcore part of the system:      12 atoms,       TEMP(K)    =         154.99
 SC_Etot=        25.8261  SC_EKtot=         5.5438  SC_EPtot   =        20.2824
 SC_BOND=         1.0301  SC_ANGLE=         3.7148  SC_DIHED   =         2.4802
 SC_14NB=         0.2396  SC_14EEL=        40.6742  SC_VDW     =        -0.0965
 SC_EEL =       -27.7601
 SC_RES_DIST=     0.0000  SC_RES_ANG=       0.0000  SC_RES_TORS=         0.0000
 SC_EEL_DER=      0.0000  SC_VDW_DER=       0.0000  SC_DERIV   =         0.0000
 ------------------------------------------------------------------------------


| TI region  2


 NSTEP =   140000   TIME(PS) =     140.000  TEMP(K) = Infinity  PRESS =     0.0
 Etot   =        -0.0006  EKtot   =         0.0000  EPtot      =        -0.0006
 BOND   =        -0.0000  ANGLE   =        -0.0000  DIHED      =         0.0000
 1-4 NB =         0.0000  1-4 EEL =         0.0000  VDWAALS    =        -0.0001
 EELEC  =        -0.0004  EHBOND  =         0.0000  RESTRAINT  =         0.0000
 DV/DL  =         0.0006
 ------------------------------------------------------------------------------

 NMR restraints: Bond =    0.000   Angle =     0.000   Torsion =     0.000
===============================================================================

| TI region  1


 NSTEP =   145000   TIME(PS) =     145.000  TEMP(K) =   256.88  PRESS =     0.0
 Etot   =         9.1881  EKtot   =         9.1886  EPtot      =        -0.0005
 BOND   =        -0.0000  ANGLE   =         0.0000  DIHED      =        -0.0000
 1-4 NB =         0.0000  1-4 EEL =         0.0000  VDWAALS    =        -0.0001
 EELEC  =        -0.0004  EHBOND  =         0.0000  RESTRAINT  =         0.0000
 DV/DL  =         0.0005
 ------------------------------------------------------------------------------

  Softcore part of the system:      12 atoms,       TEMP(K)    =         256.88
 SC_Etot=        33.0597  SC_EKtot=         9.1886  SC_EPtot   =        23.8711
 SC_BOND=         5.0101  SC_ANGLE=         3.4519  SC_DIHED   =         1.6917
 SC_14NB=         1.9341  SC_14EEL=        45.8015  SC_VDW     =         0.0697
 SC_EEL =       -34.0880
 SC_RES_DIST=     0.0000  SC_RES_ANG=       0.0000  SC_RES_TORS=         0.0000
 SC_EEL_DER=      0.0000  SC_VDW_DER=       0.0000  SC_DERIV   =         0.0000
 ------------------------------------------------------------------------------


| TI region  2


 NSTEP =   145000   TIME(PS) =     145.000  TEMP(K) = Infinity  PRESS =     0.0
 Etot   =        -0.0005  EKtot   =         0.0000  EPtot      =        -0.0005
 BOND   =        -0.0000  ANGLE   =         0.0000  DIHED      =        -0.0000
 1-4 NB =         0.0000  1-4 EEL =         0.0000  VDWAALS    =        -0.0001
 EELEC  =        -0.0004  EHBOND  =         0.0000  RESTRAINT  =         0.0000
 DV/DL  =         0.0005
 ------------------------------------------------------------------------------

 NMR restraints: Bond =    0.000   Angle =     0.000   Torsion =     0.000
===============================================================================

| TI region  1


 NSTEP =   150000   TIME(PS) =     150.000  TEMP(K) =   189.10  PRESS =     0.0
 Etot   =         6.7629  EKtot   =         6.7641  EPtot      =        -0.0012
 BOND   =         0.0000  ANGLE   =         0.0000  DIHED      =        -0.0000
 1-4 NB =         0.0000  1-4 EEL =         0.0000  VDWAALS    =        -0.0001
 EELEC  =        -0.0010  EHBOND  =         0.0000  RESTRAINT  =         0.0000
 DV/DL  =         0.0012
 ------------------------------------------------------------------------------

  Softcore part of the system:      12 atoms,       TEMP(K)    =         189.10
 SC_Etot=        31.3799  SC_EKtot=         6.7641  SC_EPtot   =        24.6158
 SC_BOND=         3.1101  SC_ANGLE=         6.8795  SC_DIHED   =         2.6101
 SC_14NB=         0.5668  SC_14EEL=        41.9019  SC_VDW     =        -0.1000
 SC_EEL =       -30.3527
 SC_RES_DIST=     0.0000  SC_RES_ANG=       0.0000  SC_RES_TORS=         0.0000
 SC_EEL_DER=      0.0000  SC_VDW_DER=       0.0000  SC_DERIV   =         0.0000
 ------------------------------------------------------------------------------


| TI region  2


 NSTEP =   150000   TIME(PS) =     150.000  TEMP(K) = Infinity  PRESS =     0.0
 Etot   =        -0.0012  EKtot   =         0.0000  EPtot      =        -0.0012
 BOND   =         0.0000  ANGLE   =         0.0000  DIHED      =        -0.0000
 1-4 NB =         0.0000  1-4 EEL =         0.0000  VDWAALS    =        -0.0001
 EELEC  =        -0.0010  EHBOND  =         0.0000  RESTRAINT  =         0.0000
 DV/DL  =         0.0012
 ------------------------------------------------------------------------------

 NMR restraints: Bond =    0.000   Angle =     0.000   Torsion =     0.000
===============================================================================

| TI region  1


 NSTEP =   155000   TIME(PS) =     155.000  TEMP(K) =   216.61  PRESS =     0.0
 Etot   =         7.7475  EKtot   =         7.7481  EPtot      =        -0.0006
 BOND   =         0.0000  ANGLE   =         0.0000  DIHED      =        -0.0000
 1-4 NB =         0.0000  1-4 EEL =         0.0000  VDWAALS    =        -0.0001
 EELEC  =        -0.0005  EHBOND  =         0.0000  RESTRAINT  =         0.0000
 DV/DL  =         0.0007
 ------------------------------------------------------------------------------

  Softcore part of the system:      12 atoms,       TEMP(K)    =         216.61
 SC_Etot=        25.6985  SC_EKtot=         7.7481  SC_EPtot   =        17.9504
 SC_BOND=         2.8648  SC_ANGLE=         2.3134  SC_DIHED   =         0.2806
 SC_14NB=         0.6984  SC_14EEL=        41.4130  SC_VDW     =        -0.1184
 SC_EEL =       -29.5015
 SC_RES_DIST=     0.0000  SC_RES_ANG=       0.0000  SC_RES_TORS=         0.0000
 SC_EEL_DER=      0.0000  SC_VDW_DER=       0.0000  SC_DERIV   =         0.0000
 ------------------------------------------------------------------------------


| TI region  2


 NSTEP =   155000   TIME(PS) =     155.000  TEMP(K) = Infinity  PRESS =     0.0
 Etot   =        -0.0006  EKtot   =         0.0000  EPtot      =        -0.0006
 BOND   =         0.0000  ANGLE   =         0.0000  DIHED      =        -0.0000
 1-4 NB =         0.0000  1-4 EEL =         0.0000  VDWAALS    =        -0.0001
 EELEC  =        -0.0005  EHBOND  =         0.0000  RESTRAINT  =         0.0000
 DV/DL  =         0.0007
 ------------------------------------------------------------------------------

 NMR restraints: Bond =    0.000   Angle =     0.000   Torsion =     0.000
===============================================================================

| TI region  1


 NSTEP =   160000   TIME(PS) =     160.000  TEMP(K) =   197.36  PRESS =     0.0
 Etot   =         7.0588  EKtot   =         7.0596  EPtot      =        -0.0008
 BOND   =         0.0000  ANGLE   =         0.0000  DIHED      =         0.0000
 1-4 NB =         0.0000  1-4 EEL =        -0.0000  VDWAALS    =        -0.0001
 EELEC  =        -0.0006  EHBOND  =         0.0000  RESTRAINT  =         0.0000
 DV/DL  =         0.0008
 ------------------------------------------------------------------------------

  Softcore part of the system:      12 atoms,       TEMP(K)    =         197.36
 SC_Etot=        27.1719  SC_EKtot=         7.0596  SC_EPtot   =        20.1123
 SC_BOND=         3.7184  SC_ANGLE=         3.8204  SC_DIHED   =         0.4823
 SC_14NB=         0.6163  SC_14EEL=        40.6127  SC_VDW     =        -0.1195
 SC_EEL =       -29.0182
 SC_RES_DIST=     0.0000  SC_RES_ANG=       0.0000  SC_RES_TORS=         0.0000
 SC_EEL_DER=      0.0000  SC_VDW_DER=       0.0000  SC_DERIV   =         0.0000
 ------------------------------------------------------------------------------


| TI region  2


 NSTEP =   160000   TIME(PS) =     160.000  TEMP(K) =-Infinity  PRESS =     0.0
 Etot   =        -0.0008  EKtot   =        -0.0000  EPtot      =        -0.0008
 BOND   =         0.0000  ANGLE   =         0.0000  DIHED      =         0.0000
 1-4 NB =         0.0000  1-4 EEL =        -0.0000  VDWAALS    =        -0.0001
 EELEC  =        -0.0006  EHBOND  =         0.0000  RESTRAINT  =         0.0000
 DV/DL  =         0.0008
 ------------------------------------------------------------------------------

 NMR restraints: Bond =    0.000   Angle =     0.000   Torsion =     0.000
===============================================================================

| TI region  1


 NSTEP =   165000   TIME(PS) =     165.000  TEMP(K) =   221.61  PRESS =     0.0
 Etot   =         7.9266  EKtot   =         7.9267  EPtot      =        -0.0001
 BOND   =        -0.0000  ANGLE   =         0.0000  DIHED      =        -0.0000
 1-4 NB =         0.0000  1-4 EEL =        -0.0000  VDWAALS    =        -0.0001
 EELEC  =         0.0001  EHBOND  =         0.0000  RESTRAINT  =         0.0000
 DV/DL  =         0.0001
 ------------------------------------------------------------------------------

  Softcore part of the system:      12 atoms,       TEMP(K)    =         221.61
 SC_Etot=        27.6273  SC_EKtot=         7.9267  SC_EPtot   =        19.7006
 SC_BOND=         2.5096  SC_ANGLE=         4.2380  SC_DIHED   =         0.2017
 SC_14NB=         0.4898  SC_14EEL=        41.1843  SC_VDW     =        -0.1037
 SC_EEL =       -28.8191
 SC_RES_DIST=     0.0000  SC_RES_ANG=       0.0000  SC_RES_TORS=         0.0000
 SC_EEL_DER=      0.0000  SC_VDW_DER=       0.0000  SC_DERIV   =         0.0000
 ------------------------------------------------------------------------------


| TI region  2


 NSTEP =   165000   TIME(PS) =     165.000  TEMP(K) = Infinity  PRESS =     0.0
 Etot   =        -0.0001  EKtot   =         0.0000  EPtot      =        -0.0001
 BOND   =        -0.0000  ANGLE   =         0.0000  DIHED      =        -0.0000
 1-4 NB =         0.0000  1-4 EEL =        -0.0000  VDWAALS    =        -0.0001
 EELEC  =         0.0001  EHBOND  =         0.0000  RESTRAINT  =         0.0000
 DV/DL  =         0.0001
 ------------------------------------------------------------------------------

 NMR restraints: Bond =    0.000   Angle =     0.000   Torsion =     0.000
===============================================================================

| TI region  1


 NSTEP =   170000   TIME(PS) =     170.000  TEMP(K) =   253.97  PRESS =     0.0
 Etot   =         9.0840  EKtot   =         9.0844  EPtot      =        -0.0005
 BOND   =        -0.0000  ANGLE   =         0.0000  DIHED      =         0.0000
 1-4 NB =         0.0000  1-4 EEL =         0.0000  VDWAALS    =        -0.0001
 EELEC  =        -0.0003  EHBOND  =         0.0000  RESTRAINT  =         0.0000
 DV/DL  =         0.0005
 ------------------------------------------------------------------------------

  Softcore part of the system:      12 atoms,       TEMP(K)    =         253.97
 SC_Etot=        28.5584  SC_EKtot=         9.0844  SC_EPtot   =        19.4739
 SC_BOND=         1.0619  SC_ANGLE=         4.9312  SC_DIHED   =         0.9023
 SC_14NB=         0.9156  SC_14EEL=        41.7526  SC_VDW     =        -0.1278
 SC_EEL =       -29.9619
 SC_RES_DIST=     0.0000  SC_RES_ANG=       0.0000  SC_RES_TORS=         0.0000
 SC_EEL_DER=      0.0000  SC_VDW_DER=       0.0000  SC_DERIV   =         0.0000
 ------------------------------------------------------------------------------


| TI region  2


 NSTEP =   170000   TIME(PS) =     170.000  TEMP(K) = Infinity  PRESS =     0.0
 Etot   =        -0.0005  EKtot   =         0.0000  EPtot      =        -0.0005
 BOND   =        -0.0000  ANGLE   =         0.0000  DIHED      =         0.0000
 1-4 NB =         0.0000  1-4 EEL =         0.0000  VDWAALS    =        -0.0001
 EELEC  =        -0.0003  EHBOND  =         0.0000  RESTRAINT  =         0.0000
 DV/DL  =         0.0005
 ------------------------------------------------------------------------------

 NMR restraints: Bond =    0.000   Angle =     0.000   Torsion =     0.000
===============================================================================

| TI region  1


 NSTEP =   175000   TIME(PS) =     175.000  TEMP(K) =   251.59  PRESS =     0.0
 Etot   =         8.9989  EKtot   =         8.9993  EPtot      =        -0.0004
 BOND   =        -0.0000  ANGLE   =         0.0000  DIHED      =        -0.0000
 1-4 NB =         0.0000  1-4 EEL =        -0.0000  VDWAALS    =        -0.0001
 EELEC  =        -0.0002  EHBOND  =         0.0000  RESTRAINT  =         0.0000
 DV/DL  =         0.0004
 ------------------------------------------------------------------------------

  Softcore part of the system:      12 atoms,       TEMP(K)    =         251.59
 SC_Etot=        28.4017  SC_EKtot=         8.9993  SC_EPtot   =        19.4024
 SC_BOND=         3.0712  SC_ANGLE=         2.9784  SC_DIHED   =         0.1782
 SC_14NB=         0.1692  SC_14EEL=        39.6967  SC_VDW     =        -0.0841
 SC_EEL =       -26.6072
 SC_RES_DIST=     0.0000  SC_RES_ANG=       0.0000  SC_RES_TORS=         0.0000
 SC_EEL_DER=      0.0000  SC_VDW_DER=       0.0000  SC_DERIV   =         0.0000
 ------------------------------------------------------------------------------


| TI region  2


 NSTEP =   175000   TIME(PS) =     175.000  TEMP(K) = Infinity  PRESS =     0.0
 Etot   =        -0.0004  EKtot   =         0.0000  EPtot      =        -0.0004
 BOND   =        -0.0000  ANGLE   =         0.0000  DIHED      =        -0.0000
 1-4 NB =         0.0000  1-4 EEL =        -0.0000  VDWAALS    =        -0.0001
 EELEC  =        -0.0002  EHBOND  =         0.0000  RESTRAINT  =         0.0000
 DV/DL  =         0.0004
 ------------------------------------------------------------------------------

 NMR restraints: Bond =    0.000   Angle =     0.000   Torsion =     0.000
===============================================================================

| TI region  1


 NSTEP =   180000   TIME(PS) =     180.000  TEMP(K) =   270.25  PRESS =     0.0
 Etot   =         9.6661  EKtot   =         9.6667  EPtot      =        -0.0006
 BOND   =        -0.0000  ANGLE   =        -0.0000  DIHED      =         0.0000
 1-4 NB =         0.0000  1-4 EEL =         0.0000  VDWAALS    =        -0.0001
 EELEC  =        -0.0004  EHBOND  =         0.0000  RESTRAINT  =         0.0000
 DV/DL  =         0.0006
 ------------------------------------------------------------------------------

  Softcore part of the system:      12 atoms,       TEMP(K)    =         270.25
 SC_Etot=        29.7070  SC_EKtot=         9.6667  SC_EPtot   =        20.0403
 SC_BOND=         2.9330  SC_ANGLE=         2.8166  SC_DIHED   =         0.4690
 SC_14NB=         0.5003  SC_14EEL=        39.8672  SC_VDW     =        -0.0832
 SC_EEL =       -26.4626
 SC_RES_DIST=     0.0000  SC_RES_ANG=       0.0000  SC_RES_TORS=         0.0000
 SC_EEL_DER=      0.0000  SC_VDW_DER=       0.0000  SC_DERIV   =         0.0000
 ------------------------------------------------------------------------------


| TI region  2


 NSTEP =   180000   TIME(PS) =     180.000  TEMP(K) = Infinity  PRESS =     0.0
 Etot   =        -0.0006  EKtot   =         0.0000  EPtot      =        -0.0006
 BOND   =        -0.0000  ANGLE   =        -0.0000  DIHED      =         0.0000
 1-4 NB =         0.0000  1-4 EEL =         0.0000  VDWAALS    =        -0.0001
 EELEC  =        -0.0004  EHBOND  =         0.0000  RESTRAINT  =         0.0000
 DV/DL  =         0.0006
 ------------------------------------------------------------------------------

 NMR restraints: Bond =    0.000   Angle =     0.000   Torsion =     0.000
===============================================================================

| TI region  1


 NSTEP =   185000   TIME(PS) =     185.000  TEMP(K) =   250.25  PRESS =     0.0
 Etot   =         8.9504  EKtot   =         8.9514  EPtot      =        -0.0011
 BOND   =        -0.0000  ANGLE   =         0.0000  DIHED      =        -0.0000
 1-4 NB =         0.0000  1-4 EEL =        -0.0000  VDWAALS    =        -0.0001
 EELEC  =        -0.0009  EHBOND  =         0.0000  RESTRAINT  =         0.0000
 DV/DL  =         0.0011
 ------------------------------------------------------------------------------

  Softcore part of the system:      12 atoms,       TEMP(K)    =         250.25
 SC_Etot=        30.6623  SC_EKtot=         8.9514  SC_EPtot   =        21.7109
 SC_BOND=         3.9064  SC_ANGLE=         3.0065  SC_DIHED   =         1.1611
 SC_14NB=         0.3208  SC_14EEL=        42.2129  SC_VDW     =        -0.0867
 SC_EEL =       -28.8101
 SC_RES_DIST=     0.0000  SC_RES_ANG=       0.0000  SC_RES_TORS=         0.0000
 SC_EEL_DER=      0.0000  SC_VDW_DER=       0.0000  SC_DERIV   =         0.0000
 ------------------------------------------------------------------------------


| TI region  2


 NSTEP =   185000   TIME(PS) =     185.000  TEMP(K) = Infinity  PRESS =     0.0
 Etot   =        -0.0011  EKtot   =         0.0000  EPtot      =        -0.0011
 BOND   =        -0.0000  ANGLE   =         0.0000  DIHED      =        -0.0000
 1-4 NB =         0.0000  1-4 EEL =        -0.0000  VDWAALS    =        -0.0001
 EELEC  =        -0.0009  EHBOND  =         0.0000  RESTRAINT  =         0.0000
 DV/DL  =         0.0011
 ------------------------------------------------------------------------------

 NMR restraints: Bond =    0.000   Angle =     0.000   Torsion =     0.000
===============================================================================

| TI region  1


 NSTEP =   190000   TIME(PS) =     190.000  TEMP(K) =   159.45  PRESS =     0.0
 Etot   =         5.7027  EKtot   =         5.7033  EPtot      =        -0.0006
 BOND   =        -0.0000  ANGLE   =         0.0000  DIHED      =         0.0000
 1-4 NB =         0.0000  1-4 EEL =        -0.0000  VDWAALS    =        -0.0001
 EELEC  =        -0.0005  EHBOND  =         0.0000  RESTRAINT  =         0.0000
 DV/DL  =         0.0006
 ------------------------------------------------------------------------------

  Softcore part of the system:      12 atoms,       TEMP(K)    =         159.45
 SC_Etot=        29.3203  SC_EKtot=         5.7033  SC_EPtot   =        23.6170
 SC_BOND=         5.4224  SC_ANGLE=         4.3977  SC_DIHED   =         0.7236
 SC_14NB=         1.1793  SC_14EEL=        43.4508  SC_VDW     =        -0.1192
 SC_EEL =       -31.4377
 SC_RES_DIST=     0.0000  SC_RES_ANG=       0.0000  SC_RES_TORS=         0.0000
 SC_EEL_DER=      0.0000  SC_VDW_DER=       0.0000  SC_DERIV   =         0.0000
 ------------------------------------------------------------------------------


| TI region  2


 NSTEP =   190000   TIME(PS) =     190.000  TEMP(K) = Infinity  PRESS =     0.0
 Etot   =        -0.0006  EKtot   =         0.0000  EPtot      =        -0.0006
 BOND   =        -0.0000  ANGLE   =         0.0000  DIHED      =         0.0000
 1-4 NB =         0.0000  1-4 EEL =        -0.0000  VDWAALS    =        -0.0001
 EELEC  =        -0.0005  EHBOND  =         0.0000  RESTRAINT  =         0.0000
 DV/DL  =         0.0006
 ------------------------------------------------------------------------------

 NMR restraints: Bond =    0.000   Angle =     0.000   Torsion =     0.000
===============================================================================

| TI region  1


 NSTEP =   195000   TIME(PS) =     195.000  TEMP(K) =   348.82  PRESS =     0.0
 Etot   =        12.4764  EKtot   =        12.4771  EPtot      =        -0.0007
 BOND   =        -0.0000  ANGLE   =         0.0000  DIHED      =        -0.0000
 1-4 NB =         0.0000  1-4 EEL =        -0.0000  VDWAALS    =        -0.0001
 EELEC  =        -0.0005  EHBOND  =         0.0000  RESTRAINT  =         0.0000
 DV/DL  =         0.0007
 ------------------------------------------------------------------------------

  Softcore part of the system:      12 atoms,       TEMP(K)    =         348.82
 SC_Etot=        38.7011  SC_EKtot=        12.4771  SC_EPtot   =        26.2240
 SC_BOND=         4.0290  SC_ANGLE=         8.6368  SC_DIHED   =         0.5144
 SC_14NB=        -0.0331  SC_14EEL=        38.7624  SC_VDW     =        -0.0749
 SC_EEL =       -25.6106
 SC_RES_DIST=     0.0000  SC_RES_ANG=       0.0000  SC_RES_TORS=         0.0000
 SC_EEL_DER=      0.0000  SC_VDW_DER=       0.0000  SC_DERIV   =         0.0000
 ------------------------------------------------------------------------------


| TI region  2


 NSTEP =   195000   TIME(PS) =     195.000  TEMP(K) = Infinity  PRESS =     0.0
 Etot   =        -0.0007  EKtot   =         0.0000  EPtot      =        -0.0007
 BOND   =        -0.0000  ANGLE   =         0.0000  DIHED      =        -0.0000
 1-4 NB =         0.0000  1-4 EEL =        -0.0000  VDWAALS    =        -0.0001
 EELEC  =        -0.0005  EHBOND  =         0.0000  RESTRAINT  =         0.0000
 DV/DL  =         0.0007
 ------------------------------------------------------------------------------

 NMR restraints: Bond =    0.000   Angle =     0.000   Torsion =     0.000
===============================================================================

| TI region  1


 NSTEP =   200000   TIME(PS) =     200.000  TEMP(K) =   401.93  PRESS =     0.0
 Etot   =        14.3761  EKtot   =        14.3767  EPtot      =        -0.0006
 BOND   =         0.0000  ANGLE   =         0.0000  DIHED      =        -0.0000
 1-4 NB =         0.0000  1-4 EEL =         0.0000  VDWAALS    =        -0.0001
 EELEC  =        -0.0005  EHBOND  =         0.0000  RESTRAINT  =         0.0000
 DV/DL  =         0.0007
 ------------------------------------------------------------------------------

  Softcore part of the system:      12 atoms,       TEMP(K)    =         401.93
 SC_Etot=        33.6982  SC_EKtot=        14.3767  SC_EPtot   =        19.3215
 SC_BOND=         1.4798  SC_ANGLE=         4.3974  SC_DIHED   =         0.7688
 SC_14NB=         0.2117  SC_14EEL=        36.5938  SC_VDW     =        -0.1049
 SC_EEL =       -24.0251
 SC_RES_DIST=     0.0000  SC_RES_ANG=       0.0000  SC_RES_TORS=         0.0000
 SC_EEL_DER=      0.0000  SC_VDW_DER=       0.0000  SC_DERIV   =         0.0000
 ------------------------------------------------------------------------------


| TI region  2


 NSTEP =   200000   TIME(PS) =     200.000  TEMP(K) = Infinity  PRESS =     0.0
 Etot   =        -0.0006  EKtot   =         0.0000  EPtot      =        -0.0006
 BOND   =         0.0000  ANGLE   =         0.0000  DIHED      =        -0.0000
 1-4 NB =         0.0000  1-4 EEL =         0.0000  VDWAALS    =        -0.0001
 EELEC  =        -0.0005  EHBOND  =         0.0000  RESTRAINT  =         0.0000
 DV/DL  =         0.0007
 ------------------------------------------------------------------------------

 NMR restraints: Bond =    0.000   Angle =     0.000   Torsion =     0.000
===============================================================================

| TI region  1


      A V E R A G E S   O V E R      40 S T E P S


 NSTEP =   200000   TIME(PS) =     200.000  TEMP(K) =   159.45  PRESS =     0.0
 Etot   =         5.7026  EKtot   =         5.7034  EPtot      =        -0.0008
 BOND   =         0.0000  ANGLE   =         0.0000  DIHED      =        -0.0000
 1-4 NB =         0.0000  1-4 EEL =         0.0000  VDWAALS    =        -0.0001
 EELEC  =        -0.0006  EHBOND  =         0.0000  RESTRAINT  =         0.0000
 DV/DL  =         0.0008
 ------------------------------------------------------------------------------

 NMR restraints: Bond =    0.000   Angle =     0.000   Torsion =     0.000
===============================================================================
  Softcore part of the system:      12 atoms,       TEMP(K)    =         159.45
 SC_Etot=        24.3763  SC_EKtot=         5.7034  SC_EPtot   =        18.6730
 SC_BOND=         2.0014  SC_ANGLE=         2.6640  SC_DIHED   =         0.8290
 SC_14NB=         0.5045  SC_14EEL=        40.3466  SC_VDW     =        -0.0867
 SC_EEL =       -27.5857
 SC_RES_DIST=     0.0000  SC_RES_ANG=       0.0000  SC_RES_TORS=         0.0000
 SC_EEL_DER=      0.0000  SC_VDW_DER=       0.0000  SC_DERIV   =         0.0000
 ------------------------------------------------------------------------------


      R M S  F L U C T U A T I O N S


 NSTEP =   200000   TIME(PS) =     200.000  TEMP(K) =    92.29  PRESS =     0.0
 Etot   =         3.3013  EKtot   =         3.3013  EPtot      =         0.0006
 BOND   =         0.0000  ANGLE   =         0.0000  DIHED      =         0.0000
 1-4 NB =         0.0000  1-4 EEL =         0.0000  VDWAALS    =         0.0000
 EELEC  =         0.0006  EHBOND  =         0.0000  RESTRAINT  =         0.0000
 DV/DL  =         0.0007
 ------------------------------------------------------------------------------

  Softcore part of the system:      12 atoms,       TEMP(K)    =          92.29
 SC_Etot=         5.7878  SC_EKtot=         3.3013  SC_EPtot   =         2.8933
 SC_BOND=         1.3415  SC_ANGLE=         1.8140  SC_DIHED   =         0.6605
 SC_14NB=         0.3185  SC_14EEL=         2.1848  SC_VDW     =         0.0290
 SC_EEL =         2.4136
 SC_RES_DIST=     0.0000  SC_RES_ANG=       0.0000  SC_RES_TORS=         0.0000
 SC_EEL_DER=      0.0000  SC_VDW_DER=       0.0000  SC_DERIV   =         0.0000
 ------------------------------------------------------------------------------


| TI region  2


      A V E R A G E S   O V E R      40 S T E P S


 NSTEP =   200000   TIME(PS) =     200.000  TEMP(K) =      NaN  PRESS =     0.0
 Etot   =        -0.0008  EKtot   =         0.0000  EPtot      =        -0.0008
 BOND   =         0.0000  ANGLE   =         0.0000  DIHED      =        -0.0000
 1-4 NB =         0.0000  1-4 EEL =         0.0000  VDWAALS    =        -0.0001
 EELEC  =        -0.0006  EHBOND  =         0.0000  RESTRAINT  =         0.0000
 DV/DL  =         0.0008
 ------------------------------------------------------------------------------

 NMR restraints: Bond =    0.000   Angle =     0.000   Torsion =     0.000
===============================================================================

      R M S  F L U C T U A T I O N S


 NSTEP =   200000   TIME(PS) =     200.000  TEMP(K) =      NaN  PRESS =     0.0
 Etot   =         0.0006  EKtot   =         0.0000  EPtot      =         0.0006
 BOND   =         0.0000  ANGLE   =         0.0000  DIHED      =         0.0000
 1-4 NB =         0.0000  1-4 EEL =         0.0000  VDWAALS    =         0.0000
 EELEC  =         0.0006  EHBOND  =         0.0000  RESTRAINT  =         0.0000
 DV/DL  =         0.0007
 ------------------------------------------------------------------------------


      DV/DL, AVERAGES OVER      40 STEPS


 NSTEP =   200000   TIME(PS) =     200.000  TEMP(K) =      NaN  PRESS =     0.0
 Etot   =         0.0000  EKtot   =         0.0000  EPtot      =         0.0008
 BOND   =         0.0000  ANGLE   =         0.0000  DIHED      =         0.0000
 1-4 NB =         0.0000  1-4 EEL =         0.0000  VDWAALS    =         0.0001
 EELEC  =         0.0006  EHBOND  =         0.0000  RESTRAINT  =         0.0000
 DV/DL  =         0.0008
 ------------------------------------------------------------------------------


 NMR restraints on final step:

--------------------------------------------------------------------------------
   5.  TIMINGS
--------------------------------------------------------------------------------

|  NonSetup CPU Time in Major Routines:
|
|     Routine           Sec        %
|     ------------------------------
|     Nonbond          58.81   46.09
|     Bond              0.00    0.00
|     Angle             0.00    0.00
|     Dihedral          0.00    0.00
|     Shake             0.00    0.00
|     RunMD            68.18   53.44
|     Other             0.59    0.46
|     ------------------------------
|     Total           127.58

|  PME Nonbond Pairlist CPU Time:
|
|     Routine              Sec        %
|     ---------------------------------
|     Set Up Cit           0.00    0.00
|     Build List           0.00    0.00
|     ---------------------------------
|     Total                0.00    0.00

|  PME Direct Force CPU Time:
|
|     Routine              Sec        %
|     ---------------------------------
|     NonBonded Calc       0.00    0.00
|     Exclude Masked       0.00    0.00
|     Other                0.43    0.34
|     ---------------------------------
|     Total                0.43    0.34

|  PME Reciprocal Force CPU Time:
|
|     Routine              Sec        %
|     ---------------------------------
|     1D bspline           0.00    0.00
|     Grid Charges         0.00    0.00
|     Scalar Sum           0.00    0.00
|     Gradient Sum         0.00    0.00
|     FFT                  0.00    0.00
|     ---------------------------------
|     Total                0.00    0.00

|  Final Performance Info:
|     -----------------------------------------------------
|     Average timings for last   10000 steps:
|     Elapsed(s) =       6.39 Per Step(ms) =       0.64
|         ns/day =     135.18   seconds/ns =     639.16
|
|     Average timings for all steps:
|     Elapsed(s) =     127.95 Per Step(ms) =       0.64
|         ns/day =     135.05   seconds/ns =     639.77
|     -----------------------------------------------------

|  Setup CPU time:            0.44 seconds
|  NonSetup CPU time:       127.58 seconds
|  Total CPU time:          128.02 seconds     0.04 hours

|  Setup wall time:           1    seconds
|  NonSetup wall time:      128    seconds
|  Total wall time:         129    seconds     0.04 hours
