
          -------------------------------------------------------
          Amber 18 PMEMD                              2018
          -------------------------------------------------------

| PMEMD implementation of SANDER, Release 18

| Run on 05/26/2020 at 15:52:09

|   Executable path: /opt/software/Amber/18-foss-2018b-AmberTools-19/bin/pmemd.cuda
| Working directory: /mnt/gs18/scratch/users/songlin3/run/ti_en/tip3p/step1/0.88495
|          Hostname: lac-084

  [-O]verwriting output

File Assignments:
|   MDIN: heat.in                                                               
|  MDOUT: heat.out                                                              
| INPCRD: min.rst                                                               
|   PARM: en_step1_final.prmtop                                                 
| RESTRT: heat.rst                                                              
|   REFC: min.rst                                                               
|  MDVEL: mdvel                                                                 
|   MDEN: mden                                                                  
|  MDCRD: heat.netcdf                                                           
| MDINFO: heat.mdinfo                                                           
|  MDFRC: mdfrc                                                                 


 Here is the input file:

nvt for free MD                                                                
 &cntrl                                                                        
  imin=0,                                                                      
  irest=0,                                                                     
  ntx=1,                                                                       
  ig=-1,                                                                       
  nstlim=100000,                                                               
  dt=0.002,                                                                    
  cut=10.0,                                                                    
  ntc=2,                                                                       
  ntf=2,                                                                       
  ntb=1,                                                                       
  ntt=3,                                                                       
  gamma_ln=2.0,                                                                
  tempi=0.0,                                                                   
  temp0=300.0,                                                                 
  ntpr=5000,                                                                   
  ntwr=5000,                                                                   
  ntwx=10000,                                                                  
  ntwv=0,                                                                      
  ioutfm=1,                                                                    
  iwrap=0,                                                                     
  nmropt=1,                                                                    
  ifsc = 0, icfe=1,                                                            
  clambda=0.88495,                                                             
  timask1=':1',                                                                
  timask2=':2', crgmask = ':2',                                                
/                                                                              
&wt TYPE='TEMP0', istep1=0, istep2=90000, value1=0.0, value2=300.0 /           
&wt TYPE='TEMP0', istep1=90001, istep2=100000, value1=300.0, value2=300.0 /    
&wt TYPE='DUMPFREQ', istep1=10000, /                                           
&wt TYPE='END', /                                                              


Note: ig = -1. Setting random seed to   491676 based on wallclock time in 
      microseconds.
| irandom = 1, using AMBER's internal random number generator (default).
 
|--------------------- INFORMATION ----------------------
| GPU (CUDA) Version of PMEMD in use: NVIDIA GPU IN USE.
|                    Version 18.0.0
| 
|                      03/25/2018
| 
| Implementation by:
|                    Ross C. Walker     (SDSC)
|                    Scott Le Grand     (nVIDIA)
| 
| Version 18 performance extensions by:
|                    David Cerutti     (Rutgers)
| 
| Precision model in use:
|      [SPFP] - Single Precision Forces, 64-bit Fixed Point
|               Accumulation. (Default)
| 
|--------------------------------------------------------
 
|----------------- CITATION INFORMATION -----------------
|
|    When publishing work that utilized the CUDA version
|    of AMBER, please cite the following in addition to
|    the regular AMBER citations:
|
|  - Romelia Salomon-Ferrer; Andreas W. Goetz; Duncan
|    Poole; Scott Le Grand; Ross C. Walker "Routine
|    microsecond molecular dynamics simulations with
|    AMBER - Part II: Particle Mesh Ewald", J. Chem.
|    Theory Comput., 2013, 9 (9), pp3878-3888,
|    DOI: 10.1021/ct400314y.
|
|  - Andreas W. Goetz; Mark J. Williamson; Dong Xu;
|    Duncan Poole; Scott Le Grand; Ross C. Walker
|    "Routine microsecond molecular dynamics simulations
|    with AMBER - Part I: Generalized Born", J. Chem.
|    Theory Comput., 2012, 8 (5), pp1542-1555.
|
|  - Scott Le Grand; Andreas W. Goetz; Ross C. Walker
|    "SPFP: Speed without compromise - a mixed precision
|    model for GPU accelerated molecular dynamics
|    simulations.", Comp. Phys. Comm., 2013, 184
|    pp374-380, DOI: 10.1016/j.cpc.2012.09.022
|
|    When publishing work that utilized the CUDA version
|    of TI, BAR, MBAR or FEP please cite the following 
|    three publications in addition to the regular AMBER 
|    GPU citations:
|
|  - Daniel J. Mermelstein; Charles Lin; Gard Nelson; 
|    Rachael Kretsch; J. Andrew McCammon; Ross C. Walker
|    "Fast and Flexible GPU Accelerated Binding 
|    Free Energy Calculations within the AMBER Molecular
|    Dynamics Package" J. Comp. Chem., 2018,
|    DOI: 10.1002/jcc.25187
|
|  - Tai-Sung Lee; Yuan Hu; Brad Sherborne; Zhuyan Guo;
|    Darrin M. York
|    "Toward Fast and Accurate Binding Affinity Prediction with
|    pmemdGTI: An Efficient Implementation of GPU-Accelerated
|    Thermodynamic Integration"
|    J. Chem. Theory Comput., 2017, 13 (7), 3077
|
|
|--------------------------------------------------------
 
|------------------- GPU DEVICE INFO --------------------
|
|            CUDA_VISIBLE_DEVICES: 0
|   CUDA Capable Devices Detected:      1
|           CUDA Device ID in use:      0
|                CUDA Device Name: Tesla K80
|     CUDA Device Global Mem Size:  12206 MB
| CUDA Device Num Multiprocessors:     13
|           CUDA Device Core Freq:   0.82 GHz
|
|--------------------------------------------------------
 
 
| Conditional Compilation Defines Used:
| PUBFFT
| BINTRAJ
| CUDA
| EMIL

| Largest sphere to fit in unit cell has radius =    27.375

| New format PARM file being parsed.
| Version =    1.000 Date = 05/26/20 Time = 15:44:31

| Note: 1-4 EEL scale factors are being read from the topology file.

| Note: 1-4 VDW scale factors are being read from the topology file.
| Duplicated    0 dihedrals

| Duplicated    0 dihedrals

--------------------------------------------------------------------------------
   1.  RESOURCE   USE: 
--------------------------------------------------------------------------------

 getting box info from netcdf restart file
 NATOM  =   20967 NTYPES =       6 NBONH =   20959 MBONA  =       6
 NTHETH =      32 MTHETA =       4 NPHIH =      40 MPHIA  =       2
 NHPARM =       0 NPARM  =       0 NNB   =   28026 NRES   =    6983
 NBONA  =       6 NTHETA =       4 NPHIA =       2 NUMBND =       6
 NUMANG =       6 NPTRA  =       2 NATYP =       6 NPHB   =       1
 IFBOX  =       2 NMXRS  =      12 IFCAP =       0 NEXTRA =       0
 NCOPY  =       0

| Coordinate Index Table dimensions:    10   10   10
| Direct force subcell size =     6.7054    6.7054    6.7054

     BOX TYPE: TRUNCATED OCTAHEDRON

--------------------------------------------------------------------------------
   2.  CONTROL  DATA  FOR  THE  RUN
--------------------------------------------------------------------------------

default_name                                                                    

General flags:
     imin    =       0, nmropt  =       1

Nature and format of input:
     ntx     =       1, irest   =       0, ntrx    =       1

Nature and format of output:
     ntxo    =       2, ntpr    =    5000, ntrx    =       1, ntwr    =    5000
     iwrap   =       0, ntwx    =   10000, ntwv    =       0, ntwe    =       0
     ioutfm  =       1, ntwprt  =       0, idecomp =       0, rbornstat=      0

Potential function:
     ntf     =       2, ntb     =       1, igb     =       0, nsnb    =      25
     ipol    =       0, gbsa    =       0, iesp    =       0
     dielc   =   1.00000, cut     =  10.00000, intdiel =   1.00000

Frozen or restrained atoms:
     ibelly  =       0, ntr     =       0

Molecular dynamics:
     nstlim  =    100000, nscm    =      1000, nrespa  =         1
     t       =   0.00000, dt      =   0.00200, vlimit  =  -1.00000

Langevin dynamics temperature regulation:
     ig      =  491676
     temp0   = 300.00000, tempi   =   0.00000, gamma_ln=   2.00000

SHAKE:
     ntc     =       2, jfastw  =       0
     tol     =   0.00001

NMR refinement options:
     iscale  =       0, noeskp  =       1, ipnlty  =       1, mxsub   =       1
     scalm   = 100.00000, pencut  =   0.10000, tausw   =   0.10000

Free energy options:
     icfe    =       1, ifsc    =       0, klambda =       1
     clambda =  0.8850, scalpha =  0.5000, scbeta  = 12.0000
     sceeorder =       2
     dynlmb =  0.0000 logdvdl =       0

| Intermolecular bonds treatment:
|     no_intermolecular_bonds =       1

| Energy averages sample interval:
|     ene_avg_sampling =    5000

Ewald parameters:
     verbose =       0, ew_type =       0, nbflag  =       1, use_pme =       1
     vdwmeth =       1, eedmeth =       1, netfrc  =       1
     Box X =   67.054   Box Y =   67.054   Box Z =   67.054
     Alpha =  109.471   Beta  =  109.471   Gamma =  109.471
     NFFT1 =   64       NFFT2 =   64       NFFT3 =   64
     Cutoff=   10.000   Tol   =0.100E-04
     Ewald Coefficient =  0.27511
     Interpolation order =    4
     TI Mask 1 :1; matches     12 atoms
     TI Mask 2 :2; matches     12 atoms
     TI region 1:   20955 atoms
     TI region 2:   20955 atoms
Removing charge of      -0.6664 from atom      13
Removing charge of      -0.6664 from atom      14
Removing charge of      -0.0664 from atom      15
Removing charge of      -0.0664 from atom      16
Removing charge of       0.2792 from atom      17
Removing charge of       0.2802 from atom      18
Removing charge of       0.2802 from atom      19
Removing charge of       0.2792 from atom      20
Removing charge of       0.0898 from atom      21
Removing charge of       0.0837 from atom      22
Removing charge of       0.0898 from atom      23
Removing charge of       0.0837 from atom      24
Total charge of  -0.00000000 removed from      12 atoms
     Checking for mismatched coordinates.

--------------------------------------------------------------------------------
   3.  ATOMIC COORDINATES AND VELOCITIES
--------------------------------------------------------------------------------

default_name                                                                    
 begin time read from input coords =     0.000 ps



           Begin reading energy term weight changes/NMR restraints
 WEIGHT CHANGES:
 TEMP0         0  90000    0.000000  300.000000      0      0
 TEMP0     90001 100000  300.000000  300.000000      0      0
 DUMPFREQ  10000      0    0.000000    0.000000      0      0

 RESTRAINTS:
                          ** No restraint defined **

                  Done reading weight changes/NMR restraints


 
 Number of triangulated 3-point waters found:     6981

     Sum of charges for TI region  1 =  -0.00000000
     Forcing neutrality...


     Sum of charges for TI region  2 =   0.00000000
     Forcing neutrality...

| Dynamic Memory, Types Used:
| Reals              919400
| Integers           798257

| Nonbonded Pairs Initial Allocation:     6341993

| GPU memory information (estimate):
| KB of GPU memory in use:         0
| KB of CPU memory in use:         0

--------------------------------------------------------------------------------
   4.  RESULTS
--------------------------------------------------------------------------------


| TI region  1


 NSTEP =        0   TIME(PS) =       0.000  TEMP(K) =     0.00  PRESS =     0.0
 Etot   =    -65224.8981  EKtot   =         0.0000  EPtot      =    -65224.8981
 BOND   =         0.0428  ANGLE   =         0.2425  DIHED      =         0.8215
 1-4 NB =         0.5309  1-4 EEL =         4.9813  VDWAALS    =      5151.0616
 EELEC  =    -70382.5787  EHBOND  =         0.0000  RESTRAINT  =         0.0000
 DV/DL  =       -14.9131
 ------------------------------------------------------------------------------


| TI region  2


 NSTEP =        0   TIME(PS) =       0.000  TEMP(K) =     0.00  PRESS =     0.0
 Etot   =    -65224.8981  EKtot   =         0.0000  EPtot      =    -65224.8981
 BOND   =         0.0428  ANGLE   =         0.2425  DIHED      =         0.8215
 1-4 NB =         0.5309  1-4 EEL =         4.9813  VDWAALS    =      5151.0616
 EELEC  =    -70382.5787  EHBOND  =         0.0000  RESTRAINT  =         0.0000
 DV/DL  =       -14.9131
 ------------------------------------------------------------------------------

 NMR restraints: Bond =    0.000   Angle =     0.000   Torsion =     0.000
===============================================================================

| TI region  1


 NSTEP =     5000   TIME(PS) =      10.000  TEMP(K) =    15.93  PRESS =     0.0
 Etot   =    -82184.4065  EKtot   =       663.2788  EPtot      =    -82847.6852
 BOND   =         0.0680  ANGLE   =         0.2886  DIHED      =         0.0178
 1-4 NB =         0.3906  1-4 EEL =         4.8318  VDWAALS    =     15103.6666
 EELEC  =    -97956.9486  EHBOND  =         0.0000  RESTRAINT  =         0.0000
 DV/DL  =       -14.8543
 ------------------------------------------------------------------------------


| TI region  2


 NSTEP =     5000   TIME(PS) =      10.000  TEMP(K) =    15.93  PRESS =     0.0
 Etot   =    -82184.4065  EKtot   =       663.2788  EPtot      =    -82847.6852
 BOND   =         0.0680  ANGLE   =         0.2886  DIHED      =         0.0178
 1-4 NB =         0.3906  1-4 EEL =         4.8318  VDWAALS    =     15103.6666
 EELEC  =    -97956.9486  EHBOND  =         0.0000  RESTRAINT  =         0.0000
 DV/DL  =       -14.8543
 ------------------------------------------------------------------------------

 NMR restraints: Bond =    0.000   Angle =     0.000   Torsion =     0.000
===============================================================================

| TI region  1


 NSTEP =    10000   TIME(PS) =      20.000  TEMP(K) =    32.62  PRESS =     0.0
 Etot   =    -80953.8054  EKtot   =      1358.3035  EPtot      =    -82312.1089
 BOND   =         0.0669  ANGLE   =         0.8989  DIHED      =         0.1951
 1-4 NB =         0.0901  1-4 EEL =         4.5913  VDWAALS    =     14974.5008
 EELEC  =    -97292.4521  EHBOND  =         0.0000  RESTRAINT  =         0.0000
 DV/DL  =       -13.7427
 ------------------------------------------------------------------------------


| TI region  2


 NSTEP =    10000   TIME(PS) =      20.000  TEMP(K) =    32.62  PRESS =     0.0
 Etot   =    -80953.8054  EKtot   =      1358.3035  EPtot      =    -82312.1089
 BOND   =         0.0669  ANGLE   =         0.8989  DIHED      =         0.1951
 1-4 NB =         0.0901  1-4 EEL =         4.5913  VDWAALS    =     14974.5008
 EELEC  =    -97292.4521  EHBOND  =         0.0000  RESTRAINT  =         0.0000
 DV/DL  =       -13.7427
 ------------------------------------------------------------------------------

 NMR restraints: Bond =    0.000   Angle =     0.000   Torsion =     0.000
===============================================================================

| TI region  1


 NSTEP =    15000   TIME(PS) =      30.000  TEMP(K) =    49.49  PRESS =     0.0
 Etot   =    -79746.0788  EKtot   =      2061.0473  EPtot      =    -81807.1261
 BOND   =         0.0133  ANGLE   =         0.8634  DIHED      =         0.1504
 1-4 NB =         0.2595  1-4 EEL =         4.7372  VDWAALS    =     15047.8579
 EELEC  =    -96861.0078  EHBOND  =         0.0000  RESTRAINT  =         0.0000
 DV/DL  =       -14.5006
 ------------------------------------------------------------------------------


| TI region  2


 NSTEP =    15000   TIME(PS) =      30.000  TEMP(K) =    49.49  PRESS =     0.0
 Etot   =    -79746.0788  EKtot   =      2061.0473  EPtot      =    -81807.1261
 BOND   =         0.0133  ANGLE   =         0.8634  DIHED      =         0.1504
 1-4 NB =         0.2595  1-4 EEL =         4.7372  VDWAALS    =     15047.8579
 EELEC  =    -96861.0078  EHBOND  =         0.0000  RESTRAINT  =         0.0000
 DV/DL  =       -14.5006
 ------------------------------------------------------------------------------

 NMR restraints: Bond =    0.000   Angle =     0.000   Torsion =     0.000
===============================================================================

| TI region  1


 NSTEP =    20000   TIME(PS) =      40.000  TEMP(K) =    65.71  PRESS =     0.0
 Etot   =    -78686.5091  EKtot   =      2736.6227  EPtot      =    -81423.1317
 BOND   =         0.0455  ANGLE   =         1.3981  DIHED      =         0.4033
 1-4 NB =         0.1298  1-4 EEL =         4.5335  VDWAALS    =     15090.3545
 EELEC  =    -96519.9965  EHBOND  =         0.0000  RESTRAINT  =         0.0000
 DV/DL  =       -13.7895
 ------------------------------------------------------------------------------


| TI region  2


 NSTEP =    20000   TIME(PS) =      40.000  TEMP(K) =    65.71  PRESS =     0.0
 Etot   =    -78686.5091  EKtot   =      2736.6227  EPtot      =    -81423.1317
 BOND   =         0.0455  ANGLE   =         1.3981  DIHED      =         0.4033
 1-4 NB =         0.1298  1-4 EEL =         4.5335  VDWAALS    =     15090.3545
 EELEC  =    -96519.9965  EHBOND  =         0.0000  RESTRAINT  =         0.0000
 DV/DL  =       -13.7895
 ------------------------------------------------------------------------------

 NMR restraints: Bond =    0.000   Angle =     0.000   Torsion =     0.000
===============================================================================

| TI region  1


 NSTEP =    25000   TIME(PS) =      50.000  TEMP(K) =    81.42  PRESS =     0.0
 Etot   =    -77536.8751  EKtot   =      3390.9470  EPtot      =    -80927.8221
 BOND   =         0.3614  ANGLE   =         1.7042  DIHED      =         0.4255
 1-4 NB =        -0.0089  1-4 EEL =         4.4190  VDWAALS    =     14870.0807
 EELEC  =    -95804.8041  EHBOND  =         0.0000  RESTRAINT  =         0.0000
 DV/DL  =       -13.4859
 ------------------------------------------------------------------------------


| TI region  2


 NSTEP =    25000   TIME(PS) =      50.000  TEMP(K) =    81.42  PRESS =     0.0
 Etot   =    -77536.8751  EKtot   =      3390.9470  EPtot      =    -80927.8221
 BOND   =         0.3614  ANGLE   =         1.7042  DIHED      =         0.4255
 1-4 NB =        -0.0089  1-4 EEL =         4.4190  VDWAALS    =     14870.0807
 EELEC  =    -95804.8041  EHBOND  =         0.0000  RESTRAINT  =         0.0000
 DV/DL  =       -13.4859
 ------------------------------------------------------------------------------

 NMR restraints: Bond =    0.000   Angle =     0.000   Torsion =     0.000
===============================================================================

| TI region  1


 NSTEP =    30000   TIME(PS) =      60.000  TEMP(K) =    99.01  PRESS =     0.0
 Etot   =    -76375.1992  EKtot   =      4123.2231  EPtot      =    -80498.4224
 BOND   =         0.3483  ANGLE   =         1.5954  DIHED      =         0.2406
 1-4 NB =         0.5483  1-4 EEL =         4.7097  VDWAALS    =     14926.9355
 EELEC  =    -95432.8002  EHBOND  =         0.0000  RESTRAINT  =         0.0000
 DV/DL  =       -14.4183
 ------------------------------------------------------------------------------


| TI region  2


 NSTEP =    30000   TIME(PS) =      60.000  TEMP(K) =    99.01  PRESS =     0.0
 Etot   =    -76375.1992  EKtot   =      4123.2231  EPtot      =    -80498.4224
 BOND   =         0.3483  ANGLE   =         1.5954  DIHED      =         0.2406
 1-4 NB =         0.5483  1-4 EEL =         4.7097  VDWAALS    =     14926.9355
 EELEC  =    -95432.8002  EHBOND  =         0.0000  RESTRAINT  =         0.0000
 DV/DL  =       -14.4183
 ------------------------------------------------------------------------------

 NMR restraints: Bond =    0.000   Angle =     0.000   Torsion =     0.000
===============================================================================

| TI region  1


 NSTEP =    35000   TIME(PS) =      70.000  TEMP(K) =   116.03  PRESS =     0.0
 Etot   =    -75100.5131  EKtot   =      4832.0281  EPtot      =    -79932.5412
 BOND   =         0.2504  ANGLE   =         1.5442  DIHED      =         1.1430
 1-4 NB =         0.3847  1-4 EEL =         4.6841  VDWAALS    =     14825.4542
 EELEC  =    -94766.0018  EHBOND  =         0.0000  RESTRAINT  =         0.0000
 DV/DL  =       -13.4935
 ------------------------------------------------------------------------------


| TI region  2


 NSTEP =    35000   TIME(PS) =      70.000  TEMP(K) =   116.03  PRESS =     0.0
 Etot   =    -75100.5131  EKtot   =      4832.0281  EPtot      =    -79932.5412
 BOND   =         0.2504  ANGLE   =         1.5442  DIHED      =         1.1430
 1-4 NB =         0.3847  1-4 EEL =         4.6841  VDWAALS    =     14825.4542
 EELEC  =    -94766.0018  EHBOND  =         0.0000  RESTRAINT  =         0.0000
 DV/DL  =       -13.4935
 ------------------------------------------------------------------------------

 NMR restraints: Bond =    0.000   Angle =     0.000   Torsion =     0.000
===============================================================================

| TI region  1


 NSTEP =    40000   TIME(PS) =      80.000  TEMP(K) =   133.66  PRESS =     0.0
 Etot   =    -73723.7467  EKtot   =      5566.5434  EPtot      =    -79290.2900
 BOND   =         0.0816  ANGLE   =         2.0893  DIHED      =         0.4158
 1-4 NB =         0.7550  1-4 EEL =         4.9773  VDWAALS    =     14519.9661
 EELEC  =    -93818.5751  EHBOND  =         0.0000  RESTRAINT  =         0.0000
 DV/DL  =       -17.0436
 ------------------------------------------------------------------------------


| TI region  2


 NSTEP =    40000   TIME(PS) =      80.000  TEMP(K) =   133.66  PRESS =     0.0
 Etot   =    -73723.7467  EKtot   =      5566.5434  EPtot      =    -79290.2900
 BOND   =         0.0816  ANGLE   =         2.0893  DIHED      =         0.4158
 1-4 NB =         0.7550  1-4 EEL =         4.9773  VDWAALS    =     14519.9661
 EELEC  =    -93818.5751  EHBOND  =         0.0000  RESTRAINT  =         0.0000
 DV/DL  =       -17.0436
 ------------------------------------------------------------------------------

 NMR restraints: Bond =    0.000   Angle =     0.000   Torsion =     0.000
===============================================================================

| TI region  1


 NSTEP =    45000   TIME(PS) =      90.000  TEMP(K) =   149.81  PRESS =     0.0
 Etot   =    -72391.4638  EKtot   =      6238.7737  EPtot      =    -78630.2375
 BOND   =         1.4523  ANGLE   =         2.1344  DIHED      =         0.0956
 1-4 NB =         0.1777  1-4 EEL =         4.5564  VDWAALS    =     14440.7081
 EELEC  =    -93079.3620  EHBOND  =         0.0000  RESTRAINT  =         0.0000
 DV/DL  =       -12.6056
 ------------------------------------------------------------------------------


| TI region  2


 NSTEP =    45000   TIME(PS) =      90.000  TEMP(K) =   149.81  PRESS =     0.0
 Etot   =    -72391.4638  EKtot   =      6238.7737  EPtot      =    -78630.2375
 BOND   =         1.4523  ANGLE   =         2.1344  DIHED      =         0.0956
 1-4 NB =         0.1777  1-4 EEL =         4.5564  VDWAALS    =     14440.7081
 EELEC  =    -93079.3620  EHBOND  =         0.0000  RESTRAINT  =         0.0000
 DV/DL  =       -12.6056
 ------------------------------------------------------------------------------

 NMR restraints: Bond =    0.000   Angle =     0.000   Torsion =     0.000
===============================================================================

| TI region  1


 NSTEP =    50000   TIME(PS) =     100.000  TEMP(K) =   163.73  PRESS =     0.0
 Etot   =    -71045.7101  EKtot   =      6818.4876  EPtot      =    -77864.1978
 BOND   =         2.0886  ANGLE   =         4.7161  DIHED      =         0.3792
 1-4 NB =         0.5435  1-4 EEL =         4.8772  VDWAALS    =     14089.8569
 EELEC  =    -91966.6592  EHBOND  =         0.0000  RESTRAINT  =         0.0000
 DV/DL  =       -12.1140
 ------------------------------------------------------------------------------


| TI region  2


 NSTEP =    50000   TIME(PS) =     100.000  TEMP(K) =   163.73  PRESS =     0.0
 Etot   =    -71045.7101  EKtot   =      6818.4876  EPtot      =    -77864.1978
 BOND   =         2.0886  ANGLE   =         4.7161  DIHED      =         0.3792
 1-4 NB =         0.5435  1-4 EEL =         4.8772  VDWAALS    =     14089.8569
 EELEC  =    -91966.6592  EHBOND  =         0.0000  RESTRAINT  =         0.0000
 DV/DL  =       -12.1140
 ------------------------------------------------------------------------------

 NMR restraints: Bond =    0.000   Angle =     0.000   Torsion =     0.000
===============================================================================

| TI region  1


 NSTEP =    55000   TIME(PS) =     110.000  TEMP(K) =   182.06  PRESS =     0.0
 Etot   =    -69280.2106  EKtot   =      7581.8141  EPtot      =    -76862.0247
 BOND   =         0.9690  ANGLE   =         7.0749  DIHED      =         0.8787
 1-4 NB =         0.0864  1-4 EEL =         4.5283  VDWAALS    =     13774.9621
 EELEC  =    -90650.5241  EHBOND  =         0.0000  RESTRAINT  =         0.0000
 DV/DL  =       -14.6947
 ------------------------------------------------------------------------------


| TI region  2


 NSTEP =    55000   TIME(PS) =     110.000  TEMP(K) =   182.06  PRESS =     0.0
 Etot   =    -69280.2106  EKtot   =      7581.8141  EPtot      =    -76862.0247
 BOND   =         0.9690  ANGLE   =         7.0749  DIHED      =         0.8787
 1-4 NB =         0.0864  1-4 EEL =         4.5283  VDWAALS    =     13774.9621
 EELEC  =    -90650.5241  EHBOND  =         0.0000  RESTRAINT  =         0.0000
 DV/DL  =       -14.6947
 ------------------------------------------------------------------------------

 NMR restraints: Bond =    0.000   Angle =     0.000   Torsion =     0.000
===============================================================================

| TI region  1


 NSTEP =    60000   TIME(PS) =     120.000  TEMP(K) =   198.35  PRESS =     0.0
 Etot   =    -67397.7432  EKtot   =      8260.3354  EPtot      =    -75658.0786
 BOND   =         0.1509  ANGLE   =         2.1082  DIHED      =         0.5898
 1-4 NB =         0.5672  1-4 EEL =         4.3683  VDWAALS    =     13122.9628
 EELEC  =    -88788.8256  EHBOND  =         0.0000  RESTRAINT  =         0.0000
 DV/DL  =        -9.1204
 ------------------------------------------------------------------------------


| TI region  2


 NSTEP =    60000   TIME(PS) =     120.000  TEMP(K) =   198.35  PRESS =     0.0
 Etot   =    -67397.7432  EKtot   =      8260.3354  EPtot      =    -75658.0786
 BOND   =         0.1509  ANGLE   =         2.1082  DIHED      =         0.5898
 1-4 NB =         0.5672  1-4 EEL =         4.3683  VDWAALS    =     13122.9628
 EELEC  =    -88788.8256  EHBOND  =         0.0000  RESTRAINT  =         0.0000
 DV/DL  =        -9.1204
 ------------------------------------------------------------------------------

 NMR restraints: Bond =    0.000   Angle =     0.000   Torsion =     0.000
===============================================================================

| TI region  1


 NSTEP =    65000   TIME(PS) =     130.000  TEMP(K) =   214.40  PRESS =     0.0
 Etot   =    -65549.2248  EKtot   =      8928.7157  EPtot      =    -74477.9405
 BOND   =         0.9231  ANGLE   =         1.6655  DIHED      =         0.1454
 1-4 NB =         0.3025  1-4 EEL =         4.8335  VDWAALS    =     12880.1350
 EELEC  =    -87365.9456  EHBOND  =         0.0000  RESTRAINT  =         0.0000
 DV/DL  =       -13.4215
 ------------------------------------------------------------------------------


| TI region  2


 NSTEP =    65000   TIME(PS) =     130.000  TEMP(K) =   214.40  PRESS =     0.0
 Etot   =    -65549.2248  EKtot   =      8928.7157  EPtot      =    -74477.9405
 BOND   =         0.9231  ANGLE   =         1.6655  DIHED      =         0.1454
 1-4 NB =         0.3025  1-4 EEL =         4.8335  VDWAALS    =     12880.1350
 EELEC  =    -87365.9456  EHBOND  =         0.0000  RESTRAINT  =         0.0000
 DV/DL  =       -13.4215
 ------------------------------------------------------------------------------

 NMR restraints: Bond =    0.000   Angle =     0.000   Torsion =     0.000
===============================================================================

| TI region  1


 NSTEP =    70000   TIME(PS) =     140.000  TEMP(K) =   229.81  PRESS =     0.0
 Etot   =    -62803.4032  EKtot   =      9570.6872  EPtot      =    -72374.0904
 BOND   =         0.4550  ANGLE   =         2.3457  DIHED      =         0.6971
 1-4 NB =         0.6424  1-4 EEL =         4.8805  VDWAALS    =     12001.5867
 EELEC  =    -84384.6976  EHBOND  =         0.0000  RESTRAINT  =         0.0000
 DV/DL  =       -13.4653
 ------------------------------------------------------------------------------


| TI region  2


 NSTEP =    70000   TIME(PS) =     140.000  TEMP(K) =   229.81  PRESS =     0.0
 Etot   =    -62803.4032  EKtot   =      9570.6872  EPtot      =    -72374.0904
 BOND   =         0.4550  ANGLE   =         2.3457  DIHED      =         0.6971
 1-4 NB =         0.6424  1-4 EEL =         4.8805  VDWAALS    =     12001.5867
 EELEC  =    -84384.6976  EHBOND  =         0.0000  RESTRAINT  =         0.0000
 DV/DL  =       -13.4653
 ------------------------------------------------------------------------------

 NMR restraints: Bond =    0.000   Angle =     0.000   Torsion =     0.000
===============================================================================

| TI region  1


 NSTEP =    75000   TIME(PS) =     150.000  TEMP(K) =   248.64  PRESS =     0.0
 Etot   =    -60253.5595  EKtot   =     10354.9179  EPtot      =    -70608.4774
 BOND   =         0.4571  ANGLE   =         3.4005  DIHED      =         1.0807
 1-4 NB =         0.4569  1-4 EEL =         4.8357  VDWAALS    =     11479.6736
 EELEC  =    -82098.3818  EHBOND  =         0.0000  RESTRAINT  =         0.0000
 DV/DL  =       -12.3653
 ------------------------------------------------------------------------------


| TI region  2


 NSTEP =    75000   TIME(PS) =     150.000  TEMP(K) =   248.64  PRESS =     0.0
 Etot   =    -60253.5595  EKtot   =     10354.9179  EPtot      =    -70608.4774
 BOND   =         0.4571  ANGLE   =         3.4005  DIHED      =         1.0807
 1-4 NB =         0.4569  1-4 EEL =         4.8357  VDWAALS    =     11479.6736
 EELEC  =    -82098.3818  EHBOND  =         0.0000  RESTRAINT  =         0.0000
 DV/DL  =       -12.3653
 ------------------------------------------------------------------------------

 NMR restraints: Bond =    0.000   Angle =     0.000   Torsion =     0.000
===============================================================================

| TI region  1


 NSTEP =    80000   TIME(PS) =     160.000  TEMP(K) =   267.92  PRESS =     0.0
 Etot   =    -57323.1846  EKtot   =     11157.4865  EPtot      =    -68480.6711
 BOND   =         1.0231  ANGLE   =         3.4319  DIHED      =         0.8117
 1-4 NB =         0.3604  1-4 EEL =         4.7059  VDWAALS    =     10465.2765
 EELEC  =    -78956.2805  EHBOND  =         0.0000  RESTRAINT  =         0.0000
 DV/DL  =       -15.2455
 ------------------------------------------------------------------------------


| TI region  2


 NSTEP =    80000   TIME(PS) =     160.000  TEMP(K) =   267.92  PRESS =     0.0
 Etot   =    -57323.1846  EKtot   =     11157.4865  EPtot      =    -68480.6711
 BOND   =         1.0231  ANGLE   =         3.4319  DIHED      =         0.8117
 1-4 NB =         0.3604  1-4 EEL =         4.7059  VDWAALS    =     10465.2765
 EELEC  =    -78956.2805  EHBOND  =         0.0000  RESTRAINT  =         0.0000
 DV/DL  =       -15.2455
 ------------------------------------------------------------------------------

 NMR restraints: Bond =    0.000   Angle =     0.000   Torsion =     0.000
===============================================================================

| TI region  1


 NSTEP =    85000   TIME(PS) =     170.000  TEMP(K) =   282.16  PRESS =     0.0
 Etot   =    -55234.7087  EKtot   =     11750.5205  EPtot      =    -66985.2292
 BOND   =         0.0933  ANGLE   =         5.0711  DIHED      =         0.2701
 1-4 NB =        -0.0284  1-4 EEL =         4.5464  VDWAALS    =      9823.2404
 EELEC  =    -76818.4221  EHBOND  =         0.0000  RESTRAINT  =         0.0000
 DV/DL  =       -16.3923
 ------------------------------------------------------------------------------


| TI region  2


 NSTEP =    85000   TIME(PS) =     170.000  TEMP(K) =   282.16  PRESS =     0.0
 Etot   =    -55234.7087  EKtot   =     11750.5205  EPtot      =    -66985.2292
 BOND   =         0.0933  ANGLE   =         5.0711  DIHED      =         0.2701
 1-4 NB =        -0.0284  1-4 EEL =         4.5464  VDWAALS    =      9823.2404
 EELEC  =    -76818.4221  EHBOND  =         0.0000  RESTRAINT  =         0.0000
 DV/DL  =       -16.3923
 ------------------------------------------------------------------------------

 NMR restraints: Bond =    0.000   Angle =     0.000   Torsion =     0.000
===============================================================================

| TI region  1


 NSTEP =    90000   TIME(PS) =     180.000  TEMP(K) =   297.27  PRESS =     0.0
 Etot   =    -52984.6253  EKtot   =     12380.0518  EPtot      =    -65364.6771
 BOND   =         0.5013  ANGLE   =         5.5786  DIHED      =         0.6367
 1-4 NB =         0.0453  1-4 EEL =         4.5013  VDWAALS    =      9608.2504
 EELEC  =    -74984.1906  EHBOND  =         0.0000  RESTRAINT  =         0.0000
 DV/DL  =       -16.8798
 ------------------------------------------------------------------------------


| TI region  2


 NSTEP =    90000   TIME(PS) =     180.000  TEMP(K) =   297.27  PRESS =     0.0
 Etot   =    -52984.6253  EKtot   =     12380.0518  EPtot      =    -65364.6771
 BOND   =         0.5013  ANGLE   =         5.5786  DIHED      =         0.6367
 1-4 NB =         0.0453  1-4 EEL =         4.5013  VDWAALS    =      9608.2504
 EELEC  =    -74984.1906  EHBOND  =         0.0000  RESTRAINT  =         0.0000
 DV/DL  =       -16.8798
 ------------------------------------------------------------------------------

 NMR restraints: Bond =    0.000   Angle =     0.000   Torsion =     0.000
===============================================================================

| TI region  1


 NSTEP =    95000   TIME(PS) =     190.000  TEMP(K) =   302.75  PRESS =     0.0
 Etot   =    -52736.8471  EKtot   =     12608.1694  EPtot      =    -65345.0164
 BOND   =         0.4274  ANGLE   =         4.4739  DIHED      =         0.5579
 1-4 NB =        -0.1011  1-4 EEL =         3.3374  VDWAALS    =      9497.3108
 EELEC  =    -74851.0228  EHBOND  =         0.0000  RESTRAINT  =         0.0000
 DV/DL  =       -11.4654
 ------------------------------------------------------------------------------


| TI region  2


 NSTEP =    95000   TIME(PS) =     190.000  TEMP(K) =   302.75  PRESS =     0.0
 Etot   =    -52736.8471  EKtot   =     12608.1694  EPtot      =    -65345.0164
 BOND   =         0.4274  ANGLE   =         4.4739  DIHED      =         0.5579
 1-4 NB =        -0.1011  1-4 EEL =         3.3374  VDWAALS    =      9497.3108
 EELEC  =    -74851.0228  EHBOND  =         0.0000  RESTRAINT  =         0.0000
 DV/DL  =       -11.4654
 ------------------------------------------------------------------------------

 NMR restraints: Bond =    0.000   Angle =     0.000   Torsion =     0.000
===============================================================================

| TI region  1


 NSTEP =   100000   TIME(PS) =     200.000  TEMP(K) =   297.84  PRESS =     0.0
 Etot   =    -52870.2941  EKtot   =     12403.6112  EPtot      =    -65273.9053
 BOND   =         0.2466  ANGLE   =         3.6629  DIHED      =         0.5288
 1-4 NB =         0.1611  1-4 EEL =         3.2948  VDWAALS    =      9272.7864
 EELEC  =    -74554.5859  EHBOND  =         0.0000  RESTRAINT  =         0.0000
 DV/DL  =       -10.8858
 ------------------------------------------------------------------------------


| TI region  2


 NSTEP =   100000   TIME(PS) =     200.000  TEMP(K) =   297.84  PRESS =     0.0
 Etot   =    -52870.2941  EKtot   =     12403.6112  EPtot      =    -65273.9053
 BOND   =         0.2466  ANGLE   =         3.6629  DIHED      =         0.5288
 1-4 NB =         0.1611  1-4 EEL =         3.2948  VDWAALS    =      9272.7864
 EELEC  =    -74554.5859  EHBOND  =         0.0000  RESTRAINT  =         0.0000
 DV/DL  =       -10.8858
 ------------------------------------------------------------------------------

 NMR restraints: Bond =    0.000   Angle =     0.000   Torsion =     0.000
===============================================================================

| TI region  1


      A V E R A G E S   O V E R      20 S T E P S


 NSTEP =   100000   TIME(PS) =     200.000  TEMP(K) =   171.43  PRESS =     0.0
 Etot   =    -68208.9054  EKtot   =      7139.2782  EPtot      =    -75348.1837
 BOND   =         0.5012  ANGLE   =         2.8023  DIHED      =         0.4832
 1-4 NB =         0.2881  1-4 EEL =         4.5375  VDWAALS    =     12990.7783
 EELEC  =    -88347.5742  EHBOND  =         0.0000  RESTRAINT  =         0.0000
 DV/DL  =       -13.6992
 ------------------------------------------------------------------------------

 NMR restraints: Bond =    0.000   Angle =     0.000   Torsion =     0.000
===============================================================================

      R M S  F L U C T U A T I O N S


 NSTEP =   100000   TIME(PS) =     200.000  TEMP(K) =    92.34  PRESS =     0.0
 Etot   =      9880.3683  EKtot   =      3845.7206  EPtot      =      6113.3439
 BOND   =         0.5273  ANGLE   =         1.7595  DIHED      =         0.3122
 1-4 NB =         0.2388  1-4 EEL =         0.4382  VDWAALS    =      2134.4997
 EELEC  =      8238.2164  EHBOND  =         0.0000  RESTRAINT  =         0.0000
 DV/DL  =         1.9238
 ------------------------------------------------------------------------------


| TI region  2


      A V E R A G E S   O V E R      20 S T E P S


 NSTEP =   100000   TIME(PS) =     200.000  TEMP(K) =   171.43  PRESS =     0.0
 Etot   =    -68208.9054  EKtot   =      7139.2782  EPtot      =    -75348.1837
 BOND   =         0.5012  ANGLE   =         2.8023  DIHED      =         0.4832
 1-4 NB =         0.2881  1-4 EEL =         4.5375  VDWAALS    =     12990.7783
 EELEC  =    -88347.5742  EHBOND  =         0.0000  RESTRAINT  =         0.0000
 DV/DL  =       -13.6992
 ------------------------------------------------------------------------------

 NMR restraints: Bond =    0.000   Angle =     0.000   Torsion =     0.000
===============================================================================

      R M S  F L U C T U A T I O N S


 NSTEP =   100000   TIME(PS) =     200.000  TEMP(K) =    92.34  PRESS =     0.0
 Etot   =      9880.3683  EKtot   =      3845.7206  EPtot      =      6113.3439
 BOND   =         0.5273  ANGLE   =         1.7595  DIHED      =         0.3122
 1-4 NB =         0.2388  1-4 EEL =         0.4382  VDWAALS    =      2134.4997
 EELEC  =      8238.2164  EHBOND  =         0.0000  RESTRAINT  =         0.0000
 DV/DL  =         1.9238
 ------------------------------------------------------------------------------


      DV/DL, AVERAGES OVER      20 STEPS


 NSTEP =   100000   TIME(PS) =     200.000  TEMP(K) =    92.34  PRESS =     0.0
 Etot   =         0.0000  EKtot   =         0.0000  EPtot      =       -13.6992
 BOND   =         0.0000  ANGLE   =         0.0000  DIHED      =         0.0000
 1-4 NB =         0.0000  1-4 EEL =       -39.4392  VDWAALS    =         0.0000
 EELEC  =        25.7400  EHBOND  =         0.0000  RESTRAINT  =         0.0000
 DV/DL  =       -13.6992
 ------------------------------------------------------------------------------


 NMR restraints on final step:

--------------------------------------------------------------------------------
   5.  TIMINGS
--------------------------------------------------------------------------------

|  NonSetup CPU Time in Major Routines:
|
|     Routine           Sec        %
|     ------------------------------
|     Nonbond         115.35   43.30
|     Bond              0.00    0.00
|     Angle             0.00    0.00
|     Dihedral          0.00    0.00
|     Shake             1.36    0.51
|     RunMD           149.19   56.00
|     Other             0.51    0.19
|     ------------------------------
|     Total           266.40

|  PME Nonbond Pairlist CPU Time:
|
|     Routine              Sec        %
|     ---------------------------------
|     Set Up Cit           0.00    0.00
|     Build List           0.00    0.00
|     ---------------------------------
|     Total                0.00    0.00

|  PME Direct Force CPU Time:
|
|     Routine              Sec        %
|     ---------------------------------
|     NonBonded Calc       0.00    0.00
|     Exclude Masked       0.00    0.00
|     Other                0.34    0.13
|     ---------------------------------
|     Total                0.34    0.13

|  PME Reciprocal Force CPU Time:
|
|     Routine              Sec        %
|     ---------------------------------
|     1D bspline           0.00    0.00
|     Grid Charges         0.00    0.00
|     Scalar Sum           0.00    0.00
|     Gradient Sum         0.00    0.00
|     FFT                  0.00    0.00
|     ---------------------------------
|     Total                0.00    0.00

|  Final Performance Info:
|     -----------------------------------------------------
|     Average timings for last       1 steps:
|     Elapsed(s) =       0.00 Per Step(ms) =       1.40
|         ns/day =     123.78   seconds/ns =     698.00
|
|     Average timings for all steps:
|     Elapsed(s) =     268.10 Per Step(ms) =       2.68
|         ns/day =      64.45   seconds/ns =    1340.51
|     -----------------------------------------------------

|  Setup CPU time:            0.71 seconds
|  NonSetup CPU time:       266.40 seconds
|  Total CPU time:          267.11 seconds     0.07 hours

|  Setup wall time:           1    seconds
|  NonSetup wall time:      268    seconds
|  Total wall time:         269    seconds     0.07 hours
