
          -------------------------------------------------------
          Amber 18 PMEMD                              2018
          -------------------------------------------------------

| PMEMD implementation of SANDER, Release 18

| Run on 09/18/2020 at 18:02:11

|   Executable path: /opt/software/Amber/18-foss-2018b-AmberTools-19/bin/pmemd.cuda
| Working directory: /mnt/gs18/scratch/users/songlin3/run/ti_en/one_step_tip3p_ethylenediame/ethylenediame_to_nothing/0.56262
|          Hostname: lac-141

  [-O]verwriting output

File Assignments:
|   MDIN: heat.in                                                               
|  MDOUT: heat.out                                                              
| INPCRD: min.rst                                                               
|   PARM: en_step2_final.prmtop                                                 
| RESTRT: heat.rst                                                              
|   REFC: min.rst                                                               
|  MDVEL: mdvel                                                                 
|   MDEN: mden                                                                  
|  MDCRD: heat.netcdf                                                           
| MDINFO: heat.mdinfo                                                           
|  MDFRC: mdfrc                                                                 


 Here is the input file:

nvt for free MD                                                                
 &cntrl                                                                        
  imin=0,                                                                      
  irest=0,                                                                     
  ntx=1,                                                                       
  ig=-1,                                                                       
  nstlim=200000,                                                               
  dt=0.001,                                                                    
  cut=10.0,                                                                    
  ntc=1,                                                                       
  ntf=1,                                                                       
  ntb=1,                                                                       
  ntt=3,                                                                       
  gamma_ln=2.0,                                                                
  tempi=0.0,                                                                   
  temp0=300.0,                                                                 
  ntpr=5000,                                                                   
  ntwr=5000,                                                                   
  ntwx=10000,                                                                  
  ntwv=0,                                                                      
  ioutfm=1,                                                                    
  iwrap=0,                                                                     
  nmropt=1,                                                                    
  ifsc = 1, icfe=1,                                                            
  clambda=0.56262,                                                             
  timask1=':1', scmask1=':1', scmask2='',                                      
  timask2='',                                                                  
/                                                                              
&wt TYPE='TEMP0', istep1=0, istep2=190000, value1=0.0, value2=300.0 /          
&wt TYPE='TEMP0', istep1=190001, istep2=200000, value1=300.0, value2=300.0 /   
&wt TYPE='DUMPFREQ', istep1=10000, /                                           
&wt TYPE='END', /                                                              


Note: ig = -1. Setting random seed to   971109 based on wallclock time in 
      microseconds.
| irandom = 1, using AMBER's internal random number generator (default).
 
|--------------------- INFORMATION ----------------------
| GPU (CUDA) Version of PMEMD in use: NVIDIA GPU IN USE.
|                    Version 18.0.0
| 
|                      03/25/2018
| 
| Implementation by:
|                    Ross C. Walker     (SDSC)
|                    Scott Le Grand     (nVIDIA)
| 
| Version 18 performance extensions by:
|                    David Cerutti     (Rutgers)
| 
| Precision model in use:
|      [SPFP] - Single Precision Forces, 64-bit Fixed Point
|               Accumulation. (Default)
| 
|--------------------------------------------------------
 
|----------------- CITATION INFORMATION -----------------
|
|    When publishing work that utilized the CUDA version
|    of AMBER, please cite the following in addition to
|    the regular AMBER citations:
|
|  - Romelia Salomon-Ferrer; Andreas W. Goetz; Duncan
|    Poole; Scott Le Grand; Ross C. Walker "Routine
|    microsecond molecular dynamics simulations with
|    AMBER - Part II: Particle Mesh Ewald", J. Chem.
|    Theory Comput., 2013, 9 (9), pp3878-3888,
|    DOI: 10.1021/ct400314y.
|
|  - Andreas W. Goetz; Mark J. Williamson; Dong Xu;
|    Duncan Poole; Scott Le Grand; Ross C. Walker
|    "Routine microsecond molecular dynamics simulations
|    with AMBER - Part I: Generalized Born", J. Chem.
|    Theory Comput., 2012, 8 (5), pp1542-1555.
|
|  - Scott Le Grand; Andreas W. Goetz; Ross C. Walker
|    "SPFP: Speed without compromise - a mixed precision
|    model for GPU accelerated molecular dynamics
|    simulations.", Comp. Phys. Comm., 2013, 184
|    pp374-380, DOI: 10.1016/j.cpc.2012.09.022
|
|    When publishing work that utilized the CUDA version
|    of TI, BAR, MBAR or FEP please cite the following 
|    three publications in addition to the regular AMBER 
|    GPU citations:
|
|  - Daniel J. Mermelstein; Charles Lin; Gard Nelson; 
|    Rachael Kretsch; J. Andrew McCammon; Ross C. Walker
|    "Fast and Flexible GPU Accelerated Binding 
|    Free Energy Calculations within the AMBER Molecular
|    Dynamics Package" J. Comp. Chem., 2018,
|    DOI: 10.1002/jcc.25187
|
|  - Tai-Sung Lee; Yuan Hu; Brad Sherborne; Zhuyan Guo;
|    Darrin M. York
|    "Toward Fast and Accurate Binding Affinity Prediction with
|    pmemdGTI: An Efficient Implementation of GPU-Accelerated
|    Thermodynamic Integration"
|    J. Chem. Theory Comput., 2017, 13 (7), 3077
|
|
|--------------------------------------------------------
 
|------------------- GPU DEVICE INFO --------------------
|
|            CUDA_VISIBLE_DEVICES: 0
|   CUDA Capable Devices Detected:      1
|           CUDA Device ID in use:      0
|                CUDA Device Name: Tesla K80
|     CUDA Device Global Mem Size:  11441 MB
| CUDA Device Num Multiprocessors:     13
|           CUDA Device Core Freq:   0.82 GHz
|
|--------------------------------------------------------
 
 
| Conditional Compilation Defines Used:
| PUBFFT
| BINTRAJ
| CUDA
| EMIL

| Largest sphere to fit in unit cell has radius =    27.375

| New format PARM file being parsed.
| Version =    1.000 Date = 09/18/20 Time = 17:37:14

| Note: 1-4 EEL scale factors are being read from the topology file.

| Note: 1-4 VDW scale factors are being read from the topology file.
| Duplicated    0 dihedrals

| Duplicated    0 dihedrals

--------------------------------------------------------------------------------
   1.  RESOURCE   USE: 
--------------------------------------------------------------------------------

 getting box info from netcdf restart file
 NATOM  =   20955 NTYPES =       6 NBONH =   20951 MBONA  =       3
 NTHETH =      16 MTHETA =       2 NPHIH =      20 MPHIA  =       1
 NHPARM =       0 NPARM  =       0 NNB   =   27975 NRES   =    6982
 NBONA  =       3 NTHETA =       2 NPHIA =       1 NUMBND =       6
 NUMANG =       6 NPTRA  =       2 NATYP =       6 NPHB   =       1
 IFBOX  =       2 NMXRS  =      12 IFCAP =       0 NEXTRA =       0
 NCOPY  =       0

| Coordinate Index Table dimensions:    10   10   10
| Direct force subcell size =     6.7054    6.7054    6.7054

     BOX TYPE: TRUNCATED OCTAHEDRON

--------------------------------------------------------------------------------
   2.  CONTROL  DATA  FOR  THE  RUN
--------------------------------------------------------------------------------

default_name                                                                    

General flags:
     imin    =       0, nmropt  =       1

Nature and format of input:
     ntx     =       1, irest   =       0, ntrx    =       1

Nature and format of output:
     ntxo    =       2, ntpr    =    5000, ntrx    =       1, ntwr    =    5000
     iwrap   =       0, ntwx    =   10000, ntwv    =       0, ntwe    =       0
     ioutfm  =       1, ntwprt  =       0, idecomp =       0, rbornstat=      0

Potential function:
     ntf     =       1, ntb     =       1, igb     =       0, nsnb    =      25
     ipol    =       0, gbsa    =       0, iesp    =       0
     dielc   =   1.00000, cut     =  10.00000, intdiel =   1.00000

Frozen or restrained atoms:
     ibelly  =       0, ntr     =       0

Molecular dynamics:
     nstlim  =    200000, nscm    =      1000, nrespa  =         1
     t       =   0.00000, dt      =   0.00100, vlimit  =  -1.00000

Langevin dynamics temperature regulation:
     ig      =  971109
     temp0   = 300.00000, tempi   =   0.00000, gamma_ln=   2.00000

NMR refinement options:
     iscale  =       0, noeskp  =       1, ipnlty  =       1, mxsub   =       1
     scalm   = 100.00000, pencut  =   0.10000, tausw   =   0.10000

Free energy options:
     icfe    =       1, ifsc    =       1, klambda =       1
     clambda =  0.5626, scalpha =  0.5000, scbeta  = 12.0000
     sceeorder =       2
     dynlmb =  0.0000 logdvdl =       0

| Intermolecular bonds treatment:
|     no_intermolecular_bonds =       1

| Energy averages sample interval:
|     ene_avg_sampling =    5000

Ewald parameters:
     verbose =       0, ew_type =       0, nbflag  =       1, use_pme =       1
     vdwmeth =       1, eedmeth =       1, netfrc  =       1
     Box X =   67.054   Box Y =   67.054   Box Z =   67.054
     Alpha =  109.471   Beta  =  109.471   Gamma =  109.471
     NFFT1 =   64       NFFT2 =   64       NFFT3 =   64
     Cutoff=   10.000   Tol   =0.100E-04
     Ewald Coefficient =  0.27511
     Interpolation order =    4
     TI Mask 1 :1; matches     12 atoms
     TI Mask 2  matches      0 atoms
     TI region 1:   20955 atoms
     TI region 2:   20943 atoms
     SC Mask 1 :1; matches     12 atoms

--------------------------------------------------------------------------------
   3.  ATOMIC COORDINATES AND VELOCITIES
--------------------------------------------------------------------------------

default_name                                                                    
 begin time read from input coords =     0.000 ps



           Begin reading energy term weight changes/NMR restraints
 WEIGHT CHANGES:
 TEMP0         0 190000    0.000000  300.000000      0      0
 TEMP0    190001 200000  300.000000  300.000000      0      0
 DUMPFREQ  10000      0    0.000000    0.000000      0      0

 RESTRAINTS:
                          ** No restraint defined **

                  Done reading weight changes/NMR restraints


 
 Number of triangulated 3-point waters found:     6981
 Number of shake restraints removed in TI region  1 :        0
 Number of shake restraints removed in TI region  2 :        0

     Sum of charges for TI region  1 =  -0.00000000
     Forcing neutrality...


     Sum of charges for TI region  2 =   0.00000000
     Forcing neutrality...

| Dynamic Memory, Types Used:
| Reals              918940
| Integers           797059

| Nonbonded Pairs Initial Allocation:     6338363

| GPU memory information (estimate):
| KB of GPU memory in use:         0
| KB of CPU memory in use:         0

--------------------------------------------------------------------------------
   4.  RESULTS
--------------------------------------------------------------------------------

   DOF for the SC part  1 of the system:   36

| TI region  1


 NSTEP =        0   TIME(PS) =       0.000  TEMP(K) =     0.00  PRESS =     0.0
 Etot   =    -63485.2070  EKtot   =         0.0000  EPtot      =    -63485.2070
 BOND   =      3637.4956  ANGLE   =        -0.0000  DIHED      =        -0.0000
 1-4 NB =         0.0000  1-4 EEL =         0.0000  VDWAALS    =      3831.5643
 EELEC  =    -70954.2669  EHBOND  =         0.0000  RESTRAINT  =         0.0000
 DV/DL  =         8.4020
 ------------------------------------------------------------------------------

  Softcore part of the system:      12 atoms,       TEMP(K)    =           0.00
 SC_Etot=        13.8080  SC_EKtot=         0.0000  SC_EPtot   =        13.8080
 SC_BOND=         0.0456  SC_ANGLE=         0.1279  SC_DIHED   =         0.3192
 SC_14NB=         0.4009  SC_14EEL=        40.4491  SC_VDW     =        -0.0884
 SC_EEL =       -27.4464
 SC_RES_DIST=     0.0000  SC_RES_ANG=       0.0000  SC_RES_TORS=         0.0000
 SC_EEL_DER=      0.2780  SC_VDW_DER=      -0.1161  SC_DERIV   =         0.1619
 ------------------------------------------------------------------------------


| TI region  2


 NSTEP =        0   TIME(PS) =       0.000  TEMP(K) =     0.00  PRESS =     0.0
 Etot   =    -63485.2070  EKtot   =         0.0000  EPtot      =    -63485.2070
 BOND   =      3637.4956  ANGLE   =        -0.0000  DIHED      =        -0.0000
 1-4 NB =         0.0000  1-4 EEL =         0.0000  VDWAALS    =      3831.5643
 EELEC  =    -70954.2669  EHBOND  =         0.0000  RESTRAINT  =         0.0000
 DV/DL  =         8.4020
 ------------------------------------------------------------------------------

 NMR restraints: Bond =    0.000   Angle =     0.000   Torsion =     0.000
===============================================================================

| TI region  1


 NSTEP =     5000   TIME(PS) =       5.000  TEMP(K) =     7.32  PRESS =     0.0
 Etot   =    -63326.7927  EKtot   =       457.3218  EPtot      =    -63784.1145
 BOND   =      3919.6959  ANGLE   =        -0.0000  DIHED      =         0.0000
 1-4 NB =         0.0000  1-4 EEL =         0.0000  VDWAALS    =      4167.8647
 EELEC  =    -71871.6752  EHBOND  =         0.0000  RESTRAINT  =         0.0000
 DV/DL  =         9.2101
 ------------------------------------------------------------------------------

  Softcore part of the system:      12 atoms,       TEMP(K)    =           7.82
 SC_Etot=        14.2446  SC_EKtot=         0.2798  SC_EPtot   =        13.9649
 SC_BOND=         0.1178  SC_ANGLE=         0.2591  SC_DIHED   =         0.3180
 SC_14NB=         0.4565  SC_14EEL=        40.3622  SC_VDW     =        -0.0899
 SC_EEL =       -27.4587
 SC_RES_DIST=     0.0000  SC_RES_ANG=       0.0000  SC_RES_TORS=         0.0000
 SC_EEL_DER=      0.1069  SC_VDW_DER=      -0.7342  SC_DERIV   =        -0.6273
 ------------------------------------------------------------------------------


| TI region  2


 NSTEP =     5000   TIME(PS) =       5.000  TEMP(K) =     7.32  PRESS =     0.0
 Etot   =    -63327.0725  EKtot   =       457.0420  EPtot      =    -63784.1145
 BOND   =      3919.6959  ANGLE   =        -0.0000  DIHED      =         0.0000
 1-4 NB =         0.0000  1-4 EEL =         0.0000  VDWAALS    =      4167.8647
 EELEC  =    -71871.6752  EHBOND  =         0.0000  RESTRAINT  =         0.0000
 DV/DL  =         9.2101
 ------------------------------------------------------------------------------

 NMR restraints: Bond =    0.000   Angle =     0.000   Torsion =     0.000
===============================================================================

| TI region  1


 NSTEP =    10000   TIME(PS) =      10.000  TEMP(K) =    15.02  PRESS =     0.0
 Etot   =    -62474.3814  EKtot   =       938.0272  EPtot      =    -63412.4087
 BOND   =      4126.4976  ANGLE   =        -0.0000  DIHED      =        -0.0000
 1-4 NB =         0.0000  1-4 EEL =        -0.0000  VDWAALS    =      4168.9331
 EELEC  =    -71707.8393  EHBOND  =         0.0000  RESTRAINT  =         0.0000
 DV/DL  =        12.1270
 ------------------------------------------------------------------------------

  Softcore part of the system:      12 atoms,       TEMP(K)    =          14.11
 SC_Etot=        14.9175  SC_EKtot=         0.5048  SC_EPtot   =        14.4126
 SC_BOND=         0.1641  SC_ANGLE=         0.4372  SC_DIHED   =         0.1250
 SC_14NB=         0.3760  SC_14EEL=        40.7364  SC_VDW     =        -0.0857
 SC_EEL =       -27.3405
 SC_RES_DIST=     0.0000  SC_RES_ANG=       0.0000  SC_RES_TORS=         0.0000
 SC_EEL_DER=      1.3470  SC_VDW_DER=      -1.4466  SC_DERIV   =        -0.0997
 ------------------------------------------------------------------------------


| TI region  2


 NSTEP =    10000   TIME(PS) =      10.000  TEMP(K) =    15.02  PRESS =     0.0
 Etot   =    -62474.8863  EKtot   =       937.5224  EPtot      =    -63412.4087
 BOND   =      4126.4976  ANGLE   =        -0.0000  DIHED      =        -0.0000
 1-4 NB =         0.0000  1-4 EEL =        -0.0000  VDWAALS    =      4168.9331
 EELEC  =    -71707.8393  EHBOND  =         0.0000  RESTRAINT  =         0.0000
 DV/DL  =        12.1270
 ------------------------------------------------------------------------------

 NMR restraints: Bond =    0.000   Angle =     0.000   Torsion =     0.000
===============================================================================

| TI region  1


 NSTEP =    15000   TIME(PS) =      15.000  TEMP(K) =    22.91  PRESS =     0.0
 Etot   =    -61553.2968  EKtot   =      1431.1709  EPtot      =    -62984.4677
 BOND   =      4289.2382  ANGLE   =        -0.0000  DIHED      =        -0.0000
 1-4 NB =         0.0000  1-4 EEL =         0.0000  VDWAALS    =      4123.7878
 EELEC  =    -71397.4937  EHBOND  =         0.0000  RESTRAINT  =         0.0000
 DV/DL  =        11.5303
 ------------------------------------------------------------------------------

  Softcore part of the system:      12 atoms,       TEMP(K)    =          27.87
 SC_Etot=        15.5853  SC_EKtot=         0.9968  SC_EPtot   =        14.5884
 SC_BOND=         0.2234  SC_ANGLE=         0.6296  SC_DIHED   =         0.5622
 SC_14NB=         0.6203  SC_14EEL=        40.8786  SC_VDW     =        -0.0976
 SC_EEL =       -28.2281
 SC_RES_DIST=     0.0000  SC_RES_ANG=       0.0000  SC_RES_TORS=         0.0000
 SC_EEL_DER=      0.8647  SC_VDW_DER=      -1.7090  SC_DERIV   =        -0.8443
 ------------------------------------------------------------------------------


| TI region  2


 NSTEP =    15000   TIME(PS) =      15.000  TEMP(K) =    22.91  PRESS =     0.0
 Etot   =    -61554.2937  EKtot   =      1430.1741  EPtot      =    -62984.4677
 BOND   =      4289.2382  ANGLE   =        -0.0000  DIHED      =        -0.0000
 1-4 NB =         0.0000  1-4 EEL =         0.0000  VDWAALS    =      4123.7878
 EELEC  =    -71397.4937  EHBOND  =         0.0000  RESTRAINT  =         0.0000
 DV/DL  =        11.5303
 ------------------------------------------------------------------------------

 NMR restraints: Bond =    0.000   Angle =     0.000   Torsion =     0.000
===============================================================================

| TI region  1


 NSTEP =    20000   TIME(PS) =      20.000  TEMP(K) =    30.96  PRESS =     0.0
 Etot   =    -60669.8706  EKtot   =      1933.6316  EPtot      =    -62603.5022
 BOND   =      4485.6224  ANGLE   =        -0.0000  DIHED      =        -0.0000
 1-4 NB =         0.0000  1-4 EEL =        -0.0000  VDWAALS    =      4068.6572
 EELEC  =    -71157.7818  EHBOND  =         0.0000  RESTRAINT  =         0.0000
 DV/DL  =        13.2957
 ------------------------------------------------------------------------------

  Softcore part of the system:      12 atoms,       TEMP(K)    =          51.64
 SC_Etot=        16.3070  SC_EKtot=         1.8473  SC_EPtot   =        14.4597
 SC_BOND=         0.4568  SC_ANGLE=         0.3547  SC_DIHED   =         0.3514
 SC_14NB=         0.5021  SC_14EEL=        40.8893  SC_VDW     =        -0.0902
 SC_EEL =       -28.0044
 SC_RES_DIST=     0.0000  SC_RES_ANG=       0.0000  SC_RES_TORS=         0.0000
 SC_EEL_DER=      0.7258  SC_VDW_DER=      -0.5243  SC_DERIV   =         0.2015
 ------------------------------------------------------------------------------


| TI region  2


 NSTEP =    20000   TIME(PS) =      20.000  TEMP(K) =    30.94  PRESS =     0.0
 Etot   =    -60671.7179  EKtot   =      1931.7843  EPtot      =    -62603.5022
 BOND   =      4485.6224  ANGLE   =        -0.0000  DIHED      =        -0.0000
 1-4 NB =         0.0000  1-4 EEL =        -0.0000  VDWAALS    =      4068.6572
 EELEC  =    -71157.7818  EHBOND  =         0.0000  RESTRAINT  =         0.0000
 DV/DL  =        13.2957
 ------------------------------------------------------------------------------

 NMR restraints: Bond =    0.000   Angle =     0.000   Torsion =     0.000
===============================================================================

| TI region  1


 NSTEP =    25000   TIME(PS) =      25.000  TEMP(K) =    39.13  PRESS =     0.0
 Etot   =    -59749.8267  EKtot   =      2444.3108  EPtot      =    -62194.1375
 BOND   =      4689.2519  ANGLE   =        -0.0000  DIHED      =        -0.0000
 1-4 NB =         0.0000  1-4 EEL =         0.0000  VDWAALS    =      4032.0730
 EELEC  =    -70915.4623  EHBOND  =         0.0000  RESTRAINT  =         0.0000
 DV/DL  =        11.0828
 ------------------------------------------------------------------------------

  Softcore part of the system:      12 atoms,       TEMP(K)    =          51.12
 SC_Etot=        16.6848  SC_EKtot=         1.8286  SC_EPtot   =        14.8562
 SC_BOND=         0.5664  SC_ANGLE=         0.7143  SC_DIHED   =         0.1160
 SC_14NB=         0.3702  SC_14EEL=        40.4589  SC_VDW     =        -0.0832
 SC_EEL =       -27.2864
 SC_RES_DIST=     0.0000  SC_RES_ANG=       0.0000  SC_RES_TORS=         0.0000
 SC_EEL_DER=      0.9267  SC_VDW_DER=      -1.6250  SC_DERIV   =        -0.6983
 ------------------------------------------------------------------------------


| TI region  2


 NSTEP =    25000   TIME(PS) =      25.000  TEMP(K) =    39.13  PRESS =     0.0
 Etot   =    -59751.6553  EKtot   =      2442.4822  EPtot      =    -62194.1375
 BOND   =      4689.2519  ANGLE   =        -0.0000  DIHED      =        -0.0000
 1-4 NB =         0.0000  1-4 EEL =         0.0000  VDWAALS    =      4032.0730
 EELEC  =    -70915.4623  EHBOND  =         0.0000  RESTRAINT  =         0.0000
 DV/DL  =        11.0828
 ------------------------------------------------------------------------------

 NMR restraints: Bond =    0.000   Angle =     0.000   Torsion =     0.000
===============================================================================

| TI region  1


 NSTEP =    30000   TIME(PS) =      30.000  TEMP(K) =    46.65  PRESS =     0.0
 Etot   =    -58858.9770  EKtot   =      2913.7319  EPtot      =    -61772.7090
 BOND   =      4855.7044  ANGLE   =        -0.0000  DIHED      =        -0.0000
 1-4 NB =         0.0000  1-4 EEL =         0.0000  VDWAALS    =      3991.8580
 EELEC  =    -70620.2714  EHBOND  =         0.0000  RESTRAINT  =         0.0000
 DV/DL  =        11.1247
 ------------------------------------------------------------------------------

  Softcore part of the system:      12 atoms,       TEMP(K)    =          60.50
 SC_Etot=        18.2921  SC_EKtot=         2.1640  SC_EPtot   =        16.1280
 SC_BOND=         0.8991  SC_ANGLE=         1.4103  SC_DIHED   =         0.4421
 SC_14NB=         0.1092  SC_14EEL=        39.9268  SC_VDW     =        -0.0755
 SC_EEL =       -26.5840
 SC_RES_DIST=     0.0000  SC_RES_ANG=       0.0000  SC_RES_TORS=         0.0000
 SC_EEL_DER=      0.8623  SC_VDW_DER=      -1.4925  SC_DERIV   =        -0.6302
 ------------------------------------------------------------------------------


| TI region  2


 NSTEP =    30000   TIME(PS) =      30.000  TEMP(K) =    46.64  PRESS =     0.0
 Etot   =    -58861.1411  EKtot   =      2911.5679  EPtot      =    -61772.7090
 BOND   =      4855.7044  ANGLE   =        -0.0000  DIHED      =        -0.0000
 1-4 NB =         0.0000  1-4 EEL =         0.0000  VDWAALS    =      3991.8580
 EELEC  =    -70620.2714  EHBOND  =         0.0000  RESTRAINT  =         0.0000
 DV/DL  =        11.1247
 ------------------------------------------------------------------------------

 NMR restraints: Bond =    0.000   Angle =     0.000   Torsion =     0.000
===============================================================================

| TI region  1


 NSTEP =    35000   TIME(PS) =      35.000  TEMP(K) =    54.51  PRESS =     0.0
 Etot   =    -57906.9582  EKtot   =      3404.7202  EPtot      =    -61311.6785
 BOND   =      5131.1380  ANGLE   =         0.0000  DIHED      =         0.0000
 1-4 NB =         0.0000  1-4 EEL =        -0.0000  VDWAALS    =      3975.5919
 EELEC  =    -70418.4084  EHBOND  =         0.0000  RESTRAINT  =         0.0000
 DV/DL  =        10.7416
 ------------------------------------------------------------------------------

  Softcore part of the system:      12 atoms,       TEMP(K)    =          40.17
 SC_Etot=        16.7189  SC_EKtot=         1.4368  SC_EPtot   =        15.2820
 SC_BOND=         0.3452  SC_ANGLE=         1.0000  SC_DIHED   =         0.6065
 SC_14NB=         0.7615  SC_14EEL=        42.1062  SC_VDW     =        -0.0981
 SC_EEL =       -29.4393
 SC_RES_DIST=     0.0000  SC_RES_ANG=       0.0000  SC_RES_TORS=         0.0000
 SC_EEL_DER=      0.1955  SC_VDW_DER=      -0.5150  SC_DERIV   =        -0.3195
 ------------------------------------------------------------------------------


| TI region  2


 NSTEP =    35000   TIME(PS) =      35.000  TEMP(K) =    54.52  PRESS =     0.0
 Etot   =    -57908.3951  EKtot   =      3403.2834  EPtot      =    -61311.6785
 BOND   =      5131.1380  ANGLE   =         0.0000  DIHED      =         0.0000
 1-4 NB =         0.0000  1-4 EEL =        -0.0000  VDWAALS    =      3975.5919
 EELEC  =    -70418.4084  EHBOND  =         0.0000  RESTRAINT  =         0.0000
 DV/DL  =        10.7416
 ------------------------------------------------------------------------------

 NMR restraints: Bond =    0.000   Angle =     0.000   Torsion =     0.000
===============================================================================

| TI region  1


 NSTEP =    40000   TIME(PS) =      40.000  TEMP(K) =    62.43  PRESS =     0.0
 Etot   =    -56976.0734  EKtot   =      3899.7097  EPtot      =    -60875.7831
 BOND   =      5187.5456  ANGLE   =         0.0000  DIHED      =         0.0000
 1-4 NB =         0.0000  1-4 EEL =        -0.0000  VDWAALS    =      3916.6437
 EELEC  =    -69979.9724  EHBOND  =         0.0000  RESTRAINT  =         0.0000
 DV/DL  =        11.7198
 ------------------------------------------------------------------------------

  Softcore part of the system:      12 atoms,       TEMP(K)    =          78.04
 SC_Etot=        18.5933  SC_EKtot=         2.7914  SC_EPtot   =        15.8019
 SC_BOND=         0.4768  SC_ANGLE=         1.6136  SC_DIHED   =         0.3801
 SC_14NB=         0.3770  SC_14EEL=        40.3133  SC_VDW     =        -0.0816
 SC_EEL =       -27.2774
 SC_RES_DIST=     0.0000  SC_RES_ANG=       0.0000  SC_RES_TORS=         0.0000
 SC_EEL_DER=      0.2191  SC_VDW_DER=      -0.1679  SC_DERIV   =         0.0512
 ------------------------------------------------------------------------------


| TI region  2


 NSTEP =    40000   TIME(PS) =      40.000  TEMP(K) =    62.42  PRESS =     0.0
 Etot   =    -56978.8648  EKtot   =      3896.9183  EPtot      =    -60875.7831
 BOND   =      5187.5456  ANGLE   =         0.0000  DIHED      =         0.0000
 1-4 NB =         0.0000  1-4 EEL =        -0.0000  VDWAALS    =      3916.6437
 EELEC  =    -69979.9724  EHBOND  =         0.0000  RESTRAINT  =         0.0000
 DV/DL  =        11.7198
 ------------------------------------------------------------------------------

 NMR restraints: Bond =    0.000   Angle =     0.000   Torsion =     0.000
===============================================================================

| TI region  1


 NSTEP =    45000   TIME(PS) =      45.000  TEMP(K) =    69.85  PRESS =     0.0
 Etot   =    -56060.0043  EKtot   =      4362.8540  EPtot      =    -60422.8583
 BOND   =      5395.0056  ANGLE   =         0.0000  DIHED      =        -0.0000
 1-4 NB =         0.0000  1-4 EEL =        -0.0000  VDWAALS    =      3899.7347
 EELEC  =    -69717.5986  EHBOND  =         0.0000  RESTRAINT  =         0.0000
 DV/DL  =        10.6976
 ------------------------------------------------------------------------------

  Softcore part of the system:      12 atoms,       TEMP(K)    =          43.91
 SC_Etot=        18.9555  SC_EKtot=         1.5707  SC_EPtot   =        17.3848
 SC_BOND=         1.0961  SC_ANGLE=         2.4189  SC_DIHED   =         0.6140
 SC_14NB=         0.4362  SC_14EEL=        41.1181  SC_VDW     =        -0.0954
 SC_EEL =       -28.2029
 SC_RES_DIST=     0.0000  SC_RES_ANG=       0.0000  SC_RES_TORS=         0.0000
 SC_EEL_DER=      0.0321  SC_VDW_DER=      -1.0688  SC_DERIV   =        -1.0367
 ------------------------------------------------------------------------------


| TI region  2


 NSTEP =    45000   TIME(PS) =      45.000  TEMP(K) =    69.86  PRESS =     0.0
 Etot   =    -56061.5750  EKtot   =      4361.2833  EPtot      =    -60422.8583
 BOND   =      5395.0056  ANGLE   =         0.0000  DIHED      =        -0.0000
 1-4 NB =         0.0000  1-4 EEL =        -0.0000  VDWAALS    =      3899.7347
 EELEC  =    -69717.5986  EHBOND  =         0.0000  RESTRAINT  =         0.0000
 DV/DL  =        10.6976
 ------------------------------------------------------------------------------

 NMR restraints: Bond =    0.000   Angle =     0.000   Torsion =     0.000
===============================================================================

| TI region  1


 NSTEP =    50000   TIME(PS) =      50.000  TEMP(K) =    78.45  PRESS =     0.0
 Etot   =    -54975.7306  EKtot   =      4900.1992  EPtot      =    -59875.9299
 BOND   =      5618.7490  ANGLE   =         0.0000  DIHED      =        -0.0000
 1-4 NB =         0.0000  1-4 EEL =         0.0000  VDWAALS    =      3783.3269
 EELEC  =    -69278.0058  EHBOND  =         0.0000  RESTRAINT  =         0.0000
 DV/DL  =        10.5922
 ------------------------------------------------------------------------------

  Softcore part of the system:      12 atoms,       TEMP(K)    =          72.30
 SC_Etot=        19.2871  SC_EKtot=         2.5863  SC_EPtot   =        16.7008
 SC_BOND=         0.5449  SC_ANGLE=         1.5307  SC_DIHED   =         1.2891
 SC_14NB=         0.6688  SC_14EEL=        41.6435  SC_VDW     =        -0.0949
 SC_EEL =       -28.8813
 SC_RES_DIST=     0.0000  SC_RES_ANG=       0.0000  SC_RES_TORS=         0.0000
 SC_EEL_DER=      0.3505  SC_VDW_DER=      -1.0972  SC_DERIV   =        -0.7468
 ------------------------------------------------------------------------------


| TI region  2


 NSTEP =    50000   TIME(PS) =      50.000  TEMP(K) =    78.45  PRESS =     0.0
 Etot   =    -54978.3169  EKtot   =      4897.6129  EPtot      =    -59875.9299
 BOND   =      5618.7490  ANGLE   =         0.0000  DIHED      =        -0.0000
 1-4 NB =         0.0000  1-4 EEL =         0.0000  VDWAALS    =      3783.3269
 EELEC  =    -69278.0058  EHBOND  =         0.0000  RESTRAINT  =         0.0000
 DV/DL  =        10.5922
 ------------------------------------------------------------------------------

 NMR restraints: Bond =    0.000   Angle =     0.000   Torsion =     0.000
===============================================================================

| TI region  1


 NSTEP =    55000   TIME(PS) =      55.000  TEMP(K) =    85.12  PRESS =     0.0
 Etot   =    -54072.7542  EKtot   =      5316.8623  EPtot      =    -59389.6165
 BOND   =      5670.9156  ANGLE   =        -0.0000  DIHED      =        -0.0000
 1-4 NB =         0.0000  1-4 EEL =         0.0000  VDWAALS    =      3579.2261
 EELEC  =    -68639.7582  EHBOND  =         0.0000  RESTRAINT  =         0.0000
 DV/DL  =        10.8153
 ------------------------------------------------------------------------------

  Softcore part of the system:      12 atoms,       TEMP(K)    =          84.09
 SC_Etot=        19.0683  SC_EKtot=         3.0078  SC_EPtot   =        16.0605
 SC_BOND=         0.5694  SC_ANGLE=         1.3309  SC_DIHED   =         0.8149
 SC_14NB=         0.5973  SC_14EEL=        40.3811  SC_VDW     =        -0.0940
 SC_EEL =       -27.5390
 SC_RES_DIST=     0.0000  SC_RES_ANG=       0.0000  SC_RES_TORS=         0.0000
 SC_EEL_DER=      0.3440  SC_VDW_DER=       0.1281  SC_DERIV   =         0.4721
 ------------------------------------------------------------------------------


| TI region  2


 NSTEP =    55000   TIME(PS) =      55.000  TEMP(K) =    85.12  PRESS =     0.0
 Etot   =    -54075.7620  EKtot   =      5313.8545  EPtot      =    -59389.6165
 BOND   =      5670.9156  ANGLE   =        -0.0000  DIHED      =        -0.0000
 1-4 NB =         0.0000  1-4 EEL =         0.0000  VDWAALS    =      3579.2261
 EELEC  =    -68639.7582  EHBOND  =         0.0000  RESTRAINT  =         0.0000
 DV/DL  =        10.8153
 ------------------------------------------------------------------------------

 NMR restraints: Bond =    0.000   Angle =     0.000   Torsion =     0.000
===============================================================================

| TI region  1


 NSTEP =    60000   TIME(PS) =      60.000  TEMP(K) =    94.37  PRESS =     0.0
 Etot   =    -52927.4059  EKtot   =      5894.4282  EPtot      =    -58821.8341
 BOND   =      5897.4111  ANGLE   =        -0.0000  DIHED      =        -0.0000
 1-4 NB =         0.0000  1-4 EEL =        -0.0000  VDWAALS    =      3569.2955
 EELEC  =    -68288.5407  EHBOND  =         0.0000  RESTRAINT  =         0.0000
 DV/DL  =         7.3998
 ------------------------------------------------------------------------------

  Softcore part of the system:      12 atoms,       TEMP(K)    =         106.96
 SC_Etot=        21.8203  SC_EKtot=         3.8258  SC_EPtot   =        17.9946
 SC_BOND=         1.2813  SC_ANGLE=         2.4648  SC_DIHED   =         0.1771
 SC_14NB=         0.2342  SC_14EEL=        40.5648  SC_VDW     =        -0.0748
 SC_EEL =       -26.6527
 SC_RES_DIST=     0.0000  SC_RES_ANG=       0.0000  SC_RES_TORS=         0.0000
 SC_EEL_DER=      0.4189  SC_VDW_DER=      -2.0559  SC_DERIV   =        -1.6369
 ------------------------------------------------------------------------------


| TI region  2


 NSTEP =    60000   TIME(PS) =      60.000  TEMP(K) =    94.36  PRESS =     0.0
 Etot   =    -52931.2317  EKtot   =      5890.6024  EPtot      =    -58821.8341
 BOND   =      5897.4111  ANGLE   =        -0.0000  DIHED      =        -0.0000
 1-4 NB =         0.0000  1-4 EEL =        -0.0000  VDWAALS    =      3569.2955
 EELEC  =    -68288.5407  EHBOND  =         0.0000  RESTRAINT  =         0.0000
 DV/DL  =         7.3998
 ------------------------------------------------------------------------------

 NMR restraints: Bond =    0.000   Angle =     0.000   Torsion =     0.000
===============================================================================

| TI region  1


 NSTEP =    65000   TIME(PS) =      65.000  TEMP(K) =   101.89  PRESS =     0.0
 Etot   =    -51947.5174  EKtot   =      6364.2432  EPtot      =    -58311.7606
 BOND   =      6024.2717  ANGLE   =         0.0000  DIHED      =        -0.0000
 1-4 NB =         0.0000  1-4 EEL =         0.0000  VDWAALS    =      3299.5720
 EELEC  =    -67635.6044  EHBOND  =         0.0000  RESTRAINT  =         0.0000
 DV/DL  =        11.0683
 ------------------------------------------------------------------------------

  Softcore part of the system:      12 atoms,       TEMP(K)    =         119.49
 SC_Etot=        21.6020  SC_EKtot=         4.2739  SC_EPtot   =        17.3281
 SC_BOND=         0.8447  SC_ANGLE=         1.9227  SC_DIHED   =         2.2090
 SC_14NB=         0.9773  SC_14EEL=        42.4942  SC_VDW     =        -0.0884
 SC_EEL =       -31.0313
 SC_RES_DIST=     0.0000  SC_RES_ANG=       0.0000  SC_RES_TORS=         0.0000
 SC_EEL_DER=     -0.0574  SC_VDW_DER=      -0.0737  SC_DERIV   =        -0.1311
 ------------------------------------------------------------------------------


| TI region  2


 NSTEP =    65000   TIME(PS) =      65.000  TEMP(K) =   101.88  PRESS =     0.0
 Etot   =    -51951.7914  EKtot   =      6359.9692  EPtot      =    -58311.7606
 BOND   =      6024.2717  ANGLE   =         0.0000  DIHED      =        -0.0000
 1-4 NB =         0.0000  1-4 EEL =         0.0000  VDWAALS    =      3299.5720
 EELEC  =    -67635.6044  EHBOND  =         0.0000  RESTRAINT  =         0.0000
 DV/DL  =        11.0683
 ------------------------------------------------------------------------------

 NMR restraints: Bond =    0.000   Angle =     0.000   Torsion =     0.000
===============================================================================

| TI region  1


 NSTEP =    70000   TIME(PS) =      70.000  TEMP(K) =   109.64  PRESS =     0.0
 Etot   =    -50837.5953  EKtot   =      6848.4414  EPtot      =    -57686.0367
 BOND   =      6284.8112  ANGLE   =        -0.0000  DIHED      =        -0.0000
 1-4 NB =         0.0000  1-4 EEL =        -0.0000  VDWAALS    =      3228.5824
 EELEC  =    -67199.4303  EHBOND  =         0.0000  RESTRAINT  =         0.0000
 DV/DL  =         8.1037
 ------------------------------------------------------------------------------

  Softcore part of the system:      12 atoms,       TEMP(K)    =         117.96
 SC_Etot=        21.9522  SC_EKtot=         4.2195  SC_EPtot   =        17.7327
 SC_BOND=         1.6721  SC_ANGLE=         2.2459  SC_DIHED   =         1.3461
 SC_14NB=         0.7913  SC_14EEL=        42.2284  SC_VDW     =        -0.0872
 SC_EEL =       -30.4638
 SC_RES_DIST=     0.0000  SC_RES_ANG=       0.0000  SC_RES_TORS=         0.0000
 SC_EEL_DER=     -0.2962  SC_VDW_DER=      -0.8940  SC_DERIV   =        -1.1902
 ------------------------------------------------------------------------------


| TI region  2


 NSTEP =    70000   TIME(PS) =      70.000  TEMP(K) =   109.64  PRESS =     0.0
 Etot   =    -50841.8148  EKtot   =      6844.2219  EPtot      =    -57686.0367
 BOND   =      6284.8112  ANGLE   =        -0.0000  DIHED      =        -0.0000
 1-4 NB =         0.0000  1-4 EEL =        -0.0000  VDWAALS    =      3228.5824
 EELEC  =    -67199.4303  EHBOND  =         0.0000  RESTRAINT  =         0.0000
 DV/DL  =         8.1037
 ------------------------------------------------------------------------------

 NMR restraints: Bond =    0.000   Angle =     0.000   Torsion =     0.000
===============================================================================

| TI region  1


 NSTEP =    75000   TIME(PS) =      75.000  TEMP(K) =   117.85  PRESS =     0.0
 Etot   =    -49701.6422  EKtot   =      7361.2920  EPtot      =    -57062.9342
 BOND   =      6385.7574  ANGLE   =        -0.0000  DIHED      =        -0.0000
 1-4 NB =         0.0000  1-4 EEL =         0.0000  VDWAALS    =      3048.7570
 EELEC  =    -66497.4486  EHBOND  =         0.0000  RESTRAINT  =         0.0000
 DV/DL  =         9.3905
 ------------------------------------------------------------------------------

  Softcore part of the system:      12 atoms,       TEMP(K)    =         132.70
 SC_Etot=        21.5785  SC_EKtot=         4.7465  SC_EPtot   =        16.8320
 SC_BOND=         1.0407  SC_ANGLE=         1.2319  SC_DIHED   =         0.6218
 SC_14NB=         0.4491  SC_14EEL=        40.3372  SC_VDW     =        -0.0904
 SC_EEL =       -26.7583
 SC_RES_DIST=     0.0000  SC_RES_ANG=       0.0000  SC_RES_TORS=         0.0000
 SC_EEL_DER=     -0.1843  SC_VDW_DER=      -0.7671  SC_DERIV   =        -0.9514
 ------------------------------------------------------------------------------


| TI region  2


 NSTEP =    75000   TIME(PS) =      75.000  TEMP(K) =   117.84  PRESS =     0.0
 Etot   =    -49706.3887  EKtot   =      7356.5455  EPtot      =    -57062.9342
 BOND   =      6385.7574  ANGLE   =        -0.0000  DIHED      =        -0.0000
 1-4 NB =         0.0000  1-4 EEL =         0.0000  VDWAALS    =      3048.7570
 EELEC  =    -66497.4486  EHBOND  =         0.0000  RESTRAINT  =         0.0000
 DV/DL  =         9.3905
 ------------------------------------------------------------------------------

 NMR restraints: Bond =    0.000   Angle =     0.000   Torsion =     0.000
===============================================================================

| TI region  1


 NSTEP =    80000   TIME(PS) =      80.000  TEMP(K) =   124.26  PRESS =     0.0
 Etot   =    -48685.8121  EKtot   =      7761.7021  EPtot      =    -56447.5142
 BOND   =      6498.8971  ANGLE   =        -0.0000  DIHED      =        -0.0000
 1-4 NB =         0.0000  1-4 EEL =        -0.0000  VDWAALS    =      2869.2197
 EELEC  =    -65815.6311  EHBOND  =         0.0000  RESTRAINT  =         0.0000
 DV/DL  =        10.0686
 ------------------------------------------------------------------------------

  Softcore part of the system:      12 atoms,       TEMP(K)    =          80.35
 SC_Etot=        19.9807  SC_EKtot=         2.8740  SC_EPtot   =        17.1067
 SC_BOND=         1.5794  SC_ANGLE=         1.7200  SC_DIHED   =         0.1806
 SC_14NB=         0.2881  SC_14EEL=        40.5845  SC_VDW     =        -0.0800
 SC_EEL =       -27.1657
 SC_RES_DIST=     0.0000  SC_RES_ANG=       0.0000  SC_RES_TORS=         0.0000
 SC_EEL_DER=      0.8883  SC_VDW_DER=      -2.9974  SC_DERIV   =        -2.1091
 ------------------------------------------------------------------------------


| TI region  2


 NSTEP =    80000   TIME(PS) =      80.000  TEMP(K) =   124.29  PRESS =     0.0
 Etot   =    -48688.6860  EKtot   =      7758.8282  EPtot      =    -56447.5142
 BOND   =      6498.8971  ANGLE   =        -0.0000  DIHED      =        -0.0000
 1-4 NB =         0.0000  1-4 EEL =        -0.0000  VDWAALS    =      2869.2197
 EELEC  =    -65815.6311  EHBOND  =         0.0000  RESTRAINT  =         0.0000
 DV/DL  =        10.0686
 ------------------------------------------------------------------------------

 NMR restraints: Bond =    0.000   Angle =     0.000   Torsion =     0.000
===============================================================================

| TI region  1


 NSTEP =    85000   TIME(PS) =      85.000  TEMP(K) =   132.11  PRESS =     0.0
 Etot   =    -47479.6080  EKtot   =      8252.1396  EPtot      =    -55731.7476
 BOND   =      6658.3329  ANGLE   =        -0.0000  DIHED      =        -0.0000
 1-4 NB =         0.0000  1-4 EEL =         0.0000  VDWAALS    =      2625.1184
 EELEC  =    -65015.1989  EHBOND  =         0.0000  RESTRAINT  =         0.0000
 DV/DL  =        10.8620
 ------------------------------------------------------------------------------

  Softcore part of the system:      12 atoms,       TEMP(K)    =         124.64
 SC_Etot=        23.7967  SC_EKtot=         4.4582  SC_EPtot   =        19.3386
 SC_BOND=         3.4068  SC_ANGLE=         1.6787  SC_DIHED   =         1.0027
 SC_14NB=         0.5959  SC_14EEL=        42.5100  SC_VDW     =        -0.0982
 SC_EEL =       -29.7573
 SC_RES_DIST=     0.0000  SC_RES_ANG=       0.0000  SC_RES_TORS=         0.0000
 SC_EEL_DER=      0.3411  SC_VDW_DER=      -1.2048  SC_DERIV   =        -0.8638
 ------------------------------------------------------------------------------


| TI region  2


 NSTEP =    85000   TIME(PS) =      85.000  TEMP(K) =   132.12  PRESS =     0.0
 Etot   =    -47484.0661  EKtot   =      8247.6815  EPtot      =    -55731.7476
 BOND   =      6658.3329  ANGLE   =        -0.0000  DIHED      =        -0.0000
 1-4 NB =         0.0000  1-4 EEL =         0.0000  VDWAALS    =      2625.1184
 EELEC  =    -65015.1989  EHBOND  =         0.0000  RESTRAINT  =         0.0000
 DV/DL  =        10.8620
 ------------------------------------------------------------------------------

 NMR restraints: Bond =    0.000   Angle =     0.000   Torsion =     0.000
===============================================================================

| TI region  1


 NSTEP =    90000   TIME(PS) =      90.000  TEMP(K) =   142.71  PRESS =     0.0
 Etot   =    -45788.4918  EKtot   =      8914.1328  EPtot      =    -54702.6246
 BOND   =      6846.4956  ANGLE   =        -0.0000  DIHED      =        -0.0000
 1-4 NB =         0.0000  1-4 EEL =        -0.0000  VDWAALS    =      2301.0178
 EELEC  =    -63850.1379  EHBOND  =         0.0000  RESTRAINT  =         0.0000
 DV/DL  =        13.6073
 ------------------------------------------------------------------------------

  Softcore part of the system:      12 atoms,       TEMP(K)    =         138.93
 SC_Etot=        24.5712  SC_EKtot=         4.9694  SC_EPtot   =        19.6018
 SC_BOND=         1.9068  SC_ANGLE=         3.2943  SC_DIHED   =         2.2446
 SC_14NB=         0.7186  SC_14EEL=        42.0082  SC_VDW     =        -0.0944
 SC_EEL =       -30.4762
 SC_RES_DIST=     0.0000  SC_RES_ANG=       0.0000  SC_RES_TORS=         0.0000
 SC_EEL_DER=      0.4724  SC_VDW_DER=      -0.2694  SC_DERIV   =         0.2029
 ------------------------------------------------------------------------------


| TI region  2


 NSTEP =    90000   TIME(PS) =      90.000  TEMP(K) =   142.71  PRESS =     0.0
 Etot   =    -45793.4612  EKtot   =      8909.1634  EPtot      =    -54702.6246
 BOND   =      6846.4956  ANGLE   =        -0.0000  DIHED      =        -0.0000
 1-4 NB =         0.0000  1-4 EEL =        -0.0000  VDWAALS    =      2301.0178
 EELEC  =    -63850.1379  EHBOND  =         0.0000  RESTRAINT  =         0.0000
 DV/DL  =        13.6073
 ------------------------------------------------------------------------------

 NMR restraints: Bond =    0.000   Angle =     0.000   Torsion =     0.000
===============================================================================

| TI region  1


 NSTEP =    95000   TIME(PS) =      95.000  TEMP(K) =   147.00  PRESS =     0.0
 Etot   =    -44611.4561  EKtot   =      9181.8877  EPtot      =    -53793.3438
 BOND   =      6919.3322  ANGLE   =         0.0000  DIHED      =        -0.0000
 1-4 NB =         0.0000  1-4 EEL =        -0.0000  VDWAALS    =      1887.8414
 EELEC  =    -62600.5174  EHBOND  =         0.0000  RESTRAINT  =         0.0000
 DV/DL  =        12.2239
 ------------------------------------------------------------------------------

  Softcore part of the system:      12 atoms,       TEMP(K)    =         137.91
 SC_Etot=        24.1796  SC_EKtot=         4.9328  SC_EPtot   =        19.2468
 SC_BOND=         1.8024  SC_ANGLE=         3.1531  SC_DIHED   =         0.9947
 SC_14NB=         0.3536  SC_14EEL=        38.2347  SC_VDW     =        -0.0714
 SC_EEL =       -25.2203
 SC_RES_DIST=     0.0000  SC_RES_ANG=       0.0000  SC_RES_TORS=         0.0000
 SC_EEL_DER=      0.5242  SC_VDW_DER=      -0.5663  SC_DERIV   =        -0.0421
 ------------------------------------------------------------------------------


| TI region  2


 NSTEP =    95000   TIME(PS) =      95.000  TEMP(K) =   147.00  PRESS =     0.0
 Etot   =    -44616.3889  EKtot   =      9176.9549  EPtot      =    -53793.3438
 BOND   =      6919.3322  ANGLE   =         0.0000  DIHED      =        -0.0000
 1-4 NB =         0.0000  1-4 EEL =        -0.0000  VDWAALS    =      1887.8414
 EELEC  =    -62600.5174  EHBOND  =         0.0000  RESTRAINT  =         0.0000
 DV/DL  =        12.2239
 ------------------------------------------------------------------------------

 NMR restraints: Bond =    0.000   Angle =     0.000   Torsion =     0.000
===============================================================================

| TI region  1


 NSTEP =   100000   TIME(PS) =     100.000  TEMP(K) =   156.75  PRESS =     0.0
 Etot   =    -43044.3705  EKtot   =      9790.7793  EPtot      =    -52835.1498
 BOND   =      7031.0044  ANGLE   =        -0.0000  DIHED      =        -0.0000
 1-4 NB =         0.0000  1-4 EEL =         0.0000  VDWAALS    =      1791.1031
 EELEC  =    -61657.2573  EHBOND  =         0.0000  RESTRAINT  =         0.0000
 DV/DL  =         8.7359
 ------------------------------------------------------------------------------

  Softcore part of the system:      12 atoms,       TEMP(K)    =         187.11
 SC_Etot=        24.9897  SC_EKtot=         6.6929  SC_EPtot   =        18.2968
 SC_BOND=         1.5022  SC_ANGLE=         3.1318  SC_DIHED   =         0.2948
 SC_14NB=         1.0185  SC_14EEL=        42.4300  SC_VDW     =        -0.0961
 SC_EEL =       -29.9844
 SC_RES_DIST=     0.0000  SC_RES_ANG=       0.0000  SC_RES_TORS=         0.0000
 SC_EEL_DER=      0.1602  SC_VDW_DER=      -2.0242  SC_DERIV   =        -1.8640
 ------------------------------------------------------------------------------


| TI region  2


 NSTEP =   100000   TIME(PS) =     100.000  TEMP(K) =   156.73  PRESS =     0.0
 Etot   =    -43051.0634  EKtot   =      9784.0864  EPtot      =    -52835.1498
 BOND   =      7031.0044  ANGLE   =        -0.0000  DIHED      =        -0.0000
 1-4 NB =         0.0000  1-4 EEL =         0.0000  VDWAALS    =      1791.1031
 EELEC  =    -61657.2573  EHBOND  =         0.0000  RESTRAINT  =         0.0000
 DV/DL  =         8.7359
 ------------------------------------------------------------------------------

 NMR restraints: Bond =    0.000   Angle =     0.000   Torsion =     0.000
===============================================================================

| TI region  1


 NSTEP =   105000   TIME(PS) =     105.000  TEMP(K) =   161.69  PRESS =     0.0
 Etot   =    -41868.4016  EKtot   =     10099.7490  EPtot      =    -51968.1506
 BOND   =      7211.6376  ANGLE   =        -0.0000  DIHED      =        -0.0000
 1-4 NB =         0.0000  1-4 EEL =         0.0000  VDWAALS    =      1417.8829
 EELEC  =    -60597.6712  EHBOND  =         0.0000  RESTRAINT  =         0.0000
 DV/DL  =        13.3370
 ------------------------------------------------------------------------------

  Softcore part of the system:      12 atoms,       TEMP(K)    =         172.28
 SC_Etot=        25.7368  SC_EKtot=         6.1625  SC_EPtot   =        19.5743
 SC_BOND=         2.1353  SC_ANGLE=         2.3486  SC_DIHED   =         1.9739
 SC_14NB=         0.3435  SC_14EEL=        36.3517  SC_VDW     =        -0.0573
 SC_EEL =       -23.5214
 SC_RES_DIST=     0.0000  SC_RES_ANG=       0.0000  SC_RES_TORS=         0.0000
 SC_EEL_DER=      0.8405  SC_VDW_DER=      -0.4553  SC_DERIV   =         0.3852
 ------------------------------------------------------------------------------


| TI region  2


 NSTEP =   105000   TIME(PS) =     105.000  TEMP(K) =   161.69  PRESS =     0.0
 Etot   =    -41874.5641  EKtot   =     10093.5865  EPtot      =    -51968.1506
 BOND   =      7211.6376  ANGLE   =        -0.0000  DIHED      =        -0.0000
 1-4 NB =         0.0000  1-4 EEL =         0.0000  VDWAALS    =      1417.8829
 EELEC  =    -60597.6712  EHBOND  =         0.0000  RESTRAINT  =         0.0000
 DV/DL  =        13.3370
 ------------------------------------------------------------------------------

 NMR restraints: Bond =    0.000   Angle =     0.000   Torsion =     0.000
===============================================================================

| TI region  1


 NSTEP =   110000   TIME(PS) =     110.000  TEMP(K) =   173.27  PRESS =     0.0
 Etot   =    -40138.7309  EKtot   =     10823.0938  EPtot      =    -50961.8247
 BOND   =      7331.2269  ANGLE   =        -0.0000  DIHED      =        -0.0000
 1-4 NB =         0.0000  1-4 EEL =        -0.0000  VDWAALS    =      1108.6836
 EELEC  =    -59401.7351  EHBOND  =         0.0000  RESTRAINT  =         0.0000
 DV/DL  =         7.8632
 ------------------------------------------------------------------------------

  Softcore part of the system:      12 atoms,       TEMP(K)    =         149.31
 SC_Etot=        24.9076  SC_EKtot=         5.3408  SC_EPtot   =        19.5668
 SC_BOND=         2.2056  SC_ANGLE=         2.9713  SC_DIHED   =         0.8446
 SC_14NB=         0.1606  SC_14EEL=        40.8520  SC_VDW     =        -0.0802
 SC_EEL =       -27.3871
 SC_RES_DIST=     0.0000  SC_RES_ANG=       0.0000  SC_RES_TORS=         0.0000
 SC_EEL_DER=      1.0303  SC_VDW_DER=      -4.1182  SC_DERIV   =        -3.0879
 ------------------------------------------------------------------------------


| TI region  2


 NSTEP =   110000   TIME(PS) =     110.000  TEMP(K) =   173.29  PRESS =     0.0
 Etot   =    -40144.0717  EKtot   =     10817.7530  EPtot      =    -50961.8247
 BOND   =      7331.2269  ANGLE   =        -0.0000  DIHED      =        -0.0000
 1-4 NB =         0.0000  1-4 EEL =        -0.0000  VDWAALS    =      1108.6836
 EELEC  =    -59401.7351  EHBOND  =         0.0000  RESTRAINT  =         0.0000
 DV/DL  =         7.8632
 ------------------------------------------------------------------------------

 NMR restraints: Bond =    0.000   Angle =     0.000   Torsion =     0.000
===============================================================================

| TI region  1


 NSTEP =   115000   TIME(PS) =     115.000  TEMP(K) =   181.88  PRESS =     0.0
 Etot   =    -38723.7508  EKtot   =     11360.5039  EPtot      =    -50084.2547
 BOND   =      7559.9577  ANGLE   =         0.0000  DIHED      =         0.0000
 1-4 NB =         0.0000  1-4 EEL =         0.0000  VDWAALS    =       967.9242
 EELEC  =    -58612.1366  EHBOND  =         0.0000  RESTRAINT  =         0.0000
 DV/DL  =         7.9908
 ------------------------------------------------------------------------------

  Softcore part of the system:      12 atoms,       TEMP(K)    =         148.67
 SC_Etot=        25.3991  SC_EKtot=         5.3179  SC_EPtot   =        20.0813
 SC_BOND=         2.0058  SC_ANGLE=         1.8457  SC_DIHED   =         1.2208
 SC_14NB=         0.8048  SC_14EEL=        41.7917  SC_VDW     =        -0.0775
 SC_EEL =       -27.5099
 SC_RES_DIST=     0.0000  SC_RES_ANG=       0.0000  SC_RES_TORS=         0.0000
 SC_EEL_DER=      0.0189  SC_VDW_DER=      -1.9359  SC_DERIV   =        -1.9170
 ------------------------------------------------------------------------------


| TI region  2


 NSTEP =   115000   TIME(PS) =     115.000  TEMP(K) =   181.90  PRESS =     0.0
 Etot   =    -38729.0686  EKtot   =     11355.1860  EPtot      =    -50084.2547
 BOND   =      7559.9577  ANGLE   =         0.0000  DIHED      =         0.0000
 1-4 NB =         0.0000  1-4 EEL =         0.0000  VDWAALS    =       967.9242
 EELEC  =    -58612.1366  EHBOND  =         0.0000  RESTRAINT  =         0.0000
 DV/DL  =         7.9908
 ------------------------------------------------------------------------------

 NMR restraints: Bond =    0.000   Angle =     0.000   Torsion =     0.000
===============================================================================

| TI region  1


 NSTEP =   120000   TIME(PS) =     120.000  TEMP(K) =   187.87  PRESS =     0.0
 Etot   =    -37943.8891  EKtot   =     11734.8057  EPtot      =    -49678.6947
 BOND   =      7456.9963  ANGLE   =        -0.0000  DIHED      =        -0.0000
 1-4 NB =         0.0000  1-4 EEL =         0.0000  VDWAALS    =       894.4316
 EELEC  =    -58030.1227  EHBOND  =         0.0000  RESTRAINT  =         0.0000
 DV/DL  =         5.6587
 ------------------------------------------------------------------------------

  Softcore part of the system:      12 atoms,       TEMP(K)    =         156.34
 SC_Etot=        24.9301  SC_EKtot=         5.5920  SC_EPtot   =        19.3381
 SC_BOND=         2.7516  SC_ANGLE=         2.8179  SC_DIHED   =         1.2649
 SC_14NB=         0.7566  SC_14EEL=        40.4253  SC_VDW     =        -0.0964
 SC_EEL =       -28.5819
 SC_RES_DIST=     0.0000  SC_RES_ANG=       0.0000  SC_RES_TORS=         0.0000
 SC_EEL_DER=      0.7903  SC_VDW_DER=      -4.3656  SC_DERIV   =        -3.5752
 ------------------------------------------------------------------------------


| TI region  2


 NSTEP =   120000   TIME(PS) =     120.000  TEMP(K) =   187.89  PRESS =     0.0
 Etot   =    -37949.4811  EKtot   =     11729.2136  EPtot      =    -49678.6947
 BOND   =      7456.9963  ANGLE   =        -0.0000  DIHED      =        -0.0000
 1-4 NB =         0.0000  1-4 EEL =         0.0000  VDWAALS    =       894.4316
 EELEC  =    -58030.1227  EHBOND  =         0.0000  RESTRAINT  =         0.0000
 DV/DL  =         5.6587
 ------------------------------------------------------------------------------

 NMR restraints: Bond =    0.000   Angle =     0.000   Torsion =     0.000
===============================================================================

| TI region  1


 NSTEP =   125000   TIME(PS) =     125.000  TEMP(K) =   194.92  PRESS =     0.0
 Etot   =    -36746.3967  EKtot   =     12175.3584  EPtot      =    -48921.7551
 BOND   =      7733.8069  ANGLE   =         0.0000  DIHED      =        -0.0000
 1-4 NB =         0.0000  1-4 EEL =         0.0000  VDWAALS    =       720.1738
 EELEC  =    -57375.7357  EHBOND  =         0.0000  RESTRAINT  =         0.0000
 DV/DL  =        11.2819
 ------------------------------------------------------------------------------

  Softcore part of the system:      12 atoms,       TEMP(K)    =         248.04
 SC_Etot=        29.0049  SC_EKtot=         8.8723  SC_EPtot   =        20.1326
 SC_BOND=         3.0906  SC_ANGLE=         3.5093  SC_DIHED   =         0.8307
 SC_14NB=         0.5539  SC_14EEL=        41.5059  SC_VDW     =        -0.0873
 SC_EEL =       -29.2706
 SC_RES_DIST=     0.0000  SC_RES_ANG=       0.0000  SC_RES_TORS=         0.0000
 SC_EEL_DER=      0.5788  SC_VDW_DER=      -2.7545  SC_DERIV   =        -2.1757
 ------------------------------------------------------------------------------


| TI region  2


 NSTEP =   125000   TIME(PS) =     125.000  TEMP(K) =   194.89  PRESS =     0.0
 Etot   =    -36755.2690  EKtot   =     12166.4861  EPtot      =    -48921.7551
 BOND   =      7733.8069  ANGLE   =         0.0000  DIHED      =        -0.0000
 1-4 NB =         0.0000  1-4 EEL =         0.0000  VDWAALS    =       720.1738
 EELEC  =    -57375.7357  EHBOND  =         0.0000  RESTRAINT  =         0.0000
 DV/DL  =        11.2819
 ------------------------------------------------------------------------------

 NMR restraints: Bond =    0.000   Angle =     0.000   Torsion =     0.000
===============================================================================

| TI region  1


 NSTEP =   130000   TIME(PS) =     130.000  TEMP(K) =   207.61  PRESS =     0.0
 Etot   =    -35015.7118  EKtot   =     12967.8213  EPtot      =    -47983.5331
 BOND   =      7910.2980  ANGLE   =        -0.0000  DIHED      =        -0.0000
 1-4 NB =         0.0000  1-4 EEL =        -0.0000  VDWAALS    =       695.1881
 EELEC  =    -56589.0193  EHBOND  =         0.0000  RESTRAINT  =         0.0000
 DV/DL  =         9.1579
 ------------------------------------------------------------------------------

  Softcore part of the system:      12 atoms,       TEMP(K)    =         200.26
 SC_Etot=        26.4495  SC_EKtot=         7.1633  SC_EPtot   =        19.2862
 SC_BOND=         3.2979  SC_ANGLE=         2.0568  SC_DIHED   =         0.6204
 SC_14NB=         0.6266  SC_14EEL=        40.5734  SC_VDW     =        -0.0970
 SC_EEL =       -27.7920
 SC_RES_DIST=     0.0000  SC_RES_ANG=       0.0000  SC_RES_TORS=         0.0000
 SC_EEL_DER=      0.2634  SC_VDW_DER=      -2.3945  SC_DERIV   =        -2.1311
 ------------------------------------------------------------------------------


| TI region  2


 NSTEP =   130000   TIME(PS) =     130.000  TEMP(K) =   207.61  PRESS =     0.0
 Etot   =    -35022.8751  EKtot   =     12960.6580  EPtot      =    -47983.5331
 BOND   =      7910.2980  ANGLE   =        -0.0000  DIHED      =        -0.0000
 1-4 NB =         0.0000  1-4 EEL =        -0.0000  VDWAALS    =       695.1881
 EELEC  =    -56589.0193  EHBOND  =         0.0000  RESTRAINT  =         0.0000
 DV/DL  =         9.1579
 ------------------------------------------------------------------------------

 NMR restraints: Bond =    0.000   Angle =     0.000   Torsion =     0.000
===============================================================================

| TI region  1


 NSTEP =   135000   TIME(PS) =     135.000  TEMP(K) =   212.36  PRESS =     0.0
 Etot   =    -34229.6236  EKtot   =     13264.4883  EPtot      =    -47494.1119
 BOND   =      8019.4837  ANGLE   =        -0.0000  DIHED      =        -0.0000
 1-4 NB =         0.0000  1-4 EEL =         0.0000  VDWAALS    =       561.5955
 EELEC  =    -56075.1911  EHBOND  =         0.0000  RESTRAINT  =         0.0000
 DV/DL  =        10.8232
 ------------------------------------------------------------------------------

  Softcore part of the system:      12 atoms,       TEMP(K)    =         157.55
 SC_Etot=        23.3763  SC_EKtot=         5.6354  SC_EPtot   =        17.7409
 SC_BOND=         1.1077  SC_ANGLE=         2.5137  SC_DIHED   =         0.6439
 SC_14NB=         0.2671  SC_14EEL=        38.9977  SC_VDW     =        -0.0648
 SC_EEL =       -25.7245
 SC_RES_DIST=     0.0000  SC_RES_ANG=       0.0000  SC_RES_TORS=         0.0000
 SC_EEL_DER=      0.1399  SC_VDW_DER=      -1.5776  SC_DERIV   =        -1.4377
 ------------------------------------------------------------------------------


| TI region  2


 NSTEP =   135000   TIME(PS) =     135.000  TEMP(K) =   212.39  PRESS =     0.0
 Etot   =    -34235.2590  EKtot   =     13258.8529  EPtot      =    -47494.1119
 BOND   =      8019.4837  ANGLE   =        -0.0000  DIHED      =        -0.0000
 1-4 NB =         0.0000  1-4 EEL =         0.0000  VDWAALS    =       561.5955
 EELEC  =    -56075.1911  EHBOND  =         0.0000  RESTRAINT  =         0.0000
 DV/DL  =        10.8232
 ------------------------------------------------------------------------------

 NMR restraints: Bond =    0.000   Angle =     0.000   Torsion =     0.000
===============================================================================

| TI region  1


 NSTEP =   140000   TIME(PS) =     140.000  TEMP(K) =   221.12  PRESS =     0.0
 Etot   =    -32808.3486  EKtot   =     13811.9082  EPtot      =    -46620.2568
 BOND   =      8347.7273  ANGLE   =         0.0000  DIHED      =        -0.0000
 1-4 NB =         0.0000  1-4 EEL =         0.0000  VDWAALS    =       593.0042
 EELEC  =    -55560.9883  EHBOND  =         0.0000  RESTRAINT  =         0.0000
 DV/DL  =         9.9315
 ------------------------------------------------------------------------------

  Softcore part of the system:      12 atoms,       TEMP(K)    =         204.23
 SC_Etot=        26.7756  SC_EKtot=         7.3050  SC_EPtot   =        19.4706
 SC_BOND=         1.3680  SC_ANGLE=         4.4210  SC_DIHED   =         1.3701
 SC_14NB=         0.6445  SC_14EEL=        39.8508  SC_VDW     =        -0.1002
 SC_EEL =       -28.0837
 SC_RES_DIST=     0.0000  SC_RES_ANG=       0.0000  SC_RES_TORS=         0.0000
 SC_EEL_DER=      1.2722  SC_VDW_DER=      -4.4338  SC_DERIV   =        -3.1616
 ------------------------------------------------------------------------------


| TI region  2


 NSTEP =   140000   TIME(PS) =     140.000  TEMP(K) =   221.13  PRESS =     0.0
 Etot   =    -32815.6536  EKtot   =     13804.6032  EPtot      =    -46620.2568
 BOND   =      8347.7273  ANGLE   =         0.0000  DIHED      =        -0.0000
 1-4 NB =         0.0000  1-4 EEL =         0.0000  VDWAALS    =       593.0042
 EELEC  =    -55560.9883  EHBOND  =         0.0000  RESTRAINT  =         0.0000
 DV/DL  =         9.9315
 ------------------------------------------------------------------------------

 NMR restraints: Bond =    0.000   Angle =     0.000   Torsion =     0.000
===============================================================================

| TI region  1


 NSTEP =   145000   TIME(PS) =     145.000  TEMP(K) =   228.38  PRESS =     0.0
 Etot   =    -31606.9057  EKtot   =     14265.0527  EPtot      =    -45871.9585
 BOND   =      8418.3919  ANGLE   =        -0.0000  DIHED      =        -0.0000
 1-4 NB =         0.0000  1-4 EEL =         0.0000  VDWAALS    =       158.6430
 EELEC  =    -54448.9934  EHBOND  =         0.0000  RESTRAINT  =         0.0000
 DV/DL  =        10.9247
 ------------------------------------------------------------------------------

  Softcore part of the system:      12 atoms,       TEMP(K)    =         259.95
 SC_Etot=        32.3829  SC_EKtot=         9.2982  SC_EPtot   =        23.0847
 SC_BOND=         2.0622  SC_ANGLE=         6.3730  SC_DIHED   =         1.2392
 SC_14NB=         0.7544  SC_14EEL=        42.9753  SC_VDW     =        -0.0909
 SC_EEL =       -30.2284
 SC_RES_DIST=     0.0000  SC_RES_ANG=       0.0000  SC_RES_TORS=         0.0000
 SC_EEL_DER=      1.0720  SC_VDW_DER=      -3.0899  SC_DERIV   =        -2.0179
 ------------------------------------------------------------------------------


| TI region  2


 NSTEP =   145000   TIME(PS) =     145.000  TEMP(K) =   228.36  PRESS =     0.0
 Etot   =    -31616.2039  EKtot   =     14255.7546  EPtot      =    -45871.9585
 BOND   =      8418.3919  ANGLE   =        -0.0000  DIHED      =        -0.0000
 1-4 NB =         0.0000  1-4 EEL =         0.0000  VDWAALS    =       158.6430
 EELEC  =    -54448.9934  EHBOND  =         0.0000  RESTRAINT  =         0.0000
 DV/DL  =        10.9247
 ------------------------------------------------------------------------------

 NMR restraints: Bond =    0.000   Angle =     0.000   Torsion =     0.000
===============================================================================

| TI region  1


 NSTEP =   150000   TIME(PS) =     150.000  TEMP(K) =   235.68  PRESS =     0.0
 Etot   =    -30244.1147  EKtot   =     14721.3936  EPtot      =    -44965.5082
 BOND   =      8496.1192  ANGLE   =        -0.0000  DIHED      =        -0.0000
 1-4 NB =         0.0000  1-4 EEL =         0.0000  VDWAALS    =       349.9235
 EELEC  =    -53811.5510  EHBOND  =         0.0000  RESTRAINT  =         0.0000
 DV/DL  =         1.6720
 ------------------------------------------------------------------------------

  Softcore part of the system:      12 atoms,       TEMP(K)    =         163.90
 SC_Etot=        27.2487  SC_EKtot=         5.8627  SC_EPtot   =        21.3860
 SC_BOND=         1.1115  SC_ANGLE=         4.8931  SC_DIHED   =         1.8649
 SC_14NB=         0.7661  SC_14EEL=        37.4294  SC_VDW     =        -0.0681
 SC_EEL =       -24.6111
 SC_RES_DIST=     0.0000  SC_RES_ANG=       0.0000  SC_RES_TORS=         0.0000
 SC_EEL_DER=      1.9560  SC_VDW_DER=     -10.8588  SC_DERIV   =        -8.9027
 ------------------------------------------------------------------------------


| TI region  2


 NSTEP =   150000   TIME(PS) =     150.000  TEMP(K) =   235.73  PRESS =     0.0
 Etot   =    -30249.9774  EKtot   =     14715.5308  EPtot      =    -44965.5082
 BOND   =      8496.1192  ANGLE   =        -0.0000  DIHED      =        -0.0000
 1-4 NB =         0.0000  1-4 EEL =         0.0000  VDWAALS    =       349.9235
 EELEC  =    -53811.5510  EHBOND  =         0.0000  RESTRAINT  =         0.0000
 DV/DL  =         1.6720
 ------------------------------------------------------------------------------

 NMR restraints: Bond =    0.000   Angle =     0.000   Torsion =     0.000
===============================================================================

| TI region  1


 NSTEP =   155000   TIME(PS) =     155.000  TEMP(K) =   244.43  PRESS =     0.0
 Etot   =    -29126.1113  EKtot   =     15267.4785  EPtot      =    -44393.5898
 BOND   =      8626.4459  ANGLE   =        -0.0000  DIHED      =         0.0000
 1-4 NB =         0.0000  1-4 EEL =         0.0000  VDWAALS    =       366.0280
 EELEC  =    -53386.0637  EHBOND  =         0.0000  RESTRAINT  =         0.0000
 DV/DL  =         8.7798
 ------------------------------------------------------------------------------

  Softcore part of the system:      12 atoms,       TEMP(K)    =         393.43
 SC_Etot=        34.7179  SC_EKtot=        14.0727  SC_EPtot   =        20.6452
 SC_BOND=         1.8806  SC_ANGLE=         4.7372  SC_DIHED   =         1.0932
 SC_14NB=         1.2861  SC_14EEL=        42.2329  SC_VDW     =        -0.1383
 SC_EEL =       -30.4465
 SC_RES_DIST=     0.0000  SC_RES_ANG=       0.0000  SC_RES_TORS=         0.0000
 SC_EEL_DER=      0.7871  SC_VDW_DER=      -2.4365  SC_DERIV   =        -1.6494
 ------------------------------------------------------------------------------


| TI region  2


 NSTEP =   155000   TIME(PS) =     155.000  TEMP(K) =   244.34  PRESS =     0.0
 Etot   =    -29140.1841  EKtot   =     15253.4058  EPtot      =    -44393.5898
 BOND   =      8626.4459  ANGLE   =        -0.0000  DIHED      =         0.0000
 1-4 NB =         0.0000  1-4 EEL =         0.0000  VDWAALS    =       366.0280
 EELEC  =    -53386.0637  EHBOND  =         0.0000  RESTRAINT  =         0.0000
 DV/DL  =         8.7798
 ------------------------------------------------------------------------------

 NMR restraints: Bond =    0.000   Angle =     0.000   Torsion =     0.000
===============================================================================

| TI region  1


 NSTEP =   160000   TIME(PS) =     160.000  TEMP(K) =   250.21  PRESS =     0.0
 Etot   =    -28013.9678  EKtot   =     15628.9990  EPtot      =    -43642.9668
 BOND   =      8836.3080  ANGLE   =        -0.0000  DIHED      =         0.0000
 1-4 NB =         0.0000  1-4 EEL =        -0.0000  VDWAALS    =       208.7843
 EELEC  =    -52688.0592  EHBOND  =         0.0000  RESTRAINT  =         0.0000
 DV/DL  =         4.5843
 ------------------------------------------------------------------------------

  Softcore part of the system:      12 atoms,       TEMP(K)    =         212.96
 SC_Etot=        26.1804  SC_EKtot=         7.6173  SC_EPtot   =        18.5630
 SC_BOND=         1.6402  SC_ANGLE=         2.2797  SC_DIHED   =         1.1012
 SC_14NB=         1.8659  SC_14EEL=        45.2686  SC_VDW     =        -0.1205
 SC_EEL =       -33.4722
 SC_RES_DIST=     0.0000  SC_RES_ANG=       0.0000  SC_RES_TORS=         0.0000
 SC_EEL_DER=      0.4569  SC_VDW_DER=      -5.5618  SC_DERIV   =        -5.1049
 ------------------------------------------------------------------------------


| TI region  2


 NSTEP =   160000   TIME(PS) =     160.000  TEMP(K) =   250.24  PRESS =     0.0
 Etot   =    -28021.5851  EKtot   =     15621.3817  EPtot      =    -43642.9668
 BOND   =      8836.3080  ANGLE   =        -0.0000  DIHED      =         0.0000
 1-4 NB =         0.0000  1-4 EEL =        -0.0000  VDWAALS    =       208.7843
 EELEC  =    -52688.0592  EHBOND  =         0.0000  RESTRAINT  =         0.0000
 DV/DL  =         4.5843
 ------------------------------------------------------------------------------

 NMR restraints: Bond =    0.000   Angle =     0.000   Torsion =     0.000
===============================================================================

| TI region  1


 NSTEP =   165000   TIME(PS) =     165.000  TEMP(K) =   261.62  PRESS =     0.0
 Etot   =    -26580.3650  EKtot   =     16341.2910  EPtot      =    -42921.6560
 BOND   =      8895.4009  ANGLE   =        -0.0000  DIHED      =         0.0000
 1-4 NB =         0.0000  1-4 EEL =         0.0000  VDWAALS    =       280.8211
 EELEC  =    -52097.8781  EHBOND  =         0.0000  RESTRAINT  =         0.0000
 DV/DL  =         4.0252
 ------------------------------------------------------------------------------

  Softcore part of the system:      12 atoms,       TEMP(K)    =         236.81
 SC_Etot=        30.2703  SC_EKtot=         8.4704  SC_EPtot   =        21.7999
 SC_BOND=         2.3645  SC_ANGLE=         6.0557  SC_DIHED   =         1.2130
 SC_14NB=         1.0265  SC_14EEL=        43.2550  SC_VDW     =        -0.1254
 SC_EEL =       -31.9894
 SC_RES_DIST=     0.0000  SC_RES_ANG=       0.0000  SC_RES_TORS=         0.0000
 SC_EEL_DER=     -0.0234  SC_VDW_DER=      -4.1290  SC_DERIV   =        -4.1524
 ------------------------------------------------------------------------------


| TI region  2


 NSTEP =   165000   TIME(PS) =     165.000  TEMP(K) =   261.63  PRESS =     0.0
 Etot   =    -26588.8355  EKtot   =     16332.8206  EPtot      =    -42921.6560
 BOND   =      8895.4009  ANGLE   =        -0.0000  DIHED      =         0.0000
 1-4 NB =         0.0000  1-4 EEL =         0.0000  VDWAALS    =       280.8211
 EELEC  =    -52097.8781  EHBOND  =         0.0000  RESTRAINT  =         0.0000
 DV/DL  =         4.0252
 ------------------------------------------------------------------------------

 NMR restraints: Bond =    0.000   Angle =     0.000   Torsion =     0.000
===============================================================================

| TI region  1


 NSTEP =   170000   TIME(PS) =     170.000  TEMP(K) =   268.62  PRESS =     0.0
 Etot   =    -25631.9051  EKtot   =     16778.7168  EPtot      =    -42410.6219
 BOND   =      9233.7012  ANGLE   =         0.0000  DIHED      =         0.0000
 1-4 NB =         0.0000  1-4 EEL =        -0.0000  VDWAALS    =       122.4612
 EELEC  =    -51766.7842  EHBOND  =         0.0000  RESTRAINT  =         0.0000
 DV/DL  =         7.4793
 ------------------------------------------------------------------------------

  Softcore part of the system:      12 atoms,       TEMP(K)    =         250.09
 SC_Etot=        29.3776  SC_EKtot=         8.9454  SC_EPtot   =        20.4322
 SC_BOND=         2.4647  SC_ANGLE=         5.5416  SC_DIHED   =         0.1642
 SC_14NB=         0.5031  SC_14EEL=        40.4549  SC_VDW     =        -0.1100
 SC_EEL =       -28.5863
 SC_RES_DIST=     0.0000  SC_RES_ANG=       0.0000  SC_RES_TORS=         0.0000
 SC_EEL_DER=     -0.3829  SC_VDW_DER=      -1.6307  SC_DERIV   =        -2.0136
 ------------------------------------------------------------------------------


| TI region  2


 NSTEP =   170000   TIME(PS) =     170.000  TEMP(K) =   268.63  PRESS =     0.0
 Etot   =    -25640.8505  EKtot   =     16769.7714  EPtot      =    -42410.6219
 BOND   =      9233.7012  ANGLE   =         0.0000  DIHED      =         0.0000
 1-4 NB =         0.0000  1-4 EEL =        -0.0000  VDWAALS    =       122.4612
 EELEC  =    -51766.7842  EHBOND  =         0.0000  RESTRAINT  =         0.0000
 DV/DL  =         7.4793
 ------------------------------------------------------------------------------

 NMR restraints: Bond =    0.000   Angle =     0.000   Torsion =     0.000
===============================================================================

| TI region  1


 NSTEP =   175000   TIME(PS) =     175.000  TEMP(K) =   273.48  PRESS =     0.0
 Etot   =    -24537.9046  EKtot   =     17082.2539  EPtot      =    -41620.1585
 BOND   =      9337.2936  ANGLE   =        -0.0000  DIHED      =         0.0000
 1-4 NB =         0.0000  1-4 EEL =        -0.0000  VDWAALS    =       145.2060
 EELEC  =    -51102.6580  EHBOND  =         0.0000  RESTRAINT  =         0.0000
 DV/DL  =       -15.7278
 ------------------------------------------------------------------------------

  Softcore part of the system:      12 atoms,       TEMP(K)    =         140.75
 SC_Etot=        26.4431  SC_EKtot=         5.0346  SC_EPtot   =        21.4086
 SC_BOND=         3.1516  SC_ANGLE=         5.4004  SC_DIHED   =         0.7503
 SC_14NB=         0.9684  SC_14EEL=        42.1302  SC_VDW     =        -0.1004
 SC_EEL =       -30.8920
 SC_RES_DIST=     0.0000  SC_RES_ANG=       0.0000  SC_RES_TORS=         0.0000
 SC_EEL_DER=      1.9319  SC_VDW_DER=     -21.0160  SC_DERIV   =       -19.0841
 ------------------------------------------------------------------------------


| TI region  2


 NSTEP =   175000   TIME(PS) =     175.000  TEMP(K) =   273.56  PRESS =     0.0
 Etot   =    -24542.9391  EKtot   =     17077.2193  EPtot      =    -41620.1585
 BOND   =      9337.2936  ANGLE   =        -0.0000  DIHED      =         0.0000
 1-4 NB =         0.0000  1-4 EEL =        -0.0000  VDWAALS    =       145.2060
 EELEC  =    -51102.6580  EHBOND  =         0.0000  RESTRAINT  =         0.0000
 DV/DL  =       -15.7278
 ------------------------------------------------------------------------------

 NMR restraints: Bond =    0.000   Angle =     0.000   Torsion =     0.000
===============================================================================

| TI region  1


 NSTEP =   180000   TIME(PS) =     180.000  TEMP(K) =   285.18  PRESS =     0.0
 Etot   =    -23317.6858  EKtot   =     17813.1387  EPtot      =    -41130.8245
 BOND   =      9647.1978  ANGLE   =        -0.0000  DIHED      =        -0.0000
 1-4 NB =         0.0000  1-4 EEL =         0.0000  VDWAALS    =        85.7344
 EELEC  =    -50863.7567  EHBOND  =         0.0000  RESTRAINT  =         0.0000
 DV/DL  =         8.7239
 ------------------------------------------------------------------------------

  Softcore part of the system:      12 atoms,       TEMP(K)    =         237.64
 SC_Etot=        33.7090  SC_EKtot=         8.5002  SC_EPtot   =        25.2088
 SC_BOND=         5.4949  SC_ANGLE=         4.1872  SC_DIHED   =         1.6840
 SC_14NB=         0.5269  SC_14EEL=        35.1215  SC_VDW     =        -0.0555
 SC_EEL =       -21.7503
 SC_RES_DIST=     0.0000  SC_RES_ANG=       0.0000  SC_RES_TORS=         0.0000
 SC_EEL_DER=      0.7507  SC_VDW_DER=      -3.6760  SC_DERIV   =        -2.9253
 ------------------------------------------------------------------------------


| TI region  2


 NSTEP =   180000   TIME(PS) =     180.000  TEMP(K) =   285.21  PRESS =     0.0
 Etot   =    -23326.1860  EKtot   =     17804.6385  EPtot      =    -41130.8245
 BOND   =      9647.1978  ANGLE   =        -0.0000  DIHED      =        -0.0000
 1-4 NB =         0.0000  1-4 EEL =         0.0000  VDWAALS    =        85.7344
 EELEC  =    -50863.7567  EHBOND  =         0.0000  RESTRAINT  =         0.0000
 DV/DL  =         8.7239
 ------------------------------------------------------------------------------

 NMR restraints: Bond =    0.000   Angle =     0.000   Torsion =     0.000
===============================================================================

| TI region  1


 NSTEP =   185000   TIME(PS) =     185.000  TEMP(K) =   291.51  PRESS =     0.0
 Etot   =    -22281.8022  EKtot   =     18208.5293  EPtot      =    -40490.3315
 BOND   =      9672.1800  ANGLE   =        -0.0000  DIHED      =        -0.0000
 1-4 NB =         0.0000  1-4 EEL =         0.0000  VDWAALS    =       132.6896
 EELEC  =    -50295.2011  EHBOND  =         0.0000  RESTRAINT  =         0.0000
 DV/DL  =         5.2407
 ------------------------------------------------------------------------------

  Softcore part of the system:      12 atoms,       TEMP(K)    =         318.61
 SC_Etot=        38.1634  SC_EKtot=        11.3967  SC_EPtot   =        26.7668
 SC_BOND=         6.3503  SC_ANGLE=         6.6090  SC_DIHED   =         1.3091
 SC_14NB=         0.0354  SC_14EEL=        39.9739  SC_VDW     =        -0.0952
 SC_EEL =       -27.4159
 SC_RES_DIST=     0.0000  SC_RES_ANG=       0.0000  SC_RES_TORS=         0.0000
 SC_EEL_DER=      0.3830  SC_VDW_DER=      -6.2972  SC_DERIV   =        -5.9143
 ------------------------------------------------------------------------------


| TI region  2


 NSTEP =   185000   TIME(PS) =     185.000  TEMP(K) =   291.50  PRESS =     0.0
 Etot   =    -22293.1989  EKtot   =     18197.1326  EPtot      =    -40490.3315
 BOND   =      9672.1800  ANGLE   =        -0.0000  DIHED      =        -0.0000
 1-4 NB =         0.0000  1-4 EEL =         0.0000  VDWAALS    =       132.6896
 EELEC  =    -50295.2011  EHBOND  =         0.0000  RESTRAINT  =         0.0000
 DV/DL  =         5.2407
 ------------------------------------------------------------------------------

 NMR restraints: Bond =    0.000   Angle =     0.000   Torsion =     0.000
===============================================================================

| TI region  1


 NSTEP =   190000   TIME(PS) =     190.000  TEMP(K) =   299.29  PRESS =     0.0
 Etot   =    -21233.4619  EKtot   =     18694.2344  EPtot      =    -39927.6962
 BOND   =      9803.1750  ANGLE   =        -0.0000  DIHED      =        -0.0000
 1-4 NB =         0.0000  1-4 EEL =        -0.0000  VDWAALS    =        41.1448
 EELEC  =    -49772.0160  EHBOND  =         0.0000  RESTRAINT  =         0.0000
 DV/DL  =         3.9395
 ------------------------------------------------------------------------------

  Softcore part of the system:      12 atoms,       TEMP(K)    =         335.87
 SC_Etot=        33.8691  SC_EKtot=        12.0138  SC_EPtot   =        21.8553
 SC_BOND=         3.0541  SC_ANGLE=         4.3736  SC_DIHED   =         0.6305
 SC_14NB=         0.3012  SC_14EEL=        38.2691  SC_VDW     =        -0.0817
 SC_EEL =       -24.6915
 SC_RES_DIST=     0.0000  SC_RES_ANG=       0.0000  SC_RES_TORS=         0.0000
 SC_EEL_DER=      1.1917  SC_VDW_DER=      -8.2739  SC_DERIV   =        -7.0822
 ------------------------------------------------------------------------------


| TI region  2


 NSTEP =   190000   TIME(PS) =     190.000  TEMP(K) =   299.27  PRESS =     0.0
 Etot   =    -21245.4757  EKtot   =     18682.2206  EPtot      =    -39927.6962
 BOND   =      9803.1750  ANGLE   =        -0.0000  DIHED      =        -0.0000
 1-4 NB =         0.0000  1-4 EEL =        -0.0000  VDWAALS    =        41.1448
 EELEC  =    -49772.0160  EHBOND  =         0.0000  RESTRAINT  =         0.0000
 DV/DL  =         3.9395
 ------------------------------------------------------------------------------

 NMR restraints: Bond =    0.000   Angle =     0.000   Torsion =     0.000
===============================================================================

| TI region  1


 NSTEP =   195000   TIME(PS) =     195.000  TEMP(K) =   297.98  PRESS =     0.0
 Etot   =    -21468.0505  EKtot   =     18612.8184  EPtot      =    -40080.8689
 BOND   =      9797.8251  ANGLE   =         0.0000  DIHED      =         0.0000
 1-4 NB =         0.0000  1-4 EEL =         0.0000  VDWAALS    =       100.0190
 EELEC  =    -49978.7130  EHBOND  =         0.0000  RESTRAINT  =         0.0000
 DV/DL  =         8.5018
 ------------------------------------------------------------------------------

  Softcore part of the system:      12 atoms,       TEMP(K)    =         198.26
 SC_Etot=        25.9554  SC_EKtot=         7.0916  SC_EPtot   =        18.8638
 SC_BOND=         1.4479  SC_ANGLE=         2.7745  SC_DIHED   =         1.7322
 SC_14NB=         1.5790  SC_14EEL=        40.7056  SC_VDW     =        -0.1468
 SC_EEL =       -29.2286
 SC_RES_DIST=     0.0000  SC_RES_ANG=       0.0000  SC_RES_TORS=         0.0000
 SC_EEL_DER=      0.3517  SC_VDW_DER=      -2.9307  SC_DERIV   =        -2.5789
 ------------------------------------------------------------------------------


| TI region  2


 NSTEP =   195000   TIME(PS) =     195.000  TEMP(K) =   298.04  PRESS =     0.0
 Etot   =    -21475.1421  EKtot   =     18605.7267  EPtot      =    -40080.8689
 BOND   =      9797.8251  ANGLE   =         0.0000  DIHED      =         0.0000
 1-4 NB =         0.0000  1-4 EEL =         0.0000  VDWAALS    =       100.0190
 EELEC  =    -49978.7130  EHBOND  =         0.0000  RESTRAINT  =         0.0000
 DV/DL  =         8.5018
 ------------------------------------------------------------------------------

 NMR restraints: Bond =    0.000   Angle =     0.000   Torsion =     0.000
===============================================================================

| TI region  1


 NSTEP =   200000   TIME(PS) =     200.000  TEMP(K) =   300.42  PRESS =     0.0
 Etot   =    -20982.0699  EKtot   =     18765.0410  EPtot      =    -39747.1109
 BOND   =      9978.3076  ANGLE   =         0.0000  DIHED      =         0.0000
 1-4 NB =         0.0000  1-4 EEL =         0.0000  VDWAALS    =      -122.3998
 EELEC  =    -49603.0187  EHBOND  =         0.0000  RESTRAINT  =         0.0000
 DV/DL  =         1.8353
 ------------------------------------------------------------------------------

  Softcore part of the system:      12 atoms,       TEMP(K)    =         197.41
 SC_Etot=        31.3001  SC_EKtot=         7.0612  SC_EPtot   =        24.2389
 SC_BOND=         6.9200  SC_ANGLE=         4.5605  SC_DIHED   =         0.7708
 SC_14NB=         0.4136  SC_14EEL=        39.8047  SC_VDW     =        -0.1003
 SC_EEL =       -28.1305
 SC_RES_DIST=     0.0000  SC_RES_ANG=       0.0000  SC_RES_TORS=         0.0000
 SC_EEL_DER=      2.3560  SC_VDW_DER=     -10.4588  SC_DERIV   =        -8.1027
 ------------------------------------------------------------------------------


| TI region  2


 NSTEP =   200000   TIME(PS) =     200.000  TEMP(K) =   300.48  PRESS =     0.0
 Etot   =    -20989.1311  EKtot   =     18757.9798  EPtot      =    -39747.1109
 BOND   =      9978.3076  ANGLE   =         0.0000  DIHED      =         0.0000
 1-4 NB =         0.0000  1-4 EEL =         0.0000  VDWAALS    =      -122.3998
 EELEC  =    -49603.0187  EHBOND  =         0.0000  RESTRAINT  =         0.0000
 DV/DL  =         1.8353
 ------------------------------------------------------------------------------

 NMR restraints: Bond =    0.000   Angle =     0.000   Torsion =     0.000
===============================================================================

| TI region  1


      A V E R A G E S   O V E R      40 S T E P S


 NSTEP =   200000   TIME(PS) =     200.000  TEMP(K) =   160.41  PRESS =     0.0
 Etot   =    -42103.6941  EKtot   =     10019.7065  EPtot      =    -52123.4006
 BOND   =      7105.7290  ANGLE   =        -0.0000  DIHED      =        -0.0000
 1-4 NB =         0.0000  1-4 EEL =         0.0000  VDWAALS    =      1928.9036
 EELEC  =    -61158.0332  EHBOND  =         0.0000  RESTRAINT  =         0.0000
 DV/DL  =         8.5105
 ------------------------------------------------------------------------------

 NMR restraints: Bond =    0.000   Angle =     0.000   Torsion =     0.000
===============================================================================
  Softcore part of the system:      12 atoms,       TEMP(K)    =         151.50
 SC_Etot=        24.2331  SC_EKtot=         5.4190  SC_EPtot   =        18.8140
 SC_BOND=         1.9100  SC_ANGLE=         2.8203  SC_DIHED   =         0.9253
 SC_14NB=         0.6222  SC_14EEL=        40.7044  SC_VDW     =        -0.0915
 SC_EEL =       -28.0766
 SC_RES_DIST=     0.0000  SC_RES_ANG=       0.0000  SC_RES_TORS=         0.0000
 SC_EEL_DER=      0.6002  SC_VDW_DER=      -3.0875  SC_DERIV   =        -2.4873
 ------------------------------------------------------------------------------


      R M S  F L U C T U A T I O N S


 NSTEP =   200000   TIME(PS) =     200.000  TEMP(K) =    90.28  PRESS =     0.0
 Etot   =     13553.7336  EKtot   =      5638.8140  EPtot      =      7927.3881
 BOND   =      1769.9275  ANGLE   =         0.0000  DIHED      =         0.0000
 1-4 NB =         0.0000  1-4 EEL =         0.0000  VDWAALS    =      1603.3365
 EELEC  =      7754.0582  EHBOND  =         0.0000  RESTRAINT  =         0.0000
 DV/DL  =         4.8625
 ------------------------------------------------------------------------------

  Softcore part of the system:      12 atoms,       TEMP(K)    =          88.76
 SC_Etot=         5.8175  SC_EKtot=         3.1750  SC_EPtot   =         2.9427
 SC_BOND=         1.5398  SC_ANGLE=         1.7108  SC_DIHED   =         0.5720
 SC_14NB=         0.3689  SC_14EEL=         1.8336  SC_VDW     =         0.0184
 SC_EEL =         2.2562
 SC_RES_DIST=     0.0000  SC_RES_ANG=       0.0000  SC_RES_TORS=         0.0000
 SC_EEL_DER=      0.5974  SC_VDW_DER=       3.8514  SC_DERIV   =         3.4690
 ------------------------------------------------------------------------------


| TI region  2


      A V E R A G E S   O V E R      40 S T E P S


 NSTEP =   200000   TIME(PS) =     200.000  TEMP(K) =   160.42  PRESS =     0.0
 Etot   =    -42109.1131  EKtot   =     10014.2875  EPtot      =    -52123.4006
 BOND   =      7105.7290  ANGLE   =        -0.0000  DIHED      =        -0.0000
 1-4 NB =         0.0000  1-4 EEL =         0.0000  VDWAALS    =      1928.9036
 EELEC  =    -61158.0332  EHBOND  =         0.0000  RESTRAINT  =         0.0000
 DV/DL  =         8.5105
 ------------------------------------------------------------------------------

 NMR restraints: Bond =    0.000   Angle =     0.000   Torsion =     0.000
===============================================================================

      R M S  F L U C T U A T I O N S


 NSTEP =   200000   TIME(PS) =     200.000  TEMP(K) =    90.28  PRESS =     0.0
 Etot   =     13550.9857  EKtot   =      5636.0583  EPtot      =      7927.3881
 BOND   =      1769.9275  ANGLE   =         0.0000  DIHED      =         0.0000
 1-4 NB =         0.0000  1-4 EEL =         0.0000  VDWAALS    =      1603.3365
 EELEC  =      7754.0582  EHBOND  =         0.0000  RESTRAINT  =         0.0000
 DV/DL  =         4.8625
 ------------------------------------------------------------------------------


      DV/DL, AVERAGES OVER      40 STEPS


 NSTEP =   200000   TIME(PS) =     200.000  TEMP(K) =    90.28  PRESS =     0.0
 Etot   =         0.0000  EKtot   =         0.0000  EPtot      =         8.5105
 BOND   =         0.0000  ANGLE   =         0.0000  DIHED      =         0.0000
 1-4 NB =         0.0000  1-4 EEL =         0.0000  VDWAALS    =         7.9917
 EELEC  =         3.0061  EHBOND  =         0.0000  RESTRAINT  =         0.0000
 DV/DL  =         8.5105
 ------------------------------------------------------------------------------


 NMR restraints on final step:

--------------------------------------------------------------------------------
   5.  TIMINGS
--------------------------------------------------------------------------------

|  NonSetup CPU Time in Major Routines:
|
|     Routine           Sec        %
|     ------------------------------
|     Nonbond         146.23   29.28
|     Bond              0.00    0.00
|     Angle             0.00    0.00
|     Dihedral          0.00    0.00
|     Shake             0.00    0.00
|     RunMD           352.43   70.58
|     Other             0.68    0.14
|     ------------------------------
|     Total           499.34

|  PME Nonbond Pairlist CPU Time:
|
|     Routine              Sec        %
|     ---------------------------------
|     Set Up Cit           0.00    0.00
|     Build List           0.00    0.00
|     ---------------------------------
|     Total                0.00    0.00

|  PME Direct Force CPU Time:
|
|     Routine              Sec        %
|     ---------------------------------
|     NonBonded Calc       0.00    0.00
|     Exclude Masked       0.00    0.00
|     Other                0.45    0.09
|     ---------------------------------
|     Total                0.45    0.09

|  PME Reciprocal Force CPU Time:
|
|     Routine              Sec        %
|     ---------------------------------
|     1D bspline           0.00    0.00
|     Grid Charges         0.00    0.00
|     Scalar Sum           0.00    0.00
|     Gradient Sum         0.00    0.00
|     FFT                  0.00    0.00
|     ---------------------------------
|     Total                0.00    0.00

|  Final Performance Info:
|     -----------------------------------------------------
|     Average timings for last       1 steps:
|     Elapsed(s) =       0.00 Per Step(ms) =       2.07
|         ns/day =      41.74   seconds/ns =    2070.07
|
|     Average timings for all steps:
|     Elapsed(s) =     500.60 Per Step(ms) =       2.50
|         ns/day =      34.52   seconds/ns =    2502.99
|     -----------------------------------------------------

|  Setup CPU time:            0.46 seconds
|  NonSetup CPU time:       499.34 seconds
|  Total CPU time:          499.81 seconds     0.14 hours

|  Setup wall time:           0    seconds
|  NonSetup wall time:      501    seconds
|  Total wall time:         501    seconds     0.14 hours
