
          -------------------------------------------------------
          Amber 18 PMEMD                              2018
          -------------------------------------------------------

| PMEMD implementation of SANDER, Release 18

| Run on 09/18/2020 at 18:02:24

|   Executable path: /opt/software/Amber/18-foss-2018b-AmberTools-19/bin/pmemd.cuda
| Working directory: /mnt/gs18/scratch/users/songlin3/run/ti_en/one_step_tip3p_ethylenediame/ethylenediame_to_nothing/0.95206
|          Hostname: lac-142

  [-O]verwriting output

File Assignments:
|   MDIN: heat.in                                                               
|  MDOUT: heat.out                                                              
| INPCRD: min.rst                                                               
|   PARM: en_step2_final.prmtop                                                 
| RESTRT: heat.rst                                                              
|   REFC: min.rst                                                               
|  MDVEL: mdvel                                                                 
|   MDEN: mden                                                                  
|  MDCRD: heat.netcdf                                                           
| MDINFO: heat.mdinfo                                                           
|  MDFRC: mdfrc                                                                 


 Here is the input file:

nvt for free MD                                                                
 &cntrl                                                                        
  imin=0,                                                                      
  irest=0,                                                                     
  ntx=1,                                                                       
  ig=-1,                                                                       
  nstlim=200000,                                                               
  dt=0.001,                                                                    
  cut=10.0,                                                                    
  ntc=1,                                                                       
  ntf=1,                                                                       
  ntb=1,                                                                       
  ntt=3,                                                                       
  gamma_ln=2.0,                                                                
  tempi=0.0,                                                                   
  temp0=300.0,                                                                 
  ntpr=5000,                                                                   
  ntwr=5000,                                                                   
  ntwx=10000,                                                                  
  ntwv=0,                                                                      
  ioutfm=1,                                                                    
  iwrap=0,                                                                     
  nmropt=1,                                                                    
  ifsc = 1, icfe=1,                                                            
  clambda=0.95206,                                                             
  timask1=':1', scmask1=':1', scmask2='',                                      
  timask2='',                                                                  
/                                                                              
&wt TYPE='TEMP0', istep1=0, istep2=190000, value1=0.0, value2=300.0 /          
&wt TYPE='TEMP0', istep1=190001, istep2=200000, value1=300.0, value2=300.0 /   
&wt TYPE='DUMPFREQ', istep1=10000, /                                           
&wt TYPE='END', /                                                              


Note: ig = -1. Setting random seed to   182399 based on wallclock time in 
      microseconds.
| irandom = 1, using AMBER's internal random number generator (default).
 
|--------------------- INFORMATION ----------------------
| GPU (CUDA) Version of PMEMD in use: NVIDIA GPU IN USE.
|                    Version 18.0.0
| 
|                      03/25/2018
| 
| Implementation by:
|                    Ross C. Walker     (SDSC)
|                    Scott Le Grand     (nVIDIA)
| 
| Version 18 performance extensions by:
|                    David Cerutti     (Rutgers)
| 
| Precision model in use:
|      [SPFP] - Single Precision Forces, 64-bit Fixed Point
|               Accumulation. (Default)
| 
|--------------------------------------------------------
 
|----------------- CITATION INFORMATION -----------------
|
|    When publishing work that utilized the CUDA version
|    of AMBER, please cite the following in addition to
|    the regular AMBER citations:
|
|  - Romelia Salomon-Ferrer; Andreas W. Goetz; Duncan
|    Poole; Scott Le Grand; Ross C. Walker "Routine
|    microsecond molecular dynamics simulations with
|    AMBER - Part II: Particle Mesh Ewald", J. Chem.
|    Theory Comput., 2013, 9 (9), pp3878-3888,
|    DOI: 10.1021/ct400314y.
|
|  - Andreas W. Goetz; Mark J. Williamson; Dong Xu;
|    Duncan Poole; Scott Le Grand; Ross C. Walker
|    "Routine microsecond molecular dynamics simulations
|    with AMBER - Part I: Generalized Born", J. Chem.
|    Theory Comput., 2012, 8 (5), pp1542-1555.
|
|  - Scott Le Grand; Andreas W. Goetz; Ross C. Walker
|    "SPFP: Speed without compromise - a mixed precision
|    model for GPU accelerated molecular dynamics
|    simulations.", Comp. Phys. Comm., 2013, 184
|    pp374-380, DOI: 10.1016/j.cpc.2012.09.022
|
|    When publishing work that utilized the CUDA version
|    of TI, BAR, MBAR or FEP please cite the following 
|    three publications in addition to the regular AMBER 
|    GPU citations:
|
|  - Daniel J. Mermelstein; Charles Lin; Gard Nelson; 
|    Rachael Kretsch; J. Andrew McCammon; Ross C. Walker
|    "Fast and Flexible GPU Accelerated Binding 
|    Free Energy Calculations within the AMBER Molecular
|    Dynamics Package" J. Comp. Chem., 2018,
|    DOI: 10.1002/jcc.25187
|
|  - Tai-Sung Lee; Yuan Hu; Brad Sherborne; Zhuyan Guo;
|    Darrin M. York
|    "Toward Fast and Accurate Binding Affinity Prediction with
|    pmemdGTI: An Efficient Implementation of GPU-Accelerated
|    Thermodynamic Integration"
|    J. Chem. Theory Comput., 2017, 13 (7), 3077
|
|
|--------------------------------------------------------
 
|------------------- GPU DEVICE INFO --------------------
|
|            CUDA_VISIBLE_DEVICES: 0
|   CUDA Capable Devices Detected:      1
|           CUDA Device ID in use:      0
|                CUDA Device Name: Tesla K80
|     CUDA Device Global Mem Size:  11441 MB
| CUDA Device Num Multiprocessors:     13
|           CUDA Device Core Freq:   0.82 GHz
|
|--------------------------------------------------------
 
 
| Conditional Compilation Defines Used:
| PUBFFT
| BINTRAJ
| CUDA
| EMIL

| Largest sphere to fit in unit cell has radius =    27.375

| New format PARM file being parsed.
| Version =    1.000 Date = 09/18/20 Time = 17:37:14

| Note: 1-4 EEL scale factors are being read from the topology file.

| Note: 1-4 VDW scale factors are being read from the topology file.
| Duplicated    0 dihedrals

| Duplicated    0 dihedrals

--------------------------------------------------------------------------------
   1.  RESOURCE   USE: 
--------------------------------------------------------------------------------

 getting box info from netcdf restart file
 NATOM  =   20955 NTYPES =       6 NBONH =   20951 MBONA  =       3
 NTHETH =      16 MTHETA =       2 NPHIH =      20 MPHIA  =       1
 NHPARM =       0 NPARM  =       0 NNB   =   27975 NRES   =    6982
 NBONA  =       3 NTHETA =       2 NPHIA =       1 NUMBND =       6
 NUMANG =       6 NPTRA  =       2 NATYP =       6 NPHB   =       1
 IFBOX  =       2 NMXRS  =      12 IFCAP =       0 NEXTRA =       0
 NCOPY  =       0

| Coordinate Index Table dimensions:    10   10   10
| Direct force subcell size =     6.7054    6.7054    6.7054

     BOX TYPE: TRUNCATED OCTAHEDRON

--------------------------------------------------------------------------------
   2.  CONTROL  DATA  FOR  THE  RUN
--------------------------------------------------------------------------------

default_name                                                                    

General flags:
     imin    =       0, nmropt  =       1

Nature and format of input:
     ntx     =       1, irest   =       0, ntrx    =       1

Nature and format of output:
     ntxo    =       2, ntpr    =    5000, ntrx    =       1, ntwr    =    5000
     iwrap   =       0, ntwx    =   10000, ntwv    =       0, ntwe    =       0
     ioutfm  =       1, ntwprt  =       0, idecomp =       0, rbornstat=      0

Potential function:
     ntf     =       1, ntb     =       1, igb     =       0, nsnb    =      25
     ipol    =       0, gbsa    =       0, iesp    =       0
     dielc   =   1.00000, cut     =  10.00000, intdiel =   1.00000

Frozen or restrained atoms:
     ibelly  =       0, ntr     =       0

Molecular dynamics:
     nstlim  =    200000, nscm    =      1000, nrespa  =         1
     t       =   0.00000, dt      =   0.00100, vlimit  =  -1.00000

Langevin dynamics temperature regulation:
     ig      =  182399
     temp0   = 300.00000, tempi   =   0.00000, gamma_ln=   2.00000

NMR refinement options:
     iscale  =       0, noeskp  =       1, ipnlty  =       1, mxsub   =       1
     scalm   = 100.00000, pencut  =   0.10000, tausw   =   0.10000

Free energy options:
     icfe    =       1, ifsc    =       1, klambda =       1
     clambda =  0.9521, scalpha =  0.5000, scbeta  = 12.0000
     sceeorder =       2
     dynlmb =  0.0000 logdvdl =       0

| Intermolecular bonds treatment:
|     no_intermolecular_bonds =       1

| Energy averages sample interval:
|     ene_avg_sampling =    5000

Ewald parameters:
     verbose =       0, ew_type =       0, nbflag  =       1, use_pme =       1
     vdwmeth =       1, eedmeth =       1, netfrc  =       1
     Box X =   67.054   Box Y =   67.054   Box Z =   67.054
     Alpha =  109.471   Beta  =  109.471   Gamma =  109.471
     NFFT1 =   64       NFFT2 =   64       NFFT3 =   64
     Cutoff=   10.000   Tol   =0.100E-04
     Ewald Coefficient =  0.27511
     Interpolation order =    4
     TI Mask 1 :1; matches     12 atoms
     TI Mask 2  matches      0 atoms
     TI region 1:   20955 atoms
     TI region 2:   20943 atoms
     SC Mask 1 :1; matches     12 atoms

--------------------------------------------------------------------------------
   3.  ATOMIC COORDINATES AND VELOCITIES
--------------------------------------------------------------------------------

default_name                                                                    
 begin time read from input coords =     0.000 ps



           Begin reading energy term weight changes/NMR restraints
 WEIGHT CHANGES:
 TEMP0         0 190000    0.000000  300.000000      0      0
 TEMP0    190001 200000  300.000000  300.000000      0      0
 DUMPFREQ  10000      0    0.000000    0.000000      0      0

 RESTRAINTS:
                          ** No restraint defined **

                  Done reading weight changes/NMR restraints


 
 Number of triangulated 3-point waters found:     6981
 Number of shake restraints removed in TI region  1 :        0
 Number of shake restraints removed in TI region  2 :        0

     Sum of charges for TI region  1 =  -0.00000000
     Forcing neutrality...


     Sum of charges for TI region  2 =   0.00000000
     Forcing neutrality...

| Dynamic Memory, Types Used:
| Reals              918940
| Integers           797059

| Nonbonded Pairs Initial Allocation:     6338363

| GPU memory information (estimate):
| KB of GPU memory in use:         0
| KB of CPU memory in use:         0

--------------------------------------------------------------------------------
   4.  RESULTS
--------------------------------------------------------------------------------

   DOF for the SC part  1 of the system:   36

| TI region  1


 NSTEP =        0   TIME(PS) =       0.000  TEMP(K) =     0.00  PRESS =     0.0
 Etot   =    -63491.1725  EKtot   =         0.0000  EPtot      =    -63491.1725
 BOND   =      3641.5714  ANGLE   =         0.0000  DIHED      =        -0.0000
 1-4 NB =         0.0000  1-4 EEL =         0.0000  VDWAALS    =      3824.1455
 EELEC  =    -70956.8894  EHBOND  =         0.0000  RESTRAINT  =         0.0000
 DV/DL  =         6.7301
 ------------------------------------------------------------------------------

  Softcore part of the system:      12 atoms,       TEMP(K)    =           0.00
 SC_Etot=        13.8015  SC_EKtot=         0.0000  SC_EPtot   =        13.8015
 SC_BOND=         0.0446  SC_ANGLE=         0.1431  SC_DIHED   =         0.3274
 SC_14NB=         0.4096  SC_14EEL=        40.4506  SC_VDW     =        -0.0883
 SC_EEL =       -27.4855
 SC_RES_DIST=     0.0000  SC_RES_ANG=       0.0000  SC_RES_TORS=         0.0000
 SC_EEL_DER=      0.0035  SC_VDW_DER=       0.0084  SC_DERIV   =         0.0119
 ------------------------------------------------------------------------------


| TI region  2


 NSTEP =        0   TIME(PS) =       0.000  TEMP(K) =     0.00  PRESS =     0.0
 Etot   =    -63491.1725  EKtot   =         0.0000  EPtot      =    -63491.1725
 BOND   =      3641.5714  ANGLE   =         0.0000  DIHED      =        -0.0000
 1-4 NB =         0.0000  1-4 EEL =         0.0000  VDWAALS    =      3824.1455
 EELEC  =    -70956.8894  EHBOND  =         0.0000  RESTRAINT  =         0.0000
 DV/DL  =         6.7301
 ------------------------------------------------------------------------------

 NMR restraints: Bond =    0.000   Angle =     0.000   Torsion =     0.000
===============================================================================

| TI region  1


 NSTEP =     5000   TIME(PS) =       5.000  TEMP(K) =     7.33  PRESS =     0.0
 Etot   =    -63327.5313  EKtot   =       457.6779  EPtot      =    -63785.2091
 BOND   =      3930.9427  ANGLE   =         0.0000  DIHED      =        -0.0000
 1-4 NB =         0.0000  1-4 EEL =         0.0000  VDWAALS    =      4253.3156
 EELEC  =    -71969.4675  EHBOND  =         0.0000  RESTRAINT  =         0.0000
 DV/DL  =         7.6479
 ------------------------------------------------------------------------------

  Softcore part of the system:      12 atoms,       TEMP(K)    =           7.77
 SC_Etot=        14.3206  SC_EKtot=         0.2781  SC_EPtot   =        14.0426
 SC_BOND=         0.0663  SC_ANGLE=         0.4205  SC_DIHED   =         0.2554
 SC_14NB=         0.4418  SC_14EEL=        40.3991  SC_VDW     =        -0.0880
 SC_EEL =       -27.4525
 SC_RES_DIST=     0.0000  SC_RES_ANG=       0.0000  SC_RES_TORS=         0.0000
 SC_EEL_DER=      0.0082  SC_VDW_DER=       0.0004  SC_DERIV   =         0.0086
 ------------------------------------------------------------------------------


| TI region  2


 NSTEP =     5000   TIME(PS) =       5.000  TEMP(K) =     7.33  PRESS =     0.0
 Etot   =    -63327.8093  EKtot   =       457.3998  EPtot      =    -63785.2091
 BOND   =      3930.9427  ANGLE   =         0.0000  DIHED      =        -0.0000
 1-4 NB =         0.0000  1-4 EEL =         0.0000  VDWAALS    =      4253.3156
 EELEC  =    -71969.4675  EHBOND  =         0.0000  RESTRAINT  =         0.0000
 DV/DL  =         7.6479
 ------------------------------------------------------------------------------

 NMR restraints: Bond =    0.000   Angle =     0.000   Torsion =     0.000
===============================================================================

| TI region  1


 NSTEP =    10000   TIME(PS) =      10.000  TEMP(K) =    15.22  PRESS =     0.0
 Etot   =    -62474.3952  EKtot   =       950.7032  EPtot      =    -63425.0983
 BOND   =      4129.1704  ANGLE   =        -0.0000  DIHED      =        -0.0000
 1-4 NB =         0.0000  1-4 EEL =         0.0000  VDWAALS    =      4303.7603
 EELEC  =    -71858.0291  EHBOND  =         0.0000  RESTRAINT  =         0.0000
 DV/DL  =         9.3268
 ------------------------------------------------------------------------------

  Softcore part of the system:      12 atoms,       TEMP(K)    =          13.86
 SC_Etot=        14.5864  SC_EKtot=         0.4956  SC_EPtot   =        14.0908
 SC_BOND=         0.1576  SC_ANGLE=         0.2686  SC_DIHED   =         0.5700
 SC_14NB=         0.5254  SC_14EEL=        40.8899  SC_VDW     =        -0.0940
 SC_EEL =       -28.2267
 SC_RES_DIST=     0.0000  SC_RES_ANG=       0.0000  SC_RES_TORS=         0.0000
 SC_EEL_DER=      0.0287  SC_VDW_DER=      -0.0872  SC_DERIV   =        -0.0586
 ------------------------------------------------------------------------------


| TI region  2


 NSTEP =    10000   TIME(PS) =      10.000  TEMP(K) =    15.22  PRESS =     0.0
 Etot   =    -62474.8908  EKtot   =       950.2076  EPtot      =    -63425.0983
 BOND   =      4129.1704  ANGLE   =        -0.0000  DIHED      =        -0.0000
 1-4 NB =         0.0000  1-4 EEL =         0.0000  VDWAALS    =      4303.7603
 EELEC  =    -71858.0291  EHBOND  =         0.0000  RESTRAINT  =         0.0000
 DV/DL  =         9.3268
 ------------------------------------------------------------------------------

 NMR restraints: Bond =    0.000   Angle =     0.000   Torsion =     0.000
===============================================================================

| TI region  1


 NSTEP =    15000   TIME(PS) =      15.000  TEMP(K) =    22.83  PRESS =     0.0
 Etot   =    -61611.7839  EKtot   =      1426.0842  EPtot      =    -63037.8682
 BOND   =      4319.2395  ANGLE   =        -0.0000  DIHED      =        -0.0000
 1-4 NB =         0.0000  1-4 EEL =         0.0000  VDWAALS    =      4292.6775
 EELEC  =    -71649.7852  EHBOND  =         0.0000  RESTRAINT  =         0.0000
 DV/DL  =        10.0476
 ------------------------------------------------------------------------------

  Softcore part of the system:      12 atoms,       TEMP(K)    =          32.26
 SC_Etot=        15.5767  SC_EKtot=         1.1540  SC_EPtot   =        14.4228
 SC_BOND=         0.2363  SC_ANGLE=         0.5727  SC_DIHED   =         0.1968
 SC_14NB=         0.4301  SC_14EEL=        40.8724  SC_VDW     =        -0.0904
 SC_EEL =       -27.7951
 SC_RES_DIST=     0.0000  SC_RES_ANG=       0.0000  SC_RES_TORS=         0.0000
 SC_EEL_DER=      0.0278  SC_VDW_DER=      -0.0174  SC_DERIV   =         0.0104
 ------------------------------------------------------------------------------


| TI region  2


 NSTEP =    15000   TIME(PS) =      15.000  TEMP(K) =    22.83  PRESS =     0.0
 Etot   =    -61612.9379  EKtot   =      1424.9303  EPtot      =    -63037.8682
 BOND   =      4319.2395  ANGLE   =        -0.0000  DIHED      =        -0.0000
 1-4 NB =         0.0000  1-4 EEL =         0.0000  VDWAALS    =      4292.6775
 EELEC  =    -71649.7852  EHBOND  =         0.0000  RESTRAINT  =         0.0000
 DV/DL  =        10.0476
 ------------------------------------------------------------------------------

 NMR restraints: Bond =    0.000   Angle =     0.000   Torsion =     0.000
===============================================================================

| TI region  1


 NSTEP =    20000   TIME(PS) =      20.000  TEMP(K) =    30.93  PRESS =     0.0
 Etot   =    -60696.0816  EKtot   =      1931.6556  EPtot      =    -62627.7373
 BOND   =      4474.2623  ANGLE   =        -0.0000  DIHED      =         0.0000
 1-4 NB =         0.0000  1-4 EEL =         0.0000  VDWAALS    =      4243.0876
 EELEC  =    -71345.0872  EHBOND  =         0.0000  RESTRAINT  =         0.0000
 DV/DL  =         8.6028
 ------------------------------------------------------------------------------

  Softcore part of the system:      12 atoms,       TEMP(K)    =          27.67
 SC_Etot=        15.6824  SC_EKtot=         0.9897  SC_EPtot   =        14.6927
 SC_BOND=         0.2291  SC_ANGLE=         0.7296  SC_DIHED   =         0.4741
 SC_14NB=         0.2838  SC_14EEL=        40.5193  SC_VDW     =        -0.0815
 SC_EEL =       -27.4617
 SC_RES_DIST=     0.0000  SC_RES_ANG=       0.0000  SC_RES_TORS=         0.0000
 SC_EEL_DER=      0.0329  SC_VDW_DER=      -0.3025  SC_DERIV   =        -0.2696
 ------------------------------------------------------------------------------


| TI region  2


 NSTEP =    20000   TIME(PS) =      20.000  TEMP(K) =    30.93  PRESS =     0.0
 Etot   =    -60697.0713  EKtot   =      1930.6660  EPtot      =    -62627.7373
 BOND   =      4474.2623  ANGLE   =        -0.0000  DIHED      =         0.0000
 1-4 NB =         0.0000  1-4 EEL =         0.0000  VDWAALS    =      4243.0876
 EELEC  =    -71345.0872  EHBOND  =         0.0000  RESTRAINT  =         0.0000
 DV/DL  =         8.6028
 ------------------------------------------------------------------------------

 NMR restraints: Bond =    0.000   Angle =     0.000   Torsion =     0.000
===============================================================================

| TI region  1


 NSTEP =    25000   TIME(PS) =      25.000  TEMP(K) =    38.84  PRESS =     0.0
 Etot   =    -59789.5104  EKtot   =      2425.8303  EPtot      =    -62215.3407
 BOND   =      4667.9518  ANGLE   =         0.0000  DIHED      =        -0.0000
 1-4 NB =         0.0000  1-4 EEL =        -0.0000  VDWAALS    =      4217.1980
 EELEC  =    -71100.4905  EHBOND  =         0.0000  RESTRAINT  =         0.0000
 DV/DL  =         1.5428
 ------------------------------------------------------------------------------

  Softcore part of the system:      12 atoms,       TEMP(K)    =          36.51
 SC_Etot=        16.5380  SC_EKtot=         1.3060  SC_EPtot   =        15.2320
 SC_BOND=         0.5312  SC_ANGLE=         0.5867  SC_DIHED   =         0.4514
 SC_14NB=         0.2858  SC_14EEL=        39.4518  SC_VDW     =        -0.0764
 SC_EEL =       -25.9986
 SC_RES_DIST=     0.0000  SC_RES_ANG=       0.0000  SC_RES_TORS=         0.0000
 SC_EEL_DER=     -0.0003  SC_VDW_DER=      -0.9609  SC_DERIV   =        -0.9611
 ------------------------------------------------------------------------------


| TI region  2


 NSTEP =    25000   TIME(PS) =      25.000  TEMP(K) =    38.84  PRESS =     0.0
 Etot   =    -59790.8164  EKtot   =      2424.5243  EPtot      =    -62215.3407
 BOND   =      4667.9518  ANGLE   =         0.0000  DIHED      =        -0.0000
 1-4 NB =         0.0000  1-4 EEL =        -0.0000  VDWAALS    =      4217.1980
 EELEC  =    -71100.4905  EHBOND  =         0.0000  RESTRAINT  =         0.0000
 DV/DL  =         1.5428
 ------------------------------------------------------------------------------

 NMR restraints: Bond =    0.000   Angle =     0.000   Torsion =     0.000
===============================================================================

| TI region  1


 NSTEP =    30000   TIME(PS) =      30.000  TEMP(K) =    46.52  PRESS =     0.0
 Etot   =    -58891.7654  EKtot   =      2905.8577  EPtot      =    -61797.6231
 BOND   =      4885.1149  ANGLE   =         0.0000  DIHED      =        -0.0000
 1-4 NB =         0.0000  1-4 EEL =         0.0000  VDWAALS    =      4088.1804
 EELEC  =    -70770.9184  EHBOND  =         0.0000  RESTRAINT  =         0.0000
 DV/DL  =         7.4475
 ------------------------------------------------------------------------------

  Softcore part of the system:      12 atoms,       TEMP(K)    =          38.51
 SC_Etot=        16.8803  SC_EKtot=         1.3773  SC_EPtot   =        15.5030
 SC_BOND=         0.3891  SC_ANGLE=         0.8467  SC_DIHED   =         0.8176
 SC_14NB=         0.7429  SC_14EEL=        42.6925  SC_VDW     =        -0.0957
 SC_EEL =       -29.8901
 SC_RES_DIST=     0.0000  SC_RES_ANG=       0.0000  SC_RES_TORS=         0.0000
 SC_EEL_DER=      0.0205  SC_VDW_DER=      -0.0538  SC_DERIV   =        -0.0333
 ------------------------------------------------------------------------------


| TI region  2


 NSTEP =    30000   TIME(PS) =      30.000  TEMP(K) =    46.53  PRESS =     0.0
 Etot   =    -58893.1427  EKtot   =      2904.4804  EPtot      =    -61797.6231
 BOND   =      4885.1149  ANGLE   =         0.0000  DIHED      =        -0.0000
 1-4 NB =         0.0000  1-4 EEL =         0.0000  VDWAALS    =      4088.1804
 EELEC  =    -70770.9184  EHBOND  =         0.0000  RESTRAINT  =         0.0000
 DV/DL  =         7.4475
 ------------------------------------------------------------------------------

 NMR restraints: Bond =    0.000   Angle =     0.000   Torsion =     0.000
===============================================================================

| TI region  1


 NSTEP =    35000   TIME(PS) =      35.000  TEMP(K) =    54.49  PRESS =     0.0
 Etot   =    -57949.5012  EKtot   =      3403.6392  EPtot      =    -61353.1403
 BOND   =      5024.7604  ANGLE   =        -0.0000  DIHED      =        -0.0000
 1-4 NB =         0.0000  1-4 EEL =         0.0000  VDWAALS    =      4069.6187
 EELEC  =    -70447.5195  EHBOND  =         0.0000  RESTRAINT  =         0.0000
 DV/DL  =         8.1663
 ------------------------------------------------------------------------------

  Softcore part of the system:      12 atoms,       TEMP(K)    =          63.23
 SC_Etot=        17.7782  SC_EKtot=         2.2616  SC_EPtot   =        15.5166
 SC_BOND=         0.4912  SC_ANGLE=         1.1382  SC_DIHED   =         0.1942
 SC_14NB=         0.2557  SC_14EEL=        40.5316  SC_VDW     =        -0.0774
 SC_EEL =       -27.0169
 SC_RES_DIST=     0.0000  SC_RES_ANG=       0.0000  SC_RES_TORS=         0.0000
 SC_EEL_DER=      0.1222  SC_VDW_DER=      -0.6098  SC_DERIV   =        -0.4877
 ------------------------------------------------------------------------------


| TI region  2


 NSTEP =    35000   TIME(PS) =      35.000  TEMP(K) =    54.49  PRESS =     0.0
 Etot   =    -57951.7627  EKtot   =      3401.3776  EPtot      =    -61353.1403
 BOND   =      5024.7604  ANGLE   =        -0.0000  DIHED      =        -0.0000
 1-4 NB =         0.0000  1-4 EEL =         0.0000  VDWAALS    =      4069.6187
 EELEC  =    -70447.5195  EHBOND  =         0.0000  RESTRAINT  =         0.0000
 DV/DL  =         8.1663
 ------------------------------------------------------------------------------

 NMR restraints: Bond =    0.000   Angle =     0.000   Torsion =     0.000
===============================================================================

| TI region  1


 NSTEP =    40000   TIME(PS) =      40.000  TEMP(K) =    61.85  PRESS =     0.0
 Etot   =    -57024.4464  EKtot   =      3863.3459  EPtot      =    -60887.7924
 BOND   =      5284.6303  ANGLE   =        -0.0000  DIHED      =        -0.0000
 1-4 NB =         0.0000  1-4 EEL =        -0.0000  VDWAALS    =      4007.4025
 EELEC  =    -70179.8251  EHBOND  =         0.0000  RESTRAINT  =         0.0000
 DV/DL  =         8.8526
 ------------------------------------------------------------------------------

  Softcore part of the system:      12 atoms,       TEMP(K)    =          75.88
 SC_Etot=        18.3589  SC_EKtot=         2.7143  SC_EPtot   =        15.6446
 SC_BOND=         0.2724  SC_ANGLE=         1.1667  SC_DIHED   =         1.0386
 SC_14NB=         0.2677  SC_14EEL=        39.8261  SC_VDW     =        -0.0867
 SC_EEL =       -26.8402
 SC_RES_DIST=     0.0000  SC_RES_ANG=       0.0000  SC_RES_TORS=         0.0000
 SC_EEL_DER=      0.0131  SC_VDW_DER=      -0.0417  SC_DERIV   =        -0.0287
 ------------------------------------------------------------------------------


| TI region  2


 NSTEP =    40000   TIME(PS) =      40.000  TEMP(K) =    61.84  PRESS =     0.0
 Etot   =    -57027.1607  EKtot   =      3860.6316  EPtot      =    -60887.7924
 BOND   =      5284.6303  ANGLE   =        -0.0000  DIHED      =        -0.0000
 1-4 NB =         0.0000  1-4 EEL =        -0.0000  VDWAALS    =      4007.4025
 EELEC  =    -70179.8251  EHBOND  =         0.0000  RESTRAINT  =         0.0000
 DV/DL  =         8.8526
 ------------------------------------------------------------------------------

 NMR restraints: Bond =    0.000   Angle =     0.000   Torsion =     0.000
===============================================================================

| TI region  1


 NSTEP =    45000   TIME(PS) =      45.000  TEMP(K) =    69.96  PRESS =     0.0
 Etot   =    -56073.0585  EKtot   =      4369.6001  EPtot      =    -60442.6586
 BOND   =      5393.5002  ANGLE   =        -0.0000  DIHED      =        -0.0000
 1-4 NB =         0.0000  1-4 EEL =         0.0000  VDWAALS    =      3934.5655
 EELEC  =    -69770.7243  EHBOND  =         0.0000  RESTRAINT  =         0.0000
 DV/DL  =         1.9208
 ------------------------------------------------------------------------------

  Softcore part of the system:      12 atoms,       TEMP(K)    =          89.93
 SC_Etot=        19.5582  SC_EKtot=         3.2167  SC_EPtot   =        16.3415
 SC_BOND=         1.0337  SC_ANGLE=         1.4534  SC_DIHED   =         0.6074
 SC_14NB=         0.2569  SC_14EEL=        40.2191  SC_VDW     =        -0.0816
 SC_EEL =       -27.1472
 SC_RES_DIST=     0.0000  SC_RES_ANG=       0.0000  SC_RES_TORS=         0.0000
 SC_EEL_DER=     -0.0148  SC_VDW_DER=      -0.7120  SC_DERIV   =        -0.7268
 ------------------------------------------------------------------------------


| TI region  2


 NSTEP =    45000   TIME(PS) =      45.000  TEMP(K) =    69.94  PRESS =     0.0
 Etot   =    -56076.2752  EKtot   =      4366.3834  EPtot      =    -60442.6586
 BOND   =      5393.5002  ANGLE   =        -0.0000  DIHED      =        -0.0000
 1-4 NB =         0.0000  1-4 EEL =         0.0000  VDWAALS    =      3934.5655
 EELEC  =    -69770.7243  EHBOND  =         0.0000  RESTRAINT  =         0.0000
 DV/DL  =         1.9208
 ------------------------------------------------------------------------------

 NMR restraints: Bond =    0.000   Angle =     0.000   Torsion =     0.000
===============================================================================

| TI region  1


 NSTEP =    50000   TIME(PS) =      50.000  TEMP(K) =    78.10  PRESS =     0.0
 Etot   =    -55082.0730  EKtot   =      4878.4556  EPtot      =    -59960.5286
 BOND   =      5538.5620  ANGLE   =         0.0000  DIHED      =        -0.0000
 1-4 NB =         0.0000  1-4 EEL =        -0.0000  VDWAALS    =      3896.0090
 EELEC  =    -69395.0996  EHBOND  =         0.0000  RESTRAINT  =         0.0000
 DV/DL  =         5.9174
 ------------------------------------------------------------------------------

  Softcore part of the system:      12 atoms,       TEMP(K)    =         102.13
 SC_Etot=        20.2746  SC_EKtot=         3.6530  SC_EPtot   =        16.6216
 SC_BOND=         0.9645  SC_ANGLE=         1.2500  SC_DIHED   =         1.0022
 SC_14NB=         0.5549  SC_14EEL=        41.4167  SC_VDW     =        -0.0902
 SC_EEL =       -28.4764
 SC_RES_DIST=     0.0000  SC_RES_ANG=       0.0000  SC_RES_TORS=         0.0000
 SC_EEL_DER=     -0.0064  SC_VDW_DER=      -0.2457  SC_DERIV   =        -0.2521
 ------------------------------------------------------------------------------


| TI region  2


 NSTEP =    50000   TIME(PS) =      50.000  TEMP(K) =    78.09  PRESS =     0.0
 Etot   =    -55085.7260  EKtot   =      4874.8026  EPtot      =    -59960.5286
 BOND   =      5538.5620  ANGLE   =         0.0000  DIHED      =        -0.0000
 1-4 NB =         0.0000  1-4 EEL =        -0.0000  VDWAALS    =      3896.0090
 EELEC  =    -69395.0996  EHBOND  =         0.0000  RESTRAINT  =         0.0000
 DV/DL  =         5.9174
 ------------------------------------------------------------------------------

 NMR restraints: Bond =    0.000   Angle =     0.000   Torsion =     0.000
===============================================================================

| TI region  1


 NSTEP =    55000   TIME(PS) =      55.000  TEMP(K) =    86.25  PRESS =     0.0
 Etot   =    -54039.5453  EKtot   =      5387.4717  EPtot      =    -59427.0170
 BOND   =      5730.5310  ANGLE   =         0.0000  DIHED      =        -0.0000
 1-4 NB =         0.0000  1-4 EEL =        -0.0000  VDWAALS    =      3642.6371
 EELEC  =    -68800.1850  EHBOND  =         0.0000  RESTRAINT  =         0.0000
 DV/DL  =         5.3225
 ------------------------------------------------------------------------------

  Softcore part of the system:      12 atoms,       TEMP(K)    =         112.67
 SC_Etot=        19.5922  SC_EKtot=         4.0302  SC_EPtot   =        15.5620
 SC_BOND=         0.9328  SC_ANGLE=         0.6898  SC_DIHED   =         0.4416
 SC_14NB=         0.5336  SC_14EEL=        41.7446  SC_VDW     =        -0.0932
 SC_EEL =       -28.6873
 SC_RES_DIST=     0.0000  SC_RES_ANG=       0.0000  SC_RES_TORS=         0.0000
 SC_EEL_DER=     -0.0194  SC_VDW_DER=      -0.1129  SC_DERIV   =        -0.1322
 ------------------------------------------------------------------------------


| TI region  2


 NSTEP =    55000   TIME(PS) =      55.000  TEMP(K) =    86.24  PRESS =     0.0
 Etot   =    -54043.5755  EKtot   =      5383.4415  EPtot      =    -59427.0170
 BOND   =      5730.5310  ANGLE   =         0.0000  DIHED      =        -0.0000
 1-4 NB =         0.0000  1-4 EEL =        -0.0000  VDWAALS    =      3642.6371
 EELEC  =    -68800.1850  EHBOND  =         0.0000  RESTRAINT  =         0.0000
 DV/DL  =         5.3225
 ------------------------------------------------------------------------------

 NMR restraints: Bond =    0.000   Angle =     0.000   Torsion =     0.000
===============================================================================

| TI region  1


 NSTEP =    60000   TIME(PS) =      60.000  TEMP(K) =    94.15  PRESS =     0.0
 Etot   =    -53008.4012  EKtot   =      5880.6626  EPtot      =    -58889.0638
 BOND   =      5934.4062  ANGLE   =         0.0000  DIHED      =         0.0000
 1-4 NB =         0.0000  1-4 EEL =         0.0000  VDWAALS    =      3642.8678
 EELEC  =    -68466.3378  EHBOND  =         0.0000  RESTRAINT  =         0.0000
 DV/DL  =         6.6445
 ------------------------------------------------------------------------------

  Softcore part of the system:      12 atoms,       TEMP(K)    =         101.33
 SC_Etot=        19.5056  SC_EKtot=         3.6245  SC_EPtot   =        15.8810
 SC_BOND=         0.8230  SC_ANGLE=         1.2988  SC_DIHED   =         0.5772
 SC_14NB=         0.2852  SC_14EEL=        39.8981  SC_VDW     =        -0.0903
 SC_EEL =       -26.9109
 SC_RES_DIST=     0.0000  SC_RES_ANG=       0.0000  SC_RES_TORS=         0.0000
 SC_EEL_DER=      0.0243  SC_VDW_DER=      -0.4257  SC_DERIV   =        -0.4014
 ------------------------------------------------------------------------------


| TI region  2


 NSTEP =    60000   TIME(PS) =      60.000  TEMP(K) =    94.14  PRESS =     0.0
 Etot   =    -53012.0258  EKtot   =      5877.0381  EPtot      =    -58889.0638
 BOND   =      5934.4062  ANGLE   =         0.0000  DIHED      =         0.0000
 1-4 NB =         0.0000  1-4 EEL =         0.0000  VDWAALS    =      3642.8678
 EELEC  =    -68466.3378  EHBOND  =         0.0000  RESTRAINT  =         0.0000
 DV/DL  =         6.6445
 ------------------------------------------------------------------------------

 NMR restraints: Bond =    0.000   Angle =     0.000   Torsion =     0.000
===============================================================================

| TI region  1


 NSTEP =    65000   TIME(PS) =      65.000  TEMP(K) =   101.80  PRESS =     0.0
 Etot   =    -52057.6556  EKtot   =      6358.3965  EPtot      =    -58416.0521
 BOND   =      6054.9931  ANGLE   =        -0.0000  DIHED      =        -0.0000
 1-4 NB =         0.0000  1-4 EEL =        -0.0000  VDWAALS    =      3349.5511
 EELEC  =    -67820.5963  EHBOND  =         0.0000  RESTRAINT  =         0.0000
 DV/DL  =         2.5907
 ------------------------------------------------------------------------------

  Softcore part of the system:      12 atoms,       TEMP(K)    =         122.38
 SC_Etot=        21.1126  SC_EKtot=         4.3775  SC_EPtot   =        16.7351
 SC_BOND=         0.4455  SC_ANGLE=         2.4385  SC_DIHED   =         0.8629
 SC_14NB=         0.4950  SC_14EEL=        39.2147  SC_VDW     =        -0.0856
 SC_EEL =       -26.6359
 SC_RES_DIST=     0.0000  SC_RES_ANG=       0.0000  SC_RES_TORS=         0.0000
 SC_EEL_DER=      0.0203  SC_VDW_DER=      -0.9814  SC_DERIV   =        -0.9611
 ------------------------------------------------------------------------------


| TI region  2


 NSTEP =    65000   TIME(PS) =      65.000  TEMP(K) =   101.78  PRESS =     0.0
 Etot   =    -52062.0331  EKtot   =      6354.0189  EPtot      =    -58416.0521
 BOND   =      6054.9931  ANGLE   =        -0.0000  DIHED      =        -0.0000
 1-4 NB =         0.0000  1-4 EEL =        -0.0000  VDWAALS    =      3349.5511
 EELEC  =    -67820.5963  EHBOND  =         0.0000  RESTRAINT  =         0.0000
 DV/DL  =         2.5907
 ------------------------------------------------------------------------------

 NMR restraints: Bond =    0.000   Angle =     0.000   Torsion =     0.000
===============================================================================

| TI region  1


 NSTEP =    70000   TIME(PS) =      70.000  TEMP(K) =   110.17  PRESS =     0.0
 Etot   =    -50893.1193  EKtot   =      6881.6714  EPtot      =    -57774.7907
 BOND   =      6232.2130  ANGLE   =        -0.0000  DIHED      =        -0.0000
 1-4 NB =         0.0000  1-4 EEL =         0.0000  VDWAALS    =      3387.9707
 EELEC  =    -67394.9744  EHBOND  =         0.0000  RESTRAINT  =         0.0000
 DV/DL  =         8.7348
 ------------------------------------------------------------------------------

  Softcore part of the system:      12 atoms,       TEMP(K)    =         168.54
 SC_Etot=        22.6804  SC_EKtot=         6.0288  SC_EPtot   =        16.6516
 SC_BOND=         1.3300  SC_ANGLE=         1.1124  SC_DIHED   =         0.8158
 SC_14NB=         0.4146  SC_14EEL=        41.1425  SC_VDW     =        -0.0946
 SC_EEL =       -28.0690
 SC_RES_DIST=     0.0000  SC_RES_ANG=       0.0000  SC_RES_TORS=         0.0000
 SC_EEL_DER=      0.0403  SC_VDW_DER=      -0.1202  SC_DERIV   =        -0.0799
 ------------------------------------------------------------------------------


| TI region  2


 NSTEP =    70000   TIME(PS) =      70.000  TEMP(K) =   110.14  PRESS =     0.0
 Etot   =    -50899.1481  EKtot   =      6875.6426  EPtot      =    -57774.7907
 BOND   =      6232.2130  ANGLE   =        -0.0000  DIHED      =        -0.0000
 1-4 NB =         0.0000  1-4 EEL =         0.0000  VDWAALS    =      3387.9707
 EELEC  =    -67394.9744  EHBOND  =         0.0000  RESTRAINT  =         0.0000
 DV/DL  =         8.7348
 ------------------------------------------------------------------------------

 NMR restraints: Bond =    0.000   Angle =     0.000   Torsion =     0.000
===============================================================================

| TI region  1


 NSTEP =    75000   TIME(PS) =      75.000  TEMP(K) =   117.29  PRESS =     0.0
 Etot   =    -49617.0838  EKtot   =      7325.9238  EPtot      =    -56943.0076
 BOND   =      6467.0483  ANGLE   =         0.0000  DIHED      =        -0.0000
 1-4 NB =         0.0000  1-4 EEL =        -0.0000  VDWAALS    =      3006.6323
 EELEC  =    -66416.6883  EHBOND  =         0.0000  RESTRAINT  =         0.0000
 DV/DL  =         3.6755
 ------------------------------------------------------------------------------

  Softcore part of the system:      12 atoms,       TEMP(K)    =         119.53
 SC_Etot=        23.7264  SC_EKtot=         4.2754  SC_EPtot   =        19.4510
 SC_BOND=         1.5897  SC_ANGLE=         3.7003  SC_DIHED   =         0.5841
 SC_14NB=         0.5020  SC_14EEL=        40.7275  SC_VDW     =        -0.0935
 SC_EEL =       -27.5591
 SC_RES_DIST=     0.0000  SC_RES_ANG=       0.0000  SC_RES_TORS=         0.0000
 SC_EEL_DER=     -0.0216  SC_VDW_DER=      -0.5186  SC_DERIV   =        -0.5402
 ------------------------------------------------------------------------------


| TI region  2


 NSTEP =    75000   TIME(PS) =      75.000  TEMP(K) =   117.28  PRESS =     0.0
 Etot   =    -49621.3592  EKtot   =      7321.6484  EPtot      =    -56943.0076
 BOND   =      6467.0483  ANGLE   =         0.0000  DIHED      =        -0.0000
 1-4 NB =         0.0000  1-4 EEL =        -0.0000  VDWAALS    =      3006.6323
 EELEC  =    -66416.6883  EHBOND  =         0.0000  RESTRAINT  =         0.0000
 DV/DL  =         3.6755
 ------------------------------------------------------------------------------

 NMR restraints: Bond =    0.000   Angle =     0.000   Torsion =     0.000
===============================================================================

| TI region  1


 NSTEP =    80000   TIME(PS) =      80.000  TEMP(K) =   125.41  PRESS =     0.0
 Etot   =    -48483.6715  EKtot   =      7833.1377  EPtot      =    -56316.8092
 BOND   =      6530.5947  ANGLE   =        -0.0000  DIHED      =         0.0000
 1-4 NB =         0.0000  1-4 EEL =         0.0000  VDWAALS    =      2785.5797
 EELEC  =    -65632.9836  EHBOND  =         0.0000  RESTRAINT  =         0.0000
 DV/DL  =         8.2377
 ------------------------------------------------------------------------------

  Softcore part of the system:      12 atoms,       TEMP(K)    =         148.49
 SC_Etot=        22.9331  SC_EKtot=         5.3114  SC_EPtot   =        17.6217
 SC_BOND=         1.0187  SC_ANGLE=         1.4552  SC_DIHED   =         1.1775
 SC_14NB=         0.5300  SC_14EEL=        37.9021  SC_VDW     =        -0.0750
 SC_EEL =       -24.3867
 SC_RES_DIST=     0.0000  SC_RES_ANG=       0.0000  SC_RES_TORS=         0.0000
 SC_EEL_DER=      0.0069  SC_VDW_DER=      -0.0013  SC_DERIV   =         0.0056
 ------------------------------------------------------------------------------


| TI region  2


 NSTEP =    80000   TIME(PS) =      80.000  TEMP(K) =   125.39  PRESS =     0.0
 Etot   =    -48488.9828  EKtot   =      7827.8263  EPtot      =    -56316.8092
 BOND   =      6530.5947  ANGLE   =        -0.0000  DIHED      =         0.0000
 1-4 NB =         0.0000  1-4 EEL =         0.0000  VDWAALS    =      2785.5797
 EELEC  =    -65632.9836  EHBOND  =         0.0000  RESTRAINT  =         0.0000
 DV/DL  =         8.2377
 ------------------------------------------------------------------------------

 NMR restraints: Bond =    0.000   Angle =     0.000   Torsion =     0.000
===============================================================================

| TI region  1


 NSTEP =    85000   TIME(PS) =      85.000  TEMP(K) =   132.79  PRESS =     0.0
 Etot   =    -47417.6536  EKtot   =      8294.6738  EPtot      =    -55712.3274
 BOND   =      6749.3797  ANGLE   =         0.0000  DIHED      =        -0.0000
 1-4 NB =         0.0000  1-4 EEL =        -0.0000  VDWAALS    =      2673.6484
 EELEC  =    -65135.3555  EHBOND  =         0.0000  RESTRAINT  =         0.0000
 DV/DL  =        10.6672
 ------------------------------------------------------------------------------

  Softcore part of the system:      12 atoms,       TEMP(K)    =         110.48
 SC_Etot=        20.5656  SC_EKtot=         3.9517  SC_EPtot   =        16.6139
 SC_BOND=         1.0370  SC_ANGLE=         1.8971  SC_DIHED   =         0.1615
 SC_14NB=         0.5850  SC_14EEL=        40.5024  SC_VDW     =        -0.0869
 SC_EEL =       -27.4822
 SC_RES_DIST=     0.0000  SC_RES_ANG=       0.0000  SC_RES_TORS=         0.0000
 SC_EEL_DER=      0.0694  SC_VDW_DER=      -0.2650  SC_DERIV   =        -0.1957
 ------------------------------------------------------------------------------


| TI region  2


 NSTEP =    85000   TIME(PS) =      85.000  TEMP(K) =   132.81  PRESS =     0.0
 Etot   =    -47421.6053  EKtot   =      8290.7221  EPtot      =    -55712.3274
 BOND   =      6749.3797  ANGLE   =         0.0000  DIHED      =        -0.0000
 1-4 NB =         0.0000  1-4 EEL =        -0.0000  VDWAALS    =      2673.6484
 EELEC  =    -65135.3555  EHBOND  =         0.0000  RESTRAINT  =         0.0000
 DV/DL  =        10.6672
 ------------------------------------------------------------------------------

 NMR restraints: Bond =    0.000   Angle =     0.000   Torsion =     0.000
===============================================================================

| TI region  1


 NSTEP =    90000   TIME(PS) =      90.000  TEMP(K) =   140.88  PRESS =     0.0
 Etot   =    -45933.9308  EKtot   =      8799.8252  EPtot      =    -54733.7560
 BOND   =      6851.5897  ANGLE   =        -0.0000  DIHED      =         0.0000
 1-4 NB =         0.0000  1-4 EEL =         0.0000  VDWAALS    =      2474.1809
 EELEC  =    -64059.5266  EHBOND  =         0.0000  RESTRAINT  =         0.0000
 DV/DL  =         7.3874
 ------------------------------------------------------------------------------

  Softcore part of the system:      12 atoms,       TEMP(K)    =         149.80
 SC_Etot=        22.5501  SC_EKtot=         5.3583  SC_EPtot   =        17.1918
 SC_BOND=         1.2707  SC_ANGLE=         2.1473  SC_DIHED   =         0.5483
 SC_14NB=         0.5041  SC_14EEL=        41.1566  SC_VDW     =        -0.0940
 SC_EEL =       -28.3412
 SC_RES_DIST=     0.0000  SC_RES_ANG=       0.0000  SC_RES_TORS=         0.0000
 SC_EEL_DER=     -0.0064  SC_VDW_DER=      -0.0071  SC_DERIV   =        -0.0136
 ------------------------------------------------------------------------------


| TI region  2


 NSTEP =    90000   TIME(PS) =      90.000  TEMP(K) =   140.88  PRESS =     0.0
 Etot   =    -45939.2891  EKtot   =      8794.4669  EPtot      =    -54733.7560
 BOND   =      6851.5897  ANGLE   =        -0.0000  DIHED      =         0.0000
 1-4 NB =         0.0000  1-4 EEL =         0.0000  VDWAALS    =      2474.1809
 EELEC  =    -64059.5266  EHBOND  =         0.0000  RESTRAINT  =         0.0000
 DV/DL  =         7.3874
 ------------------------------------------------------------------------------

 NMR restraints: Bond =    0.000   Angle =     0.000   Torsion =     0.000
===============================================================================

| TI region  1


 NSTEP =    95000   TIME(PS) =      95.000  TEMP(K) =   148.75  PRESS =     0.0
 Etot   =    -44323.0163  EKtot   =      9291.5332  EPtot      =    -53614.5495
 BOND   =      7061.7388  ANGLE   =         0.0000  DIHED      =        -0.0000
 1-4 NB =         0.0000  1-4 EEL =        -0.0000  VDWAALS    =      1965.5941
 EELEC  =    -62641.8823  EHBOND  =         0.0000  RESTRAINT  =         0.0000
 DV/DL  =        -1.4949
 ------------------------------------------------------------------------------

  Softcore part of the system:      12 atoms,       TEMP(K)    =         182.02
 SC_Etot=        25.2716  SC_EKtot=         6.5106  SC_EPtot   =        18.7610
 SC_BOND=         2.5402  SC_ANGLE=         1.6309  SC_DIHED   =         0.5992
 SC_14NB=         0.3274  SC_14EEL=        40.9658  SC_VDW     =        -0.0768
 SC_EEL =       -27.2257
 SC_RES_DIST=     0.0000  SC_RES_ANG=       0.0000  SC_RES_TORS=         0.0000
 SC_EEL_DER=     -0.0468  SC_VDW_DER=      -1.4734  SC_DERIV   =        -1.5202
 ------------------------------------------------------------------------------


| TI region  2


 NSTEP =    95000   TIME(PS) =      95.000  TEMP(K) =   148.73  PRESS =     0.0
 Etot   =    -44329.5269  EKtot   =      9285.0226  EPtot      =    -53614.5495
 BOND   =      7061.7388  ANGLE   =         0.0000  DIHED      =        -0.0000
 1-4 NB =         0.0000  1-4 EEL =        -0.0000  VDWAALS    =      1965.5941
 EELEC  =    -62641.8823  EHBOND  =         0.0000  RESTRAINT  =         0.0000
 DV/DL  =        -1.4949
 ------------------------------------------------------------------------------

 NMR restraints: Bond =    0.000   Angle =     0.000   Torsion =     0.000
===============================================================================

| TI region  1


 NSTEP =   100000   TIME(PS) =     100.000  TEMP(K) =   156.56  PRESS =     0.0
 Etot   =    -42939.5319  EKtot   =      9779.3086  EPtot      =    -52718.8405
 BOND   =      7113.2617  ANGLE   =        -0.0000  DIHED      =         0.0000
 1-4 NB =         0.0000  1-4 EEL =        -0.0000  VDWAALS    =      1686.4426
 EELEC  =    -61518.5448  EHBOND  =         0.0000  RESTRAINT  =         0.0000
 DV/DL  =         2.4743
 ------------------------------------------------------------------------------

  Softcore part of the system:      12 atoms,       TEMP(K)    =         123.13
 SC_Etot=        23.5875  SC_EKtot=         4.4043  SC_EPtot   =        19.1832
 SC_BOND=         3.4252  SC_ANGLE=         1.3789  SC_DIHED   =         1.0371
 SC_14NB=         0.3358  SC_14EEL=        37.9454  SC_VDW     =        -0.0712
 SC_EEL =       -24.8680
 SC_RES_DIST=     0.0000  SC_RES_ANG=       0.0000  SC_RES_TORS=         0.0000
 SC_EEL_DER=     -0.0322  SC_VDW_DER=      -0.8039  SC_DERIV   =        -0.8361
 ------------------------------------------------------------------------------


| TI region  2


 NSTEP =   100000   TIME(PS) =     100.000  TEMP(K) =   156.58  PRESS =     0.0
 Etot   =    -42943.9362  EKtot   =      9774.9043  EPtot      =    -52718.8405
 BOND   =      7113.2617  ANGLE   =        -0.0000  DIHED      =         0.0000
 1-4 NB =         0.0000  1-4 EEL =        -0.0000  VDWAALS    =      1686.4426
 EELEC  =    -61518.5448  EHBOND  =         0.0000  RESTRAINT  =         0.0000
 DV/DL  =         2.4743
 ------------------------------------------------------------------------------

 NMR restraints: Bond =    0.000   Angle =     0.000   Torsion =     0.000
===============================================================================

| TI region  1


 NSTEP =   105000   TIME(PS) =     105.000  TEMP(K) =   164.99  PRESS =     0.0
 Etot   =    -41558.6936  EKtot   =     10305.4160  EPtot      =    -51864.1096
 BOND   =      7291.4275  ANGLE   =         0.0000  DIHED      =         0.0000
 1-4 NB =         0.0000  1-4 EEL =         0.0000  VDWAALS    =      1482.3144
 EELEC  =    -60637.8515  EHBOND  =         0.0000  RESTRAINT  =         0.0000
 DV/DL  =        -1.2243
 ------------------------------------------------------------------------------

  Softcore part of the system:      12 atoms,       TEMP(K)    =         148.42
 SC_Etot=        24.3734  SC_EKtot=         5.3089  SC_EPtot   =        19.0645
 SC_BOND=         2.0220  SC_ANGLE=         3.1526  SC_DIHED   =         0.5079
 SC_14NB=         0.3431  SC_14EEL=        39.1440  SC_VDW     =        -0.0677
 SC_EEL =       -26.0375
 SC_RES_DIST=     0.0000  SC_RES_ANG=       0.0000  SC_RES_TORS=         0.0000
 SC_EEL_DER=      0.1189  SC_VDW_DER=      -2.1221  SC_DERIV   =        -2.0032
 ------------------------------------------------------------------------------


| TI region  2


 NSTEP =   105000   TIME(PS) =     105.000  TEMP(K) =   165.00  PRESS =     0.0
 Etot   =    -41564.0025  EKtot   =     10300.1071  EPtot      =    -51864.1096
 BOND   =      7291.4275  ANGLE   =         0.0000  DIHED      =         0.0000
 1-4 NB =         0.0000  1-4 EEL =         0.0000  VDWAALS    =      1482.3144
 EELEC  =    -60637.8515  EHBOND  =         0.0000  RESTRAINT  =         0.0000
 DV/DL  =        -1.2243
 ------------------------------------------------------------------------------

 NMR restraints: Bond =    0.000   Angle =     0.000   Torsion =     0.000
===============================================================================

| TI region  1


 NSTEP =   110000   TIME(PS) =     110.000  TEMP(K) =   172.17  PRESS =     0.0
 Etot   =    -40263.8839  EKtot   =     10754.0732  EPtot      =    -51017.9571
 BOND   =      7423.6855  ANGLE   =         0.0000  DIHED      =        -0.0000
 1-4 NB =         0.0000  1-4 EEL =         0.0000  VDWAALS    =      1228.0253
 EELEC  =    -59669.6679  EHBOND  =         0.0000  RESTRAINT  =         0.0000
 DV/DL  =         6.0133
 ------------------------------------------------------------------------------

  Softcore part of the system:      12 atoms,       TEMP(K)    =         267.57
 SC_Etot=        29.0005  SC_EKtot=         9.5709  SC_EPtot   =        19.4296
 SC_BOND=         0.7787  SC_ANGLE=         4.7745  SC_DIHED   =         0.6336
 SC_14NB=         0.6385  SC_14EEL=        40.5375  SC_VDW     =        -0.1029
 SC_EEL =       -27.8303
 SC_RES_DIST=     0.0000  SC_RES_ANG=       0.0000  SC_RES_TORS=         0.0000
 SC_EEL_DER=     -0.0250  SC_VDW_DER=      -0.7256  SC_DERIV   =        -0.7506
 ------------------------------------------------------------------------------


| TI region  2


 NSTEP =   110000   TIME(PS) =     110.000  TEMP(K) =   172.11  PRESS =     0.0
 Etot   =    -40273.4548  EKtot   =     10744.5024  EPtot      =    -51017.9571
 BOND   =      7423.6855  ANGLE   =         0.0000  DIHED      =        -0.0000
 1-4 NB =         0.0000  1-4 EEL =         0.0000  VDWAALS    =      1228.0253
 EELEC  =    -59669.6679  EHBOND  =         0.0000  RESTRAINT  =         0.0000
 DV/DL  =         6.0133
 ------------------------------------------------------------------------------

 NMR restraints: Bond =    0.000   Angle =     0.000   Torsion =     0.000
===============================================================================

| TI region  1


 NSTEP =   115000   TIME(PS) =     115.000  TEMP(K) =   181.06  PRESS =     0.0
 Etot   =    -38793.7755  EKtot   =     11309.5498  EPtot      =    -50103.3253
 BOND   =      7620.7639  ANGLE   =         0.0000  DIHED      =        -0.0000
 1-4 NB =         0.0000  1-4 EEL =        -0.0000  VDWAALS    =      1092.7063
 EELEC  =    -58816.7955  EHBOND  =         0.0000  RESTRAINT  =         0.0000
 DV/DL  =         2.1299
 ------------------------------------------------------------------------------

  Softcore part of the system:      12 atoms,       TEMP(K)    =         126.47
 SC_Etot=        22.1140  SC_EKtot=         4.5237  SC_EPtot   =        17.5903
 SC_BOND=         0.9643  SC_ANGLE=         2.7359  SC_DIHED   =         0.7191
 SC_14NB=         0.5174  SC_14EEL=        39.8046  SC_VDW     =        -0.0907
 SC_EEL =       -27.0603
 SC_RES_DIST=     0.0000  SC_RES_ANG=       0.0000  SC_RES_TORS=         0.0000
 SC_EEL_DER=      0.0553  SC_VDW_DER=      -1.4308  SC_DERIV   =        -1.3754
 ------------------------------------------------------------------------------


| TI region  2


 NSTEP =   115000   TIME(PS) =     115.000  TEMP(K) =   181.09  PRESS =     0.0
 Etot   =    -38798.2992  EKtot   =     11305.0261  EPtot      =    -50103.3253
 BOND   =      7620.7639  ANGLE   =         0.0000  DIHED      =        -0.0000
 1-4 NB =         0.0000  1-4 EEL =        -0.0000  VDWAALS    =      1092.7063
 EELEC  =    -58816.7955  EHBOND  =         0.0000  RESTRAINT  =         0.0000
 DV/DL  =         2.1299
 ------------------------------------------------------------------------------

 NMR restraints: Bond =    0.000   Angle =     0.000   Torsion =     0.000
===============================================================================

| TI region  1


 NSTEP =   120000   TIME(PS) =     120.000  TEMP(K) =   188.85  PRESS =     0.0
 Etot   =    -37455.7560  EKtot   =     11796.2334  EPtot      =    -49251.9894
 BOND   =      7865.9745  ANGLE   =        -0.0000  DIHED      =        -0.0000
 1-4 NB =         0.0000  1-4 EEL =         0.0000  VDWAALS    =       934.6752
 EELEC  =    -58052.6391  EHBOND  =         0.0000  RESTRAINT  =         0.0000
 DV/DL  =        -2.7512
 ------------------------------------------------------------------------------

  Softcore part of the system:      12 atoms,       TEMP(K)    =         122.56
 SC_Etot=        21.0570  SC_EKtot=         4.3839  SC_EPtot   =        16.6731
 SC_BOND=         0.9848  SC_ANGLE=         1.6760  SC_DIHED   =         0.5022
 SC_14NB=         0.5115  SC_14EEL=        40.4241  SC_VDW     =        -0.0848
 SC_EEL =       -27.3408
 SC_RES_DIST=     0.0000  SC_RES_ANG=       0.0000  SC_RES_TORS=         0.0000
 SC_EEL_DER=      0.0264  SC_VDW_DER=      -1.7603  SC_DERIV   =        -1.7339
 ------------------------------------------------------------------------------


| TI region  2


 NSTEP =   120000   TIME(PS) =     120.000  TEMP(K) =   188.89  PRESS =     0.0
 Etot   =    -37460.1400  EKtot   =     11791.8495  EPtot      =    -49251.9894
 BOND   =      7865.9745  ANGLE   =        -0.0000  DIHED      =        -0.0000
 1-4 NB =         0.0000  1-4 EEL =         0.0000  VDWAALS    =       934.6752
 EELEC  =    -58052.6391  EHBOND  =         0.0000  RESTRAINT  =         0.0000
 DV/DL  =        -2.7512
 ------------------------------------------------------------------------------

 NMR restraints: Bond =    0.000   Angle =     0.000   Torsion =     0.000
===============================================================================

| TI region  1


 NSTEP =   125000   TIME(PS) =     125.000  TEMP(K) =   195.19  PRESS =     0.0
 Etot   =    -36364.1982  EKtot   =     12191.9297  EPtot      =    -48556.1279
 BOND   =      7835.5482  ANGLE   =         0.0000  DIHED      =        -0.0000
 1-4 NB =         0.0000  1-4 EEL =        -0.0000  VDWAALS    =       709.2065
 EELEC  =    -57100.8826  EHBOND  =         0.0000  RESTRAINT  =         0.0000
 DV/DL  =         1.9958
 ------------------------------------------------------------------------------

  Softcore part of the system:      12 atoms,       TEMP(K)    =         193.22
 SC_Etot=        25.3805  SC_EKtot=         6.9114  SC_EPtot   =        18.4691
 SC_BOND=         0.9402  SC_ANGLE=         3.8971  SC_DIHED   =         1.0201
 SC_14NB=         0.7758  SC_14EEL=        40.0940  SC_VDW     =        -0.0993
 SC_EEL =       -28.1589
 SC_RES_DIST=     0.0000  SC_RES_ANG=       0.0000  SC_RES_TORS=         0.0000
 SC_EEL_DER=      0.1158  SC_VDW_DER=      -1.7392  SC_DERIV   =        -1.6234
 ------------------------------------------------------------------------------


| TI region  2


 NSTEP =   125000   TIME(PS) =     125.000  TEMP(K) =   195.19  PRESS =     0.0
 Etot   =    -36371.1096  EKtot   =     12185.0183  EPtot      =    -48556.1279
 BOND   =      7835.5482  ANGLE   =         0.0000  DIHED      =        -0.0000
 1-4 NB =         0.0000  1-4 EEL =        -0.0000  VDWAALS    =       709.2065
 EELEC  =    -57100.8826  EHBOND  =         0.0000  RESTRAINT  =         0.0000
 DV/DL  =         1.9958
 ------------------------------------------------------------------------------

 NMR restraints: Bond =    0.000   Angle =     0.000   Torsion =     0.000
===============================================================================

| TI region  1


 NSTEP =   130000   TIME(PS) =     130.000  TEMP(K) =   204.08  PRESS =     0.0
 Etot   =    -35067.4957  EKtot   =     12747.1387  EPtot      =    -47814.6344
 BOND   =      7876.7321  ANGLE   =        -0.0000  DIHED      =        -0.0000
 1-4 NB =         0.0000  1-4 EEL =        -0.0000  VDWAALS    =       554.1594
 EELEC  =    -56245.5258  EHBOND  =         0.0000  RESTRAINT  =         0.0000
 DV/DL  =         5.0933
 ------------------------------------------------------------------------------

  Softcore part of the system:      12 atoms,       TEMP(K)    =         146.22
 SC_Etot=        25.6533  SC_EKtot=         5.2301  SC_EPtot   =        20.4231
 SC_BOND=         2.6196  SC_ANGLE=         3.7664  SC_DIHED   =         0.7109
 SC_14NB=         0.9210  SC_14EEL=        42.9190  SC_VDW     =        -0.0863
 SC_EEL =       -30.4274
 SC_RES_DIST=     0.0000  SC_RES_ANG=       0.0000  SC_RES_TORS=         0.0000
 SC_EEL_DER=      0.0872  SC_VDW_DER=      -1.2506  SC_DERIV   =        -1.1633
 ------------------------------------------------------------------------------


| TI region  2


 NSTEP =   130000   TIME(PS) =     130.000  TEMP(K) =   204.11  PRESS =     0.0
 Etot   =    -35072.7259  EKtot   =     12741.9085  EPtot      =    -47814.6344
 BOND   =      7876.7321  ANGLE   =        -0.0000  DIHED      =        -0.0000
 1-4 NB =         0.0000  1-4 EEL =        -0.0000  VDWAALS    =       554.1594
 EELEC  =    -56245.5258  EHBOND  =         0.0000  RESTRAINT  =         0.0000
 DV/DL  =         5.0933
 ------------------------------------------------------------------------------

 NMR restraints: Bond =    0.000   Angle =     0.000   Torsion =     0.000
===============================================================================

| TI region  1


 NSTEP =   135000   TIME(PS) =     135.000  TEMP(K) =   211.24  PRESS =     0.0
 Etot   =    -34164.4624  EKtot   =     13194.8193  EPtot      =    -47359.2817
 BOND   =      7981.4528  ANGLE   =         0.0000  DIHED      =        -0.0000
 1-4 NB =         0.0000  1-4 EEL =         0.0000  VDWAALS    =       576.1494
 EELEC  =    -55916.8839  EHBOND  =         0.0000  RESTRAINT  =         0.0000
 DV/DL  =        -7.4124
 ------------------------------------------------------------------------------

  Softcore part of the system:      12 atoms,       TEMP(K)    =         297.45
 SC_Etot=        33.5703  SC_EKtot=        10.6396  SC_EPtot   =        22.9307
 SC_BOND=         3.9297  SC_ANGLE=         4.7026  SC_DIHED   =         1.8037
 SC_14NB=         0.4972  SC_14EEL=        38.2553  SC_VDW     =        -0.0871
 SC_EEL =       -26.1707
 SC_RES_DIST=     0.0000  SC_RES_ANG=       0.0000  SC_RES_TORS=         0.0000
 SC_EEL_DER=     -0.1465  SC_VDW_DER=      -1.8857  SC_DERIV   =        -2.0322
 ------------------------------------------------------------------------------


| TI region  2


 NSTEP =   135000   TIME(PS) =     135.000  TEMP(K) =   211.19  PRESS =     0.0
 Etot   =    -34175.1021  EKtot   =     13184.1797  EPtot      =    -47359.2817
 BOND   =      7981.4528  ANGLE   =         0.0000  DIHED      =        -0.0000
 1-4 NB =         0.0000  1-4 EEL =         0.0000  VDWAALS    =       576.1494
 EELEC  =    -55916.8839  EHBOND  =         0.0000  RESTRAINT  =         0.0000
 DV/DL  =        -7.4124
 ------------------------------------------------------------------------------

 NMR restraints: Bond =    0.000   Angle =     0.000   Torsion =     0.000
===============================================================================

| TI region  1


 NSTEP =   140000   TIME(PS) =     140.000  TEMP(K) =   219.56  PRESS =     0.0
 Etot   =    -32747.4220  EKtot   =     13714.1924  EPtot      =    -46461.6144
 BOND   =      8212.1800  ANGLE   =         0.0000  DIHED      =         0.0000
 1-4 NB =         0.0000  1-4 EEL =         0.0000  VDWAALS    =       472.5600
 EELEC  =    -55146.3544  EHBOND  =         0.0000  RESTRAINT  =         0.0000
 DV/DL  =        -5.6837
 ------------------------------------------------------------------------------

  Softcore part of the system:      12 atoms,       TEMP(K)    =         194.43
 SC_Etot=        29.9445  SC_EKtot=         6.9545  SC_EPtot   =        22.9900
 SC_BOND=         4.4783  SC_ANGLE=         2.4727  SC_DIHED   =         1.1139
 SC_14NB=         0.5882  SC_14EEL=        41.9725  SC_VDW     =        -0.0981
 SC_EEL =       -27.5376
 SC_RES_DIST=     0.0000  SC_RES_ANG=       0.0000  SC_RES_TORS=         0.0000
 SC_EEL_DER=     -0.0431  SC_VDW_DER=      -1.9343  SC_DERIV   =        -1.9774
 ------------------------------------------------------------------------------


| TI region  2


 NSTEP =   140000   TIME(PS) =     140.000  TEMP(K) =   219.57  PRESS =     0.0
 Etot   =    -32754.3765  EKtot   =     13707.2379  EPtot      =    -46461.6144
 BOND   =      8212.1800  ANGLE   =         0.0000  DIHED      =         0.0000
 1-4 NB =         0.0000  1-4 EEL =         0.0000  VDWAALS    =       472.5600
 EELEC  =    -55146.3544  EHBOND  =         0.0000  RESTRAINT  =         0.0000
 DV/DL  =        -5.6837
 ------------------------------------------------------------------------------

 NMR restraints: Bond =    0.000   Angle =     0.000   Torsion =     0.000
===============================================================================

| TI region  1


 NSTEP =   145000   TIME(PS) =     145.000  TEMP(K) =   229.03  PRESS =     0.0
 Etot   =    -31357.3174  EKtot   =     14305.8164  EPtot      =    -45663.1338
 BOND   =      8407.8775  ANGLE   =         0.0000  DIHED      =        -0.0000
 1-4 NB =         0.0000  1-4 EEL =         0.0000  VDWAALS    =       384.4001
 EELEC  =    -54455.4114  EHBOND  =         0.0000  RESTRAINT  =         0.0000
 DV/DL  =        -0.6200
 ------------------------------------------------------------------------------

  Softcore part of the system:      12 atoms,       TEMP(K)    =         201.59
 SC_Etot=        29.4978  SC_EKtot=         7.2107  SC_EPtot   =        22.2871
 SC_BOND=         1.6249  SC_ANGLE=         3.7077  SC_DIHED   =         2.9593
 SC_14NB=         0.1743  SC_14EEL=        36.3681  SC_VDW     =        -0.0432
 SC_EEL =       -22.5041
 SC_RES_DIST=     0.0000  SC_RES_ANG=       0.0000  SC_RES_TORS=         0.0000
 SC_EEL_DER=      0.1208  SC_VDW_DER=      -1.7979  SC_DERIV   =        -1.6771
 ------------------------------------------------------------------------------


| TI region  2


 NSTEP =   145000   TIME(PS) =     145.000  TEMP(K) =   229.05  PRESS =     0.0
 Etot   =    -31364.5281  EKtot   =     14298.6057  EPtot      =    -45663.1338
 BOND   =      8407.8775  ANGLE   =         0.0000  DIHED      =        -0.0000
 1-4 NB =         0.0000  1-4 EEL =         0.0000  VDWAALS    =       384.4001
 EELEC  =    -54455.4114  EHBOND  =         0.0000  RESTRAINT  =         0.0000
 DV/DL  =        -0.6200
 ------------------------------------------------------------------------------

 NMR restraints: Bond =    0.000   Angle =     0.000   Torsion =     0.000
===============================================================================

| TI region  1


 NSTEP =   150000   TIME(PS) =     150.000  TEMP(K) =   236.79  PRESS =     0.0
 Etot   =    -30260.1413  EKtot   =     14790.4121  EPtot      =    -45050.5534
 BOND   =      8525.0167  ANGLE   =        -0.0000  DIHED      =         0.0000
 1-4 NB =         0.0000  1-4 EEL =        -0.0000  VDWAALS    =       141.7257
 EELEC  =    -53717.2958  EHBOND  =         0.0000  RESTRAINT  =         0.0000
 DV/DL  =        -8.2129
 ------------------------------------------------------------------------------

  Softcore part of the system:      12 atoms,       TEMP(K)    =         292.82
 SC_Etot=        34.4638  SC_EKtot=        10.4740  SC_EPtot   =        23.9898
 SC_BOND=         2.3851  SC_ANGLE=         5.2364  SC_DIHED   =         2.1240
 SC_14NB=         0.5507  SC_14EEL=        40.5181  SC_VDW     =        -0.0979
 SC_EEL =       -26.7266
 SC_RES_DIST=     0.0000  SC_RES_ANG=       0.0000  SC_RES_TORS=         0.0000
 SC_EEL_DER=     -0.0624  SC_VDW_DER=      -2.2911  SC_DERIV   =        -2.3535
 ------------------------------------------------------------------------------


| TI region  2


 NSTEP =   150000   TIME(PS) =     150.000  TEMP(K) =   236.76  PRESS =     0.0
 Etot   =    -30270.6153  EKtot   =     14779.9381  EPtot      =    -45050.5534
 BOND   =      8525.0167  ANGLE   =        -0.0000  DIHED      =         0.0000
 1-4 NB =         0.0000  1-4 EEL =        -0.0000  VDWAALS    =       141.7257
 EELEC  =    -53717.2958  EHBOND  =         0.0000  RESTRAINT  =         0.0000
 DV/DL  =        -8.2129
 ------------------------------------------------------------------------------

 NMR restraints: Bond =    0.000   Angle =     0.000   Torsion =     0.000
===============================================================================

| TI region  1


 NSTEP =   155000   TIME(PS) =     155.000  TEMP(K) =   241.22  PRESS =     0.0
 Etot   =    -29323.1122  EKtot   =     15067.2578  EPtot      =    -44390.3700
 BOND   =      8540.4397  ANGLE   =        -0.0000  DIHED      =        -0.0000
 1-4 NB =         0.0000  1-4 EEL =         0.0000  VDWAALS    =       282.1673
 EELEC  =    -53212.9770  EHBOND  =         0.0000  RESTRAINT  =         0.0000
 DV/DL  =         1.3824
 ------------------------------------------------------------------------------

  Softcore part of the system:      12 atoms,       TEMP(K)    =         321.75
 SC_Etot=        32.5850  SC_EKtot=        11.5087  SC_EPtot   =        21.0763
 SC_BOND=         1.9660  SC_ANGLE=         4.4138  SC_DIHED   =         1.0944
 SC_14NB=         0.7988  SC_14EEL=        42.6476  SC_VDW     =        -0.0894
 SC_EEL =       -29.7549
 SC_RES_DIST=     0.0000  SC_RES_ANG=       0.0000  SC_RES_TORS=         0.0000
 SC_EEL_DER=      0.0825  SC_VDW_DER=      -1.6052  SC_DERIV   =        -1.5227
 ------------------------------------------------------------------------------


| TI region  2


 NSTEP =   155000   TIME(PS) =     155.000  TEMP(K) =   241.18  PRESS =     0.0
 Etot   =    -29334.6209  EKtot   =     15055.7491  EPtot      =    -44390.3700
 BOND   =      8540.4397  ANGLE   =        -0.0000  DIHED      =        -0.0000
 1-4 NB =         0.0000  1-4 EEL =         0.0000  VDWAALS    =       282.1673
 EELEC  =    -53212.9770  EHBOND  =         0.0000  RESTRAINT  =         0.0000
 DV/DL  =         1.3824
 ------------------------------------------------------------------------------

 NMR restraints: Bond =    0.000   Angle =     0.000   Torsion =     0.000
===============================================================================

| TI region  1


 NSTEP =   160000   TIME(PS) =     160.000  TEMP(K) =   251.06  PRESS =     0.0
 Etot   =    -27943.0338  EKtot   =     15681.7256  EPtot      =    -43624.7594
 BOND   =      8802.8481  ANGLE   =         0.0000  DIHED      =        -0.0000
 1-4 NB =         0.0000  1-4 EEL =        -0.0000  VDWAALS    =       223.0286
 EELEC  =    -52650.6361  EHBOND  =         0.0000  RESTRAINT  =         0.0000
 DV/DL  =         5.2998
 ------------------------------------------------------------------------------

  Softcore part of the system:      12 atoms,       TEMP(K)    =         178.48
 SC_Etot=        26.2345  SC_EKtot=         6.3841  SC_EPtot   =        19.8504
 SC_BOND=         2.1393  SC_ANGLE=         3.3663  SC_DIHED   =         1.1506
 SC_14NB=         0.4105  SC_14EEL=        41.4361  SC_VDW     =        -0.0941
 SC_EEL =       -28.5584
 SC_RES_DIST=     0.0000  SC_RES_ANG=       0.0000  SC_RES_TORS=         0.0000
 SC_EEL_DER=      0.1999  SC_VDW_DER=      -1.6890  SC_DERIV   =        -1.4890
 ------------------------------------------------------------------------------


| TI region  2


 NSTEP =   160000   TIME(PS) =     160.000  TEMP(K) =   251.10  PRESS =     0.0
 Etot   =    -27949.4179  EKtot   =     15675.3415  EPtot      =    -43624.7594
 BOND   =      8802.8481  ANGLE   =         0.0000  DIHED      =        -0.0000
 1-4 NB =         0.0000  1-4 EEL =        -0.0000  VDWAALS    =       223.0286
 EELEC  =    -52650.6361  EHBOND  =         0.0000  RESTRAINT  =         0.0000
 DV/DL  =         5.2998
 ------------------------------------------------------------------------------

 NMR restraints: Bond =    0.000   Angle =     0.000   Torsion =     0.000
===============================================================================

| TI region  1


 NSTEP =   165000   TIME(PS) =     165.000  TEMP(K) =   258.91  PRESS =     0.0
 Etot   =    -26610.7171  EKtot   =     16171.9531  EPtot      =    -42782.6702
 BOND   =      9161.1504  ANGLE   =        -0.0000  DIHED      =        -0.0000
 1-4 NB =         0.0000  1-4 EEL =         0.0000  VDWAALS    =       182.1720
 EELEC  =    -52125.9926  EHBOND  =         0.0000  RESTRAINT  =         0.0000
 DV/DL  =        -3.3091
 ------------------------------------------------------------------------------

  Softcore part of the system:      12 atoms,       TEMP(K)    =         403.53
 SC_Etot=        39.0409  SC_EKtot=        14.4341  SC_EPtot   =        24.6068
 SC_BOND=         2.9448  SC_ANGLE=         6.0870  SC_DIHED   =         1.3600
 SC_14NB=         1.1614  SC_14EEL=        43.7829  SC_VDW     =        -0.0957
 SC_EEL =       -30.6337
 SC_RES_DIST=     0.0000  SC_RES_ANG=       0.0000  SC_RES_TORS=         0.0000
 SC_EEL_DER=      0.0080  SC_VDW_DER=      -1.8564  SC_DERIV   =        -1.8484
 ------------------------------------------------------------------------------


| TI region  2


 NSTEP =   165000   TIME(PS) =     165.000  TEMP(K) =   258.82  PRESS =     0.0
 Etot   =    -26625.1511  EKtot   =     16157.5190  EPtot      =    -42782.6702
 BOND   =      9161.1504  ANGLE   =        -0.0000  DIHED      =        -0.0000
 1-4 NB =         0.0000  1-4 EEL =         0.0000  VDWAALS    =       182.1720
 EELEC  =    -52125.9926  EHBOND  =         0.0000  RESTRAINT  =         0.0000
 DV/DL  =        -3.3091
 ------------------------------------------------------------------------------

 NMR restraints: Bond =    0.000   Angle =     0.000   Torsion =     0.000
===============================================================================

| TI region  1


 NSTEP =   170000   TIME(PS) =     170.000  TEMP(K) =   266.58  PRESS =     0.0
 Etot   =    -25687.5611  EKtot   =     16651.1562  EPtot      =    -42338.7173
 BOND   =      9211.1301  ANGLE   =         0.0000  DIHED      =        -0.0000
 1-4 NB =         0.0000  1-4 EEL =         0.0000  VDWAALS    =       177.1786
 EELEC  =    -51727.0261  EHBOND  =         0.0000  RESTRAINT  =         0.0000
 DV/DL  =        -1.6046
 ------------------------------------------------------------------------------

  Softcore part of the system:      12 atoms,       TEMP(K)    =         297.07
 SC_Etot=        29.5567  SC_EKtot=        10.6262  SC_EPtot   =        18.9306
 SC_BOND=         2.4405  SC_ANGLE=         1.7294  SC_DIHED   =         1.3051
 SC_14NB=         0.7826  SC_14EEL=        38.0269  SC_VDW     =        -0.0899
 SC_EEL =       -25.2640
 SC_RES_DIST=     0.0000  SC_RES_ANG=       0.0000  SC_RES_TORS=         0.0000
 SC_EEL_DER=      0.0150  SC_VDW_DER=      -1.9768  SC_DERIV   =        -1.9618
 ------------------------------------------------------------------------------


| TI region  2


 NSTEP =   170000   TIME(PS) =     170.000  TEMP(K) =   266.56  PRESS =     0.0
 Etot   =    -25698.1872  EKtot   =     16640.5301  EPtot      =    -42338.7173
 BOND   =      9211.1301  ANGLE   =         0.0000  DIHED      =        -0.0000
 1-4 NB =         0.0000  1-4 EEL =         0.0000  VDWAALS    =       177.1786
 EELEC  =    -51727.0261  EHBOND  =         0.0000  RESTRAINT  =         0.0000
 DV/DL  =        -1.6046
 ------------------------------------------------------------------------------

 NMR restraints: Bond =    0.000   Angle =     0.000   Torsion =     0.000
===============================================================================

| TI region  1


 NSTEP =   175000   TIME(PS) =     175.000  TEMP(K) =   275.60  PRESS =     0.0
 Etot   =    -24528.4504  EKtot   =     17214.5996  EPtot      =    -41743.0501
 BOND   =      9290.1684  ANGLE   =         0.0000  DIHED      =         0.0000
 1-4 NB =         0.0000  1-4 EEL =        -0.0000  VDWAALS    =        59.1835
 EELEC  =    -51092.4020  EHBOND  =         0.0000  RESTRAINT  =         0.0000
 DV/DL  =        -9.8801
 ------------------------------------------------------------------------------

  Softcore part of the system:      12 atoms,       TEMP(K)    =         255.37
 SC_Etot=        32.0552  SC_EKtot=         9.1346  SC_EPtot   =        22.9206
 SC_BOND=         2.4594  SC_ANGLE=         5.8807  SC_DIHED   =         1.9984
 SC_14NB=         0.2822  SC_14EEL=        38.7049  SC_VDW     =        -0.0996
 SC_EEL =       -26.3054
 SC_RES_DIST=     0.0000  SC_RES_ANG=       0.0000  SC_RES_TORS=         0.0000
 SC_EEL_DER=     -0.0369  SC_VDW_DER=      -2.2752  SC_DERIV   =        -2.3121
 ------------------------------------------------------------------------------


| TI region  2


 NSTEP =   175000   TIME(PS) =     175.000  TEMP(K) =   275.61  PRESS =     0.0
 Etot   =    -24537.5850  EKtot   =     17205.4650  EPtot      =    -41743.0501
 BOND   =      9290.1684  ANGLE   =         0.0000  DIHED      =         0.0000
 1-4 NB =         0.0000  1-4 EEL =        -0.0000  VDWAALS    =        59.1835
 EELEC  =    -51092.4020  EHBOND  =         0.0000  RESTRAINT  =         0.0000
 DV/DL  =        -9.8801
 ------------------------------------------------------------------------------

 NMR restraints: Bond =    0.000   Angle =     0.000   Torsion =     0.000
===============================================================================

| TI region  1


 NSTEP =   180000   TIME(PS) =     180.000  TEMP(K) =   285.84  PRESS =     0.0
 Etot   =    -23290.4572  EKtot   =     17854.1250  EPtot      =    -41144.5822
 BOND   =      9609.4471  ANGLE   =         0.0000  DIHED      =        -0.0000
 1-4 NB =         0.0000  1-4 EEL =         0.0000  VDWAALS    =       -57.0299
 EELEC  =    -50696.9994  EHBOND  =         0.0000  RESTRAINT  =         0.0000
 DV/DL  =        -6.1292
 ------------------------------------------------------------------------------

  Softcore part of the system:      12 atoms,       TEMP(K)    =         283.21
 SC_Etot=        32.8777  SC_EKtot=        10.1302  SC_EPtot   =        22.7476
 SC_BOND=         2.4478  SC_ANGLE=         5.7333  SC_DIHED   =         2.6885
 SC_14NB=         0.3916  SC_14EEL=        40.1981  SC_VDW     =        -0.1031
 SC_EEL =       -28.6087
 SC_RES_DIST=     0.0000  SC_RES_ANG=       0.0000  SC_RES_TORS=         0.0000
 SC_EEL_DER=     -0.1317  SC_VDW_DER=      -1.7717  SC_DERIV   =        -1.9034
 ------------------------------------------------------------------------------


| TI region  2


 NSTEP =   180000   TIME(PS) =     180.000  TEMP(K) =   285.84  PRESS =     0.0
 Etot   =    -23300.5874  EKtot   =     17843.9948  EPtot      =    -41144.5822
 BOND   =      9609.4471  ANGLE   =         0.0000  DIHED      =        -0.0000
 1-4 NB =         0.0000  1-4 EEL =         0.0000  VDWAALS    =       -57.0299
 EELEC  =    -50696.9994  EHBOND  =         0.0000  RESTRAINT  =         0.0000
 DV/DL  =        -6.1292
 ------------------------------------------------------------------------------

 NMR restraints: Bond =    0.000   Angle =     0.000   Torsion =     0.000
===============================================================================

| TI region  1


 NSTEP =   185000   TIME(PS) =     185.000  TEMP(K) =   291.18  PRESS =     0.0
 Etot   =    -22267.7690  EKtot   =     18188.0742  EPtot      =    -40455.8433
 BOND   =      9670.8078  ANGLE   =        -0.0000  DIHED      =         0.0000
 1-4 NB =         0.0000  1-4 EEL =         0.0000  VDWAALS    =       -47.0168
 EELEC  =    -50079.6343  EHBOND  =         0.0000  RESTRAINT  =         0.0000
 DV/DL  =        -5.3334
 ------------------------------------------------------------------------------

  Softcore part of the system:      12 atoms,       TEMP(K)    =         337.78
 SC_Etot=        33.4801  SC_EKtot=        12.0822  SC_EPtot   =        21.3979
 SC_BOND=         4.0461  SC_ANGLE=         4.2896  SC_DIHED   =         1.0807
 SC_14NB=         0.2611  SC_14EEL=        41.3619  SC_VDW     =        -0.0961
 SC_EEL =       -29.5454
 SC_RES_DIST=     0.0000  SC_RES_ANG=       0.0000  SC_RES_TORS=         0.0000
 SC_EEL_DER=     -0.0060  SC_VDW_DER=      -2.0716  SC_DERIV   =        -2.0776
 ------------------------------------------------------------------------------


| TI region  2


 NSTEP =   185000   TIME(PS) =     185.000  TEMP(K) =   291.16  PRESS =     0.0
 Etot   =    -22279.8512  EKtot   =     18175.9920  EPtot      =    -40455.8433
 BOND   =      9670.8078  ANGLE   =        -0.0000  DIHED      =         0.0000
 1-4 NB =         0.0000  1-4 EEL =         0.0000  VDWAALS    =       -47.0168
 EELEC  =    -50079.6343  EHBOND  =         0.0000  RESTRAINT  =         0.0000
 DV/DL  =        -5.3334
 ------------------------------------------------------------------------------

 NMR restraints: Bond =    0.000   Angle =     0.000   Torsion =     0.000
===============================================================================

| TI region  1


 NSTEP =   190000   TIME(PS) =     190.000  TEMP(K) =   298.59  PRESS =     0.0
 Etot   =    -21148.2253  EKtot   =     18650.6406  EPtot      =    -39798.8659
 BOND   =      9975.5046  ANGLE   =        -0.0000  DIHED      =         0.0000
 1-4 NB =         0.0000  1-4 EEL =         0.0000  VDWAALS    =      -120.9366
 EELEC  =    -49653.4339  EHBOND  =         0.0000  RESTRAINT  =         0.0000
 DV/DL  =        -7.5489
 ------------------------------------------------------------------------------

  Softcore part of the system:      12 atoms,       TEMP(K)    =         273.74
 SC_Etot=        31.0111  SC_EKtot=         9.7916  SC_EPtot   =        21.2195
 SC_BOND=         2.4842  SC_ANGLE=         5.4260  SC_DIHED   =         0.8897
 SC_14NB=         0.0944  SC_14EEL=        40.1018  SC_VDW     =        -0.0960
 SC_EEL =       -27.6806
 SC_RES_DIST=     0.0000  SC_RES_ANG=       0.0000  SC_RES_TORS=         0.0000
 SC_EEL_DER=     -0.1098  SC_VDW_DER=      -2.0734  SC_DERIV   =        -2.1832
 ------------------------------------------------------------------------------


| TI region  2


 NSTEP =   190000   TIME(PS) =     190.000  TEMP(K) =   298.60  PRESS =     0.0
 Etot   =    -21158.0169  EKtot   =     18640.8490  EPtot      =    -39798.8659
 BOND   =      9975.5046  ANGLE   =        -0.0000  DIHED      =         0.0000
 1-4 NB =         0.0000  1-4 EEL =         0.0000  VDWAALS    =      -120.9366
 EELEC  =    -49653.4339  EHBOND  =         0.0000  RESTRAINT  =         0.0000
 DV/DL  =        -7.5489
 ------------------------------------------------------------------------------

 NMR restraints: Bond =    0.000   Angle =     0.000   Torsion =     0.000
===============================================================================

| TI region  1


 NSTEP =   195000   TIME(PS) =     195.000  TEMP(K) =   300.01  PRESS =     0.0
 Etot   =    -21154.1213  EKtot   =     18739.2383  EPtot      =    -39893.3596
 BOND   =      9880.3028  ANGLE   =         0.0000  DIHED      =         0.0000
 1-4 NB =         0.0000  1-4 EEL =         0.0000  VDWAALS    =        50.8595
 EELEC  =    -49824.5218  EHBOND  =         0.0000  RESTRAINT  =         0.0000
 DV/DL  =        -0.5584
 ------------------------------------------------------------------------------

  Softcore part of the system:      12 atoms,       TEMP(K)    =         312.10
 SC_Etot=        32.2433  SC_EKtot=        11.1635  SC_EPtot   =        21.0798
 SC_BOND=         3.0058  SC_ANGLE=         3.3335  SC_DIHED   =         0.6013
 SC_14NB=         1.5318  SC_14EEL=        43.1345  SC_VDW     =        -0.1480
 SC_EEL =       -30.3792
 SC_RES_DIST=     0.0000  SC_RES_ANG=       0.0000  SC_RES_TORS=         0.0000
 SC_EEL_DER=      0.1636  SC_VDW_DER=      -2.0486  SC_DERIV   =        -1.8850
 ------------------------------------------------------------------------------


| TI region  2


 NSTEP =   195000   TIME(PS) =     195.000  TEMP(K) =   300.00  PRESS =     0.0
 Etot   =    -21165.2848  EKtot   =     18728.0748  EPtot      =    -39893.3596
 BOND   =      9880.3028  ANGLE   =         0.0000  DIHED      =         0.0000
 1-4 NB =         0.0000  1-4 EEL =         0.0000  VDWAALS    =        50.8595
 EELEC  =    -49824.5218  EHBOND  =         0.0000  RESTRAINT  =         0.0000
 DV/DL  =        -0.5584
 ------------------------------------------------------------------------------

 NMR restraints: Bond =    0.000   Angle =     0.000   Torsion =     0.000
===============================================================================

| TI region  1


 NSTEP =   200000   TIME(PS) =     200.000  TEMP(K) =   301.62  PRESS =     0.0
 Etot   =    -20929.9180  EKtot   =     18839.6328  EPtot      =    -39769.5509
 BOND   =      9990.2945  ANGLE   =        -0.0000  DIHED      =        -0.0000
 1-4 NB =         0.0000  1-4 EEL =         0.0000  VDWAALS    =       -93.7879
 EELEC  =    -49666.0575  EHBOND  =         0.0000  RESTRAINT  =         0.0000
 DV/DL  =         0.3556
 ------------------------------------------------------------------------------

  Softcore part of the system:      12 atoms,       TEMP(K)    =         390.20
 SC_Etot=        35.3833  SC_EKtot=        13.9574  SC_EPtot   =        21.4260
 SC_BOND=         1.6965  SC_ANGLE=         2.8626  SC_DIHED   =         3.3989
 SC_14NB=         0.2442  SC_14EEL=        32.8038  SC_VDW     =        -0.0724
 SC_EEL =       -19.5078
 SC_RES_DIST=     0.0000  SC_RES_ANG=       0.0000  SC_RES_TORS=         0.0000
 SC_EEL_DER=      0.1101  SC_VDW_DER=      -1.9820  SC_DERIV   =        -1.8719
 ------------------------------------------------------------------------------


| TI region  2


 NSTEP =   200000   TIME(PS) =     200.000  TEMP(K) =   301.56  PRESS =     0.0
 Etot   =    -20943.8754  EKtot   =     18825.6754  EPtot      =    -39769.5509
 BOND   =      9990.2945  ANGLE   =        -0.0000  DIHED      =        -0.0000
 1-4 NB =         0.0000  1-4 EEL =         0.0000  VDWAALS    =       -93.7879
 EELEC  =    -49666.0575  EHBOND  =         0.0000  RESTRAINT  =         0.0000
 DV/DL  =         0.3556
 ------------------------------------------------------------------------------

 NMR restraints: Bond =    0.000   Angle =     0.000   Torsion =     0.000
===============================================================================

| TI region  1


      A V E R A G E S   O V E R      40 S T E P S


 NSTEP =   200000   TIME(PS) =     200.000  TEMP(K) =   160.34  PRESS =     0.0
 Etot   =    -42063.7567  EKtot   =     10015.3360  EPtot      =    -52079.0927
 BOND   =      7138.6661  ANGLE   =         0.0000  DIHED      =        -0.0000
 1-4 NB =         0.0000  1-4 EEL =         0.0000  VDWAALS    =      1953.8165
 EELEC  =    -61171.5752  EHBOND  =         0.0000  RESTRAINT  =         0.0000
 DV/DL  =         2.1429
 ------------------------------------------------------------------------------

 NMR restraints: Bond =    0.000   Angle =     0.000   Torsion =     0.000
===============================================================================
  Softcore part of the system:      12 atoms,       TEMP(K)    =         171.75
 SC_Etot=        24.7651  SC_EKtot=         6.1435  SC_EPtot   =        18.6216
 SC_BOND=         1.6286  SC_ANGLE=         2.6357  SC_DIHED   =         1.0019
 SC_14NB=         0.5009  SC_14EEL=        40.2564  SC_VDW     =        -0.0891
 SC_EEL =       -27.3126
 SC_RES_DIST=     0.0000  SC_RES_ANG=       0.0000  SC_RES_TORS=         0.0000
 SC_EEL_DER=      0.0202  SC_VDW_DER=      -1.1007  SC_DERIV   =        -1.0805
 ------------------------------------------------------------------------------


      R M S  F L U C T U A T I O N S


 NSTEP =   200000   TIME(PS) =     200.000  TEMP(K) =    90.22  PRESS =     0.0
 Etot   =     13590.4056  EKtot   =      5635.1183  EPtot      =      7968.4725
 BOND   =      1780.6848  ANGLE   =         0.0000  DIHED      =         0.0000
 1-4 NB =         0.0000  1-4 EEL =         0.0000  VDWAALS    =      1670.8961
 EELEC  =      7858.1559  EHBOND  =         0.0000  RESTRAINT  =         0.0000
 DV/DL  =         5.6818
 ------------------------------------------------------------------------------

  Softcore part of the system:      12 atoms,       TEMP(K)    =         105.52
 SC_Etot=         6.5208  SC_EKtot=         3.7745  SC_EPtot   =         2.9669
 SC_BOND=         1.1455  SC_ANGLE=         1.7016  SC_DIHED   =         0.7280
 SC_14NB=         0.2690  SC_14EEL=         1.9271  SC_VDW     =         0.0146
 SC_EEL =         2.0495
 SC_RES_DIST=     0.0000  SC_RES_ANG=       0.0000  SC_RES_TORS=         0.0000
 SC_EEL_DER=      0.0728  SC_VDW_DER=       0.8092  SC_DERIV   =         0.8116
 ------------------------------------------------------------------------------


| TI region  2


      A V E R A G E S   O V E R      40 S T E P S


 NSTEP =   200000   TIME(PS) =     200.000  TEMP(K) =   160.34  PRESS =     0.0
 Etot   =    -42069.9002  EKtot   =     10009.1925  EPtot      =    -52079.0927
 BOND   =      7138.6661  ANGLE   =         0.0000  DIHED      =        -0.0000
 1-4 NB =         0.0000  1-4 EEL =         0.0000  VDWAALS    =      1953.8165
 EELEC  =    -61171.5752  EHBOND  =         0.0000  RESTRAINT  =         0.0000
 DV/DL  =         2.1429
 ------------------------------------------------------------------------------

 NMR restraints: Bond =    0.000   Angle =     0.000   Torsion =     0.000
===============================================================================

      R M S  F L U C T U A T I O N S


 NSTEP =   200000   TIME(PS) =     200.000  TEMP(K) =    90.21  PRESS =     0.0
 Etot   =     13586.9973  EKtot   =      5631.6990  EPtot      =      7968.4725
 BOND   =      1780.6848  ANGLE   =         0.0000  DIHED      =         0.0000
 1-4 NB =         0.0000  1-4 EEL =         0.0000  VDWAALS    =      1670.8961
 EELEC  =      7858.1559  EHBOND  =         0.0000  RESTRAINT  =         0.0000
 DV/DL  =         5.6818
 ------------------------------------------------------------------------------


      DV/DL, AVERAGES OVER      40 STEPS


 NSTEP =   200000   TIME(PS) =     200.000  TEMP(K) =    90.21  PRESS =     0.0
 Etot   =         0.0000  EKtot   =         0.0000  EPtot      =         2.1429
 BOND   =         0.0000  ANGLE   =         0.0000  DIHED      =         0.0000
 1-4 NB =         0.0000  1-4 EEL =         0.0000  VDWAALS    =         2.2796
 EELEC  =         0.9437  EHBOND  =         0.0000  RESTRAINT  =         0.0000
 DV/DL  =         2.1429
 ------------------------------------------------------------------------------


 NMR restraints on final step:

--------------------------------------------------------------------------------
   5.  TIMINGS
--------------------------------------------------------------------------------

|  NonSetup CPU Time in Major Routines:
|
|     Routine           Sec        %
|     ------------------------------
|     Nonbond         145.02   29.65
|     Bond              0.00    0.00
|     Angle             0.00    0.00
|     Dihedral          0.00    0.00
|     Shake             0.00    0.00
|     RunMD           343.31   70.20
|     Other             0.70    0.14
|     ------------------------------
|     Total           489.03

|  PME Nonbond Pairlist CPU Time:
|
|     Routine              Sec        %
|     ---------------------------------
|     Set Up Cit           0.00    0.00
|     Build List           0.00    0.00
|     ---------------------------------
|     Total                0.00    0.00

|  PME Direct Force CPU Time:
|
|     Routine              Sec        %
|     ---------------------------------
|     NonBonded Calc       0.00    0.00
|     Exclude Masked       0.00    0.00
|     Other                0.47    0.10
|     ---------------------------------
|     Total                0.47    0.10

|  PME Reciprocal Force CPU Time:
|
|     Routine              Sec        %
|     ---------------------------------
|     1D bspline           0.00    0.00
|     Grid Charges         0.00    0.00
|     Scalar Sum           0.00    0.00
|     Gradient Sum         0.00    0.00
|     FFT                  0.00    0.00
|     ---------------------------------
|     Total                0.00    0.00

|  Final Performance Info:
|     -----------------------------------------------------
|     Average timings for last       1 steps:
|     Elapsed(s) =       0.00 Per Step(ms) =       2.02
|         ns/day =      42.79   seconds/ns =    2019.04
|
|     Average timings for all steps:
|     Elapsed(s) =     489.51 Per Step(ms) =       2.45
|         ns/day =      35.30   seconds/ns =    2447.54
|     -----------------------------------------------------

|  Setup CPU time:            0.51 seconds
|  NonSetup CPU time:       489.03 seconds
|  Total CPU time:          489.54 seconds     0.14 hours

|  Setup wall time:           5    seconds
|  NonSetup wall time:      490    seconds
|  Total wall time:         495    seconds     0.14 hours
