
          -------------------------------------------------------
          Amber 18 PMEMD                              2018
          -------------------------------------------------------

| PMEMD implementation of SANDER, Release 18

| Run on 07/20/2020 at 15:02:55

|   Executable path: /opt/software/Amber/18-foss-2018b-AmberTools-19/bin/pmemd.cuda
| Working directory: /mnt/gs18/scratch/users/songlin3/run/ti_en/tip3p_gas/step1/0.04794
|          Hostname: lac-138

  [-O]verwriting output

File Assignments:
|   MDIN: heat.in                                                               
|  MDOUT: heat.out                                                              
| INPCRD: min.rst                                                               
|   PARM: en_step1_final.prmtop                                                 
| RESTRT: heat.rst                                                              
|   REFC: min.rst                                                               
|  MDVEL: mdvel                                                                 
|   MDEN: mden                                                                  
|  MDCRD: heat.netcdf                                                           
| MDINFO: heat.mdinfo                                                           
|  MDFRC: mdfrc                                                                 


 Here is the input file:

nvt for free MD                                                                
 &cntrl                                                                        
  imin=0,                                                                      
  irest=0,                                                                     
  ntx=1,                                                                       
  ig=-1,                                                                       
  nstlim=100000,                                                               
  dt=0.002,                                                                    
  cut=10.0,                                                                    
  ntc=2,                                                                       
  ntf=2,                                                                       
  ntb=1,                                                                       
  ntt=3,                                                                       
  gamma_ln=2.0,                                                                
  tempi=0.0,                                                                   
  temp0=300.0,                                                                 
  ntpr=5000,                                                                   
  ntwr=5000,                                                                   
  ntwx=10000,                                                                  
  ntwv=0,                                                                      
  ioutfm=1,                                                                    
  iwrap=0,                                                                     
  nmropt=1,                                                                    
  ifsc = 0, icfe=1,                                                            
  clambda=0.04794,                                                             
  timask1=':1',                                                                
  timask2=':2', crgmask = ':2',                                                
/                                                                              
&wt TYPE='TEMP0', istep1=0, istep2=90000, value1=0.0, value2=300.0 /           
&wt TYPE='TEMP0', istep1=90001, istep2=100000, value1=300.0, value2=300.0 /    
&wt TYPE='DUMPFREQ', istep1=10000, /                                           
&wt TYPE='END', /                                                              


Note: ig = -1. Setting random seed to   125952 based on wallclock time in 
      microseconds.
| irandom = 1, using AMBER's internal random number generator (default).
 
|--------------------- INFORMATION ----------------------
| GPU (CUDA) Version of PMEMD in use: NVIDIA GPU IN USE.
|                    Version 18.0.0
| 
|                      03/25/2018
| 
| Implementation by:
|                    Ross C. Walker     (SDSC)
|                    Scott Le Grand     (nVIDIA)
| 
| Version 18 performance extensions by:
|                    David Cerutti     (Rutgers)
| 
| Precision model in use:
|      [SPFP] - Single Precision Forces, 64-bit Fixed Point
|               Accumulation. (Default)
| 
|--------------------------------------------------------
 
|----------------- CITATION INFORMATION -----------------
|
|    When publishing work that utilized the CUDA version
|    of AMBER, please cite the following in addition to
|    the regular AMBER citations:
|
|  - Romelia Salomon-Ferrer; Andreas W. Goetz; Duncan
|    Poole; Scott Le Grand; Ross C. Walker "Routine
|    microsecond molecular dynamics simulations with
|    AMBER - Part II: Particle Mesh Ewald", J. Chem.
|    Theory Comput., 2013, 9 (9), pp3878-3888,
|    DOI: 10.1021/ct400314y.
|
|  - Andreas W. Goetz; Mark J. Williamson; Dong Xu;
|    Duncan Poole; Scott Le Grand; Ross C. Walker
|    "Routine microsecond molecular dynamics simulations
|    with AMBER - Part I: Generalized Born", J. Chem.
|    Theory Comput., 2012, 8 (5), pp1542-1555.
|
|  - Scott Le Grand; Andreas W. Goetz; Ross C. Walker
|    "SPFP: Speed without compromise - a mixed precision
|    model for GPU accelerated molecular dynamics
|    simulations.", Comp. Phys. Comm., 2013, 184
|    pp374-380, DOI: 10.1016/j.cpc.2012.09.022
|
|    When publishing work that utilized the CUDA version
|    of TI, BAR, MBAR or FEP please cite the following 
|    three publications in addition to the regular AMBER 
|    GPU citations:
|
|  - Daniel J. Mermelstein; Charles Lin; Gard Nelson; 
|    Rachael Kretsch; J. Andrew McCammon; Ross C. Walker
|    "Fast and Flexible GPU Accelerated Binding 
|    Free Energy Calculations within the AMBER Molecular
|    Dynamics Package" J. Comp. Chem., 2018,
|    DOI: 10.1002/jcc.25187
|
|  - Tai-Sung Lee; Yuan Hu; Brad Sherborne; Zhuyan Guo;
|    Darrin M. York
|    "Toward Fast and Accurate Binding Affinity Prediction with
|    pmemdGTI: An Efficient Implementation of GPU-Accelerated
|    Thermodynamic Integration"
|    J. Chem. Theory Comput., 2017, 13 (7), 3077
|
|
|--------------------------------------------------------
 
|------------------- GPU DEVICE INFO --------------------
|
|            CUDA_VISIBLE_DEVICES: 0
|   CUDA Capable Devices Detected:      1
|           CUDA Device ID in use:      0
|                CUDA Device Name: Tesla K80
|     CUDA Device Global Mem Size:  12206 MB
| CUDA Device Num Multiprocessors:     13
|           CUDA Device Core Freq:   0.82 GHz
|
|--------------------------------------------------------
 
 
| Conditional Compilation Defines Used:
| PUBFFT
| BINTRAJ
| CUDA
| EMIL

| Largest sphere to fit in unit cell has radius =    27.375

| New format PARM file being parsed.
| Version =    1.000 Date = 07/20/20 Time = 14:54:09

| Note: 1-4 EEL scale factors are being read from the topology file.

| Note: 1-4 VDW scale factors are being read from the topology file.
| Duplicated    0 dihedrals

| Duplicated    0 dihedrals

--------------------------------------------------------------------------------
   1.  RESOURCE   USE: 
--------------------------------------------------------------------------------

 getting box info from netcdf restart file
 NATOM  =      24 NTYPES =       6 NBONH =      16 MBONA  =       6
 NTHETH =      32 MTHETA =       4 NPHIH =      40 MPHIA  =       2
 NHPARM =       0 NPARM  =       0 NNB   =     102 NRES   =       2
 NBONA  =       6 NTHETA =       4 NPHIA =       2 NUMBND =       4
 NUMANG =       6 NPTRA  =       2 NATYP =       6 NPHB   =       1
 IFBOX  =       2 NMXRS  =      12 IFCAP =       0 NEXTRA =       0
 NCOPY  =       0

| Coordinate Index Table dimensions:    10   10   10
| Direct force subcell size =     6.7054    6.7054    6.7054

     BOX TYPE: TRUNCATED OCTAHEDRON

--------------------------------------------------------------------------------
   2.  CONTROL  DATA  FOR  THE  RUN
--------------------------------------------------------------------------------

default_name                                                                    

General flags:
     imin    =       0, nmropt  =       1

Nature and format of input:
     ntx     =       1, irest   =       0, ntrx    =       1

Nature and format of output:
     ntxo    =       2, ntpr    =    5000, ntrx    =       1, ntwr    =    5000
     iwrap   =       0, ntwx    =   10000, ntwv    =       0, ntwe    =       0
     ioutfm  =       1, ntwprt  =       0, idecomp =       0, rbornstat=      0

Potential function:
     ntf     =       2, ntb     =       1, igb     =       0, nsnb    =      25
     ipol    =       0, gbsa    =       0, iesp    =       0
     dielc   =   1.00000, cut     =  10.00000, intdiel =   1.00000

Frozen or restrained atoms:
     ibelly  =       0, ntr     =       0

Molecular dynamics:
     nstlim  =    100000, nscm    =      1000, nrespa  =         1
     t       =   0.00000, dt      =   0.00200, vlimit  =  -1.00000

Langevin dynamics temperature regulation:
     ig      =  125952
     temp0   = 300.00000, tempi   =   0.00000, gamma_ln=   2.00000

SHAKE:
     ntc     =       2, jfastw  =       0
     tol     =   0.00001

NMR refinement options:
     iscale  =       0, noeskp  =       1, ipnlty  =       1, mxsub   =       1
     scalm   = 100.00000, pencut  =   0.10000, tausw   =   0.10000

Free energy options:
     icfe    =       1, ifsc    =       0, klambda =       1
     clambda =  0.0479, scalpha =  0.5000, scbeta  = 12.0000
     sceeorder =       2
     dynlmb =  0.0000 logdvdl =       0

| Intermolecular bonds treatment:
|     no_intermolecular_bonds =       1

| Energy averages sample interval:
|     ene_avg_sampling =    5000

Ewald parameters:
     verbose =       0, ew_type =       0, nbflag  =       1, use_pme =       1
     vdwmeth =       1, eedmeth =       1, netfrc  =       1
     Box X =   67.054   Box Y =   67.054   Box Z =   67.054
     Alpha =  109.471   Beta  =  109.471   Gamma =  109.471
     NFFT1 =   64       NFFT2 =   64       NFFT3 =   64
     Cutoff=   10.000   Tol   =0.100E-04
     Ewald Coefficient =  0.27511
     Interpolation order =    4
     TI Mask 1 :1; matches     12 atoms
     TI Mask 2 :2; matches     12 atoms
     TI region 1:      12 atoms
     TI region 2:      12 atoms
Removing charge of      -0.6664 from atom      13
Removing charge of      -0.6664 from atom      14
Removing charge of      -0.0664 from atom      15
Removing charge of      -0.0664 from atom      16
Removing charge of       0.2792 from atom      17
Removing charge of       0.2802 from atom      18
Removing charge of       0.2802 from atom      19
Removing charge of       0.2792 from atom      20
Removing charge of       0.0898 from atom      21
Removing charge of       0.0837 from atom      22
Removing charge of       0.0898 from atom      23
Removing charge of       0.0837 from atom      24
Total charge of  -0.00000000 removed from      12 atoms
     Checking for mismatched coordinates.

--------------------------------------------------------------------------------
   3.  ATOMIC COORDINATES AND VELOCITIES
--------------------------------------------------------------------------------

default_name                                                                    
 begin time read from input coords =     0.000 ps



           Begin reading energy term weight changes/NMR restraints
 WEIGHT CHANGES:
 TEMP0         0  90000    0.000000  300.000000      0      0
 TEMP0     90001 100000  300.000000  300.000000      0      0
 DUMPFREQ  10000      0    0.000000    0.000000      0      0

 RESTRAINTS:
                          ** No restraint defined **

                  Done reading weight changes/NMR restraints


 
 Number of triangulated 3-point waters found:        0

     Sum of charges for TI region  1 =  -0.00000000
     Forcing neutrality...


     Sum of charges for TI region  2 =   0.00000000
     Forcing neutrality...

| Dynamic Memory, Types Used:
| Reals              144505
| Integers             2423

| Nonbonded Pairs Initial Allocation:        7259

| GPU memory information (estimate):
| KB of GPU memory in use:         0
| KB of CPU memory in use:         0

--------------------------------------------------------------------------------
   4.  RESULTS
--------------------------------------------------------------------------------


| TI region  1


 NSTEP =        0   TIME(PS) =       0.000  TEMP(K) =     0.00  PRESS =     0.0
 Etot   =        13.2024  EKtot   =         0.0000  EPtot      =        13.2024
 BOND   =         0.0211  ANGLE   =         0.1290  DIHED      =         0.3744
 1-4 NB =         0.3913  1-4 EEL =        38.5103  VDWAALS    =        -0.0880
 EELEC  =       -26.1356  EHBOND  =         0.0000  RESTRAINT  =         0.0000
 DV/DL  =       -12.9978
 ------------------------------------------------------------------------------


| TI region  2


 NSTEP =        0   TIME(PS) =       0.000  TEMP(K) =     0.00  PRESS =     0.0
 Etot   =        13.2024  EKtot   =         0.0000  EPtot      =        13.2024
 BOND   =         0.0211  ANGLE   =         0.1290  DIHED      =         0.3744
 1-4 NB =         0.3913  1-4 EEL =        38.5103  VDWAALS    =        -0.0880
 EELEC  =       -26.1356  EHBOND  =         0.0000  RESTRAINT  =         0.0000
 DV/DL  =       -12.9978
 ------------------------------------------------------------------------------

 NMR restraints: Bond =    0.000   Angle =     0.000   Torsion =     0.000
===============================================================================

| TI region  1


 NSTEP =     5000   TIME(PS) =      10.000  TEMP(K) =    19.85  PRESS =     0.0
 Etot   =        14.0175  EKtot   =         0.5524  EPtot      =        13.4651
 BOND   =         0.0093  ANGLE   =         0.3980  DIHED      =         0.2409
 1-4 NB =         0.4045  1-4 EEL =        38.9064  VDWAALS    =        -0.0901
 EELEC  =       -26.4039  EHBOND  =         0.0000  RESTRAINT  =         0.0000
 DV/DL  =       -13.1321
 ------------------------------------------------------------------------------


| TI region  2


 NSTEP =     5000   TIME(PS) =      10.000  TEMP(K) =    19.85  PRESS =     0.0
 Etot   =        14.0175  EKtot   =         0.5524  EPtot      =        13.4651
 BOND   =         0.0093  ANGLE   =         0.3980  DIHED      =         0.2409
 1-4 NB =         0.4045  1-4 EEL =        38.9064  VDWAALS    =        -0.0901
 EELEC  =       -26.4039  EHBOND  =         0.0000  RESTRAINT  =         0.0000
 DV/DL  =       -13.1321
 ------------------------------------------------------------------------------

 NMR restraints: Bond =    0.000   Angle =     0.000   Torsion =     0.000
===============================================================================

| TI region  1


 NSTEP =    10000   TIME(PS) =      20.000  TEMP(K) =    21.26  PRESS =     0.0
 Etot   =        14.6652  EKtot   =         0.5915  EPtot      =        14.0737
 BOND   =         0.1278  ANGLE   =         0.7952  DIHED      =         0.3275
 1-4 NB =         0.5053  1-4 EEL =        37.8772  VDWAALS    =        -0.0872
 EELEC  =       -25.4720  EHBOND  =         0.0000  RESTRAINT  =         0.0000
 DV/DL  =       -13.0298
 ------------------------------------------------------------------------------


| TI region  2


 NSTEP =    10000   TIME(PS) =      20.000  TEMP(K) =    21.26  PRESS =     0.0
 Etot   =        14.6652  EKtot   =         0.5915  EPtot      =        14.0737
 BOND   =         0.1278  ANGLE   =         0.7952  DIHED      =         0.3275
 1-4 NB =         0.5053  1-4 EEL =        37.8772  VDWAALS    =        -0.0872
 EELEC  =       -25.4720  EHBOND  =         0.0000  RESTRAINT  =         0.0000
 DV/DL  =       -13.0298
 ------------------------------------------------------------------------------

 NMR restraints: Bond =    0.000   Angle =     0.000   Torsion =     0.000
===============================================================================

| TI region  1


 NSTEP =    15000   TIME(PS) =      30.000  TEMP(K) =    40.79  PRESS =     0.0
 Etot   =        15.7091  EKtot   =         1.1349  EPtot      =        14.5742
 BOND   =         0.2856  ANGLE   =         1.3478  DIHED      =         0.6594
 1-4 NB =         0.3074  1-4 EEL =        38.4559  VDWAALS    =        -0.0891
 EELEC  =       -26.3929  EHBOND  =         0.0000  RESTRAINT  =         0.0000
 DV/DL  =       -12.6705
 ------------------------------------------------------------------------------


| TI region  2


 NSTEP =    15000   TIME(PS) =      30.000  TEMP(K) =    40.79  PRESS =     0.0
 Etot   =        15.7091  EKtot   =         1.1349  EPtot      =        14.5742
 BOND   =         0.2856  ANGLE   =         1.3478  DIHED      =         0.6594
 1-4 NB =         0.3074  1-4 EEL =        38.4559  VDWAALS    =        -0.0891
 EELEC  =       -26.3929  EHBOND  =         0.0000  RESTRAINT  =         0.0000
 DV/DL  =       -12.6705
 ------------------------------------------------------------------------------

 NMR restraints: Bond =    0.000   Angle =     0.000   Torsion =     0.000
===============================================================================

| TI region  1


 NSTEP =    20000   TIME(PS) =      40.000  TEMP(K) =    51.73  PRESS =     0.0
 Etot   =        16.1595  EKtot   =         1.4392  EPtot      =        14.7204
 BOND   =         0.1440  ANGLE   =         1.6656  DIHED      =         0.4401
 1-4 NB =         0.2666  1-4 EEL =        37.0389  VDWAALS    =        -0.0761
 EELEC  =       -24.7587  EHBOND  =         0.0000  RESTRAINT  =         0.0000
 DV/DL  =       -12.8985
 ------------------------------------------------------------------------------


| TI region  2


 NSTEP =    20000   TIME(PS) =      40.000  TEMP(K) =    51.73  PRESS =     0.0
 Etot   =        16.1595  EKtot   =         1.4392  EPtot      =        14.7204
 BOND   =         0.1440  ANGLE   =         1.6656  DIHED      =         0.4401
 1-4 NB =         0.2666  1-4 EEL =        37.0389  VDWAALS    =        -0.0761
 EELEC  =       -24.7587  EHBOND  =         0.0000  RESTRAINT  =         0.0000
 DV/DL  =       -12.8985
 ------------------------------------------------------------------------------

 NMR restraints: Bond =    0.000   Angle =     0.000   Torsion =     0.000
===============================================================================

| TI region  1


 NSTEP =    25000   TIME(PS) =      50.000  TEMP(K) =    51.84  PRESS =     0.0
 Etot   =        17.1457  EKtot   =         1.4424  EPtot      =        15.7034
 BOND   =         0.4946  ANGLE   =         1.7667  DIHED      =         0.4772
 1-4 NB =         0.3354  1-4 EEL =        38.4530  VDWAALS    =        -0.0915
 EELEC  =       -25.7320  EHBOND  =         0.0000  RESTRAINT  =         0.0000
 DV/DL  =       -13.3616
 ------------------------------------------------------------------------------


| TI region  2


 NSTEP =    25000   TIME(PS) =      50.000  TEMP(K) =    51.84  PRESS =     0.0
 Etot   =        17.1457  EKtot   =         1.4424  EPtot      =        15.7034
 BOND   =         0.4946  ANGLE   =         1.7667  DIHED      =         0.4772
 1-4 NB =         0.3354  1-4 EEL =        38.4530  VDWAALS    =        -0.0915
 EELEC  =       -25.7320  EHBOND  =         0.0000  RESTRAINT  =         0.0000
 DV/DL  =       -13.3616
 ------------------------------------------------------------------------------

 NMR restraints: Bond =    0.000   Angle =     0.000   Torsion =     0.000
===============================================================================

| TI region  1


 NSTEP =    30000   TIME(PS) =      60.000  TEMP(K) =   128.11  PRESS =     0.0
 Etot   =        18.9670  EKtot   =         3.5641  EPtot      =        15.4029
 BOND   =         0.5263  ANGLE   =         1.9661  DIHED      =         0.4487
 1-4 NB =         0.1286  1-4 EEL =        36.6479  VDWAALS    =        -0.0660
 EELEC  =       -24.2486  EHBOND  =         0.0000  RESTRAINT  =         0.0000
 DV/DL  =       -13.0236
 ------------------------------------------------------------------------------


| TI region  2


 NSTEP =    30000   TIME(PS) =      60.000  TEMP(K) =   128.11  PRESS =     0.0
 Etot   =        18.9670  EKtot   =         3.5641  EPtot      =        15.4029
 BOND   =         0.5263  ANGLE   =         1.9661  DIHED      =         0.4487
 1-4 NB =         0.1286  1-4 EEL =        36.6479  VDWAALS    =        -0.0660
 EELEC  =       -24.2486  EHBOND  =         0.0000  RESTRAINT  =         0.0000
 DV/DL  =       -13.0236
 ------------------------------------------------------------------------------

 NMR restraints: Bond =    0.000   Angle =     0.000   Torsion =     0.000
===============================================================================

| TI region  1


 NSTEP =    35000   TIME(PS) =      70.000  TEMP(K) =   150.09  PRESS =     0.0
 Etot   =        19.6186  EKtot   =         4.1757  EPtot      =        15.4429
 BOND   =         0.1703  ANGLE   =         2.0455  DIHED      =         1.4165
 1-4 NB =         0.5262  1-4 EEL =        38.0409  VDWAALS    =        -0.0993
 EELEC  =       -26.6573  EHBOND  =         0.0000  RESTRAINT  =         0.0000
 DV/DL  =       -11.9568
 ------------------------------------------------------------------------------


| TI region  2


 NSTEP =    35000   TIME(PS) =      70.000  TEMP(K) =   150.09  PRESS =     0.0
 Etot   =        19.6186  EKtot   =         4.1757  EPtot      =        15.4429
 BOND   =         0.1703  ANGLE   =         2.0455  DIHED      =         1.4165
 1-4 NB =         0.5262  1-4 EEL =        38.0409  VDWAALS    =        -0.0993
 EELEC  =       -26.6573  EHBOND  =         0.0000  RESTRAINT  =         0.0000
 DV/DL  =       -11.9568
 ------------------------------------------------------------------------------

 NMR restraints: Bond =    0.000   Angle =     0.000   Torsion =     0.000
===============================================================================

| TI region  1


 NSTEP =    40000   TIME(PS) =      80.000  TEMP(K) =   146.10  PRESS =     0.0
 Etot   =        20.7040  EKtot   =         4.0645  EPtot      =        16.6395
 BOND   =         0.2152  ANGLE   =         2.9735  DIHED      =         1.0337
 1-4 NB =         0.4353  1-4 EEL =        39.0792  VDWAALS    =        -0.0947
 EELEC  =       -27.0028  EHBOND  =         0.0000  RESTRAINT  =         0.0000
 DV/DL  =       -12.6845
 ------------------------------------------------------------------------------


| TI region  2


 NSTEP =    40000   TIME(PS) =      80.000  TEMP(K) =   146.10  PRESS =     0.0
 Etot   =        20.7040  EKtot   =         4.0645  EPtot      =        16.6395
 BOND   =         0.2152  ANGLE   =         2.9735  DIHED      =         1.0337
 1-4 NB =         0.4353  1-4 EEL =        39.0792  VDWAALS    =        -0.0947
 EELEC  =       -27.0028  EHBOND  =         0.0000  RESTRAINT  =         0.0000
 DV/DL  =       -12.6845
 ------------------------------------------------------------------------------

 NMR restraints: Bond =    0.000   Angle =     0.000   Torsion =     0.000
===============================================================================

| TI region  1


 NSTEP =    45000   TIME(PS) =      90.000  TEMP(K) =   179.25  PRESS =     0.0
 Etot   =        21.6930  EKtot   =         4.9869  EPtot      =        16.7060
 BOND   =         0.0365  ANGLE   =         3.0544  DIHED      =         0.9256
 1-4 NB =         0.2167  1-4 EEL =        35.3275  VDWAALS    =        -0.0677
 EELEC  =       -22.7869  EHBOND  =         0.0000  RESTRAINT  =         0.0000
 DV/DL  =       -13.1721
 ------------------------------------------------------------------------------


| TI region  2


 NSTEP =    45000   TIME(PS) =      90.000  TEMP(K) =   179.25  PRESS =     0.0
 Etot   =        21.6930  EKtot   =         4.9869  EPtot      =        16.7060
 BOND   =         0.0365  ANGLE   =         3.0544  DIHED      =         0.9256
 1-4 NB =         0.2167  1-4 EEL =        35.3275  VDWAALS    =        -0.0677
 EELEC  =       -22.7869  EHBOND  =         0.0000  RESTRAINT  =         0.0000
 DV/DL  =       -13.1721
 ------------------------------------------------------------------------------

 NMR restraints: Bond =    0.000   Angle =     0.000   Torsion =     0.000
===============================================================================

| TI region  1


 NSTEP =    50000   TIME(PS) =     100.000  TEMP(K) =   140.05  PRESS =     0.0
 Etot   =        19.7336  EKtot   =         3.8964  EPtot      =        15.8372
 BOND   =         0.9582  ANGLE   =         1.5121  DIHED      =         0.9849
 1-4 NB =         0.4472  1-4 EEL =        36.9069  VDWAALS    =        -0.0831
 EELEC  =       -24.8890  EHBOND  =         0.0000  RESTRAINT  =         0.0000
 DV/DL  =       -12.6231
 ------------------------------------------------------------------------------


| TI region  2


 NSTEP =    50000   TIME(PS) =     100.000  TEMP(K) =   140.05  PRESS =     0.0
 Etot   =        19.7336  EKtot   =         3.8964  EPtot      =        15.8372
 BOND   =         0.9582  ANGLE   =         1.5121  DIHED      =         0.9849
 1-4 NB =         0.4472  1-4 EEL =        36.9069  VDWAALS    =        -0.0831
 EELEC  =       -24.8890  EHBOND  =         0.0000  RESTRAINT  =         0.0000
 DV/DL  =       -12.6231
 ------------------------------------------------------------------------------

 NMR restraints: Bond =    0.000   Angle =     0.000   Torsion =     0.000
===============================================================================

| TI region  1


 NSTEP =    55000   TIME(PS) =     110.000  TEMP(K) =   135.60  PRESS =     0.0
 Etot   =        20.4777  EKtot   =         3.7726  EPtot      =        16.7050
 BOND   =         0.8279  ANGLE   =         2.3262  DIHED      =         0.4056
 1-4 NB =         0.6840  1-4 EEL =        39.9312  VDWAALS    =        -0.0984
 EELEC  =       -27.3714  EHBOND  =         0.0000  RESTRAINT  =         0.0000
 DV/DL  =       -13.1923
 ------------------------------------------------------------------------------


| TI region  2


 NSTEP =    55000   TIME(PS) =     110.000  TEMP(K) =   135.60  PRESS =     0.0
 Etot   =        20.4777  EKtot   =         3.7726  EPtot      =        16.7050
 BOND   =         0.8279  ANGLE   =         2.3262  DIHED      =         0.4056
 1-4 NB =         0.6840  1-4 EEL =        39.9312  VDWAALS    =        -0.0984
 EELEC  =       -27.3714  EHBOND  =         0.0000  RESTRAINT  =         0.0000
 DV/DL  =       -13.1923
 ------------------------------------------------------------------------------

 NMR restraints: Bond =    0.000   Angle =     0.000   Torsion =     0.000
===============================================================================

| TI region  1


 NSTEP =    60000   TIME(PS) =     120.000  TEMP(K) =   122.04  PRESS =     0.0
 Etot   =        21.2416  EKtot   =         3.3952  EPtot      =        17.8464
 BOND   =         0.9974  ANGLE   =         3.1647  DIHED      =         0.4835
 1-4 NB =         0.7148  1-4 EEL =        39.5289  VDWAALS    =        -0.0970
 EELEC  =       -26.9459  EHBOND  =         0.0000  RESTRAINT  =         0.0000
 DV/DL  =       -13.2166
 ------------------------------------------------------------------------------


| TI region  2


 NSTEP =    60000   TIME(PS) =     120.000  TEMP(K) =   122.04  PRESS =     0.0
 Etot   =        21.2416  EKtot   =         3.3952  EPtot      =        17.8464
 BOND   =         0.9974  ANGLE   =         3.1647  DIHED      =         0.4835
 1-4 NB =         0.7148  1-4 EEL =        39.5289  VDWAALS    =        -0.0970
 EELEC  =       -26.9459  EHBOND  =         0.0000  RESTRAINT  =         0.0000
 DV/DL  =       -13.2166
 ------------------------------------------------------------------------------

 NMR restraints: Bond =    0.000   Angle =     0.000   Torsion =     0.000
===============================================================================

| TI region  1


 NSTEP =    65000   TIME(PS) =     130.000  TEMP(K) =   154.97  PRESS =     0.0
 Etot   =        22.1573  EKtot   =         4.3113  EPtot      =        17.8460
 BOND   =         0.0357  ANGLE   =         4.0325  DIHED      =         0.5185
 1-4 NB =         0.2897  1-4 EEL =        37.6962  VDWAALS    =        -0.0722
 EELEC  =       -24.6544  EHBOND  =         0.0000  RESTRAINT  =         0.0000
 DV/DL  =       -13.6985
 ------------------------------------------------------------------------------


| TI region  2


 NSTEP =    65000   TIME(PS) =     130.000  TEMP(K) =   154.97  PRESS =     0.0
 Etot   =        22.1573  EKtot   =         4.3113  EPtot      =        17.8460
 BOND   =         0.0357  ANGLE   =         4.0325  DIHED      =         0.5185
 1-4 NB =         0.2897  1-4 EEL =        37.6962  VDWAALS    =        -0.0722
 EELEC  =       -24.6544  EHBOND  =         0.0000  RESTRAINT  =         0.0000
 DV/DL  =       -13.6985
 ------------------------------------------------------------------------------

 NMR restraints: Bond =    0.000   Angle =     0.000   Torsion =     0.000
===============================================================================

| TI region  1


 NSTEP =    70000   TIME(PS) =     140.000  TEMP(K) =   268.54  PRESS =     0.0
 Etot   =        24.5900  EKtot   =         7.4711  EPtot      =        17.1189
 BOND   =         0.3034  ANGLE   =         2.8371  DIHED      =         0.4217
 1-4 NB =         0.1273  1-4 EEL =        37.5071  VDWAALS    =        -0.0606
 EELEC  =       -24.0171  EHBOND  =         0.0000  RESTRAINT  =         0.0000
 DV/DL  =       -14.1693
 ------------------------------------------------------------------------------


| TI region  2


 NSTEP =    70000   TIME(PS) =     140.000  TEMP(K) =   268.54  PRESS =     0.0
 Etot   =        24.5900  EKtot   =         7.4711  EPtot      =        17.1189
 BOND   =         0.3034  ANGLE   =         2.8371  DIHED      =         0.4217
 1-4 NB =         0.1273  1-4 EEL =        37.5071  VDWAALS    =        -0.0606
 EELEC  =       -24.0171  EHBOND  =         0.0000  RESTRAINT  =         0.0000
 DV/DL  =       -14.1693
 ------------------------------------------------------------------------------

 NMR restraints: Bond =    0.000   Angle =     0.000   Torsion =     0.000
===============================================================================

| TI region  1


 NSTEP =    75000   TIME(PS) =     150.000  TEMP(K) =   376.12  PRESS =     0.0
 Etot   =        31.7017  EKtot   =        10.4640  EPtot      =        21.2377
 BOND   =         2.2700  ANGLE   =         5.3800  DIHED      =         0.9983
 1-4 NB =         1.2130  1-4 EEL =        36.7583  VDWAALS    =        -0.1180
 EELEC  =       -25.2638  EHBOND  =         0.0000  RESTRAINT  =         0.0000
 DV/DL  =       -12.0732
 ------------------------------------------------------------------------------


| TI region  2


 NSTEP =    75000   TIME(PS) =     150.000  TEMP(K) =   376.12  PRESS =     0.0
 Etot   =        31.7017  EKtot   =        10.4640  EPtot      =        21.2377
 BOND   =         2.2700  ANGLE   =         5.3800  DIHED      =         0.9983
 1-4 NB =         1.2130  1-4 EEL =        36.7583  VDWAALS    =        -0.1180
 EELEC  =       -25.2638  EHBOND  =         0.0000  RESTRAINT  =         0.0000
 DV/DL  =       -12.0732
 ------------------------------------------------------------------------------

 NMR restraints: Bond =    0.000   Angle =     0.000   Torsion =     0.000
===============================================================================

| TI region  1


 NSTEP =    80000   TIME(PS) =     160.000  TEMP(K) =   240.34  PRESS =     0.0
 Etot   =        24.9639  EKtot   =         6.6864  EPtot      =        18.2775
 BOND   =         0.7974  ANGLE   =         5.2171  DIHED      =         0.5201
 1-4 NB =         0.2873  1-4 EEL =        37.6371  VDWAALS    =        -0.0935
 EELEC  =       -26.0880  EHBOND  =         0.0000  RESTRAINT  =         0.0000
 DV/DL  =       -12.1307
 ------------------------------------------------------------------------------


| TI region  2


 NSTEP =    80000   TIME(PS) =     160.000  TEMP(K) =   240.34  PRESS =     0.0
 Etot   =        24.9639  EKtot   =         6.6864  EPtot      =        18.2775
 BOND   =         0.7974  ANGLE   =         5.2171  DIHED      =         0.5201
 1-4 NB =         0.2873  1-4 EEL =        37.6371  VDWAALS    =        -0.0935
 EELEC  =       -26.0880  EHBOND  =         0.0000  RESTRAINT  =         0.0000
 DV/DL  =       -12.1307
 ------------------------------------------------------------------------------

 NMR restraints: Bond =    0.000   Angle =     0.000   Torsion =     0.000
===============================================================================

| TI region  1


 NSTEP =    85000   TIME(PS) =     170.000  TEMP(K) =   360.20  PRESS =     0.0
 Etot   =        29.3995  EKtot   =        10.0210  EPtot      =        19.3785
 BOND   =         0.0446  ANGLE   =         6.9493  DIHED      =         0.4023
 1-4 NB =         0.2190  1-4 EEL =        36.1444  VDWAALS    =        -0.0823
 EELEC  =       -24.2987  EHBOND  =         0.0000  RESTRAINT  =         0.0000
 DV/DL  =       -12.4422
 ------------------------------------------------------------------------------


| TI region  2


 NSTEP =    85000   TIME(PS) =     170.000  TEMP(K) =   360.20  PRESS =     0.0
 Etot   =        29.3995  EKtot   =        10.0210  EPtot      =        19.3785
 BOND   =         0.0446  ANGLE   =         6.9493  DIHED      =         0.4023
 1-4 NB =         0.2190  1-4 EEL =        36.1444  VDWAALS    =        -0.0823
 EELEC  =       -24.2987  EHBOND  =         0.0000  RESTRAINT  =         0.0000
 DV/DL  =       -12.4422
 ------------------------------------------------------------------------------

 NMR restraints: Bond =    0.000   Angle =     0.000   Torsion =     0.000
===============================================================================

| TI region  1


 NSTEP =    90000   TIME(PS) =     180.000  TEMP(K) =   316.78  PRESS =     0.0
 Etot   =        29.2164  EKtot   =         8.8129  EPtot      =        20.4035
 BOND   =         0.2915  ANGLE   =         5.7154  DIHED      =         1.7106
 1-4 NB =         0.3210  1-4 EEL =        34.2042  VDWAALS    =        -0.1220
 EELEC  =       -21.7172  EHBOND  =         0.0000  RESTRAINT  =         0.0000
 DV/DL  =       -13.1157
 ------------------------------------------------------------------------------


| TI region  2


 NSTEP =    90000   TIME(PS) =     180.000  TEMP(K) =   316.78  PRESS =     0.0
 Etot   =        29.2164  EKtot   =         8.8129  EPtot      =        20.4035
 BOND   =         0.2915  ANGLE   =         5.7154  DIHED      =         1.7106
 1-4 NB =         0.3210  1-4 EEL =        34.2042  VDWAALS    =        -0.1220
 EELEC  =       -21.7172  EHBOND  =         0.0000  RESTRAINT  =         0.0000
 DV/DL  =       -13.1157
 ------------------------------------------------------------------------------

 NMR restraints: Bond =    0.000   Angle =     0.000   Torsion =     0.000
===============================================================================

| TI region  1


 NSTEP =    95000   TIME(PS) =     190.000  TEMP(K) =   592.62  PRESS =     0.0
 Etot   =        34.6102  EKtot   =        16.4871  EPtot      =        18.1231
 BOND   =         1.0740  ANGLE   =         4.2603  DIHED      =         0.7774
 1-4 NB =         0.4826  1-4 EEL =        35.1827  VDWAALS    =        -0.1107
 EELEC  =       -23.5433  EHBOND  =         0.0000  RESTRAINT  =         0.0000
 DV/DL  =       -12.2255
 ------------------------------------------------------------------------------


| TI region  2


 NSTEP =    95000   TIME(PS) =     190.000  TEMP(K) =   592.62  PRESS =     0.0
 Etot   =        34.6102  EKtot   =        16.4871  EPtot      =        18.1231
 BOND   =         1.0740  ANGLE   =         4.2603  DIHED      =         0.7774
 1-4 NB =         0.4826  1-4 EEL =        35.1827  VDWAALS    =        -0.1107
 EELEC  =       -23.5433  EHBOND  =         0.0000  RESTRAINT  =         0.0000
 DV/DL  =       -12.2255
 ------------------------------------------------------------------------------

 NMR restraints: Bond =    0.000   Angle =     0.000   Torsion =     0.000
===============================================================================

| TI region  1


 NSTEP =   100000   TIME(PS) =     200.000  TEMP(K) =   248.47  PRESS =     0.0
 Etot   =        30.6176  EKtot   =         6.9125  EPtot      =        23.7051
 BOND   =         3.4516  ANGLE   =         5.1035  DIHED      =         2.9884
 1-4 NB =         0.2017  1-4 EEL =        37.0864  VDWAALS    =        -0.1419
 EELEC  =       -24.9846  EHBOND  =         0.0000  RESTRAINT  =         0.0000
 DV/DL  =       -12.7111
 ------------------------------------------------------------------------------


| TI region  2


 NSTEP =   100000   TIME(PS) =     200.000  TEMP(K) =   248.47  PRESS =     0.0
 Etot   =        30.6176  EKtot   =         6.9125  EPtot      =        23.7051
 BOND   =         3.4516  ANGLE   =         5.1035  DIHED      =         2.9884
 1-4 NB =         0.2017  1-4 EEL =        37.0864  VDWAALS    =        -0.1419
 EELEC  =       -24.9846  EHBOND  =         0.0000  RESTRAINT  =         0.0000
 DV/DL  =       -12.7111
 ------------------------------------------------------------------------------

 NMR restraints: Bond =    0.000   Angle =     0.000   Torsion =     0.000
===============================================================================

| TI region  1


      A V E R A G E S   O V E R      20 S T E P S


 NSTEP =   100000   TIME(PS) =     200.000  TEMP(K) =   187.24  PRESS =     0.0
 Etot   =        22.3695  EKtot   =         5.2091  EPtot      =        17.1604
 BOND   =         0.6531  ANGLE   =         3.1255  DIHED      =         0.8090
 1-4 NB =         0.4057  1-4 EEL =        37.4205  VDWAALS    =        -0.0921
 EELEC  =       -25.1614  EHBOND  =         0.0000  RESTRAINT  =         0.0000
 DV/DL  =       -12.8764
 ------------------------------------------------------------------------------

 NMR restraints: Bond =    0.000   Angle =     0.000   Torsion =     0.000
===============================================================================

      R M S  F L U C T U A T I O N S


 NSTEP =   100000   TIME(PS) =     200.000  TEMP(K) =   139.72  PRESS =     0.0
 Etot   =         5.8586  EKtot   =         3.8870  EPtot      =         2.4943
 BOND   =         0.8313  ANGLE   =         1.7703  DIHED      =         0.6232
 1-4 NB =         0.2442  1-4 EEL =         1.4403  VDWAALS    =         0.0196
 EELEC  =         1.4419  EHBOND  =         0.0000  RESTRAINT  =         0.0000
 DV/DL  =         0.5424
 ------------------------------------------------------------------------------


| TI region  2


      A V E R A G E S   O V E R      20 S T E P S


 NSTEP =   100000   TIME(PS) =     200.000  TEMP(K) =   187.24  PRESS =     0.0
 Etot   =        22.3695  EKtot   =         5.2091  EPtot      =        17.1604
 BOND   =         0.6531  ANGLE   =         3.1255  DIHED      =         0.8090
 1-4 NB =         0.4057  1-4 EEL =        37.4205  VDWAALS    =        -0.0921
 EELEC  =       -25.1614  EHBOND  =         0.0000  RESTRAINT  =         0.0000
 DV/DL  =       -12.8764
 ------------------------------------------------------------------------------

 NMR restraints: Bond =    0.000   Angle =     0.000   Torsion =     0.000
===============================================================================

      R M S  F L U C T U A T I O N S


 NSTEP =   100000   TIME(PS) =     200.000  TEMP(K) =   139.72  PRESS =     0.0
 Etot   =         5.8586  EKtot   =         3.8870  EPtot      =         2.4943
 BOND   =         0.8313  ANGLE   =         1.7703  DIHED      =         0.6232
 1-4 NB =         0.2442  1-4 EEL =         1.4403  VDWAALS    =         0.0196
 EELEC  =         1.4419  EHBOND  =         0.0000  RESTRAINT  =         0.0000
 DV/DL  =         0.5424
 ------------------------------------------------------------------------------


      DV/DL, AVERAGES OVER      20 STEPS


 NSTEP =   100000   TIME(PS) =     200.000  TEMP(K) =   139.72  PRESS =     0.0
 Etot   =         0.0000  EKtot   =         0.0000  EPtot      =       -12.8764
 BOND   =         0.0000  ANGLE   =         0.0000  DIHED      =         0.0000
 1-4 NB =         0.0000  1-4 EEL =       -39.3048  VDWAALS    =         0.0000
 EELEC  =        26.4284  EHBOND  =         0.0000  RESTRAINT  =         0.0000
 DV/DL  =       -12.8764
 ------------------------------------------------------------------------------


 NMR restraints on final step:

--------------------------------------------------------------------------------
   5.  TIMINGS
--------------------------------------------------------------------------------

|  NonSetup CPU Time in Major Routines:
|
|     Routine           Sec        %
|     ------------------------------
|     Nonbond          24.80   35.89
|     Bond              0.00    0.00
|     Angle             0.00    0.00
|     Dihedral          0.00    0.00
|     Shake             0.72    1.05
|     RunMD            43.32   62.68
|     Other             0.26    0.38
|     ------------------------------
|     Total            69.11

|  PME Nonbond Pairlist CPU Time:
|
|     Routine              Sec        %
|     ---------------------------------
|     Set Up Cit           0.00    0.00
|     Build List           0.00    0.00
|     ---------------------------------
|     Total                0.00    0.00

|  PME Direct Force CPU Time:
|
|     Routine              Sec        %
|     ---------------------------------
|     NonBonded Calc       0.00    0.00
|     Exclude Masked       0.00    0.00
|     Other                0.19    0.27
|     ---------------------------------
|     Total                0.19    0.27

|  PME Reciprocal Force CPU Time:
|
|     Routine              Sec        %
|     ---------------------------------
|     1D bspline           0.00    0.00
|     Grid Charges         0.00    0.00
|     Scalar Sum           0.00    0.00
|     Gradient Sum         0.00    0.00
|     FFT                  0.00    0.00
|     ---------------------------------
|     Total                0.00    0.00

|  Final Performance Info:
|     -----------------------------------------------------
|     Average timings for last   10000 steps:
|     Elapsed(s) =       6.93 Per Step(ms) =       0.69
|         ns/day =     249.33   seconds/ns =     346.53
|
|     Average timings for all steps:
|     Elapsed(s) =      69.19 Per Step(ms) =       0.69
|         ns/day =     249.76   seconds/ns =     345.94
|     -----------------------------------------------------

|  Setup CPU time:            0.42 seconds
|  NonSetup CPU time:        69.11 seconds
|  Total CPU time:           69.53 seconds     0.02 hours

|  Setup wall time:           1    seconds
|  NonSetup wall time:       69    seconds
|  Total wall time:          70    seconds     0.02 hours
